=== Log Session Started: 2025-11-03T02:26:08.263Z ===
Node Version: v23.7.0
Platform: darwin
Working Directory: /Users/nathanielstoddard/chainreact-app/chainreact-app-9e
================================================================================

[2025-11-03T02:26:08.263Z] [INFO   ] File logging initialized
[2025-11-03T02:26:08.264Z] [INFO   ] Log file: /Users/nathanielstoddard/chainreact-app/chainreact-app-9e/logs/workflow_2025-11-02_20-26-08.log
[2025-11-03T02:26:08.298Z] [INFO   ] Deleted old log file: workflow_2025-10-26_16-40-12.log
[2025-11-03T02:26:08.314Z] [INFO   ] Deleted old log file: workflow_2025-10-26_16-18-23.log
[2025-11-03T02:26:08.314Z] [INFO   ] 📁 File logging enabled
[2025-11-03T02:26:08.314Z] [INFO   ] 📝 Logs will be written to: /Users/nathanielstoddard/chainreact-app/chainreact-app-9e/logs/workflow_2025-11-02_20-26-08.log
[2025-11-03T02:26:08.314Z] [INFO   ] 💡 To view logs in real-time: tail -f /Users/nathanielstoddard/chainreact-app/chainreact-app-9e/logs/workflow_2025-11-02_20-26-08.log
[2025-11-03T02:26:08.314Z] [INFO   ] 💡 To view all logs: cat /Users/nathanielstoddard/chainreact-app/chainreact-app-9e/logs/workflow_2025-11-02_20-26-08.log
[2025-11-03T02:26:08.314Z] [INFO   ] 💡 To share logs: Copy the file at /Users/nathanielstoddard/chainreact-app/chainreact-app-9e/logs/workflow_2025-11-02_20-26-08.log
[2025-11-03T02:26:08.314Z] [INFO   ] --------------------------------------------------------------------------------
[2025-11-03T02:26:08.314Z] [DEBUG  ] 📁 File logging system initialized
[2025-11-03T02:26:08.323Z] [INFO   ]  [32m[1m✓[22m[39m Ready in 3.7s
[2025-11-03T02:26:08.867Z] [INFO   ]  [37m[1m○[22m[39m Compiling /api/integrations ...
[2025-11-03T02:26:09.224Z] [INFO   ]  [32m[1m✓[22m[39m Compiled /api/integrations in 878ms (3350 modules)
[2025-11-03T02:26:09.315Z] [INFO   ] 2025-11-03T02:26:09.315Z [DEBUG] 🤖 Discord bot configured, initializing gateway connection in background...
[2025-11-03T02:26:11.459Z] [INFO   ] 2025-11-03T02:26:11.459Z [DEBUG] Initializing Discord Gateway connection (singleton)...
[2025-11-03T02:26:11.459Z] [INFO   ] 2025-11-03T02:26:11.459Z [DEBUG] 🔑 Discord bot token loaded
[2025-11-03T02:26:11.650Z] [INFO   ] 2025-11-03T02:26:11.650Z [DEBUG] 📍 [API /api/integrations] GET request received {"timestamp":"2025-11-03T02:26:11.650Z","url":"http://localhost:3000/api/integrations?workspace_type=personal"}
[2025-11-03T02:26:11.993Z] [INFO   ] 2025-11-03T02:26:11.993Z [DEBUG] Discord Gateway initialization complete
[2025-11-03T02:26:11.994Z] [INFO   ] 2025-11-03T02:26:11.994Z [DEBUG] ✅ Discord bot gateway connection initialized
[2025-11-03T02:26:12.044Z] [INFO   ] 2025-11-03T02:26:12.044Z [DEBUG] [API /api/workflows] GET request {"filterContext":"ALL (unified view)","workspaceId":null,"userId":"a3e3a51a-175c-4b59-ad03-227ba12a18b0"}
[2025-11-03T02:26:12.054Z] [INFO   ] 2025-11-03T02:26:12.054Z [DEBUG] ✅ [API /api/integrations] User authenticated {"userId":"a3e3a51a-175c-4b59-ad03-227ba12a18b0"}
[2025-11-03T02:26:12.054Z] [INFO   ] 2025-11-03T02:26:12.054Z [DEBUG] 🏠 [API /api/integrations] Workspace context {"workspaceType":"personal","workspaceId":null}
[2025-11-03T02:26:12.105Z] [INFO   ] 2025-11-03T02:26:12.105Z [DEBUG] [Middleware] Username check: {"path":"/workflows/v2/api/flows/07b043e3-7226-41a5-8557-05234890543f/revisions","userId":"a3e3a51a-175c-4b59-ad03-227ba12a18b0","provider":"email","role":"free","username":"nstoddard17","hasUsername":true,"isBetaTester":false,"isNewBetaUser":false,"accountAge":13570084706}
[2025-11-03T02:26:12.184Z] [INFO   ] 2025-11-03T02:26:12.184Z [DEBUG] 📊 [API /api/integrations] Query result {"workspaceType":"personal","workspaceId":null,"count":14,"error":null}
[2025-11-03T02:26:12.184Z] [INFO   ] 2025-11-03T02:26:12.184Z [DEBUG] ✅ [API /api/integrations] Returning integrations {"count":14,"workspaceType":"personal"}
[2025-11-03T02:26:12.188Z] [INFO   ] 2025-11-03T02:26:12.188Z [DEBUG] Discord Gateway WebSocket connection established
[2025-11-03T02:26:12.189Z] [INFO   ] 2025-11-03T02:26:12.189Z [DEBUG] 🔑 Sending identify with intents: {"GUILDS":true,"GUILD_MEMBERS":true,"GUILD_INVITES":true,"GUILD_MESSAGES":true,"MESSAGE_CONTENT":true,"intentsValue":33347}
[2025-11-03T02:26:12.338Z] [INFO   ] 2025-11-03T02:26:12.338Z [DEBUG] 🎉 Discord bot ready! {"sessionId":"284f4d13efa25f375718cf0ecfbe98c9","username":"ChainReact-Bot","userId":"1378595955212812308","guildCount":2}
[2025-11-03T02:26:12.338Z] [INFO   ] 2025-11-03T02:26:12.338Z [DEBUG] 📋 Initializing invite cache...
[2025-11-03T02:26:12.340Z] [INFO   ] 2025-11-03T02:26:12.340Z [DEBUG] 📡 Discord event received: GUILD_CREATE
[2025-11-03T02:26:12.354Z] [INFO   ] 2025-11-03T02:26:12.353Z [DEBUG] 📡 Discord event received: GUILD_CREATE
[2025-11-03T02:26:12.381Z] [INFO   ] 2025-11-03T02:26:12.381Z [DEBUG] [API /api/workflows] Query result {"filterContext":"ALL","count":13,"error":null}
[2025-11-03T02:26:12.690Z] [INFO   ]  [37m[1m○[22m[39m Compiling /workflows/v2/api/flows/[flowId]/revisions ...
[2025-11-03T02:26:12.696Z] [INFO   ] 2025-11-03T02:26:12.696Z [DEBUG] ✅ Cached 3 invites for guild 1378950884045623406
[2025-11-03T02:26:12.861Z] [INFO   ]  [32m[1m✓[22m[39m Compiled /workflows/v2/api/flows/[flowId]/revisions in 771ms (2927 modules)
[2025-11-03T02:26:13.278Z] [INFO   ]  [32m[1m✓[22m[39m Compiled in 185ms (192 modules)
[2025-11-03T02:26:14.175Z] [INFO   ] 2025-11-03T02:26:14.175Z [DEBUG] [Middleware] Username check: {"path":"/workflows/v2/api/flows/07b043e3-7226-41a5-8557-05234890543f/revisions/ea0e8454-f1c3-4658-a266-90c3960e3320","userId":"a3e3a51a-175c-4b59-ad03-227ba12a18b0","provider":"email","role":"free","username":"nstoddard17","hasUsername":true,"isBetaTester":false,"isNewBetaUser":false,"accountAge":13570086776}
[2025-11-03T02:26:14.417Z] [INFO   ]  [32m[1m✓[22m[39m Compiled /workflows/v2/api/flows/[flowId]/revisions/[revisionId] in 211ms (3175 modules)
[2025-11-03T02:26:15.128Z] [INFO   ] 2025-11-03T02:26:15.128Z [DEBUG] [Middleware] Username check: {"path":"/workflows/v2/api/flows/07b043e3-7226-41a5-8557-05234890543f/edits","userId":"a3e3a51a-175c-4b59-ad03-227ba12a18b0","provider":"email","role":"free","username":"nstoddard17","hasUsername":true,"isBetaTester":false,"isNewBetaUser":false,"accountAge":13570087729}
[2025-11-03T02:26:15.564Z] [INFO   ]  [37m[1m○[22m[39m Compiling /workflows/v2/api/flows/[flowId]/edits ...
[2025-11-03T02:26:15.843Z] [INFO   ]  [32m[1m✓[22m[39m Compiled /workflows/v2/api/flows/[flowId]/edits in 778ms (3436 modules)
[2025-11-03T02:26:16.113Z] [INFO   ] 2025-11-03T02:26:16.112Z [DEBUG] 📍 [API /api/integrations] GET request received {"timestamp":"2025-11-03T02:26:16.112Z","url":"http://localhost:3000/api/integrations"}
[2025-11-03T02:26:16.195Z] [INFO   ] 2025-11-03T02:26:16.195Z [DEBUG] ✅ [API /api/integrations] User authenticated {"userId":"a3e3a51a-175c-4b59-ad03-227ba12a18b0"}
[2025-11-03T02:26:16.195Z] [INFO   ] 2025-11-03T02:26:16.195Z [DEBUG] 🏠 [API /api/integrations] Workspace context {"workspaceType":"personal","workspaceId":null}
[2025-11-03T02:26:16.273Z] [INFO   ] 2025-11-03T02:26:16.273Z [DEBUG] 📊 [API /api/integrations] Query result {"workspaceType":"personal","workspaceId":null,"count":14,"error":null}
[2025-11-03T02:26:16.274Z] [INFO   ] 2025-11-03T02:26:16.274Z [DEBUG] ✅ [API /api/integrations] Returning integrations {"count":14,"workspaceType":"personal"}
[2025-11-03T02:26:16.311Z] [INFO   ] 2025-11-03T02:26:16.311Z [DEBUG] 📍 [API /api/integrations] GET request received {"timestamp":"2025-11-03T02:26:16.311Z","url":"http://localhost:3000/api/integrations"}
[2025-11-03T02:26:16.399Z] [INFO   ] 2025-11-03T02:26:16.399Z [DEBUG] ✅ [API /api/integrations] User authenticated {"userId":"a3e3a51a-175c-4b59-ad03-227ba12a18b0"}
[2025-11-03T02:26:16.399Z] [INFO   ] 2025-11-03T02:26:16.399Z [DEBUG] 🏠 [API /api/integrations] Workspace context {"workspaceType":"personal","workspaceId":null}
[2025-11-03T02:26:16.497Z] [INFO   ] 2025-11-03T02:26:16.497Z [DEBUG] 📊 [API /api/integrations] Query result {"workspaceType":"personal","workspaceId":null,"count":14,"error":null}
[2025-11-03T02:26:16.497Z] [INFO   ] 2025-11-03T02:26:16.497Z [DEBUG] ✅ [API /api/integrations] Returning integrations {"count":14,"workspaceType":"personal"}
[2025-11-03T02:26:17.410Z] [INFO   ]  [37m[1m○[22m[39m Compiling /api/integrations/slack/data ...
[2025-11-03T02:26:17.436Z] [INFO   ]  [32m[1m✓[22m[39m Compiled /api/integrations/slack/data in 543ms (3456 modules)
[2025-11-03T02:26:17.508Z] [INFO   ] 2025-11-03T02:26:17.508Z [DEBUG] 🔍 [Gmail Data API] Request: {"integrationId":"610e4069-9323-4f4c-a80a-a5e56b700c1f","dataType":"gmail_labels","options":{}}
[2025-11-03T02:26:17.508Z] [INFO   ] 2025-11-03T02:26:17.508Z [DEBUG] 🔍 [Gmail Data API] Request: {"integrationId":"610e4069-9323-4f4c-a80a-a5e56b700c1f","dataType":"gmail-recent-recipients","options":{}}
[2025-11-03T02:26:17.583Z] [INFO   ] 2025-11-03T02:26:17.583Z [DEBUG] 🚀 [Gmail Data API] Executing handler for: gmail_labels
[2025-11-03T02:26:17.587Z] [INFO   ] 2025-11-03T02:26:17.587Z [DEBUG] 🚀 [Gmail Data API] Executing handler for: gmail-recent-recipients
[2025-11-03T02:26:17.588Z] [INFO   ] 2025-11-03T02:26:17.588Z [DEBUG] 🚀 [Gmail API] Fetching fresh enhanced recipients
[2025-11-03T02:26:17.588Z] [INFO   ] 2025-11-03T02:26:17.588Z [DEBUG] 🔍 [Gmail API] Integration scopes: ["https://www.googleapis.com/auth/calendar","https://www.googleapis.com/auth/spreadsheets","https://www.googleapis.com/auth/gmail.modify","https://www.googleapis.com/auth/documents","https://www.googleapis.com/auth/userinfo.profile","https://www.googleapis.com/auth/drive","https://www.googleapis.com/auth/gmail.settings.sharing","https://www.googleapis.com/auth/drive.readonly","https://www.googleapis.com/auth/userinfo.email","openid","https://www.googleapis.com/auth/contacts.readonly","https://www.googleapis.com/auth/gmail.settings.basic"]
[2025-11-03T02:26:17.588Z] [INFO   ] 2025-11-03T02:26:17.588Z [DEBUG] 📇 [Gmail API] Attempting to fetch Google Contacts...
[2025-11-03T02:26:17.692Z] [INFO   ] 2025-11-03T02:26:17.692Z [DEBUG] 🔍 [Slack API] Integration status check: {"integrationId":"4386d41f-07dd-4e5d-ae50-417fdbcf0974","status":"connected","hasAccessToken":true,"tokenLength":161,"tokenFormat":"encrypted","provider":"slack","userId":"a3e3a51a-175c-4b59-ad03-227ba12a18b0"}
[2025-11-03T02:26:17.693Z] [INFO   ] 2025-11-03T02:26:17.693Z [DEBUG] 🔐 [Slack API] Token decryption result: {"integrationId":"4386d41f-07dd-4e5d-ae50-417fdbcf0974","originalTokenLength":161,"decryptedTokenLength":57,"tokenStartsWith":"xoxb-89800","isValidFormat":true}
[2025-11-03T02:26:17.693Z] [INFO   ] 2025-11-03T02:26:17.693Z [DEBUG] 🔍 [Slack API] Processing request: {"integrationId":"4386d41f-07dd-4e5d-ae50-417fdbcf0974","dataType":"slack_channels","status":"connected","hasToken":true}
[2025-11-03T02:26:17.693Z] [INFO   ] 2025-11-03T02:26:17.693Z [DEBUG] 💬 [Slack Channels] Fetching channels
[2025-11-03T02:26:17.871Z] [INFO   ] 2025-11-03T02:26:17.871Z [DEBUG] ✅ [Gmail API] Found 4 contacts from Google Contacts
[2025-11-03T02:26:17.871Z] [INFO   ] 2025-11-03T02:26:17.871Z [DEBUG] 👥 [Gmail API] Contacts raw preview: [{"names":["Nathaniel Stoddard"],"emails":[]},{"names":["SGT Aguilar"],"emails":[]},{"names":["Sponsee A1C Simona Gamble"],"emails":[]},{"names":["Rob"],"emails":[]}]
[2025-11-03T02:26:17.871Z] [INFO   ] 2025-11-03T02:26:17.871Z [DEBUG] 📬 [Gmail API] Contacts returned: []
[2025-11-03T02:26:17.871Z] [INFO   ] 2025-11-03T02:26:17.871Z [DEBUG] 📧 [Gmail API] Fetching recent email recipients from sent and received...
[2025-11-03T02:26:17.937Z] [INFO   ] 2025-11-03T02:26:17.937Z [DEBUG] ✅ [Slack Channels] Retrieved 3 channels
[2025-11-03T02:26:17.937Z] [INFO   ] 2025-11-03T02:26:17.937Z [DEBUG] ✅ [Slack API] Successfully processed slack_channels: {"integrationId":"4386d41f-07dd-4e5d-ae50-417fdbcf0974","resultCount":3}
[2025-11-03T02:26:17.966Z] [INFO   ] 2025-11-03T02:26:17.966Z [DEBUG] ✅ [Gmail Data API] Handler completed in 383ms, returned 14 items
[2025-11-03T02:26:18.343Z] [INFO   ] 2025-11-03T02:26:18.343Z [DEBUG] 📧 [Gmail API] Processing 30 messages (sent + received)...
[2025-11-03T02:26:21.090Z] [INFO   ] 2025-11-03T02:26:21.090Z [DEBUG] ✅ [Gmail API] Found 11 unique recipients from sent and received emails
[2025-11-03T02:26:21.091Z] [INFO   ] 2025-11-03T02:26:21.091Z [DEBUG] ✅ [Gmail API] Returning 11 enhanced recipients (contacts: true)
[2025-11-03T02:26:21.091Z] [INFO   ] 2025-11-03T02:26:21.091Z [DEBUG] ✅ [Gmail Data API] Handler completed in 3504ms, returned 11 items
[2025-11-03T02:27:14.715Z] [INFO   ] 2025-11-03T02:27:14.715Z [DEBUG] [Middleware] Username check: {"path":"/workflows/builder/07b043e3-7226-41a5-8557-05234890543f","userId":"a3e3a51a-175c-4b59-ad03-227ba12a18b0","provider":"email","role":"free","username":"nstoddard17","hasUsername":true,"isBetaTester":false,"isNewBetaUser":false,"accountAge":13570147315}
[2025-11-03T02:27:15.288Z] [INFO   ]  [37m[1m○[22m[39m Compiling /workflows/builder/[id] ...
[2025-11-03T02:27:20.835Z] [INFO   ]  [32m[1m✓[22m[39m Compiled /workflows/builder/[id] in 6s (6017 modules)
[2025-11-03T02:27:21.451Z] [INFO   ]  [32m[1m✓[22m[39m Compiled in 580ms (1350 modules)
[2025-11-03T02:27:21.905Z] [INFO   ] 2025-11-03T02:27:21.905Z [DEBUG] 💧 [AUTH] Rehydrating auth state from storage {"hasState":true,"hasUser":false,"initialized":false,"timestamp":"2025-11-03T02:27:21.905Z"}
[2025-11-03T02:27:21.911Z] [INFO   ] 2025-11-03T02:27:21.911Z [DEBUG] 💧 [AUTH] State hydrated and reset {"hasUser":false,"initialized":false,"timestamp":"2025-11-03T02:27:21.911Z"}
[2025-11-03T02:27:21.911Z] [INFO   ] 2025-11-03T02:27:21.911Z [DEBUG] ⏭️ [AUTH] Skipping initialization {"hasState":true,"alreadyInitialized":false,"isClient":false,"timestamp":"2025-11-03T02:27:21.911Z"}
[2025-11-03T02:27:22.330Z] [INFO   ] 2025-11-03T02:27:22.330Z [DEBUG] [Username Check] {"userId":"a3e3a51a-175c-4b59-ad03-227ba12a18b0","hasEmail":true,"provider":"email","hasUsername":true,"isGoogleUser":false}
[2025-11-03T02:27:23.653Z] [INFO   ]  [37m[1m○[22m[39m Compiling /api/presence/count ...
[2025-11-03T02:27:24.434Z] [INFO   ] 2025-11-03T02:27:24.434Z [DEBUG] [Middleware] Username check: {"path":"/workflows/v2/api/flows/07b043e3-7226-41a5-8557-05234890543f/revisions","userId":"a3e3a51a-175c-4b59-ad03-227ba12a18b0","provider":"email","role":"free","username":"nstoddard17","hasUsername":true,"isBetaTester":false,"isNewBetaUser":false,"accountAge":13570157034}
[2025-11-03T02:27:25.888Z] [INFO   ]  [32m[1m✓[22m[39m Compiled /api/presence/count in 2.7s (6008 modules)
[2025-11-03T02:27:26.099Z] [INFO   ] 2025-11-03T02:27:26.099Z [DEBUG] 📍 [API /api/integrations] GET request received {"timestamp":"2025-11-03T02:27:26.099Z","url":"http://localhost:3000/api/integrations?workspace_type=personal"}
[2025-11-03T02:27:26.312Z] [INFO   ] 2025-11-03T02:27:26.312Z [DEBUG] ✅ [API /api/integrations] User authenticated {"userId":"a3e3a51a-175c-4b59-ad03-227ba12a18b0"}
[2025-11-03T02:27:26.312Z] [INFO   ] 2025-11-03T02:27:26.312Z [DEBUG] 🏠 [API /api/integrations] Workspace context {"workspaceType":"personal","workspaceId":null}
[2025-11-03T02:27:26.629Z] [INFO   ] 2025-11-03T02:27:26.628Z [DEBUG] 📊 [API /api/integrations] Query result {"workspaceType":"personal","workspaceId":null,"count":14,"error":null}
[2025-11-03T02:27:26.629Z] [INFO   ] 2025-11-03T02:27:26.629Z [DEBUG] ✅ [API /api/integrations] Returning integrations {"count":14,"workspaceType":"personal"}
[2025-11-03T02:27:26.649Z] [INFO   ]  [32m[1m✓[22m[39m Compiled /api/workflows in 500ms (4674 modules)
[2025-11-03T02:27:26.844Z] [INFO   ] 2025-11-03T02:27:26.844Z [DEBUG] [Middleware] Username check: {"path":"/workflows/v2/api/flows/07b043e3-7226-41a5-8557-05234890543f/revisions","userId":"a3e3a51a-175c-4b59-ad03-227ba12a18b0","provider":"email","role":"free","username":"nstoddard17","hasUsername":true,"isBetaTester":false,"isNewBetaUser":false,"accountAge":13570159445}
[2025-11-03T02:27:27.088Z] [INFO   ] 2025-11-03T02:27:27.088Z [DEBUG] [Middleware] Username check: {"path":"/workflows/v2/api/flows/07b043e3-7226-41a5-8557-05234890543f/revisions/ea0e8454-f1c3-4658-a266-90c3960e3320","userId":"a3e3a51a-175c-4b59-ad03-227ba12a18b0","provider":"email","role":"free","username":"nstoddard17","hasUsername":true,"isBetaTester":false,"isNewBetaUser":false,"accountAge":13570159689}
[2025-11-03T02:27:27.120Z] [INFO   ]  [32m[1m✓[22m[39m Compiled in 0ms (4674 modules)
[2025-11-03T02:27:27.466Z] [INFO   ]  [32m[1m✓[22m[39m Compiled in 1ms (4674 modules)
[2025-11-03T02:27:27.770Z] [INFO   ]  [32m[1m✓[22m[39m Compiled in 0ms (4674 modules)
[2025-11-03T02:27:27.828Z] [INFO   ] 2025-11-03T02:27:27.828Z [DEBUG] 📍 [API /api/integrations] GET request received {"timestamp":"2025-11-03T02:27:27.828Z","url":"http://localhost:3000/api/integrations"}
[2025-11-03T02:27:27.938Z] [INFO   ] 2025-11-03T02:27:27.938Z [DEBUG] [API /api/workflows] GET request {"filterContext":"ALL (unified view)","workspaceId":null,"userId":"a3e3a51a-175c-4b59-ad03-227ba12a18b0"}
[2025-11-03T02:27:27.957Z] [INFO   ] 2025-11-03T02:27:27.957Z [DEBUG] ✅ [API /api/integrations] User authenticated {"userId":"a3e3a51a-175c-4b59-ad03-227ba12a18b0"}
[2025-11-03T02:27:27.957Z] [INFO   ] 2025-11-03T02:27:27.957Z [DEBUG] 🏠 [API /api/integrations] Workspace context {"workspaceType":"personal","workspaceId":null}
[2025-11-03T02:27:28.108Z] [INFO   ] 2025-11-03T02:27:28.108Z [DEBUG] 📊 [API /api/integrations] Query result {"workspaceType":"personal","workspaceId":null,"count":14,"error":null}
[2025-11-03T02:27:28.109Z] [INFO   ] 2025-11-03T02:27:28.109Z [DEBUG] ✅ [API /api/integrations] Returning integrations {"count":14,"workspaceType":"personal"}
[2025-11-03T02:27:28.241Z] [INFO   ] 2025-11-03T02:27:28.241Z [DEBUG] 📍 [API /api/integrations] GET request received {"timestamp":"2025-11-03T02:27:28.241Z","url":"http://localhost:3000/api/integrations"}
[2025-11-03T02:27:28.411Z] [INFO   ] 2025-11-03T02:27:28.411Z [DEBUG] [API /api/workflows] Query result {"filterContext":"ALL","count":13,"error":null}
[2025-11-03T02:27:28.478Z] [INFO   ] 2025-11-03T02:27:28.478Z [DEBUG] ✅ [API /api/integrations] User authenticated {"userId":"a3e3a51a-175c-4b59-ad03-227ba12a18b0"}
[2025-11-03T02:27:28.478Z] [INFO   ] 2025-11-03T02:27:28.478Z [DEBUG] 🏠 [API /api/integrations] Workspace context {"workspaceType":"personal","workspaceId":null}
[2025-11-03T02:27:28.617Z] [INFO   ] 2025-11-03T02:27:28.617Z [DEBUG] 📊 [API /api/integrations] Query result {"workspaceType":"personal","workspaceId":null,"count":14,"error":null}
[2025-11-03T02:27:28.618Z] [INFO   ] 2025-11-03T02:27:28.618Z [DEBUG] ✅ [API /api/integrations] Returning integrations {"count":14,"workspaceType":"personal"}
[2025-11-03T02:27:28.771Z] [INFO   ] 2025-11-03T02:27:28.771Z [DEBUG] 📍 [API /api/integrations] GET request received {"timestamp":"2025-11-03T02:27:28.771Z","url":"http://localhost:3000/api/integrations"}
[2025-11-03T02:27:28.877Z] [INFO   ] 2025-11-03T02:27:28.877Z [DEBUG] ✅ [API /api/integrations] User authenticated {"userId":"a3e3a51a-175c-4b59-ad03-227ba12a18b0"}
[2025-11-03T02:27:28.877Z] [INFO   ] 2025-11-03T02:27:28.877Z [DEBUG] 🏠 [API /api/integrations] Workspace context {"workspaceType":"personal","workspaceId":null}
[2025-11-03T02:27:28.983Z] [INFO   ] 2025-11-03T02:27:28.983Z [DEBUG] 📊 [API /api/integrations] Query result {"workspaceType":"personal","workspaceId":null,"count":14,"error":null}
[2025-11-03T02:27:28.984Z] [INFO   ] 2025-11-03T02:27:28.984Z [DEBUG] ✅ [API /api/integrations] Returning integrations {"count":14,"workspaceType":"personal"}
[2025-11-03T02:27:29.025Z] [INFO   ] 2025-11-03T02:27:29.025Z [DEBUG] 📍 [API /api/integrations] GET request received {"timestamp":"2025-11-03T02:27:29.025Z","url":"http://localhost:3000/api/integrations"}
[2025-11-03T02:27:29.125Z] [INFO   ] 2025-11-03T02:27:29.125Z [DEBUG] [Middleware] Username check: {"path":"/workflows/v2/api/flows/07b043e3-7226-41a5-8557-05234890543f/revisions/ea0e8454-f1c3-4658-a266-90c3960e3320","userId":"a3e3a51a-175c-4b59-ad03-227ba12a18b0","provider":"email","role":"free","username":"nstoddard17","hasUsername":true,"isBetaTester":false,"isNewBetaUser":false,"accountAge":13570161726}
[2025-11-03T02:27:29.157Z] [INFO   ] 2025-11-03T02:27:29.157Z [DEBUG] ✅ [API /api/integrations] User authenticated {"userId":"a3e3a51a-175c-4b59-ad03-227ba12a18b0"}
[2025-11-03T02:27:29.157Z] [INFO   ] 2025-11-03T02:27:29.157Z [DEBUG] 🏠 [API /api/integrations] Workspace context {"workspaceType":"personal","workspaceId":null}
[2025-11-03T02:27:29.254Z] [INFO   ] 2025-11-03T02:27:29.254Z [DEBUG] 📊 [API /api/integrations] Query result {"workspaceType":"personal","workspaceId":null,"count":14,"error":null}
[2025-11-03T02:27:29.255Z] [INFO   ] 2025-11-03T02:27:29.255Z [DEBUG] ✅ [API /api/integrations] Returning integrations {"count":14,"workspaceType":"personal"}
[2025-11-03T02:27:29.666Z] [INFO   ] 2025-11-03T02:27:29.666Z [DEBUG] [Middleware] Username check: {"path":"/workflows/v2/api/flows/07b043e3-7226-41a5-8557-05234890543f/edits","userId":"a3e3a51a-175c-4b59-ad03-227ba12a18b0","provider":"email","role":"free","username":"nstoddard17","hasUsername":true,"isBetaTester":false,"isNewBetaUser":false,"accountAge":13570162267}
[2025-11-03T02:27:30.180Z] [INFO   ] 2025-11-03T02:27:30.180Z [DEBUG] 🔍 [Gmail Data API] Request: {"integrationId":"610e4069-9323-4f4c-a80a-a5e56b700c1f","dataType":"gmail-recent-recipients","options":{}}
[2025-11-03T02:27:30.224Z] [INFO   ] 2025-11-03T02:27:30.224Z [DEBUG] 🔍 [Gmail Data API] Request: {"integrationId":"610e4069-9323-4f4c-a80a-a5e56b700c1f","dataType":"gmail_labels","options":{}}
[2025-11-03T02:27:30.286Z] [INFO   ] 2025-11-03T02:27:30.286Z [DEBUG] 🚀 [Gmail Data API] Executing handler for: gmail-recent-recipients
[2025-11-03T02:27:30.286Z] [INFO   ] 2025-11-03T02:27:30.286Z [DEBUG] 🚀 [Gmail API] Fetching fresh enhanced recipients
[2025-11-03T02:27:30.286Z] [INFO   ] 2025-11-03T02:27:30.286Z [DEBUG] 🔍 [Gmail API] Integration scopes: ["https://www.googleapis.com/auth/calendar","https://www.googleapis.com/auth/spreadsheets","https://www.googleapis.com/auth/gmail.modify","https://www.googleapis.com/auth/documents","https://www.googleapis.com/auth/userinfo.profile","https://www.googleapis.com/auth/drive","https://www.googleapis.com/auth/gmail.settings.sharing","https://www.googleapis.com/auth/drive.readonly","https://www.googleapis.com/auth/userinfo.email","openid","https://www.googleapis.com/auth/contacts.readonly","https://www.googleapis.com/auth/gmail.settings.basic"]
[2025-11-03T02:27:30.286Z] [INFO   ] 2025-11-03T02:27:30.286Z [DEBUG] 📇 [Gmail API] Attempting to fetch Google Contacts...
[2025-11-03T02:27:30.326Z] [INFO   ] 2025-11-03T02:27:30.326Z [DEBUG] 🚀 [Gmail Data API] Executing handler for: gmail_labels
[2025-11-03T02:27:30.331Z] [INFO   ] 2025-11-03T02:27:30.331Z [DEBUG] 🔍 [Slack API] Integration status check: {"integrationId":"4386d41f-07dd-4e5d-ae50-417fdbcf0974","status":"connected","hasAccessToken":true,"tokenLength":161,"tokenFormat":"encrypted","provider":"slack","userId":"a3e3a51a-175c-4b59-ad03-227ba12a18b0"}
[2025-11-03T02:27:30.332Z] [INFO   ] 2025-11-03T02:27:30.332Z [DEBUG] 🔐 [Slack API] Token decryption result: {"integrationId":"4386d41f-07dd-4e5d-ae50-417fdbcf0974","originalTokenLength":161,"decryptedTokenLength":57,"tokenStartsWith":"xoxb-89800","isValidFormat":true}
[2025-11-03T02:27:30.332Z] [INFO   ] 2025-11-03T02:27:30.332Z [DEBUG] 🔍 [Slack API] Processing request: {"integrationId":"4386d41f-07dd-4e5d-ae50-417fdbcf0974","dataType":"slack_channels","status":"connected","hasToken":true}
[2025-11-03T02:27:30.332Z] [INFO   ] 2025-11-03T02:27:30.332Z [DEBUG] 💬 [Slack Channels] Fetching channels
[2025-11-03T02:27:30.447Z] [INFO   ] 2025-11-03T02:27:30.447Z [DEBUG] ✅ [Gmail API] Found 4 contacts from Google Contacts
[2025-11-03T02:27:30.448Z] [INFO   ] 2025-11-03T02:27:30.448Z [DEBUG] 👥 [Gmail API] Contacts raw preview: [{"names":["Nathaniel Stoddard"],"emails":[]},{"names":["SGT Aguilar"],"emails":[]},{"names":["Sponsee A1C Simona Gamble"],"emails":[]},{"names":["Rob"],"emails":[]}]
[2025-11-03T02:27:30.448Z] [INFO   ] 2025-11-03T02:27:30.448Z [DEBUG] 📬 [Gmail API] Contacts returned: []
[2025-11-03T02:27:30.448Z] [INFO   ] 2025-11-03T02:27:30.448Z [DEBUG] 📧 [Gmail API] Fetching recent email recipients from sent and received...
[2025-11-03T02:27:30.499Z] [INFO   ] 2025-11-03T02:27:30.499Z [DEBUG] ✅ [Slack Channels] Retrieved 3 channels
[2025-11-03T02:27:30.499Z] [INFO   ] 2025-11-03T02:27:30.499Z [DEBUG] ✅ [Slack API] Successfully processed slack_channels: {"integrationId":"4386d41f-07dd-4e5d-ae50-417fdbcf0974","resultCount":3}
[2025-11-03T02:27:30.600Z] [INFO   ] 2025-11-03T02:27:30.600Z [DEBUG] ✅ [Gmail Data API] Handler completed in 274ms, returned 14 items
[2025-11-03T02:27:30.977Z] [INFO   ] 2025-11-03T02:27:30.977Z [DEBUG] 📧 [Gmail API] Processing 30 messages (sent + received)...
[2025-11-03T02:27:32.834Z] [INFO   ] 2025-11-03T02:27:32.834Z [DEBUG] ✅ [Gmail API] Found 11 unique recipients from sent and received emails
[2025-11-03T02:27:32.835Z] [INFO   ] 2025-11-03T02:27:32.834Z [DEBUG] ✅ [Gmail API] Returning 11 enhanced recipients (contacts: true)
[2025-11-03T02:27:32.835Z] [INFO   ] 2025-11-03T02:27:32.835Z [DEBUG] ✅ [Gmail Data API] Handler completed in 2549ms, returned 11 items
[2025-11-03T02:28:02.638Z] [INFO   ] 2025-11-03T02:28:02.638Z [DEBUG] [Middleware] Username check: {"path":"/integrations","userId":"a3e3a51a-175c-4b59-ad03-227ba12a18b0","provider":"email","role":"free","username":"nstoddard17","hasUsername":true,"isBetaTester":false,"isNewBetaUser":false,"accountAge":13570195238}
[2025-11-03T02:28:03.155Z] [INFO   ]  [37m[1m○[22m[39m Compiling /_not-found ...
[2025-11-03T02:28:03.628Z] [INFO   ]  [32m[1m✓[22m[39m Compiled /_not-found in 975ms (6015 modules)
[2025-11-03T02:28:03.832Z] [INFO   ] 2025-11-03T02:28:03.832Z [DEBUG] 💧 [AUTH] Rehydrating auth state from storage {"hasState":true,"hasUser":false,"initialized":false,"timestamp":"2025-11-03T02:28:03.832Z"}
[2025-11-03T02:28:03.836Z] [INFO   ] 2025-11-03T02:28:03.836Z [DEBUG] 💧 [AUTH] State hydrated and reset {"hasUser":false,"initialized":false,"timestamp":"2025-11-03T02:28:03.836Z"}
[2025-11-03T02:28:03.836Z] [INFO   ] 2025-11-03T02:28:03.836Z [DEBUG] ⏭️ [AUTH] Skipping initialization {"hasState":true,"alreadyInitialized":false,"isClient":false,"timestamp":"2025-11-03T02:28:03.836Z"}
[2025-11-03T02:31:34.461Z] [INFO   ]  [32m[1m✓[22m[39m Compiled in 2.1s (5724 modules)
[2025-11-03T02:31:34.858Z] [INFO   ]  [32m[1m✓[22m[39m Compiled /api/integrations/slack/data in 273ms (4381 modules)
[2025-11-03T02:31:34.965Z] [INFO   ] 2025-11-03T02:31:34.964Z [DEBUG] [Middleware] Username check: {"path":"/workflows/builder/07b043e3-7226-41a5-8557-05234890543f","userId":"a3e3a51a-175c-4b59-ad03-227ba12a18b0","provider":"email","role":"free","username":"nstoddard17","hasUsername":true,"isBetaTester":false,"isNewBetaUser":false,"accountAge":13570407565}
[2025-11-03T02:31:35.206Z] [INFO   ]  [32m[1m✓[22m[39m Compiled in 0ms (4402 modules)
[2025-11-03T02:31:35.438Z] [INFO   ]  [32m[1m✓[22m[39m Compiled in 0ms (4402 modules)
[2025-11-03T02:31:35.693Z] [INFO   ]  [32m[1m✓[22m[39m Compiled in 0ms (4402 modules)
[2025-11-03T02:31:36.011Z] [INFO   ]  [32m[1m✓[22m[39m Compiled /api/integrations in 0ms (4402 modules)
[2025-11-03T02:31:36.245Z] [INFO   ] 2025-11-03T02:31:36.245Z [DEBUG] 🔍 [Gmail Data API] Request: {"integrationId":"610e4069-9323-4f4c-a80a-a5e56b700c1f","dataType":"gmail-recent-recipients","options":{}}
[2025-11-03T02:31:36.246Z] [INFO   ] 2025-11-03T02:31:36.246Z [DEBUG] 🔍 [Gmail Data API] Request: {"integrationId":"610e4069-9323-4f4c-a80a-a5e56b700c1f","dataType":"gmail_labels","options":{}}
[2025-11-03T02:31:36.257Z] [INFO   ] 2025-11-03T02:31:36.257Z [DEBUG] [Username Check] {"userId":"a3e3a51a-175c-4b59-ad03-227ba12a18b0","hasEmail":true,"provider":"email","hasUsername":true,"isGoogleUser":false}
[2025-11-03T02:31:36.367Z] [INFO   ] 2025-11-03T02:31:36.367Z [DEBUG] 🔍 [Slack API] Integration status check: {"integrationId":"4386d41f-07dd-4e5d-ae50-417fdbcf0974","status":"connected","hasAccessToken":true,"tokenLength":161,"tokenFormat":"encrypted","provider":"slack","userId":"a3e3a51a-175c-4b59-ad03-227ba12a18b0"}
[2025-11-03T02:31:36.368Z] [INFO   ] 2025-11-03T02:31:36.368Z [DEBUG] 🔐 [Slack API] Token decryption result: {"integrationId":"4386d41f-07dd-4e5d-ae50-417fdbcf0974","originalTokenLength":161,"decryptedTokenLength":57,"tokenStartsWith":"xoxb-89800","isValidFormat":true}
[2025-11-03T02:31:36.368Z] [INFO   ] 2025-11-03T02:31:36.368Z [DEBUG] 🔍 [Slack API] Processing request: {"integrationId":"4386d41f-07dd-4e5d-ae50-417fdbcf0974","dataType":"slack_channels","status":"connected","hasToken":true}
[2025-11-03T02:31:36.368Z] [INFO   ] 2025-11-03T02:31:36.368Z [DEBUG] 💬 [Slack Channels] Fetching channels
[2025-11-03T02:31:36.454Z] [INFO   ] 2025-11-03T02:31:36.454Z [DEBUG] 🚀 [Gmail Data API] Executing handler for: gmail-recent-recipients
[2025-11-03T02:31:36.455Z] [INFO   ] 2025-11-03T02:31:36.455Z [DEBUG] 🚀 [Gmail API] Fetching fresh enhanced recipients
[2025-11-03T02:31:36.455Z] [INFO   ] 2025-11-03T02:31:36.455Z [DEBUG] 🔍 [Gmail API] Integration scopes: ["https://www.googleapis.com/auth/calendar","https://www.googleapis.com/auth/spreadsheets","https://www.googleapis.com/auth/gmail.modify","https://www.googleapis.com/auth/documents","https://www.googleapis.com/auth/userinfo.profile","https://www.googleapis.com/auth/drive","https://www.googleapis.com/auth/gmail.settings.sharing","https://www.googleapis.com/auth/drive.readonly","https://www.googleapis.com/auth/userinfo.email","openid","https://www.googleapis.com/auth/contacts.readonly","https://www.googleapis.com/auth/gmail.settings.basic"]
[2025-11-03T02:31:36.455Z] [INFO   ] 2025-11-03T02:31:36.455Z [DEBUG] 📇 [Gmail API] Attempting to fetch Google Contacts...
[2025-11-03T02:31:36.456Z] [INFO   ] 2025-11-03T02:31:36.456Z [DEBUG] 🚀 [Gmail Data API] Executing handler for: gmail_labels
[2025-11-03T02:31:36.658Z] [INFO   ] 2025-11-03T02:31:36.658Z [DEBUG] ✅ [Slack Channels] Retrieved 3 channels
[2025-11-03T02:31:36.659Z] [INFO   ] 2025-11-03T02:31:36.659Z [DEBUG] ✅ [Slack API] Successfully processed slack_channels: {"integrationId":"4386d41f-07dd-4e5d-ae50-417fdbcf0974","resultCount":3}
[2025-11-03T02:31:36.820Z] [INFO   ] 2025-11-03T02:31:36.819Z [DEBUG] ✅ [Gmail API] Found 4 contacts from Google Contacts
[2025-11-03T02:31:36.820Z] [INFO   ] 2025-11-03T02:31:36.820Z [DEBUG] 👥 [Gmail API] Contacts raw preview: [{"names":["Nathaniel Stoddard"],"emails":[]},{"names":["SGT Aguilar"],"emails":[]},{"names":["Sponsee A1C Simona Gamble"],"emails":[]},{"names":["Rob"],"emails":[]}]
[2025-11-03T02:31:36.820Z] [INFO   ] 2025-11-03T02:31:36.820Z [DEBUG] 📬 [Gmail API] Contacts returned: []
[2025-11-03T02:31:36.820Z] [INFO   ] 2025-11-03T02:31:36.820Z [DEBUG] 📧 [Gmail API] Fetching recent email recipients from sent and received...
[2025-11-03T02:31:37.003Z] [INFO   ] 2025-11-03T02:31:37.003Z [DEBUG] ✅ [Gmail Data API] Handler completed in 547ms, returned 14 items
[2025-11-03T02:31:37.006Z] [INFO   ]  [32m[1m✓[22m[39m Compiled (4404 modules)
[2025-11-03T02:31:37.088Z] [INFO   ] 2025-11-03T02:31:37.088Z [DEBUG] 📍 [API /api/integrations] GET request received {"timestamp":"2025-11-03T02:31:37.088Z","url":"http://localhost:3000/api/integrations"}
[2025-11-03T02:31:37.173Z] [INFO   ] 2025-11-03T02:31:37.173Z [DEBUG] ✅ [API /api/integrations] User authenticated {"userId":"a3e3a51a-175c-4b59-ad03-227ba12a18b0"}
[2025-11-03T02:31:37.174Z] [INFO   ] 2025-11-03T02:31:37.174Z [DEBUG] 🏠 [API /api/integrations] Workspace context {"workspaceType":"personal","workspaceId":null}
[2025-11-03T02:31:37.271Z] [INFO   ] 2025-11-03T02:31:37.271Z [DEBUG] 📊 [API /api/integrations] Query result {"workspaceType":"personal","workspaceId":null,"count":14,"error":null}
[2025-11-03T02:31:37.271Z] [INFO   ] 2025-11-03T02:31:37.271Z [DEBUG] ✅ [API /api/integrations] Returning integrations {"count":14,"workspaceType":"personal"}
[2025-11-03T02:31:37.530Z] [INFO   ] 2025-11-03T02:31:37.530Z [DEBUG] 📧 [Gmail API] Processing 30 messages (sent + received)...
[2025-11-03T02:31:39.350Z] [INFO   ] 2025-11-03T02:31:39.350Z [DEBUG] ✅ [Gmail API] Found 11 unique recipients from sent and received emails
[2025-11-03T02:31:39.351Z] [INFO   ] 2025-11-03T02:31:39.351Z [DEBUG] ✅ [Gmail API] Returning 11 enhanced recipients (contacts: true)
[2025-11-03T02:31:39.351Z] [INFO   ] 2025-11-03T02:31:39.351Z [DEBUG] ✅ [Gmail Data API] Handler completed in 2896ms, returned 11 items
[2025-11-03T02:32:05.902Z] [INFO   ]  [32m[1m✓[22m[39m Compiled in 963ms (5754 modules)
[2025-11-03T02:32:06.387Z] [INFO   ] 2025-11-03T02:32:06.387Z [DEBUG] 📍 [API /api/integrations] GET request received {"timestamp":"2025-11-03T02:32:06.387Z","url":"http://localhost:3000/api/integrations"}
[2025-11-03T02:32:06.499Z] [INFO   ] 2025-11-03T02:32:06.499Z [DEBUG] [Middleware] Username check: {"path":"/workflows/builder/07b043e3-7226-41a5-8557-05234890543f","userId":"a3e3a51a-175c-4b59-ad03-227ba12a18b0","provider":"email","role":"free","username":"nstoddard17","hasUsername":true,"isBetaTester":false,"isNewBetaUser":false,"accountAge":13570439100}
[2025-11-03T02:32:06.554Z] [INFO   ] 2025-11-03T02:32:06.554Z [DEBUG] ✅ [API /api/integrations] User authenticated {"userId":"a3e3a51a-175c-4b59-ad03-227ba12a18b0"}
[2025-11-03T02:32:06.555Z] [INFO   ] 2025-11-03T02:32:06.554Z [DEBUG] 🏠 [API /api/integrations] Workspace context {"workspaceType":"personal","workspaceId":null}
[2025-11-03T02:32:06.764Z] [INFO   ] 2025-11-03T02:32:06.763Z [DEBUG] [Username Check] {"userId":"a3e3a51a-175c-4b59-ad03-227ba12a18b0","hasEmail":true,"provider":"email","hasUsername":true,"isGoogleUser":false}
[2025-11-03T02:32:06.794Z] [INFO   ] 2025-11-03T02:32:06.794Z [DEBUG] 📊 [API /api/integrations] Query result {"workspaceType":"personal","workspaceId":null,"count":14,"error":null}
[2025-11-03T02:32:06.794Z] [INFO   ] 2025-11-03T02:32:06.794Z [DEBUG] ✅ [API /api/integrations] Returning integrations {"count":14,"workspaceType":"personal"}
[2025-11-03T02:32:15.483Z] [INFO   ]  [32m[1m✓[22m[39m Compiled in 693ms (5754 modules)
[2025-11-03T02:32:15.658Z] [INFO   ] 2025-11-03T02:32:15.658Z [DEBUG] 📍 [API /api/integrations] GET request received {"timestamp":"2025-11-03T02:32:15.658Z","url":"http://localhost:3000/api/integrations"}
[2025-11-03T02:32:15.806Z] [INFO   ] 2025-11-03T02:32:15.806Z [DEBUG] [Middleware] Username check: {"path":"/workflows/builder/07b043e3-7226-41a5-8557-05234890543f","userId":"a3e3a51a-175c-4b59-ad03-227ba12a18b0","provider":"email","role":"free","username":"nstoddard17","hasUsername":true,"isBetaTester":false,"isNewBetaUser":false,"accountAge":13570448407}
[2025-11-03T02:32:15.855Z] [INFO   ] 2025-11-03T02:32:15.855Z [DEBUG] ✅ [API /api/integrations] User authenticated {"userId":"a3e3a51a-175c-4b59-ad03-227ba12a18b0"}
[2025-11-03T02:32:15.855Z] [INFO   ] 2025-11-03T02:32:15.855Z [DEBUG] 🏠 [API /api/integrations] Workspace context {"workspaceType":"personal","workspaceId":null}
[2025-11-03T02:32:15.991Z] [INFO   ] 2025-11-03T02:32:15.991Z [DEBUG] [Username Check] {"userId":"a3e3a51a-175c-4b59-ad03-227ba12a18b0","hasEmail":true,"provider":"email","hasUsername":true,"isGoogleUser":false}
[2025-11-03T02:32:16.106Z] [INFO   ] 2025-11-03T02:32:16.106Z [DEBUG] 📊 [API /api/integrations] Query result {"workspaceType":"personal","workspaceId":null,"count":14,"error":null}
[2025-11-03T02:32:16.106Z] [INFO   ] 2025-11-03T02:32:16.106Z [DEBUG] ✅ [API /api/integrations] Returning integrations {"count":14,"workspaceType":"personal"}
[2025-11-03T02:32:22.954Z] [INFO   ]  [32m[1m✓[22m[39m Compiled in 1105ms (5754 modules)
[2025-11-03T02:32:23.259Z] [INFO   ] 2025-11-03T02:32:23.259Z [DEBUG] 📍 [API /api/integrations] GET request received {"timestamp":"2025-11-03T02:32:23.259Z","url":"http://localhost:3000/api/integrations"}
[2025-11-03T02:32:23.444Z] [INFO   ] 2025-11-03T02:32:23.443Z [DEBUG] [Middleware] Username check: {"path":"/workflows/builder/07b043e3-7226-41a5-8557-05234890543f","userId":"a3e3a51a-175c-4b59-ad03-227ba12a18b0","provider":"email","role":"free","username":"nstoddard17","hasUsername":true,"isBetaTester":false,"isNewBetaUser":false,"accountAge":13570456044}
[2025-11-03T02:32:23.456Z] [INFO   ] 2025-11-03T02:32:23.456Z [DEBUG] ✅ [API /api/integrations] User authenticated {"userId":"a3e3a51a-175c-4b59-ad03-227ba12a18b0"}
[2025-11-03T02:32:23.457Z] [INFO   ] 2025-11-03T02:32:23.457Z [DEBUG] 🏠 [API /api/integrations] Workspace context {"workspaceType":"personal","workspaceId":null}
[2025-11-03T02:32:23.650Z] [INFO   ] 2025-11-03T02:32:23.650Z [DEBUG] 📊 [API /api/integrations] Query result {"workspaceType":"personal","workspaceId":null,"count":14,"error":null}
[2025-11-03T02:32:23.651Z] [INFO   ] 2025-11-03T02:32:23.650Z [DEBUG] ✅ [API /api/integrations] Returning integrations {"count":14,"workspaceType":"personal"}
[2025-11-03T02:32:24.287Z] [INFO   ]  [37m[1m○[22m[39m Compiling /api/presence/count ...
[2025-11-03T02:32:24.322Z] [INFO   ]  [32m[1m✓[22m[39m Compiled /api/presence/count in 689ms (4406 modules)
[2025-11-03T02:32:24.692Z] [INFO   ] 2025-11-03T02:32:24.692Z [DEBUG] [Username Check] {"userId":"a3e3a51a-175c-4b59-ad03-227ba12a18b0","hasEmail":true,"provider":"email","hasUsername":true,"isGoogleUser":false}
[2025-11-03T02:32:31.661Z] [INFO   ]  [32m[1m✓[22m[39m Compiled in 909ms (5756 modules)
[2025-11-03T02:32:31.935Z] [INFO   ] 2025-11-03T02:32:31.935Z [DEBUG] 📍 [API /api/integrations] GET request received {"timestamp":"2025-11-03T02:32:31.935Z","url":"http://localhost:3000/api/integrations"}
[2025-11-03T02:32:32.652Z] [INFO   ] 2025-11-03T02:32:32.652Z [DEBUG] [Middleware] Username check: {"path":"/workflows/builder/07b043e3-7226-41a5-8557-05234890543f","userId":"a3e3a51a-175c-4b59-ad03-227ba12a18b0","provider":"email","role":"free","username":"nstoddard17","hasUsername":true,"isBetaTester":false,"isNewBetaUser":false,"accountAge":13570465253}
[2025-11-03T02:32:32.810Z] [INFO   ] 2025-11-03T02:32:32.810Z [DEBUG] [Username Check] {"userId":"a3e3a51a-175c-4b59-ad03-227ba12a18b0","hasEmail":true,"provider":"email","hasUsername":true,"isGoogleUser":false}
[2025-11-03T02:32:33.127Z] [INFO   ] 2025-11-03T02:32:33.127Z [DEBUG] ✅ [API /api/integrations] User authenticated {"userId":"a3e3a51a-175c-4b59-ad03-227ba12a18b0"}
[2025-11-03T02:32:33.128Z] [INFO   ] 2025-11-03T02:32:33.128Z [DEBUG] 🏠 [API /api/integrations] Workspace context {"workspaceType":"personal","workspaceId":null}
[2025-11-03T02:32:33.696Z] [INFO   ] 2025-11-03T02:32:33.696Z [DEBUG] 📊 [API /api/integrations] Query result {"workspaceType":"personal","workspaceId":null,"count":14,"error":null}
[2025-11-03T02:32:33.697Z] [INFO   ] 2025-11-03T02:32:33.697Z [DEBUG] ✅ [API /api/integrations] Returning integrations {"count":14,"workspaceType":"personal"}
[2025-11-03T02:33:02.148Z] [INFO   ]  [32m[1m✓[22m[39m Compiled in 738ms (1350 modules)
[2025-11-03T02:33:02.549Z] [INFO   ] 2025-11-03T02:33:02.549Z [DEBUG] [Middleware] Username check: {"path":"/workflows/builder/07b043e3-7226-41a5-8557-05234890543f","userId":"a3e3a51a-175c-4b59-ad03-227ba12a18b0","provider":"email","role":"free","username":"nstoddard17","hasUsername":true,"isBetaTester":false,"isNewBetaUser":false,"accountAge":13570495150}
[2025-11-03T02:33:02.627Z] [INFO   ] 2025-11-03T02:33:02.626Z [DEBUG] [Username Check] {"userId":"a3e3a51a-175c-4b59-ad03-227ba12a18b0","hasEmail":true,"provider":"email","hasUsername":true,"isGoogleUser":false}
[2025-11-03T02:33:27.425Z] [INFO   ]  [32m[1m✓[22m[39m Compiled in 2.8s (5735 modules)
[2025-11-03T02:33:27.686Z] [INFO   ] 2025-11-03T02:33:27.686Z [DEBUG] 📍 [API /api/integrations] GET request received {"timestamp":"2025-11-03T02:33:27.686Z","url":"http://localhost:3000/api/integrations"}
[2025-11-03T02:33:27.767Z] [INFO   ] 2025-11-03T02:33:27.767Z [DEBUG] [Middleware] Username check: {"path":"/workflows/builder/07b043e3-7226-41a5-8557-05234890543f","userId":"a3e3a51a-175c-4b59-ad03-227ba12a18b0","provider":"email","role":"free","username":"nstoddard17","hasUsername":true,"isBetaTester":false,"isNewBetaUser":false,"accountAge":13570520368}
[2025-11-03T02:33:27.819Z] [INFO   ] 2025-11-03T02:33:27.819Z [DEBUG] ✅ [API /api/integrations] User authenticated {"userId":"a3e3a51a-175c-4b59-ad03-227ba12a18b0"}
[2025-11-03T02:33:27.819Z] [INFO   ] 2025-11-03T02:33:27.819Z [DEBUG] 🏠 [API /api/integrations] Workspace context {"workspaceType":"personal","workspaceId":null}
[2025-11-03T02:33:27.932Z] [INFO   ] 2025-11-03T02:33:27.931Z [DEBUG] [Username Check] {"userId":"a3e3a51a-175c-4b59-ad03-227ba12a18b0","hasEmail":true,"provider":"email","hasUsername":true,"isGoogleUser":false}
[2025-11-03T02:33:27.946Z] [INFO   ] 2025-11-03T02:33:27.946Z [DEBUG] 📊 [API /api/integrations] Query result {"workspaceType":"personal","workspaceId":null,"count":14,"error":null}
[2025-11-03T02:33:27.948Z] [INFO   ] 2025-11-03T02:33:27.948Z [DEBUG] ✅ [API /api/integrations] Returning integrations {"count":14,"workspaceType":"personal"}
[2025-11-03T02:33:42.930Z] [INFO   ]  [32m[1m✓[22m[39m Compiled in 709ms (1350 modules)
[2025-11-03T02:33:43.992Z] [INFO   ] 2025-11-03T02:33:43.991Z [DEBUG] [Middleware] Username check: {"path":"/workflows/builder/07b043e3-7226-41a5-8557-05234890543f","userId":"a3e3a51a-175c-4b59-ad03-227ba12a18b0","provider":"email","role":"free","username":"nstoddard17","hasUsername":true,"isBetaTester":false,"isNewBetaUser":false,"accountAge":13570536592}
[2025-11-03T02:33:44.082Z] [INFO   ] 2025-11-03T02:33:44.082Z [DEBUG] [Username Check] {"userId":"a3e3a51a-175c-4b59-ad03-227ba12a18b0","hasEmail":true,"provider":"email","hasUsername":true,"isGoogleUser":false}
[2025-11-03T02:35:08.859Z] [INFO   ]  [37m[1m○[22m[39m Compiling /_not-found ...
[2025-11-03T02:35:09.243Z] [INFO   ]  [32m[1m✓[22m[39m Compiled /_not-found in 1078ms (5715 modules)
[2025-11-03T02:35:09.430Z] [INFO   ] 2025-11-03T02:35:09.429Z [DEBUG] 💧 [AUTH] Rehydrating auth state from storage {"hasState":true,"hasUser":false,"initialized":false,"timestamp":"2025-11-03T02:35:09.429Z"}
[2025-11-03T02:35:09.433Z] [INFO   ] 2025-11-03T02:35:09.433Z [DEBUG] 💧 [AUTH] State hydrated and reset {"hasUser":false,"initialized":false,"timestamp":"2025-11-03T02:35:09.433Z"}
[2025-11-03T02:35:09.433Z] [INFO   ] 2025-11-03T02:35:09.433Z [DEBUG] ⏭️ [AUTH] Skipping initialization {"hasState":true,"alreadyInitialized":false,"isClient":false,"timestamp":"2025-11-03T02:35:09.433Z"}
[2025-11-03T02:35:46.636Z] [INFO   ]  [32m[1m✓[22m[39m Compiled in 986ms (5729 modules)
[2025-11-03T02:35:47.173Z] [INFO   ] 2025-11-03T02:35:47.172Z [DEBUG] [Middleware] Username check: {"path":"/workflows/builder/07b043e3-7226-41a5-8557-05234890543f","userId":"a3e3a51a-175c-4b59-ad03-227ba12a18b0","provider":"email","role":"free","username":"nstoddard17","hasUsername":true,"isBetaTester":false,"isNewBetaUser":false,"accountAge":13570659773}
[2025-11-03T02:35:47.267Z] [INFO   ]  [32m[1m✓[22m[39m Compiled /api/integrations/available in 463ms (4382 modules)
[2025-11-03T02:35:48.113Z] [INFO   ] 2025-11-03T02:35:48.113Z [DEBUG] [Username Check] {"userId":"a3e3a51a-175c-4b59-ad03-227ba12a18b0","hasEmail":true,"provider":"email","hasUsername":true,"isGoogleUser":false}
[2025-11-03T02:35:48.531Z] [INFO   ]  [32m[1m✓[22m[39m Compiled /api/integrations in 389ms (4384 modules)
[2025-11-03T02:35:48.608Z] [INFO   ] 2025-11-03T02:35:48.608Z [DEBUG] 📍 [API /api/integrations] GET request received {"timestamp":"2025-11-03T02:35:48.608Z","url":"http://localhost:3000/api/integrations"}
[2025-11-03T02:35:48.704Z] [INFO   ] 2025-11-03T02:35:48.704Z [DEBUG] ✅ [API /api/integrations] User authenticated {"userId":"a3e3a51a-175c-4b59-ad03-227ba12a18b0"}
[2025-11-03T02:35:48.704Z] [INFO   ] 2025-11-03T02:35:48.704Z [DEBUG] 🏠 [API /api/integrations] Workspace context {"workspaceType":"personal","workspaceId":null}
[2025-11-03T02:35:48.851Z] [INFO   ] 2025-11-03T02:35:48.850Z [DEBUG] 📊 [API /api/integrations] Query result {"workspaceType":"personal","workspaceId":null,"count":14,"error":null}
[2025-11-03T02:35:48.851Z] [INFO   ] 2025-11-03T02:35:48.851Z [DEBUG] ✅ [API /api/integrations] Returning integrations {"count":14,"workspaceType":"personal"}
[2025-11-03T02:36:22.639Z] [INFO   ]  [32m[1m✓[22m[39m Compiled in 976ms (5733 modules)
[2025-11-03T02:36:22.952Z] [INFO   ] 2025-11-03T02:36:22.952Z [DEBUG] 📍 [API /api/integrations] GET request received {"timestamp":"2025-11-03T02:36:22.952Z","url":"http://localhost:3000/api/integrations"}
[2025-11-03T02:36:23.063Z] [INFO   ] 2025-11-03T02:36:23.063Z [DEBUG] [Middleware] Username check: {"path":"/workflows/builder/07b043e3-7226-41a5-8557-05234890543f","userId":"a3e3a51a-175c-4b59-ad03-227ba12a18b0","provider":"email","role":"free","username":"nstoddard17","hasUsername":true,"isBetaTester":false,"isNewBetaUser":false,"accountAge":13570695664}
[2025-11-03T02:36:23.276Z] [INFO   ] 2025-11-03T02:36:23.276Z [DEBUG] [Username Check] {"userId":"a3e3a51a-175c-4b59-ad03-227ba12a18b0","hasEmail":true,"provider":"email","hasUsername":true,"isGoogleUser":false}
[2025-11-03T02:36:23.294Z] [INFO   ] 2025-11-03T02:36:23.294Z [DEBUG] ✅ [API /api/integrations] User authenticated {"userId":"a3e3a51a-175c-4b59-ad03-227ba12a18b0"}
[2025-11-03T02:36:23.295Z] [INFO   ] 2025-11-03T02:36:23.295Z [DEBUG] 🏠 [API /api/integrations] Workspace context {"workspaceType":"personal","workspaceId":null}
[2025-11-03T02:36:23.420Z] [INFO   ] 2025-11-03T02:36:23.420Z [DEBUG] 📊 [API /api/integrations] Query result {"workspaceType":"personal","workspaceId":null,"count":14,"error":null}
[2025-11-03T02:36:23.420Z] [INFO   ] 2025-11-03T02:36:23.420Z [DEBUG] ✅ [API /api/integrations] Returning integrations {"count":14,"workspaceType":"personal"}
[2025-11-03T02:37:24.044Z] [INFO   ]  [37m[1m○[22m[39m Compiling /api/presence/count ...
[2025-11-03T02:37:24.049Z] [INFO   ]  [32m[1m✓[22m[39m Compiled /api/presence/count in 505ms (4385 modules)
[2025-11-03T02:39:36.489Z] [INFO   ]  [37m[1m○[22m[39m Compiling /api/integrations/auth/generate-url ...
[2025-11-03T02:39:37.319Z] [INFO   ]  [32m[1m✓[22m[39m Compiled /api/integrations/auth/generate-url in 1383ms (5720 modules)
[2025-11-03T02:39:37.684Z] [INFO   ] 2025-11-03T02:39:37.684Z [DEBUG] 🔗 Generated Slack auth URL: https://slack.com/oauth/v2/authorize?client_id=8980094760693.8980106283285&scope=channels%3Ajoin%2Cchannels%3Aread%2Cchat%3Awrite%2Cchat%3Awrite.public%2Cfiles%3Awrite%2Cgroups%3Aread%2Cim%3Aread%2Creactions%3Awrite%2Cteam%3Aread%2Cusers%3Aread&user_scope=channels%3Aread%2Cchat%3Awrite%2Cgroups%3Aread%2Cmpim%3Aread%2Cchannels%3Ahistory%2Cgroups%3Ahistory%2Cim%3Ahistory%2Cmpim%3Ahistory%2Creactions%3Aread&redirect_uri=https%3A%2F%2F9b7007881520.ngrok-free.app%2Fapi%2Fintegrations%2Fslack%2Fcallback&state=eyJ1c2VySWQiOiJhM2UzYTUxYS0xNzVjLTRiNTktYWQwMy0yMjdiYTEyYTE4YjAiLCJwcm92aWRlciI6InNsYWNrIiwicmVjb25uZWN0IjpmYWxzZSwidGltZXN0YW1wIjoxNzYyMTM3NTc3Njg0LCJ3b3Jrc3BhY2VUeXBlIjoicGVyc29uYWwifQ%3D%3D
[2025-11-03T02:39:37.685Z] [INFO   ] 2025-11-03T02:39:37.685Z [DEBUG] 🔑 Using Client ID: 8980094760693.8980106283285
[2025-11-03T02:39:37.685Z] [INFO   ] 2025-11-03T02:39:37.685Z [DEBUG] 📍 Using base URL: http://localhost:3000
[2025-11-03T02:39:37.685Z] [INFO   ] 2025-11-03T02:39:37.685Z [DEBUG] 🌐 Using development webhook HTTPS URL for Slack redirect: https://9b7007881520.ngrok-free.app
[2025-11-03T02:39:37.685Z] [INFO   ] 2025-11-03T02:39:37.685Z [DEBUG] 📋 Using both bot scopes and user scopes as configured in Slack app
