=== Log Session Started: 2025-11-12T20:37:54.915Z ===
Node Version: v23.7.0
Platform: darwin
Working Directory: /Users/nathanielstoddard/chainreact-app/chainreact-app-9e
================================================================================

[2025-11-12T20:37:54.915Z] [INFO   ] File logging initialized
[2025-11-12T20:37:54.915Z] [INFO   ] Log file: /Users/nathanielstoddard/chainreact-app/chainreact-app-9e/logs/workflow_2025-11-12_14-37-54.log
[2025-11-12T20:37:54.918Z] [INFO   ] 📁 File logging enabled
[2025-11-12T20:37:54.918Z] [INFO   ] 📝 Logs will be written to: /Users/nathanielstoddard/chainreact-app/chainreact-app-9e/logs/workflow_2025-11-12_14-37-54.log
[2025-11-12T20:37:54.918Z] [INFO   ] 💡 To view logs in real-time: tail -f /Users/nathanielstoddard/chainreact-app/chainreact-app-9e/logs/workflow_2025-11-12_14-37-54.log
[2025-11-12T20:37:54.918Z] [INFO   ] 💡 To view all logs: cat /Users/nathanielstoddard/chainreact-app/chainreact-app-9e/logs/workflow_2025-11-12_14-37-54.log
[2025-11-12T20:37:54.918Z] [INFO   ] 💡 To share logs: Copy the file at /Users/nathanielstoddard/chainreact-app/chainreact-app-9e/logs/workflow_2025-11-12_14-37-54.log
[2025-11-12T20:37:54.918Z] [INFO   ] --------------------------------------------------------------------------------
[2025-11-12T20:37:54.919Z] [DEBUG  ] 📁 File logging system initialized
[2025-11-12T20:37:54.944Z] [INFO   ]  [32m[1m✓[22m[39m Ready in 6.1s
[2025-11-12T20:37:55.942Z] [INFO   ] 2025-11-12T20:37:55.942Z [DEBUG] 🤖 Discord bot configured, initializing gateway connection in background...
[2025-11-12T20:37:59.336Z] [INFO   ] 2025-11-12T20:37:59.335Z [DEBUG] Initializing Discord Gateway connection (singleton)...
[2025-11-12T20:37:59.349Z] [INFO   ] 2025-11-12T20:37:59.348Z [DEBUG] 🔑 Discord bot token loaded
[2025-11-12T20:37:59.606Z] [INFO   ] 2025-11-12T20:37:59.606Z [DEBUG] Discord Gateway initialization complete
[2025-11-12T20:37:59.606Z] [INFO   ] 2025-11-12T20:37:59.606Z [DEBUG] ✅ Discord bot gateway connection initialized
[2025-11-12T20:37:59.794Z] [INFO   ] 2025-11-12T20:37:59.794Z [DEBUG] Discord Gateway WebSocket connection established
[2025-11-12T20:37:59.795Z] [INFO   ] 2025-11-12T20:37:59.795Z [DEBUG] 🔑 Sending identify with intents: {"GUILDS":true,"GUILD_MEMBERS":true,"GUILD_INVITES":true,"GUILD_MESSAGES":true,"MESSAGE_CONTENT":true,"intentsValue":33347}
[2025-11-12T20:53:36.335Z] [INFO   ] 2025-11-12T20:53:36.335Z [DEBUG] 🔑 Discord bot token loaded
[2025-11-12T20:53:36.402Z] [INFO   ] 2025-11-12T20:53:36.402Z [DEBUG] Discord Gateway closed, persistent reconnect disabled
[2025-11-12T20:53:36.852Z] [INFO   ] 2025-11-12T20:53:36.852Z [DEBUG] Discord Gateway WebSocket connection established
[2025-11-12T20:53:36.853Z] [INFO   ] 2025-11-12T20:53:36.853Z [DEBUG] 🔑 Sending identify with intents: {"GUILDS":true,"GUILD_MEMBERS":true,"GUILD_INVITES":true,"GUILD_MESSAGES":true,"MESSAGE_CONTENT":true,"intentsValue":33347}
[2025-11-12T21:55:58.245Z] [INFO   ] 2025-11-12T21:55:58.244Z [DEBUG] 🔑 Discord bot token loaded
[2025-11-12T21:55:58.304Z] [INFO   ] 2025-11-12T21:55:58.304Z [DEBUG] Discord Gateway closed, persistent reconnect disabled
[2025-11-12T21:55:58.666Z] [INFO   ] 2025-11-12T21:55:58.666Z [DEBUG] Discord Gateway WebSocket connection established
[2025-11-12T21:55:58.667Z] [INFO   ] 2025-11-12T21:55:58.667Z [DEBUG] 🔑 Sending identify with intents: {"GUILDS":true,"GUILD_MEMBERS":true,"GUILD_INVITES":true,"GUILD_MESSAGES":true,"MESSAGE_CONTENT":true,"intentsValue":33347}
[2025-11-12T22:14:16.083Z] [INFO   ]  [32m[1m✓[22m[39m Compiled in 603ms (2822 modules)
[2025-11-12T22:17:54.791Z] [INFO   ]  [37m[1m○[22m[39m Compiling /test/nodes ...
[2025-11-12T22:18:00.637Z] [INFO   ]  [32m[1m✓[22m[39m Compiled /test/nodes in 6.3s (5334 modules)
[2025-11-12T22:18:01.215Z] [INFO   ] 2025-11-12T22:18:01.214Z [DEBUG] 💧 [AUTH] Rehydrating auth state from storage {"hasState":true,"hasUser":false,"initialized":false,"timestamp":"2025-11-12T22:18:01.214Z"}
[2025-11-12T22:18:01.226Z] [INFO   ] 2025-11-12T22:18:01.226Z [DEBUG] 💧 [AUTH] State hydrated and reset {"hasUser":false,"initialized":false,"timestamp":"2025-11-12T22:18:01.226Z"}
[2025-11-12T22:18:01.226Z] [INFO   ] 2025-11-12T22:18:01.226Z [DEBUG] ⏭️ [AUTH] Skipping initialization {"hasState":true,"alreadyInitialized":false,"isClient":false,"timestamp":"2025-11-12T22:18:01.226Z"}
[2025-11-12T22:18:01.811Z] [INFO   ]  [32m[1m✓[22m[39m Compiled in 1148ms (1179 modules)
[2025-11-12T22:18:02.809Z] [INFO   ]  [37m[1m○[22m[39m Compiling /middleware ...
[2025-11-12T22:18:02.985Z] [INFO   ]  [32m[1m✓[22m[39m Compiled /middleware in 676ms (4404 modules)
[2025-11-12T22:18:03.850Z] [INFO   ]  [37m[1m○[22m[39m Compiling /api/integrations ...
[2025-11-12T22:18:04.993Z] [INFO   ]  [32m[1m✓[22m[39m Compiled /api/integrations in 1661ms (5449 modules)
[2025-11-12T22:18:05.144Z] [INFO   ] 2025-11-12T22:18:05.144Z [DEBUG] 📍 [API /api/integrations] GET request received {"timestamp":"2025-11-12T22:18:05.144Z","url":"http://localhost:3000/api/integrations?workspace_type=personal"}
[2025-11-12T22:18:05.353Z] [INFO   ] 2025-11-12T22:18:05.353Z [DEBUG] ✅ [API /api/integrations] User authenticated {"userId":"a3e3a51a-175c-4b59-ad03-227ba12a18b0"}
[2025-11-12T22:18:05.353Z] [INFO   ] 2025-11-12T22:18:05.353Z [DEBUG] 🏠 [API /api/integrations] Workspace context {"workspaceType":"personal","workspaceId":null}
[2025-11-12T22:18:05.521Z] [INFO   ] 2025-11-12T22:18:05.521Z [DEBUG] 📊 [API /api/integrations] Parallel query results {"workspaceType":"personal","workspaceId":null,"integrationsCount":15,"permissionsCount":4,"integrationsError":null,"permissionsError":null}
[2025-11-12T22:18:05.521Z] [INFO   ] 2025-11-12T22:18:05.521Z [DEBUG] 📋 [API /api/integrations] Using explicit permission {"integrationId":"580105eb-df9a-4b0a-a934-43e5a99f9bb8","provider":"discord","permission":"admin"}
[2025-11-12T22:18:05.522Z] [INFO   ] 2025-11-12T22:18:05.521Z [DEBUG] 📋 [API /api/integrations] Using implicit permission {"integrationId":"cb175247-1caa-430b-85c0-dd7ca5ca370b","provider":"google-drive","permission":"admin","reason":"connected_by"}
[2025-11-12T22:18:05.522Z] [INFO   ] 2025-11-12T22:18:05.522Z [DEBUG] 📋 [API /api/integrations] Using implicit permission {"integrationId":"0e7c83e0-6c16-48f6-b7d8-77d3592dca01","provider":"github","permission":"admin","reason":"connected_by"}
[2025-11-12T22:18:05.522Z] [INFO   ] 2025-11-12T22:18:05.522Z [DEBUG] 📋 [API /api/integrations] Using implicit permission {"integrationId":"6f959e59-18c3-47f0-a20f-cc8a268ceb21","provider":"hubspot","permission":"admin","reason":"connected_by"}
[2025-11-12T22:18:05.522Z] [INFO   ] 2025-11-12T22:18:05.522Z [DEBUG] 📋 [API /api/integrations] Using implicit permission {"integrationId":"f367c75b-b4ea-4d0e-96ba-76368f0525a6","provider":"slack","permission":"admin","reason":"connected_by"}
[2025-11-12T22:18:05.522Z] [INFO   ] 2025-11-12T22:18:05.522Z [DEBUG] 📋 [API /api/integrations] Using implicit permission {"integrationId":"f172e387-ab0c-4c6a-975e-1767b2fd37be","provider":"notion","permission":"admin","reason":"default"}
[2025-11-12T22:18:05.522Z] [INFO   ] 2025-11-12T22:18:05.522Z [DEBUG] 📋 [API /api/integrations] Using explicit permission {"integrationId":"dc6cd712-ac50-45b5-86b6-4ff9963c7aa8","provider":"google-sheets","permission":"admin"}
[2025-11-12T22:18:05.522Z] [INFO   ] 2025-11-12T22:18:05.522Z [DEBUG] 📋 [API /api/integrations] Using explicit permission {"integrationId":"15a626c1-ecf2-4635-a287-1ddc3967a6ce","provider":"gmail","permission":"admin"}
[2025-11-12T22:18:05.522Z] [INFO   ] 2025-11-12T22:18:05.522Z [DEBUG] 📋 [API /api/integrations] Using implicit permission {"integrationId":"3d77fbe9-de84-47a8-ba84-a80981ffd516","provider":"google-calendar","permission":"admin","reason":"connected_by"}
[2025-11-12T22:18:05.522Z] [INFO   ] 2025-11-12T22:18:05.522Z [DEBUG] 📋 [API /api/integrations] Using implicit permission {"integrationId":"f0476067-a30a-4ab4-b9fb-1f5a647a7be7","provider":"facebook","permission":"admin","reason":"connected_by"}
[2025-11-12T22:18:05.522Z] [INFO   ] 2025-11-12T22:18:05.522Z [DEBUG] 📋 [API /api/integrations] Using implicit permission {"integrationId":"eb6b29ff-8086-4df6-b16a-f4e3e4242679","provider":"airtable","permission":"admin","reason":"connected_by"}
[2025-11-12T22:18:05.522Z] [INFO   ] 2025-11-12T22:18:05.522Z [DEBUG] 📋 [API /api/integrations] Using implicit permission {"integrationId":"c61c89e4-4f78-4069-8bfe-d36dd81cf6fc","provider":"dropbox","permission":"admin","reason":"connected_by"}
[2025-11-12T22:18:05.522Z] [INFO   ] 2025-11-12T22:18:05.522Z [DEBUG] 📋 [API /api/integrations] Using implicit permission {"integrationId":"a6595fc9-22fe-43dc-82a9-a3301cb3b373","provider":"google-docs","permission":"admin","reason":"connected_by"}
[2025-11-12T22:18:05.522Z] [INFO   ] 2025-11-12T22:18:05.522Z [DEBUG] 📋 [API /api/integrations] Using explicit permission {"integrationId":"8ef5c519-18a9-4a81-829e-b7a48b58f668","provider":"gumroad","permission":"admin"}
[2025-11-12T22:18:05.522Z] [INFO   ] 2025-11-12T22:18:05.522Z [DEBUG] 📋 [API /api/integrations] Using implicit permission {"integrationId":"91c85768-928a-445d-89ae-28521f5ee7f2","provider":"google-analytics","permission":"admin","reason":"connected_by"}
[2025-11-12T22:18:05.522Z] [INFO   ] 2025-11-12T22:18:05.522Z [DEBUG] ✅ [API /api/integrations] Returning integrations {"count":15,"workspaceType":"personal"}
[2025-11-12T22:19:48.947Z] [INFO   ]  [37m[1m○[22m[39m Compiling /api/integrations/auth/generate-url ...
[2025-11-12T22:19:49.824Z] [INFO   ]  [32m[1m✓[22m[39m Compiled /api/integrations/auth/generate-url in 1391ms (5445 modules)
[2025-11-12T22:19:55.842Z] [INFO   ]  [37m[1m○[22m[39m Compiling /api/integrations/hubspot/callback ...
[2025-11-12T22:19:56.065Z] [INFO   ]  [32m[1m✓[22m[39m Compiled /api/integrations/hubspot/callback in 783ms (5454 modules)
[2025-11-12T22:19:56.244Z] [INFO   ] 2025-11-12T22:19:56.244Z [DEBUG] 🔍 hubspot callback called: {"url":"http://localhost:3000/api/integrations/hubspot/callback?code=na2-0938-7506-4153-ab6c-d49f553def05&state=eyJ1c2VySWQiOiJhM2UzYTUxYS0xNzVjLTRiNTktYWQwMy0yMjdiYTEyYTE4YjAiLCJwcm92aWRlciI6Imh1YnNwb3QiLCJyZWNvbm5lY3QiOnRydWUsImludGVncmF0aW9uSWQiOiI2Zjk1OWU1OS0xOGMzLTQ3ZjAtYTIwZi1jYzhhMjY4Y2ViMjEiLCJ0aW1lc3RhbXAiOjE3NjI5ODU5OTAyNTcsIndvcmtzcGFjZVR5cGUiOiJwZXJzb25hbCJ9","hasCode":true,"hasState":true,"error":null,"userAgent":"Mozilla/5.0 (Macintosh; Intel Mac OS X 10_15_7) AppleWebKit/537.36 (KHTML, like Gecko) Chrome/141.0.0.0 Safari/537.36"}
[2025-11-12T22:19:56.244Z] [INFO   ] 2025-11-12T22:19:56.244Z [DEBUG] hubspot OAuth callback state: {"userId":"a3e3a51a-175c-4b59-ad03-227ba12a18b0","provider":"hubspot","reconnect":true,"integrationId":"6f959e59-18c3-47f0-a20f-cc8a268ceb21","workspaceType":"personal"}
[2025-11-12T22:19:56.746Z] [INFO   ] 2025-11-12T22:19:56.746Z [INFO] 🔍 [HubSpot] Starting account info fetch with access token
[2025-11-12T22:19:56.747Z] [INFO   ] 2025-11-12T22:19:56.746Z [DEBUG] 🔍 [HubSpot] Trying primary endpoint: /oauth/v1/access-tokens
[2025-11-12T22:19:56.858Z] [INFO   ] 2025-11-12T22:19:56.858Z [INFO] ✅ [HubSpot] Primary endpoint success: {"hasEmail":true,"hasHubId":true,"hasHubDomain":true,"allFields":["token","user","hub_domain","scopes","signed_access_token","token_type","user_id","app_id","hub_id","is_private_distribution","expires_in"]}
[2025-11-12T22:19:57.048Z] [INFO   ] 2025-11-12T22:19:57.048Z [DEBUG] ✅ Updated existing integration: 6f959e59-18c3-47f0-a20f-cc8a268ceb21
[2025-11-12T22:19:57.049Z] [INFO   ] 2025-11-12T22:19:57.049Z [DEBUG] Skipping permission grant for reconnect
[2025-11-12T22:19:57.049Z] [INFO   ] 2025-11-12T22:19:57.049Z [DEBUG] ✅ hubspot integration successfully saved
[2025-11-12T22:19:57.049Z] [INFO   ] 2025-11-12T22:19:57.049Z [DEBUG] 🔄 Creating popup response: type=success, provider=hubspot, displayName=HubSpot, message=hubspot connected successfully!
[2025-11-12T22:19:57.448Z] [INFO   ]  [32m[1m✓[22m[39m Compiled /api/integrations in 271ms (4290 modules)
[2025-11-12T22:19:57.548Z] [INFO   ] 2025-11-12T22:19:57.548Z [DEBUG] 📍 [API /api/integrations] GET request received {"timestamp":"2025-11-12T22:19:57.547Z","url":"http://localhost:3000/api/integrations?workspace_type=personal"}
[2025-11-12T22:19:57.750Z] [INFO   ] 2025-11-12T22:19:57.750Z [DEBUG] ✅ [API /api/integrations] User authenticated {"userId":"a3e3a51a-175c-4b59-ad03-227ba12a18b0"}
[2025-11-12T22:19:57.751Z] [INFO   ] 2025-11-12T22:19:57.751Z [DEBUG] 🏠 [API /api/integrations] Workspace context {"workspaceType":"personal","workspaceId":null}
[2025-11-12T22:19:57.904Z] [INFO   ] 2025-11-12T22:19:57.904Z [DEBUG] 📊 [API /api/integrations] Parallel query results {"workspaceType":"personal","workspaceId":null,"integrationsCount":15,"permissionsCount":4,"integrationsError":null,"permissionsError":null}
[2025-11-12T22:19:57.904Z] [INFO   ] 2025-11-12T22:19:57.904Z [DEBUG] 📋 [API /api/integrations] Using explicit permission {"integrationId":"580105eb-df9a-4b0a-a934-43e5a99f9bb8","provider":"discord","permission":"admin"}
[2025-11-12T22:19:57.904Z] [INFO   ] 2025-11-12T22:19:57.904Z [DEBUG] 📋 [API /api/integrations] Using implicit permission {"integrationId":"cb175247-1caa-430b-85c0-dd7ca5ca370b","provider":"google-drive","permission":"admin","reason":"connected_by"}
[2025-11-12T22:19:57.904Z] [INFO   ] 2025-11-12T22:19:57.904Z [DEBUG] 📋 [API /api/integrations] Using implicit permission {"integrationId":"0e7c83e0-6c16-48f6-b7d8-77d3592dca01","provider":"github","permission":"admin","reason":"connected_by"}
[2025-11-12T22:19:57.904Z] [INFO   ] 2025-11-12T22:19:57.904Z [DEBUG] 📋 [API /api/integrations] Using implicit permission {"integrationId":"f367c75b-b4ea-4d0e-96ba-76368f0525a6","provider":"slack","permission":"admin","reason":"connected_by"}
[2025-11-12T22:19:57.904Z] [INFO   ] 2025-11-12T22:19:57.904Z [DEBUG] 📋 [API /api/integrations] Using implicit permission {"integrationId":"f172e387-ab0c-4c6a-975e-1767b2fd37be","provider":"notion","permission":"admin","reason":"default"}
[2025-11-12T22:19:57.905Z] [INFO   ] 2025-11-12T22:19:57.905Z [DEBUG] 📋 [API /api/integrations] Using explicit permission {"integrationId":"dc6cd712-ac50-45b5-86b6-4ff9963c7aa8","provider":"google-sheets","permission":"admin"}
[2025-11-12T22:19:57.905Z] [INFO   ] 2025-11-12T22:19:57.905Z [DEBUG] 📋 [API /api/integrations] Using explicit permission {"integrationId":"15a626c1-ecf2-4635-a287-1ddc3967a6ce","provider":"gmail","permission":"admin"}
[2025-11-12T22:19:57.905Z] [INFO   ] 2025-11-12T22:19:57.905Z [DEBUG] 📋 [API /api/integrations] Using implicit permission {"integrationId":"3d77fbe9-de84-47a8-ba84-a80981ffd516","provider":"google-calendar","permission":"admin","reason":"connected_by"}
[2025-11-12T22:19:57.905Z] [INFO   ] 2025-11-12T22:19:57.905Z [DEBUG] 📋 [API /api/integrations] Using implicit permission {"integrationId":"f0476067-a30a-4ab4-b9fb-1f5a647a7be7","provider":"facebook","permission":"admin","reason":"connected_by"}
[2025-11-12T22:19:57.905Z] [INFO   ] 2025-11-12T22:19:57.905Z [DEBUG] 📋 [API /api/integrations] Using implicit permission {"integrationId":"eb6b29ff-8086-4df6-b16a-f4e3e4242679","provider":"airtable","permission":"admin","reason":"connected_by"}
[2025-11-12T22:19:57.905Z] [INFO   ] 2025-11-12T22:19:57.905Z [DEBUG] 📋 [API /api/integrations] Using implicit permission {"integrationId":"c61c89e4-4f78-4069-8bfe-d36dd81cf6fc","provider":"dropbox","permission":"admin","reason":"connected_by"}
[2025-11-12T22:19:57.905Z] [INFO   ] 2025-11-12T22:19:57.905Z [DEBUG] 📋 [API /api/integrations] Using implicit permission {"integrationId":"a6595fc9-22fe-43dc-82a9-a3301cb3b373","provider":"google-docs","permission":"admin","reason":"connected_by"}
[2025-11-12T22:19:57.905Z] [INFO   ] 2025-11-12T22:19:57.905Z [DEBUG] 📋 [API /api/integrations] Using implicit permission {"integrationId":"6f959e59-18c3-47f0-a20f-cc8a268ceb21","provider":"hubspot","permission":"admin","reason":"connected_by"}
[2025-11-12T22:19:57.905Z] [INFO   ] 2025-11-12T22:19:57.905Z [DEBUG] 📋 [API /api/integrations] Using explicit permission {"integrationId":"8ef5c519-18a9-4a81-829e-b7a48b58f668","provider":"gumroad","permission":"admin"}
[2025-11-12T22:19:57.905Z] [INFO   ] 2025-11-12T22:19:57.905Z [DEBUG] 📋 [API /api/integrations] Using implicit permission {"integrationId":"91c85768-928a-445d-89ae-28521f5ee7f2","provider":"google-analytics","permission":"admin","reason":"connected_by"}
[2025-11-12T22:19:57.905Z] [INFO   ] 2025-11-12T22:19:57.905Z [DEBUG] ✅ [API /api/integrations] Returning integrations {"count":15,"workspaceType":"personal"}
[2025-11-12T22:19:58.512Z] [INFO   ]  [37m[1m○[22m[39m Compiling /api/integrations/hubspot/data ...
[2025-11-12T22:19:58.777Z] [INFO   ]  [32m[1m✓[22m[39m Compiled /api/integrations/hubspot/data in 768ms (5483 modules)
[2025-11-12T22:19:58.881Z] [INFO   ] 2025-11-12T22:19:58.881Z [DEBUG] 📥 [HubSpot API] Received request: {"integrationId":"6f959e59-18c3-47f0-a20f-cc8a268ceb21","dataType":"hubspot_owners","options":{}}
[2025-11-12T22:19:58.988Z] [INFO   ] 2025-11-12T22:19:58.988Z [DEBUG] 🔍 [HubSpot API] Processing request: {"integrationId":"6f959e59-18c3-47f0-a20f-cc8a268ceb21","dataType":"hubspot_owners","status":"connected","hasToken":true}
[2025-11-12T22:19:59.141Z] [INFO   ] 2025-11-12T22:19:59.141Z [DEBUG] ✅ Fetched 1 owners
[2025-11-12T22:19:59.141Z] [INFO   ] 2025-11-12T22:19:59.141Z [DEBUG] ✅ [HubSpot API] Successfully processed hubspot_owners: {"integrationId":"6f959e59-18c3-47f0-a20f-cc8a268ceb21","resultCount":1}
[2025-11-12T22:19:59.553Z] [INFO   ]  [32m[1m✓[22m[39m Compiled /api/integrations/all-connections in 409ms (5485 modules)
[2025-11-12T22:19:59.717Z] [INFO   ] 2025-11-12T22:19:59.717Z [DEBUG] [AllConnections] Fetching all connections for provider: hubspot {"userId":"a3e3a51a-175c-4b59-ad03-227ba12a18b0","provider":"hubspot"}
[2025-11-12T22:20:00.118Z] [INFO   ] 2025-11-12T22:20:00.118Z [DEBUG] [AllConnections] Found 1 accessible connections {"provider":"hubspot","connectionIds":["6f959e59-18c3-47f0-a20f-cc8a268ceb21"]}
[2025-11-12T22:23:03.836Z] [INFO   ]  [37m[1m○[22m[39m Compiling /api/presence/count ...
[2025-11-12T22:23:04.209Z] [INFO   ]  [32m[1m✓[22m[39m Compiled /api/presence/count in 924ms (4274 modules)
[2025-11-12T23:21:10.282Z] [INFO   ] 2025-11-12T23:21:10.281Z [DEBUG] 🔑 Discord bot token loaded
[2025-11-12T23:21:10.341Z] [INFO   ] 2025-11-12T23:21:10.341Z [DEBUG] Discord Gateway closed, persistent reconnect disabled
[2025-11-12T23:21:10.690Z] [INFO   ] 2025-11-12T23:21:10.689Z [DEBUG] Discord Gateway WebSocket connection established
[2025-11-12T23:21:10.691Z] [INFO   ] 2025-11-12T23:21:10.691Z [DEBUG] 🔑 Sending identify with intents: {"GUILDS":true,"GUILD_MEMBERS":true,"GUILD_INVITES":true,"GUILD_MESSAGES":true,"MESSAGE_CONTENT":true,"intentsValue":33347}
[2025-11-13T00:54:58.747Z] [INFO   ] 2025-11-13T00:54:58.747Z [DEBUG] 🔑 Discord bot token loaded
[2025-11-13T00:54:58.806Z] [INFO   ] 2025-11-13T00:54:58.806Z [DEBUG] Discord Gateway closed, persistent reconnect disabled
[2025-11-13T00:54:59.165Z] [INFO   ] 2025-11-13T00:54:59.165Z [DEBUG] Discord Gateway WebSocket connection established
[2025-11-13T00:54:59.165Z] [INFO   ] 2025-11-13T00:54:59.165Z [DEBUG] 🔑 Sending identify with intents: {"GUILDS":true,"GUILD_MEMBERS":true,"GUILD_INVITES":true,"GUILD_MESSAGES":true,"MESSAGE_CONTENT":true,"intentsValue":33347}
[2025-11-13T00:56:22.250Z] [INFO   ]  [32m[1m✓[22m[39m Compiled in 1416ms (5335 modules)
[2025-11-13T00:56:38.562Z] [INFO   ]  [32m[1m✓[22m[39m Compiled in 297ms (1180 modules)
[2025-11-13T00:56:43.509Z] [INFO   ]  [32m[1m✓[22m[39m Compiled in 298ms (1180 modules)
[2025-11-13T00:58:49.103Z] [INFO   ]  [37m[1m○[22m[39m Compiling /api/presence/count ...
[2025-11-13T00:58:49.208Z] [INFO   ]  [32m[1m✓[22m[39m Compiled /api/presence/count in 847ms (4274 modules)
[2025-11-13T01:12:10.816Z] [INFO   ]  [37m[1m○[22m[39m Compiling /test/apps ...
[2025-11-13T01:12:12.775Z] [INFO   ]  [32m[1m✓[22m[39m Compiled /test/apps in 2.6s (5336 modules)
[2025-11-13T01:12:13.123Z] [INFO   ] 2025-11-13T01:12:13.123Z [DEBUG] 💧 [AUTH] Rehydrating auth state from storage {"hasState":true,"hasUser":false,"initialized":false,"timestamp":"2025-11-13T01:12:13.123Z"}
[2025-11-13T01:12:13.128Z] [INFO   ] 2025-11-13T01:12:13.128Z [DEBUG] 💧 [AUTH] State hydrated and reset {"hasUser":false,"initialized":false,"timestamp":"2025-11-13T01:12:13.127Z"}
[2025-11-13T01:12:13.128Z] [INFO   ] 2025-11-13T01:12:13.128Z [DEBUG] ⏭️ [AUTH] Skipping initialization {"hasState":true,"alreadyInitialized":false,"isClient":false,"timestamp":"2025-11-13T01:12:13.128Z"}
[2025-11-13T01:12:14.348Z] [INFO   ]  [32m[1m✓[22m[39m Compiled /api/admin/integration-providers in 480ms (4180 modules)
[2025-11-13T01:12:15.243Z] [INFO   ]  [32m[1m✓[22m[39m Compiled in 359ms (1172 modules)
[2025-11-13T01:12:15.416Z] [INFO   ] 2025-11-13T01:12:15.416Z [DEBUG] 📍 [API /api/integrations] GET request received {"timestamp":"2025-11-13T01:12:15.416Z","url":"http://localhost:3000/api/integrations"}
[2025-11-13T01:12:15.844Z] [INFO   ] 2025-11-13T01:12:15.844Z [DEBUG] ✅ [API /api/integrations] User authenticated {"userId":"a3e3a51a-175c-4b59-ad03-227ba12a18b0"}
[2025-11-13T01:12:15.845Z] [INFO   ] 2025-11-13T01:12:15.845Z [DEBUG] 🏠 [API /api/integrations] Workspace context {"workspaceType":"personal","workspaceId":null}
[2025-11-13T01:12:16.049Z] [INFO   ] 2025-11-13T01:12:16.049Z [DEBUG] 📊 [API /api/integrations] Parallel query results {"workspaceType":"personal","workspaceId":null,"integrationsCount":15,"permissionsCount":4,"integrationsError":null,"permissionsError":null}
[2025-11-13T01:12:16.050Z] [INFO   ] 2025-11-13T01:12:16.050Z [DEBUG] 📋 [API /api/integrations] Using explicit permission {"integrationId":"580105eb-df9a-4b0a-a934-43e5a99f9bb8","provider":"discord","permission":"admin"}
[2025-11-13T01:12:16.050Z] [INFO   ] 2025-11-13T01:12:16.050Z [DEBUG] 📋 [API /api/integrations] Using implicit permission {"integrationId":"cb175247-1caa-430b-85c0-dd7ca5ca370b","provider":"google-drive","permission":"admin","reason":"connected_by"}
[2025-11-13T01:12:16.050Z] [INFO   ] 2025-11-13T01:12:16.050Z [DEBUG] 📋 [API /api/integrations] Using implicit permission {"integrationId":"0e7c83e0-6c16-48f6-b7d8-77d3592dca01","provider":"github","permission":"admin","reason":"connected_by"}
[2025-11-13T01:12:16.050Z] [INFO   ] 2025-11-13T01:12:16.050Z [DEBUG] 📋 [API /api/integrations] Using implicit permission {"integrationId":"f367c75b-b4ea-4d0e-96ba-76368f0525a6","provider":"slack","permission":"admin","reason":"connected_by"}
[2025-11-13T01:12:16.050Z] [INFO   ] 2025-11-13T01:12:16.050Z [DEBUG] 📋 [API /api/integrations] Using implicit permission {"integrationId":"f172e387-ab0c-4c6a-975e-1767b2fd37be","provider":"notion","permission":"admin","reason":"default"}
[2025-11-13T01:12:16.050Z] [INFO   ] 2025-11-13T01:12:16.050Z [DEBUG] 📋 [API /api/integrations] Using explicit permission {"integrationId":"15a626c1-ecf2-4635-a287-1ddc3967a6ce","provider":"gmail","permission":"admin"}
[2025-11-13T01:12:16.050Z] [INFO   ] 2025-11-13T01:12:16.050Z [DEBUG] 📋 [API /api/integrations] Using implicit permission {"integrationId":"3d77fbe9-de84-47a8-ba84-a80981ffd516","provider":"google-calendar","permission":"admin","reason":"connected_by"}
[2025-11-13T01:12:16.050Z] [INFO   ] 2025-11-13T01:12:16.050Z [DEBUG] 📋 [API /api/integrations] Using explicit permission {"integrationId":"dc6cd712-ac50-45b5-86b6-4ff9963c7aa8","provider":"google-sheets","permission":"admin"}
[2025-11-13T01:12:16.050Z] [INFO   ] 2025-11-13T01:12:16.050Z [DEBUG] 📋 [API /api/integrations] Using implicit permission {"integrationId":"f0476067-a30a-4ab4-b9fb-1f5a647a7be7","provider":"facebook","permission":"admin","reason":"connected_by"}
[2025-11-13T01:12:16.050Z] [INFO   ] 2025-11-13T01:12:16.050Z [DEBUG] 📋 [API /api/integrations] Using implicit permission {"integrationId":"c61c89e4-4f78-4069-8bfe-d36dd81cf6fc","provider":"dropbox","permission":"admin","reason":"connected_by"}
[2025-11-13T01:12:16.050Z] [INFO   ] 2025-11-13T01:12:16.050Z [DEBUG] 📋 [API /api/integrations] Using implicit permission {"integrationId":"a6595fc9-22fe-43dc-82a9-a3301cb3b373","provider":"google-docs","permission":"admin","reason":"connected_by"}
[2025-11-13T01:12:16.050Z] [INFO   ] 2025-11-13T01:12:16.050Z [DEBUG] 📋 [API /api/integrations] Using implicit permission {"integrationId":"6f959e59-18c3-47f0-a20f-cc8a268ceb21","provider":"hubspot","permission":"admin","reason":"connected_by"}
[2025-11-13T01:12:16.051Z] [INFO   ] 2025-11-13T01:12:16.051Z [DEBUG] 📋 [API /api/integrations] Using implicit permission {"integrationId":"eb6b29ff-8086-4df6-b16a-f4e3e4242679","provider":"airtable","permission":"admin","reason":"connected_by"}
[2025-11-13T01:12:16.051Z] [INFO   ] 2025-11-13T01:12:16.051Z [DEBUG] 📋 [API /api/integrations] Using explicit permission {"integrationId":"8ef5c519-18a9-4a81-829e-b7a48b58f668","provider":"gumroad","permission":"admin"}
[2025-11-13T01:12:16.051Z] [INFO   ] 2025-11-13T01:12:16.051Z [DEBUG] 📋 [API /api/integrations] Using implicit permission {"integrationId":"91c85768-928a-445d-89ae-28521f5ee7f2","provider":"google-analytics","permission":"admin","reason":"connected_by"}
[2025-11-13T01:12:16.051Z] [INFO   ] 2025-11-13T01:12:16.051Z [DEBUG] ✅ [API /api/integrations] Returning integrations {"count":15,"workspaceType":"personal"}
[2025-11-13T01:12:17.173Z] [INFO   ] 2025-11-13T01:12:17.173Z [DEBUG] 📍 [API /api/integrations] GET request received {"timestamp":"2025-11-13T01:12:17.173Z","url":"http://localhost:3000/api/integrations"}
[2025-11-13T01:12:17.288Z] [INFO   ] 2025-11-13T01:12:17.287Z [DEBUG] ✅ [API /api/integrations] User authenticated {"userId":"a3e3a51a-175c-4b59-ad03-227ba12a18b0"}
[2025-11-13T01:12:17.288Z] [INFO   ] 2025-11-13T01:12:17.288Z [DEBUG] 🏠 [API /api/integrations] Workspace context {"workspaceType":"personal","workspaceId":null}
[2025-11-13T01:12:17.434Z] [INFO   ] 2025-11-13T01:12:17.433Z [DEBUG] 📊 [API /api/integrations] Parallel query results {"workspaceType":"personal","workspaceId":null,"integrationsCount":15,"permissionsCount":4,"integrationsError":null,"permissionsError":null}
[2025-11-13T01:12:17.434Z] [INFO   ] 2025-11-13T01:12:17.434Z [DEBUG] 📋 [API /api/integrations] Using explicit permission {"integrationId":"580105eb-df9a-4b0a-a934-43e5a99f9bb8","provider":"discord","permission":"admin"}
[2025-11-13T01:12:17.434Z] [INFO   ] 2025-11-13T01:12:17.434Z [DEBUG] 📋 [API /api/integrations] Using implicit permission {"integrationId":"cb175247-1caa-430b-85c0-dd7ca5ca370b","provider":"google-drive","permission":"admin","reason":"connected_by"}
[2025-11-13T01:12:17.434Z] [INFO   ] 2025-11-13T01:12:17.434Z [DEBUG] 📋 [API /api/integrations] Using implicit permission {"integrationId":"0e7c83e0-6c16-48f6-b7d8-77d3592dca01","provider":"github","permission":"admin","reason":"connected_by"}
[2025-11-13T01:12:17.434Z] [INFO   ] 2025-11-13T01:12:17.434Z [DEBUG] 📋 [API /api/integrations] Using implicit permission {"integrationId":"f367c75b-b4ea-4d0e-96ba-76368f0525a6","provider":"slack","permission":"admin","reason":"connected_by"}
[2025-11-13T01:12:17.434Z] [INFO   ] 2025-11-13T01:12:17.434Z [DEBUG] 📋 [API /api/integrations] Using implicit permission {"integrationId":"f172e387-ab0c-4c6a-975e-1767b2fd37be","provider":"notion","permission":"admin","reason":"default"}
[2025-11-13T01:12:17.434Z] [INFO   ] 2025-11-13T01:12:17.434Z [DEBUG] 📋 [API /api/integrations] Using explicit permission {"integrationId":"15a626c1-ecf2-4635-a287-1ddc3967a6ce","provider":"gmail","permission":"admin"}
[2025-11-13T01:12:17.434Z] [INFO   ] 2025-11-13T01:12:17.434Z [DEBUG] 📋 [API /api/integrations] Using implicit permission {"integrationId":"3d77fbe9-de84-47a8-ba84-a80981ffd516","provider":"google-calendar","permission":"admin","reason":"connected_by"}
[2025-11-13T01:12:17.434Z] [INFO   ] 2025-11-13T01:12:17.434Z [DEBUG] 📋 [API /api/integrations] Using explicit permission {"integrationId":"dc6cd712-ac50-45b5-86b6-4ff9963c7aa8","provider":"google-sheets","permission":"admin"}
[2025-11-13T01:12:17.434Z] [INFO   ] 2025-11-13T01:12:17.434Z [DEBUG] 📋 [API /api/integrations] Using implicit permission {"integrationId":"f0476067-a30a-4ab4-b9fb-1f5a647a7be7","provider":"facebook","permission":"admin","reason":"connected_by"}
[2025-11-13T01:12:17.434Z] [INFO   ] 2025-11-13T01:12:17.434Z [DEBUG] 📋 [API /api/integrations] Using implicit permission {"integrationId":"c61c89e4-4f78-4069-8bfe-d36dd81cf6fc","provider":"dropbox","permission":"admin","reason":"connected_by"}
[2025-11-13T01:12:17.434Z] [INFO   ] 2025-11-13T01:12:17.434Z [DEBUG] 📋 [API /api/integrations] Using implicit permission {"integrationId":"a6595fc9-22fe-43dc-82a9-a3301cb3b373","provider":"google-docs","permission":"admin","reason":"connected_by"}
[2025-11-13T01:12:17.434Z] [INFO   ] 2025-11-13T01:12:17.434Z [DEBUG] 📋 [API /api/integrations] Using implicit permission {"integrationId":"6f959e59-18c3-47f0-a20f-cc8a268ceb21","provider":"hubspot","permission":"admin","reason":"connected_by"}
[2025-11-13T01:12:17.434Z] [INFO   ] 2025-11-13T01:12:17.434Z [DEBUG] 📋 [API /api/integrations] Using implicit permission {"integrationId":"eb6b29ff-8086-4df6-b16a-f4e3e4242679","provider":"airtable","permission":"admin","reason":"connected_by"}
[2025-11-13T01:12:17.434Z] [INFO   ] 2025-11-13T01:12:17.434Z [DEBUG] 📋 [API /api/integrations] Using explicit permission {"integrationId":"8ef5c519-18a9-4a81-829e-b7a48b58f668","provider":"gumroad","permission":"admin"}
[2025-11-13T01:12:17.434Z] [INFO   ] 2025-11-13T01:12:17.434Z [DEBUG] 📋 [API /api/integrations] Using implicit permission {"integrationId":"91c85768-928a-445d-89ae-28521f5ee7f2","provider":"google-analytics","permission":"admin","reason":"connected_by"}
[2025-11-13T01:12:17.435Z] [INFO   ] 2025-11-13T01:12:17.435Z [DEBUG] ✅ [API /api/integrations] Returning integrations {"count":15,"workspaceType":"personal"}
[2025-11-13T01:12:19.027Z] [INFO   ] 2025-11-13T01:12:19.026Z [DEBUG] 📍 [API /api/integrations] GET request received {"timestamp":"2025-11-13T01:12:19.026Z","url":"http://localhost:3000/api/integrations?workspace_type=personal"}
[2025-11-13T01:12:19.126Z] [INFO   ] 2025-11-13T01:12:19.126Z [DEBUG] ✅ [API /api/integrations] User authenticated {"userId":"a3e3a51a-175c-4b59-ad03-227ba12a18b0"}
[2025-11-13T01:12:19.127Z] [INFO   ] 2025-11-13T01:12:19.127Z [DEBUG] 🏠 [API /api/integrations] Workspace context {"workspaceType":"personal","workspaceId":null}
[2025-11-13T01:12:19.252Z] [INFO   ] 2025-11-13T01:12:19.252Z [DEBUG] 📊 [API /api/integrations] Parallel query results {"workspaceType":"personal","workspaceId":null,"integrationsCount":15,"permissionsCount":4,"integrationsError":null,"permissionsError":null}
[2025-11-13T01:12:19.252Z] [INFO   ] 2025-11-13T01:12:19.252Z [DEBUG] 📋 [API /api/integrations] Using explicit permission {"integrationId":"580105eb-df9a-4b0a-a934-43e5a99f9bb8","provider":"discord","permission":"admin"}
[2025-11-13T01:12:19.252Z] [INFO   ] 2025-11-13T01:12:19.252Z [DEBUG] 📋 [API /api/integrations] Using implicit permission {"integrationId":"cb175247-1caa-430b-85c0-dd7ca5ca370b","provider":"google-drive","permission":"admin","reason":"connected_by"}
[2025-11-13T01:12:19.252Z] [INFO   ] 2025-11-13T01:12:19.252Z [DEBUG] 📋 [API /api/integrations] Using implicit permission {"integrationId":"0e7c83e0-6c16-48f6-b7d8-77d3592dca01","provider":"github","permission":"admin","reason":"connected_by"}
[2025-11-13T01:12:19.252Z] [INFO   ] 2025-11-13T01:12:19.252Z [DEBUG] 📋 [API /api/integrations] Using implicit permission {"integrationId":"f367c75b-b4ea-4d0e-96ba-76368f0525a6","provider":"slack","permission":"admin","reason":"connected_by"}
[2025-11-13T01:12:19.252Z] [INFO   ] 2025-11-13T01:12:19.252Z [DEBUG] 📋 [API /api/integrations] Using implicit permission {"integrationId":"f172e387-ab0c-4c6a-975e-1767b2fd37be","provider":"notion","permission":"admin","reason":"default"}
[2025-11-13T01:12:19.252Z] [INFO   ] 2025-11-13T01:12:19.252Z [DEBUG] 📋 [API /api/integrations] Using explicit permission {"integrationId":"15a626c1-ecf2-4635-a287-1ddc3967a6ce","provider":"gmail","permission":"admin"}
[2025-11-13T01:12:19.252Z] [INFO   ] 2025-11-13T01:12:19.252Z [DEBUG] 📋 [API /api/integrations] Using implicit permission {"integrationId":"3d77fbe9-de84-47a8-ba84-a80981ffd516","provider":"google-calendar","permission":"admin","reason":"connected_by"}
[2025-11-13T01:12:19.252Z] [INFO   ] 2025-11-13T01:12:19.252Z [DEBUG] 📋 [API /api/integrations] Using explicit permission {"integrationId":"dc6cd712-ac50-45b5-86b6-4ff9963c7aa8","provider":"google-sheets","permission":"admin"}
[2025-11-13T01:12:19.252Z] [INFO   ] 2025-11-13T01:12:19.252Z [DEBUG] 📋 [API /api/integrations] Using implicit permission {"integrationId":"f0476067-a30a-4ab4-b9fb-1f5a647a7be7","provider":"facebook","permission":"admin","reason":"connected_by"}
[2025-11-13T01:12:19.252Z] [INFO   ] 2025-11-13T01:12:19.252Z [DEBUG] 📋 [API /api/integrations] Using implicit permission {"integrationId":"c61c89e4-4f78-4069-8bfe-d36dd81cf6fc","provider":"dropbox","permission":"admin","reason":"connected_by"}
[2025-11-13T01:12:19.252Z] [INFO   ] 2025-11-13T01:12:19.252Z [DEBUG] 📋 [API /api/integrations] Using implicit permission {"integrationId":"a6595fc9-22fe-43dc-82a9-a3301cb3b373","provider":"google-docs","permission":"admin","reason":"connected_by"}
[2025-11-13T01:12:19.252Z] [INFO   ] 2025-11-13T01:12:19.252Z [DEBUG] 📋 [API /api/integrations] Using implicit permission {"integrationId":"6f959e59-18c3-47f0-a20f-cc8a268ceb21","provider":"hubspot","permission":"admin","reason":"connected_by"}
[2025-11-13T01:12:19.252Z] [INFO   ] 2025-11-13T01:12:19.252Z [DEBUG] 📋 [API /api/integrations] Using implicit permission {"integrationId":"eb6b29ff-8086-4df6-b16a-f4e3e4242679","provider":"airtable","permission":"admin","reason":"connected_by"}
[2025-11-13T01:12:19.252Z] [INFO   ] 2025-11-13T01:12:19.252Z [DEBUG] 📋 [API /api/integrations] Using explicit permission {"integrationId":"8ef5c519-18a9-4a81-829e-b7a48b58f668","provider":"gumroad","permission":"admin"}
[2025-11-13T01:12:19.252Z] [INFO   ] 2025-11-13T01:12:19.252Z [DEBUG] 📋 [API /api/integrations] Using implicit permission {"integrationId":"91c85768-928a-445d-89ae-28521f5ee7f2","provider":"google-analytics","permission":"admin","reason":"connected_by"}
[2025-11-13T01:12:19.252Z] [INFO   ] 2025-11-13T01:12:19.252Z [DEBUG] ✅ [API /api/integrations] Returning integrations {"count":15,"workspaceType":"personal"}
[2025-11-13T01:12:38.590Z] [INFO   ]  [37m[1m○[22m[39m Compiling /api/admin/test-integration ...
[2025-11-13T01:12:38.597Z] [INFO   ]  [32m[1m✓[22m[39m Compiled /api/admin/test-integration in 552ms (5782 modules)
[2025-11-13T01:12:39.430Z] [WARN   ] 2025-11-13T01:12:39.428Z [WARN] [TestIntegration] Failed to load dynamic field baseId: Failed to load dynamic options for baseId
[2025-11-13T01:12:40.918Z] [WARN   ] 2025-11-13T01:12:40.918Z [WARN] [TestIntegration] Failed to load dynamic field tableName: Failed to load dynamic options for tableName
[2025-11-13T01:12:40.919Z] [ERROR  ] 2025-11-13T01:12:40.919Z [ERROR] [TestIntegration] Stream error: {}
[2025-11-13T01:12:41.048Z] [ERROR  ] failed to pipe response
Error: failed to pipe response
    at pipeToNodeResponse (webpack-internal:///(rsc)/./node_modules/next/dist/server/pipe-readable.js:127:37)
    at process.processTicksAndRejections (node:internal/process/task_queues:105:5)
    at async sendResponse (webpack-internal:///(rsc)/./node_modules/next/dist/server/send-response.js:63:13)
    at async responseGenerator (webpack-internal:///(rsc)/./node_modules/next/dist/build/webpack/loaders/next-app-loader/index.js?name=app%2Fapi%2Fadmin%2Ftest-integration%2Froute&page=%2Fapi%2Fadmin%2Ftest-integration%2Froute&appPaths=&pagePath=private-next-app-dir%2Fapi%2Fadmin%2Ftest-integration%2Froute.ts&appDir=%2FUsers%2Fnathanielstoddard%2Fchainreact-app%2Fchainreact-app-9e%2Fapp&pageExtensions=tsx&pageExtensions=ts&pageExtensions=jsx&pageExtensions=js&rootDir=%2FUsers%2Fnathanielstoddard%2Fchainreact-app%2Fchainreact-app-9e&isDev=true&tsconfigPath=tsconfig.json&basePath=&assetPrefix=&nextConfigOutput=&preferredRegion=&middlewareConfig=e30%3D&isGlobalNotFoundEnabled=!:245:25)
    at async AppRouteRouteModule.handleResponse (/Users/nathanielstoddard/chainreact-app/chainreact-app-9e/node_modules/next/dist/compiled/next-server/app-route.runtime.dev.js:1:187565)
    at async handleResponse (webpack-internal:///(rsc)/./node_modules/next/dist/build/webpack/loaders/next-app-loader/index.js?name=app%2Fapi%2Fadmin%2Ftest-integration%2Froute&page=%2Fapi%2Fadmin%2Ftest-integration%2Froute&appPaths=&pagePath=private-next-app-dir%2Fapi%2Fadmin%2Ftest-integration%2Froute.ts&appDir=%2FUsers%2Fnathanielstoddard%2Fchainreact-app%2Fchainreact-app-9e%2Fapp&pageExtensions=tsx&pageExtensions=ts&pageExtensions=jsx&pageExtensions=js&rootDir=%2FUsers%2Fnathanielstoddard%2Fchainreact-app%2Fchainreact-app-9e&isDev=true&tsconfigPath=tsconfig.json&basePath=&assetPrefix=&nextConfigOutput=&preferredRegion=&middlewareConfig=e30%3D&isGlobalNotFoundEnabled=!:265:32)
    at async handler (webpack-internal:///(rsc)/./node_modules/next/dist/build/webpack/loaders/next-app-loader/index.js?name=app%2Fapi%2Fadmin%2Ftest-integration%2Froute&page=%2Fapi%2Fadmin%2Ftest-integration%2Froute&appPaths=&pagePath=private-next-app-dir%2Fapi%2Fadmin%2Ftest-integration%2Froute.ts&appDir=%2FUsers%2Fnathanielstoddard%2Fchainreact-app%2Fchainreact-app-9e%2Fapp&pageExtensions=tsx&pageExtensions=ts&pageExtensions=jsx&pageExtensions=js&rootDir=%2FUsers%2Fnathanielstoddard%2Fchainreact-app%2Fchainreact-app-9e&isDev=true&tsconfigPath=tsconfig.json&basePath=&assetPrefix=&nextConfigOutput=&preferredRegion=&middlewareConfig=e30%3D&isGlobalNotFoundEnabled=!:317:13)
    at async DevServer.renderToResponseWithComponentsImpl (/Users/nathanielstoddard/chainreact-app/chainreact-app-9e/node_modules/next/dist/server/base-server.js:1422:9)
    at async DevServer.renderPageComponent (/Users/nathanielstoddard/chainreact-app/chainreact-app-9e/node_modules/next/dist/server/base-server.js:1474:24)
    at async DevServer.renderToResponseImpl (/Users/nathanielstoddard/chainreact-app/chainreact-app-9e/node_modules/next/dist/server/base-server.js:1514:32)
    at async DevServer.pipeImpl (/Users/nathanielstoddard/chainreact-app/chainreact-app-9e/node_modules/next/dist/server/base-server.js:1025:25)
    at async NextNodeServer.handleCatchallRenderRequest (/Users/nathanielstoddard/chainreact-app/chainreact-app-9e/node_modules/next/dist/server/next-server.js:393:17)
    at async DevServer.handleRequestImpl (/Users/nathanielstoddard/chainreact-app/chainreact-app-9e/node_modules/next/dist/server/base-server.js:916:17)
    at async /Users/nathanielstoddard/chainreact-app/chainreact-app-9e/node_modules/next/dist/server/dev/next-dev-server.js:399:20
    at async Span.traceAsyncFn (/Users/nathanielstoddard/chainreact-app/chainreact-app-9e/node_modules/next/dist/trace/trace.js:157:20)
    at async DevServer.handleRequest (/Users/nathanielstoddard/chainreact-app/chainreact-app-9e/node_modules/next/dist/server/dev/next-dev-server.js:395:24)
    at async invokeRender (/Users/nathanielstoddard/chainreact-app/chainreact-app-9e/node_modules/next/dist/server/lib/router-server.js:240:21)
    at async handleRequest (/Users/nathanielstoddard/chainreact-app/chainreact-app-9e/node_modules/next/dist/server/lib/router-server.js:437:24)
    at async requestHandlerImpl (/Users/nathanielstoddard/chainreact-app/chainreact-app-9e/node_modules/next/dist/server/lib/router-server.js:485:13)
    at async Server.requestListener (/Users/nathanielstoddard/chainreact-app/chainreact-app-9e/node_modules/next/dist/server/lib/start-server.js:226:13)
[2025-11-13T01:13:38.742Z] [ERROR  ] ENOENT: no such file or directory, stat '/Users/nathanielstoddard/chainreact-app/chainreact-app-9e/.next/cache/webpack/server-development/0.pack.gz'
Error: ENOENT: no such file or directory, stat '/Users/nathanielstoddard/chainreact-app/chainreact-app-9e/.next/cache/webpack/server-development/0.pack.gz'
[2025-11-13T01:13:38.743Z] [ERROR  ]  [31m[1m⨯[22m[39m unhandledRejection: ENOENT: no such file or directory, stat '/Users/nathanielstoddard/chainreact-app/chainreact-app-9e/.next/cache/webpack/server-development/0.pack.gz'
Error: ENOENT: no such file or directory, stat '/Users/nathanielstoddard/chainreact-app/chainreact-app-9e/.next/cache/webpack/server-development/0.pack.gz'
[2025-11-13T01:13:38.743Z] [ERROR  ]  [31m[1m⨯[22m[39m unhandledRejection:  ENOENT: no such file or directory, stat '/Users/nathanielstoddard/chainreact-app/chainreact-app-9e/.next/cache/webpack/server-development/0.pack.gz'
Error: ENOENT: no such file or directory, stat '/Users/nathanielstoddard/chainreact-app/chainreact-app-9e/.next/cache/webpack/server-development/0.pack.gz'
[2025-11-13T01:13:38.745Z] [ERROR  ] ENOENT: no such file or directory, stat '/Users/nathanielstoddard/chainreact-app/chainreact-app-9e/.next/cache/webpack/server-development/4.pack.gz'
Error: ENOENT: no such file or directory, stat '/Users/nathanielstoddard/chainreact-app/chainreact-app-9e/.next/cache/webpack/server-development/4.pack.gz'
[2025-11-13T01:13:38.745Z] [ERROR  ]  [31m[1m⨯[22m[39m unhandledRejection: ENOENT: no such file or directory, stat '/Users/nathanielstoddard/chainreact-app/chainreact-app-9e/.next/cache/webpack/server-development/4.pack.gz'
Error: ENOENT: no such file or directory, stat '/Users/nathanielstoddard/chainreact-app/chainreact-app-9e/.next/cache/webpack/server-development/4.pack.gz'
[2025-11-13T01:13:38.747Z] [ERROR  ]  [31m[1m⨯[22m[39m unhandledRejection:  ENOENT: no such file or directory, stat '/Users/nathanielstoddard/chainreact-app/chainreact-app-9e/.next/cache/webpack/server-development/4.pack.gz'
Error: ENOENT: no such file or directory, stat '/Users/nathanielstoddard/chainreact-app/chainreact-app-9e/.next/cache/webpack/server-development/4.pack.gz'
[2025-11-13T01:13:38.748Z] [ERROR  ] ENOENT: no such file or directory, stat '/Users/nathanielstoddard/chainreact-app/chainreact-app-9e/.next/cache/webpack/server-development/6.pack.gz'
Error: ENOENT: no such file or directory, stat '/Users/nathanielstoddard/chainreact-app/chainreact-app-9e/.next/cache/webpack/server-development/6.pack.gz'
[2025-11-13T01:13:38.748Z] [ERROR  ]  [31m[1m⨯[22m[39m unhandledRejection: ENOENT: no such file or directory, stat '/Users/nathanielstoddard/chainreact-app/chainreact-app-9e/.next/cache/webpack/server-development/6.pack.gz'
Error: ENOENT: no such file or directory, stat '/Users/nathanielstoddard/chainreact-app/chainreact-app-9e/.next/cache/webpack/server-development/6.pack.gz'
[2025-11-13T01:13:38.754Z] [ERROR  ]  [31m[1m⨯[22m[39m unhandledRejection:  ENOENT: no such file or directory, stat '/Users/nathanielstoddard/chainreact-app/chainreact-app-9e/.next/cache/webpack/server-development/6.pack.gz'
Error: ENOENT: no such file or directory, stat '/Users/nathanielstoddard/chainreact-app/chainreact-app-9e/.next/cache/webpack/server-development/6.pack.gz'
[2025-11-13T01:13:38.754Z] [ERROR  ] ENOENT: no such file or directory, stat '/Users/nathanielstoddard/chainreact-app/chainreact-app-9e/.next/cache/webpack/server-development/8.pack.gz'
Error: ENOENT: no such file or directory, stat '/Users/nathanielstoddard/chainreact-app/chainreact-app-9e/.next/cache/webpack/server-development/8.pack.gz'
[2025-11-13T01:13:38.755Z] [ERROR  ]  [31m[1m⨯[22m[39m unhandledRejection: ENOENT: no such file or directory, stat '/Users/nathanielstoddard/chainreact-app/chainreact-app-9e/.next/cache/webpack/server-development/8.pack.gz'
Error: ENOENT: no such file or directory, stat '/Users/nathanielstoddard/chainreact-app/chainreact-app-9e/.next/cache/webpack/server-development/8.pack.gz'
[2025-11-13T01:13:38.755Z] [ERROR  ]  [31m[1m⨯[22m[39m unhandledRejection:  ENOENT: no such file or directory, stat '/Users/nathanielstoddard/chainreact-app/chainreact-app-9e/.next/cache/webpack/server-development/8.pack.gz'
Error: ENOENT: no such file or directory, stat '/Users/nathanielstoddard/chainreact-app/chainreact-app-9e/.next/cache/webpack/server-development/8.pack.gz'
[2025-11-13T01:13:39.233Z] [ERROR  ] ENOENT: no such file or directory, stat '/Users/nathanielstoddard/chainreact-app/chainreact-app-9e/.next/cache/webpack/client-development/18.pack.gz'
Error: ENOENT: no such file or directory, stat '/Users/nathanielstoddard/chainreact-app/chainreact-app-9e/.next/cache/webpack/client-development/18.pack.gz'
[2025-11-13T01:13:39.234Z] [ERROR  ]  [31m[1m⨯[22m[39m unhandledRejection: ENOENT: no such file or directory, stat '/Users/nathanielstoddard/chainreact-app/chainreact-app-9e/.next/cache/webpack/client-development/18.pack.gz'
Error: ENOENT: no such file or directory, stat '/Users/nathanielstoddard/chainreact-app/chainreact-app-9e/.next/cache/webpack/client-development/18.pack.gz'
[2025-11-13T01:13:39.234Z] [ERROR  ]  [31m[1m⨯[22m[39m unhandledRejection:  ENOENT: no such file or directory, stat '/Users/nathanielstoddard/chainreact-app/chainreact-app-9e/.next/cache/webpack/client-development/18.pack.gz'
Error: ENOENT: no such file or directory, stat '/Users/nathanielstoddard/chainreact-app/chainreact-app-9e/.next/cache/webpack/client-development/18.pack.gz'
[2025-11-13T01:13:39.234Z] [ERROR  ] ENOENT: no such file or directory, stat '/Users/nathanielstoddard/chainreact-app/chainreact-app-9e/.next/cache/webpack/client-development/32.pack.gz'
Error: ENOENT: no such file or directory, stat '/Users/nathanielstoddard/chainreact-app/chainreact-app-9e/.next/cache/webpack/client-development/32.pack.gz'
[2025-11-13T01:13:39.234Z] [ERROR  ]  [31m[1m⨯[22m[39m unhandledRejection: ENOENT: no such file or directory, stat '/Users/nathanielstoddard/chainreact-app/chainreact-app-9e/.next/cache/webpack/client-development/32.pack.gz'
Error: ENOENT: no such file or directory, stat '/Users/nathanielstoddard/chainreact-app/chainreact-app-9e/.next/cache/webpack/client-development/32.pack.gz'
[2025-11-13T01:13:39.234Z] [ERROR  ]  [31m[1m⨯[22m[39m unhandledRejection:  ENOENT: no such file or directory, stat '/Users/nathanielstoddard/chainreact-app/chainreact-app-9e/.next/cache/webpack/client-development/32.pack.gz'
Error: ENOENT: no such file or directory, stat '/Users/nathanielstoddard/chainreact-app/chainreact-app-9e/.next/cache/webpack/client-development/32.pack.gz'
[2025-11-13T01:13:39.234Z] [ERROR  ] ENOENT: no such file or directory, stat '/Users/nathanielstoddard/chainreact-app/chainreact-app-9e/.next/cache/webpack/client-development/61.pack.gz'
Error: ENOENT: no such file or directory, stat '/Users/nathanielstoddard/chainreact-app/chainreact-app-9e/.next/cache/webpack/client-development/61.pack.gz'
[2025-11-13T01:13:39.234Z] [ERROR  ]  [31m[1m⨯[22m[39m unhandledRejection: ENOENT: no such file or directory, stat '/Users/nathanielstoddard/chainreact-app/chainreact-app-9e/.next/cache/webpack/client-development/61.pack.gz'
Error: ENOENT: no such file or directory, stat '/Users/nathanielstoddard/chainreact-app/chainreact-app-9e/.next/cache/webpack/client-development/61.pack.gz'
[2025-11-13T01:13:39.234Z] [ERROR  ]  [31m[1m⨯[22m[39m unhandledRejection:  ENOENT: no such file or directory, stat '/Users/nathanielstoddard/chainreact-app/chainreact-app-9e/.next/cache/webpack/client-development/61.pack.gz'
Error: ENOENT: no such file or directory, stat '/Users/nathanielstoddard/chainreact-app/chainreact-app-9e/.next/cache/webpack/client-development/61.pack.gz'
[2025-11-13T01:13:39.236Z] [ERROR  ] ENOENT: no such file or directory, stat '/Users/nathanielstoddard/chainreact-app/chainreact-app-9e/.next/cache/webpack/client-development/62.pack.gz'
Error: ENOENT: no such file or directory, stat '/Users/nathanielstoddard/chainreact-app/chainreact-app-9e/.next/cache/webpack/client-development/62.pack.gz'
[2025-11-13T01:13:39.237Z] [ERROR  ]  [31m[1m⨯[22m[39m unhandledRejection: ENOENT: no such file or directory, stat '/Users/nathanielstoddard/chainreact-app/chainreact-app-9e/.next/cache/webpack/client-development/62.pack.gz'
Error: ENOENT: no such file or directory, stat '/Users/nathanielstoddard/chainreact-app/chainreact-app-9e/.next/cache/webpack/client-development/62.pack.gz'
[2025-11-13T01:13:39.237Z] [ERROR  ]  [31m[1m⨯[22m[39m unhandledRejection:  ENOENT: no such file or directory, stat '/Users/nathanielstoddard/chainreact-app/chainreact-app-9e/.next/cache/webpack/client-development/62.pack.gz'
Error: ENOENT: no such file or directory, stat '/Users/nathanielstoddard/chainreact-app/chainreact-app-9e/.next/cache/webpack/client-development/62.pack.gz'
[2025-11-13T01:13:41.706Z] [ERROR  ]  [31m[1m⨯[22m[39m ENOENT: no such file or directory, open '/Users/nathanielstoddard/chainreact-app/chainreact-app-9e/.next/server/app-paths-manifest.json'
Error: ENOENT: no such file or directory, open '/Users/nathanielstoddard/chainreact-app/chainreact-app-9e/.next/server/app-paths-manifest.json'
    at readFileSync (node:fs:443:20)
    at loadManifest (/Users/nathanielstoddard/chainreact-app/chainreact-app-9e/node_modules/next/dist/server/load-manifest.external.js:41:41)
    at getMaybePagePath (/Users/nathanielstoddard/chainreact-app/chainreact-app-9e/node_modules/next/dist/server/require.js:51:67)
    at getPagePath (/Users/nathanielstoddard/chainreact-app/chainreact-app-9e/node_modules/next/dist/server/require.js:86:22)
    at requirePage (/Users/nathanielstoddard/chainreact-app/chainreact-app-9e/node_modules/next/dist/server/require.js:93:22)
    at loadComponentsImpl (/Users/nathanielstoddard/chainreact-app/chainreact-app-9e/node_modules/next/dist/server/load-components.js:132:57)
    at async DevServer.findPageComponentsImpl (/Users/nathanielstoddard/chainreact-app/chainreact-app-9e/node_modules/next/dist/server/next-server.js:899:36)
    at async DevServer.findPageComponents (/Users/nathanielstoddard/chainreact-app/chainreact-app-9e/node_modules/next/dist/server/dev/next-dev-server.js:705:16)
    at async DevServer.renderPageComponent (/Users/nathanielstoddard/chainreact-app/chainreact-app-9e/node_modules/next/dist/server/base-server.js:1460:24)
    at async DevServer.renderToResponseImpl (/Users/nathanielstoddard/chainreact-app/chainreact-app-9e/node_modules/next/dist/server/base-server.js:1514:32)
    at async DevServer.pipeImpl (/Users/nathanielstoddard/chainreact-app/chainreact-app-9e/node_modules/next/dist/server/base-server.js:1025:25)
    at async NextNodeServer.handleCatchallRenderRequest (/Users/nathanielstoddard/chainreact-app/chainreact-app-9e/node_modules/next/dist/server/next-server.js:393:17)
    at async DevServer.handleRequestImpl (/Users/nathanielstoddard/chainreact-app/chainreact-app-9e/node_modules/next/dist/server/base-server.js:916:17)
    at async /Users/nathanielstoddard/chainreact-app/chainreact-app-9e/node_modules/next/dist/server/dev/next-dev-server.js:399:20
    at async Span.traceAsyncFn (/Users/nathanielstoddard/chainreact-app/chainreact-app-9e/node_modules/next/dist/trace/trace.js:157:20)
    at async DevServer.handleRequest (/Users/nathanielstoddard/chainreact-app/chainreact-app-9e/node_modules/next/dist/server/dev/next-dev-server.js:395:24)
    at async invokeRender (/Users/nathanielstoddard/chainreact-app/chainreact-app-9e/node_modules/next/dist/server/lib/router-server.js:240:21)
    at async handleRequest (/Users/nathanielstoddard/chainreact-app/chainreact-app-9e/node_modules/next/dist/server/lib/router-server.js:437:24)
    at async requestHandlerImpl (/Users/nathanielstoddard/chainreact-app/chainreact-app-9e/node_modules/next/dist/server/lib/router-server.js:485:13)
    at async Server.requestListener (/Users/nathanielstoddard/chainreact-app/chainreact-app-9e/node_modules/next/dist/server/lib/start-server.js:226:13)
[2025-11-13T01:13:42.337Z] [INFO   ]  [37m[1m○[22m[39m Compiling /_error ...
[2025-11-13T01:13:43.671Z] [WARN   ]  [33m[1m⚠[22m[39m Fast Refresh had to perform a full reload when ?608e changed. Read more: https://nextjs.org/docs/messages/fast-refresh-reload
[2025-11-13T01:13:43.703Z] [WARN   ]  [33m[1m⚠[22m[39m Fast Refresh had to perform a full reload when ?608e changed. Read more: https://nextjs.org/docs/messages/fast-refresh-reload
[2025-11-13T01:13:43.999Z] [INFO   ]  [32m[1m✓[22m[39m Compiled /_error in 2.3s (5677 modules)
[2025-11-13T01:13:44.801Z] [ERROR  ]  [31m[1m⨯[22m[39m ENOENT: no such file or directory, open '/Users/nathanielstoddard/chainreact-app/chainreact-app-9e/.next/routes-manifest.json'
Error: ENOENT: no such file or directory, open '/Users/nathanielstoddard/chainreact-app/chainreact-app-9e/.next/routes-manifest.json'
    at readFileSync (node:fs:443:20)
    at loadManifest (/Users/nathanielstoddard/chainreact-app/chainreact-app-9e/node_modules/next/dist/server/load-manifest.external.js:41:41)
    at loadManifestFromRelativePath (/Users/nathanielstoddard/chainreact-app/chainreact-app-9e/node_modules/next/dist/server/load-manifest.external.js:84:16)
    at AppPageRouteModule.loadManifests (/Users/nathanielstoddard/chainreact-app/chainreact-app-9e/node_modules/next/dist/compiled/next-server/app-page.runtime.dev.js:40:28483)
    at AppPageRouteModule.prepare (/Users/nathanielstoddard/chainreact-app/chainreact-app-9e/node_modules/next/dist/compiled/next-server/app-page.runtime.dev.js:40:36772)
    at async handler (webpack-internal:///(rsc)/./node_modules/next/dist/build/webpack/loaders/next-app-loader/index.js?name=app%2Ftest%2Fnodes%2Fpage&page=%2Ftest%2Fnodes%2Fpage&appPaths=%2Ftest%2Fnodes%2Fpage&pagePath=private-next-app-dir%2Ftest%2Fnodes%2Fpage.tsx&appDir=%2FUsers%2Fnathanielstoddard%2Fchainreact-app%2Fchainreact-app-9e%2Fapp&pageExtensions=tsx&pageExtensions=ts&pageExtensions=jsx&pageExtensions=js&rootDir=%2FUsers%2Fnathanielstoddard%2Fchainreact-app%2Fchainreact-app-9e&isDev=true&tsconfigPath=tsconfig.json&basePath=&assetPrefix=&nextConfigOutput=&preferredRegion=&middlewareConfig=e30%3D&isGlobalNotFoundEnabled=!:188:27)
    at async DevServer.renderToResponseWithComponentsImpl (/Users/nathanielstoddard/chainreact-app/chainreact-app-9e/node_modules/next/dist/server/base-server.js:1422:9)
    at async DevServer.renderPageComponent (/Users/nathanielstoddard/chainreact-app/chainreact-app-9e/node_modules/next/dist/server/base-server.js:1474:24)
    at async DevServer.renderToResponseImpl (/Users/nathanielstoddard/chainreact-app/chainreact-app-9e/node_modules/next/dist/server/base-server.js:1514:32)
    at async DevServer.pipeImpl (/Users/nathanielstoddard/chainreact-app/chainreact-app-9e/node_modules/next/dist/server/base-server.js:1025:25)
    at async NextNodeServer.handleCatchallRenderRequest (/Users/nathanielstoddard/chainreact-app/chainreact-app-9e/node_modules/next/dist/server/next-server.js:393:17)
    at async DevServer.handleRequestImpl (/Users/nathanielstoddard/chainreact-app/chainreact-app-9e/node_modules/next/dist/server/base-server.js:916:17)
    at async /Users/nathanielstoddard/chainreact-app/chainreact-app-9e/node_modules/next/dist/server/dev/next-dev-server.js:399:20
    at async Span.traceAsyncFn (/Users/nathanielstoddard/chainreact-app/chainreact-app-9e/node_modules/next/dist/trace/trace.js:157:20)
    at async DevServer.handleRequest (/Users/nathanielstoddard/chainreact-app/chainreact-app-9e/node_modules/next/dist/server/dev/next-dev-server.js:395:24)
    at async invokeRender (/Users/nathanielstoddard/chainreact-app/chainreact-app-9e/node_modules/next/dist/server/lib/router-server.js:240:21)
    at async handleRequest (/Users/nathanielstoddard/chainreact-app/chainreact-app-9e/node_modules/next/dist/server/lib/router-server.js:437:24)
    at async requestHandlerImpl (/Users/nathanielstoddard/chainreact-app/chainreact-app-9e/node_modules/next/dist/server/lib/router-server.js:485:13)
    at async Server.requestListener (/Users/nathanielstoddard/chainreact-app/chainreact-app-9e/node_modules/next/dist/server/lib/start-server.js:226:13)
[2025-11-13T01:13:44.802Z] [ERROR  ]  [31m[1m⨯[22m[39m ENOENT: no such file or directory, open '/Users/nathanielstoddard/chainreact-app/chainreact-app-9e/.next/routes-manifest.json'
Error: ENOENT: no such file or directory, open '/Users/nathanielstoddard/chainreact-app/chainreact-app-9e/.next/routes-manifest.json'
    at readFileSync (node:fs:443:20)
    at loadManifest (/Users/nathanielstoddard/chainreact-app/chainreact-app-9e/node_modules/next/dist/server/load-manifest.external.js:41:41)
    at loadManifestFromRelativePath (/Users/nathanielstoddard/chainreact-app/chainreact-app-9e/node_modules/next/dist/server/load-manifest.external.js:84:16)
    at AppPageRouteModule.loadManifests (/Users/nathanielstoddard/chainreact-app/chainreact-app-9e/node_modules/next/dist/compiled/next-server/app-page.runtime.dev.js:40:28483)
    at AppPageRouteModule.prepare (/Users/nathanielstoddard/chainreact-app/chainreact-app-9e/node_modules/next/dist/compiled/next-server/app-page.runtime.dev.js:40:36772)
    at async handler (webpack-internal:///(rsc)/./node_modules/next/dist/build/webpack/loaders/next-app-loader/index.js?name=app%2Ftest%2Fnodes%2Fpage&page=%2Ftest%2Fnodes%2Fpage&appPaths=%2Ftest%2Fnodes%2Fpage&pagePath=private-next-app-dir%2Ftest%2Fnodes%2Fpage.tsx&appDir=%2FUsers%2Fnathanielstoddard%2Fchainreact-app%2Fchainreact-app-9e%2Fapp&pageExtensions=tsx&pageExtensions=ts&pageExtensions=jsx&pageExtensions=js&rootDir=%2FUsers%2Fnathanielstoddard%2Fchainreact-app%2Fchainreact-app-9e&isDev=true&tsconfigPath=tsconfig.json&basePath=&assetPrefix=&nextConfigOutput=&preferredRegion=&middlewareConfig=e30%3D&isGlobalNotFoundEnabled=!:188:27)
    at async DevServer.renderToResponseWithComponentsImpl (/Users/nathanielstoddard/chainreact-app/chainreact-app-9e/node_modules/next/dist/server/base-server.js:1422:9)
    at async DevServer.renderPageComponent (/Users/nathanielstoddard/chainreact-app/chainreact-app-9e/node_modules/next/dist/server/base-server.js:1474:24)
    at async DevServer.renderToResponseImpl (/Users/nathanielstoddard/chainreact-app/chainreact-app-9e/node_modules/next/dist/server/base-server.js:1514:32)
    at async DevServer.pipeImpl (/Users/nathanielstoddard/chainreact-app/chainreact-app-9e/node_modules/next/dist/server/base-server.js:1025:25)
    at async NextNodeServer.handleCatchallRenderRequest (/Users/nathanielstoddard/chainreact-app/chainreact-app-9e/node_modules/next/dist/server/next-server.js:393:17)
    at async DevServer.handleRequestImpl (/Users/nathanielstoddard/chainreact-app/chainreact-app-9e/node_modules/next/dist/server/base-server.js:916:17)
    at async /Users/nathanielstoddard/chainreact-app/chainreact-app-9e/node_modules/next/dist/server/dev/next-dev-server.js:399:20
    at async Span.traceAsyncFn (/Users/nathanielstoddard/chainreact-app/chainreact-app-9e/node_modules/next/dist/trace/trace.js:157:20)
    at async DevServer.handleRequest (/Users/nathanielstoddard/chainreact-app/chainreact-app-9e/node_modules/next/dist/server/dev/next-dev-server.js:395:24)
    at async invokeRender (/Users/nathanielstoddard/chainreact-app/chainreact-app-9e/node_modules/next/dist/server/lib/router-server.js:240:21)
    at async handleRequest (/Users/nathanielstoddard/chainreact-app/chainreact-app-9e/node_modules/next/dist/server/lib/router-server.js:437:24)
    at async requestHandlerImpl (/Users/nathanielstoddard/chainreact-app/chainreact-app-9e/node_modules/next/dist/server/lib/router-server.js:485:13)
    at async Server.requestListener (/Users/nathanielstoddard/chainreact-app/chainreact-app-9e/node_modules/next/dist/server/lib/start-server.js:226:13)
[2025-11-13T01:13:44.972Z] [ERROR  ]  [31m[1m⨯[22m[39m ENOENT: no such file or directory, open '/Users/nathanielstoddard/chainreact-app/chainreact-app-9e/.next/routes-manifest.json'
Error: ENOENT: no such file or directory, open '/Users/nathanielstoddard/chainreact-app/chainreact-app-9e/.next/routes-manifest.json'
    at readFileSync (node:fs:443:20)
    at loadManifest (/Users/nathanielstoddard/chainreact-app/chainreact-app-9e/node_modules/next/dist/server/load-manifest.external.js:41:41)
    at loadManifestFromRelativePath (/Users/nathanielstoddard/chainreact-app/chainreact-app-9e/node_modules/next/dist/server/load-manifest.external.js:84:16)
    at AppPageRouteModule.loadManifests (/Users/nathanielstoddard/chainreact-app/chainreact-app-9e/node_modules/next/dist/compiled/next-server/app-page.runtime.dev.js:40:28483)
    at AppPageRouteModule.prepare (/Users/nathanielstoddard/chainreact-app/chainreact-app-9e/node_modules/next/dist/compiled/next-server/app-page.runtime.dev.js:40:36772)
    at async handler (webpack-internal:///(rsc)/./node_modules/next/dist/build/webpack/loaders/next-app-loader/index.js?name=app%2Ftest%2Fapps%2Fpage&page=%2Ftest%2Fapps%2Fpage&appPaths=%2Ftest%2Fapps%2Fpage&pagePath=private-next-app-dir%2Ftest%2Fapps%2Fpage.tsx&appDir=%2FUsers%2Fnathanielstoddard%2Fchainreact-app%2Fchainreact-app-9e%2Fapp&pageExtensions=tsx&pageExtensions=ts&pageExtensions=jsx&pageExtensions=js&rootDir=%2FUsers%2Fnathanielstoddard%2Fchainreact-app%2Fchainreact-app-9e&isDev=true&tsconfigPath=tsconfig.json&basePath=&assetPrefix=&nextConfigOutput=&preferredRegion=&middlewareConfig=e30%3D&isGlobalNotFoundEnabled=!:188:27)
    at async DevServer.renderToResponseWithComponentsImpl (/Users/nathanielstoddard/chainreact-app/chainreact-app-9e/node_modules/next/dist/server/base-server.js:1422:9)
    at async DevServer.renderPageComponent (/Users/nathanielstoddard/chainreact-app/chainreact-app-9e/node_modules/next/dist/server/base-server.js:1474:24)
    at async DevServer.renderToResponseImpl (/Users/nathanielstoddard/chainreact-app/chainreact-app-9e/node_modules/next/dist/server/base-server.js:1514:32)
    at async DevServer.pipeImpl (/Users/nathanielstoddard/chainreact-app/chainreact-app-9e/node_modules/next/dist/server/base-server.js:1025:25)
    at async NextNodeServer.handleCatchallRenderRequest (/Users/nathanielstoddard/chainreact-app/chainreact-app-9e/node_modules/next/dist/server/next-server.js:393:17)
    at async DevServer.handleRequestImpl (/Users/nathanielstoddard/chainreact-app/chainreact-app-9e/node_modules/next/dist/server/base-server.js:916:17)
    at async /Users/nathanielstoddard/chainreact-app/chainreact-app-9e/node_modules/next/dist/server/dev/next-dev-server.js:399:20
    at async Span.traceAsyncFn (/Users/nathanielstoddard/chainreact-app/chainreact-app-9e/node_modules/next/dist/trace/trace.js:157:20)
    at async DevServer.handleRequest (/Users/nathanielstoddard/chainreact-app/chainreact-app-9e/node_modules/next/dist/server/dev/next-dev-server.js:395:24)
    at async invokeRender (/Users/nathanielstoddard/chainreact-app/chainreact-app-9e/node_modules/next/dist/server/lib/router-server.js:240:21)
    at async handleRequest (/Users/nathanielstoddard/chainreact-app/chainreact-app-9e/node_modules/next/dist/server/lib/router-server.js:437:24)
    at async requestHandlerImpl (/Users/nathanielstoddard/chainreact-app/chainreact-app-9e/node_modules/next/dist/server/lib/router-server.js:485:13)
    at async Server.requestListener (/Users/nathanielstoddard/chainreact-app/chainreact-app-9e/node_modules/next/dist/server/lib/start-server.js:226:13)
[2025-11-13T01:13:45.030Z] [ERROR  ]  [31m[1m⨯[22m[39m ENOENT: no such file or directory, open '/Users/nathanielstoddard/chainreact-app/chainreact-app-9e/.next/routes-manifest.json'
Error: ENOENT: no such file or directory, open '/Users/nathanielstoddard/chainreact-app/chainreact-app-9e/.next/routes-manifest.json'
    at readFileSync (node:fs:443:20)
    at loadManifest (/Users/nathanielstoddard/chainreact-app/chainreact-app-9e/node_modules/next/dist/server/load-manifest.external.js:41:41)
    at loadManifestFromRelativePath (/Users/nathanielstoddard/chainreact-app/chainreact-app-9e/node_modules/next/dist/server/load-manifest.external.js:84:16)
    at PagesRouteModule.loadManifests (/Users/nathanielstoddard/chainreact-app/chainreact-app-9e/node_modules/next/dist/compiled/next-server/pages.runtime.dev.js:1:131864)
    at PagesRouteModule.prepare (/Users/nathanielstoddard/chainreact-app/chainreact-app-9e/node_modules/next/dist/compiled/next-server/pages.runtime.dev.js:1:140087)
    at async handler (webpack-internal:///(pages-dir-node)/./node_modules/next/dist/server/route-modules/pages/pages-handler.js:50:31)
    at async DevServer.renderToResponseWithComponentsImpl (/Users/nathanielstoddard/chainreact-app/chainreact-app-9e/node_modules/next/dist/server/base-server.js:1422:9)
    at async DevServer.renderErrorToResponseImpl (/Users/nathanielstoddard/chainreact-app/chainreact-app-9e/node_modules/next/dist/server/base-server.js:1742:24)
    at async pipe.req.req (/Users/nathanielstoddard/chainreact-app/chainreact-app-9e/node_modules/next/dist/server/base-server.js:1610:30)
    at async DevServer.pipeImpl (/Users/nathanielstoddard/chainreact-app/chainreact-app-9e/node_modules/next/dist/server/base-server.js:1025:25)
    at async NextNodeServer.handleCatchallRenderRequest (/Users/nathanielstoddard/chainreact-app/chainreact-app-9e/node_modules/next/dist/server/next-server.js:408:21)
    at async DevServer.handleRequestImpl (/Users/nathanielstoddard/chainreact-app/chainreact-app-9e/node_modules/next/dist/server/base-server.js:916:17)
    at async /Users/nathanielstoddard/chainreact-app/chainreact-app-9e/node_modules/next/dist/server/dev/next-dev-server.js:399:20
    at async Span.traceAsyncFn (/Users/nathanielstoddard/chainreact-app/chainreact-app-9e/node_modules/next/dist/trace/trace.js:157:20)
    at async DevServer.handleRequest (/Users/nathanielstoddard/chainreact-app/chainreact-app-9e/node_modules/next/dist/server/dev/next-dev-server.js:395:24)
    at async invokeRender (/Users/nathanielstoddard/chainreact-app/chainreact-app-9e/node_modules/next/dist/server/lib/router-server.js:240:21)
    at async handleRequest (/Users/nathanielstoddard/chainreact-app/chainreact-app-9e/node_modules/next/dist/server/lib/router-server.js:437:24)
    at async requestHandlerImpl (/Users/nathanielstoddard/chainreact-app/chainreact-app-9e/node_modules/next/dist/server/lib/router-server.js:485:13)
    at async Server.requestListener (/Users/nathanielstoddard/chainreact-app/chainreact-app-9e/node_modules/next/dist/server/lib/start-server.js:226:13)
[2025-11-13T01:13:45.269Z] [ERROR  ]  [31m[1m⨯[22m[39m ENOENT: no such file or directory, open '/Users/nathanielstoddard/chainreact-app/chainreact-app-9e/.next/routes-manifest.json'
Error: ENOENT: no such file or directory, open '/Users/nathanielstoddard/chainreact-app/chainreact-app-9e/.next/routes-manifest.json'
    at readFileSync (node:fs:443:20)
    at loadManifest (/Users/nathanielstoddard/chainreact-app/chainreact-app-9e/node_modules/next/dist/server/load-manifest.external.js:41:41)
    at loadManifestFromRelativePath (/Users/nathanielstoddard/chainreact-app/chainreact-app-9e/node_modules/next/dist/server/load-manifest.external.js:84:16)
    at PagesRouteModule.loadManifests (/Users/nathanielstoddard/chainreact-app/chainreact-app-9e/node_modules/next/dist/compiled/next-server/pages.runtime.dev.js:1:131864)
    at PagesRouteModule.prepare (/Users/nathanielstoddard/chainreact-app/chainreact-app-9e/node_modules/next/dist/compiled/next-server/pages.runtime.dev.js:1:140087)
    at runNextTicks (node:internal/process/task_queues:65:5)
    at listOnTimeout (node:internal/timers:575:9)
    at process.processTimers (node:internal/timers:549:7)
    at async handler (webpack-internal:///(pages-dir-node)/./node_modules/next/dist/server/route-modules/pages/pages-handler.js:50:31)
    at async DevServer.renderToResponseWithComponentsImpl (/Users/nathanielstoddard/chainreact-app/chainreact-app-9e/node_modules/next/dist/server/base-server.js:1422:9)
    at async DevServer.renderErrorToResponseImpl (/Users/nathanielstoddard/chainreact-app/chainreact-app-9e/node_modules/next/dist/server/base-server.js:1742:24)
    at async pipe.req.req (/Users/nathanielstoddard/chainreact-app/chainreact-app-9e/node_modules/next/dist/server/base-server.js:1610:30)
    at async DevServer.pipeImpl (/Users/nathanielstoddard/chainreact-app/chainreact-app-9e/node_modules/next/dist/server/base-server.js:1025:25)
    at async NextNodeServer.handleCatchallRenderRequest (/Users/nathanielstoddard/chainreact-app/chainreact-app-9e/node_modules/next/dist/server/next-server.js:408:21)
    at async DevServer.handleRequestImpl (/Users/nathanielstoddard/chainreact-app/chainreact-app-9e/node_modules/next/dist/server/base-server.js:916:17)
    at async /Users/nathanielstoddard/chainreact-app/chainreact-app-9e/node_modules/next/dist/server/dev/next-dev-server.js:399:20
    at async Span.traceAsyncFn (/Users/nathanielstoddard/chainreact-app/chainreact-app-9e/node_modules/next/dist/trace/trace.js:157:20)
    at async DevServer.handleRequest (/Users/nathanielstoddard/chainreact-app/chainreact-app-9e/node_modules/next/dist/server/dev/next-dev-server.js:395:24)
    at async invokeRender (/Users/nathanielstoddard/chainreact-app/chainreact-app-9e/node_modules/next/dist/server/lib/router-server.js:240:21)
    at async handleRequest (/Users/nathanielstoddard/chainreact-app/chainreact-app-9e/node_modules/next/dist/server/lib/router-server.js:437:24)
    at async requestHandlerImpl (/Users/nathanielstoddard/chainreact-app/chainreact-app-9e/node_modules/next/dist/server/lib/router-server.js:485:13)
    at async Server.requestListener (/Users/nathanielstoddard/chainreact-app/chainreact-app-9e/node_modules/next/dist/server/lib/start-server.js:226:13)
[2025-11-13T01:13:45.269Z] [ERROR  ]  [31m[1m⨯[22m[39m ENOENT: no such file or directory, open '/Users/nathanielstoddard/chainreact-app/chainreact-app-9e/.next/routes-manifest.json'
Error: ENOENT: no such file or directory, open '/Users/nathanielstoddard/chainreact-app/chainreact-app-9e/.next/routes-manifest.json'
    at readFileSync (node:fs:443:20)
    at loadManifest (/Users/nathanielstoddard/chainreact-app/chainreact-app-9e/node_modules/next/dist/server/load-manifest.external.js:41:41)
    at loadManifestFromRelativePath (/Users/nathanielstoddard/chainreact-app/chainreact-app-9e/node_modules/next/dist/server/load-manifest.external.js:84:16)
    at PagesRouteModule.loadManifests (/Users/nathanielstoddard/chainreact-app/chainreact-app-9e/node_modules/next/dist/compiled/next-server/pages.runtime.dev.js:1:131864)
    at PagesRouteModule.prepare (/Users/nathanielstoddard/chainreact-app/chainreact-app-9e/node_modules/next/dist/compiled/next-server/pages.runtime.dev.js:1:140087)
    at runNextTicks (node:internal/process/task_queues:65:5)
    at listOnTimeout (node:internal/timers:575:9)
    at process.processTimers (node:internal/timers:549:7)
    at async handler (webpack-internal:///(pages-dir-node)/./node_modules/next/dist/server/route-modules/pages/pages-handler.js:50:31)
    at async DevServer.renderToResponseWithComponentsImpl (/Users/nathanielstoddard/chainreact-app/chainreact-app-9e/node_modules/next/dist/server/base-server.js:1422:9)
    at async DevServer.renderErrorToResponseImpl (/Users/nathanielstoddard/chainreact-app/chainreact-app-9e/node_modules/next/dist/server/base-server.js:1742:24)
    at async pipe.req.req (/Users/nathanielstoddard/chainreact-app/chainreact-app-9e/node_modules/next/dist/server/base-server.js:1610:30)
    at async DevServer.pipeImpl (/Users/nathanielstoddard/chainreact-app/chainreact-app-9e/node_modules/next/dist/server/base-server.js:1025:25)
    at async NextNodeServer.handleCatchallRenderRequest (/Users/nathanielstoddard/chainreact-app/chainreact-app-9e/node_modules/next/dist/server/next-server.js:408:21)
    at async DevServer.handleRequestImpl (/Users/nathanielstoddard/chainreact-app/chainreact-app-9e/node_modules/next/dist/server/base-server.js:916:17)
    at async /Users/nathanielstoddard/chainreact-app/chainreact-app-9e/node_modules/next/dist/server/dev/next-dev-server.js:399:20
    at async Span.traceAsyncFn (/Users/nathanielstoddard/chainreact-app/chainreact-app-9e/node_modules/next/dist/trace/trace.js:157:20)
    at async DevServer.handleRequest (/Users/nathanielstoddard/chainreact-app/chainreact-app-9e/node_modules/next/dist/server/dev/next-dev-server.js:395:24)
    at async invokeRender (/Users/nathanielstoddard/chainreact-app/chainreact-app-9e/node_modules/next/dist/server/lib/router-server.js:240:21)
    at async handleRequest (/Users/nathanielstoddard/chainreact-app/chainreact-app-9e/node_modules/next/dist/server/lib/router-server.js:437:24)
    at async requestHandlerImpl (/Users/nathanielstoddard/chainreact-app/chainreact-app-9e/node_modules/next/dist/server/lib/router-server.js:485:13)
    at async Server.requestListener (/Users/nathanielstoddard/chainreact-app/chainreact-app-9e/node_modules/next/dist/server/lib/start-server.js:226:13)
[2025-11-13T01:13:45.270Z] [ERROR  ]  [31m[1m⨯[22m[39m ENOENT: no such file or directory, open '/Users/nathanielstoddard/chainreact-app/chainreact-app-9e/.next/routes-manifest.json'
Error: ENOENT: no such file or directory, open '/Users/nathanielstoddard/chainreact-app/chainreact-app-9e/.next/routes-manifest.json'
    at readFileSync (node:fs:443:20)
    at loadManifest (/Users/nathanielstoddard/chainreact-app/chainreact-app-9e/node_modules/next/dist/server/load-manifest.external.js:41:41)
    at loadManifestFromRelativePath (/Users/nathanielstoddard/chainreact-app/chainreact-app-9e/node_modules/next/dist/server/load-manifest.external.js:84:16)
    at PagesRouteModule.loadManifests (/Users/nathanielstoddard/chainreact-app/chainreact-app-9e/node_modules/next/dist/compiled/next-server/pages.runtime.dev.js:1:131864)
    at PagesRouteModule.prepare (/Users/nathanielstoddard/chainreact-app/chainreact-app-9e/node_modules/next/dist/compiled/next-server/pages.runtime.dev.js:1:140087)
    at async handler (webpack-internal:///(pages-dir-node)/./node_modules/next/dist/server/route-modules/pages/pages-handler.js:50:31)
    at async DevServer.renderToResponseWithComponentsImpl (/Users/nathanielstoddard/chainreact-app/chainreact-app-9e/node_modules/next/dist/server/base-server.js:1422:9)
    at async DevServer.renderErrorToResponseImpl (/Users/nathanielstoddard/chainreact-app/chainreact-app-9e/node_modules/next/dist/server/base-server.js:1742:24)
    at async pipe.req.req (/Users/nathanielstoddard/chainreact-app/chainreact-app-9e/node_modules/next/dist/server/base-server.js:1610:30)
    at async DevServer.pipeImpl (/Users/nathanielstoddard/chainreact-app/chainreact-app-9e/node_modules/next/dist/server/base-server.js:1025:25)
    at async NextNodeServer.handleCatchallRenderRequest (/Users/nathanielstoddard/chainreact-app/chainreact-app-9e/node_modules/next/dist/server/next-server.js:408:21)
    at async DevServer.handleRequestImpl (/Users/nathanielstoddard/chainreact-app/chainreact-app-9e/node_modules/next/dist/server/base-server.js:916:17)
    at async /Users/nathanielstoddard/chainreact-app/chainreact-app-9e/node_modules/next/dist/server/dev/next-dev-server.js:399:20
    at async Span.traceAsyncFn (/Users/nathanielstoddard/chainreact-app/chainreact-app-9e/node_modules/next/dist/trace/trace.js:157:20)
    at async DevServer.handleRequest (/Users/nathanielstoddard/chainreact-app/chainreact-app-9e/node_modules/next/dist/server/dev/next-dev-server.js:395:24)
    at async invokeRender (/Users/nathanielstoddard/chainreact-app/chainreact-app-9e/node_modules/next/dist/server/lib/router-server.js:240:21)
    at async handleRequest (/Users/nathanielstoddard/chainreact-app/chainreact-app-9e/node_modules/next/dist/server/lib/router-server.js:437:24)
    at async requestHandlerImpl (/Users/nathanielstoddard/chainreact-app/chainreact-app-9e/node_modules/next/dist/server/lib/router-server.js:485:13)
    at async Server.requestListener (/Users/nathanielstoddard/chainreact-app/chainreact-app-9e/node_modules/next/dist/server/lib/start-server.js:226:13)

=== Log Session Ended: 2025-11-13T01:13:48.457Z ===
