=== Log Session Started: 2025-10-24T19:57:09.074Z ===
Node Version: v23.7.0
Platform: darwin
Working Directory: /Users/nathanielstoddard/chainreact-app/chainreact-app-9e
================================================================================

[2025-10-24T19:57:09.075Z] [INFO   ] File logging initialized
[2025-10-24T19:57:09.075Z] [INFO   ] Log file: /Users/nathanielstoddard/chainreact-app/chainreact-app-9e/logs/workflow_2025-10-24_14-57-09.log
[2025-10-24T19:57:09.080Z] [INFO   ] Deleted old log file: workflow_2025-10-17_14-04-12.log
[2025-10-24T19:57:09.082Z] [INFO   ] Deleted old log file: workflow_2025-10-17_08-09-24.log
[2025-10-24T19:57:09.083Z] [INFO   ] 📁 File logging enabled
[2025-10-24T19:57:09.083Z] [INFO   ] 📝 Logs will be written to: /Users/nathanielstoddard/chainreact-app/chainreact-app-9e/logs/workflow_2025-10-24_14-57-09.log
[2025-10-24T19:57:09.083Z] [INFO   ] 💡 To view logs in real-time: tail -f /Users/nathanielstoddard/chainreact-app/chainreact-app-9e/logs/workflow_2025-10-24_14-57-09.log
[2025-10-24T19:57:09.083Z] [INFO   ] 💡 To view all logs: cat /Users/nathanielstoddard/chainreact-app/chainreact-app-9e/logs/workflow_2025-10-24_14-57-09.log
[2025-10-24T19:57:09.083Z] [INFO   ] 💡 To share logs: Copy the file at /Users/nathanielstoddard/chainreact-app/chainreact-app-9e/logs/workflow_2025-10-24_14-57-09.log
[2025-10-24T19:57:09.083Z] [INFO   ] --------------------------------------------------------------------------------
[2025-10-24T19:57:09.083Z] [DEBUG  ] 📁 File logging system initialized
[2025-10-24T19:57:09.097Z] [INFO   ]  [32m[1m✓[22m[39m Ready in 3.2s
[2025-10-24T19:57:09.214Z] [INFO   ]  [32m[1m✓[22m[39m Compiled /middleware in 113ms (233 modules)
[2025-10-24T19:57:09.678Z] [INFO   ] 2025-10-24T19:57:09.677Z [DEBUG] [Middleware] Username check: {"path":"/workflows","userId":"a3e3a51a-175c-4b59-ad03-227ba12a18b0","provider":"email","role":"admin","username":"nstoddard17","hasUsername":true,"isBetaTester":false,"isNewBetaUser":false,"accountAge":12769142278}
[2025-10-24T19:57:10.086Z] [INFO   ] 2025-10-24T19:57:10.086Z [DEBUG] 🤖 Discord bot configured, initializing gateway connection in background...
[2025-10-24T19:57:11.913Z] [INFO   ] 2025-10-24T19:57:11.913Z [DEBUG] Initializing Discord Gateway connection (singleton)...
[2025-10-24T19:57:11.913Z] [INFO   ] 2025-10-24T19:57:11.913Z [DEBUG] 🔑 Discord bot token loaded
[2025-10-24T19:57:11.924Z] [INFO   ]  [37m[1m○[22m[39m Compiling /workflows ...
[2025-10-24T19:57:12.180Z] [INFO   ] 2025-10-24T19:57:12.180Z [DEBUG] Discord Gateway initialization complete
[2025-10-24T19:57:12.181Z] [INFO   ] 2025-10-24T19:57:12.181Z [DEBUG] ✅ Discord bot gateway connection initialized
[2025-10-24T19:57:12.691Z] [INFO   ] 2025-10-24T19:57:12.691Z [DEBUG] Discord Gateway WebSocket connection established
[2025-10-24T19:57:12.692Z] [INFO   ] 2025-10-24T19:57:12.691Z [DEBUG] 🔑 Sending identify with intents: {"GUILDS":true,"GUILD_MEMBERS":true,"GUILD_INVITES":true,"GUILD_MESSAGES":true,"MESSAGE_CONTENT":true,"intentsValue":33347}
[2025-10-24T19:57:12.943Z] [INFO   ] 2025-10-24T19:57:12.943Z [DEBUG] 🎉 Discord bot ready! {"sessionId":"5f1f0c1874bbfdb7abce733116b5abc2","username":"ChainReact-Bot","userId":"1378595955212812308","guildCount":2}
[2025-10-24T19:57:12.943Z] [INFO   ] 2025-10-24T19:57:12.943Z [DEBUG] 📋 Initializing invite cache...
[2025-10-24T19:57:12.945Z] [INFO   ] 2025-10-24T19:57:12.945Z [DEBUG] 📡 Discord event received: GUILD_CREATE
[2025-10-24T19:57:12.946Z] [INFO   ] 2025-10-24T19:57:12.946Z [DEBUG] 📡 Discord event received: GUILD_CREATE
[2025-10-24T19:57:13.914Z] [INFO   ] 2025-10-24T19:57:13.913Z [DEBUG] ✅ Cached 3 invites for guild 1378950884045623406
[2025-10-24T19:57:16.029Z] [INFO   ]  [32m[1m✓[22m[39m Compiled /workflows in 6.3s (4041 modules)
[2025-10-24T19:57:16.534Z] [INFO   ] 2025-10-24T19:57:16.534Z [DEBUG] 💧 [AUTH] Rehydrating auth state from storage {"hasState":true,"hasUser":false,"initialized":false,"timestamp":"2025-10-24T19:57:16.534Z"}
[2025-10-24T19:57:16.537Z] [INFO   ] 2025-10-24T19:57:16.537Z [DEBUG] 💧 [AUTH] State hydrated and reset {"hasUser":false,"initialized":false,"timestamp":"2025-10-24T19:57:16.537Z"}
[2025-10-24T19:57:16.537Z] [INFO   ] 2025-10-24T19:57:16.537Z [DEBUG] ⏭️ [AUTH] Skipping initialization {"hasState":true,"alreadyInitialized":false,"isClient":false,"timestamp":"2025-10-24T19:57:16.537Z"}
[2025-10-24T19:57:16.918Z] [INFO   ]  [32m[1m✓[22m[39m Compiled in 863ms (733 modules)
[2025-10-24T19:57:17.096Z] [INFO   ] 2025-10-24T19:57:17.095Z [DEBUG] [Username Check] {"userId":"a3e3a51a-175c-4b59-ad03-227ba12a18b0","hasEmail":true,"provider":"email","hasUsername":true,"isGoogleUser":false}
[2025-10-24T19:57:18.561Z] [INFO   ]  [37m[1m○[22m[39m Compiling /api/integrations ...
[2025-10-24T19:57:19.483Z] [INFO   ]  [32m[1m✓[22m[39m Compiled /api/integrations in 1598ms (4050 modules)
[2025-10-24T19:57:19.620Z] [INFO   ] 2025-10-24T19:57:19.620Z [DEBUG] 📍 [API /api/integrations] GET request received {"timestamp":"2025-10-24T19:57:19.620Z","headers":{"referer":"check-console"}}
[2025-10-24T19:57:19.840Z] [INFO   ] 2025-10-24T19:57:19.840Z [DEBUG] ✅ [API /api/integrations] User authenticated {"userId":"a3e3a51a-175c-4b59-ad03-227ba12a18b0"}
[2025-10-24T19:57:20.056Z] [INFO   ] 2025-10-24T19:57:20.056Z [DEBUG] 📊 [API /api/integrations] Query result {"count":14,"error":null,"firstFew":[{"provider":"notion","status":"connected"},{"provider":"mailchimp","status":"connected"}]}
[2025-10-24T19:57:22.458Z] [INFO   ]  [37m[1m○[22m[39m Compiling /api/analytics/workflow-stats ...
[2025-10-24T19:57:22.690Z] [INFO   ]  [32m[1m✓[22m[39m Compiled /api/analytics/workflow-stats in 741ms (4058 modules)
[2025-10-24T19:57:38.482Z] [INFO   ] 2025-10-24T19:57:38.482Z [DEBUG] [Middleware] Username check: {"path":"/workflows/ai-agent","userId":"a3e3a51a-175c-4b59-ad03-227ba12a18b0","provider":"email","role":"admin","username":"nstoddard17","hasUsername":true,"isBetaTester":false,"isNewBetaUser":false,"accountAge":12769171082}
[2025-10-24T19:57:39.049Z] [INFO   ]  [37m[1m○[22m[39m Compiling /workflows/ai-agent ...
[2025-10-24T19:57:39.224Z] [INFO   ]  [32m[1m✓[22m[39m Compiled /workflows/ai-agent in 675ms (4084 modules)
[2025-10-24T19:57:39.590Z] [INFO   ] 2025-10-24T19:57:39.590Z [DEBUG] [Username Check] {"userId":"a3e3a51a-175c-4b59-ad03-227ba12a18b0","hasEmail":true,"provider":"email","hasUsername":true,"isGoogleUser":false}

=== Log Session Ended: 2025-10-24T19:59:42.098Z ===
