=== Log Session Started: 2025-10-15T23:51:55.183Z ===
Node Version: v23.7.0
Platform: darwin
Working Directory: /Users/nathanielstoddard/chainreact-app/chainreact-app-9e
================================================================================

[2025-10-15T23:51:55.183Z] [INFO   ] File logging initialized
[2025-10-15T23:51:55.183Z] [INFO   ] Log file: /Users/nathanielstoddard/chainreact-app/chainreact-app-9e/logs/workflow_2025-10-15_18-51-55.log
[2025-10-15T23:51:55.184Z] [INFO   ] 📁 File logging enabled
[2025-10-15T23:51:55.184Z] [INFO   ] 📝 Logs will be written to: /Users/nathanielstoddard/chainreact-app/chainreact-app-9e/logs/workflow_2025-10-15_18-51-55.log
[2025-10-15T23:51:55.184Z] [INFO   ] 💡 To view logs in real-time: tail -f /Users/nathanielstoddard/chainreact-app/chainreact-app-9e/logs/workflow_2025-10-15_18-51-55.log
[2025-10-15T23:51:55.184Z] [INFO   ] 💡 To view all logs: cat /Users/nathanielstoddard/chainreact-app/chainreact-app-9e/logs/workflow_2025-10-15_18-51-55.log
[2025-10-15T23:51:55.184Z] [INFO   ] 💡 To share logs: Copy the file at /Users/nathanielstoddard/chainreact-app/chainreact-app-9e/logs/workflow_2025-10-15_18-51-55.log
[2025-10-15T23:51:55.184Z] [INFO   ] --------------------------------------------------------------------------------
[2025-10-15T23:51:55.184Z] [DEBUG  ] 📁 File logging system initialized
[2025-10-15T23:51:55.198Z] [INFO   ]  [32m[1m✓[22m[39m Ready in 3s
[2025-10-15T23:51:55.333Z] [INFO   ]  [32m[1m✓[22m[39m Compiled /middleware in 130ms (233 modules)
[2025-10-15T23:51:56.153Z] [INFO   ]  [37m[1m○[22m[39m Compiling /workflows/builder ...
[2025-10-15T23:52:08.508Z] [INFO   ]  [32m[1m✓[22m[39m Compiled /home-light in 12.9s (5696 modules)
[2025-10-15T23:52:10.796Z] [INFO   ]  [37m[1m○[22m[39m Compiling /api/integrations ...
[2025-10-15T23:52:11.854Z] [INFO   ]  [32m[1m✓[22m[39m Compiled /api/templates/[id]/setup in 1630ms (5725 modules)
[2025-10-15T23:52:12.832Z] [INFO   ]  [37m[1m○[22m[39m Compiling /api/workflows/[id] ...
[2025-10-15T23:52:18.440Z] [INFO   ]  [32m[1m✓[22m[39m Compiled /api/workflows/[id] in 6.1s (7887 modules)
[2025-10-15T23:52:19.470Z] [WARN   ] 2025-10-15T23:52:19.470Z [WARN] ⚠️ [Workflow API] validationState column missing in schema cache - retrying without it
[2025-10-15T23:52:19.572Z] [ERROR  ] 2025-10-15T23:52:19.572Z [ERROR] ❌ [Workflow API] Update error: {"code":"23514","details":"Failing row contains (e0a8965b-7256-474f-a0c8-56755a030a20, a3e3a51a-175c-4b59-ad03-227ba12a18b0, AI Agent Test Workflow - Customer Service (Copy), Complete test workflow with AI Agent handling support requests, ..., [{\"id\": \"discord-trigger-1\", \"data\": {\"type\": \"discord_trigger_n..., [{\"id\": \"edge-main\", \"source\": \"discord-trigger-1\", \"target\": \"a..., paused, 2025-10-15 02:41:20.019942+00, 2025-10-15 23:52:19.385+00, null, aa142717-3d7d-4b7c-b810-fac45e49a970).","hint":null,"message":"new row for relation \"workflows\" violates check constraint \"workflows_status_check\""}
[2025-10-15T23:52:44.066Z] [INFO   ]  [37m[1m○[22m[39m Compiling /api/collaboration/collaborators ...
[2025-10-15T23:52:44.735Z] [INFO   ]  [32m[1m✓[22m[39m Compiled /api/collaboration/collaborators in 1208ms (7889 modules)
[2025-10-15T23:53:37.938Z] [INFO   ]  [32m[1m✓[22m[39m Compiled in 2.6s (5739 modules)
[2025-10-15T23:53:38.489Z] [INFO   ]  [32m[1m✓[22m[39m Compiled /api/workflows/[id] in 1ms (4158 modules)
[2025-10-15T23:53:39.294Z] [INFO   ]  [32m[1m✓[22m[39m Compiled in 1ms (6318 modules)
[2025-10-15T23:53:40.466Z] [WARN   ] 2025-10-15T23:53:40.466Z [WARN] ⚠️ [Workflow API] validationState column missing in schema cache - retrying without it
[2025-10-15T23:53:40.720Z] [INFO   ]  [37m[1m○[22m[39m Compiling /api/collaboration/leave ...
[2025-10-15T23:53:40.794Z] [ERROR  ] 2025-10-15T23:53:40.794Z [ERROR] ❌ [Workflow API] Update error: {"code":"23514","details":"Failing row contains (e0a8965b-7256-474f-a0c8-56755a030a20, a3e3a51a-175c-4b59-ad03-227ba12a18b0, AI Agent Test Workflow - Customer Service (Copy), Complete test workflow with AI Agent handling support requests, ..., [{\"id\": \"discord-trigger-1\", \"data\": {\"type\": \"discord_trigger_n..., [{\"id\": \"edge-main\", \"source\": \"discord-trigger-1\", \"target\": \"a..., paused, 2025-10-15 02:41:20.019942+00, 2025-10-15 23:53:40.325+00, null, aa142717-3d7d-4b7c-b810-fac45e49a970).","hint":null,"message":"new row for relation \"workflows\" violates check constraint \"workflows_status_check\""}
[2025-10-15T23:53:41.092Z] [WARN   ]  [33m[1m⚠[22m[39m Fast Refresh had to perform a full reload due to a runtime error.
[2025-10-15T23:53:41.532Z] [INFO   ]  [32m[1m✓[22m[39m Compiled /api/collaboration/leave in 1321ms (7887 modules)
[2025-10-15T23:53:43.446Z] [INFO   ]  [37m[1m○[22m[39m Compiling /api/auth/profile ...
[2025-10-15T23:53:43.560Z] [INFO   ]  [32m[1m✓[22m[39m Compiled /api/auth/profile in 855ms (6322 modules)
[2025-10-15T23:53:44.887Z] [INFO   ]  [37m[1m○[22m[39m Compiling /api/presence/count ...
[2025-10-15T23:53:44.894Z] [INFO   ]  [32m[1m✓[22m[39m Compiled /api/presence/count in 514ms (6324 modules)
[2025-10-15T23:53:45.649Z] [WARN   ] 2025-10-15T23:53:45.649Z [WARN] ⚠️ [Workflow API] validationState column missing in schema cache - retrying without it
[2025-10-15T23:53:45.732Z] [ERROR  ] 2025-10-15T23:53:45.732Z [ERROR] ❌ [Workflow API] Update error: {"code":"23514","details":"Failing row contains (e0a8965b-7256-474f-a0c8-56755a030a20, a3e3a51a-175c-4b59-ad03-227ba12a18b0, AI Agent Test Workflow - Customer Service (Copy), Complete test workflow with AI Agent handling support requests, ..., [{\"id\": \"discord-trigger-1\", \"data\": {\"type\": \"discord_trigger_n..., [{\"id\": \"edge-main\", \"source\": \"discord-trigger-1\", \"target\": \"a..., paused, 2025-10-15 02:41:20.019942+00, 2025-10-15 23:53:45.574+00, null, aa142717-3d7d-4b7c-b810-fac45e49a970).","hint":null,"message":"new row for relation \"workflows\" violates check constraint \"workflows_status_check\""}
[2025-10-15T23:54:06.419Z] [INFO   ]  [32m[1m✓[22m[39m Compiled in 1617ms (7903 modules)
[2025-10-15T23:54:17.679Z] [WARN   ]  [33m[1m⚠[22m[39m Fast Refresh had to perform a full reload due to a runtime error.
[2025-10-15T23:54:19.459Z] [INFO   ]  [32m[1m✓[22m[39m Compiled in 3.5s (8114 modules)
[2025-10-15T23:54:21.796Z] [WARN   ] 2025-10-15T23:54:21.796Z [WARN] ⚠️ [Workflow API] validationState column missing in schema cache - retrying without it
[2025-10-15T23:54:21.882Z] [ERROR  ] 2025-10-15T23:54:21.882Z [ERROR] ❌ [Workflow API] Update error: {"code":"23514","details":"Failing row contains (e0a8965b-7256-474f-a0c8-56755a030a20, a3e3a51a-175c-4b59-ad03-227ba12a18b0, AI Agent Test Workflow - Customer Service (Copy), Complete test workflow with AI Agent handling support requests, ..., [{\"id\": \"discord-trigger-1\", \"data\": {\"type\": \"discord_trigger_n..., [{\"id\": \"edge-main\", \"source\": \"discord-trigger-1\", \"target\": \"a..., paused, 2025-10-15 02:41:20.019942+00, 2025-10-15 23:54:21.706+00, null, aa142717-3d7d-4b7c-b810-fac45e49a970).","hint":null,"message":"new row for relation \"workflows\" violates check constraint \"workflows_status_check\""}
[2025-10-15T23:54:52.727Z] [INFO   ]  [37m[1m○[22m[39m Compiling /api/collaboration/collaborators ...
[2025-10-15T23:54:52.858Z] [INFO   ]  [32m[1m✓[22m[39m Compiled /api/collaboration/collaborators in 930ms (6311 modules)
[2025-10-15T23:55:56.903Z] [WARN   ]  [33m[1m⚠[22m[39m Fast Refresh had to perform a full reload. Read more: https://nextjs.org/docs/messages/fast-refresh-reload
[2025-10-15T23:55:59.896Z] [INFO   ]  [32m[1m✓[22m[39m Compiled in 9.1s (5707 modules)
[2025-10-15T23:56:01.609Z] [INFO   ]  [32m[1m✓[22m[39m Compiled /api/auth/profile in 247ms (4137 modules)
[2025-10-15T23:56:02.587Z] [INFO   ]  [37m[1m○[22m[39m Compiling /api/presence/count ...
[2025-10-15T23:56:03.755Z] [INFO   ]  [32m[1m✓[22m[39m Compiled /api/templates/[id]/setup in 1841ms (4139 modules)
[2025-10-15T23:56:04.234Z] [INFO   ]  [32m[1m✓[22m[39m Compiled (4149 modules)
[2025-10-15T23:56:05.547Z] [INFO   ]  [37m[1m○[22m[39m Compiling /api/workflows/[id] ...
[2025-10-15T23:56:10.647Z] [INFO   ]  [32m[1m✓[22m[39m Compiled /api/workflows/[id] in 5.9s (7881 modules)
[2025-10-15T23:56:11.529Z] [WARN   ] 2025-10-15T23:56:11.529Z [WARN] ⚠️ [Workflow API] validationState column missing in schema cache - retrying without it
[2025-10-15T23:56:11.627Z] [WARN   ] 2025-10-15T23:56:11.627Z [WARN] ⚠️ [Workflow API] validationState not persisted to database; returning request value for client state
[2025-10-15T23:56:12.279Z] [INFO   ]  [37m[1m○[22m[39m Compiling /api/collaboration/leave ...
[2025-10-15T23:56:12.373Z] [INFO   ]  [32m[1m✓[22m[39m Compiled /api/collaboration/leave in 682ms (6311 modules)
[2025-10-15T23:56:20.977Z] [INFO   ]  [32m[1m✓[22m[39m Compiled in 593ms (1572 modules)
[2025-10-15T23:56:21.041Z] [WARN   ]  [33m[1m⚠[22m[39m Fast Refresh had to perform a full reload due to a runtime error.
[2025-10-15T23:56:27.421Z] [INFO   ]  [32m[1m✓[22m[39m Compiled in 2.2s (7883 modules)
[2025-10-15T23:56:27.449Z] [WARN   ]  [33m[1m⚠[22m[39m Fast Refresh had to perform a full reload. Read more: https://nextjs.org/docs/messages/fast-refresh-reload
[2025-10-15T23:57:02.487Z] [INFO   ]  [32m[1m✓[22m[39m Compiled in 561ms (1572 modules)
[2025-10-15T23:57:10.091Z] [INFO   ]  [32m[1m✓[22m[39m Compiled in 465ms (1572 modules)
[2025-10-15T23:57:10.123Z] [WARN   ]  [33m[1m⚠[22m[39m Fast Refresh had to perform a full reload due to a runtime error.
[2025-10-15T23:57:18.365Z] [INFO   ]  [32m[1m✓[22m[39m Compiled in 449ms (1572 modules)
[2025-10-15T23:57:18.399Z] [WARN   ]  [33m[1m⚠[22m[39m Fast Refresh had to perform a full reload. Read more: https://nextjs.org/docs/messages/fast-refresh-reload
[2025-10-15T23:57:29.005Z] [INFO   ]  [32m[1m✓[22m[39m Compiled in 2.1s (1572 modules)
[2025-10-15T23:57:29.788Z] [WARN   ]  [33m[1m⚠[22m[39m Fast Refresh had to perform a full reload. Read more: https://nextjs.org/docs/messages/fast-refresh-reload
[2025-10-15T23:57:36.683Z] [INFO   ]  [32m[1m✓[22m[39m Compiled in 1579ms (1572 modules)
[2025-10-15T23:57:47.281Z] [INFO   ]  [32m[1m✓[22m[39m Compiled in 326ms (1572 modules)
[2025-10-15T23:57:47.299Z] [WARN   ]  [33m[1m⚠[22m[39m Fast Refresh had to perform a full reload due to a runtime error.
[2025-10-15T23:58:04.900Z] [INFO   ]  [32m[1m✓[22m[39m Compiled in 1726ms (5721 modules)
[2025-10-16T00:10:05.608Z] [INFO   ]  [37m[1m○[22m[39m Compiling / ...
[2025-10-16T00:10:07.107Z] [INFO   ]  [32m[1m✓[22m[39m Compiled / in 2.4s (5750 modules)
[2025-10-16T00:10:07.443Z] [WARN   ]  [33m[1m⚠[22m[39m Fast Refresh had to perform a full reload due to a runtime error.
[2025-10-16T00:10:08.695Z] [INFO   ]  [32m[1m✓[22m[39m Compiled /api/auth/profile in 498ms (4174 modules)
[2025-10-16T00:10:09.693Z] [INFO   ]  [32m[1m✓[22m[39m Compiled /api/presence/count in 379ms (4176 modules)
[2025-10-16T00:10:10.001Z] [INFO   ]  [32m[1m✓[22m[39m Compiled /api/templates/[id]/setup in 0ms (4176 modules)
[2025-10-16T00:10:11.803Z] [INFO   ]  [32m[1m✓[22m[39m Compiled in 3ms (4186 modules)
[2025-10-16T00:10:44.305Z] [INFO   ]  [37m[1m○[22m[39m Compiling /api/collaboration/collaborators ...
[2025-10-16T00:10:44.619Z] [INFO   ]  [32m[1m✓[22m[39m Compiled /api/collaboration/collaborators in 1081ms (4188 modules)
[2025-10-16T00:10:57.081Z] [WARN   ]  [33m[1m⚠[22m[39m Fast Refresh had to perform a full reload due to a runtime error.
[2025-10-16T00:10:58.204Z] [INFO   ]  [32m[1m✓[22m[39m Compiled in 1579ms (5797 modules)
[2025-10-16T00:10:58.723Z] [ERROR  ]  [31m[1m⨯[22m[39m Could not find the module "/Users/nathanielstoddard/chainreact-app/chainreact-app-9e/components/homepage/UnifiedHomepage.tsx#UnifiedHomepage" in the React Client Manifest. This is probably a bug in the React Server Components bundler.
Error: Could not find the module "/Users/nathanielstoddard/chainreact-app/chainreact-app-9e/components/homepage/UnifiedHomepage.tsx#UnifiedHomepage" in the React Client Manifest. This is probably a bug in the React Server Components bundler.
    at resolveClientReferenceMetadata (/Users/nathanielstoddard/chainreact-app/chainreact-app-9e/node_modules/next/dist/compiled/next-server/app-page.runtime.dev.js:23:66176)
    at serializeClientReference (/Users/nathanielstoddard/chainreact-app/chainreact-app-9e/node_modules/next/dist/compiled/next-server/app-page.runtime.dev.js:23:100999)
    at renderModelDestructive (/Users/nathanielstoddard/chainreact-app/chainreact-app-9e/node_modules/next/dist/compiled/next-server/app-page.runtime.dev.js:23:118836)
    at /Users/nathanielstoddard/chainreact-app/chainreact-app-9e/node_modules/next/dist/compiled/next-server/app-page.runtime.dev.js:23:98406
    at Array.toJSON (/Users/nathanielstoddard/chainreact-app/chainreact-app-9e/node_modules/next/dist/compiled/next-server/app-page.runtime.dev.js:23:99536)
    at stringify (<anonymous>)
    at emitChunk (/Users/nathanielstoddard/chainreact-app/chainreact-app-9e/node_modules/next/dist/compiled/next-server/app-page.runtime.dev.js:23:141249)
    at retryTask (/Users/nathanielstoddard/chainreact-app/chainreact-app-9e/node_modules/next/dist/compiled/next-server/app-page.runtime.dev.js:23:142352)
    at outlineTask (/Users/nathanielstoddard/chainreact-app/chainreact-app-9e/node_modules/next/dist/compiled/next-server/app-page.runtime.dev.js:23:93315)
    at renderFunctionComponent (/Users/nathanielstoddard/chainreact-app/chainreact-app-9e/node_modules/next/dist/compiled/next-server/app-page.runtime.dev.js:23:87241)
    at renderElement (/Users/nathanielstoddard/chainreact-app/chainreact-app-9e/node_modules/next/dist/compiled/next-server/app-page.runtime.dev.js:23:105170)
    at renderModelDestructive (/Users/nathanielstoddard/chainreact-app/chainreact-app-9e/node_modules/next/dist/compiled/next-server/app-page.runtime.dev.js:23:106790)
    at /Users/nathanielstoddard/chainreact-app/chainreact-app-9e/node_modules/next/dist/compiled/next-server/app-page.runtime.dev.js:23:98406
    at Object.toJSON (/Users/nathanielstoddard/chainreact-app/chainreact-app-9e/node_modules/next/dist/compiled/next-server/app-page.runtime.dev.js:23:99536)
    at stringify (<anonymous>)
    at emitChunk (/Users/nathanielstoddard/chainreact-app/chainreact-app-9e/node_modules/next/dist/compiled/next-server/app-page.runtime.dev.js:23:141249)
    at retryTask (/Users/nathanielstoddard/chainreact-app/chainreact-app-9e/node_modules/next/dist/compiled/next-server/app-page.runtime.dev.js:23:142352)
    at performWork (/Users/nathanielstoddard/chainreact-app/chainreact-app-9e/node_modules/next/dist/compiled/next-server/app-page.runtime.dev.js:23:143770)
    at AsyncLocalStorage.run (node:internal/async_local_storage/async_hooks:91:14)
    at /Users/nathanielstoddard/chainreact-app/chainreact-app-9e/node_modules/next/dist/compiled/next-server/app-page.runtime.dev.js:23:148010
    at node:internal/process/task_queues:151:7
    at AsyncResource.runInAsyncScope (node:async_hooks:211:14)
    at AsyncResource.runMicrotask (node:internal/process/task_queues:148:8)
[2025-10-16T00:10:59.920Z] [INFO   ]  [37m[1m○[22m[39m Compiling /api/collaboration/leave ...
[2025-10-16T00:11:00.258Z] [INFO   ]  [32m[1m✓[22m[39m Compiled /api/collaboration/leave in 947ms (4190 modules)
[2025-10-16T00:37:53.646Z] [ERROR  ]  [31m[1m⨯[22m[39m Could not find the module "/Users/nathanielstoddard/chainreact-app/chainreact-app-9e/components/homepage/UnifiedHomepage.tsx#UnifiedHomepage" in the React Client Manifest. This is probably a bug in the React Server Components bundler.
Error: Could not find the module "/Users/nathanielstoddard/chainreact-app/chainreact-app-9e/components/homepage/UnifiedHomepage.tsx#UnifiedHomepage" in the React Client Manifest. This is probably a bug in the React Server Components bundler.
    at resolveClientReferenceMetadata (/Users/nathanielstoddard/chainreact-app/chainreact-app-9e/node_modules/next/dist/compiled/next-server/app-page.runtime.dev.js:23:66176)
    at serializeClientReference (/Users/nathanielstoddard/chainreact-app/chainreact-app-9e/node_modules/next/dist/compiled/next-server/app-page.runtime.dev.js:23:100999)
    at renderModelDestructive (/Users/nathanielstoddard/chainreact-app/chainreact-app-9e/node_modules/next/dist/compiled/next-server/app-page.runtime.dev.js:23:118836)
    at /Users/nathanielstoddard/chainreact-app/chainreact-app-9e/node_modules/next/dist/compiled/next-server/app-page.runtime.dev.js:23:98406
    at Array.toJSON (/Users/nathanielstoddard/chainreact-app/chainreact-app-9e/node_modules/next/dist/compiled/next-server/app-page.runtime.dev.js:23:99536)
    at stringify (<anonymous>)
    at emitChunk (/Users/nathanielstoddard/chainreact-app/chainreact-app-9e/node_modules/next/dist/compiled/next-server/app-page.runtime.dev.js:23:141249)
    at retryTask (/Users/nathanielstoddard/chainreact-app/chainreact-app-9e/node_modules/next/dist/compiled/next-server/app-page.runtime.dev.js:23:142352)
    at outlineTask (/Users/nathanielstoddard/chainreact-app/chainreact-app-9e/node_modules/next/dist/compiled/next-server/app-page.runtime.dev.js:23:93315)
    at renderFunctionComponent (/Users/nathanielstoddard/chainreact-app/chainreact-app-9e/node_modules/next/dist/compiled/next-server/app-page.runtime.dev.js:23:87241)
    at renderElement (/Users/nathanielstoddard/chainreact-app/chainreact-app-9e/node_modules/next/dist/compiled/next-server/app-page.runtime.dev.js:23:105170)
    at renderModelDestructive (/Users/nathanielstoddard/chainreact-app/chainreact-app-9e/node_modules/next/dist/compiled/next-server/app-page.runtime.dev.js:23:106790)
    at /Users/nathanielstoddard/chainreact-app/chainreact-app-9e/node_modules/next/dist/compiled/next-server/app-page.runtime.dev.js:23:98406
    at Object.toJSON (/Users/nathanielstoddard/chainreact-app/chainreact-app-9e/node_modules/next/dist/compiled/next-server/app-page.runtime.dev.js:23:99536)
    at stringify (<anonymous>)
    at emitChunk (/Users/nathanielstoddard/chainreact-app/chainreact-app-9e/node_modules/next/dist/compiled/next-server/app-page.runtime.dev.js:23:141249)
    at retryTask (/Users/nathanielstoddard/chainreact-app/chainreact-app-9e/node_modules/next/dist/compiled/next-server/app-page.runtime.dev.js:23:142352)
    at performWork (/Users/nathanielstoddard/chainreact-app/chainreact-app-9e/node_modules/next/dist/compiled/next-server/app-page.runtime.dev.js:23:143770)
    at AsyncLocalStorage.run (node:internal/async_local_storage/async_hooks:91:14)
    at /Users/nathanielstoddard/chainreact-app/chainreact-app-9e/node_modules/next/dist/compiled/next-server/app-page.runtime.dev.js:23:148010
    at node:internal/process/task_queues:151:7
    at AsyncResource.runInAsyncScope (node:async_hooks:211:14)
    at AsyncResource.runMicrotask (node:internal/process/task_queues:148:8)

=== Log Session Ended: 2025-10-16T00:38:26.761Z ===
