=== Log Session Started: 2025-11-07T22:45:36.868Z ===
Node Version: v23.7.0
Platform: darwin
Working Directory: /Users/nathanielstoddard/chainreact-app/chainreact-app-9e
================================================================================

[2025-11-07T22:45:36.869Z] [INFO   ] File logging initialized
[2025-11-07T22:45:36.869Z] [INFO   ] Log file: /Users/nathanielstoddard/chainreact-app/chainreact-app-9e/logs/workflow_2025-11-07_16-45-36.log
[2025-11-07T22:45:36.870Z] [INFO   ] 📁 File logging enabled
[2025-11-07T22:45:36.870Z] [INFO   ] 📝 Logs will be written to: /Users/nathanielstoddard/chainreact-app/chainreact-app-9e/logs/workflow_2025-11-07_16-45-36.log
[2025-11-07T22:45:36.870Z] [INFO   ] 💡 To view logs in real-time: tail -f /Users/nathanielstoddard/chainreact-app/chainreact-app-9e/logs/workflow_2025-11-07_16-45-36.log
[2025-11-07T22:45:36.870Z] [INFO   ] 💡 To view all logs: cat /Users/nathanielstoddard/chainreact-app/chainreact-app-9e/logs/workflow_2025-11-07_16-45-36.log
[2025-11-07T22:45:36.870Z] [INFO   ] 💡 To share logs: Copy the file at /Users/nathanielstoddard/chainreact-app/chainreact-app-9e/logs/workflow_2025-11-07_16-45-36.log
[2025-11-07T22:45:36.870Z] [INFO   ] --------------------------------------------------------------------------------
[2025-11-07T22:45:36.870Z] [DEBUG  ] 📁 File logging system initialized
[2025-11-07T22:45:36.887Z] [INFO   ]  [32m[1m✓[22m[39m Ready in 5.6s
[2025-11-07T22:45:37.917Z] [INFO   ] 2025-11-07T22:45:37.917Z [DEBUG] 🤖 Discord bot configured, initializing gateway connection in background...
[2025-11-07T22:45:39.804Z] [INFO   ] 2025-11-07T22:45:39.804Z [DEBUG] Initializing Discord Gateway connection (singleton)...
[2025-11-07T22:45:39.805Z] [INFO   ] 2025-11-07T22:45:39.805Z [DEBUG] 🔑 Discord bot token loaded
[2025-11-07T22:45:40.538Z] [INFO   ] 2025-11-07T22:45:40.538Z [DEBUG] Discord Gateway initialization complete
[2025-11-07T22:45:40.540Z] [INFO   ] 2025-11-07T22:45:40.540Z [DEBUG] ✅ Discord bot gateway connection initialized
[2025-11-07T22:45:40.693Z] [INFO   ] 2025-11-07T22:45:40.693Z [DEBUG] Discord Gateway WebSocket connection established
[2025-11-07T22:45:40.693Z] [INFO   ] 2025-11-07T22:45:40.693Z [DEBUG] 🔑 Sending identify with intents: {"GUILDS":true,"GUILD_MEMBERS":true,"GUILD_INVITES":true,"GUILD_MESSAGES":true,"MESSAGE_CONTENT":true,"intentsValue":33347}
[2025-11-07T22:45:40.899Z] [INFO   ]  [37m[1m○[22m[39m Compiling /test/nodes ...
[2025-11-07T22:45:40.991Z] [INFO   ] 2025-11-07T22:45:40.991Z [DEBUG] 🎉 Discord bot ready! {"sessionId":"c742c3ca1371dd5435af0e8a7d69ef6b","username":"ChainReact-Bot","userId":"1378595955212812308","guildCount":2}
[2025-11-07T22:45:40.991Z] [INFO   ] 2025-11-07T22:45:40.991Z [DEBUG] 📋 Initializing invite cache...
[2025-11-07T22:45:40.992Z] [INFO   ] 2025-11-07T22:45:40.992Z [DEBUG] 📡 Discord event received: GUILD_CREATE
[2025-11-07T22:45:41.004Z] [INFO   ] 2025-11-07T22:45:41.004Z [DEBUG] 📡 Discord event received: GUILD_CREATE
[2025-11-07T22:45:41.216Z] [INFO   ] 2025-11-07T22:45:41.216Z [DEBUG] ✅ Cached 3 invites for guild 1378950884045623406
[2025-11-07T22:45:47.749Z] [INFO   ]  [32m[1m✓[22m[39m Compiled /test/nodes in 7.4s (4947 modules)
[2025-11-07T22:45:48.342Z] [INFO   ] 2025-11-07T22:45:48.342Z [DEBUG] 💧 [AUTH] Rehydrating auth state from storage {"hasState":true,"hasUser":false,"initialized":false,"timestamp":"2025-11-07T22:45:48.342Z"}
[2025-11-07T22:45:48.352Z] [INFO   ] 2025-11-07T22:45:48.352Z [DEBUG] 💧 [AUTH] State hydrated and reset {"hasUser":false,"initialized":false,"timestamp":"2025-11-07T22:45:48.352Z"}
[2025-11-07T22:45:48.352Z] [INFO   ] 2025-11-07T22:45:48.352Z [DEBUG] ⏭️ [AUTH] Skipping initialization {"hasState":true,"alreadyInitialized":false,"isClient":false,"timestamp":"2025-11-07T22:45:48.352Z"}
[2025-11-07T22:45:48.942Z] [INFO   ]  [32m[1m✓[22m[39m Compiled in 1160ms (1050 modules)
[2025-11-07T22:45:49.946Z] [INFO   ]  [37m[1m○[22m[39m Compiling /middleware ...
[2025-11-07T22:45:50.138Z] [INFO   ]  [32m[1m✓[22m[39m Compiled /middleware in 703ms (4146 modules)
[2025-11-07T22:45:50.993Z] [INFO   ]  [37m[1m○[22m[39m Compiling /api/presence/count ...
[2025-11-07T22:45:52.579Z] [INFO   ]  [32m[1m✓[22m[39m Compiled /api/presence/count in 2.1s (5063 modules)
[2025-11-07T22:45:56.499Z] [INFO   ]  [32m[1m✓[22m[39m Compiled /api/integrations in 377ms (5066 modules)
[2025-11-07T22:45:56.635Z] [INFO   ] 2025-11-07T22:45:56.635Z [DEBUG] 📍 [API /api/integrations] GET request received {"timestamp":"2025-11-07T22:45:56.635Z","url":"http://localhost:3000/api/integrations?workspace_type=personal"}
[2025-11-07T22:45:56.773Z] [INFO   ] 2025-11-07T22:45:56.773Z [DEBUG] ✅ [API /api/integrations] User authenticated {"userId":"a3e3a51a-175c-4b59-ad03-227ba12a18b0"}
[2025-11-07T22:45:56.774Z] [INFO   ] 2025-11-07T22:45:56.774Z [DEBUG] 🏠 [API /api/integrations] Workspace context {"workspaceType":"personal","workspaceId":null}
[2025-11-07T22:45:56.879Z] [INFO   ] 2025-11-07T22:45:56.879Z [DEBUG] 📊 [API /api/integrations] Parallel query results {"workspaceType":"personal","workspaceId":null,"integrationsCount":14,"permissionsCount":14,"integrationsError":null,"permissionsError":null}
[2025-11-07T22:45:56.880Z] [INFO   ] 2025-11-07T22:45:56.880Z [DEBUG] 📋 [API /api/integrations] Using explicit permission {"integrationId":"73eb00b5-f035-4c99-81e1-6f2700e7d1b8","provider":"notion","permission":"admin"}
[2025-11-07T22:45:56.880Z] [INFO   ] 2025-11-07T22:45:56.880Z [DEBUG] 📋 [API /api/integrations] Using explicit permission {"integrationId":"21d15a49-a011-41fc-b20a-813fd9a6ac0e","provider":"mailchimp","permission":"admin"}
[2025-11-07T22:45:56.880Z] [INFO   ] 2025-11-07T22:45:56.880Z [DEBUG] 📋 [API /api/integrations] Using explicit permission {"integrationId":"610e4069-9323-4f4c-a80a-a5e56b700c1f","provider":"gmail","permission":"admin"}
[2025-11-07T22:45:56.880Z] [INFO   ] 2025-11-07T22:45:56.880Z [DEBUG] 📋 [API /api/integrations] Using explicit permission {"integrationId":"fa8ff906-fe58-416e-9328-245b65d2fe34","provider":"google-docs","permission":"admin"}
[2025-11-07T22:45:56.880Z] [INFO   ] 2025-11-07T22:45:56.880Z [DEBUG] 📋 [API /api/integrations] Using explicit permission {"integrationId":"683b99fe-5a31-45a8-93a9-b6535930c566","provider":"google-drive","permission":"admin"}
[2025-11-07T22:45:56.880Z] [INFO   ] 2025-11-07T22:45:56.880Z [DEBUG] 📋 [API /api/integrations] Using explicit permission {"integrationId":"7cbd7f8f-75ea-4775-842f-bfc68aa9d73c","provider":"trello","permission":"admin"}
[2025-11-07T22:45:56.880Z] [INFO   ] 2025-11-07T22:45:56.880Z [DEBUG] 📋 [API /api/integrations] Using explicit permission {"integrationId":"918ff057-e567-4e7c-b829-4fe0ca428dcc","provider":"facebook","permission":"admin"}
[2025-11-07T22:45:56.880Z] [INFO   ] 2025-11-07T22:45:56.880Z [DEBUG] 📋 [API /api/integrations] Using explicit permission {"integrationId":"fce6756a-efec-4bf7-927e-dba227ca2149","provider":"google-sheets","permission":"admin"}
[2025-11-07T22:45:56.880Z] [INFO   ] 2025-11-07T22:45:56.880Z [DEBUG] 📋 [API /api/integrations] Using explicit permission {"integrationId":"4386d41f-07dd-4e5d-ae50-417fdbcf0974","provider":"slack","permission":"admin"}
[2025-11-07T22:45:56.880Z] [INFO   ] 2025-11-07T22:45:56.880Z [DEBUG] 📋 [API /api/integrations] Using explicit permission {"integrationId":"6b250358-6441-499c-a711-37e7ae101507","provider":"dropbox","permission":"admin"}
[2025-11-07T22:45:56.880Z] [INFO   ] 2025-11-07T22:45:56.880Z [DEBUG] 📋 [API /api/integrations] Using explicit permission {"integrationId":"67c08136-3021-4b5a-ba37-343adefeb40e","provider":"discord","permission":"admin"}
[2025-11-07T22:45:56.880Z] [INFO   ] 2025-11-07T22:45:56.880Z [DEBUG] 📋 [API /api/integrations] Using explicit permission {"integrationId":"54248f26-c543-4e8f-8285-0b0fbfbf82dd","provider":"twitter","permission":"admin"}
[2025-11-07T22:45:56.880Z] [INFO   ] 2025-11-07T22:45:56.880Z [DEBUG] 📋 [API /api/integrations] Using explicit permission {"integrationId":"c8d02b5a-3a01-49f9-abdf-693f30c28ab9","provider":"google-calendar","permission":"admin"}
[2025-11-07T22:45:56.880Z] [INFO   ] 2025-11-07T22:45:56.880Z [DEBUG] 📋 [API /api/integrations] Using explicit permission {"integrationId":"23c9b660-dff1-40e3-be7a-f47816751245","provider":"airtable","permission":"admin"}
[2025-11-07T22:45:56.880Z] [INFO   ] 2025-11-07T22:45:56.880Z [DEBUG] ✅ [API /api/integrations] Returning integrations {"count":14,"workspaceType":"personal"}
[2025-11-07T22:46:09.602Z] [INFO   ]  [37m[1m○[22m[39m Compiling /api/integrations/airtable/data ...
[2025-11-07T22:46:09.767Z] [INFO   ]  [32m[1m✓[22m[39m Compiled /api/integrations/airtable/data in 674ms (5086 modules)
[2025-11-07T22:46:10.000Z] [INFO   ] 2025-11-07T22:46:09.999Z [DEBUG] 🔍 [Airtable API] Processing request: {"integrationId":"23c9b660-dff1-40e3-be7a-f47816751245","dataType":"airtable_bases","status":"connected","hasToken":true}
[2025-11-07T22:46:10.000Z] [INFO   ] 2025-11-07T22:46:10.000Z [DEBUG] 🔍 Airtable bases fetcher called with integration: {"id":"23c9b660-dff1-40e3-be7a-f47816751245","provider":"airtable","hasToken":true,"tokenLength":334}
[2025-11-07T22:46:10.000Z] [INFO   ] 2025-11-07T22:46:10.000Z [DEBUG] 🔍 Validating Airtable token...
[2025-11-07T22:46:10.000Z] [INFO   ] 2025-11-07T22:46:10.000Z [DEBUG] 🔍 Fetching Airtable bases from API...
[2025-11-07T22:46:11.402Z] [INFO   ] 2025-11-07T22:46:11.402Z [DEBUG] ✅ Airtable bases fetched successfully: 3 bases
[2025-11-07T22:46:11.403Z] [INFO   ] 2025-11-07T22:46:11.403Z [DEBUG] ✅ [Airtable API] Successfully processed airtable_bases: {"integrationId":"23c9b660-dff1-40e3-be7a-f47816751245","resultCount":3}
[2025-11-07T22:46:14.291Z] [INFO   ] 2025-11-07T22:46:14.291Z [DEBUG] 🔍 [Airtable API] Processing request: {"integrationId":"23c9b660-dff1-40e3-be7a-f47816751245","dataType":"airtable_tables","status":"connected","hasToken":true}
[2025-11-07T22:46:14.291Z] [INFO   ] 2025-11-07T22:46:14.291Z [DEBUG] 🔍 Airtable tables fetcher called with: {"integrationId":"23c9b660-dff1-40e3-be7a-f47816751245","baseId":"app2KiMxZofDhMOmZ","hasToken":true}
[2025-11-07T22:46:14.291Z] [INFO   ] 2025-11-07T22:46:14.291Z [DEBUG] 🔍 Validating Airtable token...
[2025-11-07T22:46:14.291Z] [INFO   ] 2025-11-07T22:46:14.291Z [DEBUG] 🔍 Fetching Airtable tables from API...
[2025-11-07T22:46:14.332Z] [INFO   ] 2025-11-07T22:46:14.331Z [DEBUG] 🔍 [Airtable API] Processing request: {"integrationId":"23c9b660-dff1-40e3-be7a-f47816751245","dataType":"airtable_tables","status":"connected","hasToken":true}
[2025-11-07T22:46:14.333Z] [INFO   ] 2025-11-07T22:46:14.333Z [DEBUG] 🔍 Airtable tables fetcher called with: {"integrationId":"23c9b660-dff1-40e3-be7a-f47816751245","baseId":"app2KiMxZofDhMOmZ","hasToken":true}
[2025-11-07T22:46:14.333Z] [INFO   ] 2025-11-07T22:46:14.333Z [DEBUG] 🔍 Validating Airtable token...
[2025-11-07T22:46:14.333Z] [INFO   ] 2025-11-07T22:46:14.333Z [DEBUG] 🔍 Fetching Airtable tables from API...
[2025-11-07T22:46:16.611Z] [INFO   ] 2025-11-07T22:46:16.611Z [DEBUG] ✅ Airtable tables fetched successfully: 5 tables from base "app2KiMxZofDhMOmZ"
[2025-11-07T22:46:16.612Z] [INFO   ] 2025-11-07T22:46:16.612Z [DEBUG] 🔍 Available tables: [{"id":"tbl86Pvq1rJ8tsJZA","name":"Design Drafts"},{"id":"tblwRsE3U48r4EB8J","name":"Feedback"},{"id":"tblnuq35Gtq0tZrRO","name":"Collaboration Insights"},{"id":"tbl5J3AgOjpwad7ql","name":"Tasks"},{"id":"tblbW3PQQkNW88hMY","name":"Projects"}]
[2025-11-07T22:46:16.612Z] [INFO   ] 2025-11-07T22:46:16.612Z [DEBUG] ✅ [Airtable API] Successfully processed airtable_tables: {"integrationId":"23c9b660-dff1-40e3-be7a-f47816751245","resultCount":5}
[2025-11-07T22:46:16.651Z] [INFO   ] 2025-11-07T22:46:16.650Z [DEBUG] ✅ Airtable tables fetched successfully: 5 tables from base "app2KiMxZofDhMOmZ"
[2025-11-07T22:46:16.651Z] [INFO   ] 2025-11-07T22:46:16.651Z [DEBUG] 🔍 Available tables: [{"id":"tbl86Pvq1rJ8tsJZA","name":"Design Drafts"},{"id":"tblwRsE3U48r4EB8J","name":"Feedback"},{"id":"tblnuq35Gtq0tZrRO","name":"Collaboration Insights"},{"id":"tbl5J3AgOjpwad7ql","name":"Tasks"},{"id":"tblbW3PQQkNW88hMY","name":"Projects"}]
[2025-11-07T22:46:16.651Z] [INFO   ] 2025-11-07T22:46:16.651Z [DEBUG] ✅ [Airtable API] Successfully processed airtable_tables: {"integrationId":"23c9b660-dff1-40e3-be7a-f47816751245","resultCount":5}
[2025-11-07T22:46:18.786Z] [INFO   ]  [37m[1m○[22m[39m Compiling /api/integrations/airtable/metadata ...
[2025-11-07T22:46:18.906Z] [INFO   ]  [32m[1m✓[22m[39m Compiled /api/integrations/airtable/metadata in 650ms (5089 modules)
[2025-11-07T22:46:18.981Z] [INFO   ] 2025-11-07T22:46:18.981Z [DEBUG] Metadata API called with: {"integrationId":"23c9b660-dff1-40e3-be7a-f47816751245","baseId":"app2KiMxZofDhMOmZ","tableName":"Design Drafts"}
[2025-11-07T22:46:19.117Z] [INFO   ] 2025-11-07T22:46:19.117Z [DEBUG] Access token decrypted successfully
[2025-11-07T22:46:19.117Z] [INFO   ] 2025-11-07T22:46:19.117Z [DEBUG] Fetching metadata from Airtable: https://api.airtable.com/v0/meta/bases/app2KiMxZofDhMOmZ/tables
[2025-11-07T22:46:19.259Z] [INFO   ] 2025-11-07T22:46:19.259Z [DEBUG] Airtable metadata response received: {"hasData":true,"tableCount":5,"baseId":"app2KiMxZofDhMOmZ","requestedTable":"Design Drafts"}
[2025-11-07T22:46:19.260Z] [INFO   ] 2025-11-07T22:46:19.260Z [DEBUG] Table fields found: [{"name":"Draft Name","type":"singleLineText","id":"fldpeH75nEzotVaIz"},{"name":"Designer","type":"singleLineText","id":"fldHwBT4DpJNynoDs"},{"name":"Upload Date","type":"date","id":"fldeyYCl5huNfhp00"},{"name":"Draft Image","type":"multipleAttachments","id":"fldGgF9IiZev9ifPo"},{"name":"Status","type":"singleSelect","id":"fldvgqaHX9d378Hr6"},{"name":"Associated Project","type":"multipleRecordLinks","id":"fldUDIP1gDZA1jozK"},{"name":"Feedback","type":"multipleRecordLinks","id":"fldSoktSheZaqPQ7j"},{"name":"Tasks","type":"multipleRecordLinks","id":"fldYEXb0ggEwxMsfJ"}]
[2025-11-07T22:46:19.342Z] [INFO   ] 2025-11-07T22:46:19.342Z [DEBUG] Metadata API called with: {"integrationId":"23c9b660-dff1-40e3-be7a-f47816751245","baseId":"app2KiMxZofDhMOmZ","tableName":"Design Drafts"}
[2025-11-07T22:46:19.419Z] [INFO   ] 2025-11-07T22:46:19.419Z [DEBUG] Access token decrypted successfully
[2025-11-07T22:46:19.419Z] [INFO   ] 2025-11-07T22:46:19.419Z [DEBUG] Fetching metadata from Airtable: https://api.airtable.com/v0/meta/bases/app2KiMxZofDhMOmZ/tables
[2025-11-07T22:46:19.559Z] [INFO   ] 2025-11-07T22:46:19.559Z [DEBUG] Airtable metadata response received: {"hasData":true,"tableCount":5,"baseId":"app2KiMxZofDhMOmZ","requestedTable":"Design Drafts"}
[2025-11-07T22:46:19.560Z] [INFO   ] 2025-11-07T22:46:19.560Z [DEBUG] Table fields found: [{"name":"Draft Name","type":"singleLineText","id":"fldpeH75nEzotVaIz"},{"name":"Designer","type":"singleLineText","id":"fldHwBT4DpJNynoDs"},{"name":"Upload Date","type":"date","id":"fldeyYCl5huNfhp00"},{"name":"Draft Image","type":"multipleAttachments","id":"fldGgF9IiZev9ifPo"},{"name":"Status","type":"singleSelect","id":"fldvgqaHX9d378Hr6"},{"name":"Associated Project","type":"multipleRecordLinks","id":"fldUDIP1gDZA1jozK"},{"name":"Feedback","type":"multipleRecordLinks","id":"fldSoktSheZaqPQ7j"},{"name":"Tasks","type":"multipleRecordLinks","id":"fldYEXb0ggEwxMsfJ"}]
[2025-11-07T22:46:19.691Z] [INFO   ] 2025-11-07T22:46:19.691Z [DEBUG] 🔍 [Airtable API] Processing request: {"integrationId":"23c9b660-dff1-40e3-be7a-f47816751245","dataType":"airtable_records","status":"connected","hasToken":true}
[2025-11-07T22:46:19.692Z] [INFO   ] 2025-11-07T22:46:19.692Z [DEBUG] 🔍 Airtable records fetcher called with: {"integrationId":"23c9b660-dff1-40e3-be7a-f47816751245","baseId":"app2KiMxZofDhMOmZ","tableName":"Design Drafts","maxRecords":100,"hasToken":true}
[2025-11-07T22:46:19.692Z] [INFO   ] 2025-11-07T22:46:19.692Z [DEBUG] 🔍 Validating Airtable token...
[2025-11-07T22:46:19.692Z] [INFO   ] 2025-11-07T22:46:19.692Z [DEBUG] 🔍 Fetching Airtable records from API...
[2025-11-07T22:46:20.906Z] [INFO   ] 2025-11-07T22:46:20.906Z [DEBUG] ✅ Airtable records fetched successfully: 7 records
[2025-11-07T22:46:20.907Z] [INFO   ] 2025-11-07T22:46:20.907Z [DEBUG] ✅ [Airtable API] Successfully processed airtable_records: {"integrationId":"23c9b660-dff1-40e3-be7a-f47816751245","resultCount":7}
[2025-11-07T22:46:23.466Z] [INFO   ] 2025-11-07T22:46:23.466Z [DEBUG] 🔍 [Airtable API] Processing request: {"integrationId":"23c9b660-dff1-40e3-be7a-f47816751245","dataType":"airtable_linked_records","status":"connected","hasToken":true}
[2025-11-07T22:46:23.467Z] [INFO   ] 2025-11-07T22:46:23.467Z [DEBUG] 🔍 Airtable linked records fetcher called with: {"integrationId":"23c9b660-dff1-40e3-be7a-f47816751245","baseId":"app2KiMxZofDhMOmZ","linkedTableName":"Projects","hasToken":true}
[2025-11-07T22:46:23.467Z] [INFO   ] 2025-11-07T22:46:23.467Z [DEBUG] 🔍 Fetching records from linked table: Projects
[2025-11-07T22:46:23.552Z] [INFO   ] 2025-11-07T22:46:23.552Z [DEBUG] 🔍 [Airtable API] Processing request: {"integrationId":"23c9b660-dff1-40e3-be7a-f47816751245","dataType":"airtable_linked_records","status":"connected","hasToken":true}
[2025-11-07T22:46:23.552Z] [INFO   ] 2025-11-07T22:46:23.552Z [DEBUG] 🔍 Airtable linked records fetcher called with: {"integrationId":"23c9b660-dff1-40e3-be7a-f47816751245","baseId":"app2KiMxZofDhMOmZ","linkedTableName":"Tasks","hasToken":true}
[2025-11-07T22:46:23.552Z] [INFO   ] 2025-11-07T22:46:23.552Z [DEBUG] 🔍 Fetching records from linked table: Tasks
[2025-11-07T22:46:23.634Z] [INFO   ] 2025-11-07T22:46:23.634Z [DEBUG] 🔍 [Airtable API] Processing request: {"integrationId":"23c9b660-dff1-40e3-be7a-f47816751245","dataType":"airtable_linked_records","status":"connected","hasToken":true}
[2025-11-07T22:46:23.634Z] [INFO   ] 2025-11-07T22:46:23.634Z [DEBUG] 🔍 Airtable linked records fetcher called with: {"integrationId":"23c9b660-dff1-40e3-be7a-f47816751245","baseId":"app2KiMxZofDhMOmZ","linkedTableName":"Feedback","hasToken":true}
[2025-11-07T22:46:23.635Z] [INFO   ] 2025-11-07T22:46:23.635Z [DEBUG] 🔍 Fetching records from linked table: Feedback
[2025-11-07T22:46:24.617Z] [INFO   ] 2025-11-07T22:46:24.616Z [DEBUG] ✅ Fetched 5 records from linked table Projects
[2025-11-07T22:46:24.618Z] [INFO   ] 2025-11-07T22:46:24.618Z [DEBUG] ✅ [Airtable API] Successfully processed airtable_linked_records: {"integrationId":"23c9b660-dff1-40e3-be7a-f47816751245","resultCount":5}
[2025-11-07T22:46:24.768Z] [INFO   ] 2025-11-07T22:46:24.767Z [DEBUG] ✅ Fetched 6 records from linked table Feedback
[2025-11-07T22:46:24.769Z] [INFO   ] 2025-11-07T22:46:24.768Z [DEBUG] ✅ [Airtable API] Successfully processed airtable_linked_records: {"integrationId":"23c9b660-dff1-40e3-be7a-f47816751245","resultCount":6}
[2025-11-07T22:46:24.849Z] [INFO   ] 2025-11-07T22:46:24.849Z [DEBUG] ✅ Fetched 5 records from linked table Tasks
[2025-11-07T22:46:24.850Z] [INFO   ] 2025-11-07T22:46:24.850Z [DEBUG] ✅ [Airtable API] Successfully processed airtable_linked_records: {"integrationId":"23c9b660-dff1-40e3-be7a-f47816751245","resultCount":5}
[2025-11-07T22:46:50.965Z] [INFO   ]  [37m[1m○[22m[39m Compiling /api/integrations/facebook/data ...
[2025-11-07T22:46:50.969Z] [INFO   ]  [32m[1m✓[22m[39m Compiled /api/integrations/facebook/data in 535ms (5098 modules)
[2025-11-07T22:46:51.189Z] [INFO   ] 2025-11-07T22:46:51.189Z [DEBUG] 🔍 [Facebook API] Processing request: {"integrationId":"918ff057-e567-4e7c-b829-4fe0ca428dcc","dataType":"facebook_pages","status":"connected","hasToken":true}
[2025-11-07T22:46:51.189Z] [INFO   ] 2025-11-07T22:46:51.189Z [DEBUG] 🔍 Facebook pages fetcher called with integration: {"id":"918ff057-e567-4e7c-b829-4fe0ca428dcc","provider":"facebook","hasToken":true}
[2025-11-07T22:46:51.189Z] [INFO   ] 2025-11-07T22:46:51.189Z [DEBUG] 🔍 Validating Facebook token...
[2025-11-07T22:46:51.189Z] [INFO   ] 2025-11-07T22:46:51.189Z [DEBUG] 🔍 Token validation result: {"success":true,"hasToken":true,"tokenLength":254,"tokenPreview":"EAAaHqHjzOn4BPfZClO3..."}
[2025-11-07T22:46:51.189Z] [INFO   ] 2025-11-07T22:46:51.189Z [DEBUG] 🔍 Making Facebook API call with appsecret_proof
[2025-11-07T22:46:51.759Z] [INFO   ] 2025-11-07T22:46:51.759Z [DEBUG] 🔍 Facebook API response: {"data":[{"access_token":"EAAaHqHjzOn4BPzENgSeeL8QriWExWqyc0GOK5tK8LRjjKAzbcqNjElqiopuaQCZCHVDEfsL2x0cSPzigZBNMAEsk7XBW6xjQIpLL6Vkfrc5318jn867go9M2z3W2vZBvpUjva9YBKm5Q9uFKZC3aANAvdkYo7YFjbFIuK0E6UHjxCI4ECOKc0l8RqQhF92G0WwZDZD","category":"Software","category_list":[{"id":"2211","name":"Software"}],"name":"Chain React","id":"698233016701214","tasks":["ADVERTISE","ANALYZE","CREATE_CONTENT","MESSAGING","MODERATE","MANAGE"]}],"paging":{"cursors":{"before":"QVFIU2tNTWhibDF4VlRRbHJIV1NNeGZAYS2QtazRBNWxIbnpoczhGcENnX3VCdTRfbHVwdDltSlZAhcXp2UGJzZA2ZALelBMNlBCVWNPUlk1OUl0ZA2dCU1M4b01n","after":"QVFIU2tNTWhibDF4VlRRbHJIV1NNeGZAYS2QtazRBNWxIbnpoczhGcENnX3VCdTRfbHVwdDltSlZAhcXp2UGJzZA2ZALelBMNlBCVWNPUlk1OUl0ZA2dCU1M4b01n"}}}
[2025-11-07T22:46:51.760Z] [INFO   ] 2025-11-07T22:46:51.760Z [DEBUG] 🔍 Processed Facebook pages: [{"id":"698233016701214","name":"Chain React","value":"698233016701214","access_token":"EAAaHqHjzOn4BPzENgSeeL8QriWExWqyc0GOK5tK8LRjjKAzbcqNjElqiopuaQCZCHVDEfsL2x0cSPzigZBNMAEsk7XBW6xjQIpLL6Vkfrc5318jn867go9M2z3W2vZBvpUjva9YBKm5Q9uFKZC3aANAvdkYo7YFjbFIuK0E6UHjxCI4ECOKc0l8RqQhF92G0WwZDZD","category":"Software","tasks":["ADVERTISE","ANALYZE","CREATE_CONTENT","MESSAGING","MODERATE","MANAGE"]}]
[2025-11-07T22:46:51.760Z] [INFO   ] 2025-11-07T22:46:51.760Z [DEBUG] ✅ [Facebook API] Successfully processed facebook_pages: {"integrationId":"918ff057-e567-4e7c-b829-4fe0ca428dcc","resultCount":1}
[2025-11-07T22:46:53.479Z] [INFO   ] 2025-11-07T22:46:53.479Z [DEBUG] 🔍 [Facebook API] Processing request: {"integrationId":"918ff057-e567-4e7c-b829-4fe0ca428dcc","dataType":"facebook_albums","status":"connected","hasToken":true}
[2025-11-07T22:46:53.480Z] [INFO   ] 2025-11-07T22:46:53.479Z [DEBUG] 🔍 [Facebook Albums] Fetching albums for page: {"integrationId":"918ff057-e567-4e7c-b829-4fe0ca428dcc","pageId":"698233016701214","hasToken":true}
[2025-11-07T22:46:53.480Z] [INFO   ] 2025-11-07T22:46:53.480Z [DEBUG] 🔍 [Facebook Albums] Making Facebook API call
[2025-11-07T22:46:53.799Z] [INFO   ] 2025-11-07T22:46:53.798Z [DEBUG] ✅ [Facebook Albums] API response: {"albumCount":3}
[2025-11-07T22:46:53.799Z] [INFO   ] 2025-11-07T22:46:53.799Z [DEBUG] ✅ [Facebook Albums] Processed 3 albums
[2025-11-07T22:46:53.799Z] [INFO   ] 2025-11-07T22:46:53.799Z [DEBUG] ✅ [Facebook API] Successfully processed facebook_albums: {"integrationId":"918ff057-e567-4e7c-b829-4fe0ca428dcc","resultCount":3}
[2025-11-07T22:47:08.868Z] [INFO   ]  [32m[1m✓[22m[39m Compiled in 1687ms (5084 modules)
[2025-11-07T22:47:58.194Z] [INFO   ] 2025-11-07T22:47:58.194Z [DEBUG] 🔍 [Airtable API] Processing request: {"integrationId":"23c9b660-dff1-40e3-be7a-f47816751245","dataType":"airtable_tables","status":"connected","hasToken":true}
[2025-11-07T22:47:58.195Z] [INFO   ] 2025-11-07T22:47:58.195Z [DEBUG] 🔍 Airtable tables fetcher called with: {"integrationId":"23c9b660-dff1-40e3-be7a-f47816751245","baseId":"app2KiMxZofDhMOmZ","hasToken":true}
[2025-11-07T22:47:58.196Z] [INFO   ] 2025-11-07T22:47:58.196Z [DEBUG] 🔍 Validating Airtable token...
[2025-11-07T22:47:58.196Z] [INFO   ] 2025-11-07T22:47:58.196Z [DEBUG] 🔍 Fetching Airtable tables from API...
[2025-11-07T22:47:58.233Z] [INFO   ] 2025-11-07T22:47:58.232Z [DEBUG] 🔍 [Airtable API] Processing request: {"integrationId":"23c9b660-dff1-40e3-be7a-f47816751245","dataType":"airtable_tables","status":"connected","hasToken":true}
[2025-11-07T22:47:58.233Z] [INFO   ] 2025-11-07T22:47:58.233Z [DEBUG] 🔍 Airtable tables fetcher called with: {"integrationId":"23c9b660-dff1-40e3-be7a-f47816751245","baseId":"app2KiMxZofDhMOmZ","hasToken":true}
[2025-11-07T22:47:58.233Z] [INFO   ] 2025-11-07T22:47:58.233Z [DEBUG] 🔍 Validating Airtable token...
[2025-11-07T22:47:58.233Z] [INFO   ] 2025-11-07T22:47:58.233Z [DEBUG] 🔍 Fetching Airtable tables from API...
[2025-11-07T22:47:59.606Z] [INFO   ] 2025-11-07T22:47:59.606Z [DEBUG] ✅ Airtable tables fetched successfully: 5 tables from base "app2KiMxZofDhMOmZ"
[2025-11-07T22:47:59.606Z] [INFO   ] 2025-11-07T22:47:59.606Z [DEBUG] 🔍 Available tables: [{"id":"tbl86Pvq1rJ8tsJZA","name":"Design Drafts"},{"id":"tblwRsE3U48r4EB8J","name":"Feedback"},{"id":"tblnuq35Gtq0tZrRO","name":"Collaboration Insights"},{"id":"tbl5J3AgOjpwad7ql","name":"Tasks"},{"id":"tblbW3PQQkNW88hMY","name":"Projects"}]
[2025-11-07T22:47:59.606Z] [INFO   ] 2025-11-07T22:47:59.606Z [DEBUG] ✅ [Airtable API] Successfully processed airtable_tables: {"integrationId":"23c9b660-dff1-40e3-be7a-f47816751245","resultCount":5}
[2025-11-07T22:47:59.632Z] [INFO   ] 2025-11-07T22:47:59.632Z [DEBUG] ✅ Airtable tables fetched successfully: 5 tables from base "app2KiMxZofDhMOmZ"
[2025-11-07T22:47:59.633Z] [INFO   ] 2025-11-07T22:47:59.632Z [DEBUG] 🔍 Available tables: [{"id":"tbl86Pvq1rJ8tsJZA","name":"Design Drafts"},{"id":"tblwRsE3U48r4EB8J","name":"Feedback"},{"id":"tblnuq35Gtq0tZrRO","name":"Collaboration Insights"},{"id":"tbl5J3AgOjpwad7ql","name":"Tasks"},{"id":"tblbW3PQQkNW88hMY","name":"Projects"}]
[2025-11-07T22:47:59.633Z] [INFO   ] 2025-11-07T22:47:59.633Z [DEBUG] ✅ [Airtable API] Successfully processed airtable_tables: {"integrationId":"23c9b660-dff1-40e3-be7a-f47816751245","resultCount":5}
[2025-11-07T22:48:01.201Z] [INFO   ] 2025-11-07T22:48:01.201Z [DEBUG] Metadata API called with: {"integrationId":"23c9b660-dff1-40e3-be7a-f47816751245","baseId":"app2KiMxZofDhMOmZ","tableName":"Design Drafts"}
[2025-11-07T22:48:01.290Z] [INFO   ] 2025-11-07T22:48:01.290Z [DEBUG] Access token decrypted successfully
[2025-11-07T22:48:01.290Z] [INFO   ] 2025-11-07T22:48:01.290Z [DEBUG] Fetching metadata from Airtable: https://api.airtable.com/v0/meta/bases/app2KiMxZofDhMOmZ/tables
[2025-11-07T22:48:01.423Z] [INFO   ] 2025-11-07T22:48:01.423Z [DEBUG] Airtable metadata response received: {"hasData":true,"tableCount":5,"baseId":"app2KiMxZofDhMOmZ","requestedTable":"Design Drafts"}
[2025-11-07T22:48:01.423Z] [INFO   ] 2025-11-07T22:48:01.423Z [DEBUG] Table fields found: [{"name":"Draft Name","type":"singleLineText","id":"fldpeH75nEzotVaIz"},{"name":"Designer","type":"singleLineText","id":"fldHwBT4DpJNynoDs"},{"name":"Upload Date","type":"date","id":"fldeyYCl5huNfhp00"},{"name":"Draft Image","type":"multipleAttachments","id":"fldGgF9IiZev9ifPo"},{"name":"Status","type":"singleSelect","id":"fldvgqaHX9d378Hr6"},{"name":"Associated Project","type":"multipleRecordLinks","id":"fldUDIP1gDZA1jozK"},{"name":"Feedback","type":"multipleRecordLinks","id":"fldSoktSheZaqPQ7j"},{"name":"Tasks","type":"multipleRecordLinks","id":"fldYEXb0ggEwxMsfJ"}]
[2025-11-07T22:48:01.489Z] [INFO   ] 2025-11-07T22:48:01.489Z [DEBUG] Metadata API called with: {"integrationId":"23c9b660-dff1-40e3-be7a-f47816751245","baseId":"app2KiMxZofDhMOmZ","tableName":"Design Drafts"}
[2025-11-07T22:48:01.576Z] [INFO   ] 2025-11-07T22:48:01.576Z [DEBUG] Access token decrypted successfully
[2025-11-07T22:48:01.577Z] [INFO   ] 2025-11-07T22:48:01.577Z [DEBUG] Fetching metadata from Airtable: https://api.airtable.com/v0/meta/bases/app2KiMxZofDhMOmZ/tables
[2025-11-07T22:48:01.703Z] [INFO   ] 2025-11-07T22:48:01.702Z [DEBUG] Airtable metadata response received: {"hasData":true,"tableCount":5,"baseId":"app2KiMxZofDhMOmZ","requestedTable":"Design Drafts"}
[2025-11-07T22:48:01.703Z] [INFO   ] 2025-11-07T22:48:01.703Z [DEBUG] Table fields found: [{"name":"Draft Name","type":"singleLineText","id":"fldpeH75nEzotVaIz"},{"name":"Designer","type":"singleLineText","id":"fldHwBT4DpJNynoDs"},{"name":"Upload Date","type":"date","id":"fldeyYCl5huNfhp00"},{"name":"Draft Image","type":"multipleAttachments","id":"fldGgF9IiZev9ifPo"},{"name":"Status","type":"singleSelect","id":"fldvgqaHX9d378Hr6"},{"name":"Associated Project","type":"multipleRecordLinks","id":"fldUDIP1gDZA1jozK"},{"name":"Feedback","type":"multipleRecordLinks","id":"fldSoktSheZaqPQ7j"},{"name":"Tasks","type":"multipleRecordLinks","id":"fldYEXb0ggEwxMsfJ"}]
[2025-11-07T22:48:01.847Z] [INFO   ] 2025-11-07T22:48:01.847Z [DEBUG] 🔍 [Airtable API] Processing request: {"integrationId":"23c9b660-dff1-40e3-be7a-f47816751245","dataType":"airtable_records","status":"connected","hasToken":true}
[2025-11-07T22:48:01.847Z] [INFO   ] 2025-11-07T22:48:01.847Z [DEBUG] 🔍 Airtable records fetcher called with: {"integrationId":"23c9b660-dff1-40e3-be7a-f47816751245","baseId":"app2KiMxZofDhMOmZ","tableName":"Design Drafts","maxRecords":100,"hasToken":true}
[2025-11-07T22:48:01.847Z] [INFO   ] 2025-11-07T22:48:01.847Z [DEBUG] 🔍 Validating Airtable token...
[2025-11-07T22:48:01.847Z] [INFO   ] 2025-11-07T22:48:01.847Z [DEBUG] 🔍 Fetching Airtable records from API...
[2025-11-07T22:48:03.010Z] [INFO   ] 2025-11-07T22:48:03.010Z [DEBUG] ✅ Airtable records fetched successfully: 7 records
[2025-11-07T22:48:03.010Z] [INFO   ] 2025-11-07T22:48:03.010Z [DEBUG] ✅ [Airtable API] Successfully processed airtable_records: {"integrationId":"23c9b660-dff1-40e3-be7a-f47816751245","resultCount":7}
[2025-11-07T22:48:05.050Z] [INFO   ] 2025-11-07T22:48:05.050Z [DEBUG] 🔍 [Airtable API] Processing request: {"integrationId":"23c9b660-dff1-40e3-be7a-f47816751245","dataType":"airtable_linked_records","status":"connected","hasToken":true}
[2025-11-07T22:48:05.053Z] [INFO   ] 2025-11-07T22:48:05.053Z [DEBUG] 🔍 Airtable linked records fetcher called with: {"integrationId":"23c9b660-dff1-40e3-be7a-f47816751245","baseId":"app2KiMxZofDhMOmZ","linkedTableName":"Projects","hasToken":true}
[2025-11-07T22:48:05.053Z] [INFO   ] 2025-11-07T22:48:05.053Z [DEBUG] 🔍 Fetching records from linked table: Projects
[2025-11-07T22:48:05.127Z] [INFO   ] 2025-11-07T22:48:05.127Z [DEBUG] 🔍 [Airtable API] Processing request: {"integrationId":"23c9b660-dff1-40e3-be7a-f47816751245","dataType":"airtable_linked_records","status":"connected","hasToken":true}
[2025-11-07T22:48:05.127Z] [INFO   ] 2025-11-07T22:48:05.127Z [DEBUG] 🔍 Airtable linked records fetcher called with: {"integrationId":"23c9b660-dff1-40e3-be7a-f47816751245","baseId":"app2KiMxZofDhMOmZ","linkedTableName":"Feedback","hasToken":true}
[2025-11-07T22:48:05.127Z] [INFO   ] 2025-11-07T22:48:05.127Z [DEBUG] 🔍 Fetching records from linked table: Feedback
[2025-11-07T22:48:05.133Z] [INFO   ] 2025-11-07T22:48:05.133Z [DEBUG] 🔍 [Airtable API] Processing request: {"integrationId":"23c9b660-dff1-40e3-be7a-f47816751245","dataType":"airtable_linked_records","status":"connected","hasToken":true}
[2025-11-07T22:48:05.134Z] [INFO   ] 2025-11-07T22:48:05.133Z [DEBUG] 🔍 Airtable linked records fetcher called with: {"integrationId":"23c9b660-dff1-40e3-be7a-f47816751245","baseId":"app2KiMxZofDhMOmZ","linkedTableName":"Tasks","hasToken":true}
[2025-11-07T22:48:05.134Z] [INFO   ] 2025-11-07T22:48:05.134Z [DEBUG] 🔍 Fetching records from linked table: Tasks
[2025-11-07T22:48:06.169Z] [INFO   ] 2025-11-07T22:48:06.169Z [DEBUG] ✅ Fetched 5 records from linked table Projects
[2025-11-07T22:48:06.170Z] [INFO   ] 2025-11-07T22:48:06.170Z [DEBUG] ✅ [Airtable API] Successfully processed airtable_linked_records: {"integrationId":"23c9b660-dff1-40e3-be7a-f47816751245","resultCount":5}
[2025-11-07T22:48:06.462Z] [INFO   ] 2025-11-07T22:48:06.462Z [DEBUG] ✅ Fetched 5 records from linked table Tasks
[2025-11-07T22:48:06.462Z] [INFO   ] 2025-11-07T22:48:06.462Z [DEBUG] ✅ [Airtable API] Successfully processed airtable_linked_records: {"integrationId":"23c9b660-dff1-40e3-be7a-f47816751245","resultCount":5}
[2025-11-07T22:48:06.480Z] [INFO   ] 2025-11-07T22:48:06.480Z [DEBUG] ✅ Fetched 6 records from linked table Feedback
[2025-11-07T22:48:06.480Z] [INFO   ] 2025-11-07T22:48:06.480Z [DEBUG] ✅ [Airtable API] Successfully processed airtable_linked_records: {"integrationId":"23c9b660-dff1-40e3-be7a-f47816751245","resultCount":6}
[2025-11-07T22:48:28.372Z] [INFO   ]  [32m[1m✓[22m[39m Compiled in 4.2s (5075 modules)
[2025-11-07T22:48:28.653Z] [WARN   ]  [33m[1m⚠[22m[39m Fast Refresh had to perform a full reload. Read more: https://nextjs.org/docs/messages/fast-refresh-reload
[2025-11-07T22:48:29.258Z] [INFO   ] 2025-11-07T22:48:29.258Z [DEBUG] 💧 [AUTH] Rehydrating auth state from storage {"hasState":true,"hasUser":false,"initialized":false,"timestamp":"2025-11-07T22:48:29.258Z"}
[2025-11-07T22:48:29.271Z] [INFO   ] 2025-11-07T22:48:29.271Z [DEBUG] 💧 [AUTH] State hydrated and reset {"hasUser":false,"initialized":false,"timestamp":"2025-11-07T22:48:29.271Z"}
[2025-11-07T22:48:29.271Z] [INFO   ] 2025-11-07T22:48:29.271Z [DEBUG] ⏭️ [AUTH] Skipping initialization {"hasState":true,"alreadyInitialized":false,"isClient":false,"timestamp":"2025-11-07T22:48:29.271Z"}
[2025-11-07T22:48:30.575Z] [INFO   ]  [32m[1m✓[22m[39m Compiled /api/presence/count in 430ms (4026 modules)
[2025-11-07T22:48:30.938Z] [INFO   ]  [32m[1m✓[22m[39m Compiled (4049 modules)
[2025-11-07T22:48:35.080Z] [INFO   ]  [37m[1m○[22m[39m Compiling /api/integrations ...
[2025-11-07T22:48:35.487Z] [INFO   ]  [32m[1m✓[22m[39m Compiled /api/integrations in 914ms (4052 modules)
[2025-11-07T22:48:35.674Z] [INFO   ] 2025-11-07T22:48:35.674Z [DEBUG] 📍 [API /api/integrations] GET request received {"timestamp":"2025-11-07T22:48:35.674Z","url":"http://localhost:3000/api/integrations?workspace_type=personal"}
[2025-11-07T22:48:35.820Z] [INFO   ] 2025-11-07T22:48:35.820Z [DEBUG] ✅ [API /api/integrations] User authenticated {"userId":"a3e3a51a-175c-4b59-ad03-227ba12a18b0"}
[2025-11-07T22:48:35.820Z] [INFO   ] 2025-11-07T22:48:35.820Z [DEBUG] 🏠 [API /api/integrations] Workspace context {"workspaceType":"personal","workspaceId":null}
[2025-11-07T22:48:35.969Z] [INFO   ] 2025-11-07T22:48:35.969Z [DEBUG] 📊 [API /api/integrations] Parallel query results {"workspaceType":"personal","workspaceId":null,"integrationsCount":14,"permissionsCount":14,"integrationsError":null,"permissionsError":null}
[2025-11-07T22:48:35.969Z] [INFO   ] 2025-11-07T22:48:35.969Z [DEBUG] 📋 [API /api/integrations] Using explicit permission {"integrationId":"73eb00b5-f035-4c99-81e1-6f2700e7d1b8","provider":"notion","permission":"admin"}
[2025-11-07T22:48:35.969Z] [INFO   ] 2025-11-07T22:48:35.969Z [DEBUG] 📋 [API /api/integrations] Using explicit permission {"integrationId":"21d15a49-a011-41fc-b20a-813fd9a6ac0e","provider":"mailchimp","permission":"admin"}
[2025-11-07T22:48:35.969Z] [INFO   ] 2025-11-07T22:48:35.969Z [DEBUG] 📋 [API /api/integrations] Using explicit permission {"integrationId":"610e4069-9323-4f4c-a80a-a5e56b700c1f","provider":"gmail","permission":"admin"}
[2025-11-07T22:48:35.969Z] [INFO   ] 2025-11-07T22:48:35.969Z [DEBUG] 📋 [API /api/integrations] Using explicit permission {"integrationId":"fa8ff906-fe58-416e-9328-245b65d2fe34","provider":"google-docs","permission":"admin"}
[2025-11-07T22:48:35.969Z] [INFO   ] 2025-11-07T22:48:35.969Z [DEBUG] 📋 [API /api/integrations] Using explicit permission {"integrationId":"683b99fe-5a31-45a8-93a9-b6535930c566","provider":"google-drive","permission":"admin"}
[2025-11-07T22:48:35.971Z] [INFO   ] 2025-11-07T22:48:35.969Z [DEBUG] 📋 [API /api/integrations] Using explicit permission {"integrationId":"7cbd7f8f-75ea-4775-842f-bfc68aa9d73c","provider":"trello","permission":"admin"}
[2025-11-07T22:48:35.971Z] [INFO   ] 2025-11-07T22:48:35.971Z [DEBUG] 📋 [API /api/integrations] Using explicit permission {"integrationId":"918ff057-e567-4e7c-b829-4fe0ca428dcc","provider":"facebook","permission":"admin"}
[2025-11-07T22:48:35.971Z] [INFO   ] 2025-11-07T22:48:35.971Z [DEBUG] 📋 [API /api/integrations] Using explicit permission {"integrationId":"fce6756a-efec-4bf7-927e-dba227ca2149","provider":"google-sheets","permission":"admin"}
[2025-11-07T22:48:35.971Z] [INFO   ] 2025-11-07T22:48:35.971Z [DEBUG] 📋 [API /api/integrations] Using explicit permission {"integrationId":"4386d41f-07dd-4e5d-ae50-417fdbcf0974","provider":"slack","permission":"admin"}
[2025-11-07T22:48:35.971Z] [INFO   ] 2025-11-07T22:48:35.971Z [DEBUG] 📋 [API /api/integrations] Using explicit permission {"integrationId":"6b250358-6441-499c-a711-37e7ae101507","provider":"dropbox","permission":"admin"}
[2025-11-07T22:48:35.971Z] [INFO   ] 2025-11-07T22:48:35.971Z [DEBUG] 📋 [API /api/integrations] Using explicit permission {"integrationId":"67c08136-3021-4b5a-ba37-343adefeb40e","provider":"discord","permission":"admin"}
[2025-11-07T22:48:35.971Z] [INFO   ] 2025-11-07T22:48:35.971Z [DEBUG] 📋 [API /api/integrations] Using explicit permission {"integrationId":"54248f26-c543-4e8f-8285-0b0fbfbf82dd","provider":"twitter","permission":"admin"}
[2025-11-07T22:48:35.971Z] [INFO   ] 2025-11-07T22:48:35.971Z [DEBUG] 📋 [API /api/integrations] Using explicit permission {"integrationId":"c8d02b5a-3a01-49f9-abdf-693f30c28ab9","provider":"google-calendar","permission":"admin"}
[2025-11-07T22:48:35.971Z] [INFO   ] 2025-11-07T22:48:35.971Z [DEBUG] 📋 [API /api/integrations] Using explicit permission {"integrationId":"23c9b660-dff1-40e3-be7a-f47816751245","provider":"airtable","permission":"admin"}
[2025-11-07T22:48:35.972Z] [INFO   ] 2025-11-07T22:48:35.971Z [DEBUG] ✅ [API /api/integrations] Returning integrations {"count":14,"workspaceType":"personal"}
[2025-11-07T22:48:48.948Z] [INFO   ]  [32m[1m✓[22m[39m Compiled in 2.5s (5103 modules)
[2025-11-07T22:49:20.402Z] [INFO   ] 2025-11-07T22:49:20.402Z [DEBUG] 🔍 [Airtable API] Processing request: {"integrationId":"23c9b660-dff1-40e3-be7a-f47816751245","dataType":"airtable_tables","status":"connected","hasToken":true}
[2025-11-07T22:49:20.403Z] [INFO   ] 2025-11-07T22:49:20.403Z [DEBUG] 🔍 Airtable tables fetcher called with: {"integrationId":"23c9b660-dff1-40e3-be7a-f47816751245","baseId":"app2KiMxZofDhMOmZ","hasToken":true}
[2025-11-07T22:49:20.403Z] [INFO   ] 2025-11-07T22:49:20.403Z [DEBUG] 🔍 Validating Airtable token...
[2025-11-07T22:49:20.403Z] [INFO   ] 2025-11-07T22:49:20.403Z [DEBUG] 🔍 Fetching Airtable tables from API...
[2025-11-07T22:49:20.441Z] [INFO   ] 2025-11-07T22:49:20.441Z [DEBUG] 🔍 [Airtable API] Processing request: {"integrationId":"23c9b660-dff1-40e3-be7a-f47816751245","dataType":"airtable_tables","status":"connected","hasToken":true}
[2025-11-07T22:49:20.442Z] [INFO   ] 2025-11-07T22:49:20.442Z [DEBUG] 🔍 Airtable tables fetcher called with: {"integrationId":"23c9b660-dff1-40e3-be7a-f47816751245","baseId":"app2KiMxZofDhMOmZ","hasToken":true}
[2025-11-07T22:49:20.442Z] [INFO   ] 2025-11-07T22:49:20.442Z [DEBUG] 🔍 Validating Airtable token...
[2025-11-07T22:49:20.442Z] [INFO   ] 2025-11-07T22:49:20.442Z [DEBUG] 🔍 Fetching Airtable tables from API...
[2025-11-07T22:49:21.940Z] [INFO   ] 2025-11-07T22:49:21.940Z [DEBUG] ✅ Airtable tables fetched successfully: 5 tables from base "app2KiMxZofDhMOmZ"
[2025-11-07T22:49:21.941Z] [INFO   ] 2025-11-07T22:49:21.940Z [DEBUG] 🔍 Available tables: [{"id":"tbl86Pvq1rJ8tsJZA","name":"Design Drafts"},{"id":"tblwRsE3U48r4EB8J","name":"Feedback"},{"id":"tblnuq35Gtq0tZrRO","name":"Collaboration Insights"},{"id":"tbl5J3AgOjpwad7ql","name":"Tasks"},{"id":"tblbW3PQQkNW88hMY","name":"Projects"}]
[2025-11-07T22:49:21.941Z] [INFO   ] 2025-11-07T22:49:21.941Z [DEBUG] ✅ [Airtable API] Successfully processed airtable_tables: {"integrationId":"23c9b660-dff1-40e3-be7a-f47816751245","resultCount":5}
[2025-11-07T22:49:21.953Z] [INFO   ] 2025-11-07T22:49:21.953Z [DEBUG] ✅ Airtable tables fetched successfully: 5 tables from base "app2KiMxZofDhMOmZ"
[2025-11-07T22:49:21.954Z] [INFO   ] 2025-11-07T22:49:21.954Z [DEBUG] 🔍 Available tables: [{"id":"tbl86Pvq1rJ8tsJZA","name":"Design Drafts"},{"id":"tblwRsE3U48r4EB8J","name":"Feedback"},{"id":"tblnuq35Gtq0tZrRO","name":"Collaboration Insights"},{"id":"tbl5J3AgOjpwad7ql","name":"Tasks"},{"id":"tblbW3PQQkNW88hMY","name":"Projects"}]
[2025-11-07T22:49:21.954Z] [INFO   ] 2025-11-07T22:49:21.954Z [DEBUG] ✅ [Airtable API] Successfully processed airtable_tables: {"integrationId":"23c9b660-dff1-40e3-be7a-f47816751245","resultCount":5}
[2025-11-07T22:49:25.033Z] [INFO   ] 2025-11-07T22:49:25.032Z [DEBUG] Metadata API called with: {"integrationId":"23c9b660-dff1-40e3-be7a-f47816751245","baseId":"app2KiMxZofDhMOmZ","tableName":"Design Drafts"}
[2025-11-07T22:49:25.195Z] [INFO   ] 2025-11-07T22:49:25.195Z [DEBUG] Access token decrypted successfully
[2025-11-07T22:49:25.195Z] [INFO   ] 2025-11-07T22:49:25.195Z [DEBUG] Fetching metadata from Airtable: https://api.airtable.com/v0/meta/bases/app2KiMxZofDhMOmZ/tables
[2025-11-07T22:49:25.319Z] [INFO   ] 2025-11-07T22:49:25.317Z [DEBUG] Airtable metadata response received: {"hasData":true,"tableCount":5,"baseId":"app2KiMxZofDhMOmZ","requestedTable":"Design Drafts"}
[2025-11-07T22:49:25.322Z] [INFO   ] 2025-11-07T22:49:25.321Z [DEBUG] Table fields found: [{"name":"Draft Name","type":"singleLineText","id":"fldpeH75nEzotVaIz"},{"name":"Designer","type":"singleLineText","id":"fldHwBT4DpJNynoDs"},{"name":"Upload Date","type":"date","id":"fldeyYCl5huNfhp00"},{"name":"Draft Image","type":"multipleAttachments","id":"fldGgF9IiZev9ifPo"},{"name":"Status","type":"singleSelect","id":"fldvgqaHX9d378Hr6"},{"name":"Associated Project","type":"multipleRecordLinks","id":"fldUDIP1gDZA1jozK"},{"name":"Feedback","type":"multipleRecordLinks","id":"fldSoktSheZaqPQ7j"},{"name":"Tasks","type":"multipleRecordLinks","id":"fldYEXb0ggEwxMsfJ"}]
[2025-11-07T22:49:25.407Z] [INFO   ] 2025-11-07T22:49:25.407Z [DEBUG] Metadata API called with: {"integrationId":"23c9b660-dff1-40e3-be7a-f47816751245","baseId":"app2KiMxZofDhMOmZ","tableName":"Design Drafts"}
[2025-11-07T22:49:25.496Z] [INFO   ] 2025-11-07T22:49:25.496Z [DEBUG] Access token decrypted successfully
[2025-11-07T22:49:25.497Z] [INFO   ] 2025-11-07T22:49:25.497Z [DEBUG] Fetching metadata from Airtable: https://api.airtable.com/v0/meta/bases/app2KiMxZofDhMOmZ/tables
[2025-11-07T22:49:25.631Z] [INFO   ] 2025-11-07T22:49:25.631Z [DEBUG] Airtable metadata response received: {"hasData":true,"tableCount":5,"baseId":"app2KiMxZofDhMOmZ","requestedTable":"Design Drafts"}
[2025-11-07T22:49:25.632Z] [INFO   ] 2025-11-07T22:49:25.632Z [DEBUG] Table fields found: [{"name":"Draft Name","type":"singleLineText","id":"fldpeH75nEzotVaIz"},{"name":"Designer","type":"singleLineText","id":"fldHwBT4DpJNynoDs"},{"name":"Upload Date","type":"date","id":"fldeyYCl5huNfhp00"},{"name":"Draft Image","type":"multipleAttachments","id":"fldGgF9IiZev9ifPo"},{"name":"Status","type":"singleSelect","id":"fldvgqaHX9d378Hr6"},{"name":"Associated Project","type":"multipleRecordLinks","id":"fldUDIP1gDZA1jozK"},{"name":"Feedback","type":"multipleRecordLinks","id":"fldSoktSheZaqPQ7j"},{"name":"Tasks","type":"multipleRecordLinks","id":"fldYEXb0ggEwxMsfJ"}]
[2025-11-07T22:49:25.798Z] [INFO   ] 2025-11-07T22:49:25.798Z [DEBUG] 🔍 [Airtable API] Processing request: {"integrationId":"23c9b660-dff1-40e3-be7a-f47816751245","dataType":"airtable_records","status":"connected","hasToken":true}
[2025-11-07T22:49:25.799Z] [INFO   ] 2025-11-07T22:49:25.799Z [DEBUG] 🔍 Airtable records fetcher called with: {"integrationId":"23c9b660-dff1-40e3-be7a-f47816751245","baseId":"app2KiMxZofDhMOmZ","tableName":"Design Drafts","maxRecords":100,"hasToken":true}
[2025-11-07T22:49:25.799Z] [INFO   ] 2025-11-07T22:49:25.799Z [DEBUG] 🔍 Validating Airtable token...
[2025-11-07T22:49:25.799Z] [INFO   ] 2025-11-07T22:49:25.799Z [DEBUG] 🔍 Fetching Airtable records from API...
[2025-11-07T22:49:27.023Z] [INFO   ] 2025-11-07T22:49:27.023Z [DEBUG] ✅ Airtable records fetched successfully: 7 records
[2025-11-07T22:49:27.024Z] [INFO   ] 2025-11-07T22:49:27.024Z [DEBUG] ✅ [Airtable API] Successfully processed airtable_records: {"integrationId":"23c9b660-dff1-40e3-be7a-f47816751245","resultCount":7}
[2025-11-07T22:49:28.392Z] [INFO   ] 2025-11-07T22:49:28.392Z [DEBUG] 🔍 [Airtable API] Processing request: {"integrationId":"23c9b660-dff1-40e3-be7a-f47816751245","dataType":"airtable_linked_records","status":"connected","hasToken":true}
[2025-11-07T22:49:28.393Z] [INFO   ] 2025-11-07T22:49:28.393Z [DEBUG] 🔍 Airtable linked records fetcher called with: {"integrationId":"23c9b660-dff1-40e3-be7a-f47816751245","baseId":"app2KiMxZofDhMOmZ","linkedTableName":"Projects","hasToken":true}
[2025-11-07T22:49:28.393Z] [INFO   ] 2025-11-07T22:49:28.393Z [DEBUG] 🔍 Fetching records from linked table: Projects
[2025-11-07T22:49:28.478Z] [INFO   ] 2025-11-07T22:49:28.478Z [DEBUG] 🔍 [Airtable API] Processing request: {"integrationId":"23c9b660-dff1-40e3-be7a-f47816751245","dataType":"airtable_linked_records","status":"connected","hasToken":true}
[2025-11-07T22:49:28.478Z] [INFO   ] 2025-11-07T22:49:28.478Z [DEBUG] 🔍 Airtable linked records fetcher called with: {"integrationId":"23c9b660-dff1-40e3-be7a-f47816751245","baseId":"app2KiMxZofDhMOmZ","linkedTableName":"Tasks","hasToken":true}
[2025-11-07T22:49:28.478Z] [INFO   ] 2025-11-07T22:49:28.478Z [DEBUG] 🔍 Fetching records from linked table: Tasks
[2025-11-07T22:49:28.479Z] [INFO   ] 2025-11-07T22:49:28.479Z [DEBUG] 🔍 [Airtable API] Processing request: {"integrationId":"23c9b660-dff1-40e3-be7a-f47816751245","dataType":"airtable_linked_records","status":"connected","hasToken":true}
[2025-11-07T22:49:28.479Z] [INFO   ] 2025-11-07T22:49:28.479Z [DEBUG] 🔍 Airtable linked records fetcher called with: {"integrationId":"23c9b660-dff1-40e3-be7a-f47816751245","baseId":"app2KiMxZofDhMOmZ","linkedTableName":"Feedback","hasToken":true}
[2025-11-07T22:49:28.479Z] [INFO   ] 2025-11-07T22:49:28.479Z [DEBUG] 🔍 Fetching records from linked table: Feedback
[2025-11-07T22:49:29.515Z] [INFO   ] 2025-11-07T22:49:29.515Z [DEBUG] ✅ Fetched 5 records from linked table Projects
[2025-11-07T22:49:29.516Z] [INFO   ] 2025-11-07T22:49:29.516Z [DEBUG] ✅ [Airtable API] Successfully processed airtable_linked_records: {"integrationId":"23c9b660-dff1-40e3-be7a-f47816751245","resultCount":5}
[2025-11-07T22:49:29.771Z] [INFO   ] 2025-11-07T22:49:29.771Z [DEBUG] ✅ Fetched 6 records from linked table Feedback
[2025-11-07T22:49:29.772Z] [INFO   ] 2025-11-07T22:49:29.772Z [DEBUG] ✅ [Airtable API] Successfully processed airtable_linked_records: {"integrationId":"23c9b660-dff1-40e3-be7a-f47816751245","resultCount":6}
[2025-11-07T22:49:29.791Z] [INFO   ] 2025-11-07T22:49:29.791Z [DEBUG] ✅ Fetched 5 records from linked table Tasks
[2025-11-07T22:49:29.791Z] [INFO   ] 2025-11-07T22:49:29.791Z [DEBUG] ✅ [Airtable API] Successfully processed airtable_linked_records: {"integrationId":"23c9b660-dff1-40e3-be7a-f47816751245","resultCount":5}
[2025-11-07T22:49:58.254Z] [INFO   ]  [32m[1m✓[22m[39m Compiled in 15.7s (5075 modules)
[2025-11-07T22:50:09.435Z] [INFO   ]  [32m[1m✓[22m[39m Compiled in 3.7s (5075 modules)
[2025-11-07T22:53:31.033Z] [INFO   ]  [37m[1m○[22m[39m Compiling /api/presence/count ...
[2025-11-07T22:53:31.139Z] [INFO   ]  [32m[1m✓[22m[39m Compiled /api/presence/count in 841ms (4020 modules)
[2025-11-07T22:54:20.175Z] [INFO   ]  [32m[1m✓[22m[39m Compiled in 1364ms (1051 modules)
[2025-11-07T22:54:25.754Z] [INFO   ]  [32m[1m✓[22m[39m Compiled /api/integrations/airtable/data in 452ms (4041 modules)
[2025-11-07T22:54:26.170Z] [INFO   ] 2025-11-07T22:54:26.170Z [DEBUG] 🔍 [Airtable API] Processing request: {"integrationId":"23c9b660-dff1-40e3-be7a-f47816751245","dataType":"airtable_tables","status":"connected","hasToken":true}
[2025-11-07T22:54:26.179Z] [INFO   ] 2025-11-07T22:54:26.179Z [DEBUG] 🔍 Airtable tables fetcher called with: {"integrationId":"23c9b660-dff1-40e3-be7a-f47816751245","baseId":"app2KiMxZofDhMOmZ","hasToken":true}
[2025-11-07T22:54:26.182Z] [INFO   ] 2025-11-07T22:54:26.180Z [DEBUG] 🔍 Validating Airtable token...
[2025-11-07T22:54:26.185Z] [INFO   ] 2025-11-07T22:54:26.185Z [DEBUG] 🔍 Fetching Airtable tables from API...
[2025-11-07T22:54:26.197Z] [INFO   ] 2025-11-07T22:54:26.192Z [DEBUG] 🔍 [Airtable API] Processing request: {"integrationId":"23c9b660-dff1-40e3-be7a-f47816751245","dataType":"airtable_tables","status":"connected","hasToken":true}
[2025-11-07T22:54:26.202Z] [INFO   ] 2025-11-07T22:54:26.202Z [DEBUG] 🔍 Airtable tables fetcher called with: {"integrationId":"23c9b660-dff1-40e3-be7a-f47816751245","baseId":"app2KiMxZofDhMOmZ","hasToken":true}
[2025-11-07T22:54:26.202Z] [INFO   ] 2025-11-07T22:54:26.202Z [DEBUG] 🔍 Validating Airtable token...
[2025-11-07T22:54:26.202Z] [INFO   ] 2025-11-07T22:54:26.202Z [DEBUG] 🔍 Fetching Airtable tables from API...
[2025-11-07T22:54:29.011Z] [INFO   ] 2025-11-07T22:54:29.011Z [DEBUG] ✅ Airtable tables fetched successfully: 5 tables from base "app2KiMxZofDhMOmZ"
[2025-11-07T22:54:29.012Z] [INFO   ] 2025-11-07T22:54:29.012Z [DEBUG] 🔍 Available tables: [{"id":"tbl86Pvq1rJ8tsJZA","name":"Design Drafts"},{"id":"tblwRsE3U48r4EB8J","name":"Feedback"},{"id":"tblnuq35Gtq0tZrRO","name":"Collaboration Insights"},{"id":"tbl5J3AgOjpwad7ql","name":"Tasks"},{"id":"tblbW3PQQkNW88hMY","name":"Projects"}]
[2025-11-07T22:54:29.012Z] [INFO   ] 2025-11-07T22:54:29.012Z [DEBUG] ✅ [Airtable API] Successfully processed airtable_tables: {"integrationId":"23c9b660-dff1-40e3-be7a-f47816751245","resultCount":5}
[2025-11-07T22:54:29.035Z] [INFO   ] 2025-11-07T22:54:29.035Z [DEBUG] ✅ Airtable tables fetched successfully: 5 tables from base "app2KiMxZofDhMOmZ"
[2025-11-07T22:54:29.036Z] [INFO   ] 2025-11-07T22:54:29.036Z [DEBUG] 🔍 Available tables: [{"id":"tbl86Pvq1rJ8tsJZA","name":"Design Drafts"},{"id":"tblwRsE3U48r4EB8J","name":"Feedback"},{"id":"tblnuq35Gtq0tZrRO","name":"Collaboration Insights"},{"id":"tbl5J3AgOjpwad7ql","name":"Tasks"},{"id":"tblbW3PQQkNW88hMY","name":"Projects"}]
[2025-11-07T22:54:29.037Z] [INFO   ] 2025-11-07T22:54:29.037Z [DEBUG] ✅ [Airtable API] Successfully processed airtable_tables: {"integrationId":"23c9b660-dff1-40e3-be7a-f47816751245","resultCount":5}
[2025-11-07T22:54:30.557Z] [INFO   ]  [32m[1m✓[22m[39m Compiled /api/integrations/airtable/metadata in 386ms (4044 modules)
[2025-11-07T22:54:30.665Z] [INFO   ] 2025-11-07T22:54:30.665Z [DEBUG] Metadata API called with: {"integrationId":"23c9b660-dff1-40e3-be7a-f47816751245","baseId":"app2KiMxZofDhMOmZ","tableName":"Design Drafts"}
[2025-11-07T22:54:30.789Z] [INFO   ] 2025-11-07T22:54:30.789Z [DEBUG] Access token decrypted successfully
[2025-11-07T22:54:30.789Z] [INFO   ] 2025-11-07T22:54:30.789Z [DEBUG] Fetching metadata from Airtable: https://api.airtable.com/v0/meta/bases/app2KiMxZofDhMOmZ/tables
[2025-11-07T22:54:30.915Z] [INFO   ] 2025-11-07T22:54:30.915Z [DEBUG] Airtable metadata response received: {"hasData":true,"tableCount":5,"baseId":"app2KiMxZofDhMOmZ","requestedTable":"Design Drafts"}
[2025-11-07T22:54:30.916Z] [INFO   ] 2025-11-07T22:54:30.916Z [DEBUG] Table fields found: [{"name":"Draft Name","type":"singleLineText","id":"fldpeH75nEzotVaIz"},{"name":"Designer","type":"singleLineText","id":"fldHwBT4DpJNynoDs"},{"name":"Upload Date","type":"date","id":"fldeyYCl5huNfhp00"},{"name":"Draft Image","type":"multipleAttachments","id":"fldGgF9IiZev9ifPo"},{"name":"Status","type":"singleSelect","id":"fldvgqaHX9d378Hr6"},{"name":"Associated Project","type":"multipleRecordLinks","id":"fldUDIP1gDZA1jozK"},{"name":"Feedback","type":"multipleRecordLinks","id":"fldSoktSheZaqPQ7j"},{"name":"Tasks","type":"multipleRecordLinks","id":"fldYEXb0ggEwxMsfJ"}]
[2025-11-07T22:54:30.991Z] [INFO   ] 2025-11-07T22:54:30.991Z [DEBUG] Metadata API called with: {"integrationId":"23c9b660-dff1-40e3-be7a-f47816751245","baseId":"app2KiMxZofDhMOmZ","tableName":"Design Drafts"}
[2025-11-07T22:54:31.070Z] [INFO   ] 2025-11-07T22:54:31.070Z [DEBUG] Access token decrypted successfully
[2025-11-07T22:54:31.070Z] [INFO   ] 2025-11-07T22:54:31.070Z [DEBUG] Fetching metadata from Airtable: https://api.airtable.com/v0/meta/bases/app2KiMxZofDhMOmZ/tables
[2025-11-07T22:54:31.253Z] [INFO   ] 2025-11-07T22:54:31.253Z [DEBUG] Airtable metadata response received: {"hasData":true,"tableCount":5,"baseId":"app2KiMxZofDhMOmZ","requestedTable":"Design Drafts"}
[2025-11-07T22:54:31.253Z] [INFO   ] 2025-11-07T22:54:31.253Z [DEBUG] Table fields found: [{"name":"Draft Name","type":"singleLineText","id":"fldpeH75nEzotVaIz"},{"name":"Designer","type":"singleLineText","id":"fldHwBT4DpJNynoDs"},{"name":"Upload Date","type":"date","id":"fldeyYCl5huNfhp00"},{"name":"Draft Image","type":"multipleAttachments","id":"fldGgF9IiZev9ifPo"},{"name":"Status","type":"singleSelect","id":"fldvgqaHX9d378Hr6"},{"name":"Associated Project","type":"multipleRecordLinks","id":"fldUDIP1gDZA1jozK"},{"name":"Feedback","type":"multipleRecordLinks","id":"fldSoktSheZaqPQ7j"},{"name":"Tasks","type":"multipleRecordLinks","id":"fldYEXb0ggEwxMsfJ"}]
[2025-11-07T22:54:31.406Z] [INFO   ] 2025-11-07T22:54:31.406Z [DEBUG] 🔍 [Airtable API] Processing request: {"integrationId":"23c9b660-dff1-40e3-be7a-f47816751245","dataType":"airtable_records","status":"connected","hasToken":true}
[2025-11-07T22:54:31.408Z] [INFO   ] 2025-11-07T22:54:31.407Z [DEBUG] 🔍 Airtable records fetcher called with: {"integrationId":"23c9b660-dff1-40e3-be7a-f47816751245","baseId":"app2KiMxZofDhMOmZ","tableName":"Design Drafts","maxRecords":100,"hasToken":true}
[2025-11-07T22:54:31.408Z] [INFO   ] 2025-11-07T22:54:31.408Z [DEBUG] 🔍 Validating Airtable token...
[2025-11-07T22:54:31.409Z] [INFO   ] 2025-11-07T22:54:31.408Z [DEBUG] 🔍 Fetching Airtable records from API...
[2025-11-07T22:54:32.628Z] [INFO   ] 2025-11-07T22:54:32.628Z [DEBUG] ✅ Airtable records fetched successfully: 7 records
[2025-11-07T22:54:32.629Z] [INFO   ] 2025-11-07T22:54:32.629Z [DEBUG] ✅ [Airtable API] Successfully processed airtable_records: {"integrationId":"23c9b660-dff1-40e3-be7a-f47816751245","resultCount":7}
[2025-11-07T22:54:42.149Z] [INFO   ]  [32m[1m✓[22m[39m Compiled in 2.4s (5075 modules)
[2025-11-07T22:54:43.336Z] [WARN   ]  [33m[1m⚠[22m[39m Fast Refresh had to perform a full reload. Read more: https://nextjs.org/docs/messages/fast-refresh-reload
[2025-11-07T22:54:45.621Z] [INFO   ] 2025-11-07T22:54:45.620Z [DEBUG] 💧 [AUTH] Rehydrating auth state from storage {"hasState":true,"hasUser":false,"initialized":false,"timestamp":"2025-11-07T22:54:45.620Z"}
[2025-11-07T22:54:45.656Z] [INFO   ] 2025-11-07T22:54:45.656Z [DEBUG] 💧 [AUTH] State hydrated and reset {"hasUser":false,"initialized":false,"timestamp":"2025-11-07T22:54:45.656Z"}
[2025-11-07T22:54:45.656Z] [INFO   ] 2025-11-07T22:54:45.656Z [DEBUG] ⏭️ [AUTH] Skipping initialization {"hasState":true,"alreadyInitialized":false,"isClient":false,"timestamp":"2025-11-07T22:54:45.656Z"}
[2025-11-07T22:54:47.363Z] [INFO   ]  [37m[1m○[22m[39m Compiling /api/presence/count ...
[2025-11-07T22:54:48.028Z] [INFO   ]  [32m[1m✓[22m[39m Compiled /api/presence/count in 1421ms (4026 modules)
[2025-11-07T22:54:48.759Z] [INFO   ]  [32m[1m✓[22m[39m Compiled (4049 modules)
[2025-11-07T22:54:52.981Z] [INFO   ]  [37m[1m○[22m[39m Compiling /api/integrations ...
[2025-11-07T22:54:52.991Z] [INFO   ]  [32m[1m✓[22m[39m Compiled /api/integrations in 510ms (4052 modules)
[2025-11-07T22:54:53.093Z] [INFO   ] 2025-11-07T22:54:53.093Z [DEBUG] 📍 [API /api/integrations] GET request received {"timestamp":"2025-11-07T22:54:53.093Z","url":"http://localhost:3000/api/integrations?workspace_type=personal"}
[2025-11-07T22:54:53.181Z] [INFO   ] 2025-11-07T22:54:53.181Z [DEBUG] ✅ [API /api/integrations] User authenticated {"userId":"a3e3a51a-175c-4b59-ad03-227ba12a18b0"}
[2025-11-07T22:54:53.182Z] [INFO   ] 2025-11-07T22:54:53.182Z [DEBUG] 🏠 [API /api/integrations] Workspace context {"workspaceType":"personal","workspaceId":null}
[2025-11-07T22:54:53.314Z] [INFO   ] 2025-11-07T22:54:53.314Z [DEBUG] 📊 [API /api/integrations] Parallel query results {"workspaceType":"personal","workspaceId":null,"integrationsCount":14,"permissionsCount":14,"integrationsError":null,"permissionsError":null}
[2025-11-07T22:54:53.314Z] [INFO   ] 2025-11-07T22:54:53.314Z [DEBUG] 📋 [API /api/integrations] Using explicit permission {"integrationId":"73eb00b5-f035-4c99-81e1-6f2700e7d1b8","provider":"notion","permission":"admin"}
[2025-11-07T22:54:53.314Z] [INFO   ] 2025-11-07T22:54:53.314Z [DEBUG] 📋 [API /api/integrations] Using explicit permission {"integrationId":"21d15a49-a011-41fc-b20a-813fd9a6ac0e","provider":"mailchimp","permission":"admin"}
[2025-11-07T22:54:53.314Z] [INFO   ] 2025-11-07T22:54:53.314Z [DEBUG] 📋 [API /api/integrations] Using explicit permission {"integrationId":"610e4069-9323-4f4c-a80a-a5e56b700c1f","provider":"gmail","permission":"admin"}
[2025-11-07T22:54:53.314Z] [INFO   ] 2025-11-07T22:54:53.314Z [DEBUG] 📋 [API /api/integrations] Using explicit permission {"integrationId":"fa8ff906-fe58-416e-9328-245b65d2fe34","provider":"google-docs","permission":"admin"}
[2025-11-07T22:54:53.315Z] [INFO   ] 2025-11-07T22:54:53.315Z [DEBUG] 📋 [API /api/integrations] Using explicit permission {"integrationId":"683b99fe-5a31-45a8-93a9-b6535930c566","provider":"google-drive","permission":"admin"}
[2025-11-07T22:54:53.315Z] [INFO   ] 2025-11-07T22:54:53.315Z [DEBUG] 📋 [API /api/integrations] Using explicit permission {"integrationId":"7cbd7f8f-75ea-4775-842f-bfc68aa9d73c","provider":"trello","permission":"admin"}
[2025-11-07T22:54:53.315Z] [INFO   ] 2025-11-07T22:54:53.315Z [DEBUG] 📋 [API /api/integrations] Using explicit permission {"integrationId":"918ff057-e567-4e7c-b829-4fe0ca428dcc","provider":"facebook","permission":"admin"}
[2025-11-07T22:54:53.315Z] [INFO   ] 2025-11-07T22:54:53.315Z [DEBUG] 📋 [API /api/integrations] Using explicit permission {"integrationId":"fce6756a-efec-4bf7-927e-dba227ca2149","provider":"google-sheets","permission":"admin"}
[2025-11-07T22:54:53.315Z] [INFO   ] 2025-11-07T22:54:53.315Z [DEBUG] 📋 [API /api/integrations] Using explicit permission {"integrationId":"4386d41f-07dd-4e5d-ae50-417fdbcf0974","provider":"slack","permission":"admin"}
[2025-11-07T22:54:53.315Z] [INFO   ] 2025-11-07T22:54:53.315Z [DEBUG] 📋 [API /api/integrations] Using explicit permission {"integrationId":"6b250358-6441-499c-a711-37e7ae101507","provider":"dropbox","permission":"admin"}
[2025-11-07T22:54:53.315Z] [INFO   ] 2025-11-07T22:54:53.315Z [DEBUG] 📋 [API /api/integrations] Using explicit permission {"integrationId":"67c08136-3021-4b5a-ba37-343adefeb40e","provider":"discord","permission":"admin"}
[2025-11-07T22:54:53.315Z] [INFO   ] 2025-11-07T22:54:53.315Z [DEBUG] 📋 [API /api/integrations] Using explicit permission {"integrationId":"54248f26-c543-4e8f-8285-0b0fbfbf82dd","provider":"twitter","permission":"admin"}
[2025-11-07T22:54:53.315Z] [INFO   ] 2025-11-07T22:54:53.315Z [DEBUG] 📋 [API /api/integrations] Using explicit permission {"integrationId":"c8d02b5a-3a01-49f9-abdf-693f30c28ab9","provider":"google-calendar","permission":"admin"}
[2025-11-07T22:54:53.315Z] [INFO   ] 2025-11-07T22:54:53.315Z [DEBUG] 📋 [API /api/integrations] Using explicit permission {"integrationId":"23c9b660-dff1-40e3-be7a-f47816751245","provider":"airtable","permission":"admin"}
[2025-11-07T22:54:53.315Z] [INFO   ] 2025-11-07T22:54:53.315Z [DEBUG] ✅ [API /api/integrations] Returning integrations {"count":14,"workspaceType":"personal"}
[2025-11-07T23:10:25.415Z] [INFO   ] 2025-11-07T23:10:25.415Z [DEBUG] 🔍 [Airtable API] Processing request: {"integrationId":"23c9b660-dff1-40e3-be7a-f47816751245","dataType":"airtable_bases","status":"connected","hasToken":true}
[2025-11-07T23:10:25.416Z] [INFO   ] 2025-11-07T23:10:25.416Z [DEBUG] 🔍 Airtable bases fetcher called with integration: {"id":"23c9b660-dff1-40e3-be7a-f47816751245","provider":"airtable","hasToken":true,"tokenLength":334}
[2025-11-07T23:10:25.417Z] [INFO   ] 2025-11-07T23:10:25.417Z [DEBUG] 🔍 Validating Airtable token...
[2025-11-07T23:10:25.417Z] [INFO   ] 2025-11-07T23:10:25.417Z [DEBUG] 🔍 Fetching Airtable bases from API...
[2025-11-07T23:10:26.787Z] [INFO   ] 2025-11-07T23:10:26.787Z [DEBUG] ✅ Airtable bases fetched successfully: 3 bases
[2025-11-07T23:10:26.788Z] [INFO   ] 2025-11-07T23:10:26.788Z [DEBUG] ✅ [Airtable API] Successfully processed airtable_bases: {"integrationId":"23c9b660-dff1-40e3-be7a-f47816751245","resultCount":3}
[2025-11-07T23:10:57.475Z] [INFO   ] 2025-11-07T23:10:57.474Z [DEBUG] 🔍 [Airtable API] Processing request: {"integrationId":"23c9b660-dff1-40e3-be7a-f47816751245","dataType":"airtable_tables","status":"connected","hasToken":true}
[2025-11-07T23:10:57.478Z] [INFO   ] 2025-11-07T23:10:57.478Z [DEBUG] 🔍 Airtable tables fetcher called with: {"integrationId":"23c9b660-dff1-40e3-be7a-f47816751245","baseId":"app2KiMxZofDhMOmZ","hasToken":true}
[2025-11-07T23:10:57.478Z] [INFO   ] 2025-11-07T23:10:57.478Z [DEBUG] 🔍 Validating Airtable token...
[2025-11-07T23:10:57.478Z] [INFO   ] 2025-11-07T23:10:57.478Z [DEBUG] 🔍 Fetching Airtable tables from API...
[2025-11-07T23:10:57.479Z] [INFO   ] 2025-11-07T23:10:57.479Z [DEBUG] 🔍 [Airtable API] Processing request: {"integrationId":"23c9b660-dff1-40e3-be7a-f47816751245","dataType":"airtable_tables","status":"connected","hasToken":true}
[2025-11-07T23:10:57.480Z] [INFO   ] 2025-11-07T23:10:57.480Z [DEBUG] 🔍 Airtable tables fetcher called with: {"integrationId":"23c9b660-dff1-40e3-be7a-f47816751245","baseId":"app2KiMxZofDhMOmZ","hasToken":true}
[2025-11-07T23:10:57.480Z] [INFO   ] 2025-11-07T23:10:57.480Z [DEBUG] 🔍 Validating Airtable token...
[2025-11-07T23:10:57.480Z] [INFO   ] 2025-11-07T23:10:57.480Z [DEBUG] 🔍 Fetching Airtable tables from API...
[2025-11-07T23:11:04.253Z] [INFO   ] 2025-11-07T23:11:04.253Z [DEBUG] ✅ Airtable tables fetched successfully: 5 tables from base "app2KiMxZofDhMOmZ"
[2025-11-07T23:11:04.254Z] [INFO   ] 2025-11-07T23:11:04.254Z [DEBUG] 🔍 Available tables: [{"id":"tbl86Pvq1rJ8tsJZA","name":"Design Drafts"},{"id":"tblwRsE3U48r4EB8J","name":"Feedback"},{"id":"tblnuq35Gtq0tZrRO","name":"Collaboration Insights"},{"id":"tbl5J3AgOjpwad7ql","name":"Tasks"},{"id":"tblbW3PQQkNW88hMY","name":"Projects"}]
[2025-11-07T23:11:04.254Z] [INFO   ] 2025-11-07T23:11:04.254Z [DEBUG] ✅ [Airtable API] Successfully processed airtable_tables: {"integrationId":"23c9b660-dff1-40e3-be7a-f47816751245","resultCount":5}
[2025-11-07T23:11:04.277Z] [INFO   ] 2025-11-07T23:11:04.276Z [DEBUG] ✅ Airtable tables fetched successfully: 5 tables from base "app2KiMxZofDhMOmZ"
[2025-11-07T23:11:04.277Z] [INFO   ] 2025-11-07T23:11:04.277Z [DEBUG] 🔍 Available tables: [{"id":"tbl86Pvq1rJ8tsJZA","name":"Design Drafts"},{"id":"tblwRsE3U48r4EB8J","name":"Feedback"},{"id":"tblnuq35Gtq0tZrRO","name":"Collaboration Insights"},{"id":"tbl5J3AgOjpwad7ql","name":"Tasks"},{"id":"tblbW3PQQkNW88hMY","name":"Projects"}]
[2025-11-07T23:11:04.277Z] [INFO   ] 2025-11-07T23:11:04.277Z [DEBUG] ✅ [Airtable API] Successfully processed airtable_tables: {"integrationId":"23c9b660-dff1-40e3-be7a-f47816751245","resultCount":5}
[2025-11-07T23:11:28.434Z] [INFO   ]  [32m[1m✓[22m[39m Compiled in 1557ms (1051 modules)
[2025-11-07T23:14:58.129Z] [INFO   ]  [32m[1m✓[22m[39m Compiled in 1303ms (5071 modules)
[2025-11-07T23:14:58.486Z] [WARN   ]  [33m[1m⚠[22m[39m Fast Refresh had to perform a full reload. Read more: https://nextjs.org/docs/messages/fast-refresh-reload
[2025-11-07T23:14:58.682Z] [INFO   ] 2025-11-07T23:14:58.682Z [DEBUG] 💧 [AUTH] Rehydrating auth state from storage {"hasState":true,"hasUser":false,"initialized":false,"timestamp":"2025-11-07T23:14:58.682Z"}
[2025-11-07T23:14:58.692Z] [INFO   ] 2025-11-07T23:14:58.692Z [DEBUG] 💧 [AUTH] State hydrated and reset {"hasUser":false,"initialized":false,"timestamp":"2025-11-07T23:14:58.692Z"}
[2025-11-07T23:14:58.692Z] [INFO   ] 2025-11-07T23:14:58.692Z [DEBUG] ⏭️ [AUTH] Skipping initialization {"hasState":true,"alreadyInitialized":false,"isClient":false,"timestamp":"2025-11-07T23:14:58.692Z"}
[2025-11-07T23:15:00.146Z] [INFO   ]  [32m[1m✓[22m[39m Compiled /api/auth/profile in 273ms (4022 modules)
[2025-11-07T23:15:00.383Z] [INFO   ]  [32m[1m✓[22m[39m Compiled (4026 modules)
[2025-11-07T23:15:04.430Z] [INFO   ]  [32m[1m✓[22m[39m Compiled /api/integrations in 226ms (4029 modules)
[2025-11-07T23:15:04.482Z] [INFO   ] 2025-11-07T23:15:04.482Z [DEBUG] 📍 [API /api/integrations] GET request received {"timestamp":"2025-11-07T23:15:04.482Z","url":"http://localhost:3000/api/integrations?workspace_type=personal"}
[2025-11-07T23:15:04.580Z] [INFO   ] 2025-11-07T23:15:04.579Z [DEBUG] ✅ [API /api/integrations] User authenticated {"userId":"a3e3a51a-175c-4b59-ad03-227ba12a18b0"}
[2025-11-07T23:15:04.581Z] [INFO   ] 2025-11-07T23:15:04.581Z [DEBUG] 🏠 [API /api/integrations] Workspace context {"workspaceType":"personal","workspaceId":null}
[2025-11-07T23:15:04.705Z] [INFO   ] 2025-11-07T23:15:04.705Z [DEBUG] 📊 [API /api/integrations] Parallel query results {"workspaceType":"personal","workspaceId":null,"integrationsCount":14,"permissionsCount":14,"integrationsError":null,"permissionsError":null}
[2025-11-07T23:15:04.705Z] [INFO   ] 2025-11-07T23:15:04.705Z [DEBUG] 📋 [API /api/integrations] Using explicit permission {"integrationId":"73eb00b5-f035-4c99-81e1-6f2700e7d1b8","provider":"notion","permission":"admin"}
[2025-11-07T23:15:04.705Z] [INFO   ] 2025-11-07T23:15:04.705Z [DEBUG] 📋 [API /api/integrations] Using explicit permission {"integrationId":"21d15a49-a011-41fc-b20a-813fd9a6ac0e","provider":"mailchimp","permission":"admin"}
[2025-11-07T23:15:04.705Z] [INFO   ] 2025-11-07T23:15:04.705Z [DEBUG] 📋 [API /api/integrations] Using explicit permission {"integrationId":"610e4069-9323-4f4c-a80a-a5e56b700c1f","provider":"gmail","permission":"admin"}
[2025-11-07T23:15:04.705Z] [INFO   ] 2025-11-07T23:15:04.705Z [DEBUG] 📋 [API /api/integrations] Using explicit permission {"integrationId":"fa8ff906-fe58-416e-9328-245b65d2fe34","provider":"google-docs","permission":"admin"}
[2025-11-07T23:15:04.705Z] [INFO   ] 2025-11-07T23:15:04.705Z [DEBUG] 📋 [API /api/integrations] Using explicit permission {"integrationId":"683b99fe-5a31-45a8-93a9-b6535930c566","provider":"google-drive","permission":"admin"}
[2025-11-07T23:15:04.705Z] [INFO   ] 2025-11-07T23:15:04.705Z [DEBUG] 📋 [API /api/integrations] Using explicit permission {"integrationId":"7cbd7f8f-75ea-4775-842f-bfc68aa9d73c","provider":"trello","permission":"admin"}
[2025-11-07T23:15:04.705Z] [INFO   ] 2025-11-07T23:15:04.705Z [DEBUG] 📋 [API /api/integrations] Using explicit permission {"integrationId":"918ff057-e567-4e7c-b829-4fe0ca428dcc","provider":"facebook","permission":"admin"}
[2025-11-07T23:15:04.705Z] [INFO   ] 2025-11-07T23:15:04.705Z [DEBUG] 📋 [API /api/integrations] Using explicit permission {"integrationId":"fce6756a-efec-4bf7-927e-dba227ca2149","provider":"google-sheets","permission":"admin"}
[2025-11-07T23:15:04.705Z] [INFO   ] 2025-11-07T23:15:04.705Z [DEBUG] 📋 [API /api/integrations] Using explicit permission {"integrationId":"4386d41f-07dd-4e5d-ae50-417fdbcf0974","provider":"slack","permission":"admin"}
[2025-11-07T23:15:04.705Z] [INFO   ] 2025-11-07T23:15:04.705Z [DEBUG] 📋 [API /api/integrations] Using explicit permission {"integrationId":"6b250358-6441-499c-a711-37e7ae101507","provider":"dropbox","permission":"admin"}
[2025-11-07T23:15:04.706Z] [INFO   ] 2025-11-07T23:15:04.706Z [DEBUG] 📋 [API /api/integrations] Using explicit permission {"integrationId":"67c08136-3021-4b5a-ba37-343adefeb40e","provider":"discord","permission":"admin"}
[2025-11-07T23:15:04.706Z] [INFO   ] 2025-11-07T23:15:04.706Z [DEBUG] 📋 [API /api/integrations] Using explicit permission {"integrationId":"54248f26-c543-4e8f-8285-0b0fbfbf82dd","provider":"twitter","permission":"admin"}
[2025-11-07T23:15:04.706Z] [INFO   ] 2025-11-07T23:15:04.706Z [DEBUG] 📋 [API /api/integrations] Using explicit permission {"integrationId":"c8d02b5a-3a01-49f9-abdf-693f30c28ab9","provider":"google-calendar","permission":"admin"}
[2025-11-07T23:15:04.706Z] [INFO   ] 2025-11-07T23:15:04.706Z [DEBUG] 📋 [API /api/integrations] Using explicit permission {"integrationId":"23c9b660-dff1-40e3-be7a-f47816751245","provider":"airtable","permission":"admin"}
[2025-11-07T23:15:04.706Z] [INFO   ] 2025-11-07T23:15:04.706Z [DEBUG] ✅ [API /api/integrations] Returning integrations {"count":14,"workspaceType":"personal"}
[2025-11-07T23:23:42.712Z] [INFO   ]  [37m[1m○[22m[39m Compiling /api/integrations/airtable/data ...
[2025-11-07T23:23:43.243Z] [INFO   ]  [32m[1m✓[22m[39m Compiled /api/integrations/airtable/data in 1295ms (4021 modules)
[2025-11-07T23:23:43.865Z] [INFO   ] 2025-11-07T23:23:43.865Z [DEBUG] 🔍 [Airtable API] Processing request: {"integrationId":"23c9b660-dff1-40e3-be7a-f47816751245","dataType":"airtable_bases","status":"connected","hasToken":true}
[2025-11-07T23:23:43.865Z] [INFO   ] 2025-11-07T23:23:43.865Z [DEBUG] 🔍 Airtable bases fetcher called with integration: {"id":"23c9b660-dff1-40e3-be7a-f47816751245","provider":"airtable","hasToken":true,"tokenLength":334}
[2025-11-07T23:23:43.865Z] [INFO   ] 2025-11-07T23:23:43.865Z [DEBUG] 🔍 Validating Airtable token...
[2025-11-07T23:23:43.865Z] [INFO   ] 2025-11-07T23:23:43.865Z [DEBUG] 🔍 Fetching Airtable bases from API...
[2025-11-07T23:23:45.200Z] [INFO   ] 2025-11-07T23:23:45.200Z [DEBUG] ✅ Airtable bases fetched successfully: 3 bases
[2025-11-07T23:23:45.201Z] [INFO   ] 2025-11-07T23:23:45.201Z [DEBUG] ✅ [Airtable API] Successfully processed airtable_bases: {"integrationId":"23c9b660-dff1-40e3-be7a-f47816751245","resultCount":3}
[2025-11-07T23:23:49.511Z] [INFO   ] 2025-11-07T23:23:49.511Z [DEBUG] 🔍 [Airtable API] Processing request: {"integrationId":"23c9b660-dff1-40e3-be7a-f47816751245","dataType":"airtable_tables","status":"connected","hasToken":true}
[2025-11-07T23:23:49.512Z] [INFO   ] 2025-11-07T23:23:49.512Z [DEBUG] 🔍 Airtable tables fetcher called with: {"integrationId":"23c9b660-dff1-40e3-be7a-f47816751245","baseId":"app2KiMxZofDhMOmZ","hasToken":true}
[2025-11-07T23:23:49.512Z] [INFO   ] 2025-11-07T23:23:49.512Z [DEBUG] 🔍 Validating Airtable token...
[2025-11-07T23:23:49.512Z] [INFO   ] 2025-11-07T23:23:49.512Z [DEBUG] 🔍 Fetching Airtable tables from API...
[2025-11-07T23:23:49.516Z] [INFO   ] 2025-11-07T23:23:49.516Z [DEBUG] 🔍 [Airtable API] Processing request: {"integrationId":"23c9b660-dff1-40e3-be7a-f47816751245","dataType":"airtable_tables","status":"connected","hasToken":true}
[2025-11-07T23:23:49.517Z] [INFO   ] 2025-11-07T23:23:49.517Z [DEBUG] 🔍 Airtable tables fetcher called with: {"integrationId":"23c9b660-dff1-40e3-be7a-f47816751245","baseId":"app2KiMxZofDhMOmZ","hasToken":true}
[2025-11-07T23:23:49.517Z] [INFO   ] 2025-11-07T23:23:49.517Z [DEBUG] 🔍 Validating Airtable token...
[2025-11-07T23:23:49.517Z] [INFO   ] 2025-11-07T23:23:49.517Z [DEBUG] 🔍 Fetching Airtable tables from API...
[2025-11-07T23:23:52.250Z] [INFO   ] 2025-11-07T23:23:52.250Z [DEBUG] ✅ Airtable tables fetched successfully: 5 tables from base "app2KiMxZofDhMOmZ"
[2025-11-07T23:23:52.252Z] [INFO   ] 2025-11-07T23:23:52.251Z [DEBUG] 🔍 Available tables: [{"id":"tbl86Pvq1rJ8tsJZA","name":"Design Drafts"},{"id":"tblwRsE3U48r4EB8J","name":"Feedback"},{"id":"tblnuq35Gtq0tZrRO","name":"Collaboration Insights"},{"id":"tbl5J3AgOjpwad7ql","name":"Tasks"},{"id":"tblbW3PQQkNW88hMY","name":"Projects"}]
[2025-11-07T23:23:52.252Z] [INFO   ] 2025-11-07T23:23:52.252Z [DEBUG] ✅ [Airtable API] Successfully processed airtable_tables: {"integrationId":"23c9b660-dff1-40e3-be7a-f47816751245","resultCount":5}
[2025-11-07T23:23:52.271Z] [INFO   ] 2025-11-07T23:23:52.271Z [DEBUG] ✅ Airtable tables fetched successfully: 5 tables from base "app2KiMxZofDhMOmZ"
[2025-11-07T23:23:52.272Z] [INFO   ] 2025-11-07T23:23:52.271Z [DEBUG] 🔍 Available tables: [{"id":"tbl86Pvq1rJ8tsJZA","name":"Design Drafts"},{"id":"tblwRsE3U48r4EB8J","name":"Feedback"},{"id":"tblnuq35Gtq0tZrRO","name":"Collaboration Insights"},{"id":"tbl5J3AgOjpwad7ql","name":"Tasks"},{"id":"tblbW3PQQkNW88hMY","name":"Projects"}]
[2025-11-07T23:23:52.272Z] [INFO   ] 2025-11-07T23:23:52.272Z [DEBUG] ✅ [Airtable API] Successfully processed airtable_tables: {"integrationId":"23c9b660-dff1-40e3-be7a-f47816751245","resultCount":5}
[2025-11-07T23:24:53.889Z] [INFO   ]  [32m[1m✓[22m[39m Compiled in 873ms (1051 modules)
[2025-11-07T23:25:00.470Z] [INFO   ]  [37m[1m○[22m[39m Compiling /api/presence/count ...
[2025-11-07T23:25:00.525Z] [INFO   ]  [32m[1m✓[22m[39m Compiled /api/presence/count in 592ms (4020 modules)
[2025-11-07T23:25:08.909Z] [INFO   ]  [32m[1m✓[22m[39m Compiled in 397ms (1051 modules)
[2025-11-07T23:25:26.831Z] [INFO   ]  [32m[1m✓[22m[39m Compiled in 1470ms (5071 modules)
[2025-11-07T23:25:39.278Z] [INFO   ]  [32m[1m✓[22m[39m Compiled in 875ms (5073 modules)
[2025-11-07T23:25:58.299Z] [INFO   ]  [32m[1m✓[22m[39m Compiled in 682ms (5075 modules)
[2025-11-07T23:26:16.545Z] [INFO   ]  [32m[1m✓[22m[39m Compiled in 751ms (4952 modules)
[2025-11-07T23:26:34.488Z] [INFO   ]  [32m[1m✓[22m[39m Compiled in 629ms (4952 modules)
[2025-11-07T23:26:42.713Z] [INFO   ]  [32m[1m✓[22m[39m Compiled in 548ms (4952 modules)
[2025-11-07T23:26:52.374Z] [INFO   ]  [32m[1m✓[22m[39m Compiled in 604ms (4952 modules)
[2025-11-07T23:27:44.158Z] [INFO   ]  [32m[1m✓[22m[39m Compiled in 631ms (4952 modules)
[2025-11-07T23:27:52.861Z] [INFO   ]  [32m[1m✓[22m[39m Compiled in 664ms (4952 modules)
[2025-11-07T23:27:53.343Z] [WARN   ]  [33m[1m⚠[22m[39m Fast Refresh had to perform a full reload due to a runtime error.
[2025-11-07T23:27:53.527Z] [INFO   ] 2025-11-07T23:27:53.527Z [DEBUG] 💧 [AUTH] Rehydrating auth state from storage {"hasState":true,"hasUser":false,"initialized":false,"timestamp":"2025-11-07T23:27:53.527Z"}
[2025-11-07T23:27:53.538Z] [INFO   ] 2025-11-07T23:27:53.538Z [DEBUG] 💧 [AUTH] State hydrated and reset {"hasUser":false,"initialized":false,"timestamp":"2025-11-07T23:27:53.538Z"}
[2025-11-07T23:27:53.538Z] [INFO   ] 2025-11-07T23:27:53.538Z [DEBUG] ⏭️ [AUTH] Skipping initialization {"hasState":true,"alreadyInitialized":false,"isClient":false,"timestamp":"2025-11-07T23:27:53.538Z"}
[2025-11-07T23:27:54.764Z] [INFO   ]  [37m[1m○[22m[39m Compiling /api/auth/profile ...
[2025-11-07T23:27:54.804Z] [INFO   ]  [32m[1m✓[22m[39m Compiled /api/auth/profile in 592ms (4024 modules)
[2025-11-07T23:27:55.607Z] [INFO   ]  [32m[1m✓[22m[39m Compiled /api/presence/count in 226ms (4026 modules)
[2025-11-07T23:27:55.813Z] [INFO   ]  [32m[1m✓[22m[39m Compiled (4028 modules)
[2025-11-07T23:27:59.509Z] [INFO   ]  [32m[1m✓[22m[39m Compiled /api/integrations in 294ms (4031 modules)
[2025-11-07T23:27:59.618Z] [INFO   ] 2025-11-07T23:27:59.617Z [DEBUG] 📍 [API /api/integrations] GET request received {"timestamp":"2025-11-07T23:27:59.617Z","url":"http://localhost:3000/api/integrations?workspace_type=personal"}
[2025-11-07T23:27:59.771Z] [INFO   ] 2025-11-07T23:27:59.771Z [DEBUG] ✅ [API /api/integrations] User authenticated {"userId":"a3e3a51a-175c-4b59-ad03-227ba12a18b0"}
[2025-11-07T23:27:59.772Z] [INFO   ] 2025-11-07T23:27:59.772Z [DEBUG] 🏠 [API /api/integrations] Workspace context {"workspaceType":"personal","workspaceId":null}
[2025-11-07T23:27:59.893Z] [INFO   ] 2025-11-07T23:27:59.893Z [DEBUG] 📊 [API /api/integrations] Parallel query results {"workspaceType":"personal","workspaceId":null,"integrationsCount":14,"permissionsCount":14,"integrationsError":null,"permissionsError":null}
[2025-11-07T23:27:59.894Z] [INFO   ] 2025-11-07T23:27:59.894Z [DEBUG] 📋 [API /api/integrations] Using explicit permission {"integrationId":"73eb00b5-f035-4c99-81e1-6f2700e7d1b8","provider":"notion","permission":"admin"}
[2025-11-07T23:27:59.894Z] [INFO   ] 2025-11-07T23:27:59.894Z [DEBUG] 📋 [API /api/integrations] Using explicit permission {"integrationId":"21d15a49-a011-41fc-b20a-813fd9a6ac0e","provider":"mailchimp","permission":"admin"}
[2025-11-07T23:27:59.894Z] [INFO   ] 2025-11-07T23:27:59.894Z [DEBUG] 📋 [API /api/integrations] Using explicit permission {"integrationId":"610e4069-9323-4f4c-a80a-a5e56b700c1f","provider":"gmail","permission":"admin"}
[2025-11-07T23:27:59.894Z] [INFO   ] 2025-11-07T23:27:59.894Z [DEBUG] 📋 [API /api/integrations] Using explicit permission {"integrationId":"fa8ff906-fe58-416e-9328-245b65d2fe34","provider":"google-docs","permission":"admin"}
[2025-11-07T23:27:59.894Z] [INFO   ] 2025-11-07T23:27:59.894Z [DEBUG] 📋 [API /api/integrations] Using explicit permission {"integrationId":"683b99fe-5a31-45a8-93a9-b6535930c566","provider":"google-drive","permission":"admin"}
[2025-11-07T23:27:59.894Z] [INFO   ] 2025-11-07T23:27:59.894Z [DEBUG] 📋 [API /api/integrations] Using explicit permission {"integrationId":"7cbd7f8f-75ea-4775-842f-bfc68aa9d73c","provider":"trello","permission":"admin"}
[2025-11-07T23:27:59.894Z] [INFO   ] 2025-11-07T23:27:59.894Z [DEBUG] 📋 [API /api/integrations] Using explicit permission {"integrationId":"918ff057-e567-4e7c-b829-4fe0ca428dcc","provider":"facebook","permission":"admin"}
[2025-11-07T23:27:59.894Z] [INFO   ] 2025-11-07T23:27:59.894Z [DEBUG] 📋 [API /api/integrations] Using explicit permission {"integrationId":"fce6756a-efec-4bf7-927e-dba227ca2149","provider":"google-sheets","permission":"admin"}
[2025-11-07T23:27:59.894Z] [INFO   ] 2025-11-07T23:27:59.894Z [DEBUG] 📋 [API /api/integrations] Using explicit permission {"integrationId":"4386d41f-07dd-4e5d-ae50-417fdbcf0974","provider":"slack","permission":"admin"}
[2025-11-07T23:27:59.894Z] [INFO   ] 2025-11-07T23:27:59.894Z [DEBUG] 📋 [API /api/integrations] Using explicit permission {"integrationId":"6b250358-6441-499c-a711-37e7ae101507","provider":"dropbox","permission":"admin"}
[2025-11-07T23:27:59.894Z] [INFO   ] 2025-11-07T23:27:59.894Z [DEBUG] 📋 [API /api/integrations] Using explicit permission {"integrationId":"67c08136-3021-4b5a-ba37-343adefeb40e","provider":"discord","permission":"admin"}
[2025-11-07T23:27:59.894Z] [INFO   ] 2025-11-07T23:27:59.894Z [DEBUG] 📋 [API /api/integrations] Using explicit permission {"integrationId":"54248f26-c543-4e8f-8285-0b0fbfbf82dd","provider":"twitter","permission":"admin"}
[2025-11-07T23:27:59.894Z] [INFO   ] 2025-11-07T23:27:59.894Z [DEBUG] 📋 [API /api/integrations] Using explicit permission {"integrationId":"c8d02b5a-3a01-49f9-abdf-693f30c28ab9","provider":"google-calendar","permission":"admin"}
[2025-11-07T23:27:59.894Z] [INFO   ] 2025-11-07T23:27:59.894Z [DEBUG] 📋 [API /api/integrations] Using explicit permission {"integrationId":"23c9b660-dff1-40e3-be7a-f47816751245","provider":"airtable","permission":"admin"}
[2025-11-07T23:27:59.894Z] [INFO   ] 2025-11-07T23:27:59.894Z [DEBUG] ✅ [API /api/integrations] Returning integrations {"count":14,"workspaceType":"personal"}
[2025-11-07T23:28:12.360Z] [INFO   ]  [32m[1m✓[22m[39m Compiled in 617ms (5084 modules)
[2025-11-07T23:28:24.296Z] [INFO   ]  [32m[1m✓[22m[39m Compiled in 624ms (5084 modules)
[2025-11-07T23:28:36.491Z] [INFO   ]  [32m[1m✓[22m[39m Compiled in 1156ms (5084 modules)
[2025-11-07T23:29:11.587Z] [INFO   ]  [32m[1m✓[22m[39m Compiled in 593ms (1053 modules)
[2025-11-07T23:29:55.901Z] [INFO   ]  [32m[1m✓[22m[39m Compiled in 610ms (1053 modules)
[2025-11-07T23:30:07.671Z] [INFO   ]  [32m[1m✓[22m[39m Compiled in 494ms (1053 modules)
[2025-11-07T23:30:25.584Z] [INFO   ]  [32m[1m✓[22m[39m Compiled in 1859ms (4954 modules)
[2025-11-07T23:30:42.480Z] [INFO   ]  [32m[1m✓[22m[39m Compiled in 855ms (4954 modules)
[2025-11-07T23:30:55.651Z] [INFO   ]  [32m[1m✓[22m[39m Compiled in 754ms (4954 modules)
[2025-11-07T23:31:19.554Z] [INFO   ]  [32m[1m✓[22m[39m Compiled in 2.8s (4954 modules)
[2025-11-07T23:31:19.733Z] [WARN   ]  [33m[1m⚠[22m[39m Fast Refresh had to perform a full reload. Read more: https://nextjs.org/docs/messages/fast-refresh-reload
[2025-11-07T23:31:19.965Z] [INFO   ] 2025-11-07T23:31:19.965Z [DEBUG] 💧 [AUTH] Rehydrating auth state from storage {"hasState":true,"hasUser":false,"initialized":false,"timestamp":"2025-11-07T23:31:19.965Z"}
[2025-11-07T23:31:19.975Z] [INFO   ] 2025-11-07T23:31:19.975Z [DEBUG] 💧 [AUTH] State hydrated and reset {"hasUser":false,"initialized":false,"timestamp":"2025-11-07T23:31:19.975Z"}
[2025-11-07T23:31:19.976Z] [INFO   ] 2025-11-07T23:31:19.976Z [DEBUG] ⏭️ [AUTH] Skipping initialization {"hasState":true,"alreadyInitialized":false,"isClient":false,"timestamp":"2025-11-07T23:31:19.976Z"}
[2025-11-07T23:31:21.770Z] [INFO   ]  [37m[1m○[22m[39m Compiling /api/presence/count ...
[2025-11-07T23:31:22.498Z] [INFO   ]  [32m[1m✓[22m[39m Compiled /api/presence/count in 1283ms (3917 modules)
[2025-11-07T23:31:24.458Z] [INFO   ]  [32m[1m✓[22m[39m Compiled in 445ms (5084 modules)
[2025-11-07T23:31:25.145Z] [INFO   ]  [32m[1m✓[22m[39m Compiled in 10ms (4032 modules)
[2025-11-07T23:31:30.675Z] [WARN   ]  [33m[1m⚠[22m[39m Fast Refresh had to perform a full reload. Read more: https://nextjs.org/docs/messages/fast-refresh-reload
[2025-11-07T23:31:30.772Z] [INFO   ]  [37m[1m○[22m[39m Compiling /api/integrations ...
[2025-11-07T23:31:31.729Z] [INFO   ]  [32m[1m✓[22m[39m Compiled /api/integrations in 1914ms (5089 modules)
[2025-11-07T23:31:32.102Z] [INFO   ] 2025-11-07T23:31:32.102Z [DEBUG] 📍 [API /api/integrations] GET request received {"timestamp":"2025-11-07T23:31:32.101Z","url":"http://localhost:3000/api/integrations?workspace_type=personal"}
[2025-11-07T23:31:32.368Z] [INFO   ] 2025-11-07T23:31:32.368Z [DEBUG] 💧 [AUTH] Rehydrating auth state from storage {"hasState":true,"hasUser":false,"initialized":false,"timestamp":"2025-11-07T23:31:32.367Z"}
[2025-11-07T23:31:32.379Z] [INFO   ] 2025-11-07T23:31:32.379Z [DEBUG] 💧 [AUTH] State hydrated and reset {"hasUser":false,"initialized":false,"timestamp":"2025-11-07T23:31:32.379Z"}
[2025-11-07T23:31:32.379Z] [INFO   ] 2025-11-07T23:31:32.379Z [DEBUG] ⏭️ [AUTH] Skipping initialization {"hasState":true,"alreadyInitialized":false,"isClient":false,"timestamp":"2025-11-07T23:31:32.379Z"}
[2025-11-07T23:31:32.700Z] [INFO   ] 2025-11-07T23:31:32.700Z [DEBUG] ✅ [API /api/integrations] User authenticated {"userId":"a3e3a51a-175c-4b59-ad03-227ba12a18b0"}
[2025-11-07T23:31:32.701Z] [INFO   ] 2025-11-07T23:31:32.701Z [DEBUG] 🏠 [API /api/integrations] Workspace context {"workspaceType":"personal","workspaceId":null}
[2025-11-07T23:31:32.842Z] [INFO   ] 2025-11-07T23:31:32.842Z [DEBUG] 📊 [API /api/integrations] Parallel query results {"workspaceType":"personal","workspaceId":null,"integrationsCount":14,"permissionsCount":14,"integrationsError":null,"permissionsError":null}
[2025-11-07T23:31:32.842Z] [INFO   ] 2025-11-07T23:31:32.842Z [DEBUG] 📋 [API /api/integrations] Using explicit permission {"integrationId":"73eb00b5-f035-4c99-81e1-6f2700e7d1b8","provider":"notion","permission":"admin"}
[2025-11-07T23:31:32.842Z] [INFO   ] 2025-11-07T23:31:32.842Z [DEBUG] 📋 [API /api/integrations] Using explicit permission {"integrationId":"21d15a49-a011-41fc-b20a-813fd9a6ac0e","provider":"mailchimp","permission":"admin"}
[2025-11-07T23:31:32.842Z] [INFO   ] 2025-11-07T23:31:32.842Z [DEBUG] 📋 [API /api/integrations] Using explicit permission {"integrationId":"610e4069-9323-4f4c-a80a-a5e56b700c1f","provider":"gmail","permission":"admin"}
[2025-11-07T23:31:32.843Z] [INFO   ] 2025-11-07T23:31:32.842Z [DEBUG] 📋 [API /api/integrations] Using explicit permission {"integrationId":"fa8ff906-fe58-416e-9328-245b65d2fe34","provider":"google-docs","permission":"admin"}
[2025-11-07T23:31:32.843Z] [INFO   ] 2025-11-07T23:31:32.843Z [DEBUG] 📋 [API /api/integrations] Using explicit permission {"integrationId":"683b99fe-5a31-45a8-93a9-b6535930c566","provider":"google-drive","permission":"admin"}
[2025-11-07T23:31:32.843Z] [INFO   ] 2025-11-07T23:31:32.843Z [DEBUG] 📋 [API /api/integrations] Using explicit permission {"integrationId":"7cbd7f8f-75ea-4775-842f-bfc68aa9d73c","provider":"trello","permission":"admin"}
[2025-11-07T23:31:32.843Z] [INFO   ] 2025-11-07T23:31:32.843Z [DEBUG] 📋 [API /api/integrations] Using explicit permission {"integrationId":"918ff057-e567-4e7c-b829-4fe0ca428dcc","provider":"facebook","permission":"admin"}
[2025-11-07T23:31:32.843Z] [INFO   ] 2025-11-07T23:31:32.843Z [DEBUG] 📋 [API /api/integrations] Using explicit permission {"integrationId":"fce6756a-efec-4bf7-927e-dba227ca2149","provider":"google-sheets","permission":"admin"}
[2025-11-07T23:31:32.844Z] [INFO   ] 2025-11-07T23:31:32.843Z [DEBUG] 📋 [API /api/integrations] Using explicit permission {"integrationId":"4386d41f-07dd-4e5d-ae50-417fdbcf0974","provider":"slack","permission":"admin"}
[2025-11-07T23:31:32.844Z] [INFO   ] 2025-11-07T23:31:32.844Z [DEBUG] 📋 [API /api/integrations] Using explicit permission {"integrationId":"6b250358-6441-499c-a711-37e7ae101507","provider":"dropbox","permission":"admin"}
[2025-11-07T23:31:32.844Z] [INFO   ] 2025-11-07T23:31:32.844Z [DEBUG] 📋 [API /api/integrations] Using explicit permission {"integrationId":"67c08136-3021-4b5a-ba37-343adefeb40e","provider":"discord","permission":"admin"}
[2025-11-07T23:31:32.844Z] [INFO   ] 2025-11-07T23:31:32.844Z [DEBUG] 📋 [API /api/integrations] Using explicit permission {"integrationId":"54248f26-c543-4e8f-8285-0b0fbfbf82dd","provider":"twitter","permission":"admin"}
[2025-11-07T23:31:32.847Z] [INFO   ] 2025-11-07T23:31:32.844Z [DEBUG] 📋 [API /api/integrations] Using explicit permission {"integrationId":"c8d02b5a-3a01-49f9-abdf-693f30c28ab9","provider":"google-calendar","permission":"admin"}
[2025-11-07T23:31:32.847Z] [INFO   ] 2025-11-07T23:31:32.847Z [DEBUG] 📋 [API /api/integrations] Using explicit permission {"integrationId":"23c9b660-dff1-40e3-be7a-f47816751245","provider":"airtable","permission":"admin"}
[2025-11-07T23:31:32.847Z] [INFO   ] 2025-11-07T23:31:32.847Z [DEBUG] ✅ [API /api/integrations] Returning integrations {"count":14,"workspaceType":"personal"}
[2025-11-07T23:31:33.833Z] [INFO   ]  [32m[1m✓[22m[39m Compiled in 348ms (1054 modules)

=== Log Session Ended: 2025-11-07T23:31:36.372Z ===
