=== Log Session Started: 2025-11-01T20:06:35.295Z ===
Node Version: v23.7.0
Platform: darwin
Working Directory: /Users/nathanielstoddard/chainreact-app/chainreact-app-9e
================================================================================

[2025-11-01T20:06:35.295Z] [INFO   ] File logging initialized
[2025-11-01T20:06:35.295Z] [INFO   ] Log file: /Users/nathanielstoddard/chainreact-app/chainreact-app-9e/logs/workflow_2025-11-01_15-06-35.log
[2025-11-01T20:06:35.297Z] [INFO   ] 📁 File logging enabled
[2025-11-01T20:06:35.297Z] [INFO   ] 📝 Logs will be written to: /Users/nathanielstoddard/chainreact-app/chainreact-app-9e/logs/workflow_2025-11-01_15-06-35.log
[2025-11-01T20:06:35.297Z] [INFO   ] 💡 To view logs in real-time: tail -f /Users/nathanielstoddard/chainreact-app/chainreact-app-9e/logs/workflow_2025-11-01_15-06-35.log
[2025-11-01T20:06:35.297Z] [INFO   ] 💡 To view all logs: cat /Users/nathanielstoddard/chainreact-app/chainreact-app-9e/logs/workflow_2025-11-01_15-06-35.log
[2025-11-01T20:06:35.297Z] [INFO   ] 💡 To share logs: Copy the file at /Users/nathanielstoddard/chainreact-app/chainreact-app-9e/logs/workflow_2025-11-01_15-06-35.log
[2025-11-01T20:06:35.297Z] [INFO   ] --------------------------------------------------------------------------------
[2025-11-01T20:06:35.297Z] [DEBUG  ] 📁 File logging system initialized
[2025-11-01T20:06:35.317Z] [INFO   ]  [32m[1m✓[22m[39m Ready in 3.3s
[2025-11-01T20:06:36.310Z] [INFO   ] 2025-11-01T20:06:36.310Z [DEBUG] 🤖 Discord bot configured, initializing gateway connection in background...
[2025-11-01T20:06:38.422Z] [INFO   ] 2025-11-01T20:06:38.422Z [DEBUG] Initializing Discord Gateway connection (singleton)...
[2025-11-01T20:06:38.422Z] [INFO   ] 2025-11-01T20:06:38.422Z [DEBUG] 🔑 Discord bot token loaded
[2025-11-01T20:06:38.634Z] [INFO   ] 2025-11-01T20:06:38.634Z [DEBUG] Discord Gateway initialization complete
[2025-11-01T20:06:38.635Z] [INFO   ] 2025-11-01T20:06:38.635Z [DEBUG] ✅ Discord bot gateway connection initialized
[2025-11-01T20:06:38.800Z] [INFO   ] 2025-11-01T20:06:38.800Z [DEBUG] Discord Gateway WebSocket connection established
[2025-11-01T20:06:38.801Z] [INFO   ] 2025-11-01T20:06:38.801Z [DEBUG] 🔑 Sending identify with intents: {"GUILDS":true,"GUILD_MEMBERS":true,"GUILD_INVITES":true,"GUILD_MESSAGES":true,"MESSAGE_CONTENT":true,"intentsValue":33347}
[2025-11-01T20:06:38.982Z] [INFO   ] 2025-11-01T20:06:38.982Z [DEBUG] 🎉 Discord bot ready! {"sessionId":"4985c768f3e2653fde16b7f9099b4c0d","username":"ChainReact-Bot","userId":"1378595955212812308","guildCount":2}
[2025-11-01T20:06:38.982Z] [INFO   ] 2025-11-01T20:06:38.982Z [DEBUG] 📋 Initializing invite cache...
[2025-11-01T20:06:38.983Z] [INFO   ] 2025-11-01T20:06:38.983Z [DEBUG] 📡 Discord event received: GUILD_CREATE
[2025-11-01T20:06:38.991Z] [INFO   ] 2025-11-01T20:06:38.991Z [DEBUG] 📡 Discord event received: GUILD_CREATE
[2025-11-01T20:06:39.313Z] [INFO   ] 2025-11-01T20:06:39.313Z [DEBUG] ✅ Cached 3 invites for guild 1378950884045623406
[2025-11-01T20:06:43.277Z] [INFO   ]  [32m[1m✓[22m[39m Compiled /middleware in 159ms (233 modules)
[2025-11-01T20:06:43.896Z] [INFO   ] 2025-11-01T20:06:43.896Z [DEBUG] [Middleware] Username check: {"path":"/workflows/ai-agent","userId":"a3e3a51a-175c-4b59-ad03-227ba12a18b0","provider":"email","role":"free","username":"nstoddard17","hasUsername":true,"isBetaTester":false,"isNewBetaUser":false,"accountAge":13460916497}
[2025-11-01T20:06:44.426Z] [INFO   ]  [37m[1m○[22m[39m Compiling /workflows/ai-agent ...
[2025-11-01T20:06:48.247Z] [INFO   ]  [32m[1m✓[22m[39m Compiled /workflows/ai-agent in 4.3s (4381 modules)
[2025-11-01T20:06:48.671Z] [INFO   ] 2025-11-01T20:06:48.671Z [DEBUG] 💧 [AUTH] Rehydrating auth state from storage {"hasState":true,"hasUser":false,"initialized":false,"timestamp":"2025-11-01T20:06:48.671Z"}
[2025-11-01T20:06:48.675Z] [INFO   ] 2025-11-01T20:06:48.675Z [DEBUG] 💧 [AUTH] State hydrated and reset {"hasUser":false,"initialized":false,"timestamp":"2025-11-01T20:06:48.675Z"}
[2025-11-01T20:06:48.675Z] [INFO   ] 2025-11-01T20:06:48.675Z [DEBUG] ⏭️ [AUTH] Skipping initialization {"hasState":true,"alreadyInitialized":false,"isClient":false,"timestamp":"2025-11-01T20:06:48.675Z"}
[2025-11-01T20:06:49.099Z] [INFO   ]  [32m[1m✓[22m[39m Compiled in 825ms (710 modules)
[2025-11-01T20:06:49.275Z] [INFO   ] 2025-11-01T20:06:49.275Z [DEBUG] [Username Check] {"userId":"a3e3a51a-175c-4b59-ad03-227ba12a18b0","hasEmail":true,"provider":"email","hasUsername":true,"isGoogleUser":false}
[2025-11-01T20:06:49.964Z] [INFO   ]  [37m[1m○[22m[39m Compiling /api/presence/count ...
[2025-11-01T20:06:50.432Z] [INFO   ]  [32m[1m✓[22m[39m Compiled /api/presence/count in 968ms (4388 modules)
[2025-11-01T20:06:54.299Z] [INFO   ]  [32m[1m✓[22m[39m Compiled /api/integrations in 479ms (4390 modules)
[2025-11-01T20:06:54.447Z] [INFO   ] 2025-11-01T20:06:54.447Z [DEBUG] 📍 [API /api/integrations] GET request received {"timestamp":"2025-11-01T20:06:54.447Z","url":"http://localhost:3000/api/integrations?workspace_type=personal"}
[2025-11-01T20:06:54.528Z] [INFO   ] 2025-11-01T20:06:54.528Z [DEBUG] ✅ [API /api/integrations] User authenticated {"userId":"a3e3a51a-175c-4b59-ad03-227ba12a18b0"}
[2025-11-01T20:06:54.529Z] [INFO   ] 2025-11-01T20:06:54.529Z [DEBUG] 🏠 [API /api/integrations] Workspace context {"workspaceType":"personal","workspaceId":null}
[2025-11-01T20:06:54.610Z] [INFO   ] 2025-11-01T20:06:54.610Z [DEBUG] 📊 [API /api/integrations] Query result {"workspaceType":"personal","workspaceId":null,"count":14,"error":null}
[2025-11-01T20:06:54.610Z] [INFO   ] 2025-11-01T20:06:54.610Z [DEBUG] ✅ [API /api/integrations] Returning integrations {"count":14,"workspaceType":"personal"}
[2025-11-01T20:06:54.652Z] [INFO   ] 2025-11-01T20:06:54.652Z [DEBUG] [Middleware] Username check: {"path":"/workflows/v2/api/flows","userId":"a3e3a51a-175c-4b59-ad03-227ba12a18b0","provider":"email","role":"free","username":"nstoddard17","hasUsername":true,"isBetaTester":false,"isNewBetaUser":false,"accountAge":13460927253}
[2025-11-01T20:06:55.395Z] [INFO   ]  [37m[1m○[22m[39m Compiling /workflows/v2/api/flows ...
[2025-11-01T20:06:55.626Z] [INFO   ]  [32m[1m✓[22m[39m Compiled /workflows/v2/api/flows in 943ms (4445 modules)
[2025-11-01T20:06:56.238Z] [INFO   ] 2025-11-01T20:06:56.238Z [DEBUG] [Middleware] Username check: {"path":"/workflows/builder/6067e3f6-3170-4823-944c-2e5817cd04af","userId":"a3e3a51a-175c-4b59-ad03-227ba12a18b0","provider":"email","role":"free","username":"nstoddard17","hasUsername":true,"isBetaTester":false,"isNewBetaUser":false,"accountAge":13460928839}
[2025-11-01T20:06:56.788Z] [INFO   ]  [37m[1m○[22m[39m Compiling /workflows/builder/[id] ...
[2025-11-01T20:06:57.999Z] [INFO   ]  [32m[1m✓[22m[39m Compiled /workflows/builder/[id] in 1717ms (5742 modules)
[2025-11-01T20:06:59.096Z] [INFO   ] 2025-11-01T20:06:59.096Z [DEBUG] [Username Check] {"userId":"a3e3a51a-175c-4b59-ad03-227ba12a18b0","hasEmail":true,"provider":"email","hasUsername":true,"isGoogleUser":false}
[2025-11-01T20:06:59.678Z] [INFO   ] 2025-11-01T20:06:59.678Z [DEBUG] [Middleware] Username check: {"path":"/workflows/v2/api/flows/6067e3f6-3170-4823-944c-2e5817cd04af/revisions","userId":"a3e3a51a-175c-4b59-ad03-227ba12a18b0","provider":"email","role":"free","username":"nstoddard17","hasUsername":true,"isBetaTester":false,"isNewBetaUser":false,"accountAge":13460932279}
[2025-11-01T20:07:00.085Z] [INFO   ]  [37m[1m○[22m[39m Compiling /workflows/v2/api/flows/[flowId]/revisions ...
[2025-11-01T20:07:00.572Z] [INFO   ]  [32m[1m✓[22m[39m Compiled /workflows/v2/api/flows/[flowId]/revisions in 1075ms (5749 modules)
[2025-11-01T20:07:00.798Z] [INFO   ] 2025-11-01T20:07:00.797Z [DEBUG] [API /api/workflows] GET request {"workspaceType":"personal","workspaceId":null,"userId":"a3e3a51a-175c-4b59-ad03-227ba12a18b0"}
[2025-11-01T20:07:00.854Z] [INFO   ] 2025-11-01T20:07:00.854Z [DEBUG] 📍 [API /api/integrations] GET request received {"timestamp":"2025-11-01T20:07:00.854Z","url":"http://localhost:3000/api/integrations"}
[2025-11-01T20:07:00.894Z] [INFO   ] 2025-11-01T20:07:00.894Z [DEBUG] [API /api/workflows] Query result {"workspaceType":"personal","count":13,"error":null}
[2025-11-01T20:07:00.987Z] [INFO   ] 2025-11-01T20:07:00.987Z [DEBUG] ✅ [API /api/integrations] User authenticated {"userId":"a3e3a51a-175c-4b59-ad03-227ba12a18b0"}
[2025-11-01T20:07:00.987Z] [INFO   ] 2025-11-01T20:07:00.987Z [DEBUG] 🏠 [API /api/integrations] Workspace context {"workspaceType":"personal","workspaceId":null}
[2025-11-01T20:07:01.073Z] [INFO   ] 2025-11-01T20:07:01.073Z [DEBUG] 📊 [API /api/integrations] Query result {"workspaceType":"personal","workspaceId":null,"count":14,"error":null}
[2025-11-01T20:07:01.073Z] [INFO   ] 2025-11-01T20:07:01.073Z [DEBUG] ✅ [API /api/integrations] Returning integrations {"count":14,"workspaceType":"personal"}
[2025-11-01T20:07:01.128Z] [INFO   ] 2025-11-01T20:07:01.128Z [DEBUG] 📍 [API /api/integrations] GET request received {"timestamp":"2025-11-01T20:07:01.128Z","url":"http://localhost:3000/api/integrations"}
[2025-11-01T20:07:01.201Z] [INFO   ] 2025-11-01T20:07:01.201Z [DEBUG] ✅ [API /api/integrations] User authenticated {"userId":"a3e3a51a-175c-4b59-ad03-227ba12a18b0"}
[2025-11-01T20:07:01.201Z] [INFO   ] 2025-11-01T20:07:01.201Z [DEBUG] 🏠 [API /api/integrations] Workspace context {"workspaceType":"personal","workspaceId":null}
[2025-11-01T20:07:01.277Z] [INFO   ] 2025-11-01T20:07:01.277Z [DEBUG] 📊 [API /api/integrations] Query result {"workspaceType":"personal","workspaceId":null,"count":14,"error":null}
[2025-11-01T20:07:01.277Z] [INFO   ] 2025-11-01T20:07:01.277Z [DEBUG] ✅ [API /api/integrations] Returning integrations {"count":14,"workspaceType":"personal"}
[2025-11-01T20:07:01.568Z] [INFO   ] 2025-11-01T20:07:01.568Z [DEBUG] [Middleware] Username check: {"path":"/workflows/v2/api/flows/6067e3f6-3170-4823-944c-2e5817cd04af/revisions","userId":"a3e3a51a-175c-4b59-ad03-227ba12a18b0","provider":"email","role":"free","username":"nstoddard17","hasUsername":true,"isBetaTester":false,"isNewBetaUser":false,"accountAge":13460934169}
[2025-11-01T20:07:01.570Z] [INFO   ] 2025-11-01T20:07:01.570Z [DEBUG] [Middleware] Username check: {"path":"/workflows/v2/api/flows/6067e3f6-3170-4823-944c-2e5817cd04af/revisions/4c335552-4a80-4101-8cc5-0e52a0055a06","userId":"a3e3a51a-175c-4b59-ad03-227ba12a18b0","provider":"email","role":"free","username":"nstoddard17","hasUsername":true,"isBetaTester":false,"isNewBetaUser":false,"accountAge":13460934171}
[2025-11-01T20:07:02.065Z] [INFO   ]  [32m[1m✓[22m[39m Compiled /workflows/v2/api/flows/[flowId]/revisions/[revisionId] in 414ms (5751 modules)
[2025-11-01T20:07:02.800Z] [INFO   ] 2025-11-01T20:07:02.800Z [DEBUG] [Middleware] Username check: {"path":"/workflows/v2/api/flows/6067e3f6-3170-4823-944c-2e5817cd04af/revisions/4c335552-4a80-4101-8cc5-0e52a0055a06","userId":"a3e3a51a-175c-4b59-ad03-227ba12a18b0","provider":"email","role":"free","username":"nstoddard17","hasUsername":true,"isBetaTester":false,"isNewBetaUser":false,"accountAge":13460935401}
[2025-11-01T20:07:03.344Z] [INFO   ]  [37m[1m○[22m[39m Compiling /api/workflows/[id]/chat ...
[2025-11-01T20:07:03.540Z] [INFO   ] 2025-11-01T20:07:03.540Z [DEBUG] [Middleware] Username check: {"path":"/workflows/v2/api/flows/6067e3f6-3170-4823-944c-2e5817cd04af/edits","userId":"a3e3a51a-175c-4b59-ad03-227ba12a18b0","provider":"email","role":"free","username":"nstoddard17","hasUsername":true,"isBetaTester":false,"isNewBetaUser":false,"accountAge":13460936141}
[2025-11-01T20:07:04.613Z] [INFO   ]  [32m[1m✓[22m[39m Compiled /workflows/v2/api/flows/[flowId]/edits in 1775ms (6008 modules)
[2025-11-01T20:07:04.840Z] [INFO   ] 2025-11-01T20:07:04.840Z [DEBUG] 📍 [API /api/integrations] GET request received {"timestamp":"2025-11-01T20:07:04.840Z","url":"http://localhost:3000/api/integrations"}
[2025-11-01T20:07:04.924Z] [INFO   ] 2025-11-01T20:07:04.924Z [DEBUG] ✅ [API /api/integrations] User authenticated {"userId":"a3e3a51a-175c-4b59-ad03-227ba12a18b0"}
[2025-11-01T20:07:04.924Z] [INFO   ] 2025-11-01T20:07:04.924Z [DEBUG] 🏠 [API /api/integrations] Workspace context {"workspaceType":"personal","workspaceId":null}
[2025-11-01T20:07:05.005Z] [INFO   ] 2025-11-01T20:07:05.005Z [DEBUG] 📊 [API /api/integrations] Query result {"workspaceType":"personal","workspaceId":null,"count":14,"error":null}
[2025-11-01T20:07:05.006Z] [INFO   ] 2025-11-01T20:07:05.006Z [DEBUG] ✅ [API /api/integrations] Returning integrations {"count":14,"workspaceType":"personal"}
[2025-11-01T20:07:05.069Z] [INFO   ] 2025-11-01T20:07:05.069Z [DEBUG] 📍 [API /api/integrations] GET request received {"timestamp":"2025-11-01T20:07:05.069Z","url":"http://localhost:3000/api/integrations"}
[2025-11-01T20:07:05.138Z] [INFO   ] 2025-11-01T20:07:05.138Z [DEBUG] ✅ [API /api/integrations] User authenticated {"userId":"a3e3a51a-175c-4b59-ad03-227ba12a18b0"}
[2025-11-01T20:07:05.139Z] [INFO   ] 2025-11-01T20:07:05.138Z [DEBUG] 🏠 [API /api/integrations] Workspace context {"workspaceType":"personal","workspaceId":null}
[2025-11-01T20:07:05.230Z] [INFO   ] 2025-11-01T20:07:05.230Z [DEBUG] 📊 [API /api/integrations] Query result {"workspaceType":"personal","workspaceId":null,"count":14,"error":null}
[2025-11-01T20:07:05.231Z] [INFO   ] 2025-11-01T20:07:05.231Z [DEBUG] ✅ [API /api/integrations] Returning integrations {"count":14,"workspaceType":"personal"}
[2025-11-01T20:13:48.652Z] [INFO   ]  [32m[1m✓[22m[39m Compiled in 2.1s (5741 modules)
[2025-11-01T20:13:48.719Z] [WARN   ]  [33m[1m⚠[22m[39m Fast Refresh had to perform a full reload due to a runtime error.
[2025-11-01T20:13:49.159Z] [INFO   ] 2025-11-01T20:13:49.159Z [DEBUG] [Middleware] Username check: {"path":"/workflows/builder/6067e3f6-3170-4823-944c-2e5817cd04af","userId":"a3e3a51a-175c-4b59-ad03-227ba12a18b0","provider":"email","role":"free","username":"nstoddard17","hasUsername":true,"isBetaTester":false,"isNewBetaUser":false,"accountAge":13461341760}
[2025-11-01T20:13:49.162Z] [INFO   ] 2025-11-01T20:13:49.162Z [DEBUG] [Middleware] Username check: {"path":"/workflows/builder/6067e3f6-3170-4823-944c-2e5817cd04af","userId":"a3e3a51a-175c-4b59-ad03-227ba12a18b0","provider":"email","role":"free","username":"nstoddard17","hasUsername":true,"isBetaTester":false,"isNewBetaUser":false,"accountAge":13461341763}
[2025-11-01T20:13:49.596Z] [INFO   ] 2025-11-01T20:13:49.596Z [DEBUG] 💧 [AUTH] Rehydrating auth state from storage {"hasState":true,"hasUser":false,"initialized":false,"timestamp":"2025-11-01T20:13:49.596Z"}
[2025-11-01T20:13:49.602Z] [INFO   ] 2025-11-01T20:13:49.602Z [DEBUG] 💧 [AUTH] State hydrated and reset {"hasUser":false,"initialized":false,"timestamp":"2025-11-01T20:13:49.602Z"}
[2025-11-01T20:13:49.602Z] [INFO   ] 2025-11-01T20:13:49.602Z [DEBUG] ⏭️ [AUTH] Skipping initialization {"hasState":true,"alreadyInitialized":false,"isClient":false,"timestamp":"2025-11-01T20:13:49.602Z"}
[2025-11-01T20:13:49.879Z] [INFO   ] 2025-11-01T20:13:49.876Z [DEBUG] [Username Check] {"userId":"a3e3a51a-175c-4b59-ad03-227ba12a18b0","hasEmail":true,"provider":"email","hasUsername":true,"isGoogleUser":false}
[2025-11-01T20:13:50.073Z] [INFO   ] 2025-11-01T20:13:50.072Z [DEBUG] [Username Check] {"userId":"a3e3a51a-175c-4b59-ad03-227ba12a18b0","hasEmail":true,"provider":"email","hasUsername":true,"isGoogleUser":false}
[2025-11-01T20:13:51.328Z] [INFO   ]  [32m[1m✓[22m[39m Compiled /api/presence/count in 455ms (4392 modules)
[2025-11-01T20:13:51.651Z] [INFO   ] 2025-11-01T20:13:51.651Z [DEBUG] [Middleware] Username check: {"path":"/workflows/v2/api/flows/6067e3f6-3170-4823-944c-2e5817cd04af/revisions","userId":"a3e3a51a-175c-4b59-ad03-227ba12a18b0","provider":"email","role":"free","username":"nstoddard17","hasUsername":true,"isBetaTester":false,"isNewBetaUser":false,"accountAge":13461344252}
[2025-11-01T20:13:51.679Z] [INFO   ]  [32m[1m✓[22m[39m Compiled /api/workflows in 0ms (4394 modules)
[2025-11-01T20:13:52.174Z] [INFO   ]  [32m[1m✓[22m[39m Compiled /workflows/v2/api/flows/[flowId]/revisions in 1ms (4401 modules)
[2025-11-01T20:13:52.679Z] [INFO   ]  [32m[1m✓[22m[39m Compiled in 0ms (4403 modules)
[2025-11-01T20:13:53.083Z] [INFO   ]  [32m[1m✓[22m[39m Compiled in 0ms (4403 modules)
[2025-11-01T20:13:53.461Z] [INFO   ]  [32m[1m✓[22m[39m Compiled in 0ms (4403 modules)
[2025-11-01T20:13:53.520Z] [INFO   ] 2025-11-01T20:13:53.520Z [DEBUG] 📍 [API /api/integrations] GET request received {"timestamp":"2025-11-01T20:13:53.520Z","url":"http://localhost:3000/api/integrations?workspace_type=personal"}
[2025-11-01T20:13:53.696Z] [INFO   ] 2025-11-01T20:13:53.696Z [DEBUG] [API /api/workflows] GET request {"workspaceType":"personal","workspaceId":null,"userId":"a3e3a51a-175c-4b59-ad03-227ba12a18b0"}
[2025-11-01T20:13:53.697Z] [INFO   ] 2025-11-01T20:13:53.697Z [DEBUG] ✅ [API /api/integrations] User authenticated {"userId":"a3e3a51a-175c-4b59-ad03-227ba12a18b0"}
[2025-11-01T20:13:53.697Z] [INFO   ] 2025-11-01T20:13:53.697Z [DEBUG] 🏠 [API /api/integrations] Workspace context {"workspaceType":"personal","workspaceId":null}
[2025-11-01T20:13:53.865Z] [INFO   ] 2025-11-01T20:13:53.865Z [DEBUG] 📊 [API /api/integrations] Query result {"workspaceType":"personal","workspaceId":null,"count":14,"error":null}
[2025-11-01T20:13:53.866Z] [INFO   ] 2025-11-01T20:13:53.866Z [DEBUG] ✅ [API /api/integrations] Returning integrations {"count":14,"workspaceType":"personal"}
[2025-11-01T20:13:53.867Z] [INFO   ] 2025-11-01T20:13:53.867Z [DEBUG] [API /api/workflows] Query result {"workspaceType":"personal","count":13,"error":null}
[2025-11-01T20:13:53.873Z] [INFO   ]  [32m[1m✓[22m[39m Compiled in 0ms (4403 modules)
[2025-11-01T20:13:54.359Z] [INFO   ]  [32m[1m✓[22m[39m Compiled /icon.png in 0ms (4403 modules)
[2025-11-01T20:13:54.578Z] [INFO   ] 2025-11-01T20:13:54.578Z [DEBUG] [Middleware] Username check: {"path":"/workflows/v2/api/flows/6067e3f6-3170-4823-944c-2e5817cd04af/revisions","userId":"a3e3a51a-175c-4b59-ad03-227ba12a18b0","provider":"email","role":"free","username":"nstoddard17","hasUsername":true,"isBetaTester":false,"isNewBetaUser":false,"accountAge":13461347179}
[2025-11-01T20:13:54.695Z] [INFO   ] 2025-11-01T20:13:54.695Z [DEBUG] [Middleware] Username check: {"path":"/workflows/v2/api/flows/6067e3f6-3170-4823-944c-2e5817cd04af/revisions/4c335552-4a80-4101-8cc5-0e52a0055a06","userId":"a3e3a51a-175c-4b59-ad03-227ba12a18b0","provider":"email","role":"free","username":"nstoddard17","hasUsername":true,"isBetaTester":false,"isNewBetaUser":false,"accountAge":13461347296}
[2025-11-01T20:13:55.138Z] [INFO   ]  [32m[1m✓[22m[39m Compiled /workflows/v2/api/flows/[flowId]/revisions/[revisionId] in 0ms (4405 modules)
[2025-11-01T20:13:55.463Z] [INFO   ]  [32m[1m✓[22m[39m Compiled (4407 modules)
[2025-11-01T20:13:55.516Z] [INFO   ] 2025-11-01T20:13:55.516Z [DEBUG] 📍 [API /api/integrations] GET request received {"timestamp":"2025-11-01T20:13:55.516Z","url":"http://localhost:3000/api/integrations"}
[2025-11-01T20:13:55.618Z] [INFO   ] 2025-11-01T20:13:55.618Z [DEBUG] ✅ [API /api/integrations] User authenticated {"userId":"a3e3a51a-175c-4b59-ad03-227ba12a18b0"}
[2025-11-01T20:13:55.618Z] [INFO   ] 2025-11-01T20:13:55.618Z [DEBUG] 🏠 [API /api/integrations] Workspace context {"workspaceType":"personal","workspaceId":null}
[2025-11-01T20:13:55.717Z] [INFO   ] 2025-11-01T20:13:55.717Z [DEBUG] 📊 [API /api/integrations] Query result {"workspaceType":"personal","workspaceId":null,"count":14,"error":null}
[2025-11-01T20:13:55.718Z] [INFO   ] 2025-11-01T20:13:55.718Z [DEBUG] ✅ [API /api/integrations] Returning integrations {"count":14,"workspaceType":"personal"}
[2025-11-01T20:13:55.776Z] [INFO   ] 2025-11-01T20:13:55.776Z [DEBUG] 📍 [API /api/integrations] GET request received {"timestamp":"2025-11-01T20:13:55.776Z","url":"http://localhost:3000/api/integrations"}
[2025-11-01T20:13:55.873Z] [INFO   ] 2025-11-01T20:13:55.873Z [DEBUG] ✅ [API /api/integrations] User authenticated {"userId":"a3e3a51a-175c-4b59-ad03-227ba12a18b0"}
[2025-11-01T20:13:55.873Z] [INFO   ] 2025-11-01T20:13:55.873Z [DEBUG] 🏠 [API /api/integrations] Workspace context {"workspaceType":"personal","workspaceId":null}
[2025-11-01T20:13:55.989Z] [INFO   ] 2025-11-01T20:13:55.989Z [DEBUG] 📊 [API /api/integrations] Query result {"workspaceType":"personal","workspaceId":null,"count":14,"error":null}
[2025-11-01T20:13:55.990Z] [INFO   ] 2025-11-01T20:13:55.990Z [DEBUG] ✅ [API /api/integrations] Returning integrations {"count":14,"workspaceType":"personal"}
[2025-11-01T20:13:56.322Z] [INFO   ] 2025-11-01T20:13:56.322Z [DEBUG] [Middleware] Username check: {"path":"/workflows/v2/api/flows/6067e3f6-3170-4823-944c-2e5817cd04af/revisions/4c335552-4a80-4101-8cc5-0e52a0055a06","userId":"a3e3a51a-175c-4b59-ad03-227ba12a18b0","provider":"email","role":"free","username":"nstoddard17","hasUsername":true,"isBetaTester":false,"isNewBetaUser":false,"accountAge":13461348923}
[2025-11-01T20:13:56.662Z] [INFO   ]  [37m[1m○[22m[39m Compiling /api/workflows/[id]/chat ...
[2025-11-01T20:13:56.815Z] [INFO   ]  [32m[1m✓[22m[39m Compiled /api/workflows/[id]/chat in 756ms (4409 modules)
[2025-11-01T20:13:56.871Z] [INFO   ] 2025-11-01T20:13:56.871Z [DEBUG] [Middleware] Username check: {"path":"/workflows/v2/api/flows/6067e3f6-3170-4823-944c-2e5817cd04af/edits","userId":"a3e3a51a-175c-4b59-ad03-227ba12a18b0","provider":"email","role":"free","username":"nstoddard17","hasUsername":true,"isBetaTester":false,"isNewBetaUser":false,"accountAge":13461349472}
[2025-11-01T20:13:57.154Z] [INFO   ]  [32m[1m✓[22m[39m Compiled /workflows/v2/api/flows/[flowId]/edits in 0ms (4409 modules)
[2025-11-01T20:13:57.948Z] [INFO   ]  [32m[1m✓[22m[39m Compiled in 1ms (4664 modules)
[2025-11-01T20:13:58.322Z] [INFO   ] 2025-11-01T20:13:58.321Z [DEBUG] 📍 [API /api/integrations] GET request received {"timestamp":"2025-11-01T20:13:58.321Z","url":"http://localhost:3000/api/integrations"}
[2025-11-01T20:13:58.510Z] [INFO   ] 2025-11-01T20:13:58.510Z [DEBUG] ✅ [API /api/integrations] User authenticated {"userId":"a3e3a51a-175c-4b59-ad03-227ba12a18b0"}
[2025-11-01T20:13:58.510Z] [INFO   ] 2025-11-01T20:13:58.510Z [DEBUG] 🏠 [API /api/integrations] Workspace context {"workspaceType":"personal","workspaceId":null}
[2025-11-01T20:13:58.601Z] [INFO   ] 2025-11-01T20:13:58.601Z [DEBUG] 📊 [API /api/integrations] Query result {"workspaceType":"personal","workspaceId":null,"count":14,"error":null}
[2025-11-01T20:13:58.602Z] [INFO   ] 2025-11-01T20:13:58.602Z [DEBUG] ✅ [API /api/integrations] Returning integrations {"count":14,"workspaceType":"personal"}
[2025-11-01T20:13:58.679Z] [INFO   ] 2025-11-01T20:13:58.679Z [DEBUG] 📍 [API /api/integrations] GET request received {"timestamp":"2025-11-01T20:13:58.679Z","url":"http://localhost:3000/api/integrations"}
[2025-11-01T20:13:58.783Z] [INFO   ] 2025-11-01T20:13:58.783Z [DEBUG] ✅ [API /api/integrations] User authenticated {"userId":"a3e3a51a-175c-4b59-ad03-227ba12a18b0"}
[2025-11-01T20:13:58.784Z] [INFO   ] 2025-11-01T20:13:58.784Z [DEBUG] 🏠 [API /api/integrations] Workspace context {"workspaceType":"personal","workspaceId":null}
[2025-11-01T20:13:58.902Z] [INFO   ] 2025-11-01T20:13:58.902Z [DEBUG] 📊 [API /api/integrations] Query result {"workspaceType":"personal","workspaceId":null,"count":14,"error":null}
[2025-11-01T20:13:58.903Z] [INFO   ] 2025-11-01T20:13:58.903Z [DEBUG] ✅ [API /api/integrations] Returning integrations {"count":14,"workspaceType":"personal"}
[2025-11-01T20:16:17.090Z] [INFO   ]  [32m[1m✓[22m[39m Compiled in 1938ms (5741 modules)
[2025-11-01T20:16:17.417Z] [INFO   ] 2025-11-01T20:16:17.416Z [DEBUG] [Middleware] Username check: {"path":"/workflows/builder/6067e3f6-3170-4823-944c-2e5817cd04af","userId":"a3e3a51a-175c-4b59-ad03-227ba12a18b0","provider":"email","role":"free","username":"nstoddard17","hasUsername":true,"isBetaTester":false,"isNewBetaUser":false,"accountAge":13461490017}
[2025-11-01T20:16:17.791Z] [INFO   ] 2025-11-01T20:16:17.791Z [DEBUG] [Username Check] {"userId":"a3e3a51a-175c-4b59-ad03-227ba12a18b0","hasEmail":true,"provider":"email","hasUsername":true,"isGoogleUser":false}
[2025-11-01T20:16:18.456Z] [INFO   ]  [32m[1m✓[22m[39m Compiled /icon.png in 320ms (4389 modules)
[2025-11-01T20:16:20.474Z] [INFO   ]  [32m[1m✓[22m[39m Compiled in 705ms (5746 modules)
[2025-11-01T20:16:20.649Z] [INFO   ] 2025-11-01T20:16:20.649Z [DEBUG] [Middleware] Username check: {"path":"/workflows/builder/6067e3f6-3170-4823-944c-2e5817cd04af","userId":"a3e3a51a-175c-4b59-ad03-227ba12a18b0","provider":"email","role":"free","username":"nstoddard17","hasUsername":true,"isBetaTester":false,"isNewBetaUser":false,"accountAge":13461493250}
[2025-11-01T20:16:20.863Z] [INFO   ] 2025-11-01T20:16:20.863Z [DEBUG] [Username Check] {"userId":"a3e3a51a-175c-4b59-ad03-227ba12a18b0","hasEmail":true,"provider":"email","hasUsername":true,"isGoogleUser":false}
[2025-11-01T20:17:22.886Z] [INFO   ]  [32m[1m✓[22m[39m Compiled in 1294ms (5741 modules)
[2025-11-01T20:17:22.965Z] [WARN   ]  [33m[1m⚠[22m[39m Fast Refresh had to perform a full reload due to a runtime error.
[2025-11-01T20:17:23.176Z] [INFO   ] 2025-11-01T20:17:23.176Z [DEBUG] [Middleware] Username check: {"path":"/workflows/builder/6067e3f6-3170-4823-944c-2e5817cd04af","userId":"a3e3a51a-175c-4b59-ad03-227ba12a18b0","provider":"email","role":"free","username":"nstoddard17","hasUsername":true,"isBetaTester":false,"isNewBetaUser":false,"accountAge":13461555777}
[2025-11-01T20:17:23.410Z] [INFO   ] 2025-11-01T20:17:23.410Z [DEBUG] [Username Check] {"userId":"a3e3a51a-175c-4b59-ad03-227ba12a18b0","hasEmail":true,"provider":"email","hasUsername":true,"isGoogleUser":false}
[2025-11-01T20:17:23.416Z] [INFO   ] 2025-11-01T20:17:23.416Z [DEBUG] [Middleware] Username check: {"path":"/workflows/builder/6067e3f6-3170-4823-944c-2e5817cd04af","userId":"a3e3a51a-175c-4b59-ad03-227ba12a18b0","provider":"email","role":"free","username":"nstoddard17","hasUsername":true,"isBetaTester":false,"isNewBetaUser":false,"accountAge":13461556017}
[2025-11-01T20:17:23.553Z] [INFO   ] 2025-11-01T20:17:23.553Z [DEBUG] 💧 [AUTH] Rehydrating auth state from storage {"hasState":true,"hasUser":false,"initialized":false,"timestamp":"2025-11-01T20:17:23.553Z"}
[2025-11-01T20:17:23.559Z] [INFO   ] 2025-11-01T20:17:23.559Z [DEBUG] 💧 [AUTH] State hydrated and reset {"hasUser":false,"initialized":false,"timestamp":"2025-11-01T20:17:23.559Z"}
[2025-11-01T20:17:23.559Z] [INFO   ] 2025-11-01T20:17:23.559Z [DEBUG] ⏭️ [AUTH] Skipping initialization {"hasState":true,"alreadyInitialized":false,"isClient":false,"timestamp":"2025-11-01T20:17:23.559Z"}
[2025-11-01T20:17:23.943Z] [INFO   ] 2025-11-01T20:17:23.943Z [DEBUG] [Username Check] {"userId":"a3e3a51a-175c-4b59-ad03-227ba12a18b0","hasEmail":true,"provider":"email","hasUsername":true,"isGoogleUser":false}
[2025-11-01T20:17:25.146Z] [INFO   ]  [37m[1m○[22m[39m Compiling /api/presence/count ...
[2025-11-01T20:17:25.204Z] [INFO   ]  [32m[1m✓[22m[39m Compiled /api/integrations/available in 615ms (4392 modules)
[2025-11-01T20:17:25.726Z] [INFO   ] 2025-11-01T20:17:25.726Z [DEBUG] [Middleware] Username check: {"path":"/workflows/v2/api/flows/6067e3f6-3170-4823-944c-2e5817cd04af/revisions","userId":"a3e3a51a-175c-4b59-ad03-227ba12a18b0","provider":"email","role":"free","username":"nstoddard17","hasUsername":true,"isBetaTester":false,"isNewBetaUser":false,"accountAge":13461558327}
[2025-11-01T20:17:25.754Z] [INFO   ]  [32m[1m✓[22m[39m Compiled /api/workflows in 1ms (4397 modules)
[2025-11-01T20:17:26.065Z] [INFO   ]  [32m[1m✓[22m[39m Compiled /workflows/v2/api/flows/[flowId]/revisions in 0ms (4401 modules)
[2025-11-01T20:17:26.376Z] [INFO   ]  [32m[1m✓[22m[39m Compiled in 0ms (4403 modules)
[2025-11-01T20:17:26.760Z] [INFO   ]  [32m[1m✓[22m[39m Compiled in 0ms (4403 modules)
[2025-11-01T20:17:27.132Z] [INFO   ]  [32m[1m✓[22m[39m Compiled in 1ms (4403 modules)
[2025-11-01T20:17:27.160Z] [INFO   ] 2025-11-01T20:17:27.160Z [DEBUG] 📍 [API /api/integrations] GET request received {"timestamp":"2025-11-01T20:17:27.160Z","url":"http://localhost:3000/api/integrations?workspace_type=personal"}
[2025-11-01T20:17:27.283Z] [INFO   ] 2025-11-01T20:17:27.283Z [DEBUG] ✅ [API /api/integrations] User authenticated {"userId":"a3e3a51a-175c-4b59-ad03-227ba12a18b0"}
[2025-11-01T20:17:27.283Z] [INFO   ] 2025-11-01T20:17:27.283Z [DEBUG] 🏠 [API /api/integrations] Workspace context {"workspaceType":"personal","workspaceId":null}
[2025-11-01T20:17:27.305Z] [INFO   ] 2025-11-01T20:17:27.305Z [DEBUG] [API /api/workflows] GET request {"workspaceType":"personal","workspaceId":null,"userId":"a3e3a51a-175c-4b59-ad03-227ba12a18b0"}
[2025-11-01T20:17:27.477Z] [INFO   ] 2025-11-01T20:17:27.477Z [DEBUG] 📊 [API /api/integrations] Query result {"workspaceType":"personal","workspaceId":null,"count":14,"error":null}
[2025-11-01T20:17:27.477Z] [INFO   ] 2025-11-01T20:17:27.477Z [DEBUG] ✅ [API /api/integrations] Returning integrations {"count":14,"workspaceType":"personal"}
[2025-11-01T20:17:27.479Z] [INFO   ] 2025-11-01T20:17:27.479Z [DEBUG] [API /api/workflows] Query result {"workspaceType":"personal","count":13,"error":null}
[2025-11-01T20:17:27.487Z] [INFO   ]  [32m[1m✓[22m[39m Compiled in 0ms (4403 modules)
[2025-11-01T20:17:27.943Z] [INFO   ]  [32m[1m✓[22m[39m Compiled /icon.png in 0ms (4403 modules)
[2025-11-01T20:17:27.964Z] [INFO   ] 2025-11-01T20:17:27.964Z [DEBUG] 📍 [API /api/integrations] GET request received {"timestamp":"2025-11-01T20:17:27.964Z","url":"http://localhost:3000/api/integrations"}
[2025-11-01T20:17:28.098Z] [INFO   ] 2025-11-01T20:17:28.098Z [DEBUG] ✅ [API /api/integrations] User authenticated {"userId":"a3e3a51a-175c-4b59-ad03-227ba12a18b0"}
[2025-11-01T20:17:28.099Z] [INFO   ] 2025-11-01T20:17:28.099Z [DEBUG] 🏠 [API /api/integrations] Workspace context {"workspaceType":"personal","workspaceId":null}
[2025-11-01T20:17:28.104Z] [INFO   ] 2025-11-01T20:17:28.104Z [DEBUG] [Middleware] Username check: {"path":"/workflows/v2/api/flows/6067e3f6-3170-4823-944c-2e5817cd04af/revisions","userId":"a3e3a51a-175c-4b59-ad03-227ba12a18b0","provider":"email","role":"free","username":"nstoddard17","hasUsername":true,"isBetaTester":false,"isNewBetaUser":false,"accountAge":13461560705}
[2025-11-01T20:17:28.221Z] [INFO   ] 2025-11-01T20:17:28.221Z [DEBUG] 📊 [API /api/integrations] Query result {"workspaceType":"personal","workspaceId":null,"count":14,"error":null}
[2025-11-01T20:17:28.221Z] [INFO   ] 2025-11-01T20:17:28.221Z [DEBUG] ✅ [API /api/integrations] Returning integrations {"count":14,"workspaceType":"personal"}
[2025-11-01T20:17:28.375Z] [INFO   ] 2025-11-01T20:17:28.375Z [DEBUG] [Middleware] Username check: {"path":"/workflows/v2/api/flows/6067e3f6-3170-4823-944c-2e5817cd04af/revisions/4c335552-4a80-4101-8cc5-0e52a0055a06","userId":"a3e3a51a-175c-4b59-ad03-227ba12a18b0","provider":"email","role":"free","username":"nstoddard17","hasUsername":true,"isBetaTester":false,"isNewBetaUser":false,"accountAge":13461560976}
[2025-11-01T20:17:29.160Z] [INFO   ]  [37m[1m○[22m[39m Compiling /workflows/v2/api/flows/[flowId]/revisions/[revisionId] ...
[2025-11-01T20:17:29.174Z] [INFO   ]  [32m[1m✓[22m[39m Compiled /workflows/v2/api/flows/[flowId]/revisions/[revisionId] in 549ms (5762 modules)
[2025-11-01T20:17:29.372Z] [WARN   ]  [33m[1m⚠[22m[39m Fast Refresh had to perform a full reload due to a runtime error.
[2025-11-01T20:17:29.448Z] [INFO   ] 2025-11-01T20:17:29.447Z [DEBUG] [Middleware] Username check: {"path":"/workflows/builder/6067e3f6-3170-4823-944c-2e5817cd04af","userId":"a3e3a51a-175c-4b59-ad03-227ba12a18b0","provider":"email","role":"free","username":"nstoddard17","hasUsername":true,"isBetaTester":false,"isNewBetaUser":false,"accountAge":13461562048}
[2025-11-01T20:17:29.626Z] [INFO   ]  [32m[1m✓[22m[39m Compiled in 1ms (4407 modules)
[2025-11-01T20:17:29.692Z] [INFO   ] 2025-11-01T20:17:29.692Z [DEBUG] [Middleware] Username check: {"path":"/workflows/builder/6067e3f6-3170-4823-944c-2e5817cd04af","userId":"a3e3a51a-175c-4b59-ad03-227ba12a18b0","provider":"email","role":"free","username":"nstoddard17","hasUsername":true,"isBetaTester":false,"isNewBetaUser":false,"accountAge":13461562293}
[2025-11-01T20:17:30.022Z] [INFO   ] 2025-11-01T20:17:30.022Z [DEBUG] 📍 [API /api/integrations] GET request received {"timestamp":"2025-11-01T20:17:30.022Z","url":"http://localhost:3000/api/integrations"}
[2025-11-01T20:17:30.271Z] [INFO   ] 2025-11-01T20:17:30.271Z [DEBUG] 💧 [AUTH] Rehydrating auth state from storage {"hasState":true,"hasUser":false,"initialized":false,"timestamp":"2025-11-01T20:17:30.269Z"}
[2025-11-01T20:17:30.280Z] [INFO   ] 2025-11-01T20:17:30.280Z [DEBUG] 💧 [AUTH] State hydrated and reset {"hasUser":false,"initialized":false,"timestamp":"2025-11-01T20:17:30.280Z"}
[2025-11-01T20:17:30.281Z] [INFO   ] 2025-11-01T20:17:30.280Z [DEBUG] ⏭️ [AUTH] Skipping initialization {"hasState":true,"alreadyInitialized":false,"isClient":false,"timestamp":"2025-11-01T20:17:30.280Z"}
[2025-11-01T20:17:30.418Z] [INFO   ] 2025-11-01T20:17:30.417Z [DEBUG] [Username Check] {"userId":"a3e3a51a-175c-4b59-ad03-227ba12a18b0","hasEmail":true,"provider":"email","hasUsername":true,"isGoogleUser":false}
[2025-11-01T20:17:30.629Z] [INFO   ] 2025-11-01T20:17:30.628Z [DEBUG] ✅ [API /api/integrations] User authenticated {"userId":"a3e3a51a-175c-4b59-ad03-227ba12a18b0"}
[2025-11-01T20:17:30.629Z] [INFO   ] 2025-11-01T20:17:30.629Z [DEBUG] 🏠 [API /api/integrations] Workspace context {"workspaceType":"personal","workspaceId":null}
[2025-11-01T20:17:30.838Z] [INFO   ] 2025-11-01T20:17:30.838Z [DEBUG] 📊 [API /api/integrations] Query result {"workspaceType":"personal","workspaceId":null,"count":14,"error":null}
[2025-11-01T20:17:30.839Z] [INFO   ] 2025-11-01T20:17:30.839Z [DEBUG] ✅ [API /api/integrations] Returning integrations {"count":14,"workspaceType":"personal"}
[2025-11-01T20:17:30.980Z] [INFO   ] 2025-11-01T20:17:30.979Z [DEBUG] [Username Check] {"userId":"a3e3a51a-175c-4b59-ad03-227ba12a18b0","hasEmail":true,"provider":"email","hasUsername":true,"isGoogleUser":false}
[2025-11-01T20:17:32.496Z] [INFO   ] 2025-11-01T20:17:32.496Z [DEBUG] 📍 [API /api/integrations] GET request received {"timestamp":"2025-11-01T20:17:32.496Z","url":"http://localhost:3000/api/integrations?workspace_type=personal"}
[2025-11-01T20:17:32.684Z] [INFO   ] 2025-11-01T20:17:32.684Z [DEBUG] [Middleware] Username check: {"path":"/workflows/v2/api/flows/6067e3f6-3170-4823-944c-2e5817cd04af/revisions","userId":"a3e3a51a-175c-4b59-ad03-227ba12a18b0","provider":"email","role":"free","username":"nstoddard17","hasUsername":true,"isBetaTester":false,"isNewBetaUser":false,"accountAge":13461565285}
[2025-11-01T20:17:32.689Z] [INFO   ] 2025-11-01T20:17:32.689Z [DEBUG] 📍 [API /api/integrations] GET request received {"timestamp":"2025-11-01T20:17:32.689Z","url":"http://localhost:3000/api/integrations"}
[2025-11-01T20:17:32.716Z] [INFO   ] 2025-11-01T20:17:32.716Z [DEBUG] [API /api/workflows] GET request {"workspaceType":"personal","workspaceId":null,"userId":"a3e3a51a-175c-4b59-ad03-227ba12a18b0"}
[2025-11-01T20:17:32.747Z] [INFO   ] 2025-11-01T20:17:32.747Z [DEBUG] ✅ [API /api/integrations] User authenticated {"userId":"a3e3a51a-175c-4b59-ad03-227ba12a18b0"}
[2025-11-01T20:17:32.747Z] [INFO   ] 2025-11-01T20:17:32.747Z [DEBUG] 🏠 [API /api/integrations] Workspace context {"workspaceType":"personal","workspaceId":null}
[2025-11-01T20:17:32.773Z] [INFO   ] 2025-11-01T20:17:32.773Z [DEBUG] ✅ [API /api/integrations] User authenticated {"userId":"a3e3a51a-175c-4b59-ad03-227ba12a18b0"}
[2025-11-01T20:17:32.774Z] [INFO   ] 2025-11-01T20:17:32.774Z [DEBUG] 🏠 [API /api/integrations] Workspace context {"workspaceType":"personal","workspaceId":null}
[2025-11-01T20:17:32.810Z] [INFO   ] 2025-11-01T20:17:32.810Z [DEBUG] [API /api/workflows] Query result {"workspaceType":"personal","count":13,"error":null}
[2025-11-01T20:17:32.825Z] [INFO   ] 2025-11-01T20:17:32.825Z [DEBUG] 📊 [API /api/integrations] Query result {"workspaceType":"personal","workspaceId":null,"count":14,"error":null}
[2025-11-01T20:17:32.825Z] [INFO   ] 2025-11-01T20:17:32.825Z [DEBUG] ✅ [API /api/integrations] Returning integrations {"count":14,"workspaceType":"personal"}
[2025-11-01T20:17:32.857Z] [INFO   ] 2025-11-01T20:17:32.857Z [DEBUG] 📊 [API /api/integrations] Query result {"workspaceType":"personal","workspaceId":null,"count":14,"error":null}
[2025-11-01T20:17:32.857Z] [INFO   ] 2025-11-01T20:17:32.857Z [DEBUG] ✅ [API /api/integrations] Returning integrations {"count":14,"workspaceType":"personal"}
[2025-11-01T20:17:32.911Z] [INFO   ] 2025-11-01T20:17:32.911Z [DEBUG] 📍 [API /api/integrations] GET request received {"timestamp":"2025-11-01T20:17:32.911Z","url":"http://localhost:3000/api/integrations"}
[2025-11-01T20:17:32.995Z] [INFO   ] 2025-11-01T20:17:32.995Z [DEBUG] ✅ [API /api/integrations] User authenticated {"userId":"a3e3a51a-175c-4b59-ad03-227ba12a18b0"}
[2025-11-01T20:17:32.995Z] [INFO   ] 2025-11-01T20:17:32.995Z [DEBUG] 🏠 [API /api/integrations] Workspace context {"workspaceType":"personal","workspaceId":null}
[2025-11-01T20:17:33.086Z] [INFO   ] 2025-11-01T20:17:33.086Z [DEBUG] 📊 [API /api/integrations] Query result {"workspaceType":"personal","workspaceId":null,"count":14,"error":null}
[2025-11-01T20:17:33.087Z] [INFO   ] 2025-11-01T20:17:33.087Z [DEBUG] ✅ [API /api/integrations] Returning integrations {"count":14,"workspaceType":"personal"}
[2025-11-01T20:17:33.158Z] [INFO   ] 2025-11-01T20:17:33.158Z [DEBUG] [Middleware] Username check: {"path":"/workflows/v2/api/flows/6067e3f6-3170-4823-944c-2e5817cd04af/revisions","userId":"a3e3a51a-175c-4b59-ad03-227ba12a18b0","provider":"email","role":"free","username":"nstoddard17","hasUsername":true,"isBetaTester":false,"isNewBetaUser":false,"accountAge":13461565759}
[2025-11-01T20:17:33.165Z] [INFO   ] 2025-11-01T20:17:33.165Z [DEBUG] [Middleware] Username check: {"path":"/workflows/v2/api/flows/6067e3f6-3170-4823-944c-2e5817cd04af/revisions/4c335552-4a80-4101-8cc5-0e52a0055a06","userId":"a3e3a51a-175c-4b59-ad03-227ba12a18b0","provider":"email","role":"free","username":"nstoddard17","hasUsername":true,"isBetaTester":false,"isNewBetaUser":false,"accountAge":13461565766}
[2025-11-01T20:17:33.879Z] [INFO   ] 2025-11-01T20:17:33.879Z [DEBUG] [Middleware] Username check: {"path":"/workflows/v2/api/flows/6067e3f6-3170-4823-944c-2e5817cd04af/revisions/4c335552-4a80-4101-8cc5-0e52a0055a06","userId":"a3e3a51a-175c-4b59-ad03-227ba12a18b0","provider":"email","role":"free","username":"nstoddard17","hasUsername":true,"isBetaTester":false,"isNewBetaUser":false,"accountAge":13461566480}
[2025-11-01T20:17:34.154Z] [INFO   ]  [37m[1m○[22m[39m Compiling /api/workflows/[id]/chat ...
[2025-11-01T20:17:34.429Z] [INFO   ]  [32m[1m✓[22m[39m Compiled /api/workflows/[id]/chat in 820ms (4409 modules)
[2025-11-01T20:17:34.941Z] [INFO   ] 2025-11-01T20:17:34.941Z [DEBUG] 📍 [API /api/integrations] GET request received {"timestamp":"2025-11-01T20:17:34.941Z","url":"http://localhost:3000/api/integrations"}
[2025-11-01T20:17:35.062Z] [INFO   ] 2025-11-01T20:17:35.062Z [DEBUG] ✅ [API /api/integrations] User authenticated {"userId":"a3e3a51a-175c-4b59-ad03-227ba12a18b0"}
[2025-11-01T20:17:35.063Z] [INFO   ] 2025-11-01T20:17:35.062Z [DEBUG] 🏠 [API /api/integrations] Workspace context {"workspaceType":"personal","workspaceId":null}
[2025-11-01T20:17:35.150Z] [INFO   ] 2025-11-01T20:17:35.150Z [DEBUG] 📊 [API /api/integrations] Query result {"workspaceType":"personal","workspaceId":null,"count":14,"error":null}
[2025-11-01T20:17:35.150Z] [INFO   ] 2025-11-01T20:17:35.150Z [DEBUG] ✅ [API /api/integrations] Returning integrations {"count":14,"workspaceType":"personal"}
[2025-11-01T20:17:35.288Z] [INFO   ] 2025-11-01T20:17:35.288Z [DEBUG] 📍 [API /api/integrations] GET request received {"timestamp":"2025-11-01T20:17:35.288Z","url":"http://localhost:3000/api/integrations"}
[2025-11-01T20:17:35.380Z] [INFO   ] 2025-11-01T20:17:35.380Z [DEBUG] ✅ [API /api/integrations] User authenticated {"userId":"a3e3a51a-175c-4b59-ad03-227ba12a18b0"}
[2025-11-01T20:17:35.380Z] [INFO   ] 2025-11-01T20:17:35.380Z [DEBUG] 🏠 [API /api/integrations] Workspace context {"workspaceType":"personal","workspaceId":null}
[2025-11-01T20:17:35.457Z] [INFO   ] 2025-11-01T20:17:35.457Z [DEBUG] 📊 [API /api/integrations] Query result {"workspaceType":"personal","workspaceId":null,"count":14,"error":null}
[2025-11-01T20:17:35.457Z] [INFO   ] 2025-11-01T20:17:35.457Z [DEBUG] ✅ [API /api/integrations] Returning integrations {"count":14,"workspaceType":"personal"}
[2025-11-01T20:17:38.810Z] [INFO   ] 2025-11-01T20:17:38.810Z [DEBUG] [Middleware] Username check: {"path":"/workflows/v2/api/flows/6067e3f6-3170-4823-944c-2e5817cd04af/edits","userId":"a3e3a51a-175c-4b59-ad03-227ba12a18b0","provider":"email","role":"free","username":"nstoddard17","hasUsername":true,"isBetaTester":false,"isNewBetaUser":false,"accountAge":13461571411}
[2025-11-01T20:17:39.459Z] [INFO   ]  [37m[1m○[22m[39m Compiling /workflows/v2/api/flows/[flowId]/edits ...
[2025-11-01T20:17:39.504Z] [INFO   ]  [32m[1m✓[22m[39m Compiled /workflows/v2/api/flows/[flowId]/edits in 668ms (4664 modules)
[2025-11-01T20:18:17.735Z] [INFO   ]  [32m[1m✓[22m[39m Compiled in 1323ms (6021 modules)
[2025-11-01T20:18:18.021Z] [INFO   ] 2025-11-01T20:18:18.021Z [DEBUG] [Middleware] Username check: {"path":"/workflows/builder/6067e3f6-3170-4823-944c-2e5817cd04af","userId":"a3e3a51a-175c-4b59-ad03-227ba12a18b0","provider":"email","role":"free","username":"nstoddard17","hasUsername":true,"isBetaTester":false,"isNewBetaUser":false,"accountAge":13461610622}
[2025-11-01T20:18:18.197Z] [INFO   ] 2025-11-01T20:18:18.196Z [DEBUG] [Username Check] {"userId":"a3e3a51a-175c-4b59-ad03-227ba12a18b0","hasEmail":true,"provider":"email","hasUsername":true,"isGoogleUser":false}
[2025-11-01T20:18:22.706Z] [INFO   ]  [32m[1m✓[22m[39m Compiled in 1243ms (6034 modules)
[2025-11-01T20:18:22.951Z] [INFO   ] 2025-11-01T20:18:22.951Z [DEBUG] [Middleware] Username check: {"path":"/workflows/builder/6067e3f6-3170-4823-944c-2e5817cd04af","userId":"a3e3a51a-175c-4b59-ad03-227ba12a18b0","provider":"email","role":"free","username":"nstoddard17","hasUsername":true,"isBetaTester":false,"isNewBetaUser":false,"accountAge":13461615552}
[2025-11-01T20:18:23.255Z] [INFO   ] 2025-11-01T20:18:23.255Z [DEBUG] [Username Check] {"userId":"a3e3a51a-175c-4b59-ad03-227ba12a18b0","hasEmail":true,"provider":"email","hasUsername":true,"isGoogleUser":false}
[2025-11-01T20:18:27.701Z] [INFO   ]  [32m[1m✓[22m[39m Compiled in 1024ms (6034 modules)
[2025-11-01T20:18:27.920Z] [INFO   ] 2025-11-01T20:18:27.920Z [DEBUG] [Middleware] Username check: {"path":"/workflows/builder/6067e3f6-3170-4823-944c-2e5817cd04af","userId":"a3e3a51a-175c-4b59-ad03-227ba12a18b0","provider":"email","role":"free","username":"nstoddard17","hasUsername":true,"isBetaTester":false,"isNewBetaUser":false,"accountAge":13461620521}
[2025-11-01T20:18:28.070Z] [INFO   ] 2025-11-01T20:18:28.070Z [DEBUG] [Username Check] {"userId":"a3e3a51a-175c-4b59-ad03-227ba12a18b0","hasEmail":true,"provider":"email","hasUsername":true,"isGoogleUser":false}
[2025-11-01T21:47:14.915Z] [INFO   ] 2025-11-01T21:47:14.914Z [DEBUG] [Middleware] Username check: {"path":"/workflows/builder/6067e3f6-3170-4823-944c-2e5817cd04af","userId":"a3e3a51a-175c-4b59-ad03-227ba12a18b0","provider":"email","role":"free","username":"nstoddard17","hasUsername":true,"isBetaTester":false,"isNewBetaUser":false,"accountAge":13466947515}
[2025-11-01T21:47:15.196Z] [INFO   ] 2025-11-01T21:47:15.196Z [DEBUG] 💧 [AUTH] Rehydrating auth state from storage {"hasState":true,"hasUser":false,"initialized":false,"timestamp":"2025-11-01T21:47:15.196Z"}
[2025-11-01T21:47:15.211Z] [INFO   ] 2025-11-01T21:47:15.211Z [DEBUG] 💧 [AUTH] State hydrated and reset {"hasUser":false,"initialized":false,"timestamp":"2025-11-01T21:47:15.211Z"}
[2025-11-01T21:47:15.211Z] [INFO   ] 2025-11-01T21:47:15.211Z [DEBUG] ⏭️ [AUTH] Skipping initialization {"hasState":true,"alreadyInitialized":false,"isClient":false,"timestamp":"2025-11-01T21:47:15.211Z"}
[2025-11-01T21:47:15.525Z] [INFO   ] 2025-11-01T21:47:15.524Z [DEBUG] [Username Check] {"userId":"a3e3a51a-175c-4b59-ad03-227ba12a18b0","hasEmail":true,"provider":"email","hasUsername":true,"isGoogleUser":false}
[2025-11-01T21:47:17.114Z] [INFO   ] 2025-11-01T21:47:17.114Z [DEBUG] 📍 [API /api/integrations] GET request received {"timestamp":"2025-11-01T21:47:17.114Z","url":"http://localhost:3000/api/integrations?workspace_type=personal"}
[2025-11-01T21:47:17.246Z] [INFO   ] 2025-11-01T21:47:17.245Z [DEBUG] 📍 [API /api/integrations] GET request received {"timestamp":"2025-11-01T21:47:17.245Z","url":"http://localhost:3000/api/integrations"}
[2025-11-01T21:47:17.255Z] [INFO   ] 2025-11-01T21:47:17.255Z [DEBUG] [Middleware] Username check: {"path":"/workflows/v2/api/flows/6067e3f6-3170-4823-944c-2e5817cd04af/revisions","userId":"a3e3a51a-175c-4b59-ad03-227ba12a18b0","provider":"email","role":"free","username":"nstoddard17","hasUsername":true,"isBetaTester":false,"isNewBetaUser":false,"accountAge":13466949856}
[2025-11-01T21:47:17.257Z] [INFO   ] 2025-11-01T21:47:17.257Z [DEBUG] ✅ [API /api/integrations] User authenticated {"userId":"a3e3a51a-175c-4b59-ad03-227ba12a18b0"}
[2025-11-01T21:47:17.257Z] [INFO   ] 2025-11-01T21:47:17.257Z [DEBUG] 🏠 [API /api/integrations] Workspace context {"workspaceType":"personal","workspaceId":null}
[2025-11-01T21:47:17.329Z] [INFO   ] 2025-11-01T21:47:17.329Z [DEBUG] [API /api/workflows] GET request {"workspaceType":"personal","workspaceId":null,"userId":"a3e3a51a-175c-4b59-ad03-227ba12a18b0"}
[2025-11-01T21:47:17.349Z] [INFO   ] 2025-11-01T21:47:17.349Z [DEBUG] 📊 [API /api/integrations] Query result {"workspaceType":"personal","workspaceId":null,"count":14,"error":null}
[2025-11-01T21:47:17.350Z] [INFO   ] 2025-11-01T21:47:17.350Z [DEBUG] ✅ [API /api/integrations] Returning integrations {"count":14,"workspaceType":"personal"}
[2025-11-01T21:47:17.386Z] [INFO   ] 2025-11-01T21:47:17.386Z [DEBUG] ✅ [API /api/integrations] User authenticated {"userId":"a3e3a51a-175c-4b59-ad03-227ba12a18b0"}
[2025-11-01T21:47:17.386Z] [INFO   ] 2025-11-01T21:47:17.386Z [DEBUG] 🏠 [API /api/integrations] Workspace context {"workspaceType":"personal","workspaceId":null}
[2025-11-01T21:47:17.476Z] [INFO   ] 2025-11-01T21:47:17.476Z [DEBUG] 📊 [API /api/integrations] Query result {"workspaceType":"personal","workspaceId":null,"count":14,"error":null}
[2025-11-01T21:47:17.476Z] [INFO   ] 2025-11-01T21:47:17.476Z [DEBUG] ✅ [API /api/integrations] Returning integrations {"count":14,"workspaceType":"personal"}
[2025-11-01T21:47:17.505Z] [INFO   ] 2025-11-01T21:47:17.505Z [DEBUG] [API /api/workflows] Query result {"workspaceType":"personal","count":13,"error":null}
[2025-11-01T21:47:17.538Z] [INFO   ] 2025-11-01T21:47:17.538Z [DEBUG] 📍 [API /api/integrations] GET request received {"timestamp":"2025-11-01T21:47:17.538Z","url":"http://localhost:3000/api/integrations"}
[2025-11-01T21:47:17.608Z] [INFO   ] 2025-11-01T21:47:17.608Z [DEBUG] ✅ [API /api/integrations] User authenticated {"userId":"a3e3a51a-175c-4b59-ad03-227ba12a18b0"}
[2025-11-01T21:47:17.609Z] [INFO   ] 2025-11-01T21:47:17.609Z [DEBUG] 🏠 [API /api/integrations] Workspace context {"workspaceType":"personal","workspaceId":null}
[2025-11-01T21:47:17.693Z] [INFO   ] 2025-11-01T21:47:17.693Z [DEBUG] 📊 [API /api/integrations] Query result {"workspaceType":"personal","workspaceId":null,"count":14,"error":null}
[2025-11-01T21:47:17.693Z] [INFO   ] 2025-11-01T21:47:17.693Z [DEBUG] ✅ [API /api/integrations] Returning integrations {"count":14,"workspaceType":"personal"}
[2025-11-01T21:47:17.762Z] [INFO   ] 2025-11-01T21:47:17.762Z [DEBUG] [Middleware] Username check: {"path":"/workflows/v2/api/flows/6067e3f6-3170-4823-944c-2e5817cd04af/revisions/4c335552-4a80-4101-8cc5-0e52a0055a06","userId":"a3e3a51a-175c-4b59-ad03-227ba12a18b0","provider":"email","role":"free","username":"nstoddard17","hasUsername":true,"isBetaTester":false,"isNewBetaUser":false,"accountAge":13466950363}
[2025-11-01T21:47:17.816Z] [INFO   ] 2025-11-01T21:47:17.815Z [DEBUG] [Middleware] Username check: {"path":"/workflows/v2/api/flows/6067e3f6-3170-4823-944c-2e5817cd04af/revisions","userId":"a3e3a51a-175c-4b59-ad03-227ba12a18b0","provider":"email","role":"free","username":"nstoddard17","hasUsername":true,"isBetaTester":false,"isNewBetaUser":false,"accountAge":13466950416}
[2025-11-01T21:47:18.323Z] [INFO   ] 2025-11-01T21:47:18.323Z [DEBUG] 📍 [API /api/integrations] GET request received {"timestamp":"2025-11-01T21:47:18.323Z","url":"http://localhost:3000/api/integrations"}
[2025-11-01T21:47:18.382Z] [INFO   ] 2025-11-01T21:47:18.382Z [DEBUG] [Middleware] Username check: {"path":"/workflows/v2/api/flows/6067e3f6-3170-4823-944c-2e5817cd04af/revisions/4c335552-4a80-4101-8cc5-0e52a0055a06","userId":"a3e3a51a-175c-4b59-ad03-227ba12a18b0","provider":"email","role":"free","username":"nstoddard17","hasUsername":true,"isBetaTester":false,"isNewBetaUser":false,"accountAge":13466950983}
[2025-11-01T21:47:18.416Z] [INFO   ] 2025-11-01T21:47:18.416Z [DEBUG] ✅ [API /api/integrations] User authenticated {"userId":"a3e3a51a-175c-4b59-ad03-227ba12a18b0"}
[2025-11-01T21:47:18.416Z] [INFO   ] 2025-11-01T21:47:18.416Z [DEBUG] 🏠 [API /api/integrations] Workspace context {"workspaceType":"personal","workspaceId":null}
[2025-11-01T21:47:18.490Z] [INFO   ] 2025-11-01T21:47:18.490Z [DEBUG] 📊 [API /api/integrations] Query result {"workspaceType":"personal","workspaceId":null,"count":14,"error":null}
[2025-11-01T21:47:18.491Z] [INFO   ] 2025-11-01T21:47:18.491Z [DEBUG] ✅ [API /api/integrations] Returning integrations {"count":14,"workspaceType":"personal"}
[2025-11-01T21:47:18.550Z] [INFO   ] 2025-11-01T21:47:18.550Z [DEBUG] 📍 [API /api/integrations] GET request received {"timestamp":"2025-11-01T21:47:18.550Z","url":"http://localhost:3000/api/integrations"}
[2025-11-01T21:47:18.636Z] [INFO   ] 2025-11-01T21:47:18.635Z [DEBUG] ✅ [API /api/integrations] User authenticated {"userId":"a3e3a51a-175c-4b59-ad03-227ba12a18b0"}
[2025-11-01T21:47:18.636Z] [INFO   ] 2025-11-01T21:47:18.636Z [DEBUG] 🏠 [API /api/integrations] Workspace context {"workspaceType":"personal","workspaceId":null}
[2025-11-01T21:47:18.715Z] [INFO   ] 2025-11-01T21:47:18.715Z [DEBUG] 📊 [API /api/integrations] Query result {"workspaceType":"personal","workspaceId":null,"count":14,"error":null}
[2025-11-01T21:47:18.716Z] [INFO   ] 2025-11-01T21:47:18.716Z [DEBUG] ✅ [API /api/integrations] Returning integrations {"count":14,"workspaceType":"personal"}
[2025-11-01T21:47:19.216Z] [INFO   ] 2025-11-01T21:47:19.216Z [DEBUG] [Middleware] Username check: {"path":"/workflows/ai-agent","userId":"a3e3a51a-175c-4b59-ad03-227ba12a18b0","provider":"email","role":"free","username":"nstoddard17","hasUsername":true,"isBetaTester":false,"isNewBetaUser":false,"accountAge":13466951817}
[2025-11-01T21:47:19.509Z] [INFO   ] 2025-11-01T21:47:19.509Z [DEBUG] [Username Check] {"userId":"a3e3a51a-175c-4b59-ad03-227ba12a18b0","hasEmail":true,"provider":"email","hasUsername":true,"isGoogleUser":false}
[2025-11-01T21:47:23.019Z] [INFO   ] 2025-11-01T21:47:23.019Z [DEBUG] 📍 [API /api/integrations] GET request received {"timestamp":"2025-11-01T21:47:23.019Z","url":"http://localhost:3000/api/integrations?workspace_type=personal"}
[2025-11-01T21:47:23.087Z] [INFO   ] 2025-11-01T21:47:23.087Z [DEBUG] ✅ [API /api/integrations] User authenticated {"userId":"a3e3a51a-175c-4b59-ad03-227ba12a18b0"}
[2025-11-01T21:47:23.088Z] [INFO   ] 2025-11-01T21:47:23.088Z [DEBUG] 🏠 [API /api/integrations] Workspace context {"workspaceType":"personal","workspaceId":null}
[2025-11-01T21:47:23.157Z] [INFO   ] 2025-11-01T21:47:23.157Z [DEBUG] 📊 [API /api/integrations] Query result {"workspaceType":"personal","workspaceId":null,"count":14,"error":null}
[2025-11-01T21:47:23.157Z] [INFO   ] 2025-11-01T21:47:23.157Z [DEBUG] ✅ [API /api/integrations] Returning integrations {"count":14,"workspaceType":"personal"}

=== Log Session Ended: 2025-11-01T21:47:26.029Z ===
