=== Log Session Started: 2025-11-02T19:50:05.332Z ===
Node Version: v23.7.0
Platform: darwin
Working Directory: /Users/nathanielstoddard/chainreact-app/chainreact-app-9e
================================================================================

[2025-11-02T19:50:05.332Z] [INFO   ] File logging initialized
[2025-11-02T19:50:05.332Z] [INFO   ] Log file: /Users/nathanielstoddard/chainreact-app/chainreact-app-9e/logs/workflow_2025-11-02_13-50-05.log
[2025-11-02T19:50:05.334Z] [INFO   ] 📁 File logging enabled
[2025-11-02T19:50:05.334Z] [INFO   ] 📝 Logs will be written to: /Users/nathanielstoddard/chainreact-app/chainreact-app-9e/logs/workflow_2025-11-02_13-50-05.log
[2025-11-02T19:50:05.334Z] [INFO   ] 💡 To view logs in real-time: tail -f /Users/nathanielstoddard/chainreact-app/chainreact-app-9e/logs/workflow_2025-11-02_13-50-05.log
[2025-11-02T19:50:05.334Z] [INFO   ] 💡 To view all logs: cat /Users/nathanielstoddard/chainreact-app/chainreact-app-9e/logs/workflow_2025-11-02_13-50-05.log
[2025-11-02T19:50:05.334Z] [INFO   ] 💡 To share logs: Copy the file at /Users/nathanielstoddard/chainreact-app/chainreact-app-9e/logs/workflow_2025-11-02_13-50-05.log
[2025-11-02T19:50:05.335Z] [INFO   ] --------------------------------------------------------------------------------
[2025-11-02T19:50:05.335Z] [DEBUG  ] 📁 File logging system initialized
[2025-11-02T19:50:05.354Z] [INFO   ]  [32m[1m✓[22m[39m Ready in 3.5s
[2025-11-02T19:50:05.522Z] [INFO   ]  [32m[1m✓[22m[39m Compiled /middleware in 163ms (233 modules)
[2025-11-02T19:50:05.794Z] [INFO   ] 2025-11-02T19:50:05.794Z [DEBUG] [Middleware] Username check: {"path":"/workflows/ai-agent","userId":"a3e3a51a-175c-4b59-ad03-227ba12a18b0","provider":"email","role":"free","username":"nstoddard17","hasUsername":true,"isBetaTester":false,"isNewBetaUser":false,"accountAge":13546318395}
[2025-11-02T19:50:06.316Z] [INFO   ]  [37m[1m○[22m[39m Compiling /workflows/ai-agent ...
[2025-11-02T19:50:06.338Z] [INFO   ] 2025-11-02T19:50:06.338Z [DEBUG] 🤖 Discord bot configured, initializing gateway connection in background...
[2025-11-02T19:50:08.551Z] [INFO   ] 2025-11-02T19:50:08.551Z [DEBUG] Initializing Discord Gateway connection (singleton)...
[2025-11-02T19:50:08.551Z] [INFO   ] 2025-11-02T19:50:08.551Z [DEBUG] 🔑 Discord bot token loaded
[2025-11-02T19:50:09.085Z] [INFO   ] 2025-11-02T19:50:09.085Z [DEBUG] Discord Gateway initialization complete
[2025-11-02T19:50:09.086Z] [INFO   ] 2025-11-02T19:50:09.086Z [DEBUG] ✅ Discord bot gateway connection initialized
[2025-11-02T19:50:09.311Z] [INFO   ] 2025-11-02T19:50:09.311Z [DEBUG] Discord Gateway WebSocket connection established
[2025-11-02T19:50:09.312Z] [INFO   ] 2025-11-02T19:50:09.312Z [DEBUG] 🔑 Sending identify with intents: {"GUILDS":true,"GUILD_MEMBERS":true,"GUILD_INVITES":true,"GUILD_MESSAGES":true,"MESSAGE_CONTENT":true,"intentsValue":33347}
[2025-11-02T19:50:09.464Z] [INFO   ] 2025-11-02T19:50:09.463Z [DEBUG] 🎉 Discord bot ready! {"sessionId":"a41518424d369dbc082c71dc297f12ba","username":"ChainReact-Bot","userId":"1378595955212812308","guildCount":2}
[2025-11-02T19:50:09.464Z] [INFO   ] 2025-11-02T19:50:09.464Z [DEBUG] 📋 Initializing invite cache...
[2025-11-02T19:50:09.465Z] [INFO   ] 2025-11-02T19:50:09.465Z [DEBUG] 📡 Discord event received: GUILD_CREATE
[2025-11-02T19:50:09.475Z] [INFO   ] 2025-11-02T19:50:09.475Z [DEBUG] 📡 Discord event received: GUILD_CREATE
[2025-11-02T19:50:10.518Z] [INFO   ] 2025-11-02T19:50:10.518Z [DEBUG] ✅ Cached 3 invites for guild 1378950884045623406
[2025-11-02T19:50:12.301Z] [INFO   ]  [32m[1m✓[22m[39m Compiled /workflows/ai-agent in 6.5s (4385 modules)
[2025-11-02T19:50:12.747Z] [INFO   ] 2025-11-02T19:50:12.747Z [DEBUG] 💧 [AUTH] Rehydrating auth state from storage {"hasState":true,"hasUser":false,"initialized":false,"timestamp":"2025-11-02T19:50:12.747Z"}
[2025-11-02T19:50:12.752Z] [INFO   ] 2025-11-02T19:50:12.752Z [DEBUG] 💧 [AUTH] State hydrated and reset {"hasUser":false,"initialized":false,"timestamp":"2025-11-02T19:50:12.752Z"}
[2025-11-02T19:50:12.752Z] [INFO   ] 2025-11-02T19:50:12.752Z [DEBUG] ⏭️ [AUTH] Skipping initialization {"hasState":true,"alreadyInitialized":false,"isClient":false,"timestamp":"2025-11-02T19:50:12.752Z"}
[2025-11-02T19:50:13.306Z] [INFO   ]  [32m[1m✓[22m[39m Compiled in 987ms (712 modules)
[2025-11-02T19:50:13.415Z] [INFO   ] 2025-11-02T19:50:13.414Z [DEBUG] [Username Check] {"userId":"a3e3a51a-175c-4b59-ad03-227ba12a18b0","hasEmail":true,"provider":"email","hasUsername":true,"isGoogleUser":false}
[2025-11-02T19:50:14.211Z] [INFO   ]  [37m[1m○[22m[39m Compiling /api/auth/profile ...
[2025-11-02T19:50:14.894Z] [INFO   ]  [32m[1m✓[22m[39m Compiled /api/auth/profile in 1184ms (3689 modules)
[2025-11-02T19:50:15.458Z] [INFO   ]  [32m[1m✓[22m[39m Compiled in 424ms (698 modules)
[2025-11-02T19:50:19.633Z] [INFO   ]  [32m[1m✓[22m[39m Compiled /api/integrations in 294ms (4396 modules)
[2025-11-02T19:50:19.720Z] [INFO   ] 2025-11-02T19:50:19.720Z [DEBUG] 📍 [API /api/integrations] GET request received {"timestamp":"2025-11-02T19:50:19.720Z","url":"http://localhost:3000/api/integrations?workspace_type=personal"}
[2025-11-02T19:50:19.809Z] [INFO   ] 2025-11-02T19:50:19.809Z [DEBUG] ✅ [API /api/integrations] User authenticated {"userId":"a3e3a51a-175c-4b59-ad03-227ba12a18b0"}
[2025-11-02T19:50:19.809Z] [INFO   ] 2025-11-02T19:50:19.809Z [DEBUG] 🏠 [API /api/integrations] Workspace context {"workspaceType":"personal","workspaceId":null}
[2025-11-02T19:50:19.915Z] [INFO   ] 2025-11-02T19:50:19.915Z [DEBUG] 📊 [API /api/integrations] Query result {"workspaceType":"personal","workspaceId":null,"count":14,"error":null}
[2025-11-02T19:50:19.916Z] [INFO   ] 2025-11-02T19:50:19.916Z [DEBUG] ✅ [API /api/integrations] Returning integrations {"count":14,"workspaceType":"personal"}
[2025-11-02T20:09:01.660Z] [INFO   ] 2025-11-02T20:09:01.660Z [DEBUG] [Middleware] Username check: {"path":"/workflows/v2/api/flows","userId":"a3e3a51a-175c-4b59-ad03-227ba12a18b0","provider":"email","role":"free","username":"nstoddard17","hasUsername":true,"isBetaTester":false,"isNewBetaUser":false,"accountAge":13547454261}
[2025-11-02T20:09:02.225Z] [INFO   ]  [37m[1m○[22m[39m Compiling /workflows/v2/api/flows ...
[2025-11-02T20:09:02.821Z] [INFO   ]  [32m[1m✓[22m[39m Compiled /workflows/v2/api/flows in 1097ms (4440 modules)
[2025-11-02T20:09:03.567Z] [INFO   ] 2025-11-02T20:09:03.567Z [DEBUG] [Middleware] Username check: {"path":"/workflows/builder/867d7f6d-d296-4c29-b25f-2e5616d29901","userId":"a3e3a51a-175c-4b59-ad03-227ba12a18b0","provider":"email","role":"free","username":"nstoddard17","hasUsername":true,"isBetaTester":false,"isNewBetaUser":false,"accountAge":13547456168}
[2025-11-02T20:09:04.104Z] [INFO   ]  [37m[1m○[22m[39m Compiling /workflows/builder/[id] ...
[2025-11-02T20:09:05.216Z] [INFO   ]  [32m[1m✓[22m[39m Compiled /workflows/builder/[id] in 1612ms (5737 modules)
[2025-11-02T20:09:06.230Z] [INFO   ] 2025-11-02T20:09:06.229Z [DEBUG] [Username Check] {"userId":"a3e3a51a-175c-4b59-ad03-227ba12a18b0","hasEmail":true,"provider":"email","hasUsername":true,"isGoogleUser":false}
[2025-11-02T20:09:06.891Z] [INFO   ] 2025-11-02T20:09:06.890Z [DEBUG] [Middleware] Username check: {"path":"/workflows/v2/api/flows/867d7f6d-d296-4c29-b25f-2e5616d29901/revisions","userId":"a3e3a51a-175c-4b59-ad03-227ba12a18b0","provider":"email","role":"free","username":"nstoddard17","hasUsername":true,"isBetaTester":false,"isNewBetaUser":false,"accountAge":13547459491}
[2025-11-02T20:09:07.207Z] [INFO   ]  [37m[1m○[22m[39m Compiling /workflows/v2/api/flows/[flowId]/revisions ...
[2025-11-02T20:09:07.668Z] [INFO   ]  [32m[1m✓[22m[39m Compiled /workflows/v2/api/flows/[flowId]/revisions in 1000ms (5743 modules)
[2025-11-02T20:09:08.305Z] [INFO   ]  [32m[1m✓[22m[39m Compiled /api/integrations in 446ms (4400 modules)
[2025-11-02T20:09:08.449Z] [INFO   ] 2025-11-02T20:09:08.449Z [DEBUG] 📍 [API /api/integrations] GET request received {"timestamp":"2025-11-02T20:09:08.449Z","url":"http://localhost:3000/api/integrations"}
[2025-11-02T20:09:08.586Z] [INFO   ] 2025-11-02T20:09:08.586Z [DEBUG] ✅ [API /api/integrations] User authenticated {"userId":"a3e3a51a-175c-4b59-ad03-227ba12a18b0"}
[2025-11-02T20:09:08.586Z] [INFO   ] 2025-11-02T20:09:08.586Z [DEBUG] 🏠 [API /api/integrations] Workspace context {"workspaceType":"personal","workspaceId":null}
[2025-11-02T20:09:08.675Z] [INFO   ] 2025-11-02T20:09:08.675Z [DEBUG] [Middleware] Username check: {"path":"/workflows/v2/api/flows/867d7f6d-d296-4c29-b25f-2e5616d29901/revisions","userId":"a3e3a51a-175c-4b59-ad03-227ba12a18b0","provider":"email","role":"free","username":"nstoddard17","hasUsername":true,"isBetaTester":false,"isNewBetaUser":false,"accountAge":13547461276}
[2025-11-02T20:09:08.719Z] [INFO   ] 2025-11-02T20:09:08.719Z [DEBUG] [Middleware] Username check: {"path":"/workflows/v2/api/flows/867d7f6d-d296-4c29-b25f-2e5616d29901/revisions/c4766f02-f1af-47c0-ac3e-a956c32007ef","userId":"a3e3a51a-175c-4b59-ad03-227ba12a18b0","provider":"email","role":"free","username":"nstoddard17","hasUsername":true,"isBetaTester":false,"isNewBetaUser":false,"accountAge":13547461320}
[2025-11-02T20:09:08.766Z] [INFO   ] 2025-11-02T20:09:08.766Z [DEBUG] 📊 [API /api/integrations] Query result {"workspaceType":"personal","workspaceId":null,"count":14,"error":null}
[2025-11-02T20:09:08.767Z] [INFO   ] 2025-11-02T20:09:08.766Z [DEBUG] ✅ [API /api/integrations] Returning integrations {"count":14,"workspaceType":"personal"}
[2025-11-02T20:09:09.269Z] [INFO   ]  [37m[1m○[22m[39m Compiling /workflows/v2/api/flows/[flowId]/revisions/[revisionId] ...
[2025-11-02T20:09:09.488Z] [INFO   ]  [32m[1m✓[22m[39m Compiled /workflows/v2/api/flows/[flowId]/revisions/[revisionId] in 719ms (5747 modules)
[2025-11-02T20:09:09.580Z] [INFO   ] 2025-11-02T20:09:09.580Z [DEBUG] 📍 [API /api/integrations] GET request received {"timestamp":"2025-11-02T20:09:09.580Z","url":"http://localhost:3000/api/integrations"}
[2025-11-02T20:09:09.670Z] [INFO   ] 2025-11-02T20:09:09.670Z [DEBUG] ✅ [API /api/integrations] User authenticated {"userId":"a3e3a51a-175c-4b59-ad03-227ba12a18b0"}
[2025-11-02T20:09:09.671Z] [INFO   ] 2025-11-02T20:09:09.671Z [DEBUG] 🏠 [API /api/integrations] Workspace context {"workspaceType":"personal","workspaceId":null}
[2025-11-02T20:09:09.774Z] [INFO   ] 2025-11-02T20:09:09.774Z [DEBUG] 📊 [API /api/integrations] Query result {"workspaceType":"personal","workspaceId":null,"count":14,"error":null}
[2025-11-02T20:09:09.774Z] [INFO   ] 2025-11-02T20:09:09.774Z [DEBUG] ✅ [API /api/integrations] Returning integrations {"count":14,"workspaceType":"personal"}
[2025-11-02T20:09:10.283Z] [INFO   ] 2025-11-02T20:09:10.283Z [DEBUG] [Middleware] Username check: {"path":"/workflows/v2/api/flows/867d7f6d-d296-4c29-b25f-2e5616d29901/revisions/c4766f02-f1af-47c0-ac3e-a956c32007ef","userId":"a3e3a51a-175c-4b59-ad03-227ba12a18b0","provider":"email","role":"free","username":"nstoddard17","hasUsername":true,"isBetaTester":false,"isNewBetaUser":false,"accountAge":13547462884}
[2025-11-02T20:09:10.729Z] [INFO   ] 2025-11-02T20:09:10.728Z [DEBUG] [Middleware] Username check: {"path":"/workflows/v2/api/flows/867d7f6d-d296-4c29-b25f-2e5616d29901/edits","userId":"a3e3a51a-175c-4b59-ad03-227ba12a18b0","provider":"email","role":"free","username":"nstoddard17","hasUsername":true,"isBetaTester":false,"isNewBetaUser":false,"accountAge":13547463329}
[2025-11-02T20:09:10.935Z] [INFO   ]  [37m[1m○[22m[39m Compiling /workflows/v2/api/flows/[flowId]/edits ...
[2025-11-02T20:09:11.904Z] [INFO   ]  [32m[1m✓[22m[39m Compiled /workflows/v2/api/flows/[flowId]/edits in 1482ms (6005 modules)
[2025-11-02T20:09:12.015Z] [INFO   ] 2025-11-02T20:09:12.015Z [DEBUG] 📍 [API /api/integrations] GET request received {"timestamp":"2025-11-02T20:09:12.015Z","url":"http://localhost:3000/api/integrations"}
[2025-11-02T20:09:12.246Z] [INFO   ] 2025-11-02T20:09:12.246Z [DEBUG] ✅ [API /api/integrations] User authenticated {"userId":"a3e3a51a-175c-4b59-ad03-227ba12a18b0"}
[2025-11-02T20:09:12.246Z] [INFO   ] 2025-11-02T20:09:12.246Z [DEBUG] 🏠 [API /api/integrations] Workspace context {"workspaceType":"personal","workspaceId":null}
[2025-11-02T20:09:12.334Z] [INFO   ] 2025-11-02T20:09:12.334Z [DEBUG] 📊 [API /api/integrations] Query result {"workspaceType":"personal","workspaceId":null,"count":14,"error":null}
[2025-11-02T20:09:12.334Z] [INFO   ] 2025-11-02T20:09:12.334Z [DEBUG] ✅ [API /api/integrations] Returning integrations {"count":14,"workspaceType":"personal"}
[2025-11-02T20:09:12.392Z] [INFO   ] 2025-11-02T20:09:12.392Z [DEBUG] 📍 [API /api/integrations] GET request received {"timestamp":"2025-11-02T20:09:12.392Z","url":"http://localhost:3000/api/integrations"}
[2025-11-02T20:09:12.474Z] [INFO   ] 2025-11-02T20:09:12.474Z [DEBUG] ✅ [API /api/integrations] User authenticated {"userId":"a3e3a51a-175c-4b59-ad03-227ba12a18b0"}
[2025-11-02T20:09:12.474Z] [INFO   ] 2025-11-02T20:09:12.474Z [DEBUG] 🏠 [API /api/integrations] Workspace context {"workspaceType":"personal","workspaceId":null}
[2025-11-02T20:09:12.556Z] [INFO   ] 2025-11-02T20:09:12.556Z [DEBUG] 📊 [API /api/integrations] Query result {"workspaceType":"personal","workspaceId":null,"count":14,"error":null}
[2025-11-02T20:09:12.556Z] [INFO   ] 2025-11-02T20:09:12.556Z [DEBUG] ✅ [API /api/integrations] Returning integrations {"count":14,"workspaceType":"personal"}
[2025-11-02T20:10:14.961Z] [INFO   ]  [37m[1m○[22m[39m Compiling /api/presence/count ...
[2025-11-02T20:10:14.994Z] [INFO   ]  [32m[1m✓[22m[39m Compiled /api/presence/count in 647ms (4657 modules)
[2025-11-02T20:14:27.353Z] [INFO   ]  [32m[1m✓[22m[39m Compiled in 1140ms (1359 modules)
[2025-11-02T20:14:27.805Z] [INFO   ] 2025-11-02T20:14:27.804Z [DEBUG] [Middleware] Username check: {"path":"/workflows/builder/867d7f6d-d296-4c29-b25f-2e5616d29901","userId":"a3e3a51a-175c-4b59-ad03-227ba12a18b0","provider":"email","role":"free","username":"nstoddard17","hasUsername":true,"isBetaTester":false,"isNewBetaUser":false,"accountAge":13547780405}
[2025-11-02T20:14:28.029Z] [INFO   ] 2025-11-02T20:14:28.028Z [DEBUG] [Username Check] {"userId":"a3e3a51a-175c-4b59-ad03-227ba12a18b0","hasEmail":true,"provider":"email","hasUsername":true,"isGoogleUser":false}
[2025-11-02T20:18:43.616Z] [INFO   ]  [32m[1m✓[22m[39m Compiled in 1814ms (5745 modules)
[2025-11-02T20:18:43.875Z] [INFO   ] 2025-11-02T20:18:43.875Z [DEBUG] [Middleware] Username check: {"path":"/workflows/builder/867d7f6d-d296-4c29-b25f-2e5616d29901","userId":"a3e3a51a-175c-4b59-ad03-227ba12a18b0","provider":"email","role":"free","username":"nstoddard17","hasUsername":true,"isBetaTester":false,"isNewBetaUser":false,"accountAge":13548036476}
[2025-11-02T20:18:44.181Z] [INFO   ] 2025-11-02T20:18:44.181Z [DEBUG] [Username Check] {"userId":"a3e3a51a-175c-4b59-ad03-227ba12a18b0","hasEmail":true,"provider":"email","hasUsername":true,"isGoogleUser":false}
[2025-11-02T20:19:13.821Z] [INFO   ]  [32m[1m✓[22m[39m Compiled in 1043ms (5745 modules)
[2025-11-02T20:19:14.039Z] [INFO   ] 2025-11-02T20:19:14.039Z [DEBUG] [Middleware] Username check: {"path":"/workflows/builder/867d7f6d-d296-4c29-b25f-2e5616d29901","userId":"a3e3a51a-175c-4b59-ad03-227ba12a18b0","provider":"email","role":"free","username":"nstoddard17","hasUsername":true,"isBetaTester":false,"isNewBetaUser":false,"accountAge":13548066640}
[2025-11-02T20:19:14.295Z] [INFO   ] 2025-11-02T20:19:14.294Z [DEBUG] [Username Check] {"userId":"a3e3a51a-175c-4b59-ad03-227ba12a18b0","hasEmail":true,"provider":"email","hasUsername":true,"isGoogleUser":false}
[2025-11-02T20:19:34.644Z] [INFO   ]  [32m[1m✓[22m[39m Compiled in 766ms (5745 modules)
[2025-11-02T20:19:35.054Z] [INFO   ] 2025-11-02T20:19:35.054Z [DEBUG] [Middleware] Username check: {"path":"/workflows/builder/867d7f6d-d296-4c29-b25f-2e5616d29901","userId":"a3e3a51a-175c-4b59-ad03-227ba12a18b0","provider":"email","role":"free","username":"nstoddard17","hasUsername":true,"isBetaTester":false,"isNewBetaUser":false,"accountAge":13548087655}
[2025-11-02T20:19:35.252Z] [INFO   ] 2025-11-02T20:19:35.251Z [DEBUG] [Username Check] {"userId":"a3e3a51a-175c-4b59-ad03-227ba12a18b0","hasEmail":true,"provider":"email","hasUsername":true,"isGoogleUser":false}
[2025-11-02T20:19:59.963Z] [INFO   ]  [32m[1m✓[22m[39m Compiled in 594ms (1359 modules)
[2025-11-02T20:20:00.235Z] [INFO   ] 2025-11-02T20:20:00.234Z [DEBUG] [Middleware] Username check: {"path":"/workflows/builder/867d7f6d-d296-4c29-b25f-2e5616d29901","userId":"a3e3a51a-175c-4b59-ad03-227ba12a18b0","provider":"email","role":"free","username":"nstoddard17","hasUsername":true,"isBetaTester":false,"isNewBetaUser":false,"accountAge":13548112835}
[2025-11-02T20:20:00.307Z] [INFO   ] 2025-11-02T20:20:00.306Z [DEBUG] [Username Check] {"userId":"a3e3a51a-175c-4b59-ad03-227ba12a18b0","hasEmail":true,"provider":"email","hasUsername":true,"isGoogleUser":false}
[2025-11-02T20:20:14.674Z] [INFO   ]  [32m[1m✓[22m[39m Compiled /api/presence/count in 321ms (4392 modules)
[2025-11-02T20:20:51.022Z] [INFO   ] 2025-11-02T20:20:51.022Z [DEBUG] [Middleware] Username check: {"path":"/workflows/ai-agent","userId":"a3e3a51a-175c-4b59-ad03-227ba12a18b0","provider":"email","role":"free","username":"nstoddard17","hasUsername":true,"isBetaTester":false,"isNewBetaUser":false,"accountAge":13548163623}
[2025-11-02T20:20:51.534Z] [INFO   ] 2025-11-02T20:20:51.533Z [DEBUG] 💧 [AUTH] Rehydrating auth state from storage {"hasState":true,"hasUser":false,"initialized":false,"timestamp":"2025-11-02T20:20:51.533Z"}
[2025-11-02T20:20:51.537Z] [INFO   ] 2025-11-02T20:20:51.537Z [DEBUG] 💧 [AUTH] State hydrated and reset {"hasUser":false,"initialized":false,"timestamp":"2025-11-02T20:20:51.537Z"}
[2025-11-02T20:20:51.538Z] [INFO   ] 2025-11-02T20:20:51.538Z [DEBUG] ⏭️ [AUTH] Skipping initialization {"hasState":true,"alreadyInitialized":false,"isClient":false,"timestamp":"2025-11-02T20:20:51.538Z"}
[2025-11-02T20:20:51.886Z] [INFO   ] 2025-11-02T20:20:51.885Z [DEBUG] [Username Check] {"userId":"a3e3a51a-175c-4b59-ad03-227ba12a18b0","hasEmail":true,"provider":"email","hasUsername":true,"isGoogleUser":false}
[2025-11-02T20:20:53.084Z] [INFO   ]  [32m[1m✓[22m[39m Compiled /api/auth/profile in 465ms (4396 modules)

=== Log Session Ended: 2025-11-02T20:20:55.468Z ===
