=== Log Session Started: 2025-11-07T22:44:02.957Z ===
Node Version: v23.7.0
Platform: darwin
Working Directory: /Users/nathanielstoddard/chainreact-app/chainreact-app-9e
================================================================================

[2025-11-07T22:44:02.957Z] [INFO   ] File logging initialized
[2025-11-07T22:44:02.957Z] [INFO   ] Log file: /Users/nathanielstoddard/chainreact-app/chainreact-app-9e/logs/workflow_2025-11-07_16-44-02.log
[2025-11-07T22:44:02.960Z] [INFO   ] 📁 File logging enabled
[2025-11-07T22:44:02.960Z] [INFO   ] 📝 Logs will be written to: /Users/nathanielstoddard/chainreact-app/chainreact-app-9e/logs/workflow_2025-11-07_16-44-02.log
[2025-11-07T22:44:02.960Z] [INFO   ] 💡 To view logs in real-time: tail -f /Users/nathanielstoddard/chainreact-app/chainreact-app-9e/logs/workflow_2025-11-07_16-44-02.log
[2025-11-07T22:44:02.960Z] [INFO   ] 💡 To view all logs: cat /Users/nathanielstoddard/chainreact-app/chainreact-app-9e/logs/workflow_2025-11-07_16-44-02.log
[2025-11-07T22:44:02.960Z] [INFO   ] 💡 To share logs: Copy the file at /Users/nathanielstoddard/chainreact-app/chainreact-app-9e/logs/workflow_2025-11-07_16-44-02.log
[2025-11-07T22:44:02.960Z] [INFO   ] --------------------------------------------------------------------------------
[2025-11-07T22:44:02.960Z] [DEBUG  ] 📁 File logging system initialized
[2025-11-07T22:44:03.041Z] [INFO   ]  ✓ Ready in 7.7s
[2025-11-07T22:44:04.117Z] [INFO   ] 2025-11-07T22:44:04.117Z [DEBUG] 🤖 Discord bot configured, initializing gateway connection in background...
[2025-11-07T22:44:08.528Z] [INFO   ] 2025-11-07T22:44:08.527Z [DEBUG] Initializing Discord Gateway connection (singleton)...
[2025-11-07T22:44:08.528Z] [INFO   ] 2025-11-07T22:44:08.528Z [DEBUG] 🔑 Discord bot token loaded
[2025-11-07T22:44:09.334Z] [INFO   ] 2025-11-07T22:44:09.334Z [DEBUG] Discord Gateway initialization complete
[2025-11-07T22:44:09.336Z] [INFO   ] 2025-11-07T22:44:09.336Z [DEBUG] ✅ Discord bot gateway connection initialized
[2025-11-07T22:44:09.549Z] [INFO   ] 2025-11-07T22:44:09.549Z [DEBUG] Discord Gateway WebSocket connection established
[2025-11-07T22:44:09.549Z] [INFO   ] 2025-11-07T22:44:09.549Z [DEBUG] 🔑 Sending identify with intents: {"GUILDS":true,"GUILD_MEMBERS":true,"GUILD_INVITES":true,"GUILD_MESSAGES":true,"MESSAGE_CONTENT":true,"intentsValue":33347}
[2025-11-07T22:44:09.722Z] [INFO   ] 2025-11-07T22:44:09.722Z [DEBUG] 🎉 Discord bot ready! {"sessionId":"76de23defb877b17d0169513496f2e18","username":"ChainReact-Bot","userId":"1378595955212812308","guildCount":2}
[2025-11-07T22:44:09.723Z] [INFO   ] 2025-11-07T22:44:09.723Z [DEBUG] 📋 Initializing invite cache...
[2025-11-07T22:44:09.728Z] [INFO   ] 2025-11-07T22:44:09.728Z [DEBUG] 📡 Discord event received: GUILD_CREATE
[2025-11-07T22:44:09.744Z] [INFO   ] 2025-11-07T22:44:09.744Z [DEBUG] 📡 Discord event received: GUILD_CREATE
[2025-11-07T22:44:10.123Z] [INFO   ] 2025-11-07T22:44:10.123Z [DEBUG] ✅ Cached 3 invites for guild 1378950884045623406
[2025-11-07T22:48:26.927Z] [INFO   ]  ✓ Compiled in 2.8s (2688 modules)
[2025-11-07T22:49:43.944Z] [INFO   ]  ✓ Compiled in 1406ms (2688 modules)
[2025-11-07T22:50:07.281Z] [INFO   ]  ✓ Compiled in 1496ms (2688 modules)
[2025-11-07T22:54:40.637Z] [INFO   ]  ✓ Compiled in 840ms (2688 modules)
