=== Log Session Started: 2025-11-18T01:21:23.919Z ===
Node Version: v23.7.0
Platform: darwin
Working Directory: /Users/nathanielstoddard/chainreact-app/chainreact-app-9e
================================================================================

[2025-11-18T01:21:23.919Z] [INFO   ] File logging initialized
[2025-11-18T01:21:23.919Z] [INFO   ] Log file: /Users/nathanielstoddard/chainreact-app/chainreact-app-9e/logs/workflow_2025-11-17_19-21-23.log
[2025-11-18T01:21:23.921Z] [INFO   ] 📁 File logging enabled
[2025-11-18T01:21:23.921Z] [INFO   ] 📝 Logs will be written to: /Users/nathanielstoddard/chainreact-app/chainreact-app-9e/logs/workflow_2025-11-17_19-21-23.log
[2025-11-18T01:21:23.921Z] [INFO   ] 💡 To view logs in real-time: tail -f /Users/nathanielstoddard/chainreact-app/chainreact-app-9e/logs/workflow_2025-11-17_19-21-23.log
[2025-11-18T01:21:23.921Z] [INFO   ] 💡 To view all logs: cat /Users/nathanielstoddard/chainreact-app/chainreact-app-9e/logs/workflow_2025-11-17_19-21-23.log
[2025-11-18T01:21:23.921Z] [INFO   ] 💡 To share logs: Copy the file at /Users/nathanielstoddard/chainreact-app/chainreact-app-9e/logs/workflow_2025-11-17_19-21-23.log
[2025-11-18T01:21:23.921Z] [INFO   ] --------------------------------------------------------------------------------
[2025-11-18T01:21:23.921Z] [DEBUG  ] 📁 File logging system initialized
[2025-11-18T01:21:23.944Z] [INFO   ]  [32m[1m✓[22m[39m Ready in 3.4s
[2025-11-18T01:21:23.945Z] [WARN   ]  [33m[1m⚠[22m[39m Webpack is configured while Turbopack is not, which may cause problems.
[2025-11-18T01:21:23.945Z] [WARN   ]  [33m[1m⚠[22m[39m See instructions if you need to configure Turbopack:
  https://nextjs.org/docs/app/api-reference/next-config-js/turbopack

[2025-11-18T01:21:24.923Z] [INFO   ] 2025-11-18T01:21:24.923Z [DEBUG] 🤖 Discord bot configured, initializing gateway connection in background...
[2025-11-18T01:21:25.730Z] [WARN   ] 2025-11-18T01:21:25.729Z [WARN] ⚠️ Discord bot initialization skipped (non-critical): {}
[2025-11-18T01:21:26.254Z] [INFO   ]  [37m[1m○[22m[39m Compiling /node-design-showcase ...
[2025-11-18T01:21:29.386Z] [INFO   ]  [32m[1m✓[22m[39m Compiled /node-design-showcase in 3.6s
[2025-11-18T01:21:29.624Z] [INFO   ] 2025-11-18T01:21:29.624Z [DEBUG] 💧 [AUTH] Rehydrating auth state from storage {"hasState":true,"hasUser":false,"initialized":false,"timestamp":"2025-11-18T01:21:29.624Z"}
[2025-11-18T01:21:29.625Z] [INFO   ] 2025-11-18T01:21:29.625Z [DEBUG] 💧 [AUTH] State hydrated and reset {"hasUser":false,"initialized":false,"timestamp":"2025-11-18T01:21:29.625Z"}
[2025-11-18T01:21:29.626Z] [INFO   ] 2025-11-18T01:21:29.626Z [DEBUG] ⏭️ [AUTH] Skipping initialization {"hasState":true,"alreadyInitialized":false,"isClient":false,"timestamp":"2025-11-18T01:21:29.626Z"}
[2025-11-18T01:21:30.011Z] [WARN   ]  [33m[1m⚠[22m[39m ./node_modules/fstream/lib
Package [32mrimraf[39m can't be external
The request [32mrimraf[39m matches [32mserverExternalPackages[39m (or the default list).
The package resolves to a different version when requested from the project directory (3.0.2) compared to the package requested from the importing module (2.7.1).
Make sure to install the same version of the package in both locations.


[2025-11-18T01:21:47.720Z] [INFO   ] 2025-11-18T01:21:47.720Z [DEBUG] [Middleware] Username check: {"path":"/workflows/builder/0af4872c-1522-427b-959b-72ed2701ab25","userId":"a3e3a51a-175c-4b59-ad03-227ba12a18b0","provider":"email","role":"free","username":"nstoddard17","hasUsername":true,"isBetaTester":false,"isNewBetaUser":false,"accountAge":14862220321}
[2025-11-18T01:21:48.264Z] [INFO   ]  [37m[1m○[22m[39m Compiling /workflows/builder/[id] ...
[2025-11-18T01:21:49.959Z] [INFO   ]  [32m[1m✓[22m[39m Compiled /workflows/builder/[id] in 2.2s
[2025-11-18T01:21:50.654Z] [INFO   ] 2025-11-18T01:21:50.654Z [DEBUG] [Username Check] {"userId":"a3e3a51a-175c-4b59-ad03-227ba12a18b0","hasEmail":true,"provider":"email","hasUsername":true,"isGoogleUser":false}
[2025-11-18T01:21:51.006Z] [INFO   ]  [37m[1m○[22m[39m Compiling /api/auth/profile ...
[2025-11-18T01:21:51.696Z] [INFO   ] [PhantomEdgeOverlay] No nodes found
[2025-11-18T01:21:51.697Z] [INFO   ] [PhantomEdgeOverlay] Not rendering - no last node info
[2025-11-18T01:21:51.927Z] [INFO   ]  [32m[1m✓[22m[39m Compiled /api/auth/profile in 1422ms
[2025-11-18T01:21:52.676Z] [INFO   ] 2025-11-18T01:21:52.675Z [DEBUG] [Middleware] Username check: {"path":"/workflows/v2/api/flows/0af4872c-1522-427b-959b-72ed2701ab25/revisions","userId":"a3e3a51a-175c-4b59-ad03-227ba12a18b0","provider":"email","role":"free","username":"nstoddard17","hasUsername":true,"isBetaTester":false,"isNewBetaUser":false,"accountAge":14862225276}
[2025-11-18T01:21:52.867Z] [INFO   ]  [37m[1m○[22m[39m Compiling /api/integrations/available ...
[2025-11-18T01:21:53.974Z] [INFO   ] 2025-11-18T01:21:53.974Z [DEBUG] 📍 [API /api/integrations] GET request received {"timestamp":"2025-11-18T01:21:53.974Z","url":"http://localhost:3000/api/integrations?workspace_type=personal&workspace_id=ed18bcb3-6a08-4422-a1a3-9e4b7b3337ab"}
[2025-11-18T01:21:54.122Z] [INFO   ] 2025-11-18T01:21:54.122Z [DEBUG] [API /api/workflows] GET request {"filterContext":"ALL (unified view)","workspaceId":null,"userId":"a3e3a51a-175c-4b59-ad03-227ba12a18b0"}
[2025-11-18T01:21:54.134Z] [INFO   ] 2025-11-18T01:21:54.134Z [DEBUG] ✅ [API /api/integrations] User authenticated {"userId":"a3e3a51a-175c-4b59-ad03-227ba12a18b0"}
[2025-11-18T01:21:54.135Z] [INFO   ] 2025-11-18T01:21:54.134Z [DEBUG] 🏠 [API /api/integrations] Workspace context {"workspaceType":"personal","workspaceId":"ed18bcb3-6a08-4422-a1a3-9e4b7b3337ab"}
[2025-11-18T01:21:54.280Z] [INFO   ] 2025-11-18T01:21:54.279Z [DEBUG] 📊 [API /api/integrations] Parallel query results {"workspaceType":"personal","workspaceId":"ed18bcb3-6a08-4422-a1a3-9e4b7b3337ab","integrationsCount":15,"permissionsCount":4,"integrationsError":null,"permissionsError":null}
[2025-11-18T01:21:54.283Z] [INFO   ] 2025-11-18T01:21:54.282Z [DEBUG] 📋 [API /api/integrations] Using explicit permission {"integrationId":"580105eb-df9a-4b0a-a934-43e5a99f9bb8","provider":"discord","permission":"admin"}
[2025-11-18T01:21:54.284Z] [INFO   ] 2025-11-18T01:21:54.284Z [DEBUG] 📋 [API /api/integrations] Using implicit permission {"integrationId":"3d77fbe9-de84-47a8-ba84-a80981ffd516","provider":"google-calendar","permission":"admin","reason":"connected_by"}
[2025-11-18T01:21:54.284Z] [INFO   ] 2025-11-18T01:21:54.284Z [DEBUG] 📋 [API /api/integrations] Using implicit permission {"integrationId":"0e7c83e0-6c16-48f6-b7d8-77d3592dca01","provider":"github","permission":"admin","reason":"connected_by"}
[2025-11-18T01:21:54.284Z] [INFO   ] 2025-11-18T01:21:54.284Z [DEBUG] 📋 [API /api/integrations] Using explicit permission {"integrationId":"dc6cd712-ac50-45b5-86b6-4ff9963c7aa8","provider":"google-sheets","permission":"admin"}
[2025-11-18T01:21:54.284Z] [INFO   ] 2025-11-18T01:21:54.284Z [DEBUG] 📋 [API /api/integrations] Using explicit permission {"integrationId":"15a626c1-ecf2-4635-a287-1ddc3967a6ce","provider":"gmail","permission":"admin"}
[2025-11-18T01:21:54.285Z] [INFO   ] 2025-11-18T01:21:54.284Z [DEBUG] 📋 [API /api/integrations] Using implicit permission {"integrationId":"f367c75b-b4ea-4d0e-96ba-76368f0525a6","provider":"slack","permission":"admin","reason":"connected_by"}
[2025-11-18T01:21:54.285Z] [INFO   ] 2025-11-18T01:21:54.285Z [DEBUG] 📋 [API /api/integrations] Using implicit permission {"integrationId":"f172e387-ab0c-4c6a-975e-1767b2fd37be","provider":"notion","permission":"admin","reason":"default"}
[2025-11-18T01:21:54.286Z] [INFO   ] 2025-11-18T01:21:54.286Z [DEBUG] 📋 [API /api/integrations] Using implicit permission {"integrationId":"cb175247-1caa-430b-85c0-dd7ca5ca370b","provider":"google-drive","permission":"admin","reason":"connected_by"}
[2025-11-18T01:21:54.286Z] [INFO   ] 2025-11-18T01:21:54.286Z [DEBUG] 📋 [API /api/integrations] Using implicit permission {"integrationId":"dd542556-581b-4711-ae40-304c81619938","provider":"airtable","permission":"admin","reason":"connected_by"}
[2025-11-18T01:21:54.287Z] [INFO   ] 2025-11-18T01:21:54.287Z [DEBUG] 📋 [API /api/integrations] Using implicit permission {"integrationId":"f0476067-a30a-4ab4-b9fb-1f5a647a7be7","provider":"facebook","permission":"admin","reason":"connected_by"}
[2025-11-18T01:21:54.287Z] [INFO   ] 2025-11-18T01:21:54.287Z [DEBUG] 📋 [API /api/integrations] Using implicit permission {"integrationId":"c61c89e4-4f78-4069-8bfe-d36dd81cf6fc","provider":"dropbox","permission":"admin","reason":"connected_by"}
[2025-11-18T01:21:54.287Z] [INFO   ] 2025-11-18T01:21:54.287Z [DEBUG] 📋 [API /api/integrations] Using implicit permission {"integrationId":"a6595fc9-22fe-43dc-82a9-a3301cb3b373","provider":"google-docs","permission":"admin","reason":"connected_by"}
[2025-11-18T01:21:54.287Z] [INFO   ] 2025-11-18T01:21:54.287Z [DEBUG] 📋 [API /api/integrations] Using implicit permission {"integrationId":"6f959e59-18c3-47f0-a20f-cc8a268ceb21","provider":"hubspot","permission":"admin","reason":"connected_by"}
[2025-11-18T01:21:54.287Z] [INFO   ] 2025-11-18T01:21:54.287Z [DEBUG] 📋 [API /api/integrations] Using explicit permission {"integrationId":"8ef5c519-18a9-4a81-829e-b7a48b58f668","provider":"gumroad","permission":"admin"}
[2025-11-18T01:21:54.287Z] [INFO   ] 2025-11-18T01:21:54.287Z [DEBUG] 📋 [API /api/integrations] Using implicit permission {"integrationId":"91c85768-928a-445d-89ae-28521f5ee7f2","provider":"google-analytics","permission":"admin","reason":"connected_by"}
[2025-11-18T01:21:54.287Z] [INFO   ] 2025-11-18T01:21:54.287Z [DEBUG] ✅ [API /api/integrations] Returning integrations {"count":15,"workspaceType":"personal"}
[2025-11-18T01:21:54.467Z] [INFO   ] 2025-11-18T01:21:54.467Z [DEBUG] [API /api/workflows] Query result {"filterContext":"ALL","count":0,"error":null}
[2025-11-18T01:21:54.747Z] [INFO   ]  [32m[1m✓[22m[39m Compiled /api/integrations/available in 2.4s
[2025-11-18T01:21:54.925Z] [INFO   ] [1m[34mTime 3.599959[39m[22m
[2025-11-18T01:21:55.053Z] [INFO   ] [1m[34mTime 0.911542[39m[22m
[2025-11-18T01:21:55.078Z] [INFO   ] [1m[34mTime 0.689458[39m[22m
[2025-11-18T01:21:55.471Z] [INFO   ] 2025-11-18T01:21:55.471Z [DEBUG] [Middleware] Username check: {"path":"/workflows/v2/api/flows/0af4872c-1522-427b-959b-72ed2701ab25/revisions/9da81c76-5d24-413a-9986-9d7f2151c3f5","userId":"a3e3a51a-175c-4b59-ad03-227ba12a18b0","provider":"email","role":"free","username":"nstoddard17","hasUsername":true,"isBetaTester":false,"isNewBetaUser":false,"accountAge":14862228072}
[2025-11-18T01:21:55.830Z] [INFO   ]  [32m[1m✓[22m[39m Compiled /workflows/v2/api/flows/[flowId]/revisions/[revisionId] in 295ms
[2025-11-18T01:21:56.796Z] [INFO   ] 2025-11-18T01:21:56.796Z [DEBUG] 📍 [API /api/integrations] GET request received {"timestamp":"2025-11-18T01:21:56.796Z","url":"http://localhost:3000/api/integrations?workspace_type=personal&workspace_id=ed18bcb3-6a08-4422-a1a3-9e4b7b3337ab"}
[2025-11-18T01:21:56.910Z] [INFO   ] 2025-11-18T01:21:56.910Z [DEBUG] ✅ [API /api/integrations] User authenticated {"userId":"a3e3a51a-175c-4b59-ad03-227ba12a18b0"}
[2025-11-18T01:21:56.911Z] [INFO   ] 2025-11-18T01:21:56.911Z [DEBUG] 🏠 [API /api/integrations] Workspace context {"workspaceType":"personal","workspaceId":"ed18bcb3-6a08-4422-a1a3-9e4b7b3337ab"}
[2025-11-18T01:21:57.084Z] [INFO   ] 2025-11-18T01:21:57.084Z [DEBUG] 📊 [API /api/integrations] Parallel query results {"workspaceType":"personal","workspaceId":"ed18bcb3-6a08-4422-a1a3-9e4b7b3337ab","integrationsCount":15,"permissionsCount":4,"integrationsError":null,"permissionsError":null}
[2025-11-18T01:21:57.085Z] [INFO   ] 2025-11-18T01:21:57.085Z [DEBUG] 📋 [API /api/integrations] Using explicit permission {"integrationId":"580105eb-df9a-4b0a-a934-43e5a99f9bb8","provider":"discord","permission":"admin"}
[2025-11-18T01:21:57.085Z] [INFO   ] 2025-11-18T01:21:57.085Z [DEBUG] 📋 [API /api/integrations] Using implicit permission {"integrationId":"3d77fbe9-de84-47a8-ba84-a80981ffd516","provider":"google-calendar","permission":"admin","reason":"connected_by"}
[2025-11-18T01:21:57.085Z] [INFO   ] 2025-11-18T01:21:57.085Z [DEBUG] 📋 [API /api/integrations] Using implicit permission {"integrationId":"0e7c83e0-6c16-48f6-b7d8-77d3592dca01","provider":"github","permission":"admin","reason":"connected_by"}
[2025-11-18T01:21:57.085Z] [INFO   ] 2025-11-18T01:21:57.085Z [DEBUG] 📋 [API /api/integrations] Using explicit permission {"integrationId":"dc6cd712-ac50-45b5-86b6-4ff9963c7aa8","provider":"google-sheets","permission":"admin"}
[2025-11-18T01:21:57.086Z] [INFO   ] 2025-11-18T01:21:57.085Z [DEBUG] 📋 [API /api/integrations] Using explicit permission {"integrationId":"15a626c1-ecf2-4635-a287-1ddc3967a6ce","provider":"gmail","permission":"admin"}
[2025-11-18T01:21:57.086Z] [INFO   ] 2025-11-18T01:21:57.086Z [DEBUG] 📋 [API /api/integrations] Using implicit permission {"integrationId":"f367c75b-b4ea-4d0e-96ba-76368f0525a6","provider":"slack","permission":"admin","reason":"connected_by"}
[2025-11-18T01:21:57.086Z] [INFO   ] 2025-11-18T01:21:57.086Z [DEBUG] 📋 [API /api/integrations] Using implicit permission {"integrationId":"f172e387-ab0c-4c6a-975e-1767b2fd37be","provider":"notion","permission":"admin","reason":"default"}
[2025-11-18T01:21:57.086Z] [INFO   ] 2025-11-18T01:21:57.086Z [DEBUG] 📋 [API /api/integrations] Using implicit permission {"integrationId":"cb175247-1caa-430b-85c0-dd7ca5ca370b","provider":"google-drive","permission":"admin","reason":"connected_by"}
[2025-11-18T01:21:57.086Z] [INFO   ] 2025-11-18T01:21:57.086Z [DEBUG] 📋 [API /api/integrations] Using implicit permission {"integrationId":"dd542556-581b-4711-ae40-304c81619938","provider":"airtable","permission":"admin","reason":"connected_by"}
[2025-11-18T01:21:57.086Z] [INFO   ] 2025-11-18T01:21:57.086Z [DEBUG] 📋 [API /api/integrations] Using implicit permission {"integrationId":"f0476067-a30a-4ab4-b9fb-1f5a647a7be7","provider":"facebook","permission":"admin","reason":"connected_by"}
[2025-11-18T01:21:57.086Z] [INFO   ] 2025-11-18T01:21:57.086Z [DEBUG] 📋 [API /api/integrations] Using implicit permission {"integrationId":"c61c89e4-4f78-4069-8bfe-d36dd81cf6fc","provider":"dropbox","permission":"admin","reason":"connected_by"}
[2025-11-18T01:21:57.086Z] [INFO   ] 2025-11-18T01:21:57.086Z [DEBUG] 📋 [API /api/integrations] Using implicit permission {"integrationId":"a6595fc9-22fe-43dc-82a9-a3301cb3b373","provider":"google-docs","permission":"admin","reason":"connected_by"}
[2025-11-18T01:21:57.087Z] [INFO   ] 2025-11-18T01:21:57.086Z [DEBUG] 📋 [API /api/integrations] Using implicit permission {"integrationId":"6f959e59-18c3-47f0-a20f-cc8a268ceb21","provider":"hubspot","permission":"admin","reason":"connected_by"}
[2025-11-18T01:21:57.087Z] [INFO   ] 2025-11-18T01:21:57.087Z [DEBUG] 📋 [API /api/integrations] Using explicit permission {"integrationId":"8ef5c519-18a9-4a81-829e-b7a48b58f668","provider":"gumroad","permission":"admin"}
[2025-11-18T01:21:57.087Z] [INFO   ] 2025-11-18T01:21:57.087Z [DEBUG] 📋 [API /api/integrations] Using implicit permission {"integrationId":"91c85768-928a-445d-89ae-28521f5ee7f2","provider":"google-analytics","permission":"admin","reason":"connected_by"}
[2025-11-18T01:21:57.087Z] [INFO   ] 2025-11-18T01:21:57.087Z [DEBUG] ✅ [API /api/integrations] Returning integrations {"count":15,"workspaceType":"personal"}
[2025-11-18T01:21:57.378Z] [INFO   ] [1m[34mTime 0.519375[39m[22m
[2025-11-18T01:21:57.573Z] [INFO   ] [1m[34mTime 0.342625[39m[22m
[2025-11-18T01:22:00.668Z] [INFO   ] 2025-11-18T01:22:00.667Z [DEBUG] [Middleware] Username check: {"path":"/workflows/builder/0af4872c-1522-427b-959b-72ed2701ab25","userId":"a3e3a51a-175c-4b59-ad03-227ba12a18b0","provider":"email","role":"free","username":"nstoddard17","hasUsername":true,"isBetaTester":false,"isNewBetaUser":false,"accountAge":14862233268}
[2025-11-18T01:22:01.301Z] [INFO   ] 2025-11-18T01:22:01.300Z [DEBUG] [Username Check] {"userId":"a3e3a51a-175c-4b59-ad03-227ba12a18b0","hasEmail":true,"provider":"email","hasUsername":true,"isGoogleUser":false}
[2025-11-18T01:22:01.900Z] [INFO   ] [PhantomEdgeOverlay] No nodes found
[2025-11-18T01:22:01.900Z] [INFO   ] [PhantomEdgeOverlay] Not rendering - no last node info
[2025-11-18T01:22:02.475Z] [INFO   ] 2025-11-18T01:22:02.475Z [DEBUG] [Middleware] Username check: {"path":"/workflows/v2/api/flows/0af4872c-1522-427b-959b-72ed2701ab25/revisions","userId":"a3e3a51a-175c-4b59-ad03-227ba12a18b0","provider":"email","role":"free","username":"nstoddard17","hasUsername":true,"isBetaTester":false,"isNewBetaUser":false,"accountAge":14862235076}
[2025-11-18T01:22:02.662Z] [INFO   ] [1m[34mTime 2.03975[39m[22m
[2025-11-18T01:22:02.679Z] [INFO   ] [1m[34mTime 1.614209[39m[22m
[2025-11-18T01:22:03.054Z] [INFO   ] [1m[34mTime 0.884958[39m[22m
[2025-11-18T01:22:03.136Z] [INFO   ] 2025-11-18T01:22:03.136Z [DEBUG] 📍 [API /api/integrations] GET request received {"timestamp":"2025-11-18T01:22:03.136Z","url":"http://localhost:3000/api/integrations?workspace_type=personal&workspace_id=ed18bcb3-6a08-4422-a1a3-9e4b7b3337ab"}
[2025-11-18T01:22:03.238Z] [INFO   ] 2025-11-18T01:22:03.238Z [DEBUG] ✅ [API /api/integrations] User authenticated {"userId":"a3e3a51a-175c-4b59-ad03-227ba12a18b0"}
[2025-11-18T01:22:03.238Z] [INFO   ] 2025-11-18T01:22:03.238Z [DEBUG] 🏠 [API /api/integrations] Workspace context {"workspaceType":"personal","workspaceId":"ed18bcb3-6a08-4422-a1a3-9e4b7b3337ab"}
[2025-11-18T01:22:03.290Z] [INFO   ] 2025-11-18T01:22:03.290Z [DEBUG] [API /api/workflows] GET request {"filterContext":"ALL (unified view)","workspaceId":null,"userId":"a3e3a51a-175c-4b59-ad03-227ba12a18b0"}
[2025-11-18T01:22:03.377Z] [INFO   ] 2025-11-18T01:22:03.377Z [DEBUG] 📊 [API /api/integrations] Parallel query results {"workspaceType":"personal","workspaceId":"ed18bcb3-6a08-4422-a1a3-9e4b7b3337ab","integrationsCount":15,"permissionsCount":4,"integrationsError":null,"permissionsError":null}
[2025-11-18T01:22:03.378Z] [INFO   ] 2025-11-18T01:22:03.378Z [DEBUG] 📋 [API /api/integrations] Using explicit permission {"integrationId":"580105eb-df9a-4b0a-a934-43e5a99f9bb8","provider":"discord","permission":"admin"}
[2025-11-18T01:22:03.378Z] [INFO   ] 2025-11-18T01:22:03.378Z [DEBUG] 📋 [API /api/integrations] Using implicit permission {"integrationId":"3d77fbe9-de84-47a8-ba84-a80981ffd516","provider":"google-calendar","permission":"admin","reason":"connected_by"}
[2025-11-18T01:22:03.378Z] [INFO   ] 2025-11-18T01:22:03.378Z [DEBUG] 📋 [API /api/integrations] Using implicit permission {"integrationId":"0e7c83e0-6c16-48f6-b7d8-77d3592dca01","provider":"github","permission":"admin","reason":"connected_by"}
[2025-11-18T01:22:03.378Z] [INFO   ] 2025-11-18T01:22:03.378Z [DEBUG] 📋 [API /api/integrations] Using explicit permission {"integrationId":"dc6cd712-ac50-45b5-86b6-4ff9963c7aa8","provider":"google-sheets","permission":"admin"}
[2025-11-18T01:22:03.378Z] [INFO   ] 2025-11-18T01:22:03.378Z [DEBUG] 📋 [API /api/integrations] Using explicit permission {"integrationId":"15a626c1-ecf2-4635-a287-1ddc3967a6ce","provider":"gmail","permission":"admin"}
[2025-11-18T01:22:03.378Z] [INFO   ] 2025-11-18T01:22:03.378Z [DEBUG] 📋 [API /api/integrations] Using implicit permission {"integrationId":"f367c75b-b4ea-4d0e-96ba-76368f0525a6","provider":"slack","permission":"admin","reason":"connected_by"}
[2025-11-18T01:22:03.378Z] [INFO   ] 2025-11-18T01:22:03.378Z [DEBUG] 📋 [API /api/integrations] Using implicit permission {"integrationId":"f172e387-ab0c-4c6a-975e-1767b2fd37be","provider":"notion","permission":"admin","reason":"default"}
[2025-11-18T01:22:03.378Z] [INFO   ] 2025-11-18T01:22:03.378Z [DEBUG] 📋 [API /api/integrations] Using implicit permission {"integrationId":"cb175247-1caa-430b-85c0-dd7ca5ca370b","provider":"google-drive","permission":"admin","reason":"connected_by"}
[2025-11-18T01:22:03.378Z] [INFO   ] 2025-11-18T01:22:03.378Z [DEBUG] 📋 [API /api/integrations] Using implicit permission {"integrationId":"dd542556-581b-4711-ae40-304c81619938","provider":"airtable","permission":"admin","reason":"connected_by"}
[2025-11-18T01:22:03.378Z] [INFO   ] 2025-11-18T01:22:03.378Z [DEBUG] 📋 [API /api/integrations] Using implicit permission {"integrationId":"f0476067-a30a-4ab4-b9fb-1f5a647a7be7","provider":"facebook","permission":"admin","reason":"connected_by"}
[2025-11-18T01:22:03.378Z] [INFO   ] 2025-11-18T01:22:03.378Z [DEBUG] 📋 [API /api/integrations] Using implicit permission {"integrationId":"c61c89e4-4f78-4069-8bfe-d36dd81cf6fc","provider":"dropbox","permission":"admin","reason":"connected_by"}
[2025-11-18T01:22:03.378Z] [INFO   ] 2025-11-18T01:22:03.378Z [DEBUG] 📋 [API /api/integrations] Using implicit permission {"integrationId":"a6595fc9-22fe-43dc-82a9-a3301cb3b373","provider":"google-docs","permission":"admin","reason":"connected_by"}
[2025-11-18T01:22:03.378Z] [INFO   ] 2025-11-18T01:22:03.378Z [DEBUG] 📋 [API /api/integrations] Using implicit permission {"integrationId":"6f959e59-18c3-47f0-a20f-cc8a268ceb21","provider":"hubspot","permission":"admin","reason":"connected_by"}
[2025-11-18T01:22:03.378Z] [INFO   ] 2025-11-18T01:22:03.378Z [DEBUG] 📋 [API /api/integrations] Using explicit permission {"integrationId":"8ef5c519-18a9-4a81-829e-b7a48b58f668","provider":"gumroad","permission":"admin"}
[2025-11-18T01:22:03.378Z] [INFO   ] 2025-11-18T01:22:03.378Z [DEBUG] 📋 [API /api/integrations] Using implicit permission {"integrationId":"91c85768-928a-445d-89ae-28521f5ee7f2","provider":"google-analytics","permission":"admin","reason":"connected_by"}
[2025-11-18T01:22:03.378Z] [INFO   ] 2025-11-18T01:22:03.378Z [DEBUG] ✅ [API /api/integrations] Returning integrations {"count":15,"workspaceType":"personal"}
[2025-11-18T01:22:03.533Z] [INFO   ] 2025-11-18T01:22:03.533Z [DEBUG] [Middleware] Username check: {"path":"/workflows/v2/api/flows/0af4872c-1522-427b-959b-72ed2701ab25/revisions/9da81c76-5d24-413a-9986-9d7f2151c3f5","userId":"a3e3a51a-175c-4b59-ad03-227ba12a18b0","provider":"email","role":"free","username":"nstoddard17","hasUsername":true,"isBetaTester":false,"isNewBetaUser":false,"accountAge":14862236134}
[2025-11-18T01:22:03.608Z] [INFO   ] 2025-11-18T01:22:03.608Z [DEBUG] [API /api/workflows] Query result {"filterContext":"ALL","count":0,"error":null}
[2025-11-18T01:22:04.408Z] [INFO   ] [1m[34mTime 0.520333[39m[22m
[2025-11-18T01:22:04.513Z] [INFO   ] [1m[34mTime 0.373834[39m[22m
