=== Log Session Started: 2025-11-10T20:35:06.342Z ===
Node Version: v23.7.0
Platform: darwin
Working Directory: /Users/nathanielstoddard/chainreact-app/chainreact-app-9e
================================================================================

[2025-11-10T20:35:06.342Z] [INFO   ] File logging initialized
[2025-11-10T20:35:06.342Z] [INFO   ] Log file: /Users/nathanielstoddard/chainreact-app/chainreact-app-9e/logs/workflow_2025-11-10_14-35-06.log
[2025-11-10T20:35:06.344Z] [INFO   ] 📁 File logging enabled
[2025-11-10T20:35:06.344Z] [INFO   ] 📝 Logs will be written to: /Users/nathanielstoddard/chainreact-app/chainreact-app-9e/logs/workflow_2025-11-10_14-35-06.log
[2025-11-10T20:35:06.344Z] [INFO   ] 💡 To view logs in real-time: tail -f /Users/nathanielstoddard/chainreact-app/chainreact-app-9e/logs/workflow_2025-11-10_14-35-06.log
[2025-11-10T20:35:06.344Z] [INFO   ] 💡 To view all logs: cat /Users/nathanielstoddard/chainreact-app/chainreact-app-9e/logs/workflow_2025-11-10_14-35-06.log
[2025-11-10T20:35:06.344Z] [INFO   ] 💡 To share logs: Copy the file at /Users/nathanielstoddard/chainreact-app/chainreact-app-9e/logs/workflow_2025-11-10_14-35-06.log
[2025-11-10T20:35:06.344Z] [INFO   ] --------------------------------------------------------------------------------
[2025-11-10T20:35:06.344Z] [DEBUG  ] 📁 File logging system initialized
[2025-11-10T20:35:06.366Z] [INFO   ]  [32m[1m✓[22m[39m Ready in 3.8s
[2025-11-10T20:35:06.381Z] [WARN   ]  [33m[1m⚠[22m[39m ./lib/workflows/actions/registry.ts
Attempted import error: 'findGoogleSheetsRow' is not exported from './googleSheets' (imported as 'findGoogleSheetsRow').

Import trace for requested module:
./lib/workflows/actions/registry.ts
./lib/workflows/executeNode.ts
./lib/execution/advancedExecutionEngine.ts
./lib/integrations/discordGateway.ts
[2025-11-10T20:35:07.024Z] [WARN   ]  [33m[1m⚠[22m[39m ./lib/workflows/actions/registry.ts
Attempted import error: 'findGoogleSheetsRow' is not exported from './googleSheets' (imported as 'findGoogleSheetsRow').

Import trace for requested module:
./lib/workflows/actions/registry.ts
./lib/workflows/executeNode.ts
./lib/execution/advancedExecutionEngine.ts
./lib/integrations/discordGateway.ts
[2025-11-10T20:35:07.355Z] [INFO   ] 2025-11-10T20:35:07.355Z [DEBUG] 🤖 Discord bot configured, initializing gateway connection in background...
[2025-11-10T20:35:09.667Z] [INFO   ] 2025-11-10T20:35:09.667Z [DEBUG] Initializing Discord Gateway connection (singleton)...
[2025-11-10T20:35:09.667Z] [INFO   ] 2025-11-10T20:35:09.667Z [DEBUG] 🔑 Discord bot token loaded
[2025-11-10T20:35:10.443Z] [INFO   ] 2025-11-10T20:35:10.443Z [DEBUG] Discord Gateway initialization complete
[2025-11-10T20:35:10.443Z] [INFO   ] 2025-11-10T20:35:10.443Z [DEBUG] ✅ Discord bot gateway connection initialized
[2025-11-10T20:35:10.688Z] [INFO   ] 2025-11-10T20:35:10.687Z [DEBUG] Discord Gateway WebSocket connection established
[2025-11-10T20:35:10.688Z] [INFO   ] 2025-11-10T20:35:10.688Z [DEBUG] 🔑 Sending identify with intents: {"GUILDS":true,"GUILD_MEMBERS":true,"GUILD_INVITES":true,"GUILD_MESSAGES":true,"MESSAGE_CONTENT":true,"intentsValue":33347}
[2025-11-10T20:35:10.899Z] [INFO   ] 2025-11-10T20:35:10.899Z [DEBUG] 🎉 Discord bot ready! {"sessionId":"ea1a84d826138f149f5803c8ca8d9256","username":"ChainReact-Bot","userId":"1378595955212812308","guildCount":2}
[2025-11-10T20:35:10.899Z] [INFO   ] 2025-11-10T20:35:10.899Z [DEBUG] 📋 Initializing invite cache...
[2025-11-10T20:35:10.905Z] [INFO   ] 2025-11-10T20:35:10.905Z [DEBUG] 📡 Discord event received: GUILD_CREATE
[2025-11-10T20:35:10.949Z] [INFO   ] 2025-11-10T20:35:10.949Z [DEBUG] 📡 Discord event received: GUILD_CREATE
[2025-11-10T20:35:11.070Z] [INFO   ] 2025-11-10T20:35:11.070Z [DEBUG] ✅ Cached 3 invites for guild 1378950884045623406
[2025-11-10T20:38:11.172Z] [WARN   ]  [33m[1m⚠[22m[39m ./lib/workflows/actions/registry.ts
Attempted import error: 'findGoogleSheetsRow' is not exported from './googleSheets' (imported as 'findGoogleSheetsRow').

Import trace for requested module:
./lib/workflows/actions/registry.ts
./lib/workflows/executeNode.ts
./lib/execution/advancedExecutionEngine.ts
./lib/integrations/discordGateway.ts
[2025-11-10T20:38:17.207Z] [WARN   ]  [33m[1m⚠[22m[39m ./lib/workflows/actions/registry.ts
Attempted import error: 'findGoogleSheetsRow' is not exported from './googleSheets' (imported as 'findGoogleSheetsRow').

Import trace for requested module:
./lib/workflows/actions/registry.ts
./lib/workflows/executeNode.ts
./lib/execution/advancedExecutionEngine.ts
./lib/integrations/discordGateway.ts
[2025-11-10T20:38:17.864Z] [INFO   ] 2025-11-10T20:38:17.864Z [DEBUG] 💧 [AUTH] Rehydrating auth state from storage {"hasState":true,"hasUser":false,"initialized":false,"timestamp":"2025-11-10T20:38:17.864Z"}
[2025-11-10T20:38:17.875Z] [INFO   ] 2025-11-10T20:38:17.875Z [DEBUG] 💧 [AUTH] State hydrated and reset {"hasUser":false,"initialized":false,"timestamp":"2025-11-10T20:38:17.875Z"}
[2025-11-10T20:38:17.875Z] [INFO   ] 2025-11-10T20:38:17.875Z [DEBUG] ⏭️ [AUTH] Skipping initialization {"hasState":true,"alreadyInitialized":false,"isClient":false,"timestamp":"2025-11-10T20:38:17.875Z"}
[2025-11-10T20:38:18.457Z] [WARN   ]  [33m[1m⚠[22m[39m ./lib/workflows/actions/registry.ts
Attempted import error: 'findGoogleSheetsRow' is not exported from './googleSheets' (imported as 'findGoogleSheetsRow').

Import trace for requested module:
./lib/workflows/actions/registry.ts
./lib/workflows/executeNode.ts
./lib/execution/advancedExecutionEngine.ts
./lib/integrations/discordGateway.ts
[2025-11-10T20:38:18.994Z] [WARN   ]  [33m[1m⚠[22m[39m ./lib/workflows/actions/registry.ts
Attempted import error: 'findGoogleSheetsRow' is not exported from './googleSheets' (imported as 'findGoogleSheetsRow').

Import trace for requested module:
./lib/workflows/actions/registry.ts
./lib/workflows/executeNode.ts
./lib/execution/advancedExecutionEngine.ts
./lib/integrations/discordGateway.ts
[2025-11-10T20:38:20.747Z] [WARN   ]  [33m[1m⚠[22m[39m ./lib/workflows/actions/registry.ts
Attempted import error: 'findGoogleSheetsRow' is not exported from './googleSheets' (imported as 'findGoogleSheetsRow').

Import trace for requested module:
./lib/workflows/actions/registry.ts
./lib/workflows/executeNode.ts
./lib/execution/advancedExecutionEngine.ts
./lib/integrations/discordGateway.ts
[2025-11-10T20:38:21.069Z] [WARN   ]  [33m[1m⚠[22m[39m ./lib/workflows/actions/registry.ts
Attempted import error: 'findGoogleSheetsRow' is not exported from './googleSheets' (imported as 'findGoogleSheetsRow').

Import trace for requested module:
./lib/workflows/actions/registry.ts
./lib/workflows/executeNode.ts
./lib/execution/advancedExecutionEngine.ts
./lib/integrations/discordGateway.ts
[2025-11-10T20:38:21.597Z] [WARN   ]  [33m[1m⚠[22m[39m ./lib/workflows/actions/registry.ts
Attempted import error: 'findGoogleSheetsRow' is not exported from './googleSheets' (imported as 'findGoogleSheetsRow').

Import trace for requested module:
./lib/workflows/actions/registry.ts
./lib/workflows/executeNode.ts
./lib/execution/advancedExecutionEngine.ts
./lib/integrations/discordGateway.ts
[2025-11-10T20:38:21.701Z] [INFO   ] 2025-11-10T20:38:21.701Z [DEBUG] 📍 [API /api/integrations] GET request received {"timestamp":"2025-11-10T20:38:21.701Z","url":"http://localhost:3000/api/integrations?workspace_type=personal"}
[2025-11-10T20:38:21.800Z] [INFO   ] 2025-11-10T20:38:21.800Z [DEBUG] ✅ [API /api/integrations] User authenticated {"userId":"a3e3a51a-175c-4b59-ad03-227ba12a18b0"}
[2025-11-10T20:38:21.800Z] [INFO   ] 2025-11-10T20:38:21.800Z [DEBUG] 🏠 [API /api/integrations] Workspace context {"workspaceType":"personal","workspaceId":null}
[2025-11-10T20:38:21.936Z] [INFO   ] 2025-11-10T20:38:21.936Z [DEBUG] 📊 [API /api/integrations] Parallel query results {"workspaceType":"personal","workspaceId":null,"integrationsCount":1,"permissionsCount":1,"integrationsError":null,"permissionsError":null}
[2025-11-10T20:38:22.030Z] [INFO   ] 2025-11-10T20:38:22.030Z [DEBUG] ⏰ [API /api/integrations] Updated 1 expired integrations
[2025-11-10T20:38:22.031Z] [INFO   ] 2025-11-10T20:38:22.031Z [DEBUG] 📋 [API /api/integrations] Using explicit permission {"integrationId":"dc6cd712-ac50-45b5-86b6-4ff9963c7aa8","provider":"google-sheets","permission":"admin"}
[2025-11-10T20:38:22.031Z] [INFO   ] 2025-11-10T20:38:22.031Z [DEBUG] ✅ [API /api/integrations] Returning integrations {"count":1,"workspaceType":"personal"}
[2025-11-10T20:41:02.711Z] [INFO   ]  [32m[1m✓[22m[39m Compiled /api/integrations in 1963ms (5308 modules)
