=== Log Session Started: 2025-10-26T14:28:11.694Z ===
Node Version: v23.7.0
Platform: darwin
Working Directory: /Users/nathanielstoddard/chainreact-app/chainreact-app-9e
================================================================================

[2025-10-26T14:28:11.695Z] [INFO   ] File logging initialized
[2025-10-26T14:28:11.695Z] [INFO   ] Log file: /Users/nathanielstoddard/chainreact-app/chainreact-app-9e/logs/workflow_2025-10-26_09-28-11.log
[2025-10-26T14:28:11.703Z] [INFO   ] Deleted old log file: workflow_2025-10-19_09-04-53.log
[2025-10-26T14:28:11.703Z] [INFO   ] Deleted old log file: workflow_2025-10-19_08-30-27.log
[2025-10-26T14:28:11.706Z] [INFO   ] Deleted old log file: workflow_2025-10-19_00-32-09.log
[2025-10-26T14:28:11.707Z] [INFO   ] Deleted old log file: workflow_2025-10-18_23-56-16.log
[2025-10-26T14:28:11.708Z] [INFO   ] Deleted old log file: workflow_2025-10-18_23-46-52.log
[2025-10-26T14:28:11.708Z] [INFO   ] 📁 File logging enabled
[2025-10-26T14:28:11.708Z] [INFO   ] 📝 Logs will be written to: /Users/nathanielstoddard/chainreact-app/chainreact-app-9e/logs/workflow_2025-10-26_09-28-11.log
[2025-10-26T14:28:11.709Z] [INFO   ] 💡 To view logs in real-time: tail -f /Users/nathanielstoddard/chainreact-app/chainreact-app-9e/logs/workflow_2025-10-26_09-28-11.log
[2025-10-26T14:28:11.709Z] [INFO   ] 💡 To view all logs: cat /Users/nathanielstoddard/chainreact-app/chainreact-app-9e/logs/workflow_2025-10-26_09-28-11.log
[2025-10-26T14:28:11.709Z] [INFO   ] 💡 To share logs: Copy the file at /Users/nathanielstoddard/chainreact-app/chainreact-app-9e/logs/workflow_2025-10-26_09-28-11.log
[2025-10-26T14:28:11.709Z] [INFO   ] --------------------------------------------------------------------------------
[2025-10-26T14:28:11.709Z] [DEBUG  ] 📁 File logging system initialized
[2025-10-26T14:28:11.728Z] [INFO   ]  [32m[1m✓[22m[39m Ready in 3.5s
[2025-10-26T14:28:11.874Z] [INFO   ]  [32m[1m✓[22m[39m Compiled /middleware in 140ms (233 modules)
[2025-10-26T14:28:12.789Z] [INFO   ] 2025-10-26T14:28:12.789Z [DEBUG] 🤖 Discord bot configured, initializing gateway connection in background...
[2025-10-26T14:28:15.099Z] [INFO   ] 2025-10-26T14:28:15.099Z [DEBUG] Initializing Discord Gateway connection (singleton)...
[2025-10-26T14:28:15.100Z] [INFO   ] 2025-10-26T14:28:15.100Z [DEBUG] 🔑 Discord bot token loaded
[2025-10-26T14:28:15.350Z] [INFO   ] 2025-10-26T14:28:15.350Z [DEBUG] Discord Gateway initialization complete
[2025-10-26T14:28:15.351Z] [INFO   ] 2025-10-26T14:28:15.351Z [DEBUG] ✅ Discord bot gateway connection initialized
[2025-10-26T14:28:15.495Z] [INFO   ] 2025-10-26T14:28:15.495Z [DEBUG] [Middleware] Username check: {"path":"/workflows","userId":"a3e3a51a-175c-4b59-ad03-227ba12a18b0","provider":"email","role":"free","username":"nstoddard17","hasUsername":true,"isBetaTester":false,"isNewBetaUser":false,"accountAge":12922208096}
[2025-10-26T14:28:15.532Z] [INFO   ] 2025-10-26T14:28:15.532Z [DEBUG] Discord Gateway WebSocket connection established
[2025-10-26T14:28:15.533Z] [INFO   ] 2025-10-26T14:28:15.533Z [DEBUG] 🔑 Sending identify with intents: {"GUILDS":true,"GUILD_MEMBERS":true,"GUILD_INVITES":true,"GUILD_MESSAGES":true,"MESSAGE_CONTENT":true,"intentsValue":33347}
[2025-10-26T14:28:15.697Z] [INFO   ] 2025-10-26T14:28:15.697Z [DEBUG] 🎉 Discord bot ready! {"sessionId":"4cd83709ce238085c529136e6664f396","username":"ChainReact-Bot","userId":"1378595955212812308","guildCount":2}
[2025-10-26T14:28:15.697Z] [INFO   ] 2025-10-26T14:28:15.697Z [DEBUG] 📋 Initializing invite cache...
[2025-10-26T14:28:15.697Z] [INFO   ] 2025-10-26T14:28:15.697Z [DEBUG] 📡 Discord event received: GUILD_CREATE
[2025-10-26T14:28:15.710Z] [INFO   ] 2025-10-26T14:28:15.710Z [DEBUG] 📡 Discord event received: GUILD_CREATE
[2025-10-26T14:28:15.998Z] [INFO   ] 2025-10-26T14:28:15.998Z [DEBUG] ✅ Cached 3 invites for guild 1378950884045623406
[2025-10-26T14:28:16.019Z] [INFO   ]  [37m[1m○[22m[39m Compiling /workflows ...
[2025-10-26T14:28:20.133Z] [INFO   ]  [32m[1m✓[22m[39m Compiled /workflows in 4.6s (4045 modules)
[2025-10-26T14:28:20.574Z] [INFO   ] 2025-10-26T14:28:20.574Z [DEBUG] 💧 [AUTH] Rehydrating auth state from storage {"hasState":true,"hasUser":false,"initialized":false,"timestamp":"2025-10-26T14:28:20.574Z"}
[2025-10-26T14:28:20.578Z] [INFO   ] 2025-10-26T14:28:20.578Z [DEBUG] 💧 [AUTH] State hydrated and reset {"hasUser":false,"initialized":false,"timestamp":"2025-10-26T14:28:20.578Z"}
[2025-10-26T14:28:20.578Z] [INFO   ] 2025-10-26T14:28:20.578Z [DEBUG] ⏭️ [AUTH] Skipping initialization {"hasState":true,"alreadyInitialized":false,"isClient":false,"timestamp":"2025-10-26T14:28:20.578Z"}
[2025-10-26T14:28:21.168Z] [INFO   ]  [32m[1m✓[22m[39m Compiled in 1006ms (735 modules)
[2025-10-26T14:28:21.402Z] [INFO   ] 2025-10-26T14:28:21.401Z [DEBUG] [Username Check] {"userId":"a3e3a51a-175c-4b59-ad03-227ba12a18b0","hasEmail":true,"provider":"email","hasUsername":true,"isGoogleUser":false}
[2025-10-26T14:28:22.144Z] [INFO   ]  [37m[1m○[22m[39m Compiling /api/presence/count ...
[2025-10-26T14:28:22.877Z] [INFO   ]  [32m[1m✓[22m[39m Compiled /api/integrations in 1268ms (4054 modules)
[2025-10-26T14:28:23.048Z] [INFO   ] 2025-10-26T14:28:23.048Z [DEBUG] 📍 [API /api/integrations] GET request received {"timestamp":"2025-10-26T14:28:23.048Z","headers":{"referer":"check-console"}}
[2025-10-26T14:28:23.179Z] [INFO   ] 2025-10-26T14:28:23.178Z [DEBUG] ✅ [API /api/integrations] User authenticated {"userId":"a3e3a51a-175c-4b59-ad03-227ba12a18b0"}
[2025-10-26T14:28:23.282Z] [INFO   ] 2025-10-26T14:28:23.282Z [DEBUG] 📊 [API /api/integrations] Query result {"count":14,"error":null,"firstFew":[{"provider":"notion","status":"connected"},{"provider":"mailchimp","status":"connected"}]}
[2025-10-26T14:28:23.390Z] [INFO   ] 2025-10-26T14:28:23.390Z [DEBUG] [Middleware] Username check: {"path":"/workflows","userId":"a3e3a51a-175c-4b59-ad03-227ba12a18b0","provider":"email","role":"free","username":"nstoddard17","hasUsername":true,"isBetaTester":false,"isNewBetaUser":false,"accountAge":12922215991}
[2025-10-26T14:28:23.559Z] [INFO   ] 2025-10-26T14:28:23.558Z [DEBUG] [Username Check] {"userId":"a3e3a51a-175c-4b59-ad03-227ba12a18b0","hasEmail":true,"provider":"email","hasUsername":true,"isGoogleUser":false}
[2025-10-26T14:28:24.826Z] [INFO   ]  [37m[1m○[22m[39m Compiling /api/analytics/workflow-stats ...
[2025-10-26T14:28:25.185Z] [INFO   ]  [32m[1m✓[22m[39m Compiled /api/analytics/workflow-stats in 966ms (4062 modules)
[2025-10-26T14:28:40.230Z] [INFO   ]  [32m[1m✓[22m[39m Compiled in 573ms (735 modules)
[2025-10-26T14:28:40.436Z] [INFO   ] 2025-10-26T14:28:40.436Z [DEBUG] [Middleware] Username check: {"path":"/workflows","userId":"a3e3a51a-175c-4b59-ad03-227ba12a18b0","provider":"email","role":"free","username":"nstoddard17","hasUsername":true,"isBetaTester":false,"isNewBetaUser":false,"accountAge":12922233037}
[2025-10-26T14:28:40.582Z] [INFO   ] 2025-10-26T14:28:40.582Z [DEBUG] [Username Check] {"userId":"a3e3a51a-175c-4b59-ad03-227ba12a18b0","hasEmail":true,"provider":"email","hasUsername":true,"isGoogleUser":false}
[2025-10-26T14:29:03.823Z] [INFO   ]  [32m[1m✓[22m[39m Compiled in 621ms (4076 modules)
[2025-10-26T14:29:04.032Z] [INFO   ] 2025-10-26T14:29:04.032Z [DEBUG] [Middleware] Username check: {"path":"/workflows","userId":"a3e3a51a-175c-4b59-ad03-227ba12a18b0","provider":"email","role":"free","username":"nstoddard17","hasUsername":true,"isBetaTester":false,"isNewBetaUser":false,"accountAge":12922256633}
[2025-10-26T14:29:04.199Z] [INFO   ] 2025-10-26T14:29:04.198Z [DEBUG] [Username Check] {"userId":"a3e3a51a-175c-4b59-ad03-227ba12a18b0","hasEmail":true,"provider":"email","hasUsername":true,"isGoogleUser":false}
[2025-10-26T14:29:21.306Z] [INFO   ]  [32m[1m✓[22m[39m Compiled in 930ms (4076 modules)
[2025-10-26T14:29:21.558Z] [INFO   ] 2025-10-26T14:29:21.558Z [DEBUG] [Middleware] Username check: {"path":"/workflows","userId":"a3e3a51a-175c-4b59-ad03-227ba12a18b0","provider":"email","role":"free","username":"nstoddard17","hasUsername":true,"isBetaTester":false,"isNewBetaUser":false,"accountAge":12922274159}
[2025-10-26T14:29:21.713Z] [INFO   ] 2025-10-26T14:29:21.713Z [DEBUG] [Username Check] {"userId":"a3e3a51a-175c-4b59-ad03-227ba12a18b0","hasEmail":true,"provider":"email","hasUsername":true,"isGoogleUser":false}
[2025-10-26T14:29:36.127Z] [INFO   ] 2025-10-26T14:29:36.127Z [DEBUG] [Middleware] Username check: {"path":"/workflows/ai-agent","userId":"a3e3a51a-175c-4b59-ad03-227ba12a18b0","provider":"email","role":"free","username":"nstoddard17","hasUsername":true,"isBetaTester":false,"isNewBetaUser":false,"accountAge":12922288728}
[2025-10-26T14:29:36.685Z] [INFO   ]  [37m[1m○[22m[39m Compiling /workflows/ai-agent ...
[2025-10-26T14:29:36.979Z] [INFO   ]  [32m[1m✓[22m[39m Compiled /workflows/ai-agent in 805ms (4057 modules)
[2025-10-26T14:29:37.398Z] [INFO   ] 2025-10-26T14:29:37.394Z [DEBUG] [Username Check] {"userId":"a3e3a51a-175c-4b59-ad03-227ba12a18b0","hasEmail":true,"provider":"email","hasUsername":true,"isGoogleUser":false}
[2025-10-26T14:29:37.719Z] [INFO   ]  [32m[1m✓[22m[39m Compiled /api/user/avatar in 363ms (3341 modules)
[2025-10-26T14:29:39.195Z] [INFO   ]  [32m[1m✓[22m[39m Compiled /api/integrations in 310ms (3344 modules)
[2025-10-26T14:29:39.303Z] [INFO   ] 2025-10-26T14:29:39.303Z [DEBUG] 📍 [API /api/integrations] GET request received {"timestamp":"2025-10-26T14:29:39.303Z","headers":{"referer":"check-console"}}
[2025-10-26T14:29:39.382Z] [INFO   ] 2025-10-26T14:29:39.382Z [DEBUG] ✅ [API /api/integrations] User authenticated {"userId":"a3e3a51a-175c-4b59-ad03-227ba12a18b0"}
[2025-10-26T14:29:39.843Z] [INFO   ] 2025-10-26T14:29:39.843Z [DEBUG] 📊 [API /api/integrations] Query result {"count":14,"error":null,"firstFew":[{"provider":"notion","status":"connected"},{"provider":"mailchimp","status":"connected"}]}
[2025-10-26T14:29:40.766Z] [INFO   ]  [32m[1m✓[22m[39m Compiled /api/workflows/folders in 308ms (3346 modules)
[2025-10-26T14:29:41.050Z] [INFO   ]  [32m[1m✓[22m[39m Compiled in 0ms (3350 modules)
[2025-10-26T14:29:41.319Z] [INFO   ]  [32m[1m✓[22m[39m Compiled in 0ms (3350 modules)
[2025-10-26T14:29:41.634Z] [INFO   ]  [32m[1m✓[22m[39m Compiled in 0ms (3350 modules)
[2025-10-26T14:29:44.783Z] [INFO   ]  [37m[1m○[22m[39m Compiling /api/workflows/[id] ...
[2025-10-26T14:29:49.365Z] [INFO   ]  [32m[1m✓[22m[39m Compiled /api/workflows/[id] in 5.6s (6283 modules)
[2025-10-26T14:29:53.478Z] [INFO   ] 2025-10-26T14:29:53.477Z [DEBUG] 📝 Registered trigger provider: microsoft
[2025-10-26T14:29:53.478Z] [INFO   ] 2025-10-26T14:29:53.478Z [DEBUG] 📝 Registered trigger provider: microsoft-outlook
[2025-10-26T14:29:53.478Z] [INFO   ] 2025-10-26T14:29:53.478Z [DEBUG] 📝 Registered trigger provider: teams
[2025-10-26T14:29:53.478Z] [INFO   ] 2025-10-26T14:29:53.478Z [DEBUG] 📝 Registered trigger provider: microsoft-onenote
[2025-10-26T14:29:53.478Z] [INFO   ] 2025-10-26T14:29:53.478Z [DEBUG] 📝 Registered trigger provider: onedrive
[2025-10-26T14:29:53.478Z] [INFO   ] 2025-10-26T14:29:53.478Z [DEBUG] 📝 Registered trigger provider: airtable
[2025-10-26T14:29:53.478Z] [INFO   ] 2025-10-26T14:29:53.478Z [DEBUG] 📝 Registered trigger provider: discord
[2025-10-26T14:29:53.479Z] [INFO   ] 2025-10-26T14:29:53.478Z [DEBUG] 📝 Registered trigger provider: slack
[2025-10-26T14:29:53.479Z] [INFO   ] 2025-10-26T14:29:53.479Z [DEBUG] 📝 Registered trigger provider: gmail
[2025-10-26T14:29:53.479Z] [INFO   ] 2025-10-26T14:29:53.479Z [DEBUG] 📝 Registered trigger provider: google-calendar
[2025-10-26T14:29:53.479Z] [INFO   ] 2025-10-26T14:29:53.479Z [DEBUG] 📝 Registered trigger provider: google-drive
[2025-10-26T14:29:53.479Z] [INFO   ] 2025-10-26T14:29:53.479Z [DEBUG] 📝 Registered trigger provider: google-sheets
[2025-10-26T14:29:53.479Z] [INFO   ] 2025-10-26T14:29:53.479Z [DEBUG] 📝 Registered trigger provider: google-docs
[2025-10-26T14:29:53.479Z] [INFO   ] 2025-10-26T14:29:53.479Z [DEBUG] 📝 Registered trigger provider: stripe
[2025-10-26T14:29:53.479Z] [INFO   ] 2025-10-26T14:29:53.479Z [DEBUG] 📝 Registered trigger provider: shopify
[2025-10-26T14:29:53.479Z] [INFO   ] 2025-10-26T14:29:53.479Z [DEBUG] 📝 Registered trigger provider: notion
[2025-10-26T14:29:53.479Z] [INFO   ] 2025-10-26T14:29:53.479Z [DEBUG] 📝 Registered trigger provider: hubspot
[2025-10-26T14:29:53.479Z] [INFO   ] 2025-10-26T14:29:53.479Z [DEBUG] 📝 Registered trigger provider: utility
[2025-10-26T14:29:53.479Z] [INFO   ] 2025-10-26T14:29:53.479Z [DEBUG] ✅ Trigger lifecycle providers registered: ["microsoft","microsoft-outlook","teams","microsoft-onenote","onedrive","airtable","discord","slack","gmail","google-calendar","google-drive","google-sheets","google-docs","stripe","shopify","notion","hubspot","utility"]
[2025-10-26T14:29:53.637Z] [INFO   ] 2025-10-26T14:29:53.637Z [DEBUG] ℹ️ No trigger resources found for workflow b7fffa60-dc1a-488e-a2cc-d862f4d29cd7
[2025-10-26T14:29:53.637Z] [INFO   ] 2025-10-26T14:29:53.637Z [DEBUG] ♻️ Deleted lifecycle-managed triggers before deleting workflow {"workflowId":"b7fffa60-dc1a-488e-a2cc-d862f4d29cd7"}
[2025-10-26T14:29:53.748Z] [INFO   ] 2025-10-26T14:29:53.748Z [DEBUG] 🔗 Unregistering all webhooks for workflow b7fffa60-dc1a-488e-a2cc-d862f4d29cd7
[2025-10-26T14:29:53.749Z] [INFO   ] 2025-10-26T14:29:53.749Z [DEBUG] ℹ️ No trigger resources found for workflow d75e6c24-fc8a-49f1-b7e6-92f875941da8
[2025-10-26T14:29:53.749Z] [INFO   ] 2025-10-26T14:29:53.749Z [DEBUG] ♻️ Deleted lifecycle-managed triggers before deleting workflow {"workflowId":"d75e6c24-fc8a-49f1-b7e6-92f875941da8"}
[2025-10-26T14:29:53.750Z] [INFO   ] 2025-10-26T14:29:53.749Z [DEBUG] 🔗 Unregistering all webhooks for workflow d75e6c24-fc8a-49f1-b7e6-92f875941da8
[2025-10-26T14:29:53.751Z] [INFO   ] 2025-10-26T14:29:53.751Z [DEBUG] ℹ️ No trigger resources found for workflow 08c5b8e6-d989-4518-9725-496441c1cb6d
[2025-10-26T14:29:53.751Z] [INFO   ] 2025-10-26T14:29:53.751Z [DEBUG] ♻️ Deleted lifecycle-managed triggers before deleting workflow {"workflowId":"08c5b8e6-d989-4518-9725-496441c1cb6d"}
[2025-10-26T14:29:53.751Z] [INFO   ] 2025-10-26T14:29:53.751Z [DEBUG] 🔗 Unregistering all webhooks for workflow 08c5b8e6-d989-4518-9725-496441c1cb6d
[2025-10-26T14:29:53.752Z] [INFO   ] 2025-10-26T14:29:53.752Z [DEBUG] ℹ️ No trigger resources found for workflow e657c1e0-d8a3-44a2-a77b-8ad980027693
[2025-10-26T14:29:53.752Z] [INFO   ] 2025-10-26T14:29:53.752Z [DEBUG] ♻️ Deleted lifecycle-managed triggers before deleting workflow {"workflowId":"e657c1e0-d8a3-44a2-a77b-8ad980027693"}
[2025-10-26T14:29:53.752Z] [INFO   ] 2025-10-26T14:29:53.752Z [DEBUG] 🔗 Unregistering all webhooks for workflow e657c1e0-d8a3-44a2-a77b-8ad980027693
[2025-10-26T14:29:54.136Z] [INFO   ] 2025-10-26T14:29:54.136Z [DEBUG] ℹ️ No trigger resources found for workflow 23476f48-f9f0-46dc-aad8-2293a3cea7a5
[2025-10-26T14:29:54.136Z] [INFO   ] 2025-10-26T14:29:54.136Z [DEBUG] ♻️ Deleted lifecycle-managed triggers before deleting workflow {"workflowId":"23476f48-f9f0-46dc-aad8-2293a3cea7a5"}
[2025-10-26T14:29:54.137Z] [INFO   ] 2025-10-26T14:29:54.137Z [DEBUG] 🔗 Unregistering all webhooks for workflow 23476f48-f9f0-46dc-aad8-2293a3cea7a5
[2025-10-26T14:29:54.137Z] [INFO   ] 2025-10-26T14:29:54.137Z [DEBUG] No webhooks found for this workflow
[2025-10-26T14:29:54.137Z] [INFO   ] 2025-10-26T14:29:54.137Z [DEBUG] ♻️ Unregistered legacy webhooks before deleting workflow {"workflowId":"08c5b8e6-d989-4518-9725-496441c1cb6d"}
[2025-10-26T14:29:54.138Z] [INFO   ] 2025-10-26T14:29:54.138Z [DEBUG] No webhooks found for this workflow
[2025-10-26T14:29:54.138Z] [INFO   ] 2025-10-26T14:29:54.138Z [DEBUG] ♻️ Unregistered legacy webhooks before deleting workflow {"workflowId":"e657c1e0-d8a3-44a2-a77b-8ad980027693"}
[2025-10-26T14:29:54.138Z] [INFO   ] 2025-10-26T14:29:54.138Z [DEBUG] No webhooks found for this workflow
[2025-10-26T14:29:54.138Z] [INFO   ] 2025-10-26T14:29:54.138Z [DEBUG] ♻️ Unregistered legacy webhooks before deleting workflow {"workflowId":"b7fffa60-dc1a-488e-a2cc-d862f4d29cd7"}
[2025-10-26T14:29:54.224Z] [INFO   ] 2025-10-26T14:29:54.224Z [DEBUG] No webhooks found for this workflow
[2025-10-26T14:29:54.225Z] [INFO   ] 2025-10-26T14:29:54.225Z [DEBUG] ♻️ Unregistered legacy webhooks before deleting workflow {"workflowId":"d75e6c24-fc8a-49f1-b7e6-92f875941da8"}
[2025-10-26T14:29:54.225Z] [INFO   ] 2025-10-26T14:29:54.225Z [DEBUG] No webhooks found for this workflow
[2025-10-26T14:29:54.225Z] [INFO   ] 2025-10-26T14:29:54.225Z [DEBUG] ♻️ Unregistered legacy webhooks before deleting workflow {"workflowId":"23476f48-f9f0-46dc-aad8-2293a3cea7a5"}
[2025-10-26T14:29:54.237Z] [INFO   ]  [32m[1m✓[22m[39m Compiled in 747ms (746 modules)
[2025-10-26T14:29:54.870Z] [INFO   ] 2025-10-26T14:29:54.870Z [DEBUG] ℹ️ No trigger resources found for workflow 94e59345-9aeb-4842-8f58-c2114d8f72ad
[2025-10-26T14:29:54.870Z] [INFO   ] 2025-10-26T14:29:54.870Z [DEBUG] ♻️ Deleted lifecycle-managed triggers before deleting workflow {"workflowId":"94e59345-9aeb-4842-8f58-c2114d8f72ad"}
[2025-10-26T14:29:54.871Z] [INFO   ] 2025-10-26T14:29:54.871Z [DEBUG] 🔗 Unregistering all webhooks for workflow 94e59345-9aeb-4842-8f58-c2114d8f72ad
[2025-10-26T14:29:54.873Z] [INFO   ] 2025-10-26T14:29:54.873Z [DEBUG] ℹ️ No trigger resources found for workflow f00d60c3-e12b-4864-8e4b-1ac8252c31b3
[2025-10-26T14:29:54.873Z] [INFO   ] 2025-10-26T14:29:54.873Z [DEBUG] ♻️ Deleted lifecycle-managed triggers before deleting workflow {"workflowId":"f00d60c3-e12b-4864-8e4b-1ac8252c31b3"}
[2025-10-26T14:29:54.874Z] [INFO   ] 2025-10-26T14:29:54.874Z [DEBUG] 🔗 Unregistering all webhooks for workflow f00d60c3-e12b-4864-8e4b-1ac8252c31b3
[2025-10-26T14:29:54.874Z] [INFO   ] 2025-10-26T14:29:54.874Z [DEBUG] ℹ️ No trigger resources found for workflow d55592a7-fa95-498f-a2b7-281490064a13
[2025-10-26T14:29:54.875Z] [INFO   ] 2025-10-26T14:29:54.874Z [DEBUG] ♻️ Deleted lifecycle-managed triggers before deleting workflow {"workflowId":"d55592a7-fa95-498f-a2b7-281490064a13"}
[2025-10-26T14:29:54.875Z] [INFO   ] 2025-10-26T14:29:54.875Z [DEBUG] 🔗 Unregistering all webhooks for workflow d55592a7-fa95-498f-a2b7-281490064a13
[2025-10-26T14:29:54.877Z] [INFO   ] 2025-10-26T14:29:54.877Z [DEBUG] ℹ️ No trigger resources found for workflow 05453ac1-e3a5-4229-9308-81e7a2d28a6e
[2025-10-26T14:29:54.877Z] [INFO   ] 2025-10-26T14:29:54.877Z [DEBUG] ♻️ Deleted lifecycle-managed triggers before deleting workflow {"workflowId":"05453ac1-e3a5-4229-9308-81e7a2d28a6e"}
[2025-10-26T14:29:54.879Z] [INFO   ] 2025-10-26T14:29:54.879Z [DEBUG] 🔗 Unregistering all webhooks for workflow 05453ac1-e3a5-4229-9308-81e7a2d28a6e
[2025-10-26T14:29:54.892Z] [INFO   ] 2025-10-26T14:29:54.892Z [DEBUG] ℹ️ No trigger resources found for workflow 1af90780-ef4f-4295-8616-69b7516055dc
[2025-10-26T14:29:54.892Z] [INFO   ] 2025-10-26T14:29:54.892Z [DEBUG] ♻️ Deleted lifecycle-managed triggers before deleting workflow {"workflowId":"1af90780-ef4f-4295-8616-69b7516055dc"}
[2025-10-26T14:29:54.893Z] [INFO   ] 2025-10-26T14:29:54.893Z [DEBUG] 🔗 Unregistering all webhooks for workflow 1af90780-ef4f-4295-8616-69b7516055dc
[2025-10-26T14:29:54.954Z] [INFO   ] 2025-10-26T14:29:54.954Z [DEBUG] No webhooks found for this workflow
[2025-10-26T14:29:54.955Z] [INFO   ] 2025-10-26T14:29:54.955Z [DEBUG] ♻️ Unregistered legacy webhooks before deleting workflow {"workflowId":"d55592a7-fa95-498f-a2b7-281490064a13"}
[2025-10-26T14:29:54.964Z] [INFO   ] 2025-10-26T14:29:54.964Z [DEBUG] No webhooks found for this workflow
[2025-10-26T14:29:54.964Z] [INFO   ] 2025-10-26T14:29:54.964Z [DEBUG] ♻️ Unregistered legacy webhooks before deleting workflow {"workflowId":"05453ac1-e3a5-4229-9308-81e7a2d28a6e"}
[2025-10-26T14:29:54.967Z] [INFO   ] 2025-10-26T14:29:54.967Z [DEBUG] No webhooks found for this workflow
[2025-10-26T14:29:54.967Z] [INFO   ] 2025-10-26T14:29:54.967Z [DEBUG] ♻️ Unregistered legacy webhooks before deleting workflow {"workflowId":"f00d60c3-e12b-4864-8e4b-1ac8252c31b3"}
[2025-10-26T14:29:54.969Z] [INFO   ] 2025-10-26T14:29:54.969Z [DEBUG] No webhooks found for this workflow
[2025-10-26T14:29:54.969Z] [INFO   ] 2025-10-26T14:29:54.969Z [DEBUG] ♻️ Unregistered legacy webhooks before deleting workflow {"workflowId":"1af90780-ef4f-4295-8616-69b7516055dc"}
[2025-10-26T14:29:55.000Z] [INFO   ] 2025-10-26T14:29:55.000Z [DEBUG] No webhooks found for this workflow
[2025-10-26T14:29:55.000Z] [INFO   ] 2025-10-26T14:29:55.000Z [DEBUG] ♻️ Unregistered legacy webhooks before deleting workflow {"workflowId":"94e59345-9aeb-4842-8f58-c2114d8f72ad"}
[2025-10-26T14:29:55.602Z] [INFO   ] 2025-10-26T14:29:55.602Z [DEBUG] ℹ️ No trigger resources found for workflow ecfb280e-f3eb-4b75-ac59-65b467f335b2
[2025-10-26T14:29:55.603Z] [INFO   ] 2025-10-26T14:29:55.603Z [DEBUG] ♻️ Deleted lifecycle-managed triggers before deleting workflow {"workflowId":"ecfb280e-f3eb-4b75-ac59-65b467f335b2"}
[2025-10-26T14:29:55.603Z] [INFO   ] 2025-10-26T14:29:55.603Z [DEBUG] 🔗 Unregistering all webhooks for workflow ecfb280e-f3eb-4b75-ac59-65b467f335b2
[2025-10-26T14:29:55.674Z] [INFO   ] 2025-10-26T14:29:55.674Z [DEBUG] No webhooks found for this workflow
[2025-10-26T14:29:55.674Z] [INFO   ] 2025-10-26T14:29:55.674Z [DEBUG] ♻️ Unregistered legacy webhooks before deleting workflow {"workflowId":"ecfb280e-f3eb-4b75-ac59-65b467f335b2"}
[2025-10-26T14:29:55.785Z] [INFO   ] 2025-10-26T14:29:55.785Z [DEBUG] [Middleware] Username check: {"path":"/workflows","userId":"a3e3a51a-175c-4b59-ad03-227ba12a18b0","provider":"email","role":"free","username":"nstoddard17","hasUsername":true,"isBetaTester":false,"isNewBetaUser":false,"accountAge":12922308386}
[2025-10-26T14:29:55.818Z] [INFO   ] 2025-10-26T14:29:55.818Z [DEBUG] ℹ️ No trigger resources found for workflow 2ebf4a2b-60a0-417a-8bcf-b8cc04a62d03
[2025-10-26T14:29:55.819Z] [INFO   ] 2025-10-26T14:29:55.819Z [DEBUG] ♻️ Deleted lifecycle-managed triggers before deleting workflow {"workflowId":"2ebf4a2b-60a0-417a-8bcf-b8cc04a62d03"}
[2025-10-26T14:29:55.819Z] [INFO   ] 2025-10-26T14:29:55.819Z [DEBUG] 🔗 Unregistering all webhooks for workflow 2ebf4a2b-60a0-417a-8bcf-b8cc04a62d03
[2025-10-26T14:29:55.976Z] [INFO   ] 2025-10-26T14:29:55.975Z [DEBUG] [Username Check] {"userId":"a3e3a51a-175c-4b59-ad03-227ba12a18b0","hasEmail":true,"provider":"email","hasUsername":true,"isGoogleUser":false}
[2025-10-26T14:29:55.982Z] [INFO   ] 2025-10-26T14:29:55.981Z [DEBUG] No webhooks found for this workflow
[2025-10-26T14:29:55.982Z] [INFO   ] 2025-10-26T14:29:55.982Z [DEBUG] ♻️ Unregistered legacy webhooks before deleting workflow {"workflowId":"2ebf4a2b-60a0-417a-8bcf-b8cc04a62d03"}
[2025-10-26T14:29:55.983Z] [INFO   ] 2025-10-26T14:29:55.983Z [DEBUG] ℹ️ No trigger resources found for workflow 0ac472eb-4db5-4120-b60a-da364d1cbc12
[2025-10-26T14:29:55.983Z] [INFO   ] 2025-10-26T14:29:55.983Z [DEBUG] ♻️ Deleted lifecycle-managed triggers before deleting workflow {"workflowId":"0ac472eb-4db5-4120-b60a-da364d1cbc12"}
[2025-10-26T14:29:55.984Z] [INFO   ] 2025-10-26T14:29:55.984Z [DEBUG] 🔗 Unregistering all webhooks for workflow 0ac472eb-4db5-4120-b60a-da364d1cbc12
[2025-10-26T14:29:56.058Z] [INFO   ] 2025-10-26T14:29:56.058Z [DEBUG] ℹ️ No trigger resources found for workflow 779cfa0b-f2da-441c-a7d8-e7fd84a84b24
[2025-10-26T14:29:56.059Z] [INFO   ] 2025-10-26T14:29:56.059Z [DEBUG] ♻️ Deleted lifecycle-managed triggers before deleting workflow {"workflowId":"779cfa0b-f2da-441c-a7d8-e7fd84a84b24"}
[2025-10-26T14:29:56.059Z] [INFO   ] 2025-10-26T14:29:56.059Z [DEBUG] 🔗 Unregistering all webhooks for workflow 779cfa0b-f2da-441c-a7d8-e7fd84a84b24
[2025-10-26T14:29:56.085Z] [INFO   ] 2025-10-26T14:29:56.085Z [DEBUG] No webhooks found for this workflow
[2025-10-26T14:29:56.086Z] [INFO   ] 2025-10-26T14:29:56.086Z [DEBUG] ♻️ Unregistered legacy webhooks before deleting workflow {"workflowId":"0ac472eb-4db5-4120-b60a-da364d1cbc12"}
[2025-10-26T14:29:56.129Z] [INFO   ] 2025-10-26T14:29:56.128Z [DEBUG] No webhooks found for this workflow
[2025-10-26T14:29:56.129Z] [INFO   ] 2025-10-26T14:29:56.129Z [DEBUG] ♻️ Unregistered legacy webhooks before deleting workflow {"workflowId":"779cfa0b-f2da-441c-a7d8-e7fd84a84b24"}
[2025-10-26T14:30:03.003Z] [INFO   ]  [32m[1m✓[22m[39m Compiled in 1901ms (6297 modules)
[2025-10-26T14:30:03.223Z] [INFO   ] 2025-10-26T14:30:03.223Z [DEBUG] [Middleware] Username check: {"path":"/workflows","userId":"a3e3a51a-175c-4b59-ad03-227ba12a18b0","provider":"email","role":"free","username":"nstoddard17","hasUsername":true,"isBetaTester":false,"isNewBetaUser":false,"accountAge":12922315824}
[2025-10-26T14:30:03.410Z] [INFO   ] 2025-10-26T14:30:03.410Z [DEBUG] [Username Check] {"userId":"a3e3a51a-175c-4b59-ad03-227ba12a18b0","hasEmail":true,"provider":"email","hasUsername":true,"isGoogleUser":false}
[2025-10-26T14:30:10.746Z] [INFO   ]  [32m[1m✓[22m[39m Compiled in 364ms (746 modules)
[2025-10-26T14:30:10.967Z] [INFO   ] 2025-10-26T14:30:10.966Z [DEBUG] [Middleware] Username check: {"path":"/workflows","userId":"a3e3a51a-175c-4b59-ad03-227ba12a18b0","provider":"email","role":"free","username":"nstoddard17","hasUsername":true,"isBetaTester":false,"isNewBetaUser":false,"accountAge":12922323567}
[2025-10-26T14:30:11.034Z] [INFO   ] 2025-10-26T14:30:11.034Z [DEBUG] [Username Check] {"userId":"a3e3a51a-175c-4b59-ad03-227ba12a18b0","hasEmail":true,"provider":"email","hasUsername":true,"isGoogleUser":false}
[2025-10-26T14:30:56.197Z] [INFO   ]  [37m[1m○[22m[39m Compiling /templates ...
[2025-10-26T14:30:59.751Z] [INFO   ]  [32m[1m✓[22m[39m Compiled /templates in 4.4s (6600 modules)
[2025-10-26T14:31:00.689Z] [INFO   ]  [32m[1m✓[22m[39m Compiled /api/user/avatar in 479ms (5703 modules)
[2025-10-26T14:31:00.843Z] [INFO   ] 2025-10-26T14:31:00.843Z [DEBUG] [Username Check] {"userId":"a3e3a51a-175c-4b59-ad03-227ba12a18b0","hasEmail":true,"provider":"email","hasUsername":true,"isGoogleUser":false}
[2025-10-26T14:31:01.388Z] [INFO   ] 2025-10-26T14:31:01.387Z [DEBUG] [Username Check] {"userId":"a3e3a51a-175c-4b59-ad03-227ba12a18b0","hasEmail":true,"provider":"email","hasUsername":true,"isGoogleUser":false}
[2025-10-26T14:31:02.075Z] [INFO   ]  [37m[1m○[22m[39m Compiling /api/integrations ...
[2025-10-26T14:31:02.161Z] [INFO   ]  [32m[1m✓[22m[39m Compiled /api/integrations in 664ms (5705 modules)
[2025-10-26T14:31:02.244Z] [INFO   ] 2025-10-26T14:31:02.244Z [DEBUG] 📍 [API /api/integrations] GET request received {"timestamp":"2025-10-26T14:31:02.244Z","headers":{"referer":"check-console"}}
[2025-10-26T14:31:02.342Z] [INFO   ] 2025-10-26T14:31:02.342Z [DEBUG] ✅ [API /api/integrations] User authenticated {"userId":"a3e3a51a-175c-4b59-ad03-227ba12a18b0"}
[2025-10-26T14:31:02.495Z] [INFO   ] 2025-10-26T14:31:02.495Z [DEBUG] 📊 [API /api/integrations] Query result {"count":14,"error":null,"firstFew":[{"provider":"notion","status":"connected"},{"provider":"mailchimp","status":"connected"}]}
[2025-10-26T14:31:03.429Z] [INFO   ]  [37m[1m○[22m[39m Compiling /api/organizations ...
[2025-10-26T14:31:03.839Z] [INFO   ]  [32m[1m✓[22m[39m Compiled /api/organizations in 913ms (6608 modules)
[2025-10-26T14:31:19.847Z] [INFO   ]  [37m[1m○[22m[39m Compiling /apps ...
[2025-10-26T14:31:20.416Z] [INFO   ]  [32m[1m✓[22m[39m Compiled /apps in 1162ms (4424 modules)
[2025-10-26T14:31:20.925Z] [INFO   ] 2025-10-26T14:31:20.925Z [DEBUG] [Username Check] {"userId":"a3e3a51a-175c-4b59-ad03-227ba12a18b0","hasEmail":true,"provider":"email","hasUsername":true,"isGoogleUser":false}
[2025-10-26T14:31:21.858Z] [INFO   ]  [37m[1m○[22m[39m Compiling /api/integrations/available ...
[2025-10-26T14:31:22.735Z] [INFO   ]  [32m[1m✓[22m[39m Compiled /api/workflows/execute in 1378ms (4427 modules)
[2025-10-26T14:31:26.041Z] [INFO   ]  [32m[1m✓[22m[39m Compiled in 1221ms (906 modules)
[2025-10-26T14:31:28.268Z] [INFO   ] 2025-10-26T14:31:28.267Z [DEBUG] === Workflow Execution Started (Refactored) ===
[2025-10-26T14:31:28.269Z] [INFO   ] 2025-10-26T14:31:28.269Z [DEBUG] 📊 [Execute Route] Request content-length: 712
[2025-10-26T14:31:28.270Z] [INFO   ] 2025-10-26T14:31:28.270Z [DEBUG] 📊 [Execute Route] Request body text length: 712
[2025-10-26T14:31:28.270Z] [INFO   ] 2025-10-26T14:31:28.270Z [DEBUG] 📊 [Execute Route] Workflow data received: {"workflowId":"test-workflow-id","hasWorkflowData":true,"nodesCount":2,"nodeTypes":[{"id":"trigger-1","type":"airtable_trigger_new_record"},{"id":"action-1","type":"gmail_action_send_email"}],"hasTestModeConfig":false}
[2025-10-26T14:31:28.270Z] [INFO   ] 2025-10-26T14:31:28.270Z [DEBUG] Execution parameters: {"workflowId":"test-workflow-id","testMode":false,"executionMode":"live","effectiveTestMode":false,"skipTriggers":true,"hasInputData":true,"hasWorkflowData":true}
[2025-10-26T14:31:28.434Z] [ERROR  ] 2025-10-26T14:31:28.434Z [ERROR] Error fetching workflow: {"code":"22P02","details":null,"hint":null,"message":"invalid input syntax for type uuid: \"test-workflow-id\""}
[2025-10-26T14:31:28.637Z] [INFO   ] 2025-10-26T14:31:28.636Z [DEBUG] === Workflow Execution Started (Refactored) ===
[2025-10-26T14:31:28.637Z] [INFO   ] 2025-10-26T14:31:28.637Z [DEBUG] 📊 [Execute Route] Request content-length: 718
[2025-10-26T14:31:28.638Z] [INFO   ] 2025-10-26T14:31:28.638Z [DEBUG] 📊 [Execute Route] Request body text length: 718
[2025-10-26T14:31:28.638Z] [INFO   ] 2025-10-26T14:31:28.638Z [DEBUG] 📊 [Execute Route] Workflow data received: {"workflowId":"test-workflow-id","hasWorkflowData":true,"nodesCount":2,"nodeTypes":[{"id":"trigger-1","type":"airtable_trigger_new_record"},{"id":"action-1","type":"gmail_action_send_email"}],"hasTestModeConfig":false}
[2025-10-26T14:31:28.638Z] [INFO   ] 2025-10-26T14:31:28.638Z [DEBUG] Execution parameters: {"workflowId":"test-workflow-id","testMode":true,"executionMode":"sandbox","effectiveTestMode":true,"skipTriggers":false,"hasInputData":true,"hasWorkflowData":true}
[2025-10-26T14:31:28.724Z] [ERROR  ] 2025-10-26T14:31:28.724Z [ERROR] Error fetching workflow: {"code":"22P02","details":null,"hint":null,"message":"invalid input syntax for type uuid: \"test-workflow-id\""}
[2025-10-26T14:32:09.129Z] [INFO   ]  [32m[1m✓[22m[39m Compiled in 1446ms (7329 modules)
[2025-10-26T14:32:09.287Z] [INFO   ] 2025-10-26T14:32:09.287Z [DEBUG] [Username Check] {"userId":"a3e3a51a-175c-4b59-ad03-227ba12a18b0","hasEmail":true,"provider":"email","hasUsername":true,"isGoogleUser":false}
[2025-10-26T14:32:55.699Z] [INFO   ]  [37m[1m○[22m[39m Compiling /ai-assistant ...
[2025-10-26T14:32:57.100Z] [INFO   ]  [32m[1m✓[22m[39m Compiled /ai-assistant in 2.2s (4515 modules)
[2025-10-26T14:32:57.593Z] [INFO   ] 2025-10-26T14:32:57.592Z [DEBUG] [Username Check] {"userId":"a3e3a51a-175c-4b59-ad03-227ba12a18b0","hasEmail":true,"provider":"email","hasUsername":true,"isGoogleUser":false}
[2025-10-26T14:33:11.704Z] [INFO   ] 2025-10-26T14:33:11.704Z [DEBUG] 💧 [AUTH] Rehydrating auth state from storage {"hasState":true,"hasUser":false,"initialized":false,"timestamp":"2025-10-26T14:33:11.704Z"}
[2025-10-26T14:33:11.709Z] [INFO   ] 2025-10-26T14:33:11.709Z [DEBUG] 💧 [AUTH] State hydrated and reset {"hasUser":false,"initialized":false,"timestamp":"2025-10-26T14:33:11.709Z"}
[2025-10-26T14:33:11.709Z] [INFO   ] 2025-10-26T14:33:11.709Z [DEBUG] ⏭️ [AUTH] Skipping initialization {"hasState":true,"alreadyInitialized":false,"isClient":false,"timestamp":"2025-10-26T14:33:11.709Z"}
[2025-10-26T14:33:12.009Z] [INFO   ] 2025-10-26T14:33:12.008Z [DEBUG] [Username Check] {"userId":"a3e3a51a-175c-4b59-ad03-227ba12a18b0","hasEmail":true,"provider":"email","hasUsername":true,"isGoogleUser":false}
[2025-10-26T14:33:12.903Z] [INFO   ]  [32m[1m✓[22m[39m Compiled /api/integrations in 407ms (3575 modules)
[2025-10-26T14:33:13.187Z] [INFO   ]  [32m[1m✓[22m[39m Compiled (3579 modules)
[2025-10-26T14:33:13.353Z] [INFO   ] 2025-10-26T14:33:13.353Z [DEBUG] 📍 [API /api/integrations] GET request received {"timestamp":"2025-10-26T14:33:13.353Z","headers":{"referer":"check-console"}}
[2025-10-26T14:33:13.498Z] [INFO   ] 2025-10-26T14:33:13.498Z [DEBUG] ✅ [API /api/integrations] User authenticated {"userId":"a3e3a51a-175c-4b59-ad03-227ba12a18b0"}
[2025-10-26T14:33:13.615Z] [INFO   ] 2025-10-26T14:33:13.615Z [DEBUG] 📊 [API /api/integrations] Query result {"count":14,"error":null,"firstFew":[{"provider":"notion","status":"connected"},{"provider":"mailchimp","status":"connected"}]}
[2025-10-26T14:33:14.171Z] [INFO   ]  [32m[1m✓[22m[39m Compiled /api/organizations in 283ms (3581 modules)
[2025-10-26T14:33:14.634Z] [INFO   ]  [32m[1m✓[22m[39m Compiled in 330ms (959 modules)
[2025-10-26T14:33:25.040Z] [INFO   ] 2025-10-26T14:33:25.039Z [DEBUG] [Middleware] Username check: {"path":"/analytics","userId":"a3e3a51a-175c-4b59-ad03-227ba12a18b0","provider":"email","role":"free","username":"nstoddard17","hasUsername":true,"isBetaTester":false,"isNewBetaUser":false,"accountAge":12922517640}
[2025-10-26T14:33:25.589Z] [INFO   ]  [37m[1m○[22m[39m Compiling /analytics ...
[2025-10-26T14:33:25.677Z] [INFO   ]  [32m[1m✓[22m[39m Compiled /analytics in 588ms (4555 modules)
[2025-10-26T14:33:25.979Z] [INFO   ] 2025-10-26T14:33:25.978Z [DEBUG] [Username Check] {"userId":"a3e3a51a-175c-4b59-ad03-227ba12a18b0","hasEmail":true,"provider":"email","hasUsername":true,"isGoogleUser":false}
[2025-10-26T14:33:53.994Z] [INFO   ]  [32m[1m✓[22m[39m Compiled in 538ms (976 modules)
[2025-10-26T14:33:54.246Z] [INFO   ] 2025-10-26T14:33:54.245Z [DEBUG] [Middleware] Username check: {"path":"/analytics","userId":"a3e3a51a-175c-4b59-ad03-227ba12a18b0","provider":"email","role":"free","username":"nstoddard17","hasUsername":true,"isBetaTester":false,"isNewBetaUser":false,"accountAge":12922546846}
[2025-10-26T14:33:54.349Z] [INFO   ] 2025-10-26T14:33:54.349Z [DEBUG] [Username Check] {"userId":"a3e3a51a-175c-4b59-ad03-227ba12a18b0","hasEmail":true,"provider":"email","hasUsername":true,"isGoogleUser":false}
[2025-10-26T14:33:58.242Z] [INFO   ]  [37m[1m○[22m[39m Compiling /organization-settings ...
[2025-10-26T14:33:59.112Z] [INFO   ]  [32m[1m✓[22m[39m Compiled /organization-settings in 2.3s (4581 modules)
[2025-10-26T14:34:00.136Z] [INFO   ]  [37m[1m○[22m[39m Compiling /api/organizations/[id]/members ...
[2025-10-26T14:34:00.665Z] [INFO   ]  [32m[1m✓[22m[39m Compiled /api/organizations/[id]/members in 1042ms (4585 modules)
[2025-10-26T14:34:17.473Z] [INFO   ]  [32m[1m✓[22m[39m Compiled in 958ms (4569 modules)
[2025-10-26T14:34:40.102Z] [INFO   ]  [32m[1m✓[22m[39m Compiled in 415ms (984 modules)
[2025-10-26T14:34:54.103Z] [INFO   ]  [32m[1m✓[22m[39m Compiled in 860ms (4555 modules)
[2025-10-26T14:35:14.412Z] [INFO   ]  [32m[1m✓[22m[39m Compiled in 523ms (984 modules)
[2025-10-26T14:35:15.798Z] [INFO   ]  [37m[1m○[22m[39m Compiling /api/organizations ...
[2025-10-26T14:35:15.863Z] [INFO   ]  [32m[1m✓[22m[39m Compiled /api/organizations in 564ms (3568 modules)
[2025-10-26T14:35:17.003Z] [INFO   ]  [32m[1m✓[22m[39m Compiled (3571 modules)
[2025-10-26T14:35:17.399Z] [INFO   ] 2025-10-26T14:35:17.399Z [DEBUG] [Middleware] Username check: {"path":"/workflows","userId":"a3e3a51a-175c-4b59-ad03-227ba12a18b0","provider":"email","role":"free","username":"nstoddard17","hasUsername":true,"isBetaTester":false,"isNewBetaUser":false,"accountAge":12922630000}
[2025-10-26T14:35:18.002Z] [INFO   ]  [37m[1m○[22m[39m Compiling /workflows ...
[2025-10-26T14:35:18.059Z] [INFO   ]  [32m[1m✓[22m[39m Compiled /workflows in 615ms (3601 modules)
[2025-10-26T14:35:18.836Z] [INFO   ] 2025-10-26T14:35:18.836Z [DEBUG] [Username Check] {"userId":"a3e3a51a-175c-4b59-ad03-227ba12a18b0","hasEmail":true,"provider":"email","hasUsername":true,"isGoogleUser":false}
[2025-10-26T14:35:19.327Z] [INFO   ]  [32m[1m✓[22m[39m Compiled /api/integrations in 377ms (3603 modules)
[2025-10-26T14:35:19.429Z] [INFO   ] 2025-10-26T14:35:19.429Z [DEBUG] 📍 [API /api/integrations] GET request received {"timestamp":"2025-10-26T14:35:19.429Z","headers":{"referer":"check-console"}}
[2025-10-26T14:35:19.551Z] [INFO   ] 2025-10-26T14:35:19.551Z [DEBUG] ✅ [API /api/integrations] User authenticated {"userId":"a3e3a51a-175c-4b59-ad03-227ba12a18b0"}
[2025-10-26T14:35:19.654Z] [INFO   ] 2025-10-26T14:35:19.654Z [DEBUG] 📊 [API /api/integrations] Query result {"count":14,"error":null,"firstFew":[{"provider":"notion","status":"connected"},{"provider":"mailchimp","status":"connected"}]}
[2025-10-26T14:35:20.554Z] [INFO   ]  [37m[1m○[22m[39m Compiling /api/analytics/workflow-stats ...
[2025-10-26T14:35:20.594Z] [INFO   ]  [32m[1m✓[22m[39m Compiled /api/analytics/workflow-stats in 568ms (3605 modules)
[2025-10-26T14:35:21.358Z] [INFO   ]  [32m[1m✓[22m[39m Compiled (3607 modules)
[2025-10-26T14:36:04.923Z] [INFO   ] 2025-10-26T14:36:04.922Z [DEBUG] [Middleware] Username check: {"path":"/settings","userId":"a3e3a51a-175c-4b59-ad03-227ba12a18b0","provider":"email","role":"free","username":"nstoddard17","hasUsername":true,"isBetaTester":false,"isNewBetaUser":false,"accountAge":12922677523}
[2025-10-26T14:36:05.734Z] [INFO   ]  [37m[1m○[22m[39m Compiling /settings ...
[2025-10-26T14:36:06.042Z] [INFO   ]  [32m[1m✓[22m[39m Compiled /settings in 1023ms (4426 modules)
[2025-10-26T14:36:06.456Z] [INFO   ] 2025-10-26T14:36:06.456Z [DEBUG] [Username Check] {"userId":"a3e3a51a-175c-4b59-ad03-227ba12a18b0","hasEmail":true,"provider":"email","hasUsername":true,"isGoogleUser":false}
[2025-10-26T14:36:06.810Z] [INFO   ]  [37m[1m○[22m[39m Compiling /api/presence/count ...
[2025-10-26T14:36:06.815Z] [INFO   ]  [32m[1m✓[22m[39m Compiled /api/presence/count in 504ms (3451 modules)
[2025-10-26T14:36:07.217Z] [INFO   ]  [32m[1m✓[22m[39m Compiled /api/auth/2fa/status in 0ms (3451 modules)
[2025-10-26T14:36:08.173Z] [INFO   ]  [32m[1m✓[22m[39m Compiled in 797ms (4430 modules)
[2025-10-26T14:36:10.135Z] [INFO   ]  [32m[1m✓[22m[39m Compiled in 775ms (991 modules)
[2025-10-26T14:36:10.355Z] [INFO   ] 2025-10-26T14:36:10.355Z [DEBUG] [Middleware] Username check: {"path":"/settings","userId":"a3e3a51a-175c-4b59-ad03-227ba12a18b0","provider":"email","role":"free","username":"nstoddard17","hasUsername":true,"isBetaTester":false,"isNewBetaUser":false,"accountAge":12922682956}
[2025-10-26T14:36:10.439Z] [INFO   ] 2025-10-26T14:36:10.439Z [DEBUG] [Username Check] {"userId":"a3e3a51a-175c-4b59-ad03-227ba12a18b0","hasEmail":true,"provider":"email","hasUsername":true,"isGoogleUser":false}
[2025-10-26T14:36:32.537Z] [INFO   ]  [32m[1m✓[22m[39m Compiled in 1255ms (991 modules)
[2025-10-26T14:36:32.761Z] [INFO   ] 2025-10-26T14:36:32.760Z [DEBUG] [Middleware] Username check: {"path":"/settings","userId":"a3e3a51a-175c-4b59-ad03-227ba12a18b0","provider":"email","role":"free","username":"nstoddard17","hasUsername":true,"isBetaTester":false,"isNewBetaUser":false,"accountAge":12922705361}
[2025-10-26T14:36:32.835Z] [INFO   ] 2025-10-26T14:36:32.835Z [DEBUG] [Username Check] {"userId":"a3e3a51a-175c-4b59-ad03-227ba12a18b0","hasEmail":true,"provider":"email","hasUsername":true,"isGoogleUser":false}
[2025-10-26T14:36:50.661Z] [INFO   ]  [37m[1m○[22m[39m Compiling /support ...
[2025-10-26T14:36:52.175Z] [INFO   ]  [32m[1m✓[22m[39m Compiled /support in 2s (4429 modules)
[2025-10-26T14:36:53.005Z] [INFO   ]  [37m[1m○[22m[39m Compiling /api/support/tickets ...
[2025-10-26T14:36:53.532Z] [INFO   ]  [32m[1m✓[22m[39m Compiled /api/support/tickets in 1034ms (4476 modules)
[2025-10-26T14:36:55.286Z] [INFO   ]  [32m[1m✓[22m[39m Compiled in 464ms (995 modules)
[2025-10-26T14:37:03.777Z] [INFO   ]  [32m[1m✓[22m[39m Compiled in 401ms (995 modules)
[2025-10-26T14:38:06.150Z] [INFO   ]  [32m[1m✓[22m[39m Compiled in 863ms (995 modules)
[2025-10-26T14:38:45.628Z] [INFO   ]  [32m[1m✓[22m[39m Compiled in 662ms (995 modules)
[2025-10-26T14:38:55.955Z] [INFO   ]  [32m[1m✓[22m[39m Compiled in 342ms (995 modules)
[2025-10-26T14:39:24.434Z] [INFO   ]  [32m[1m✓[22m[39m Compiled in 328ms (995 modules)
[2025-10-26T14:39:32.930Z] [INFO   ]  [32m[1m✓[22m[39m Compiled in 314ms (995 modules)
[2025-10-26T14:39:52.512Z] [INFO   ]  [32m[1m✓[22m[39m Compiled in 327ms (995 modules)
[2025-10-26T14:40:07.683Z] [INFO   ]  [32m[1m✓[22m[39m Compiled in 302ms (995 modules)
[2025-10-26T14:45:55.424Z] [INFO   ]  [32m[1m✓[22m[39m Compiled in 1337ms (995 modules)
[2025-10-26T14:50:40.424Z] [INFO   ]  [32m[1m✓[22m[39m Compiled in 1290ms (995 modules)
[2025-10-26T14:51:09.654Z] [INFO   ]  [32m[1m✓[22m[39m Compiled in 374ms (995 modules)
[2025-10-26T14:52:01.971Z] [INFO   ]  [32m[1m✓[22m[39m Compiled in 553ms (995 modules)
[2025-10-26T14:52:44.192Z] [INFO   ]  [32m[1m✓[22m[39m Compiled in 340ms (995 modules)
[2025-10-26T14:55:22.477Z] [INFO   ]  [32m[1m✓[22m[39m Compiled in 1032ms (995 modules)
[2025-10-26T14:55:31.277Z] [INFO   ]  [32m[1m✓[22m[39m Compiled in 360ms (995 modules)
[2025-10-26T15:14:02.165Z] [INFO   ]  [32m[1m✓[22m[39m Compiled in 1184ms (995 modules)
[2025-10-26T15:22:35.293Z] [INFO   ]  [32m[1m✓[22m[39m Compiled in 1375ms (995 modules)
[2025-10-26T15:22:42.740Z] [INFO   ]  [32m[1m✓[22m[39m Compiled in 397ms (995 modules)
[2025-10-26T15:25:35.977Z] [INFO   ]  [32m[1m✓[22m[39m Compiled in 1267ms (995 modules)
[2025-10-26T15:25:40.896Z] [INFO   ]  [32m[1m✓[22m[39m Compiled in 357ms (995 modules)
[2025-10-26T15:27:26.864Z] [INFO   ] 2025-10-26T15:27:26.863Z [DEBUG] [Middleware] Username check: {"path":"/workflows","userId":"a3e3a51a-175c-4b59-ad03-227ba12a18b0","provider":"email","role":"free","username":"nstoddard17","hasUsername":true,"isBetaTester":false,"isNewBetaUser":false,"accountAge":12925759464}
[2025-10-26T15:27:27.263Z] [INFO   ] 2025-10-26T15:27:27.263Z [DEBUG] [Username Check] {"userId":"a3e3a51a-175c-4b59-ad03-227ba12a18b0","hasEmail":true,"provider":"email","hasUsername":true,"isGoogleUser":false}
[2025-10-26T15:27:58.997Z] [INFO   ] 2025-10-26T15:27:58.996Z [DEBUG] [Middleware] Username check: {"path":"/workflows","userId":"a3e3a51a-175c-4b59-ad03-227ba12a18b0","provider":"email","role":"free","username":"nstoddard17","hasUsername":true,"isBetaTester":false,"isNewBetaUser":false,"accountAge":12925791597}
[2025-10-26T15:27:59.223Z] [INFO   ] 2025-10-26T15:27:59.223Z [DEBUG] 💧 [AUTH] Rehydrating auth state from storage {"hasState":true,"hasUser":false,"initialized":false,"timestamp":"2025-10-26T15:27:59.223Z"}
[2025-10-26T15:27:59.227Z] [INFO   ] 2025-10-26T15:27:59.227Z [DEBUG] 💧 [AUTH] State hydrated and reset {"hasUser":false,"initialized":false,"timestamp":"2025-10-26T15:27:59.227Z"}
[2025-10-26T15:27:59.227Z] [INFO   ] 2025-10-26T15:27:59.227Z [DEBUG] ⏭️ [AUTH] Skipping initialization {"hasState":true,"alreadyInitialized":false,"isClient":false,"timestamp":"2025-10-26T15:27:59.227Z"}
[2025-10-26T15:27:59.477Z] [INFO   ] 2025-10-26T15:27:59.476Z [DEBUG] [Username Check] {"userId":"a3e3a51a-175c-4b59-ad03-227ba12a18b0","hasEmail":true,"provider":"email","hasUsername":true,"isGoogleUser":false}
[2025-10-26T15:28:01.140Z] [INFO   ]  [37m[1m○[22m[39m Compiling /api/presence/count ...
[2025-10-26T15:28:02.089Z] [INFO   ]  [32m[1m✓[22m[39m Compiled /api/presence/count in 2.1s (3384 modules)
[2025-10-26T15:28:02.824Z] [INFO   ]  [32m[1m✓[22m[39m Compiled (3388 modules)
[2025-10-26T15:28:02.974Z] [INFO   ] 2025-10-26T15:28:02.974Z [DEBUG] 📍 [API /api/integrations] GET request received {"timestamp":"2025-10-26T15:28:02.974Z","headers":{"referer":"check-console"}}
[2025-10-26T15:28:03.061Z] [INFO   ] 2025-10-26T15:28:03.061Z [DEBUG] ✅ [API /api/integrations] User authenticated {"userId":"a3e3a51a-175c-4b59-ad03-227ba12a18b0"}
[2025-10-26T15:28:03.214Z] [INFO   ] 2025-10-26T15:28:03.214Z [DEBUG] 📊 [API /api/integrations] Query result {"count":14,"error":null,"firstFew":[{"provider":"notion","status":"connected"},{"provider":"mailchimp","status":"connected"}]}
[2025-10-26T15:28:04.029Z] [INFO   ]  [32m[1m✓[22m[39m Compiled /api/organizations in 350ms (3390 modules)
[2025-10-26T15:28:05.271Z] [INFO   ]  [32m[1m✓[22m[39m Compiled (3396 modules)
[2025-10-26T15:28:14.588Z] [INFO   ] 2025-10-26T15:28:14.587Z [DEBUG] [Middleware] Username check: {"path":"/settings","userId":"a3e3a51a-175c-4b59-ad03-227ba12a18b0","provider":"email","role":"free","username":"nstoddard17","hasUsername":true,"isBetaTester":false,"isNewBetaUser":false,"accountAge":12925807188}
[2025-10-26T15:28:15.039Z] [INFO   ] 2025-10-26T15:28:15.039Z [DEBUG] [Username Check] {"userId":"a3e3a51a-175c-4b59-ad03-227ba12a18b0","hasEmail":true,"provider":"email","hasUsername":true,"isGoogleUser":false}
[2025-10-26T15:28:15.693Z] [INFO   ]  [32m[1m✓[22m[39m Compiled /api/auth/2fa/status in 476ms (3398 modules)
[2025-10-26T15:28:26.153Z] [INFO   ] 2025-10-26T15:28:26.153Z [DEBUG] [Middleware] Username check: {"path":"/workflows","userId":"a3e3a51a-175c-4b59-ad03-227ba12a18b0","provider":"email","role":"free","username":"nstoddard17","hasUsername":true,"isBetaTester":false,"isNewBetaUser":false,"accountAge":12925818753}
[2025-10-26T15:28:26.509Z] [INFO   ] 2025-10-26T15:28:26.509Z [DEBUG] [Username Check] {"userId":"a3e3a51a-175c-4b59-ad03-227ba12a18b0","hasEmail":true,"provider":"email","hasUsername":true,"isGoogleUser":false}
[2025-10-26T15:28:52.480Z] [INFO   ]  [32m[1m✓[22m[39m Compiled in 984ms (995 modules)
[2025-10-26T15:28:52.699Z] [INFO   ] 2025-10-26T15:28:52.698Z [DEBUG] [Middleware] Username check: {"path":"/workflows","userId":"a3e3a51a-175c-4b59-ad03-227ba12a18b0","provider":"email","role":"free","username":"nstoddard17","hasUsername":true,"isBetaTester":false,"isNewBetaUser":false,"accountAge":12925845299}
[2025-10-26T15:28:52.780Z] [INFO   ] 2025-10-26T15:28:52.780Z [DEBUG] [Username Check] {"userId":"a3e3a51a-175c-4b59-ad03-227ba12a18b0","hasEmail":true,"provider":"email","hasUsername":true,"isGoogleUser":false}
[2025-10-26T15:28:57.383Z] [INFO   ]  [32m[1m✓[22m[39m Compiled in 365ms (995 modules)
[2025-10-26T15:28:57.602Z] [INFO   ] 2025-10-26T15:28:57.602Z [DEBUG] [Middleware] Username check: {"path":"/workflows","userId":"a3e3a51a-175c-4b59-ad03-227ba12a18b0","provider":"email","role":"free","username":"nstoddard17","hasUsername":true,"isBetaTester":false,"isNewBetaUser":false,"accountAge":12925850203}
[2025-10-26T15:28:57.678Z] [INFO   ] 2025-10-26T15:28:57.678Z [DEBUG] [Username Check] {"userId":"a3e3a51a-175c-4b59-ad03-227ba12a18b0","hasEmail":true,"provider":"email","hasUsername":true,"isGoogleUser":false}
[2025-10-26T15:29:05.068Z] [INFO   ]  [32m[1m✓[22m[39m Compiled in 314ms (995 modules)
[2025-10-26T15:29:05.304Z] [INFO   ] 2025-10-26T15:29:05.304Z [DEBUG] [Middleware] Username check: {"path":"/workflows","userId":"a3e3a51a-175c-4b59-ad03-227ba12a18b0","provider":"email","role":"free","username":"nstoddard17","hasUsername":true,"isBetaTester":false,"isNewBetaUser":false,"accountAge":12925857905}
[2025-10-26T15:29:05.380Z] [INFO   ] 2025-10-26T15:29:05.380Z [DEBUG] [Username Check] {"userId":"a3e3a51a-175c-4b59-ad03-227ba12a18b0","hasEmail":true,"provider":"email","hasUsername":true,"isGoogleUser":false}
[2025-10-26T15:30:47.156Z] [INFO   ]  [32m[1m✓[22m[39m Compiled in 1322ms (995 modules)
[2025-10-26T15:30:47.419Z] [INFO   ] 2025-10-26T15:30:47.419Z [DEBUG] [Middleware] Username check: {"path":"/workflows","userId":"a3e3a51a-175c-4b59-ad03-227ba12a18b0","provider":"email","role":"free","username":"nstoddard17","hasUsername":true,"isBetaTester":false,"isNewBetaUser":false,"accountAge":12925960020}
[2025-10-26T15:30:47.507Z] [INFO   ] 2025-10-26T15:30:47.506Z [DEBUG] [Username Check] {"userId":"a3e3a51a-175c-4b59-ad03-227ba12a18b0","hasEmail":true,"provider":"email","hasUsername":true,"isGoogleUser":false}
[2025-10-26T15:35:11.896Z] [INFO   ]  [32m[1m✓[22m[39m Compiled in 1134ms (995 modules)
[2025-10-26T15:35:12.147Z] [INFO   ] 2025-10-26T15:35:12.147Z [DEBUG] [Middleware] Username check: {"path":"/workflows","userId":"a3e3a51a-175c-4b59-ad03-227ba12a18b0","provider":"email","role":"free","username":"nstoddard17","hasUsername":true,"isBetaTester":false,"isNewBetaUser":false,"accountAge":12926224748}
[2025-10-26T15:35:12.232Z] [INFO   ] 2025-10-26T15:35:12.232Z [DEBUG] [Username Check] {"userId":"a3e3a51a-175c-4b59-ad03-227ba12a18b0","hasEmail":true,"provider":"email","hasUsername":true,"isGoogleUser":false}
[2025-10-26T15:35:24.545Z] [INFO   ]  [32m[1m✓[22m[39m Compiled in 356ms (995 modules)
[2025-10-26T15:35:24.780Z] [INFO   ] 2025-10-26T15:35:24.780Z [DEBUG] [Middleware] Username check: {"path":"/workflows","userId":"a3e3a51a-175c-4b59-ad03-227ba12a18b0","provider":"email","role":"free","username":"nstoddard17","hasUsername":true,"isBetaTester":false,"isNewBetaUser":false,"accountAge":12926237381}
[2025-10-26T15:35:24.852Z] [INFO   ] 2025-10-26T15:35:24.852Z [DEBUG] [Username Check] {"userId":"a3e3a51a-175c-4b59-ad03-227ba12a18b0","hasEmail":true,"provider":"email","hasUsername":true,"isGoogleUser":false}
[2025-10-26T15:35:42.077Z] [INFO   ]  [32m[1m✓[22m[39m Compiled in 384ms (995 modules)
[2025-10-26T15:35:42.311Z] [INFO   ] 2025-10-26T15:35:42.311Z [DEBUG] [Middleware] Username check: {"path":"/workflows","userId":"a3e3a51a-175c-4b59-ad03-227ba12a18b0","provider":"email","role":"free","username":"nstoddard17","hasUsername":true,"isBetaTester":false,"isNewBetaUser":false,"accountAge":12926254912}
[2025-10-26T15:35:42.381Z] [INFO   ] 2025-10-26T15:35:42.381Z [DEBUG] [Username Check] {"userId":"a3e3a51a-175c-4b59-ad03-227ba12a18b0","hasEmail":true,"provider":"email","hasUsername":true,"isGoogleUser":false}
[2025-10-26T15:43:18.981Z] [INFO   ]  [37m[1m○[22m[39m Compiling /api/organizations ...
[2025-10-26T15:43:20.997Z] [INFO   ] 2025-10-26T15:43:20.997Z [DEBUG] [Middleware] Username check: {"path":"/settings","userId":"a3e3a51a-175c-4b59-ad03-227ba12a18b0","provider":"email","role":"free","username":"nstoddard17","hasUsername":true,"isBetaTester":false,"isNewBetaUser":false,"accountAge":12926713598}
[2025-10-26T15:43:21.041Z] [INFO   ]  [32m[1m✓[22m[39m Compiled /api/organizations in 3.4s (3431 modules)
[2025-10-26T15:43:21.346Z] [INFO   ]  [32m[1m✓[22m[39m Compiled (3433 modules)
[2025-10-26T15:43:21.858Z] [INFO   ] 2025-10-26T15:43:21.857Z [DEBUG] [Username Check] {"userId":"a3e3a51a-175c-4b59-ad03-227ba12a18b0","hasEmail":true,"provider":"email","hasUsername":true,"isGoogleUser":false}
[2025-10-26T15:43:22.369Z] [INFO   ]  [32m[1m✓[22m[39m Compiled /api/auth/2fa/status in 336ms (3435 modules)
[2025-10-26T15:43:22.717Z] [INFO   ]  [32m[1m✓[22m[39m Compiled in 0ms (3435 modules)
[2025-10-26T15:43:23.124Z] [INFO   ]  [32m[1m✓[22m[39m Compiled in 1ms (3435 modules)
[2025-10-26T15:43:23.506Z] [INFO   ]  [32m[1m✓[22m[39m Compiled in 1ms (3435 modules)
[2025-10-26T15:43:23.880Z] [INFO   ]  [32m[1m✓[22m[39m Compiled in 0ms (3435 modules)
[2025-10-26T15:43:24.344Z] [INFO   ]  [32m[1m✓[22m[39m Compiled in 0ms (3435 modules)
[2025-10-26T15:43:24.712Z] [INFO   ]  [32m[1m✓[22m[39m Compiled in 0ms (3435 modules)
[2025-10-26T15:43:25.087Z] [INFO   ]  [32m[1m✓[22m[39m Compiled in 0ms (3435 modules)
[2025-10-26T15:43:25.470Z] [INFO   ] 2025-10-26T15:43:25.470Z [DEBUG] [Middleware] Username check: {"path":"/workflows","userId":"a3e3a51a-175c-4b59-ad03-227ba12a18b0","provider":"email","role":"free","username":"nstoddard17","hasUsername":true,"isBetaTester":false,"isNewBetaUser":false,"accountAge":12926718071}
[2025-10-26T15:43:25.495Z] [INFO   ]  [32m[1m✓[22m[39m Compiled in 0ms (3435 modules)
[2025-10-26T15:43:25.821Z] [INFO   ]  [32m[1m✓[22m[39m Compiled in 0ms (3435 modules)
[2025-10-26T15:43:26.145Z] [INFO   ]  [32m[1m✓[22m[39m Compiled in 1ms (3435 modules)
[2025-10-26T15:43:26.566Z] [INFO   ] 2025-10-26T15:43:26.565Z [DEBUG] [Username Check] {"userId":"a3e3a51a-175c-4b59-ad03-227ba12a18b0","hasEmail":true,"provider":"email","hasUsername":true,"isGoogleUser":false}
[2025-10-26T15:45:47.995Z] [INFO   ]  [32m[1m✓[22m[39m Compiled in 1422ms (995 modules)
[2025-10-26T15:45:48.285Z] [INFO   ] 2025-10-26T15:45:48.284Z [DEBUG] [Middleware] Username check: {"path":"/workflows","userId":"a3e3a51a-175c-4b59-ad03-227ba12a18b0","provider":"email","role":"free","username":"nstoddard17","hasUsername":true,"isBetaTester":false,"isNewBetaUser":false,"accountAge":12926860885}
[2025-10-26T15:45:48.510Z] [INFO   ] 2025-10-26T15:45:48.509Z [DEBUG] [Username Check] {"userId":"a3e3a51a-175c-4b59-ad03-227ba12a18b0","hasEmail":true,"provider":"email","hasUsername":true,"isGoogleUser":false}
[2025-10-26T15:45:50.519Z] [INFO   ]  [32m[1m✓[22m[39m Compiled in 402ms (995 modules)
[2025-10-26T15:45:50.658Z] [INFO   ] 2025-10-26T15:45:50.658Z [DEBUG] [Middleware] Username check: {"path":"/workflows","userId":"a3e3a51a-175c-4b59-ad03-227ba12a18b0","provider":"email","role":"free","username":"nstoddard17","hasUsername":true,"isBetaTester":false,"isNewBetaUser":false,"accountAge":12926863259}
[2025-10-26T15:45:50.731Z] [INFO   ] 2025-10-26T15:45:50.730Z [DEBUG] [Username Check] {"userId":"a3e3a51a-175c-4b59-ad03-227ba12a18b0","hasEmail":true,"provider":"email","hasUsername":true,"isGoogleUser":false}
[2025-10-26T15:45:55.646Z] [INFO   ]  [32m[1m✓[22m[39m Compiled in 813ms (995 modules)
[2025-10-26T15:45:55.866Z] [INFO   ] 2025-10-26T15:45:55.866Z [DEBUG] [Middleware] Username check: {"path":"/workflows","userId":"a3e3a51a-175c-4b59-ad03-227ba12a18b0","provider":"email","role":"free","username":"nstoddard17","hasUsername":true,"isBetaTester":false,"isNewBetaUser":false,"accountAge":12926868467}
[2025-10-26T15:45:55.946Z] [INFO   ] 2025-10-26T15:45:55.946Z [DEBUG] [Username Check] {"userId":"a3e3a51a-175c-4b59-ad03-227ba12a18b0","hasEmail":true,"provider":"email","hasUsername":true,"isGoogleUser":false}
[2025-10-26T15:46:54.493Z] [INFO   ]  [32m[1m✓[22m[39m Compiled in 483ms (995 modules)
[2025-10-26T15:46:54.715Z] [INFO   ] 2025-10-26T15:46:54.715Z [DEBUG] [Middleware] Username check: {"path":"/workflows","userId":"a3e3a51a-175c-4b59-ad03-227ba12a18b0","provider":"email","role":"free","username":"nstoddard17","hasUsername":true,"isBetaTester":false,"isNewBetaUser":false,"accountAge":12926927316}
[2025-10-26T15:46:54.813Z] [INFO   ] 2025-10-26T15:46:54.813Z [DEBUG] [Username Check] {"userId":"a3e3a51a-175c-4b59-ad03-227ba12a18b0","hasEmail":true,"provider":"email","hasUsername":true,"isGoogleUser":false}
[2025-10-26T15:47:00.525Z] [INFO   ]  [32m[1m✓[22m[39m Compiled in 368ms (995 modules)
[2025-10-26T15:47:00.756Z] [INFO   ] 2025-10-26T15:47:00.756Z [DEBUG] [Middleware] Username check: {"path":"/workflows","userId":"a3e3a51a-175c-4b59-ad03-227ba12a18b0","provider":"email","role":"free","username":"nstoddard17","hasUsername":true,"isBetaTester":false,"isNewBetaUser":false,"accountAge":12926933357}
[2025-10-26T15:47:00.830Z] [INFO   ] 2025-10-26T15:47:00.830Z [DEBUG] [Username Check] {"userId":"a3e3a51a-175c-4b59-ad03-227ba12a18b0","hasEmail":true,"provider":"email","hasUsername":true,"isGoogleUser":false}
[2025-10-26T15:47:05.676Z] [INFO   ]  [32m[1m✓[22m[39m Compiled in 752ms (995 modules)
[2025-10-26T15:47:05.907Z] [INFO   ] 2025-10-26T15:47:05.907Z [DEBUG] [Middleware] Username check: {"path":"/workflows","userId":"a3e3a51a-175c-4b59-ad03-227ba12a18b0","provider":"email","role":"free","username":"nstoddard17","hasUsername":true,"isBetaTester":false,"isNewBetaUser":false,"accountAge":12926938508}
[2025-10-26T15:47:05.996Z] [INFO   ] 2025-10-26T15:47:05.996Z [DEBUG] [Username Check] {"userId":"a3e3a51a-175c-4b59-ad03-227ba12a18b0","hasEmail":true,"provider":"email","hasUsername":true,"isGoogleUser":false}
[2025-10-26T15:47:19.171Z] [INFO   ]  [32m[1m✓[22m[39m Compiled in 406ms (995 modules)
[2025-10-26T15:47:19.382Z] [INFO   ] 2025-10-26T15:47:19.382Z [DEBUG] [Middleware] Username check: {"path":"/workflows","userId":"a3e3a51a-175c-4b59-ad03-227ba12a18b0","provider":"email","role":"free","username":"nstoddard17","hasUsername":true,"isBetaTester":false,"isNewBetaUser":false,"accountAge":12926951983}
[2025-10-26T15:47:19.460Z] [INFO   ] 2025-10-26T15:47:19.460Z [DEBUG] [Username Check] {"userId":"a3e3a51a-175c-4b59-ad03-227ba12a18b0","hasEmail":true,"provider":"email","hasUsername":true,"isGoogleUser":false}
[2025-10-26T15:47:25.913Z] [INFO   ]  [32m[1m✓[22m[39m Compiled in 334ms (995 modules)
[2025-10-26T15:47:26.121Z] [INFO   ] 2025-10-26T15:47:26.121Z [DEBUG] [Middleware] Username check: {"path":"/workflows","userId":"a3e3a51a-175c-4b59-ad03-227ba12a18b0","provider":"email","role":"free","username":"nstoddard17","hasUsername":true,"isBetaTester":false,"isNewBetaUser":false,"accountAge":12926958722}
[2025-10-26T15:47:26.186Z] [INFO   ] 2025-10-26T15:47:26.186Z [DEBUG] [Username Check] {"userId":"a3e3a51a-175c-4b59-ad03-227ba12a18b0","hasEmail":true,"provider":"email","hasUsername":true,"isGoogleUser":false}
[2025-10-26T15:47:32.769Z] [INFO   ]  [32m[1m✓[22m[39m Compiled in 344ms (995 modules)
[2025-10-26T15:47:33.000Z] [INFO   ] 2025-10-26T15:47:33.000Z [DEBUG] [Middleware] Username check: {"path":"/workflows","userId":"a3e3a51a-175c-4b59-ad03-227ba12a18b0","provider":"email","role":"free","username":"nstoddard17","hasUsername":true,"isBetaTester":false,"isNewBetaUser":false,"accountAge":12926965601}
[2025-10-26T15:47:33.072Z] [INFO   ] 2025-10-26T15:47:33.072Z [DEBUG] [Username Check] {"userId":"a3e3a51a-175c-4b59-ad03-227ba12a18b0","hasEmail":true,"provider":"email","hasUsername":true,"isGoogleUser":false}
[2025-10-26T15:48:11.462Z] [INFO   ]  [32m[1m✓[22m[39m Compiled in 727ms (995 modules)
[2025-10-26T15:48:11.718Z] [INFO   ] 2025-10-26T15:48:11.718Z [DEBUG] [Middleware] Username check: {"path":"/workflows","userId":"a3e3a51a-175c-4b59-ad03-227ba12a18b0","provider":"email","role":"free","username":"nstoddard17","hasUsername":true,"isBetaTester":false,"isNewBetaUser":false,"accountAge":12927004319}
[2025-10-26T15:48:11.797Z] [INFO   ] 2025-10-26T15:48:11.797Z [DEBUG] [Username Check] {"userId":"a3e3a51a-175c-4b59-ad03-227ba12a18b0","hasEmail":true,"provider":"email","hasUsername":true,"isGoogleUser":false}
[2025-10-26T15:48:29.266Z] [INFO   ]  [32m[1m✓[22m[39m Compiled in 407ms (995 modules)
[2025-10-26T15:48:29.476Z] [INFO   ] 2025-10-26T15:48:29.476Z [DEBUG] [Middleware] Username check: {"path":"/workflows","userId":"a3e3a51a-175c-4b59-ad03-227ba12a18b0","provider":"email","role":"free","username":"nstoddard17","hasUsername":true,"isBetaTester":false,"isNewBetaUser":false,"accountAge":12927022077}
[2025-10-26T15:48:29.562Z] [INFO   ] 2025-10-26T15:48:29.562Z [DEBUG] [Username Check] {"userId":"a3e3a51a-175c-4b59-ad03-227ba12a18b0","hasEmail":true,"provider":"email","hasUsername":true,"isGoogleUser":false}
[2025-10-26T15:48:34.256Z] [INFO   ]  [32m[1m✓[22m[39m Compiled in 350ms (995 modules)
[2025-10-26T15:48:34.482Z] [INFO   ] 2025-10-26T15:48:34.481Z [DEBUG] [Middleware] Username check: {"path":"/workflows","userId":"a3e3a51a-175c-4b59-ad03-227ba12a18b0","provider":"email","role":"free","username":"nstoddard17","hasUsername":true,"isBetaTester":false,"isNewBetaUser":false,"accountAge":12927027082}
[2025-10-26T15:48:34.554Z] [INFO   ] 2025-10-26T15:48:34.554Z [DEBUG] [Username Check] {"userId":"a3e3a51a-175c-4b59-ad03-227ba12a18b0","hasEmail":true,"provider":"email","hasUsername":true,"isGoogleUser":false}
[2025-10-26T15:48:53.660Z] [INFO   ]  [32m[1m✓[22m[39m Compiled in 625ms (995 modules)
[2025-10-26T15:48:53.913Z] [INFO   ] 2025-10-26T15:48:53.913Z [DEBUG] [Middleware] Username check: {"path":"/workflows","userId":"a3e3a51a-175c-4b59-ad03-227ba12a18b0","provider":"email","role":"free","username":"nstoddard17","hasUsername":true,"isBetaTester":false,"isNewBetaUser":false,"accountAge":12927046514}
[2025-10-26T15:48:53.989Z] [INFO   ] 2025-10-26T15:48:53.989Z [DEBUG] [Username Check] {"userId":"a3e3a51a-175c-4b59-ad03-227ba12a18b0","hasEmail":true,"provider":"email","hasUsername":true,"isGoogleUser":false}
[2025-10-26T15:49:23.802Z] [INFO   ]  [32m[1m✓[22m[39m Compiled in 862ms (995 modules)
[2025-10-26T15:49:24.330Z] [INFO   ] 2025-10-26T15:49:24.330Z [DEBUG] [Middleware] Username check: {"path":"/workflows","userId":"a3e3a51a-175c-4b59-ad03-227ba12a18b0","provider":"email","role":"free","username":"nstoddard17","hasUsername":true,"isBetaTester":false,"isNewBetaUser":false,"accountAge":12927076931}
[2025-10-26T15:49:24.462Z] [INFO   ] 2025-10-26T15:49:24.462Z [DEBUG] [Username Check] {"userId":"a3e3a51a-175c-4b59-ad03-227ba12a18b0","hasEmail":true,"provider":"email","hasUsername":true,"isGoogleUser":false}
[2025-10-26T15:49:30.351Z] [INFO   ]  [32m[1m✓[22m[39m Compiled in 1434ms (995 modules)
[2025-10-26T15:49:30.607Z] [INFO   ] 2025-10-26T15:49:30.607Z [DEBUG] [Middleware] Username check: {"path":"/workflows","userId":"a3e3a51a-175c-4b59-ad03-227ba12a18b0","provider":"email","role":"free","username":"nstoddard17","hasUsername":true,"isBetaTester":false,"isNewBetaUser":false,"accountAge":12927083208}
[2025-10-26T15:49:30.697Z] [INFO   ] 2025-10-26T15:49:30.697Z [DEBUG] [Username Check] {"userId":"a3e3a51a-175c-4b59-ad03-227ba12a18b0","hasEmail":true,"provider":"email","hasUsername":true,"isGoogleUser":false}
[2025-10-26T15:49:55.699Z] [INFO   ]  [32m[1m✓[22m[39m Compiled in 1033ms (995 modules)
[2025-10-26T15:49:55.912Z] [INFO   ] 2025-10-26T15:49:55.912Z [DEBUG] [Middleware] Username check: {"path":"/workflows","userId":"a3e3a51a-175c-4b59-ad03-227ba12a18b0","provider":"email","role":"free","username":"nstoddard17","hasUsername":true,"isBetaTester":false,"isNewBetaUser":false,"accountAge":12927108513}
[2025-10-26T15:49:55.998Z] [INFO   ] 2025-10-26T15:49:55.998Z [DEBUG] [Username Check] {"userId":"a3e3a51a-175c-4b59-ad03-227ba12a18b0","hasEmail":true,"provider":"email","hasUsername":true,"isGoogleUser":false}
[2025-10-26T15:52:28.228Z] [INFO   ] 2025-10-26T15:52:28.227Z [DEBUG] [Middleware] Username check: {"path":"/workflows","userId":"a3e3a51a-175c-4b59-ad03-227ba12a18b0","provider":"email","role":"free","username":"nstoddard17","hasUsername":true,"isBetaTester":false,"isNewBetaUser":false,"accountAge":12927260828}
[2025-10-26T15:52:28.606Z] [INFO   ] 2025-10-26T15:52:28.606Z [DEBUG] 💧 [AUTH] Rehydrating auth state from storage {"hasState":true,"hasUser":false,"initialized":false,"timestamp":"2025-10-26T15:52:28.606Z"}
[2025-10-26T15:52:28.613Z] [INFO   ] 2025-10-26T15:52:28.612Z [DEBUG] 💧 [AUTH] State hydrated and reset {"hasUser":false,"initialized":false,"timestamp":"2025-10-26T15:52:28.612Z"}
[2025-10-26T15:52:28.613Z] [INFO   ] 2025-10-26T15:52:28.613Z [DEBUG] ⏭️ [AUTH] Skipping initialization {"hasState":true,"alreadyInitialized":false,"isClient":false,"timestamp":"2025-10-26T15:52:28.613Z"}
[2025-10-26T15:52:28.854Z] [INFO   ] 2025-10-26T15:52:28.853Z [DEBUG] [Username Check] {"userId":"a3e3a51a-175c-4b59-ad03-227ba12a18b0","hasEmail":true,"provider":"email","hasUsername":true,"isGoogleUser":false}
[2025-10-26T15:52:30.072Z] [INFO   ]  [37m[1m○[22m[39m Compiling /api/presence/count ...
[2025-10-26T15:52:31.469Z] [INFO   ]  [32m[1m✓[22m[39m Compiled /api/integrations in 2.4s (3384 modules)
[2025-10-26T15:52:32.008Z] [INFO   ]  [32m[1m✓[22m[39m Compiled (3388 modules)
[2025-10-26T15:52:32.162Z] [INFO   ] 2025-10-26T15:52:32.162Z [DEBUG] 📍 [API /api/integrations] GET request received {"timestamp":"2025-10-26T15:52:32.162Z","headers":{"referer":"check-console"}}
[2025-10-26T15:52:32.300Z] [INFO   ] 2025-10-26T15:52:32.300Z [DEBUG] ✅ [API /api/integrations] User authenticated {"userId":"a3e3a51a-175c-4b59-ad03-227ba12a18b0"}
[2025-10-26T15:52:32.399Z] [INFO   ] 2025-10-26T15:52:32.399Z [DEBUG] 📊 [API /api/integrations] Query result {"count":14,"error":null,"firstFew":[{"provider":"notion","status":"connected"},{"provider":"mailchimp","status":"connected"}]}
[2025-10-26T15:52:33.231Z] [INFO   ]  [32m[1m✓[22m[39m Compiled /api/analytics/workflow-stats in 349ms (3390 modules)
[2025-10-26T15:52:34.689Z] [INFO   ]  [32m[1m✓[22m[39m Compiled (3396 modules)
[2025-10-26T16:13:30.197Z] [INFO   ]  [32m[1m✓[22m[39m Compiled in 1406ms (995 modules)
[2025-10-26T16:13:30.496Z] [INFO   ] 2025-10-26T16:13:30.496Z [DEBUG] [Middleware] Username check: {"path":"/workflows","userId":"a3e3a51a-175c-4b59-ad03-227ba12a18b0","provider":"email","role":"free","username":"nstoddard17","hasUsername":true,"isBetaTester":false,"isNewBetaUser":false,"accountAge":12928523097}
[2025-10-26T16:13:30.670Z] [INFO   ] 2025-10-26T16:13:30.670Z [DEBUG] [Username Check] {"userId":"a3e3a51a-175c-4b59-ad03-227ba12a18b0","hasEmail":true,"provider":"email","hasUsername":true,"isGoogleUser":false}
[2025-10-26T16:13:43.820Z] [INFO   ]  [32m[1m✓[22m[39m Compiled in 395ms (995 modules)
[2025-10-26T16:13:44.303Z] [INFO   ] 2025-10-26T16:13:44.303Z [DEBUG] [Middleware] Username check: {"path":"/workflows","userId":"a3e3a51a-175c-4b59-ad03-227ba12a18b0","provider":"email","role":"free","username":"nstoddard17","hasUsername":true,"isBetaTester":false,"isNewBetaUser":false,"accountAge":12928536903}
[2025-10-26T16:13:44.441Z] [INFO   ] 2025-10-26T16:13:44.441Z [DEBUG] [Username Check] {"userId":"a3e3a51a-175c-4b59-ad03-227ba12a18b0","hasEmail":true,"provider":"email","hasUsername":true,"isGoogleUser":false}
[2025-10-26T16:14:04.305Z] [INFO   ]  [32m[1m✓[22m[39m Compiled in 1361ms (995 modules)
[2025-10-26T16:14:04.544Z] [INFO   ] 2025-10-26T16:14:04.544Z [DEBUG] [Middleware] Username check: {"path":"/workflows","userId":"a3e3a51a-175c-4b59-ad03-227ba12a18b0","provider":"email","role":"free","username":"nstoddard17","hasUsername":true,"isBetaTester":false,"isNewBetaUser":false,"accountAge":12928557145}
[2025-10-26T16:14:04.637Z] [INFO   ] 2025-10-26T16:14:04.637Z [DEBUG] [Username Check] {"userId":"a3e3a51a-175c-4b59-ad03-227ba12a18b0","hasEmail":true,"provider":"email","hasUsername":true,"isGoogleUser":false}
[2025-10-26T16:14:11.992Z] [INFO   ]  [32m[1m✓[22m[39m Compiled in 772ms (995 modules)
[2025-10-26T16:14:12.376Z] [INFO   ] 2025-10-26T16:14:12.376Z [DEBUG] [Middleware] Username check: {"path":"/workflows","userId":"a3e3a51a-175c-4b59-ad03-227ba12a18b0","provider":"email","role":"free","username":"nstoddard17","hasUsername":true,"isBetaTester":false,"isNewBetaUser":false,"accountAge":12928564977}
[2025-10-26T16:14:12.475Z] [INFO   ] 2025-10-26T16:14:12.475Z [DEBUG] [Username Check] {"userId":"a3e3a51a-175c-4b59-ad03-227ba12a18b0","hasEmail":true,"provider":"email","hasUsername":true,"isGoogleUser":false}
[2025-10-26T16:16:40.335Z] [INFO   ]  [32m[1m✓[22m[39m Compiled in 966ms (995 modules)
[2025-10-26T16:16:40.674Z] [INFO   ] 2025-10-26T16:16:40.674Z [DEBUG] [Middleware] Username check: {"path":"/workflows","userId":"a3e3a51a-175c-4b59-ad03-227ba12a18b0","provider":"email","role":"free","username":"nstoddard17","hasUsername":true,"isBetaTester":false,"isNewBetaUser":false,"accountAge":12928713275}
[2025-10-26T16:16:40.777Z] [INFO   ] 2025-10-26T16:16:40.776Z [DEBUG] [Username Check] {"userId":"a3e3a51a-175c-4b59-ad03-227ba12a18b0","hasEmail":true,"provider":"email","hasUsername":true,"isGoogleUser":false}

=== Log Session Ended: 2025-10-26T16:18:38.878Z ===
