=== Log Session Started: 2025-11-12T04:21:48.116Z ===
Node Version: v23.7.0
Platform: darwin
Working Directory: /Users/nathanielstoddard/chainreact-app/chainreact-app-9e
================================================================================

[2025-11-12T04:21:48.116Z] [INFO   ] File logging initialized
[2025-11-12T04:21:48.116Z] [INFO   ] Log file: /Users/nathanielstoddard/chainreact-app/chainreact-app-9e/logs/workflow_2025-11-11_22-21-48.log
[2025-11-12T04:21:48.119Z] [INFO   ] Deleted old log file: workflow_2025-11-04_20-41-13.log
[2025-11-12T04:21:48.119Z] [INFO   ] Deleted old log file: workflow_2025-11-04_19-50-24.log
[2025-11-12T04:21:48.119Z] [INFO   ] 📁 File logging enabled
[2025-11-12T04:21:48.119Z] [INFO   ] 📝 Logs will be written to: /Users/nathanielstoddard/chainreact-app/chainreact-app-9e/logs/workflow_2025-11-11_22-21-48.log
[2025-11-12T04:21:48.119Z] [INFO   ] 💡 To view logs in real-time: tail -f /Users/nathanielstoddard/chainreact-app/chainreact-app-9e/logs/workflow_2025-11-11_22-21-48.log
[2025-11-12T04:21:48.120Z] [INFO   ] 💡 To view all logs: cat /Users/nathanielstoddard/chainreact-app/chainreact-app-9e/logs/workflow_2025-11-11_22-21-48.log
[2025-11-12T04:21:48.120Z] [INFO   ] 💡 To share logs: Copy the file at /Users/nathanielstoddard/chainreact-app/chainreact-app-9e/logs/workflow_2025-11-11_22-21-48.log
[2025-11-12T04:21:48.120Z] [INFO   ] --------------------------------------------------------------------------------
[2025-11-12T04:21:48.120Z] [DEBUG  ] 📁 File logging system initialized
[2025-11-12T04:21:48.139Z] [INFO   ]  [32m[1m✓[22m[39m Ready in 4.4s
[2025-11-12T04:21:49.123Z] [INFO   ] 2025-11-12T04:21:49.123Z [DEBUG] 🤖 Discord bot configured, initializing gateway connection in background...
[2025-11-12T04:21:51.548Z] [INFO   ] 2025-11-12T04:21:51.548Z [DEBUG] Initializing Discord Gateway connection (singleton)...
[2025-11-12T04:21:51.549Z] [INFO   ] 2025-11-12T04:21:51.549Z [DEBUG] 🔑 Discord bot token loaded
[2025-11-12T04:21:51.769Z] [INFO   ] 2025-11-12T04:21:51.769Z [DEBUG] Discord Gateway initialization complete
[2025-11-12T04:21:51.769Z] [INFO   ] 2025-11-12T04:21:51.769Z [DEBUG] ✅ Discord bot gateway connection initialized
[2025-11-12T04:21:51.961Z] [INFO   ] 2025-11-12T04:21:51.961Z [DEBUG] Discord Gateway WebSocket connection established
[2025-11-12T04:21:51.961Z] [INFO   ] 2025-11-12T04:21:51.961Z [DEBUG] 🔑 Sending identify with intents: {"GUILDS":true,"GUILD_MEMBERS":true,"GUILD_INVITES":true,"GUILD_MESSAGES":true,"MESSAGE_CONTENT":true,"intentsValue":33347}
[2025-11-12T04:22:01.403Z] [INFO   ]  [37m[1m○[22m[39m Compiling /test/nodes ...
[2025-11-12T04:22:07.244Z] [INFO   ]  [32m[1m✓[22m[39m Compiled /test/nodes in 6.3s (5339 modules)
[2025-11-12T04:22:07.840Z] [INFO   ] 2025-11-12T04:22:07.840Z [DEBUG] 💧 [AUTH] Rehydrating auth state from storage {"hasState":true,"hasUser":false,"initialized":false,"timestamp":"2025-11-12T04:22:07.840Z"}
[2025-11-12T04:22:07.853Z] [INFO   ] 2025-11-12T04:22:07.852Z [DEBUG] 💧 [AUTH] State hydrated and reset {"hasUser":false,"initialized":false,"timestamp":"2025-11-12T04:22:07.852Z"}
[2025-11-12T04:22:07.853Z] [INFO   ] 2025-11-12T04:22:07.853Z [DEBUG] ⏭️ [AUTH] Skipping initialization {"hasState":true,"alreadyInitialized":false,"isClient":false,"timestamp":"2025-11-12T04:22:07.853Z"}
[2025-11-12T04:22:08.558Z] [INFO   ]  [32m[1m✓[22m[39m Compiled in 1275ms (1179 modules)
[2025-11-12T04:22:09.609Z] [INFO   ]  [37m[1m○[22m[39m Compiling /api/presence/count ...
[2025-11-12T04:22:10.946Z] [INFO   ]  [32m[1m✓[22m[39m Compiled /api/presence/count in 1870ms (5684 modules)
[2025-11-12T04:22:11.896Z] [INFO   ]  [37m[1m○[22m[39m Compiling /api/integrations ...
[2025-11-12T04:22:12.062Z] [INFO   ]  [32m[1m✓[22m[39m Compiled /api/integrations in 715ms (5454 modules)
[2025-11-12T04:22:12.171Z] [INFO   ] 2025-11-12T04:22:12.171Z [DEBUG] 📍 [API /api/integrations] GET request received {"timestamp":"2025-11-12T04:22:12.171Z","url":"http://localhost:3000/api/integrations?workspace_type=personal"}
[2025-11-12T04:22:12.297Z] [INFO   ] 2025-11-12T04:22:12.297Z [DEBUG] ✅ [API /api/integrations] User authenticated {"userId":"a3e3a51a-175c-4b59-ad03-227ba12a18b0"}
[2025-11-12T04:22:12.297Z] [INFO   ] 2025-11-12T04:22:12.297Z [DEBUG] 🏠 [API /api/integrations] Workspace context {"workspaceType":"personal","workspaceId":null}
[2025-11-12T04:22:12.441Z] [INFO   ] 2025-11-12T04:22:12.441Z [DEBUG] 📊 [API /api/integrations] Parallel query results {"workspaceType":"personal","workspaceId":null,"integrationsCount":10,"permissionsCount":4,"integrationsError":null,"permissionsError":null}
[2025-11-12T04:22:12.441Z] [INFO   ] 2025-11-12T04:22:12.441Z [DEBUG] 📋 [API /api/integrations] Using explicit permission {"integrationId":"580105eb-df9a-4b0a-a934-43e5a99f9bb8","provider":"discord","permission":"admin"}
[2025-11-12T04:22:12.441Z] [INFO   ] 2025-11-12T04:22:12.441Z [DEBUG] 📋 [API /api/integrations] Using implicit permission {"integrationId":"0e7c83e0-6c16-48f6-b7d8-77d3592dca01","provider":"github","permission":"admin","reason":"connected_by"}
[2025-11-12T04:22:12.442Z] [INFO   ] 2025-11-12T04:22:12.441Z [DEBUG] 📋 [API /api/integrations] Using implicit permission {"integrationId":"6f959e59-18c3-47f0-a20f-cc8a268ceb21","provider":"hubspot","permission":"admin","reason":"connected_by"}
[2025-11-12T04:22:12.442Z] [INFO   ] 2025-11-12T04:22:12.442Z [DEBUG] 📋 [API /api/integrations] Using implicit permission {"integrationId":"cb175247-1caa-430b-85c0-dd7ca5ca370b","provider":"google-drive","permission":"admin","reason":"connected_by"}
[2025-11-12T04:22:12.442Z] [INFO   ] 2025-11-12T04:22:12.442Z [DEBUG] 📋 [API /api/integrations] Using explicit permission {"integrationId":"15a626c1-ecf2-4635-a287-1ddc3967a6ce","provider":"gmail","permission":"admin"}
[2025-11-12T04:22:12.442Z] [INFO   ] 2025-11-12T04:22:12.442Z [DEBUG] 📋 [API /api/integrations] Using explicit permission {"integrationId":"dc6cd712-ac50-45b5-86b6-4ff9963c7aa8","provider":"google-sheets","permission":"admin"}
[2025-11-12T04:22:12.442Z] [INFO   ] 2025-11-12T04:22:12.442Z [DEBUG] 📋 [API /api/integrations] Using implicit permission {"integrationId":"3d77fbe9-de84-47a8-ba84-a80981ffd516","provider":"google-calendar","permission":"admin","reason":"connected_by"}
[2025-11-12T04:22:12.442Z] [INFO   ] 2025-11-12T04:22:12.442Z [DEBUG] 📋 [API /api/integrations] Using implicit permission {"integrationId":"a6595fc9-22fe-43dc-82a9-a3301cb3b373","provider":"google-docs","permission":"admin","reason":"connected_by"}
[2025-11-12T04:22:12.442Z] [INFO   ] 2025-11-12T04:22:12.442Z [DEBUG] 📋 [API /api/integrations] Using explicit permission {"integrationId":"8ef5c519-18a9-4a81-829e-b7a48b58f668","provider":"gumroad","permission":"admin"}
[2025-11-12T04:22:12.442Z] [INFO   ] 2025-11-12T04:22:12.442Z [DEBUG] 📋 [API /api/integrations] Using implicit permission {"integrationId":"91c85768-928a-445d-89ae-28521f5ee7f2","provider":"google-analytics","permission":"admin","reason":"connected_by"}
[2025-11-12T04:22:12.442Z] [INFO   ] 2025-11-12T04:22:12.442Z [DEBUG] ✅ [API /api/integrations] Returning integrations {"count":10,"workspaceType":"personal"}
[2025-11-12T04:22:26.518Z] [INFO   ] 2025-11-12T04:22:26.517Z [DEBUG] 💧 [AUTH] Rehydrating auth state from storage {"hasState":true,"hasUser":false,"initialized":false,"timestamp":"2025-11-12T04:22:26.517Z"}
[2025-11-12T04:22:26.530Z] [INFO   ] 2025-11-12T04:22:26.530Z [DEBUG] 💧 [AUTH] State hydrated and reset {"hasUser":false,"initialized":false,"timestamp":"2025-11-12T04:22:26.530Z"}
[2025-11-12T04:22:26.530Z] [INFO   ] 2025-11-12T04:22:26.530Z [DEBUG] ⏭️ [AUTH] Skipping initialization {"hasState":true,"alreadyInitialized":false,"isClient":false,"timestamp":"2025-11-12T04:22:26.530Z"}
[2025-11-12T04:22:27.849Z] [INFO   ] 2025-11-12T04:22:27.849Z [DEBUG] 📍 [API /api/integrations] GET request received {"timestamp":"2025-11-12T04:22:27.849Z","url":"http://localhost:3000/api/integrations?workspace_type=personal"}
[2025-11-12T04:22:27.997Z] [INFO   ] 2025-11-12T04:22:27.997Z [DEBUG] ✅ [API /api/integrations] User authenticated {"userId":"a3e3a51a-175c-4b59-ad03-227ba12a18b0"}
[2025-11-12T04:22:27.997Z] [INFO   ] 2025-11-12T04:22:27.997Z [DEBUG] 🏠 [API /api/integrations] Workspace context {"workspaceType":"personal","workspaceId":null}
[2025-11-12T04:22:28.085Z] [INFO   ] 2025-11-12T04:22:28.084Z [DEBUG] 📊 [API /api/integrations] Parallel query results {"workspaceType":"personal","workspaceId":null,"integrationsCount":10,"permissionsCount":4,"integrationsError":null,"permissionsError":null}
[2025-11-12T04:22:28.085Z] [INFO   ] 2025-11-12T04:22:28.085Z [DEBUG] 📋 [API /api/integrations] Using explicit permission {"integrationId":"580105eb-df9a-4b0a-a934-43e5a99f9bb8","provider":"discord","permission":"admin"}
[2025-11-12T04:22:28.085Z] [INFO   ] 2025-11-12T04:22:28.085Z [DEBUG] 📋 [API /api/integrations] Using implicit permission {"integrationId":"0e7c83e0-6c16-48f6-b7d8-77d3592dca01","provider":"github","permission":"admin","reason":"connected_by"}
[2025-11-12T04:22:28.085Z] [INFO   ] 2025-11-12T04:22:28.085Z [DEBUG] 📋 [API /api/integrations] Using implicit permission {"integrationId":"6f959e59-18c3-47f0-a20f-cc8a268ceb21","provider":"hubspot","permission":"admin","reason":"connected_by"}
[2025-11-12T04:22:28.085Z] [INFO   ] 2025-11-12T04:22:28.085Z [DEBUG] 📋 [API /api/integrations] Using implicit permission {"integrationId":"cb175247-1caa-430b-85c0-dd7ca5ca370b","provider":"google-drive","permission":"admin","reason":"connected_by"}
[2025-11-12T04:22:28.085Z] [INFO   ] 2025-11-12T04:22:28.085Z [DEBUG] 📋 [API /api/integrations] Using explicit permission {"integrationId":"15a626c1-ecf2-4635-a287-1ddc3967a6ce","provider":"gmail","permission":"admin"}
[2025-11-12T04:22:28.085Z] [INFO   ] 2025-11-12T04:22:28.085Z [DEBUG] 📋 [API /api/integrations] Using explicit permission {"integrationId":"dc6cd712-ac50-45b5-86b6-4ff9963c7aa8","provider":"google-sheets","permission":"admin"}
[2025-11-12T04:22:28.085Z] [INFO   ] 2025-11-12T04:22:28.085Z [DEBUG] 📋 [API /api/integrations] Using implicit permission {"integrationId":"3d77fbe9-de84-47a8-ba84-a80981ffd516","provider":"google-calendar","permission":"admin","reason":"connected_by"}
[2025-11-12T04:22:28.085Z] [INFO   ] 2025-11-12T04:22:28.085Z [DEBUG] 📋 [API /api/integrations] Using implicit permission {"integrationId":"a6595fc9-22fe-43dc-82a9-a3301cb3b373","provider":"google-docs","permission":"admin","reason":"connected_by"}
[2025-11-12T04:22:28.085Z] [INFO   ] 2025-11-12T04:22:28.085Z [DEBUG] 📋 [API /api/integrations] Using explicit permission {"integrationId":"8ef5c519-18a9-4a81-829e-b7a48b58f668","provider":"gumroad","permission":"admin"}
[2025-11-12T04:22:28.085Z] [INFO   ] 2025-11-12T04:22:28.085Z [DEBUG] 📋 [API /api/integrations] Using implicit permission {"integrationId":"91c85768-928a-445d-89ae-28521f5ee7f2","provider":"google-analytics","permission":"admin","reason":"connected_by"}
[2025-11-12T04:22:28.085Z] [INFO   ] 2025-11-12T04:22:28.085Z [DEBUG] ✅ [API /api/integrations] Returning integrations {"count":10,"workspaceType":"personal"}
[2025-11-12T04:22:34.453Z] [INFO   ] 2025-11-12T04:22:34.453Z [DEBUG] 📍 [API /api/integrations] GET request received {"timestamp":"2025-11-12T04:22:34.453Z","url":"http://localhost:3000/api/integrations?workspace_type=personal"}
[2025-11-12T04:22:34.586Z] [INFO   ] 2025-11-12T04:22:34.586Z [DEBUG] ✅ [API /api/integrations] User authenticated {"userId":"a3e3a51a-175c-4b59-ad03-227ba12a18b0"}
[2025-11-12T04:22:34.586Z] [INFO   ] 2025-11-12T04:22:34.586Z [DEBUG] 🏠 [API /api/integrations] Workspace context {"workspaceType":"personal","workspaceId":null}
[2025-11-12T04:22:34.803Z] [INFO   ] 2025-11-12T04:22:34.803Z [DEBUG] 📊 [API /api/integrations] Parallel query results {"workspaceType":"personal","workspaceId":null,"integrationsCount":10,"permissionsCount":4,"integrationsError":null,"permissionsError":null}
[2025-11-12T04:22:34.803Z] [INFO   ] 2025-11-12T04:22:34.803Z [DEBUG] 📋 [API /api/integrations] Using explicit permission {"integrationId":"580105eb-df9a-4b0a-a934-43e5a99f9bb8","provider":"discord","permission":"admin"}
[2025-11-12T04:22:34.803Z] [INFO   ] 2025-11-12T04:22:34.803Z [DEBUG] 📋 [API /api/integrations] Using implicit permission {"integrationId":"0e7c83e0-6c16-48f6-b7d8-77d3592dca01","provider":"github","permission":"admin","reason":"connected_by"}
[2025-11-12T04:22:34.803Z] [INFO   ] 2025-11-12T04:22:34.803Z [DEBUG] 📋 [API /api/integrations] Using implicit permission {"integrationId":"6f959e59-18c3-47f0-a20f-cc8a268ceb21","provider":"hubspot","permission":"admin","reason":"connected_by"}
[2025-11-12T04:22:34.803Z] [INFO   ] 2025-11-12T04:22:34.803Z [DEBUG] 📋 [API /api/integrations] Using implicit permission {"integrationId":"cb175247-1caa-430b-85c0-dd7ca5ca370b","provider":"google-drive","permission":"admin","reason":"connected_by"}
[2025-11-12T04:22:34.803Z] [INFO   ] 2025-11-12T04:22:34.803Z [DEBUG] 📋 [API /api/integrations] Using explicit permission {"integrationId":"15a626c1-ecf2-4635-a287-1ddc3967a6ce","provider":"gmail","permission":"admin"}
[2025-11-12T04:22:34.803Z] [INFO   ] 2025-11-12T04:22:34.803Z [DEBUG] 📋 [API /api/integrations] Using explicit permission {"integrationId":"dc6cd712-ac50-45b5-86b6-4ff9963c7aa8","provider":"google-sheets","permission":"admin"}
[2025-11-12T04:22:34.803Z] [INFO   ] 2025-11-12T04:22:34.803Z [DEBUG] 📋 [API /api/integrations] Using implicit permission {"integrationId":"3d77fbe9-de84-47a8-ba84-a80981ffd516","provider":"google-calendar","permission":"admin","reason":"connected_by"}
[2025-11-12T04:22:34.803Z] [INFO   ] 2025-11-12T04:22:34.803Z [DEBUG] 📋 [API /api/integrations] Using implicit permission {"integrationId":"a6595fc9-22fe-43dc-82a9-a3301cb3b373","provider":"google-docs","permission":"admin","reason":"connected_by"}
[2025-11-12T04:22:34.803Z] [INFO   ] 2025-11-12T04:22:34.803Z [DEBUG] 📋 [API /api/integrations] Using explicit permission {"integrationId":"8ef5c519-18a9-4a81-829e-b7a48b58f668","provider":"gumroad","permission":"admin"}
[2025-11-12T04:22:34.803Z] [INFO   ] 2025-11-12T04:22:34.803Z [DEBUG] 📋 [API /api/integrations] Using implicit permission {"integrationId":"91c85768-928a-445d-89ae-28521f5ee7f2","provider":"google-analytics","permission":"admin","reason":"connected_by"}
[2025-11-12T04:22:34.803Z] [INFO   ] 2025-11-12T04:22:34.803Z [DEBUG] ✅ [API /api/integrations] Returning integrations {"count":10,"workspaceType":"personal"}
[2025-11-12T04:22:40.037Z] [INFO   ] 2025-11-12T04:22:40.037Z [DEBUG] 📍 [API /api/integrations] GET request received {"timestamp":"2025-11-12T04:22:40.037Z","url":"http://localhost:3000/api/integrations?workspace_type=personal"}
[2025-11-12T04:22:40.177Z] [INFO   ] 2025-11-12T04:22:40.177Z [DEBUG] ✅ [API /api/integrations] User authenticated {"userId":"a3e3a51a-175c-4b59-ad03-227ba12a18b0"}
[2025-11-12T04:22:40.177Z] [INFO   ] 2025-11-12T04:22:40.177Z [DEBUG] 🏠 [API /api/integrations] Workspace context {"workspaceType":"personal","workspaceId":null}
[2025-11-12T04:22:40.268Z] [INFO   ] 2025-11-12T04:22:40.268Z [DEBUG] 📊 [API /api/integrations] Parallel query results {"workspaceType":"personal","workspaceId":null,"integrationsCount":10,"permissionsCount":4,"integrationsError":null,"permissionsError":null}
[2025-11-12T04:22:40.269Z] [INFO   ] 2025-11-12T04:22:40.269Z [DEBUG] 📋 [API /api/integrations] Using explicit permission {"integrationId":"580105eb-df9a-4b0a-a934-43e5a99f9bb8","provider":"discord","permission":"admin"}
[2025-11-12T04:22:40.269Z] [INFO   ] 2025-11-12T04:22:40.269Z [DEBUG] 📋 [API /api/integrations] Using implicit permission {"integrationId":"0e7c83e0-6c16-48f6-b7d8-77d3592dca01","provider":"github","permission":"admin","reason":"connected_by"}
[2025-11-12T04:22:40.269Z] [INFO   ] 2025-11-12T04:22:40.269Z [DEBUG] 📋 [API /api/integrations] Using implicit permission {"integrationId":"6f959e59-18c3-47f0-a20f-cc8a268ceb21","provider":"hubspot","permission":"admin","reason":"connected_by"}
[2025-11-12T04:22:40.269Z] [INFO   ] 2025-11-12T04:22:40.269Z [DEBUG] 📋 [API /api/integrations] Using implicit permission {"integrationId":"cb175247-1caa-430b-85c0-dd7ca5ca370b","provider":"google-drive","permission":"admin","reason":"connected_by"}
[2025-11-12T04:22:40.269Z] [INFO   ] 2025-11-12T04:22:40.269Z [DEBUG] 📋 [API /api/integrations] Using explicit permission {"integrationId":"15a626c1-ecf2-4635-a287-1ddc3967a6ce","provider":"gmail","permission":"admin"}
[2025-11-12T04:22:40.269Z] [INFO   ] 2025-11-12T04:22:40.269Z [DEBUG] 📋 [API /api/integrations] Using explicit permission {"integrationId":"dc6cd712-ac50-45b5-86b6-4ff9963c7aa8","provider":"google-sheets","permission":"admin"}
[2025-11-12T04:22:40.269Z] [INFO   ] 2025-11-12T04:22:40.269Z [DEBUG] 📋 [API /api/integrations] Using implicit permission {"integrationId":"3d77fbe9-de84-47a8-ba84-a80981ffd516","provider":"google-calendar","permission":"admin","reason":"connected_by"}
[2025-11-12T04:22:40.269Z] [INFO   ] 2025-11-12T04:22:40.269Z [DEBUG] 📋 [API /api/integrations] Using implicit permission {"integrationId":"a6595fc9-22fe-43dc-82a9-a3301cb3b373","provider":"google-docs","permission":"admin","reason":"connected_by"}
[2025-11-12T04:22:40.269Z] [INFO   ] 2025-11-12T04:22:40.269Z [DEBUG] 📋 [API /api/integrations] Using explicit permission {"integrationId":"8ef5c519-18a9-4a81-829e-b7a48b58f668","provider":"gumroad","permission":"admin"}
[2025-11-12T04:22:40.269Z] [INFO   ] 2025-11-12T04:22:40.269Z [DEBUG] 📋 [API /api/integrations] Using implicit permission {"integrationId":"91c85768-928a-445d-89ae-28521f5ee7f2","provider":"google-analytics","permission":"admin","reason":"connected_by"}
[2025-11-12T04:22:40.269Z] [INFO   ] 2025-11-12T04:22:40.269Z [DEBUG] ✅ [API /api/integrations] Returning integrations {"count":10,"workspaceType":"personal"}
[2025-11-12T04:23:17.198Z] [INFO   ]  [32m[1m✓[22m[39m Compiled in 1339ms (5468 modules)
[2025-11-12T04:27:35.575Z] [INFO   ]  [37m[1m○[22m[39m Compiling /api/integrations/hubspot/data ...
[2025-11-12T04:27:36.131Z] [INFO   ]  [32m[1m✓[22m[39m Compiled /api/integrations/hubspot/data in 1058ms (5453 modules)
[2025-11-12T04:27:36.350Z] [INFO   ] 2025-11-12T04:27:36.350Z [DEBUG] 📥 [HubSpot API] Received request: {"integrationId":"6f959e59-18c3-47f0-a20f-cc8a268ceb21","dataType":"hubspot_companies","options":{}}
[2025-11-12T04:27:36.351Z] [INFO   ] 2025-11-12T04:27:36.351Z [DEBUG] 📥 [HubSpot API] Received request: {"integrationId":"6f959e59-18c3-47f0-a20f-cc8a268ceb21","dataType":"hubspot_deals","options":{}}
[2025-11-12T04:27:36.351Z] [INFO   ] 2025-11-12T04:27:36.351Z [DEBUG] 📥 [HubSpot API] Received request: {"integrationId":"6f959e59-18c3-47f0-a20f-cc8a268ceb21","dataType":"hubspot_owners","options":{}}
[2025-11-12T04:27:36.351Z] [INFO   ] 2025-11-12T04:27:36.351Z [DEBUG] 📥 [HubSpot API] Received request: {"integrationId":"6f959e59-18c3-47f0-a20f-cc8a268ceb21","dataType":"hubspot_contacts","options":{}}
[2025-11-12T04:27:36.816Z] [INFO   ] 2025-11-12T04:27:36.816Z [DEBUG] 🔍 [HubSpot API] Processing request: {"integrationId":"6f959e59-18c3-47f0-a20f-cc8a268ceb21","dataType":"hubspot_deals","status":"connected","hasToken":true}
[2025-11-12T04:27:36.816Z] [INFO   ] 2025-11-12T04:27:36.816Z [DEBUG] 🔍 HubSpot deals fetcher called with integration: {"id":"6f959e59-18c3-47f0-a20f-cc8a268ceb21","provider":"hubspot","hasToken":true,"tokenLength":481}
[2025-11-12T04:27:36.816Z] [INFO   ] 2025-11-12T04:27:36.816Z [DEBUG] 🔍 Validating HubSpot token...
[2025-11-12T04:27:36.817Z] [INFO   ] 2025-11-12T04:27:36.817Z [DEBUG] 🔍 Fetching HubSpot deals from API...
[2025-11-12T04:27:36.827Z] [INFO   ] 2025-11-12T04:27:36.827Z [DEBUG] 🔍 [HubSpot API] Processing request: {"integrationId":"6f959e59-18c3-47f0-a20f-cc8a268ceb21","dataType":"hubspot_owners","status":"connected","hasToken":true}
[2025-11-12T04:27:36.829Z] [INFO   ] 2025-11-12T04:27:36.829Z [DEBUG] 🔍 [HubSpot API] Processing request: {"integrationId":"6f959e59-18c3-47f0-a20f-cc8a268ceb21","dataType":"hubspot_contacts","status":"connected","hasToken":true}
[2025-11-12T04:27:36.829Z] [INFO   ] 2025-11-12T04:27:36.829Z [DEBUG] 🔍 HubSpot contacts fetcher called with integration: {"id":"6f959e59-18c3-47f0-a20f-cc8a268ceb21","provider":"hubspot","hasToken":true,"tokenLength":481}
[2025-11-12T04:27:36.829Z] [INFO   ] 2025-11-12T04:27:36.829Z [DEBUG] 🔍 Validating HubSpot token...
[2025-11-12T04:27:36.829Z] [INFO   ] 2025-11-12T04:27:36.829Z [DEBUG] 🔍 Fetching HubSpot contacts from API...
[2025-11-12T04:27:36.833Z] [INFO   ] 2025-11-12T04:27:36.833Z [DEBUG] 🔍 [HubSpot API] Processing request: {"integrationId":"6f959e59-18c3-47f0-a20f-cc8a268ceb21","dataType":"hubspot_companies","status":"connected","hasToken":true}
[2025-11-12T04:27:36.833Z] [INFO   ] 2025-11-12T04:27:36.833Z [DEBUG] 🔍 HubSpot companies fetcher called with integration: {"id":"6f959e59-18c3-47f0-a20f-cc8a268ceb21","provider":"hubspot","hasToken":true,"tokenLength":481}
[2025-11-12T04:27:36.833Z] [INFO   ] 2025-11-12T04:27:36.833Z [DEBUG] 🔍 Validating HubSpot token...
[2025-11-12T04:27:36.833Z] [INFO   ] 2025-11-12T04:27:36.833Z [DEBUG] 🔍 Fetching HubSpot companies from API...
[2025-11-12T04:27:37.078Z] [INFO   ] 2025-11-12T04:27:37.078Z [DEBUG] ✅ HubSpot deals fetched successfully: 0 deals
[2025-11-12T04:27:37.078Z] [INFO   ] 2025-11-12T04:27:37.078Z [DEBUG] ✅ [HubSpot API] Successfully processed hubspot_deals: {"integrationId":"6f959e59-18c3-47f0-a20f-cc8a268ceb21","resultCount":0}
[2025-11-12T04:27:37.101Z] [INFO   ] 2025-11-12T04:27:37.101Z [DEBUG] ✅ Fetched 1 owners
[2025-11-12T04:27:37.101Z] [INFO   ] 2025-11-12T04:27:37.101Z [DEBUG] ✅ [HubSpot API] Successfully processed hubspot_owners: {"integrationId":"6f959e59-18c3-47f0-a20f-cc8a268ceb21","resultCount":1}
[2025-11-12T04:27:37.255Z] [INFO   ] 2025-11-12T04:27:37.255Z [DEBUG] ✅ HubSpot companies fetched successfully: 2 companies
[2025-11-12T04:27:37.256Z] [INFO   ] 2025-11-12T04:27:37.256Z [DEBUG] ✅ [HubSpot API] Successfully processed hubspot_companies: {"integrationId":"6f959e59-18c3-47f0-a20f-cc8a268ceb21","resultCount":2}
[2025-11-12T04:27:37.279Z] [INFO   ] 2025-11-12T04:27:37.279Z [DEBUG] ✅ HubSpot contacts fetched successfully: 3 contacts
[2025-11-12T04:27:37.279Z] [INFO   ] 2025-11-12T04:27:37.279Z [DEBUG] ✅ [HubSpot API] Successfully processed hubspot_contacts: {"integrationId":"6f959e59-18c3-47f0-a20f-cc8a268ceb21","resultCount":3}
[2025-11-12T04:27:40.100Z] [INFO   ]  [32m[1m✓[22m[39m Compiled /api/presence/count in 213ms (4307 modules)
[2025-11-12T04:27:53.912Z] [INFO   ] 2025-11-12T04:27:53.912Z [DEBUG] 💧 [AUTH] Rehydrating auth state from storage {"hasState":true,"hasUser":false,"initialized":false,"timestamp":"2025-11-12T04:27:53.911Z"}
[2025-11-12T04:27:53.924Z] [INFO   ] 2025-11-12T04:27:53.924Z [DEBUG] 💧 [AUTH] State hydrated and reset {"hasUser":false,"initialized":false,"timestamp":"2025-11-12T04:27:53.924Z"}
[2025-11-12T04:27:53.924Z] [INFO   ] 2025-11-12T04:27:53.924Z [DEBUG] ⏭️ [AUTH] Skipping initialization {"hasState":true,"alreadyInitialized":false,"isClient":false,"timestamp":"2025-11-12T04:27:53.924Z"}
[2025-11-12T04:27:55.154Z] [INFO   ]  [32m[1m✓[22m[39m Compiled /api/integrations in 323ms (4309 modules)
[2025-11-12T04:27:55.502Z] [INFO   ]  [32m[1m✓[22m[39m Compiled (4315 modules)
[2025-11-12T04:27:55.601Z] [INFO   ] 2025-11-12T04:27:55.601Z [DEBUG] 📍 [API /api/integrations] GET request received {"timestamp":"2025-11-12T04:27:55.601Z","url":"http://localhost:3000/api/integrations?workspace_type=personal"}
[2025-11-12T04:27:55.751Z] [INFO   ] 2025-11-12T04:27:55.751Z [DEBUG] ✅ [API /api/integrations] User authenticated {"userId":"a3e3a51a-175c-4b59-ad03-227ba12a18b0"}
[2025-11-12T04:27:55.751Z] [INFO   ] 2025-11-12T04:27:55.751Z [DEBUG] 🏠 [API /api/integrations] Workspace context {"workspaceType":"personal","workspaceId":null}
[2025-11-12T04:27:55.887Z] [INFO   ] 2025-11-12T04:27:55.887Z [DEBUG] 📊 [API /api/integrations] Parallel query results {"workspaceType":"personal","workspaceId":null,"integrationsCount":10,"permissionsCount":4,"integrationsError":null,"permissionsError":null}
[2025-11-12T04:27:55.888Z] [INFO   ] 2025-11-12T04:27:55.888Z [DEBUG] 📋 [API /api/integrations] Using explicit permission {"integrationId":"580105eb-df9a-4b0a-a934-43e5a99f9bb8","provider":"discord","permission":"admin"}
[2025-11-12T04:27:55.888Z] [INFO   ] 2025-11-12T04:27:55.888Z [DEBUG] 📋 [API /api/integrations] Using implicit permission {"integrationId":"0e7c83e0-6c16-48f6-b7d8-77d3592dca01","provider":"github","permission":"admin","reason":"connected_by"}
[2025-11-12T04:27:55.888Z] [INFO   ] 2025-11-12T04:27:55.888Z [DEBUG] 📋 [API /api/integrations] Using implicit permission {"integrationId":"6f959e59-18c3-47f0-a20f-cc8a268ceb21","provider":"hubspot","permission":"admin","reason":"connected_by"}
[2025-11-12T04:27:55.888Z] [INFO   ] 2025-11-12T04:27:55.888Z [DEBUG] 📋 [API /api/integrations] Using implicit permission {"integrationId":"cb175247-1caa-430b-85c0-dd7ca5ca370b","provider":"google-drive","permission":"admin","reason":"connected_by"}
[2025-11-12T04:27:55.888Z] [INFO   ] 2025-11-12T04:27:55.888Z [DEBUG] 📋 [API /api/integrations] Using explicit permission {"integrationId":"15a626c1-ecf2-4635-a287-1ddc3967a6ce","provider":"gmail","permission":"admin"}
[2025-11-12T04:27:55.888Z] [INFO   ] 2025-11-12T04:27:55.888Z [DEBUG] 📋 [API /api/integrations] Using explicit permission {"integrationId":"dc6cd712-ac50-45b5-86b6-4ff9963c7aa8","provider":"google-sheets","permission":"admin"}
[2025-11-12T04:27:55.888Z] [INFO   ] 2025-11-12T04:27:55.888Z [DEBUG] 📋 [API /api/integrations] Using implicit permission {"integrationId":"3d77fbe9-de84-47a8-ba84-a80981ffd516","provider":"google-calendar","permission":"admin","reason":"connected_by"}
[2025-11-12T04:27:55.888Z] [INFO   ] 2025-11-12T04:27:55.888Z [DEBUG] 📋 [API /api/integrations] Using implicit permission {"integrationId":"a6595fc9-22fe-43dc-82a9-a3301cb3b373","provider":"google-docs","permission":"admin","reason":"connected_by"}
[2025-11-12T04:27:55.888Z] [INFO   ] 2025-11-12T04:27:55.888Z [DEBUG] 📋 [API /api/integrations] Using explicit permission {"integrationId":"8ef5c519-18a9-4a81-829e-b7a48b58f668","provider":"gumroad","permission":"admin"}
[2025-11-12T04:27:55.888Z] [INFO   ] 2025-11-12T04:27:55.888Z [DEBUG] 📋 [API /api/integrations] Using implicit permission {"integrationId":"91c85768-928a-445d-89ae-28521f5ee7f2","provider":"google-analytics","permission":"admin","reason":"connected_by"}
[2025-11-12T04:27:55.888Z] [INFO   ] 2025-11-12T04:27:55.888Z [DEBUG] ✅ [API /api/integrations] Returning integrations {"count":10,"workspaceType":"personal"}
[2025-11-12T04:27:59.986Z] [INFO   ] 2025-11-12T04:27:59.986Z [DEBUG] 📥 [HubSpot API] Received request: {"integrationId":"6f959e59-18c3-47f0-a20f-cc8a268ceb21","dataType":"hubspot_contacts","options":{}}
[2025-11-12T04:28:00.031Z] [INFO   ] 2025-11-12T04:28:00.031Z [DEBUG] 📥 [HubSpot API] Received request: {"integrationId":"6f959e59-18c3-47f0-a20f-cc8a268ceb21","dataType":"hubspot_companies","options":{}}
[2025-11-12T04:28:00.031Z] [INFO   ] 2025-11-12T04:28:00.031Z [DEBUG] 📥 [HubSpot API] Received request: {"integrationId":"6f959e59-18c3-47f0-a20f-cc8a268ceb21","dataType":"hubspot_deals","options":{}}
[2025-11-12T04:28:00.139Z] [INFO   ] 2025-11-12T04:28:00.139Z [DEBUG] 🔍 [HubSpot API] Processing request: {"integrationId":"6f959e59-18c3-47f0-a20f-cc8a268ceb21","dataType":"hubspot_contacts","status":"connected","hasToken":true}
[2025-11-12T04:28:00.140Z] [INFO   ] 2025-11-12T04:28:00.140Z [DEBUG] 🔍 HubSpot contacts fetcher called with integration: {"id":"6f959e59-18c3-47f0-a20f-cc8a268ceb21","provider":"hubspot","hasToken":true,"tokenLength":481}
[2025-11-12T04:28:00.140Z] [INFO   ] 2025-11-12T04:28:00.140Z [DEBUG] 🔍 Validating HubSpot token...
[2025-11-12T04:28:00.140Z] [INFO   ] 2025-11-12T04:28:00.140Z [DEBUG] 🔍 Fetching HubSpot contacts from API...
[2025-11-12T04:28:00.183Z] [INFO   ] 2025-11-12T04:28:00.183Z [DEBUG] 🔍 [HubSpot API] Processing request: {"integrationId":"6f959e59-18c3-47f0-a20f-cc8a268ceb21","dataType":"hubspot_companies","status":"connected","hasToken":true}
[2025-11-12T04:28:00.183Z] [INFO   ] 2025-11-12T04:28:00.183Z [DEBUG] 🔍 HubSpot companies fetcher called with integration: {"id":"6f959e59-18c3-47f0-a20f-cc8a268ceb21","provider":"hubspot","hasToken":true,"tokenLength":481}
[2025-11-12T04:28:00.183Z] [INFO   ] 2025-11-12T04:28:00.183Z [DEBUG] 🔍 Validating HubSpot token...
[2025-11-12T04:28:00.183Z] [INFO   ] 2025-11-12T04:28:00.183Z [DEBUG] 🔍 Fetching HubSpot companies from API...
[2025-11-12T04:28:00.187Z] [INFO   ] 2025-11-12T04:28:00.187Z [DEBUG] 🔍 [HubSpot API] Processing request: {"integrationId":"6f959e59-18c3-47f0-a20f-cc8a268ceb21","dataType":"hubspot_deals","status":"connected","hasToken":true}
[2025-11-12T04:28:00.188Z] [INFO   ] 2025-11-12T04:28:00.188Z [DEBUG] 🔍 HubSpot deals fetcher called with integration: {"id":"6f959e59-18c3-47f0-a20f-cc8a268ceb21","provider":"hubspot","hasToken":true,"tokenLength":481}
[2025-11-12T04:28:00.188Z] [INFO   ] 2025-11-12T04:28:00.188Z [DEBUG] 🔍 Validating HubSpot token...
[2025-11-12T04:28:00.188Z] [INFO   ] 2025-11-12T04:28:00.188Z [DEBUG] 🔍 Fetching HubSpot deals from API...
[2025-11-12T04:28:00.343Z] [INFO   ] 2025-11-12T04:28:00.343Z [DEBUG] ✅ HubSpot contacts fetched successfully: 3 contacts
[2025-11-12T04:28:00.344Z] [INFO   ] 2025-11-12T04:28:00.344Z [DEBUG] ✅ [HubSpot API] Successfully processed hubspot_contacts: {"integrationId":"6f959e59-18c3-47f0-a20f-cc8a268ceb21","resultCount":3}
[2025-11-12T04:28:00.364Z] [INFO   ] 2025-11-12T04:28:00.364Z [DEBUG] ✅ HubSpot companies fetched successfully: 2 companies
[2025-11-12T04:28:00.364Z] [INFO   ] 2025-11-12T04:28:00.364Z [DEBUG] ✅ [HubSpot API] Successfully processed hubspot_companies: {"integrationId":"6f959e59-18c3-47f0-a20f-cc8a268ceb21","resultCount":2}
[2025-11-12T04:28:00.370Z] [INFO   ] 2025-11-12T04:28:00.370Z [DEBUG] ✅ HubSpot deals fetched successfully: 0 deals
[2025-11-12T04:28:00.370Z] [INFO   ] 2025-11-12T04:28:00.370Z [DEBUG] ✅ [HubSpot API] Successfully processed hubspot_deals: {"integrationId":"6f959e59-18c3-47f0-a20f-cc8a268ceb21","resultCount":0}
[2025-11-12T04:28:32.645Z] [INFO   ] 2025-11-12T04:28:32.644Z [DEBUG] 📥 [HubSpot API] Received request: {"integrationId":"6f959e59-18c3-47f0-a20f-cc8a268ceb21","dataType":"hubspot_deals","options":{}}
[2025-11-12T04:28:32.699Z] [INFO   ] 2025-11-12T04:28:32.699Z [DEBUG] 📥 [HubSpot API] Received request: {"integrationId":"6f959e59-18c3-47f0-a20f-cc8a268ceb21","dataType":"hubspot_owners","options":{}}
[2025-11-12T04:28:32.835Z] [INFO   ] 2025-11-12T04:28:32.835Z [DEBUG] 🔍 [HubSpot API] Processing request: {"integrationId":"6f959e59-18c3-47f0-a20f-cc8a268ceb21","dataType":"hubspot_deals","status":"connected","hasToken":true}
[2025-11-12T04:28:32.836Z] [INFO   ] 2025-11-12T04:28:32.836Z [DEBUG] 🔍 HubSpot deals fetcher called with integration: {"id":"6f959e59-18c3-47f0-a20f-cc8a268ceb21","provider":"hubspot","hasToken":true,"tokenLength":481}
[2025-11-12T04:28:32.836Z] [INFO   ] 2025-11-12T04:28:32.836Z [DEBUG] 🔍 Validating HubSpot token...
[2025-11-12T04:28:32.836Z] [INFO   ] 2025-11-12T04:28:32.836Z [DEBUG] 🔍 Fetching HubSpot deals from API...
[2025-11-12T04:28:32.874Z] [INFO   ] 2025-11-12T04:28:32.874Z [DEBUG] 🔍 [HubSpot API] Processing request: {"integrationId":"6f959e59-18c3-47f0-a20f-cc8a268ceb21","dataType":"hubspot_owners","status":"connected","hasToken":true}
[2025-11-12T04:28:33.026Z] [INFO   ] 2025-11-12T04:28:33.026Z [DEBUG] ✅ HubSpot deals fetched successfully: 0 deals
[2025-11-12T04:28:33.027Z] [INFO   ] 2025-11-12T04:28:33.026Z [DEBUG] ✅ [HubSpot API] Successfully processed hubspot_deals: {"integrationId":"6f959e59-18c3-47f0-a20f-cc8a268ceb21","resultCount":0}
[2025-11-12T04:28:33.035Z] [INFO   ] 2025-11-12T04:28:33.034Z [DEBUG] ✅ Fetched 1 owners
[2025-11-12T04:28:33.035Z] [INFO   ] 2025-11-12T04:28:33.035Z [DEBUG] ✅ [HubSpot API] Successfully processed hubspot_owners: {"integrationId":"6f959e59-18c3-47f0-a20f-cc8a268ceb21","resultCount":1}
[2025-11-12T04:28:58.320Z] [INFO   ] 2025-11-12T04:28:58.319Z [DEBUG] 📥 [HubSpot API] Received request: {"integrationId":"6f959e59-18c3-47f0-a20f-cc8a268ceb21","dataType":"hubspot_deals","options":{}}
[2025-11-12T04:28:58.492Z] [INFO   ] 2025-11-12T04:28:58.492Z [DEBUG] 🔍 [HubSpot API] Processing request: {"integrationId":"6f959e59-18c3-47f0-a20f-cc8a268ceb21","dataType":"hubspot_deals","status":"connected","hasToken":true}
[2025-11-12T04:28:58.492Z] [INFO   ] 2025-11-12T04:28:58.492Z [DEBUG] 🔍 HubSpot deals fetcher called with integration: {"id":"6f959e59-18c3-47f0-a20f-cc8a268ceb21","provider":"hubspot","hasToken":true,"tokenLength":481}
[2025-11-12T04:28:58.492Z] [INFO   ] 2025-11-12T04:28:58.492Z [DEBUG] 🔍 Validating HubSpot token...
[2025-11-12T04:28:58.492Z] [INFO   ] 2025-11-12T04:28:58.492Z [DEBUG] 🔍 Fetching HubSpot deals from API...
[2025-11-12T04:28:58.658Z] [INFO   ] 2025-11-12T04:28:58.658Z [DEBUG] ✅ HubSpot deals fetched successfully: 0 deals
[2025-11-12T04:28:58.658Z] [INFO   ] 2025-11-12T04:28:58.658Z [DEBUG] ✅ [HubSpot API] Successfully processed hubspot_deals: {"integrationId":"6f959e59-18c3-47f0-a20f-cc8a268ceb21","resultCount":0}
[2025-11-12T04:29:32.308Z] [INFO   ] 2025-11-12T04:29:32.308Z [DEBUG] 📥 [HubSpot API] Received request: {"integrationId":"6f959e59-18c3-47f0-a20f-cc8a268ceb21","dataType":"hubspot_deals","options":{}}
[2025-11-12T04:29:32.524Z] [INFO   ] 2025-11-12T04:29:32.524Z [DEBUG] 🔍 [HubSpot API] Processing request: {"integrationId":"6f959e59-18c3-47f0-a20f-cc8a268ceb21","dataType":"hubspot_deals","status":"connected","hasToken":true}
[2025-11-12T04:29:32.525Z] [INFO   ] 2025-11-12T04:29:32.525Z [DEBUG] 🔍 HubSpot deals fetcher called with integration: {"id":"6f959e59-18c3-47f0-a20f-cc8a268ceb21","provider":"hubspot","hasToken":true,"tokenLength":481}
[2025-11-12T04:29:32.525Z] [INFO   ] 2025-11-12T04:29:32.525Z [DEBUG] 🔍 Validating HubSpot token...
[2025-11-12T04:29:32.525Z] [INFO   ] 2025-11-12T04:29:32.525Z [DEBUG] 🔍 Fetching HubSpot deals from API...
[2025-11-12T04:29:32.722Z] [INFO   ] 2025-11-12T04:29:32.722Z [DEBUG] ✅ HubSpot deals fetched successfully: 0 deals
[2025-11-12T04:29:32.723Z] [INFO   ] 2025-11-12T04:29:32.723Z [DEBUG] ✅ [HubSpot API] Successfully processed hubspot_deals: {"integrationId":"6f959e59-18c3-47f0-a20f-cc8a268ceb21","resultCount":0}
[2025-11-12T04:30:28.928Z] [INFO   ] 2025-11-12T04:30:28.928Z [DEBUG] 📥 [HubSpot API] Received request: {"integrationId":"6f959e59-18c3-47f0-a20f-cc8a268ceb21","dataType":"hubspot_deals","options":{}}
[2025-11-12T04:30:29.083Z] [INFO   ] 2025-11-12T04:30:29.083Z [DEBUG] 🔍 [HubSpot API] Processing request: {"integrationId":"6f959e59-18c3-47f0-a20f-cc8a268ceb21","dataType":"hubspot_deals","status":"connected","hasToken":true}
[2025-11-12T04:30:29.084Z] [INFO   ] 2025-11-12T04:30:29.083Z [DEBUG] 🔍 HubSpot deals fetcher called with integration: {"id":"6f959e59-18c3-47f0-a20f-cc8a268ceb21","provider":"hubspot","hasToken":true,"tokenLength":481}
[2025-11-12T04:30:29.084Z] [INFO   ] 2025-11-12T04:30:29.084Z [DEBUG] 🔍 Validating HubSpot token...
[2025-11-12T04:30:29.084Z] [INFO   ] 2025-11-12T04:30:29.084Z [DEBUG] 🔍 Fetching HubSpot deals from API...
[2025-11-12T04:30:29.437Z] [INFO   ] 2025-11-12T04:30:29.437Z [DEBUG] ✅ HubSpot deals fetched successfully: 0 deals
[2025-11-12T04:30:29.437Z] [INFO   ] 2025-11-12T04:30:29.437Z [DEBUG] ✅ [HubSpot API] Successfully processed hubspot_deals: {"integrationId":"6f959e59-18c3-47f0-a20f-cc8a268ceb21","resultCount":0}
[2025-11-12T04:31:10.215Z] [INFO   ]  [32m[1m✓[22m[39m Compiled in 2s (5467 modules)
[2025-11-12T04:31:18.296Z] [INFO   ]  [32m[1m✓[22m[39m Compiled in 807ms (5467 modules)
[2025-11-12T04:31:56.141Z] [INFO   ] 2025-11-12T04:31:56.141Z [DEBUG] 📥 [HubSpot API] Received request: {"integrationId":"6f959e59-18c3-47f0-a20f-cc8a268ceb21","dataType":"hubspot_deals","options":{}}
[2025-11-12T04:31:56.618Z] [INFO   ] 2025-11-12T04:31:56.617Z [DEBUG] 🔍 [HubSpot API] Processing request: {"integrationId":"6f959e59-18c3-47f0-a20f-cc8a268ceb21","dataType":"hubspot_deals","status":"connected","hasToken":true}
[2025-11-12T04:31:56.618Z] [INFO   ] 2025-11-12T04:31:56.618Z [DEBUG] 🔍 HubSpot deals fetcher called with integration: {"id":"6f959e59-18c3-47f0-a20f-cc8a268ceb21","provider":"hubspot","hasToken":true,"tokenLength":481}
[2025-11-12T04:31:56.618Z] [INFO   ] 2025-11-12T04:31:56.618Z [DEBUG] 🔍 Validating HubSpot token...
[2025-11-12T04:31:56.620Z] [INFO   ] 2025-11-12T04:31:56.620Z [DEBUG] 🔍 Fetching HubSpot deals from API...
[2025-11-12T04:31:56.801Z] [INFO   ] 2025-11-12T04:31:56.801Z [DEBUG] ✅ HubSpot deals fetched successfully: 0 deals
[2025-11-12T04:31:56.802Z] [INFO   ] 2025-11-12T04:31:56.802Z [DEBUG] ✅ [HubSpot API] Successfully processed hubspot_deals: {"integrationId":"6f959e59-18c3-47f0-a20f-cc8a268ceb21","resultCount":0}
[2025-11-12T04:31:56.873Z] [INFO   ] 2025-11-12T04:31:56.873Z [DEBUG] 📥 [HubSpot API] Received request: {"integrationId":"6f959e59-18c3-47f0-a20f-cc8a268ceb21","dataType":"hubspot_deals","options":{}}
[2025-11-12T04:31:57.016Z] [INFO   ] 2025-11-12T04:31:57.016Z [DEBUG] 🔍 [HubSpot API] Processing request: {"integrationId":"6f959e59-18c3-47f0-a20f-cc8a268ceb21","dataType":"hubspot_deals","status":"connected","hasToken":true}
[2025-11-12T04:31:57.016Z] [INFO   ] 2025-11-12T04:31:57.016Z [DEBUG] 🔍 HubSpot deals fetcher called with integration: {"id":"6f959e59-18c3-47f0-a20f-cc8a268ceb21","provider":"hubspot","hasToken":true,"tokenLength":481}
[2025-11-12T04:31:57.017Z] [INFO   ] 2025-11-12T04:31:57.016Z [DEBUG] 🔍 Validating HubSpot token...
[2025-11-12T04:31:57.017Z] [INFO   ] 2025-11-12T04:31:57.017Z [DEBUG] 🔍 Fetching HubSpot deals from API...
[2025-11-12T04:31:57.339Z] [INFO   ] 2025-11-12T04:31:57.338Z [DEBUG] ✅ HubSpot deals fetched successfully: 0 deals
[2025-11-12T04:31:57.339Z] [INFO   ] 2025-11-12T04:31:57.339Z [DEBUG] ✅ [HubSpot API] Successfully processed hubspot_deals: {"integrationId":"6f959e59-18c3-47f0-a20f-cc8a268ceb21","resultCount":0}
[2025-11-12T04:32:02.402Z] [INFO   ] 2025-11-12T04:32:02.402Z [DEBUG] 💧 [AUTH] Rehydrating auth state from storage {"hasState":true,"hasUser":false,"initialized":false,"timestamp":"2025-11-12T04:32:02.402Z"}
[2025-11-12T04:32:02.421Z] [INFO   ] 2025-11-12T04:32:02.421Z [DEBUG] 💧 [AUTH] State hydrated and reset {"hasUser":false,"initialized":false,"timestamp":"2025-11-12T04:32:02.421Z"}
[2025-11-12T04:32:02.421Z] [INFO   ] 2025-11-12T04:32:02.421Z [DEBUG] ⏭️ [AUTH] Skipping initialization {"hasState":true,"alreadyInitialized":false,"isClient":false,"timestamp":"2025-11-12T04:32:02.421Z"}
[2025-11-12T04:32:03.848Z] [INFO   ]  [37m[1m○[22m[39m Compiling /api/integrations ...
[2025-11-12T04:32:03.859Z] [INFO   ]  [32m[1m✓[22m[39m Compiled /api/integrations in 510ms (4289 modules)
[2025-11-12T04:32:04.518Z] [INFO   ]  [32m[1m✓[22m[39m Compiled (4315 modules)
[2025-11-12T04:32:04.721Z] [INFO   ] 2025-11-12T04:32:04.721Z [DEBUG] 📍 [API /api/integrations] GET request received {"timestamp":"2025-11-12T04:32:04.721Z","url":"http://localhost:3000/api/integrations?workspace_type=personal"}
[2025-11-12T04:32:05.013Z] [INFO   ] 2025-11-12T04:32:05.013Z [DEBUG] ✅ [API /api/integrations] User authenticated {"userId":"a3e3a51a-175c-4b59-ad03-227ba12a18b0"}
[2025-11-12T04:32:05.014Z] [INFO   ] 2025-11-12T04:32:05.014Z [DEBUG] 🏠 [API /api/integrations] Workspace context {"workspaceType":"personal","workspaceId":null}
[2025-11-12T04:32:05.178Z] [INFO   ] 2025-11-12T04:32:05.178Z [DEBUG] 📊 [API /api/integrations] Parallel query results {"workspaceType":"personal","workspaceId":null,"integrationsCount":10,"permissionsCount":4,"integrationsError":null,"permissionsError":null}
[2025-11-12T04:32:05.179Z] [INFO   ] 2025-11-12T04:32:05.179Z [DEBUG] 📋 [API /api/integrations] Using explicit permission {"integrationId":"580105eb-df9a-4b0a-a934-43e5a99f9bb8","provider":"discord","permission":"admin"}
[2025-11-12T04:32:05.179Z] [INFO   ] 2025-11-12T04:32:05.179Z [DEBUG] 📋 [API /api/integrations] Using implicit permission {"integrationId":"0e7c83e0-6c16-48f6-b7d8-77d3592dca01","provider":"github","permission":"admin","reason":"connected_by"}
[2025-11-12T04:32:05.179Z] [INFO   ] 2025-11-12T04:32:05.179Z [DEBUG] 📋 [API /api/integrations] Using implicit permission {"integrationId":"6f959e59-18c3-47f0-a20f-cc8a268ceb21","provider":"hubspot","permission":"admin","reason":"connected_by"}
[2025-11-12T04:32:05.179Z] [INFO   ] 2025-11-12T04:32:05.179Z [DEBUG] 📋 [API /api/integrations] Using implicit permission {"integrationId":"cb175247-1caa-430b-85c0-dd7ca5ca370b","provider":"google-drive","permission":"admin","reason":"connected_by"}
[2025-11-12T04:32:05.179Z] [INFO   ] 2025-11-12T04:32:05.179Z [DEBUG] 📋 [API /api/integrations] Using explicit permission {"integrationId":"15a626c1-ecf2-4635-a287-1ddc3967a6ce","provider":"gmail","permission":"admin"}
[2025-11-12T04:32:05.179Z] [INFO   ] 2025-11-12T04:32:05.179Z [DEBUG] 📋 [API /api/integrations] Using explicit permission {"integrationId":"dc6cd712-ac50-45b5-86b6-4ff9963c7aa8","provider":"google-sheets","permission":"admin"}
[2025-11-12T04:32:05.179Z] [INFO   ] 2025-11-12T04:32:05.179Z [DEBUG] 📋 [API /api/integrations] Using implicit permission {"integrationId":"3d77fbe9-de84-47a8-ba84-a80981ffd516","provider":"google-calendar","permission":"admin","reason":"connected_by"}
[2025-11-12T04:32:05.179Z] [INFO   ] 2025-11-12T04:32:05.179Z [DEBUG] 📋 [API /api/integrations] Using implicit permission {"integrationId":"a6595fc9-22fe-43dc-82a9-a3301cb3b373","provider":"google-docs","permission":"admin","reason":"connected_by"}
[2025-11-12T04:32:05.179Z] [INFO   ] 2025-11-12T04:32:05.179Z [DEBUG] 📋 [API /api/integrations] Using explicit permission {"integrationId":"8ef5c519-18a9-4a81-829e-b7a48b58f668","provider":"gumroad","permission":"admin"}
[2025-11-12T04:32:05.179Z] [INFO   ] 2025-11-12T04:32:05.179Z [DEBUG] 📋 [API /api/integrations] Using implicit permission {"integrationId":"91c85768-928a-445d-89ae-28521f5ee7f2","provider":"google-analytics","permission":"admin","reason":"connected_by"}
[2025-11-12T04:32:05.179Z] [INFO   ] 2025-11-12T04:32:05.179Z [DEBUG] ✅ [API /api/integrations] Returning integrations {"count":10,"workspaceType":"personal"}
[2025-11-12T04:32:06.529Z] [INFO   ] 2025-11-12T04:32:06.529Z [DEBUG] 📥 [HubSpot API] Received request: {"integrationId":"6f959e59-18c3-47f0-a20f-cc8a268ceb21","dataType":"hubspot_contacts","options":{}}
[2025-11-12T04:32:06.558Z] [INFO   ] 2025-11-12T04:32:06.557Z [DEBUG] 📥 [HubSpot API] Received request: {"integrationId":"6f959e59-18c3-47f0-a20f-cc8a268ceb21","dataType":"hubspot_companies","options":{}}
[2025-11-12T04:32:06.558Z] [INFO   ] 2025-11-12T04:32:06.558Z [DEBUG] 📥 [HubSpot API] Received request: {"integrationId":"6f959e59-18c3-47f0-a20f-cc8a268ceb21","dataType":"hubspot_deals","options":{}}
[2025-11-12T04:32:06.626Z] [INFO   ] 2025-11-12T04:32:06.626Z [DEBUG] 🔍 [HubSpot API] Processing request: {"integrationId":"6f959e59-18c3-47f0-a20f-cc8a268ceb21","dataType":"hubspot_contacts","status":"connected","hasToken":true}
[2025-11-12T04:32:06.626Z] [INFO   ] 2025-11-12T04:32:06.626Z [DEBUG] 🔍 HubSpot contacts fetcher called with integration: {"id":"6f959e59-18c3-47f0-a20f-cc8a268ceb21","provider":"hubspot","hasToken":true,"tokenLength":481}
[2025-11-12T04:32:06.626Z] [INFO   ] 2025-11-12T04:32:06.626Z [DEBUG] 🔍 Validating HubSpot token...
[2025-11-12T04:32:06.627Z] [INFO   ] 2025-11-12T04:32:06.627Z [DEBUG] 🔍 Fetching HubSpot contacts from API...
[2025-11-12T04:32:06.641Z] [INFO   ] 2025-11-12T04:32:06.641Z [DEBUG] 🔍 [HubSpot API] Processing request: {"integrationId":"6f959e59-18c3-47f0-a20f-cc8a268ceb21","dataType":"hubspot_companies","status":"connected","hasToken":true}
[2025-11-12T04:32:06.641Z] [INFO   ] 2025-11-12T04:32:06.641Z [DEBUG] 🔍 HubSpot companies fetcher called with integration: {"id":"6f959e59-18c3-47f0-a20f-cc8a268ceb21","provider":"hubspot","hasToken":true,"tokenLength":481}
[2025-11-12T04:32:06.641Z] [INFO   ] 2025-11-12T04:32:06.641Z [DEBUG] 🔍 Validating HubSpot token...
[2025-11-12T04:32:06.641Z] [INFO   ] 2025-11-12T04:32:06.641Z [DEBUG] 🔍 Fetching HubSpot companies from API...
[2025-11-12T04:32:06.712Z] [INFO   ] 2025-11-12T04:32:06.712Z [DEBUG] 🔍 [HubSpot API] Processing request: {"integrationId":"6f959e59-18c3-47f0-a20f-cc8a268ceb21","dataType":"hubspot_deals","status":"connected","hasToken":true}
[2025-11-12T04:32:06.713Z] [INFO   ] 2025-11-12T04:32:06.713Z [DEBUG] 🔍 HubSpot deals fetcher called with integration: {"id":"6f959e59-18c3-47f0-a20f-cc8a268ceb21","provider":"hubspot","hasToken":true,"tokenLength":481}
[2025-11-12T04:32:06.713Z] [INFO   ] 2025-11-12T04:32:06.713Z [DEBUG] 🔍 Validating HubSpot token...
[2025-11-12T04:32:06.713Z] [INFO   ] 2025-11-12T04:32:06.713Z [DEBUG] 🔍 Fetching HubSpot deals from API...
[2025-11-12T04:32:06.804Z] [INFO   ] 2025-11-12T04:32:06.804Z [DEBUG] ✅ HubSpot contacts fetched successfully: 3 contacts
[2025-11-12T04:32:06.804Z] [INFO   ] 2025-11-12T04:32:06.804Z [DEBUG] ✅ [HubSpot API] Successfully processed hubspot_contacts: {"integrationId":"6f959e59-18c3-47f0-a20f-cc8a268ceb21","resultCount":3}
[2025-11-12T04:32:06.893Z] [INFO   ] 2025-11-12T04:32:06.893Z [DEBUG] ✅ HubSpot deals fetched successfully: 0 deals
[2025-11-12T04:32:06.894Z] [INFO   ] 2025-11-12T04:32:06.894Z [DEBUG] ✅ [HubSpot API] Successfully processed hubspot_deals: {"integrationId":"6f959e59-18c3-47f0-a20f-cc8a268ceb21","resultCount":0}
[2025-11-12T04:32:07.078Z] [INFO   ] 2025-11-12T04:32:07.078Z [DEBUG] ✅ HubSpot companies fetched successfully: 2 companies
[2025-11-12T04:32:07.079Z] [INFO   ] 2025-11-12T04:32:07.079Z [DEBUG] ✅ [HubSpot API] Successfully processed hubspot_companies: {"integrationId":"6f959e59-18c3-47f0-a20f-cc8a268ceb21","resultCount":2}
[2025-11-12T04:32:47.030Z] [INFO   ] 2025-11-12T04:32:47.030Z [DEBUG] 📥 [HubSpot API] Received request: {"integrationId":"6f959e59-18c3-47f0-a20f-cc8a268ceb21","dataType":"hubspot_deals","options":{}}
[2025-11-12T04:32:47.203Z] [INFO   ] 2025-11-12T04:32:47.202Z [DEBUG] 🔍 [HubSpot API] Processing request: {"integrationId":"6f959e59-18c3-47f0-a20f-cc8a268ceb21","dataType":"hubspot_deals","status":"connected","hasToken":true}
[2025-11-12T04:32:47.203Z] [INFO   ] 2025-11-12T04:32:47.203Z [DEBUG] 🔍 HubSpot deals fetcher called with integration: {"id":"6f959e59-18c3-47f0-a20f-cc8a268ceb21","provider":"hubspot","hasToken":true,"tokenLength":481}
[2025-11-12T04:32:47.203Z] [INFO   ] 2025-11-12T04:32:47.203Z [DEBUG] 🔍 Validating HubSpot token...
[2025-11-12T04:32:47.203Z] [INFO   ] 2025-11-12T04:32:47.203Z [DEBUG] 🔍 Fetching HubSpot deals from API...
[2025-11-12T04:32:47.419Z] [INFO   ] 2025-11-12T04:32:47.419Z [DEBUG] ✅ HubSpot deals fetched successfully: 0 deals
[2025-11-12T04:32:47.419Z] [INFO   ] 2025-11-12T04:32:47.419Z [DEBUG] ✅ [HubSpot API] Successfully processed hubspot_deals: {"integrationId":"6f959e59-18c3-47f0-a20f-cc8a268ceb21","resultCount":0}
[2025-11-12T04:33:39.893Z] [INFO   ]  [32m[1m✓[22m[39m Compiled in 2.4s (5467 modules)
[2025-11-12T04:33:40.175Z] [INFO   ]  [32m[1m✓[22m[39m Compiled in 1ms (4287 modules)
[2025-11-12T04:33:40.448Z] [INFO   ]  [32m[1m✓[22m[39m Compiled in 1ms (4287 modules)
[2025-11-12T04:33:40.750Z] [INFO   ]  [32m[1m✓[22m[39m Compiled in 1ms (4287 modules)
[2025-11-12T04:33:40.884Z] [INFO   ] 2025-11-12T04:33:40.884Z [DEBUG] 📥 [HubSpot API] Received request: {"integrationId":"6f959e59-18c3-47f0-a20f-cc8a268ceb21","dataType":"hubspot_contact_properties","options":{}}
[2025-11-12T04:33:40.885Z] [INFO   ] 2025-11-12T04:33:40.885Z [DEBUG] 📥 [HubSpot API] Received request: {"integrationId":"6f959e59-18c3-47f0-a20f-cc8a268ceb21","dataType":"hubspot_job_titles","options":{}}
[2025-11-12T04:33:40.885Z] [INFO   ] 2025-11-12T04:33:40.885Z [DEBUG] 📥 [HubSpot API] Received request: {"integrationId":"6f959e59-18c3-47f0-a20f-cc8a268ceb21","dataType":"hubspot_lead_status_options","options":{}}
[2025-11-12T04:33:41.125Z] [INFO   ] 2025-11-12T04:33:41.125Z [DEBUG] 🔍 [HubSpot API] Processing request: {"integrationId":"6f959e59-18c3-47f0-a20f-cc8a268ceb21","dataType":"hubspot_contact_properties","status":"connected","hasToken":true}
[2025-11-12T04:33:41.126Z] [INFO   ] 2025-11-12T04:33:41.126Z [DEBUG] 🔍 HubSpot contact properties fetcher called with integration: {"id":"6f959e59-18c3-47f0-a20f-cc8a268ceb21","provider":"hubspot","hasToken":true,"tokenLength":481}
[2025-11-12T04:33:41.126Z] [INFO   ] 2025-11-12T04:33:41.126Z [DEBUG] 🔍 Validating HubSpot token...
[2025-11-12T04:33:41.126Z] [INFO   ] 2025-11-12T04:33:41.126Z [DEBUG] 🔍 Fetching HubSpot contact properties from API...
[2025-11-12T04:33:41.127Z] [INFO   ] 2025-11-12T04:33:41.127Z [DEBUG] 🔍 [HubSpot API] Processing request: {"integrationId":"6f959e59-18c3-47f0-a20f-cc8a268ceb21","dataType":"hubspot_lead_status_options","status":"connected","hasToken":true}
[2025-11-12T04:33:41.127Z] [INFO   ] 2025-11-12T04:33:41.127Z [DEBUG] 🔍 HubSpot lead status options fetcher called
[2025-11-12T04:33:41.128Z] [INFO   ] 2025-11-12T04:33:41.128Z [DEBUG] 🔍 Fetching options for property: hs_lead_status
[2025-11-12T04:33:41.128Z] [INFO   ] 2025-11-12T04:33:41.128Z [DEBUG] 🔍 [HubSpot API] Processing request: {"integrationId":"6f959e59-18c3-47f0-a20f-cc8a268ceb21","dataType":"hubspot_job_titles","status":"connected","hasToken":true}
[2025-11-12T04:33:41.129Z] [INFO   ] 2025-11-12T04:33:41.129Z [DEBUG] 🔍 HubSpot job titles fetcher called with integration: {"id":"6f959e59-18c3-47f0-a20f-cc8a268ceb21","provider":"hubspot","hasToken":true,"tokenLength":481}
[2025-11-12T04:33:41.129Z] [INFO   ] 2025-11-12T04:33:41.129Z [DEBUG] 🔍 Validating HubSpot token...
[2025-11-12T04:33:41.129Z] [INFO   ] 2025-11-12T04:33:41.129Z [DEBUG] 🔍 Using predefined HubSpot job titles list...
[2025-11-12T04:33:41.129Z] [INFO   ] 2025-11-12T04:33:41.129Z [DEBUG] ✅ HubSpot job titles fetched successfully: 35 job titles
[2025-11-12T04:33:41.129Z] [INFO   ] 2025-11-12T04:33:41.129Z [DEBUG] ✅ [HubSpot API] Successfully processed hubspot_job_titles: {"integrationId":"6f959e59-18c3-47f0-a20f-cc8a268ceb21","resultCount":35}
[2025-11-12T04:33:41.486Z] [INFO   ] 2025-11-12T04:33:41.486Z [DEBUG] ✅ Found 8 options for hs_lead_status
[2025-11-12T04:33:41.487Z] [INFO   ] 2025-11-12T04:33:41.487Z [DEBUG] ✅ [HubSpot API] Successfully processed hubspot_lead_status_options: {"integrationId":"6f959e59-18c3-47f0-a20f-cc8a268ceb21","resultCount":8}
[2025-11-12T04:33:41.540Z] [INFO   ] 2025-11-12T04:33:41.540Z [DEBUG] ✅ HubSpot contact properties fetched successfully: 357 properties
[2025-11-12T04:33:41.540Z] [INFO   ] 2025-11-12T04:33:41.540Z [DEBUG] ✅ [HubSpot API] Successfully processed hubspot_contact_properties: {"integrationId":"6f959e59-18c3-47f0-a20f-cc8a268ceb21","resultCount":357}
[2025-11-12T04:33:48.246Z] [INFO   ]  [32m[1m✓[22m[39m Compiled in 945ms (5467 modules)
[2025-11-12T04:33:48.300Z] [WARN   ]  [33m[1m⚠[22m[39m Fast Refresh had to perform a full reload. Read more: https://nextjs.org/docs/messages/fast-refresh-reload
[2025-11-12T04:33:48.704Z] [INFO   ] 2025-11-12T04:33:48.704Z [DEBUG] 💧 [AUTH] Rehydrating auth state from storage {"hasState":true,"hasUser":false,"initialized":false,"timestamp":"2025-11-12T04:33:48.704Z"}
[2025-11-12T04:33:48.719Z] [INFO   ] 2025-11-12T04:33:48.719Z [DEBUG] 💧 [AUTH] State hydrated and reset {"hasUser":false,"initialized":false,"timestamp":"2025-11-12T04:33:48.719Z"}
[2025-11-12T04:33:48.719Z] [INFO   ] 2025-11-12T04:33:48.719Z [DEBUG] ⏭️ [AUTH] Skipping initialization {"hasState":true,"alreadyInitialized":false,"isClient":false,"timestamp":"2025-11-12T04:33:48.719Z"}
[2025-11-12T04:33:50.239Z] [INFO   ]  [37m[1m○[22m[39m Compiling /api/integrations ...
[2025-11-12T04:33:50.276Z] [INFO   ]  [32m[1m✓[22m[39m Compiled /api/integrations in 684ms (4289 modules)
[2025-11-12T04:33:51.084Z] [INFO   ]  [32m[1m✓[22m[39m Compiled (4315 modules)
[2025-11-12T04:33:51.361Z] [INFO   ] 2025-11-12T04:33:51.360Z [DEBUG] 📍 [API /api/integrations] GET request received {"timestamp":"2025-11-12T04:33:51.360Z","url":"http://localhost:3000/api/integrations?workspace_type=personal"}
[2025-11-12T04:33:51.515Z] [INFO   ] 2025-11-12T04:33:51.515Z [DEBUG] ✅ [API /api/integrations] User authenticated {"userId":"a3e3a51a-175c-4b59-ad03-227ba12a18b0"}
[2025-11-12T04:33:51.515Z] [INFO   ] 2025-11-12T04:33:51.515Z [DEBUG] 🏠 [API /api/integrations] Workspace context {"workspaceType":"personal","workspaceId":null}
[2025-11-12T04:33:51.649Z] [INFO   ] 2025-11-12T04:33:51.649Z [DEBUG] 📊 [API /api/integrations] Parallel query results {"workspaceType":"personal","workspaceId":null,"integrationsCount":10,"permissionsCount":4,"integrationsError":null,"permissionsError":null}
[2025-11-12T04:33:51.649Z] [INFO   ] 2025-11-12T04:33:51.649Z [DEBUG] 📋 [API /api/integrations] Using explicit permission {"integrationId":"580105eb-df9a-4b0a-a934-43e5a99f9bb8","provider":"discord","permission":"admin"}
[2025-11-12T04:33:51.649Z] [INFO   ] 2025-11-12T04:33:51.649Z [DEBUG] 📋 [API /api/integrations] Using implicit permission {"integrationId":"0e7c83e0-6c16-48f6-b7d8-77d3592dca01","provider":"github","permission":"admin","reason":"connected_by"}
[2025-11-12T04:33:51.650Z] [INFO   ] 2025-11-12T04:33:51.650Z [DEBUG] 📋 [API /api/integrations] Using implicit permission {"integrationId":"6f959e59-18c3-47f0-a20f-cc8a268ceb21","provider":"hubspot","permission":"admin","reason":"connected_by"}
[2025-11-12T04:33:51.650Z] [INFO   ] 2025-11-12T04:33:51.650Z [DEBUG] 📋 [API /api/integrations] Using implicit permission {"integrationId":"cb175247-1caa-430b-85c0-dd7ca5ca370b","provider":"google-drive","permission":"admin","reason":"connected_by"}
[2025-11-12T04:33:51.650Z] [INFO   ] 2025-11-12T04:33:51.650Z [DEBUG] 📋 [API /api/integrations] Using explicit permission {"integrationId":"15a626c1-ecf2-4635-a287-1ddc3967a6ce","provider":"gmail","permission":"admin"}
[2025-11-12T04:33:51.650Z] [INFO   ] 2025-11-12T04:33:51.650Z [DEBUG] 📋 [API /api/integrations] Using explicit permission {"integrationId":"dc6cd712-ac50-45b5-86b6-4ff9963c7aa8","provider":"google-sheets","permission":"admin"}
[2025-11-12T04:33:51.650Z] [INFO   ] 2025-11-12T04:33:51.650Z [DEBUG] 📋 [API /api/integrations] Using implicit permission {"integrationId":"3d77fbe9-de84-47a8-ba84-a80981ffd516","provider":"google-calendar","permission":"admin","reason":"connected_by"}
[2025-11-12T04:33:51.650Z] [INFO   ] 2025-11-12T04:33:51.650Z [DEBUG] 📋 [API /api/integrations] Using implicit permission {"integrationId":"a6595fc9-22fe-43dc-82a9-a3301cb3b373","provider":"google-docs","permission":"admin","reason":"connected_by"}
[2025-11-12T04:33:51.650Z] [INFO   ] 2025-11-12T04:33:51.650Z [DEBUG] 📋 [API /api/integrations] Using explicit permission {"integrationId":"8ef5c519-18a9-4a81-829e-b7a48b58f668","provider":"gumroad","permission":"admin"}
[2025-11-12T04:33:51.650Z] [INFO   ] 2025-11-12T04:33:51.650Z [DEBUG] 📋 [API /api/integrations] Using implicit permission {"integrationId":"91c85768-928a-445d-89ae-28521f5ee7f2","provider":"google-analytics","permission":"admin","reason":"connected_by"}
[2025-11-12T04:33:51.650Z] [INFO   ] 2025-11-12T04:33:51.650Z [DEBUG] ✅ [API /api/integrations] Returning integrations {"count":10,"workspaceType":"personal"}
[2025-11-12T04:33:53.412Z] [INFO   ] 2025-11-12T04:33:53.412Z [DEBUG] 📥 [HubSpot API] Received request: {"integrationId":"6f959e59-18c3-47f0-a20f-cc8a268ceb21","dataType":"hubspot_contacts","options":{}}
[2025-11-12T04:33:53.501Z] [INFO   ] 2025-11-12T04:33:53.501Z [DEBUG] 🔍 [HubSpot API] Processing request: {"integrationId":"6f959e59-18c3-47f0-a20f-cc8a268ceb21","dataType":"hubspot_contacts","status":"connected","hasToken":true}
[2025-11-12T04:33:53.502Z] [INFO   ] 2025-11-12T04:33:53.501Z [DEBUG] 🔍 HubSpot contacts fetcher called with integration: {"id":"6f959e59-18c3-47f0-a20f-cc8a268ceb21","provider":"hubspot","hasToken":true,"tokenLength":481}
[2025-11-12T04:33:53.502Z] [INFO   ] 2025-11-12T04:33:53.502Z [DEBUG] 🔍 Validating HubSpot token...
[2025-11-12T04:33:53.502Z] [INFO   ] 2025-11-12T04:33:53.502Z [DEBUG] 🔍 Fetching HubSpot contacts from API...
[2025-11-12T04:33:53.725Z] [INFO   ] 2025-11-12T04:33:53.725Z [DEBUG] ✅ HubSpot contacts fetched successfully: 3 contacts
[2025-11-12T04:33:53.726Z] [INFO   ] 2025-11-12T04:33:53.726Z [DEBUG] ✅ [HubSpot API] Successfully processed hubspot_contacts: {"integrationId":"6f959e59-18c3-47f0-a20f-cc8a268ceb21","resultCount":3}
[2025-11-12T04:33:56.316Z] [INFO   ] 2025-11-12T04:33:56.316Z [DEBUG] 📥 [HubSpot API] Received request: {"integrationId":"6f959e59-18c3-47f0-a20f-cc8a268ceb21","dataType":"hubspot_deals","options":{}}
[2025-11-12T04:33:56.419Z] [INFO   ] 2025-11-12T04:33:56.419Z [DEBUG] 🔍 [HubSpot API] Processing request: {"integrationId":"6f959e59-18c3-47f0-a20f-cc8a268ceb21","dataType":"hubspot_deals","status":"connected","hasToken":true}
[2025-11-12T04:33:56.419Z] [INFO   ] 2025-11-12T04:33:56.419Z [DEBUG] 🔍 HubSpot deals fetcher called with integration: {"id":"6f959e59-18c3-47f0-a20f-cc8a268ceb21","provider":"hubspot","hasToken":true,"tokenLength":481}
[2025-11-12T04:33:56.419Z] [INFO   ] 2025-11-12T04:33:56.419Z [DEBUG] 🔍 Validating HubSpot token...
[2025-11-12T04:33:56.419Z] [INFO   ] 2025-11-12T04:33:56.419Z [DEBUG] 🔍 Fetching HubSpot deals from API...
[2025-11-12T04:33:56.568Z] [INFO   ] 2025-11-12T04:33:56.568Z [DEBUG] ✅ HubSpot deals fetched successfully: 0 deals
[2025-11-12T04:33:56.568Z] [INFO   ] 2025-11-12T04:33:56.568Z [DEBUG] ✅ [HubSpot API] Successfully processed hubspot_deals: {"integrationId":"6f959e59-18c3-47f0-a20f-cc8a268ceb21","resultCount":0}
[2025-11-12T04:33:59.310Z] [INFO   ] 2025-11-12T04:33:59.309Z [DEBUG] 📥 [HubSpot API] Received request: {"integrationId":"6f959e59-18c3-47f0-a20f-cc8a268ceb21","dataType":"hubspot_contacts","options":{}}
[2025-11-12T04:33:59.348Z] [INFO   ] 2025-11-12T04:33:59.348Z [DEBUG] 📥 [HubSpot API] Received request: {"integrationId":"6f959e59-18c3-47f0-a20f-cc8a268ceb21","dataType":"hubspot_companies","options":{}}
[2025-11-12T04:33:59.385Z] [INFO   ] 2025-11-12T04:33:59.385Z [DEBUG] 🔍 [HubSpot API] Processing request: {"integrationId":"6f959e59-18c3-47f0-a20f-cc8a268ceb21","dataType":"hubspot_contacts","status":"connected","hasToken":true}
[2025-11-12T04:33:59.385Z] [INFO   ] 2025-11-12T04:33:59.385Z [DEBUG] 🔍 HubSpot contacts fetcher called with integration: {"id":"6f959e59-18c3-47f0-a20f-cc8a268ceb21","provider":"hubspot","hasToken":true,"tokenLength":481}
[2025-11-12T04:33:59.385Z] [INFO   ] 2025-11-12T04:33:59.385Z [DEBUG] 🔍 Validating HubSpot token...
[2025-11-12T04:33:59.385Z] [INFO   ] 2025-11-12T04:33:59.385Z [DEBUG] 🔍 Fetching HubSpot contacts from API...
[2025-11-12T04:33:59.488Z] [INFO   ] 2025-11-12T04:33:59.488Z [DEBUG] 🔍 [HubSpot API] Processing request: {"integrationId":"6f959e59-18c3-47f0-a20f-cc8a268ceb21","dataType":"hubspot_companies","status":"connected","hasToken":true}
[2025-11-12T04:33:59.489Z] [INFO   ] 2025-11-12T04:33:59.489Z [DEBUG] 🔍 HubSpot companies fetcher called with integration: {"id":"6f959e59-18c3-47f0-a20f-cc8a268ceb21","provider":"hubspot","hasToken":true,"tokenLength":481}
[2025-11-12T04:33:59.489Z] [INFO   ] 2025-11-12T04:33:59.489Z [DEBUG] 🔍 Validating HubSpot token...
[2025-11-12T04:33:59.489Z] [INFO   ] 2025-11-12T04:33:59.489Z [DEBUG] 🔍 Fetching HubSpot companies from API...
[2025-11-12T04:33:59.561Z] [INFO   ] 2025-11-12T04:33:59.560Z [DEBUG] ✅ HubSpot contacts fetched successfully: 3 contacts
[2025-11-12T04:33:59.561Z] [INFO   ] 2025-11-12T04:33:59.561Z [DEBUG] ✅ [HubSpot API] Successfully processed hubspot_contacts: {"integrationId":"6f959e59-18c3-47f0-a20f-cc8a268ceb21","resultCount":3}
[2025-11-12T04:33:59.688Z] [INFO   ] 2025-11-12T04:33:59.687Z [DEBUG] ✅ HubSpot companies fetched successfully: 2 companies
[2025-11-12T04:33:59.688Z] [INFO   ] 2025-11-12T04:33:59.688Z [DEBUG] ✅ [HubSpot API] Successfully processed hubspot_companies: {"integrationId":"6f959e59-18c3-47f0-a20f-cc8a268ceb21","resultCount":2}
[2025-11-12T04:34:08.926Z] [INFO   ] 2025-11-12T04:34:08.926Z [DEBUG] 📥 [HubSpot API] Received request: {"integrationId":"6f959e59-18c3-47f0-a20f-cc8a268ceb21","dataType":"hubspot_ticket_pipelines","options":{}}
[2025-11-12T04:34:08.960Z] [INFO   ] 2025-11-12T04:34:08.960Z [DEBUG] 📥 [HubSpot API] Received request: {"integrationId":"6f959e59-18c3-47f0-a20f-cc8a268ceb21","dataType":"hubspot_ticket_properties","options":{}}
[2025-11-12T04:34:08.960Z] [INFO   ] 2025-11-12T04:34:08.960Z [DEBUG] 📥 [HubSpot API] Received request: {"integrationId":"6f959e59-18c3-47f0-a20f-cc8a268ceb21","dataType":"hubspot_ticket_properties","options":{}}
[2025-11-12T04:34:09.068Z] [INFO   ] 2025-11-12T04:34:09.068Z [DEBUG] 🔍 [HubSpot API] Processing request: {"integrationId":"6f959e59-18c3-47f0-a20f-cc8a268ceb21","dataType":"hubspot_ticket_pipelines","status":"connected","hasToken":true}
[2025-11-12T04:34:09.069Z] [INFO   ] 2025-11-12T04:34:09.069Z [DEBUG] 🔍 HubSpot ticket pipelines fetcher called with integration: {"id":"6f959e59-18c3-47f0-a20f-cc8a268ceb21","provider":"hubspot","hasToken":true,"tokenLength":481}
[2025-11-12T04:34:09.069Z] [INFO   ] 2025-11-12T04:34:09.069Z [DEBUG] 🔍 Validating HubSpot token...
[2025-11-12T04:34:09.069Z] [INFO   ] 2025-11-12T04:34:09.069Z [DEBUG] 🔍 Fetching HubSpot ticket pipelines from API...
[2025-11-12T04:34:09.095Z] [INFO   ] 2025-11-12T04:34:09.095Z [DEBUG] 🔍 [HubSpot API] Processing request: {"integrationId":"6f959e59-18c3-47f0-a20f-cc8a268ceb21","dataType":"hubspot_ticket_properties","status":"connected","hasToken":true}
[2025-11-12T04:34:09.095Z] [INFO   ] 2025-11-12T04:34:09.095Z [DEBUG] 🔍 HubSpot ticket properties fetcher called with integration: {"id":"6f959e59-18c3-47f0-a20f-cc8a268ceb21","provider":"hubspot","hasToken":true,"tokenLength":481}
[2025-11-12T04:34:09.095Z] [INFO   ] 2025-11-12T04:34:09.095Z [DEBUG] 🔍 Validating HubSpot token...
[2025-11-12T04:34:09.095Z] [INFO   ] 2025-11-12T04:34:09.095Z [DEBUG] 🔍 Fetching HubSpot ticket properties from API...
[2025-11-12T04:34:09.104Z] [INFO   ] 2025-11-12T04:34:09.104Z [DEBUG] 🔍 [HubSpot API] Processing request: {"integrationId":"6f959e59-18c3-47f0-a20f-cc8a268ceb21","dataType":"hubspot_ticket_properties","status":"connected","hasToken":true}
[2025-11-12T04:34:09.104Z] [INFO   ] 2025-11-12T04:34:09.104Z [DEBUG] 🔍 HubSpot ticket properties fetcher called with integration: {"id":"6f959e59-18c3-47f0-a20f-cc8a268ceb21","provider":"hubspot","hasToken":true,"tokenLength":481}
[2025-11-12T04:34:09.104Z] [INFO   ] 2025-11-12T04:34:09.104Z [DEBUG] 🔍 Validating HubSpot token...
[2025-11-12T04:34:09.105Z] [INFO   ] 2025-11-12T04:34:09.104Z [DEBUG] 🔍 Fetching HubSpot ticket properties from API...
[2025-11-12T04:34:09.365Z] [INFO   ] 2025-11-12T04:34:09.364Z [DEBUG] ✅ HubSpot ticket properties fetched successfully: 198 properties
[2025-11-12T04:34:09.365Z] [INFO   ] 2025-11-12T04:34:09.365Z [DEBUG] ✅ [HubSpot API] Successfully processed hubspot_ticket_properties: {"integrationId":"6f959e59-18c3-47f0-a20f-cc8a268ceb21","resultCount":198}
[2025-11-12T04:34:09.444Z] [INFO   ] 2025-11-12T04:34:09.444Z [DEBUG] ✅ HubSpot ticket pipelines fetched successfully: 1 pipelines
[2025-11-12T04:34:09.445Z] [INFO   ] 2025-11-12T04:34:09.445Z [DEBUG] ✅ [HubSpot API] Successfully processed hubspot_ticket_pipelines: {"integrationId":"6f959e59-18c3-47f0-a20f-cc8a268ceb21","resultCount":1}
[2025-11-12T04:34:09.504Z] [INFO   ] 2025-11-12T04:34:09.504Z [DEBUG] ✅ HubSpot ticket properties fetched successfully: 198 properties
[2025-11-12T04:34:09.505Z] [INFO   ] 2025-11-12T04:34:09.505Z [DEBUG] ✅ [HubSpot API] Successfully processed hubspot_ticket_properties: {"integrationId":"6f959e59-18c3-47f0-a20f-cc8a268ceb21","resultCount":198}
[2025-11-12T04:34:38.827Z] [INFO   ] 2025-11-12T04:34:38.827Z [DEBUG] 📥 [HubSpot API] Received request: {"integrationId":"6f959e59-18c3-47f0-a20f-cc8a268ceb21","dataType":"hubspot_deals","options":{}}
[2025-11-12T04:34:38.966Z] [INFO   ] 2025-11-12T04:34:38.966Z [DEBUG] 🔍 [HubSpot API] Processing request: {"integrationId":"6f959e59-18c3-47f0-a20f-cc8a268ceb21","dataType":"hubspot_deals","status":"connected","hasToken":true}
[2025-11-12T04:34:38.966Z] [INFO   ] 2025-11-12T04:34:38.966Z [DEBUG] 🔍 HubSpot deals fetcher called with integration: {"id":"6f959e59-18c3-47f0-a20f-cc8a268ceb21","provider":"hubspot","hasToken":true,"tokenLength":481}
[2025-11-12T04:34:38.966Z] [INFO   ] 2025-11-12T04:34:38.966Z [DEBUG] 🔍 Validating HubSpot token...
[2025-11-12T04:34:38.966Z] [INFO   ] 2025-11-12T04:34:38.966Z [DEBUG] 🔍 Fetching HubSpot deals from API...
[2025-11-12T04:34:39.158Z] [INFO   ] 2025-11-12T04:34:39.158Z [DEBUG] ✅ HubSpot deals fetched successfully: 0 deals
[2025-11-12T04:34:39.159Z] [INFO   ] 2025-11-12T04:34:39.159Z [DEBUG] ✅ [HubSpot API] Successfully processed hubspot_deals: {"integrationId":"6f959e59-18c3-47f0-a20f-cc8a268ceb21","resultCount":0}
[2025-11-12T04:35:19.027Z] [INFO   ]  [32m[1m✓[22m[39m Compiled in 1750ms (5467 modules)
[2025-11-12T04:35:19.190Z] [WARN   ]  [33m[1m⚠[22m[39m Fast Refresh had to perform a full reload. Read more: https://nextjs.org/docs/messages/fast-refresh-reload
[2025-11-12T04:35:19.701Z] [INFO   ] 2025-11-12T04:35:19.701Z [DEBUG] 💧 [AUTH] Rehydrating auth state from storage {"hasState":true,"hasUser":false,"initialized":false,"timestamp":"2025-11-12T04:35:19.701Z"}
[2025-11-12T04:35:19.717Z] [INFO   ] 2025-11-12T04:35:19.717Z [DEBUG] 💧 [AUTH] State hydrated and reset {"hasUser":false,"initialized":false,"timestamp":"2025-11-12T04:35:19.717Z"}
[2025-11-12T04:35:19.717Z] [INFO   ] 2025-11-12T04:35:19.717Z [DEBUG] ⏭️ [AUTH] Skipping initialization {"hasState":true,"alreadyInitialized":false,"isClient":false,"timestamp":"2025-11-12T04:35:19.717Z"}
[2025-11-12T04:35:21.216Z] [INFO   ]  [32m[1m✓[22m[39m Compiled /api/auth/profile in 440ms (4289 modules)
[2025-11-12T04:35:21.554Z] [INFO   ]  [32m[1m✓[22m[39m Compiled /api/integrations in 1ms (4310 modules)
[2025-11-12T04:35:21.921Z] [INFO   ]  [32m[1m✓[22m[39m Compiled in 0ms (4315 modules)
[2025-11-12T04:35:22.287Z] [INFO   ]  [32m[1m✓[22m[39m Compiled in 0ms (4315 modules)
[2025-11-12T04:35:22.816Z] [INFO   ]  [32m[1m✓[22m[39m Compiled in 0ms (4315 modules)
[2025-11-12T04:35:23.215Z] [INFO   ] 2025-11-12T04:35:23.215Z [DEBUG] 📍 [API /api/integrations] GET request received {"timestamp":"2025-11-12T04:35:23.215Z","url":"http://localhost:3000/api/integrations?workspace_type=personal"}
[2025-11-12T04:35:23.381Z] [INFO   ] 2025-11-12T04:35:23.380Z [DEBUG] ✅ [API /api/integrations] User authenticated {"userId":"a3e3a51a-175c-4b59-ad03-227ba12a18b0"}
[2025-11-12T04:35:23.381Z] [INFO   ] 2025-11-12T04:35:23.381Z [DEBUG] 🏠 [API /api/integrations] Workspace context {"workspaceType":"personal","workspaceId":null}
[2025-11-12T04:35:23.491Z] [INFO   ] 2025-11-12T04:35:23.491Z [DEBUG] 📊 [API /api/integrations] Parallel query results {"workspaceType":"personal","workspaceId":null,"integrationsCount":10,"permissionsCount":4,"integrationsError":null,"permissionsError":null}
[2025-11-12T04:35:23.492Z] [INFO   ] 2025-11-12T04:35:23.492Z [DEBUG] 📋 [API /api/integrations] Using explicit permission {"integrationId":"580105eb-df9a-4b0a-a934-43e5a99f9bb8","provider":"discord","permission":"admin"}
[2025-11-12T04:35:23.492Z] [INFO   ] 2025-11-12T04:35:23.492Z [DEBUG] 📋 [API /api/integrations] Using implicit permission {"integrationId":"0e7c83e0-6c16-48f6-b7d8-77d3592dca01","provider":"github","permission":"admin","reason":"connected_by"}
[2025-11-12T04:35:23.492Z] [INFO   ] 2025-11-12T04:35:23.492Z [DEBUG] 📋 [API /api/integrations] Using implicit permission {"integrationId":"6f959e59-18c3-47f0-a20f-cc8a268ceb21","provider":"hubspot","permission":"admin","reason":"connected_by"}
[2025-11-12T04:35:23.492Z] [INFO   ] 2025-11-12T04:35:23.492Z [DEBUG] 📋 [API /api/integrations] Using implicit permission {"integrationId":"cb175247-1caa-430b-85c0-dd7ca5ca370b","provider":"google-drive","permission":"admin","reason":"connected_by"}
[2025-11-12T04:35:23.492Z] [INFO   ] 2025-11-12T04:35:23.492Z [DEBUG] 📋 [API /api/integrations] Using explicit permission {"integrationId":"15a626c1-ecf2-4635-a287-1ddc3967a6ce","provider":"gmail","permission":"admin"}
[2025-11-12T04:35:23.492Z] [INFO   ] 2025-11-12T04:35:23.492Z [DEBUG] 📋 [API /api/integrations] Using explicit permission {"integrationId":"dc6cd712-ac50-45b5-86b6-4ff9963c7aa8","provider":"google-sheets","permission":"admin"}
[2025-11-12T04:35:23.492Z] [INFO   ] 2025-11-12T04:35:23.492Z [DEBUG] 📋 [API /api/integrations] Using implicit permission {"integrationId":"3d77fbe9-de84-47a8-ba84-a80981ffd516","provider":"google-calendar","permission":"admin","reason":"connected_by"}
[2025-11-12T04:35:23.492Z] [INFO   ] 2025-11-12T04:35:23.492Z [DEBUG] 📋 [API /api/integrations] Using implicit permission {"integrationId":"a6595fc9-22fe-43dc-82a9-a3301cb3b373","provider":"google-docs","permission":"admin","reason":"connected_by"}
[2025-11-12T04:35:23.492Z] [INFO   ] 2025-11-12T04:35:23.492Z [DEBUG] 📋 [API /api/integrations] Using explicit permission {"integrationId":"8ef5c519-18a9-4a81-829e-b7a48b58f668","provider":"gumroad","permission":"admin"}
[2025-11-12T04:35:23.492Z] [INFO   ] 2025-11-12T04:35:23.492Z [DEBUG] 📋 [API /api/integrations] Using implicit permission {"integrationId":"91c85768-928a-445d-89ae-28521f5ee7f2","provider":"google-analytics","permission":"admin","reason":"connected_by"}
[2025-11-12T04:35:23.492Z] [INFO   ] 2025-11-12T04:35:23.492Z [DEBUG] ✅ [API /api/integrations] Returning integrations {"count":10,"workspaceType":"personal"}
[2025-11-12T04:35:26.165Z] [INFO   ] 2025-11-12T04:35:26.165Z [DEBUG] 📥 [HubSpot API] Received request: {"integrationId":"6f959e59-18c3-47f0-a20f-cc8a268ceb21","dataType":"hubspot_contacts","options":{}}
[2025-11-12T04:35:26.206Z] [INFO   ] 2025-11-12T04:35:26.206Z [DEBUG] 📥 [HubSpot API] Received request: {"integrationId":"6f959e59-18c3-47f0-a20f-cc8a268ceb21","dataType":"hubspot_companies","options":{}}
[2025-11-12T04:35:26.206Z] [INFO   ] 2025-11-12T04:35:26.206Z [DEBUG] 📥 [HubSpot API] Received request: {"integrationId":"6f959e59-18c3-47f0-a20f-cc8a268ceb21","dataType":"hubspot_deals","options":{}}
[2025-11-12T04:35:26.303Z] [INFO   ] 2025-11-12T04:35:26.303Z [DEBUG] 🔍 [HubSpot API] Processing request: {"integrationId":"6f959e59-18c3-47f0-a20f-cc8a268ceb21","dataType":"hubspot_contacts","status":"connected","hasToken":true}
[2025-11-12T04:35:26.304Z] [INFO   ] 2025-11-12T04:35:26.304Z [DEBUG] 🔍 HubSpot contacts fetcher called with integration: {"id":"6f959e59-18c3-47f0-a20f-cc8a268ceb21","provider":"hubspot","hasToken":true,"tokenLength":481}
[2025-11-12T04:35:26.304Z] [INFO   ] 2025-11-12T04:35:26.304Z [DEBUG] 🔍 Validating HubSpot token...
[2025-11-12T04:35:26.304Z] [INFO   ] 2025-11-12T04:35:26.304Z [DEBUG] 🔍 Fetching HubSpot contacts from API...
[2025-11-12T04:35:26.305Z] [INFO   ] 2025-11-12T04:35:26.305Z [DEBUG] 🔍 [HubSpot API] Processing request: {"integrationId":"6f959e59-18c3-47f0-a20f-cc8a268ceb21","dataType":"hubspot_deals","status":"connected","hasToken":true}
[2025-11-12T04:35:26.306Z] [INFO   ] 2025-11-12T04:35:26.306Z [DEBUG] 🔍 HubSpot deals fetcher called with integration: {"id":"6f959e59-18c3-47f0-a20f-cc8a268ceb21","provider":"hubspot","hasToken":true,"tokenLength":481}
[2025-11-12T04:35:26.306Z] [INFO   ] 2025-11-12T04:35:26.306Z [DEBUG] 🔍 Validating HubSpot token...
[2025-11-12T04:35:26.306Z] [INFO   ] 2025-11-12T04:35:26.306Z [DEBUG] 🔍 Fetching HubSpot deals from API...
[2025-11-12T04:35:26.360Z] [INFO   ] 2025-11-12T04:35:26.358Z [DEBUG] 🔍 [HubSpot API] Processing request: {"integrationId":"6f959e59-18c3-47f0-a20f-cc8a268ceb21","dataType":"hubspot_companies","status":"connected","hasToken":true}
[2025-11-12T04:35:26.361Z] [INFO   ] 2025-11-12T04:35:26.361Z [DEBUG] 🔍 HubSpot companies fetcher called with integration: {"id":"6f959e59-18c3-47f0-a20f-cc8a268ceb21","provider":"hubspot","hasToken":true,"tokenLength":481}
[2025-11-12T04:35:26.361Z] [INFO   ] 2025-11-12T04:35:26.361Z [DEBUG] 🔍 Validating HubSpot token...
[2025-11-12T04:35:26.362Z] [INFO   ] 2025-11-12T04:35:26.362Z [DEBUG] 🔍 Fetching HubSpot companies from API...
[2025-11-12T04:35:26.496Z] [INFO   ] 2025-11-12T04:35:26.496Z [DEBUG] ✅ HubSpot deals fetched successfully: 0 deals
[2025-11-12T04:35:26.496Z] [INFO   ] 2025-11-12T04:35:26.496Z [DEBUG] ✅ [HubSpot API] Successfully processed hubspot_deals: {"integrationId":"6f959e59-18c3-47f0-a20f-cc8a268ceb21","resultCount":0}
[2025-11-12T04:35:26.541Z] [INFO   ] 2025-11-12T04:35:26.541Z [DEBUG] ✅ HubSpot contacts fetched successfully: 3 contacts
[2025-11-12T04:35:26.542Z] [INFO   ] 2025-11-12T04:35:26.542Z [DEBUG] ✅ [HubSpot API] Successfully processed hubspot_contacts: {"integrationId":"6f959e59-18c3-47f0-a20f-cc8a268ceb21","resultCount":3}
[2025-11-12T04:35:26.740Z] [INFO   ] 2025-11-12T04:35:26.740Z [DEBUG] ✅ HubSpot companies fetched successfully: 2 companies
[2025-11-12T04:35:26.741Z] [INFO   ] 2025-11-12T04:35:26.741Z [DEBUG] ✅ [HubSpot API] Successfully processed hubspot_companies: {"integrationId":"6f959e59-18c3-47f0-a20f-cc8a268ceb21","resultCount":2}
[2025-11-12T04:35:40.988Z] [INFO   ] 2025-11-12T04:35:40.987Z [DEBUG] 📥 [HubSpot API] Received request: {"integrationId":"6f959e59-18c3-47f0-a20f-cc8a268ceb21","dataType":"hubspot_deals","options":{}}
[2025-11-12T04:35:41.128Z] [INFO   ] 2025-11-12T04:35:41.128Z [DEBUG] 🔍 [HubSpot API] Processing request: {"integrationId":"6f959e59-18c3-47f0-a20f-cc8a268ceb21","dataType":"hubspot_deals","status":"connected","hasToken":true}
[2025-11-12T04:35:41.129Z] [INFO   ] 2025-11-12T04:35:41.128Z [DEBUG] 🔍 HubSpot deals fetcher called with integration: {"id":"6f959e59-18c3-47f0-a20f-cc8a268ceb21","provider":"hubspot","hasToken":true,"tokenLength":481}
[2025-11-12T04:35:41.129Z] [INFO   ] 2025-11-12T04:35:41.129Z [DEBUG] 🔍 Validating HubSpot token...
[2025-11-12T04:35:41.129Z] [INFO   ] 2025-11-12T04:35:41.129Z [DEBUG] 🔍 Fetching HubSpot deals from API...
[2025-11-12T04:35:41.498Z] [INFO   ] 2025-11-12T04:35:41.498Z [DEBUG] ✅ HubSpot deals fetched successfully: 0 deals
[2025-11-12T04:35:41.499Z] [INFO   ] 2025-11-12T04:35:41.499Z [DEBUG] ✅ [HubSpot API] Successfully processed hubspot_deals: {"integrationId":"6f959e59-18c3-47f0-a20f-cc8a268ceb21","resultCount":0}
[2025-11-12T04:35:52.246Z] [INFO   ] 2025-11-12T04:35:52.246Z [DEBUG] 💧 [AUTH] Rehydrating auth state from storage {"hasState":true,"hasUser":false,"initialized":false,"timestamp":"2025-11-12T04:35:52.246Z"}
[2025-11-12T04:35:52.260Z] [INFO   ] 2025-11-12T04:35:52.260Z [DEBUG] 💧 [AUTH] State hydrated and reset {"hasUser":false,"initialized":false,"timestamp":"2025-11-12T04:35:52.260Z"}
[2025-11-12T04:35:52.260Z] [INFO   ] 2025-11-12T04:35:52.260Z [DEBUG] ⏭️ [AUTH] Skipping initialization {"hasState":true,"alreadyInitialized":false,"isClient":false,"timestamp":"2025-11-12T04:35:52.260Z"}
[2025-11-12T04:35:53.790Z] [INFO   ] 2025-11-12T04:35:53.790Z [DEBUG] 📍 [API /api/integrations] GET request received {"timestamp":"2025-11-12T04:35:53.790Z","url":"http://localhost:3000/api/integrations?workspace_type=personal"}
[2025-11-12T04:35:53.921Z] [INFO   ] 2025-11-12T04:35:53.921Z [DEBUG] ✅ [API /api/integrations] User authenticated {"userId":"a3e3a51a-175c-4b59-ad03-227ba12a18b0"}
[2025-11-12T04:35:53.921Z] [INFO   ] 2025-11-12T04:35:53.921Z [DEBUG] 🏠 [API /api/integrations] Workspace context {"workspaceType":"personal","workspaceId":null}
[2025-11-12T04:35:54.071Z] [INFO   ] 2025-11-12T04:35:54.071Z [DEBUG] 📊 [API /api/integrations] Parallel query results {"workspaceType":"personal","workspaceId":null,"integrationsCount":10,"permissionsCount":4,"integrationsError":null,"permissionsError":null}
[2025-11-12T04:35:54.071Z] [INFO   ] 2025-11-12T04:35:54.071Z [DEBUG] 📋 [API /api/integrations] Using explicit permission {"integrationId":"580105eb-df9a-4b0a-a934-43e5a99f9bb8","provider":"discord","permission":"admin"}
[2025-11-12T04:35:54.071Z] [INFO   ] 2025-11-12T04:35:54.071Z [DEBUG] 📋 [API /api/integrations] Using implicit permission {"integrationId":"0e7c83e0-6c16-48f6-b7d8-77d3592dca01","provider":"github","permission":"admin","reason":"connected_by"}
[2025-11-12T04:35:54.071Z] [INFO   ] 2025-11-12T04:35:54.071Z [DEBUG] 📋 [API /api/integrations] Using implicit permission {"integrationId":"6f959e59-18c3-47f0-a20f-cc8a268ceb21","provider":"hubspot","permission":"admin","reason":"connected_by"}
[2025-11-12T04:35:54.071Z] [INFO   ] 2025-11-12T04:35:54.071Z [DEBUG] 📋 [API /api/integrations] Using implicit permission {"integrationId":"cb175247-1caa-430b-85c0-dd7ca5ca370b","provider":"google-drive","permission":"admin","reason":"connected_by"}
[2025-11-12T04:35:54.071Z] [INFO   ] 2025-11-12T04:35:54.071Z [DEBUG] 📋 [API /api/integrations] Using explicit permission {"integrationId":"15a626c1-ecf2-4635-a287-1ddc3967a6ce","provider":"gmail","permission":"admin"}
[2025-11-12T04:35:54.071Z] [INFO   ] 2025-11-12T04:35:54.071Z [DEBUG] 📋 [API /api/integrations] Using explicit permission {"integrationId":"dc6cd712-ac50-45b5-86b6-4ff9963c7aa8","provider":"google-sheets","permission":"admin"}
[2025-11-12T04:35:54.071Z] [INFO   ] 2025-11-12T04:35:54.071Z [DEBUG] 📋 [API /api/integrations] Using implicit permission {"integrationId":"3d77fbe9-de84-47a8-ba84-a80981ffd516","provider":"google-calendar","permission":"admin","reason":"connected_by"}
[2025-11-12T04:35:54.071Z] [INFO   ] 2025-11-12T04:35:54.071Z [DEBUG] 📋 [API /api/integrations] Using implicit permission {"integrationId":"a6595fc9-22fe-43dc-82a9-a3301cb3b373","provider":"google-docs","permission":"admin","reason":"connected_by"}
[2025-11-12T04:35:54.071Z] [INFO   ] 2025-11-12T04:35:54.071Z [DEBUG] 📋 [API /api/integrations] Using explicit permission {"integrationId":"8ef5c519-18a9-4a81-829e-b7a48b58f668","provider":"gumroad","permission":"admin"}
[2025-11-12T04:35:54.071Z] [INFO   ] 2025-11-12T04:35:54.071Z [DEBUG] 📋 [API /api/integrations] Using implicit permission {"integrationId":"91c85768-928a-445d-89ae-28521f5ee7f2","provider":"google-analytics","permission":"admin","reason":"connected_by"}
[2025-11-12T04:35:54.071Z] [INFO   ] 2025-11-12T04:35:54.071Z [DEBUG] ✅ [API /api/integrations] Returning integrations {"count":10,"workspaceType":"personal"}
[2025-11-12T04:35:56.701Z] [INFO   ] 2025-11-12T04:35:56.701Z [DEBUG] 📥 [HubSpot API] Received request: {"integrationId":"6f959e59-18c3-47f0-a20f-cc8a268ceb21","dataType":"hubspot_contacts","options":{}}
[2025-11-12T04:35:56.746Z] [INFO   ] 2025-11-12T04:35:56.746Z [DEBUG] 📥 [HubSpot API] Received request: {"integrationId":"6f959e59-18c3-47f0-a20f-cc8a268ceb21","dataType":"hubspot_companies","options":{}}
[2025-11-12T04:35:56.746Z] [INFO   ] 2025-11-12T04:35:56.746Z [DEBUG] 📥 [HubSpot API] Received request: {"integrationId":"6f959e59-18c3-47f0-a20f-cc8a268ceb21","dataType":"hubspot_deals","options":{}}
[2025-11-12T04:35:56.787Z] [INFO   ] 2025-11-12T04:35:56.787Z [DEBUG] 🔍 [HubSpot API] Processing request: {"integrationId":"6f959e59-18c3-47f0-a20f-cc8a268ceb21","dataType":"hubspot_contacts","status":"connected","hasToken":true}
[2025-11-12T04:35:56.788Z] [INFO   ] 2025-11-12T04:35:56.788Z [DEBUG] 🔍 HubSpot contacts fetcher called with integration: {"id":"6f959e59-18c3-47f0-a20f-cc8a268ceb21","provider":"hubspot","hasToken":true,"tokenLength":481}
[2025-11-12T04:35:56.788Z] [INFO   ] 2025-11-12T04:35:56.788Z [DEBUG] 🔍 Validating HubSpot token...
[2025-11-12T04:35:56.788Z] [INFO   ] 2025-11-12T04:35:56.788Z [DEBUG] 🔍 Fetching HubSpot contacts from API...
[2025-11-12T04:35:56.825Z] [INFO   ] 2025-11-12T04:35:56.825Z [DEBUG] 🔍 [HubSpot API] Processing request: {"integrationId":"6f959e59-18c3-47f0-a20f-cc8a268ceb21","dataType":"hubspot_companies","status":"connected","hasToken":true}
[2025-11-12T04:35:56.826Z] [INFO   ] 2025-11-12T04:35:56.826Z [DEBUG] 🔍 HubSpot companies fetcher called with integration: {"id":"6f959e59-18c3-47f0-a20f-cc8a268ceb21","provider":"hubspot","hasToken":true,"tokenLength":481}
[2025-11-12T04:35:56.826Z] [INFO   ] 2025-11-12T04:35:56.826Z [DEBUG] 🔍 Validating HubSpot token...
[2025-11-12T04:35:56.826Z] [INFO   ] 2025-11-12T04:35:56.826Z [DEBUG] 🔍 Fetching HubSpot companies from API...
[2025-11-12T04:35:56.893Z] [INFO   ] 2025-11-12T04:35:56.893Z [DEBUG] 🔍 [HubSpot API] Processing request: {"integrationId":"6f959e59-18c3-47f0-a20f-cc8a268ceb21","dataType":"hubspot_deals","status":"connected","hasToken":true}
[2025-11-12T04:35:56.893Z] [INFO   ] 2025-11-12T04:35:56.893Z [DEBUG] 🔍 HubSpot deals fetcher called with integration: {"id":"6f959e59-18c3-47f0-a20f-cc8a268ceb21","provider":"hubspot","hasToken":true,"tokenLength":481}
[2025-11-12T04:35:56.893Z] [INFO   ] 2025-11-12T04:35:56.893Z [DEBUG] 🔍 Validating HubSpot token...
[2025-11-12T04:35:56.893Z] [INFO   ] 2025-11-12T04:35:56.893Z [DEBUG] 🔍 Fetching HubSpot deals from API...
[2025-11-12T04:35:57.004Z] [INFO   ] 2025-11-12T04:35:57.004Z [DEBUG] ✅ HubSpot companies fetched successfully: 2 companies
[2025-11-12T04:35:57.005Z] [INFO   ] 2025-11-12T04:35:57.005Z [DEBUG] ✅ [HubSpot API] Successfully processed hubspot_companies: {"integrationId":"6f959e59-18c3-47f0-a20f-cc8a268ceb21","resultCount":2}
[2025-11-12T04:35:57.007Z] [INFO   ] 2025-11-12T04:35:57.007Z [DEBUG] ✅ HubSpot contacts fetched successfully: 3 contacts
[2025-11-12T04:35:57.007Z] [INFO   ] 2025-11-12T04:35:57.007Z [DEBUG] ✅ [HubSpot API] Successfully processed hubspot_contacts: {"integrationId":"6f959e59-18c3-47f0-a20f-cc8a268ceb21","resultCount":3}
[2025-11-12T04:35:57.068Z] [INFO   ] 2025-11-12T04:35:57.068Z [DEBUG] ✅ HubSpot deals fetched successfully: 0 deals
[2025-11-12T04:35:57.068Z] [INFO   ] 2025-11-12T04:35:57.068Z [DEBUG] ✅ [HubSpot API] Successfully processed hubspot_deals: {"integrationId":"6f959e59-18c3-47f0-a20f-cc8a268ceb21","resultCount":0}
[2025-11-12T04:36:03.462Z] [INFO   ]  [32m[1m✓[22m[39m Compiled in 1477ms (5495 modules)
[2025-11-12T04:36:03.534Z] [WARN   ]  [33m[1m⚠[22m[39m Fast Refresh had to perform a full reload. Read more: https://nextjs.org/docs/messages/fast-refresh-reload
[2025-11-12T04:36:03.939Z] [INFO   ] 2025-11-12T04:36:03.939Z [DEBUG] 💧 [AUTH] Rehydrating auth state from storage {"hasState":true,"hasUser":false,"initialized":false,"timestamp":"2025-11-12T04:36:03.939Z"}
[2025-11-12T04:36:03.953Z] [INFO   ] 2025-11-12T04:36:03.953Z [DEBUG] 💧 [AUTH] State hydrated and reset {"hasUser":false,"initialized":false,"timestamp":"2025-11-12T04:36:03.953Z"}
[2025-11-12T04:36:03.954Z] [INFO   ] 2025-11-12T04:36:03.953Z [DEBUG] ⏭️ [AUTH] Skipping initialization {"hasState":true,"alreadyInitialized":false,"isClient":false,"timestamp":"2025-11-12T04:36:03.953Z"}
[2025-11-12T04:36:05.485Z] [INFO   ] 2025-11-12T04:36:05.485Z [DEBUG] 📍 [API /api/integrations] GET request received {"timestamp":"2025-11-12T04:36:05.485Z","url":"http://localhost:3000/api/integrations?workspace_type=personal"}
[2025-11-12T04:36:05.621Z] [INFO   ] 2025-11-12T04:36:05.621Z [DEBUG] ✅ [API /api/integrations] User authenticated {"userId":"a3e3a51a-175c-4b59-ad03-227ba12a18b0"}
[2025-11-12T04:36:05.621Z] [INFO   ] 2025-11-12T04:36:05.621Z [DEBUG] 🏠 [API /api/integrations] Workspace context {"workspaceType":"personal","workspaceId":null}
[2025-11-12T04:36:05.764Z] [INFO   ] 2025-11-12T04:36:05.763Z [DEBUG] 📊 [API /api/integrations] Parallel query results {"workspaceType":"personal","workspaceId":null,"integrationsCount":10,"permissionsCount":4,"integrationsError":null,"permissionsError":null}
[2025-11-12T04:36:05.766Z] [INFO   ] 2025-11-12T04:36:05.765Z [DEBUG] 📋 [API /api/integrations] Using explicit permission {"integrationId":"580105eb-df9a-4b0a-a934-43e5a99f9bb8","provider":"discord","permission":"admin"}
[2025-11-12T04:36:05.766Z] [INFO   ] 2025-11-12T04:36:05.766Z [DEBUG] 📋 [API /api/integrations] Using implicit permission {"integrationId":"0e7c83e0-6c16-48f6-b7d8-77d3592dca01","provider":"github","permission":"admin","reason":"connected_by"}
[2025-11-12T04:36:05.766Z] [INFO   ] 2025-11-12T04:36:05.766Z [DEBUG] 📋 [API /api/integrations] Using implicit permission {"integrationId":"6f959e59-18c3-47f0-a20f-cc8a268ceb21","provider":"hubspot","permission":"admin","reason":"connected_by"}
[2025-11-12T04:36:05.766Z] [INFO   ] 2025-11-12T04:36:05.766Z [DEBUG] 📋 [API /api/integrations] Using implicit permission {"integrationId":"cb175247-1caa-430b-85c0-dd7ca5ca370b","provider":"google-drive","permission":"admin","reason":"connected_by"}
[2025-11-12T04:36:05.767Z] [INFO   ] 2025-11-12T04:36:05.766Z [DEBUG] 📋 [API /api/integrations] Using explicit permission {"integrationId":"15a626c1-ecf2-4635-a287-1ddc3967a6ce","provider":"gmail","permission":"admin"}
[2025-11-12T04:36:05.767Z] [INFO   ] 2025-11-12T04:36:05.767Z [DEBUG] 📋 [API /api/integrations] Using explicit permission {"integrationId":"dc6cd712-ac50-45b5-86b6-4ff9963c7aa8","provider":"google-sheets","permission":"admin"}
[2025-11-12T04:36:05.767Z] [INFO   ] 2025-11-12T04:36:05.767Z [DEBUG] 📋 [API /api/integrations] Using implicit permission {"integrationId":"3d77fbe9-de84-47a8-ba84-a80981ffd516","provider":"google-calendar","permission":"admin","reason":"connected_by"}
[2025-11-12T04:36:05.767Z] [INFO   ] 2025-11-12T04:36:05.767Z [DEBUG] 📋 [API /api/integrations] Using implicit permission {"integrationId":"a6595fc9-22fe-43dc-82a9-a3301cb3b373","provider":"google-docs","permission":"admin","reason":"connected_by"}
[2025-11-12T04:36:05.767Z] [INFO   ] 2025-11-12T04:36:05.767Z [DEBUG] 📋 [API /api/integrations] Using explicit permission {"integrationId":"8ef5c519-18a9-4a81-829e-b7a48b58f668","provider":"gumroad","permission":"admin"}
[2025-11-12T04:36:05.767Z] [INFO   ] 2025-11-12T04:36:05.767Z [DEBUG] 📋 [API /api/integrations] Using implicit permission {"integrationId":"91c85768-928a-445d-89ae-28521f5ee7f2","provider":"google-analytics","permission":"admin","reason":"connected_by"}
[2025-11-12T04:36:05.767Z] [INFO   ] 2025-11-12T04:36:05.767Z [DEBUG] ✅ [API /api/integrations] Returning integrations {"count":10,"workspaceType":"personal"}
[2025-11-12T04:36:11.071Z] [INFO   ] 2025-11-12T04:36:11.071Z [DEBUG] 📥 [HubSpot API] Received request: {"integrationId":"6f959e59-18c3-47f0-a20f-cc8a268ceb21","dataType":"hubspot_contacts","options":{}}
[2025-11-12T04:36:11.119Z] [INFO   ] 2025-11-12T04:36:11.119Z [DEBUG] 📥 [HubSpot API] Received request: {"integrationId":"6f959e59-18c3-47f0-a20f-cc8a268ceb21","dataType":"hubspot_companies","options":{}}
[2025-11-12T04:36:11.120Z] [INFO   ] 2025-11-12T04:36:11.120Z [DEBUG] 📥 [HubSpot API] Received request: {"integrationId":"6f959e59-18c3-47f0-a20f-cc8a268ceb21","dataType":"hubspot_deals","options":{}}
[2025-11-12T04:36:11.223Z] [INFO   ] 2025-11-12T04:36:11.223Z [DEBUG] 🔍 [HubSpot API] Processing request: {"integrationId":"6f959e59-18c3-47f0-a20f-cc8a268ceb21","dataType":"hubspot_contacts","status":"connected","hasToken":true}
[2025-11-12T04:36:11.224Z] [INFO   ] 2025-11-12T04:36:11.223Z [DEBUG] 🔍 HubSpot contacts fetcher called with integration: {"id":"6f959e59-18c3-47f0-a20f-cc8a268ceb21","provider":"hubspot","hasToken":true,"tokenLength":481}
[2025-11-12T04:36:11.224Z] [INFO   ] 2025-11-12T04:36:11.224Z [DEBUG] 🔍 Validating HubSpot token...
[2025-11-12T04:36:11.224Z] [INFO   ] 2025-11-12T04:36:11.224Z [DEBUG] 🔍 Fetching HubSpot contacts from API...
[2025-11-12T04:36:11.249Z] [INFO   ] 2025-11-12T04:36:11.249Z [DEBUG] 🔍 [HubSpot API] Processing request: {"integrationId":"6f959e59-18c3-47f0-a20f-cc8a268ceb21","dataType":"hubspot_deals","status":"connected","hasToken":true}
[2025-11-12T04:36:11.249Z] [INFO   ] 2025-11-12T04:36:11.249Z [DEBUG] 🔍 HubSpot deals fetcher called with integration: {"id":"6f959e59-18c3-47f0-a20f-cc8a268ceb21","provider":"hubspot","hasToken":true,"tokenLength":481}
[2025-11-12T04:36:11.250Z] [INFO   ] 2025-11-12T04:36:11.250Z [DEBUG] 🔍 Validating HubSpot token...
[2025-11-12T04:36:11.250Z] [INFO   ] 2025-11-12T04:36:11.250Z [DEBUG] 🔍 Fetching HubSpot deals from API...
[2025-11-12T04:36:11.254Z] [INFO   ] 2025-11-12T04:36:11.254Z [DEBUG] 🔍 [HubSpot API] Processing request: {"integrationId":"6f959e59-18c3-47f0-a20f-cc8a268ceb21","dataType":"hubspot_companies","status":"connected","hasToken":true}
[2025-11-12T04:36:11.254Z] [INFO   ] 2025-11-12T04:36:11.254Z [DEBUG] 🔍 HubSpot companies fetcher called with integration: {"id":"6f959e59-18c3-47f0-a20f-cc8a268ceb21","provider":"hubspot","hasToken":true,"tokenLength":481}
[2025-11-12T04:36:11.254Z] [INFO   ] 2025-11-12T04:36:11.254Z [DEBUG] 🔍 Validating HubSpot token...
[2025-11-12T04:36:11.254Z] [INFO   ] 2025-11-12T04:36:11.254Z [DEBUG] 🔍 Fetching HubSpot companies from API...
[2025-11-12T04:36:11.400Z] [INFO   ] 2025-11-12T04:36:11.400Z [DEBUG] ✅ HubSpot contacts fetched successfully: 3 contacts
[2025-11-12T04:36:11.401Z] [INFO   ] 2025-11-12T04:36:11.401Z [DEBUG] ✅ [HubSpot API] Successfully processed hubspot_contacts: {"integrationId":"6f959e59-18c3-47f0-a20f-cc8a268ceb21","resultCount":3}
[2025-11-12T04:36:11.585Z] [INFO   ] 2025-11-12T04:36:11.585Z [DEBUG] ✅ HubSpot deals fetched successfully: 0 deals
[2025-11-12T04:36:11.586Z] [INFO   ] 2025-11-12T04:36:11.586Z [DEBUG] ✅ [HubSpot API] Successfully processed hubspot_deals: {"integrationId":"6f959e59-18c3-47f0-a20f-cc8a268ceb21","resultCount":0}
[2025-11-12T04:36:11.648Z] [INFO   ] 2025-11-12T04:36:11.648Z [DEBUG] ✅ HubSpot companies fetched successfully: 2 companies
[2025-11-12T04:36:11.649Z] [INFO   ] 2025-11-12T04:36:11.648Z [DEBUG] ✅ [HubSpot API] Successfully processed hubspot_companies: {"integrationId":"6f959e59-18c3-47f0-a20f-cc8a268ceb21","resultCount":2}
[2025-11-12T04:37:11.474Z] [INFO   ] 2025-11-12T04:37:11.474Z [DEBUG] 📥 [HubSpot API] Received request: {"integrationId":"6f959e59-18c3-47f0-a20f-cc8a268ceb21","dataType":"hubspot_deals","options":{}}
[2025-11-12T04:37:11.665Z] [INFO   ] 2025-11-12T04:37:11.664Z [DEBUG] 🔍 [HubSpot API] Processing request: {"integrationId":"6f959e59-18c3-47f0-a20f-cc8a268ceb21","dataType":"hubspot_deals","status":"connected","hasToken":true}
[2025-11-12T04:37:11.665Z] [INFO   ] 2025-11-12T04:37:11.665Z [DEBUG] 🔍 HubSpot deals fetcher called with integration: {"id":"6f959e59-18c3-47f0-a20f-cc8a268ceb21","provider":"hubspot","hasToken":true,"tokenLength":481}
[2025-11-12T04:37:11.665Z] [INFO   ] 2025-11-12T04:37:11.665Z [DEBUG] 🔍 Validating HubSpot token...
[2025-11-12T04:37:11.665Z] [INFO   ] 2025-11-12T04:37:11.665Z [DEBUG] 🔍 Fetching HubSpot deals from API...
[2025-11-12T04:37:12.016Z] [INFO   ] 2025-11-12T04:37:12.016Z [DEBUG] ✅ HubSpot deals fetched successfully: 0 deals
[2025-11-12T04:37:12.016Z] [INFO   ] 2025-11-12T04:37:12.016Z [DEBUG] ✅ [HubSpot API] Successfully processed hubspot_deals: {"integrationId":"6f959e59-18c3-47f0-a20f-cc8a268ceb21","resultCount":0}
[2025-11-12T04:38:02.739Z] [INFO   ] 2025-11-12T04:38:02.738Z [DEBUG] 📥 [HubSpot API] Received request: {"integrationId":"6f959e59-18c3-47f0-a20f-cc8a268ceb21","dataType":"hubspot_deals","options":{}}
[2025-11-12T04:38:02.782Z] [INFO   ] 2025-11-12T04:38:02.782Z [DEBUG] 📥 [HubSpot API] Received request: {"integrationId":"6f959e59-18c3-47f0-a20f-cc8a268ceb21","dataType":"hubspot_owners","options":{}}
[2025-11-12T04:38:02.908Z] [INFO   ] 2025-11-12T04:38:02.908Z [DEBUG] 🔍 [HubSpot API] Processing request: {"integrationId":"6f959e59-18c3-47f0-a20f-cc8a268ceb21","dataType":"hubspot_deals","status":"connected","hasToken":true}
[2025-11-12T04:38:02.909Z] [INFO   ] 2025-11-12T04:38:02.909Z [DEBUG] 🔍 HubSpot deals fetcher called with integration: {"id":"6f959e59-18c3-47f0-a20f-cc8a268ceb21","provider":"hubspot","hasToken":true,"tokenLength":481}
[2025-11-12T04:38:02.909Z] [INFO   ] 2025-11-12T04:38:02.909Z [DEBUG] 🔍 Validating HubSpot token...
[2025-11-12T04:38:02.909Z] [INFO   ] 2025-11-12T04:38:02.909Z [DEBUG] 🔍 Fetching HubSpot deals from API...
[2025-11-12T04:38:02.921Z] [INFO   ] 2025-11-12T04:38:02.921Z [DEBUG] 🔍 [HubSpot API] Processing request: {"integrationId":"6f959e59-18c3-47f0-a20f-cc8a268ceb21","dataType":"hubspot_owners","status":"connected","hasToken":true}
[2025-11-12T04:38:03.086Z] [INFO   ] 2025-11-12T04:38:03.086Z [DEBUG] ✅ HubSpot deals fetched successfully: 0 deals
[2025-11-12T04:38:03.087Z] [INFO   ] 2025-11-12T04:38:03.087Z [DEBUG] ✅ [HubSpot API] Successfully processed hubspot_deals: {"integrationId":"6f959e59-18c3-47f0-a20f-cc8a268ceb21","resultCount":0}
[2025-11-12T04:38:03.255Z] [INFO   ] 2025-11-12T04:38:03.254Z [DEBUG] ✅ Fetched 1 owners
[2025-11-12T04:38:03.256Z] [INFO   ] 2025-11-12T04:38:03.255Z [DEBUG] ✅ [HubSpot API] Successfully processed hubspot_owners: {"integrationId":"6f959e59-18c3-47f0-a20f-cc8a268ceb21","resultCount":1}
[2025-11-12T04:38:28.117Z] [INFO   ] 2025-11-12T04:38:28.117Z [DEBUG] 📥 [HubSpot API] Received request: {"integrationId":"6f959e59-18c3-47f0-a20f-cc8a268ceb21","dataType":"hubspot_contact_properties","options":{}}
[2025-11-12T04:38:28.258Z] [INFO   ] 2025-11-12T04:38:28.258Z [DEBUG] 🔍 [HubSpot API] Processing request: {"integrationId":"6f959e59-18c3-47f0-a20f-cc8a268ceb21","dataType":"hubspot_contact_properties","status":"connected","hasToken":true}
[2025-11-12T04:38:28.259Z] [INFO   ] 2025-11-12T04:38:28.259Z [DEBUG] 🔍 HubSpot contact properties fetcher called with integration: {"id":"6f959e59-18c3-47f0-a20f-cc8a268ceb21","provider":"hubspot","hasToken":true,"tokenLength":481}
[2025-11-12T04:38:28.259Z] [INFO   ] 2025-11-12T04:38:28.259Z [DEBUG] 🔍 Validating HubSpot token...
[2025-11-12T04:38:28.259Z] [INFO   ] 2025-11-12T04:38:28.259Z [DEBUG] 🔍 Fetching HubSpot contact properties from API...
[2025-11-12T04:38:28.553Z] [INFO   ] 2025-11-12T04:38:28.552Z [DEBUG] ✅ HubSpot contact properties fetched successfully: 357 properties
[2025-11-12T04:38:28.553Z] [INFO   ] 2025-11-12T04:38:28.553Z [DEBUG] ✅ [HubSpot API] Successfully processed hubspot_contact_properties: {"integrationId":"6f959e59-18c3-47f0-a20f-cc8a268ceb21","resultCount":357}
[2025-11-12T04:39:06.350Z] [INFO   ]  [32m[1m✓[22m[39m Compiled in 3s (5467 modules)
[2025-11-12T04:39:18.744Z] [INFO   ]  [32m[1m✓[22m[39m Compiled in 873ms (5467 modules)
