=== Log Session Started: 2025-10-26T04:27:44.512Z ===
Node Version: v23.7.0
Platform: darwin
Working Directory: /Users/nathanielstoddard/chainreact-app/chainreact-app-9e
================================================================================

[2025-10-26T04:27:44.512Z] [INFO   ] File logging initialized
[2025-10-26T04:27:44.512Z] [INFO   ] Log file: /Users/nathanielstoddard/chainreact-app/chainreact-app-9e/logs/workflow_2025-10-25_23-27-44.log
[2025-10-26T04:27:44.530Z] [INFO   ] Deleted old log file: workflow_2025-10-18_21-15-14.log
[2025-10-26T04:27:44.531Z] [INFO   ] 📁 File logging enabled
[2025-10-26T04:27:44.531Z] [INFO   ] 📝 Logs will be written to: /Users/nathanielstoddard/chainreact-app/chainreact-app-9e/logs/workflow_2025-10-25_23-27-44.log
[2025-10-26T04:27:44.531Z] [INFO   ] 💡 To view logs in real-time: tail -f /Users/nathanielstoddard/chainreact-app/chainreact-app-9e/logs/workflow_2025-10-25_23-27-44.log
[2025-10-26T04:27:44.531Z] [INFO   ] 💡 To view all logs: cat /Users/nathanielstoddard/chainreact-app/chainreact-app-9e/logs/workflow_2025-10-25_23-27-44.log
[2025-10-26T04:27:44.531Z] [INFO   ] 💡 To share logs: Copy the file at /Users/nathanielstoddard/chainreact-app/chainreact-app-9e/logs/workflow_2025-10-25_23-27-44.log
[2025-10-26T04:27:44.531Z] [INFO   ] --------------------------------------------------------------------------------
[2025-10-26T04:27:44.531Z] [DEBUG  ] 📁 File logging system initialized
[2025-10-26T04:27:44.545Z] [INFO   ]  [32m[1m✓[22m[39m Ready in 3.5s
[2025-10-26T04:27:44.696Z] [INFO   ]  [32m[1m✓[22m[39m Compiled /middleware in 145ms (233 modules)
[2025-10-26T04:27:45.001Z] [INFO   ] 2025-10-26T04:27:45.001Z [DEBUG] [Middleware] Username check: {"path":"/workflows/ai-agent","userId":"a3e3a51a-175c-4b59-ad03-227ba12a18b0","provider":"email","role":"free","username":"nstoddard17","hasUsername":true,"isBetaTester":false,"isNewBetaUser":false,"accountAge":12886177602}
[2025-10-26T04:27:45.521Z] [INFO   ]  [37m[1m○[22m[39m Compiling /workflows/ai-agent ...
[2025-10-26T04:27:45.532Z] [INFO   ] 2025-10-26T04:27:45.532Z [DEBUG] 🤖 Discord bot configured, initializing gateway connection in background...
[2025-10-26T04:27:47.423Z] [INFO   ] 2025-10-26T04:27:47.423Z [DEBUG] Initializing Discord Gateway connection (singleton)...
[2025-10-26T04:27:47.424Z] [INFO   ] 2025-10-26T04:27:47.424Z [DEBUG] 🔑 Discord bot token loaded
[2025-10-26T04:27:47.816Z] [INFO   ] 2025-10-26T04:27:47.816Z [DEBUG] Discord Gateway initialization complete
[2025-10-26T04:27:47.817Z] [INFO   ] 2025-10-26T04:27:47.817Z [DEBUG] ✅ Discord bot gateway connection initialized
[2025-10-26T04:27:48.014Z] [INFO   ] 2025-10-26T04:27:48.014Z [DEBUG] Discord Gateway WebSocket connection established
[2025-10-26T04:27:48.015Z] [INFO   ] 2025-10-26T04:27:48.015Z [DEBUG] 🔑 Sending identify with intents: {"GUILDS":true,"GUILD_MEMBERS":true,"GUILD_INVITES":true,"GUILD_MESSAGES":true,"MESSAGE_CONTENT":true,"intentsValue":33347}
[2025-10-26T04:27:48.261Z] [INFO   ] 2025-10-26T04:27:48.261Z [DEBUG] 🎉 Discord bot ready! {"sessionId":"5a90716813b4c69ea87a2d88a2bbfa60","username":"ChainReact-Bot","userId":"1378595955212812308","guildCount":2}
[2025-10-26T04:27:48.261Z] [INFO   ] 2025-10-26T04:27:48.261Z [DEBUG] 📋 Initializing invite cache...
[2025-10-26T04:27:48.262Z] [INFO   ] 2025-10-26T04:27:48.262Z [DEBUG] 📡 Discord event received: GUILD_CREATE
[2025-10-26T04:27:48.275Z] [INFO   ] 2025-10-26T04:27:48.275Z [DEBUG] 📡 Discord event received: GUILD_CREATE
[2025-10-26T04:27:48.451Z] [INFO   ] 2025-10-26T04:27:48.450Z [DEBUG] ✅ Cached 3 invites for guild 1378950884045623406
[2025-10-26T04:27:50.966Z] [INFO   ]  [32m[1m✓[22m[39m Compiled /workflows/ai-agent in 5.9s (3725 modules)
[2025-10-26T04:27:51.371Z] [INFO   ] 2025-10-26T04:27:51.371Z [DEBUG] 💧 [AUTH] Rehydrating auth state from storage {"hasState":true,"hasUser":false,"initialized":false,"timestamp":"2025-10-26T04:27:51.371Z"}
[2025-10-26T04:27:51.373Z] [INFO   ] 2025-10-26T04:27:51.373Z [DEBUG] 💧 [AUTH] State hydrated and reset {"hasUser":false,"initialized":false,"timestamp":"2025-10-26T04:27:51.373Z"}
[2025-10-26T04:27:51.374Z] [INFO   ] 2025-10-26T04:27:51.374Z [DEBUG] ⏭️ [AUTH] Skipping initialization {"hasState":true,"alreadyInitialized":false,"isClient":false,"timestamp":"2025-10-26T04:27:51.373Z"}
[2025-10-26T04:27:51.791Z] [INFO   ]  [32m[1m✓[22m[39m Compiled in 809ms (597 modules)
[2025-10-26T04:27:51.956Z] [INFO   ] 2025-10-26T04:27:51.955Z [DEBUG] [Username Check] {"userId":"a3e3a51a-175c-4b59-ad03-227ba12a18b0","hasEmail":true,"provider":"email","hasUsername":true,"isGoogleUser":false}
[2025-10-26T04:27:53.041Z] [INFO   ]  [37m[1m○[22m[39m Compiling /api/presence/count ...
[2025-10-26T04:27:53.982Z] [INFO   ]  [32m[1m✓[22m[39m Compiled /api/presence/count in 1546ms (3732 modules)
[2025-10-26T04:27:55.466Z] [INFO   ] 2025-10-26T04:27:55.465Z [DEBUG] [Middleware] Username check: {"path":"/workflows/builder/d75e6c24-fc8a-49f1-b7e6-92f875941da8","userId":"a3e3a51a-175c-4b59-ad03-227ba12a18b0","provider":"email","role":"free","username":"nstoddard17","hasUsername":true,"isBetaTester":false,"isNewBetaUser":false,"accountAge":12886188066}
[2025-10-26T04:27:56.022Z] [INFO   ]  [37m[1m○[22m[39m Compiling /workflows/builder/[id] ...
[2025-10-26T04:27:58.747Z] [INFO   ]  [32m[1m✓[22m[39m Compiled /api/integrations in 3.2s (5925 modules)
[2025-10-26T04:27:58.902Z] [INFO   ] 2025-10-26T04:27:58.902Z [DEBUG] 📍 [API /api/integrations] GET request received {"timestamp":"2025-10-26T04:27:58.902Z","headers":{"referer":"check-console"}}
[2025-10-26T04:27:59.073Z] [INFO   ] 2025-10-26T04:27:59.073Z [DEBUG] ✅ [API /api/integrations] User authenticated {"userId":"a3e3a51a-175c-4b59-ad03-227ba12a18b0"}
[2025-10-26T04:27:59.179Z] [INFO   ] 2025-10-26T04:27:59.179Z [DEBUG] 📊 [API /api/integrations] Query result {"count":14,"error":null,"firstFew":[{"provider":"notion","status":"connected"},{"provider":"mailchimp","status":"connected"}]}
[2025-10-26T04:27:59.967Z] [INFO   ] 2025-10-26T04:27:59.967Z [DEBUG] [Username Check] {"userId":"a3e3a51a-175c-4b59-ad03-227ba12a18b0","hasEmail":true,"provider":"email","hasUsername":true,"isGoogleUser":false}
[2025-10-26T04:28:02.022Z] [INFO   ] 2025-10-26T04:28:02.022Z [DEBUG] [Middleware] Username check: {"path":"/workflows/builder/d75e6c24-fc8a-49f1-b7e6-92f875941da8","userId":"a3e3a51a-175c-4b59-ad03-227ba12a18b0","provider":"email","role":"free","username":"nstoddard17","hasUsername":true,"isBetaTester":false,"isNewBetaUser":false,"accountAge":12886194623}
[2025-10-26T04:28:02.284Z] [INFO   ] 2025-10-26T04:28:02.284Z [DEBUG] 💧 [AUTH] Rehydrating auth state from storage {"hasState":true,"hasUser":false,"initialized":false,"timestamp":"2025-10-26T04:28:02.284Z"}
[2025-10-26T04:28:02.299Z] [INFO   ] 2025-10-26T04:28:02.298Z [DEBUG] 💧 [AUTH] State hydrated and reset {"hasUser":false,"initialized":false,"timestamp":"2025-10-26T04:28:02.298Z"}
[2025-10-26T04:28:02.299Z] [INFO   ] 2025-10-26T04:28:02.299Z [DEBUG] ⏭️ [AUTH] Skipping initialization {"hasState":true,"alreadyInitialized":false,"isClient":false,"timestamp":"2025-10-26T04:28:02.299Z"}
[2025-10-26T04:28:02.572Z] [INFO   ] 2025-10-26T04:28:02.571Z [DEBUG] [Username Check] {"userId":"a3e3a51a-175c-4b59-ad03-227ba12a18b0","hasEmail":true,"provider":"email","hasUsername":true,"isGoogleUser":false}
[2025-10-26T04:28:03.289Z] [INFO   ] 2025-10-26T04:28:03.289Z [INFO] [NewWorkflowBuilderContent] URL params: {"aiChat":"true","hasInitialPrompt":true,"initialPrompt":"When I get an email send it to slack"}
[2025-10-26T04:28:04.360Z] [INFO   ] 2025-10-26T04:28:04.360Z [DEBUG] 📍 [API /api/integrations] GET request received {"timestamp":"2025-10-26T04:28:04.360Z","headers":{"referer":"check-console"}}
[2025-10-26T04:28:04.452Z] [INFO   ] 2025-10-26T04:28:04.451Z [DEBUG] ✅ [API /api/integrations] User authenticated {"userId":"a3e3a51a-175c-4b59-ad03-227ba12a18b0"}
[2025-10-26T04:28:04.561Z] [INFO   ] 2025-10-26T04:28:04.561Z [DEBUG] 📊 [API /api/integrations] Query result {"count":14,"error":null,"firstFew":[{"provider":"notion","status":"connected"},{"provider":"mailchimp","status":"connected"}]}
[2025-10-26T04:28:05.033Z] [INFO   ]  [37m[1m○[22m[39m Compiling /api/collaboration/join ...
[2025-10-26T04:28:05.074Z] [INFO   ]  [32m[1m✓[22m[39m Compiled /api/collaboration/join in 628ms (5928 modules)
[2025-10-26T04:28:05.701Z] [INFO   ]  [32m[1m✓[22m[39m Compiled /_not-found in 457ms (5933 modules)
[2025-10-26T04:28:05.860Z] [INFO   ] 2025-10-26T04:28:05.860Z [DEBUG] 💧 [AUTH] Rehydrating auth state from storage {"hasState":true,"hasUser":false,"initialized":false,"timestamp":"2025-10-26T04:28:05.860Z"}
[2025-10-26T04:28:05.861Z] [INFO   ] 2025-10-26T04:28:05.861Z [DEBUG] 💧 [AUTH] State hydrated and reset {"hasUser":false,"initialized":false,"timestamp":"2025-10-26T04:28:05.861Z"}
[2025-10-26T04:28:05.861Z] [INFO   ] 2025-10-26T04:28:05.861Z [DEBUG] ⏭️ [AUTH] Skipping initialization {"hasState":true,"alreadyInitialized":false,"isClient":false,"timestamp":"2025-10-26T04:28:05.861Z"}
[2025-10-26T04:28:07.229Z] [INFO   ]  [32m[1m✓[22m[39m Compiled /api/ai/analyze-request in 357ms (5935 modules)
[2025-10-26T04:28:07.417Z] [INFO   ] 2025-10-26T04:28:07.417Z [INFO] [ANALYZE] Analyzing user request: {"prompt":"When I get an email send it to slack","userId":"a3e3a51a-175c-4b59-ad03-227ba12a18b0"}
[2025-10-26T04:28:10.732Z] [INFO   ] 2025-10-26T04:28:10.732Z [INFO] [ANALYZE] Analysis complete: {"needsClarification":true,"questions":[{"id":"slack_channel","question":"Which Slack channel would you like to send messages to?","fieldType":"dropdown","dataEndpoint":"/api/integrations/slack/channels","nodeType":"slack_action_send_message","configField":"channel","required":true},{"id":"email_sender_filter","question":"Would you like to filter emails by sender? (Optional)","fieldType":"dropdown","dataEndpoint":"/api/integrations/gmail/senders","nodeType":"gmail_trigger_new_email","configField":"from","required":false,"allowCustom":true,"isMultiSelect":true,"tooltip":"Select one or more recent senders, or type custom email addresses. The workflow will trigger for emails from any of the selected senders."},{"id":"email_keywords_filter","question":"Would you like to filter emails by keywords? (Optional)","fieldType":"text","nodeType":"gmail_trigger_new_email","configField":"keywords","required":false,"tooltip":"Enter keywords to search for in both the subject and body of emails. Examples: 'invoice', 'urgent report', 'meeting'. Separate multiple keywords with commas to match any of them. The workflow will trigger when an email contains any of these keywords in either the subject or body."}],"inferredData":{"email_source":"gmail","reasoning":"User has only Gmail connected","message_template":"New email from {{trigger.from}}\n\nSubject: {{trigger.subject}}\n\nBody:\n{{trigger.body}}"}}
[2025-10-26T04:28:11.382Z] [INFO   ]  [37m[1m○[22m[39m Compiling /api/integrations/gmail/senders ...
[2025-10-26T04:28:12.092Z] [INFO   ]  [32m[1m✓[22m[39m Compiled /api/integrations/gmail/senders in 1238ms (5940 modules)
[2025-10-26T04:28:12.584Z] [INFO   ] 2025-10-26T04:28:12.583Z [INFO] [SLACK CHANNELS] Fetched channels: {"count":3}
[2025-10-26T04:28:12.902Z] [INFO   ] 2025-10-26T04:28:12.902Z [INFO] [SLACK CHANNELS] Fetched channels: {"count":3}
[2025-10-26T04:28:12.979Z] [INFO   ] 2025-10-26T04:28:12.978Z [INFO] [GMAIL SENDERS] Fetched senders: {"count":13}
[2025-10-26T04:28:13.609Z] [INFO   ] 2025-10-26T04:28:13.609Z [INFO] [GMAIL SENDERS] Fetched senders: {"count":13}
[2025-10-26T04:28:33.336Z] [INFO   ]  [37m[1m○[22m[39m Compiling /api/ai/stream-workflow ...
[2025-10-26T04:28:33.989Z] [INFO   ]  [32m[1m✓[22m[39m Compiled /api/ai/stream-workflow in 1158ms (2469 modules)
[2025-10-26T04:28:36.230Z] [INFO   ]  [37m[1m○[22m[39m Compiling /api/collaboration/collaborators ...
[2025-10-26T04:28:36.518Z] [INFO   ]  [32m[1m✓[22m[39m Compiled /api/collaboration/collaborators in 791ms (5942 modules)
[2025-10-26T04:29:26.097Z] [INFO   ] 2025-10-26T04:29:26.097Z [DEBUG] [Middleware] Username check: {"path":"/workflows/builder/d75e6c24-fc8a-49f1-b7e6-92f875941da8","userId":"a3e3a51a-175c-4b59-ad03-227ba12a18b0","provider":"email","role":"free","username":"nstoddard17","hasUsername":true,"isBetaTester":false,"isNewBetaUser":false,"accountAge":12886278698}
[2025-10-26T04:29:26.450Z] [INFO   ] 2025-10-26T04:29:26.450Z [DEBUG] 💧 [AUTH] Rehydrating auth state from storage {"hasState":true,"hasUser":false,"initialized":false,"timestamp":"2025-10-26T04:29:26.450Z"}
[2025-10-26T04:29:26.463Z] [INFO   ] 2025-10-26T04:29:26.463Z [DEBUG] 💧 [AUTH] State hydrated and reset {"hasUser":false,"initialized":false,"timestamp":"2025-10-26T04:29:26.463Z"}
[2025-10-26T04:29:26.463Z] [INFO   ] 2025-10-26T04:29:26.463Z [DEBUG] ⏭️ [AUTH] Skipping initialization {"hasState":true,"alreadyInitialized":false,"isClient":false,"timestamp":"2025-10-26T04:29:26.463Z"}
[2025-10-26T04:29:26.547Z] [ERROR  ] aborted
Error: aborted
    at abortIncoming (node:_http_server:809:17)
    at socketOnClose (node:_http_server:803:3)
    at Socket.emit (node:events:519:35)
    at TCP.<anonymous> (node:net:351:12)
    at TCP.callbackTrampoline (node:internal/async_hooks:130:17)
[2025-10-26T04:29:26.548Z] [ERROR  ]  [31m[1m⨯[22m[39m uncaughtException: aborted
Error: aborted
    at abortIncoming (node:_http_server:809:17)
    at socketOnClose (node:_http_server:803:3)
    at Socket.emit (node:events:519:35)
    at TCP.<anonymous> (node:net:351:12)
    at TCP.callbackTrampoline (node:internal/async_hooks:130:17)
[2025-10-26T04:29:26.548Z] [ERROR  ]  [31m[1m⨯[22m[39m uncaughtException:  aborted
Error: aborted
    at abortIncoming (node:_http_server:809:17)
    at socketOnClose (node:_http_server:803:3)
    at Socket.emit (node:events:519:35)
    at TCP.<anonymous> (node:net:351:12)
    at TCP.callbackTrampoline (node:internal/async_hooks:130:17)
[2025-10-26T04:29:26.781Z] [INFO   ] 2025-10-26T04:29:26.780Z [DEBUG] [Username Check] {"userId":"a3e3a51a-175c-4b59-ad03-227ba12a18b0","hasEmail":true,"provider":"email","hasUsername":true,"isGoogleUser":false}
[2025-10-26T04:29:27.331Z] [INFO   ] 2025-10-26T04:29:27.331Z [INFO] [NewWorkflowBuilderContent] URL params: {"aiChat":"true","hasInitialPrompt":true,"initialPrompt":"When I get an email send it to slack"}
[2025-10-26T04:29:27.790Z] [INFO   ] 2025-10-26T04:29:27.790Z [DEBUG] 📍 [API /api/integrations] GET request received {"timestamp":"2025-10-26T04:29:27.790Z","headers":{"referer":"check-console"}}
[2025-10-26T04:29:27.923Z] [INFO   ] 2025-10-26T04:29:27.923Z [DEBUG] ✅ [API /api/integrations] User authenticated {"userId":"a3e3a51a-175c-4b59-ad03-227ba12a18b0"}
[2025-10-26T04:29:28.056Z] [INFO   ] 2025-10-26T04:29:28.056Z [DEBUG] 📊 [API /api/integrations] Query result {"count":14,"error":null,"firstFew":[{"provider":"notion","status":"connected"},{"provider":"mailchimp","status":"connected"}]}
[2025-10-26T04:29:29.024Z] [INFO   ] 2025-10-26T04:29:29.024Z [INFO] [ANALYZE] Analyzing user request: {"prompt":"When I get an email send it to slack","userId":"a3e3a51a-175c-4b59-ad03-227ba12a18b0"}
[2025-10-26T04:29:32.113Z] [INFO   ] 2025-10-26T04:29:32.112Z [INFO] [ANALYZE] Analysis complete: {"needsClarification":true,"questions":[{"id":"slack_channel","question":"Which Slack channel would you like to send messages to?","fieldType":"dropdown","dataEndpoint":"/api/integrations/slack/channels","nodeType":"slack_action_send_message","configField":"channel","required":true},{"id":"email_sender_filter","question":"Would you like to filter emails by sender? (Optional)","fieldType":"dropdown","dataEndpoint":"/api/integrations/gmail/senders","nodeType":"gmail_trigger_new_email","configField":"from","required":false,"allowCustom":true,"isMultiSelect":true,"tooltip":"Select one or more recent senders, or type custom email addresses. The workflow will trigger for emails from any of the selected senders."},{"id":"email_keywords_filter","question":"Would you like to filter emails by keywords? (Optional)","fieldType":"text","nodeType":"gmail_trigger_new_email","configField":"keywords","required":false,"tooltip":"Enter keywords to search for in both the subject and body of emails. Examples: 'invoice', 'urgent report', 'meeting'. Separate multiple keywords with commas to match any of them. The workflow will trigger when an email contains any of these keywords in either the subject or body."}],"inferredData":{"email_source":"gmail","reasoning":"User has only Gmail connected","message_template":"New email from {{trigger.from}}\n\nSubject: {{trigger.subject}}\n\nBody:\n{{trigger.body}}"}}
[2025-10-26T04:29:32.667Z] [INFO   ] 2025-10-26T04:29:32.667Z [INFO] [SLACK CHANNELS] Fetched channels: {"count":3}
[2025-10-26T04:29:33.013Z] [INFO   ] 2025-10-26T04:29:33.013Z [INFO] [SLACK CHANNELS] Fetched channels: {"count":3}
[2025-10-26T04:29:33.083Z] [INFO   ] 2025-10-26T04:29:33.083Z [INFO] [GMAIL SENDERS] Fetched senders: {"count":13}
[2025-10-26T04:29:33.702Z] [INFO   ] 2025-10-26T04:29:33.702Z [INFO] [GMAIL SENDERS] Fetched senders: {"count":13}
[2025-10-26T04:29:39.017Z] [INFO   ] [Prerequisite Check] Required apps: [ 'gmail', 'slack' ]
[2025-10-26T04:29:39.019Z] [INFO   ] [Prerequisite Check] Connected integrations: [
  'notion',
  'mailchimp',
  'gmail',
  'google-sheets',
  'facebook',
  'trello',
  'slack',
  'google-docs',
  'twitter',
  'dropbox',
  'google-drive',
  'google-calendar',
  'airtable',
  'google_calendar'
]
[2025-10-26T04:29:39.019Z] [INFO   ] [Prerequisite Check] Normalized connected: [
  'notion',
  'mailchimp',
  'gmail',
  'google-sheets',
  'facebook',
  'trello',
  'slack',
  'google-docs',
  'twitter',
  'dropbox',
  'google-drive',
  'google-calendar',
  'airtable',
  'google_calendar'
]
[2025-10-26T04:29:39.020Z] [INFO   ] [Prerequisite Check] Checking gmail (normalized: gmail): CONNECTED
[2025-10-26T04:29:39.020Z] [INFO   ] [Prerequisite Check] Checking slack (normalized: slack): CONNECTED
[2025-10-26T04:29:45.026Z] [INFO   ] [STREAM] Phase 2: Starting node creation, plan: {
  understanding: 'The user wants to automatically send any new email they receive to a Slack channel.',
  nodes: [
  {
  type: 'gmail_trigger_new_email',
  title: 'Trigger on New Email',
  description: 'This node triggers the workflow whenever a new email is received in the user\'s Gmail account.',
  reasoning: 'This is the starting point of the workflow, as it detects new emails that need to be sent to Slack.'
},
  {
  type: 'slack_action_send_message',
  title: 'Send Message to Slack',
  description: 'This node sends a message to a specified Slack channel with the content of the new email.',
  reasoning: 'This node is necessary to fulfill the user\'s request to send the email content to Slack.'
}
],
  connections: 'The workflow starts with the Gmail trigger for a new email, which then connects to the Slack action to send the email content as a message.'
}
[2025-10-26T04:29:45.027Z] [INFO   ] [STREAM] Plan nodes: [
  {
  type: 'gmail_trigger_new_email',
  title: 'Trigger on New Email',
  description: 'This node triggers the workflow whenever a new email is received in the user\'s Gmail account.',
  reasoning: 'This is the starting point of the workflow, as it detects new emails that need to be sent to Slack.'
},
  {
  type: 'slack_action_send_message',
  title: 'Send Message to Slack',
  description: 'This node sends a message to a specified Slack channel with the content of the new email.',
  reasoning: 'This node is necessary to fulfill the user\'s request to send the email content to Slack.'
}
]
[2025-10-26T04:29:45.028Z] [INFO   ] [POSITION] Node 0 : {
  viewport: { width: 1560, height: 1300, zoom: 0.75, chatPanelWidth: 1000 },
  effectiveViewportWidth: 3413.3333333333335,
  builderViewportWidth: 2080,
  visibleHeight: 1733.3333333333333,
  availableWidth: 2000,
  nodesPerRow: 3,
  row: 0,
  col: 0,
  position: { x: 815, y: 80 }
}
[2025-10-26T04:29:45.129Z] [INFO   ] [POSITION] Node 1 : {
  viewport: { width: 1560, height: 1300, zoom: 0.75, chatPanelWidth: 1000 },
  effectiveViewportWidth: 3413.3333333333335,
  builderViewportWidth: 2080,
  visibleHeight: 1733.3333333333333,
  availableWidth: 2000,
  nodesPerRow: 3,
  row: 0,
  col: 1,
  position: { x: 1105, y: 80 }
}
[2025-10-26T04:29:46.087Z] [INFO   ] [STREAM] Preparing Trigger on New Email (node-1761452985027-0)
[2025-10-26T04:29:46.889Z] [INFO   ] [STREAM] Starting configuration for Trigger on New Email (node-1761452985027-0)
[2025-10-26T04:29:47.392Z] [INFO   ] [STREAM] Calling generateNodeConfig for Trigger on New Email...
[2025-10-26T04:29:47.393Z] [INFO   ] [generateNodeConfig] Starting for node: Trigger on New Email
[2025-10-26T04:29:47.394Z] [INFO   ] [generateNodeConfig] nodeComponent: { type: 'gmail_trigger_new_email', providerId: 'gmail' }
[2025-10-26T04:29:47.394Z] [INFO   ] [generateNodeConfig] clarifications received: {}
[2025-10-26T04:29:47.395Z] [INFO   ] [generateNodeConfig] Extracted clarificationEntries: []
[2025-10-26T04:29:47.395Z] [INFO   ] [generateNodeConfig] messageTemplate: undefined
[2025-10-26T04:29:47.395Z] [INFO   ] [generateNodeConfig] Final clarificationContext: NONE
[2025-10-26T04:29:47.395Z] [INFO   ] [generateNodeConfig] Sending prompt to AI...
[2025-10-26T04:29:51.693Z] [INFO   ] [generateNodeConfig] AI returned result: {
  "success": true,
  "config": {
    "node_type": "gmail_trigger_new_email",
    "trigger": {
      "user_id": "{{previous_node.user_id}}",
      "label_ids": [
        "INBOX"
      ],
      "include_spam_trash": false,
      "search_query": "",
      "polling_interval": 5
    },
    "output": {
      "email": "{{trigger.email}}",
      "subject": "{{trigger.subject}}",
      "from": "{{trigger.from}}",
      "date": "{{trigger.date}}"
    }
  },
  "reasoning": "The configuration is designed to trigger the workflow whenever a new email is received in the user's Gmail account. The 'user_id' is dynamically pulled from a previous node to ensure the workflow is personalized to the user's account. The 'label_ids' is set to 'INBOX' to focus on new emails in the primary inbox, and 'include_spam_trash' is set to false to avoid triggering on unwanted emails. The 'polling_interval' is set to 5 minutes to balance responsiveness with resource usage. The output variables are set to capture essential email details, allowing for further processing in subsequent nodes."
}
[2025-10-26T04:29:51.693Z] [INFO   ] [generateNodeConfig] Config from AI: {
  "node_type": "gmail_trigger_new_email",
  "trigger": {
    "user_id": "{{previous_node.user_id}}",
    "label_ids": [
      "INBOX"
    ],
    "include_spam_trash": false,
    "search_query": "",
    "polling_interval": 5
  },
  "output": {
    "email": "{{trigger.email}}",
    "subject": "{{trigger.subject}}",
    "from": "{{trigger.from}}",
    "date": "{{trigger.date}}"
  }
}
[2025-10-26T04:29:51.693Z] [INFO   ] [generateNodeConfig] Final config after force-apply: {
  "labelIds": [
    "INBOX"
  ]
}
[2025-10-26T04:29:51.693Z] [INFO   ] [STREAM] generateNodeConfig completed in 4301ms for Trigger on New Email
[2025-10-26T04:29:51.693Z] [INFO   ] [STREAM] Config result: {
  success: true,
  hasConfig: true,
  configKeys: [ 'labelIds' ],
  finalConfigKeys: [ 'labelIds' ],
  fallbackFields: []
}
[2025-10-26T04:29:51.693Z] [INFO   ] [STREAM] Configuring 1 fields for Trigger on New Email: labelIds
[2025-10-26T04:29:51.693Z] [INFO   ] [STREAM] Setting field labelIds = INBOX for Trigger on New Email
[2025-10-26T04:29:52.497Z] [INFO   ] [STREAM] Skipping test for trigger Trigger on New Email
[2025-10-26T04:29:53.999Z] [INFO   ] [STREAM] Trigger complete, continuing to next node (loop iteration 0 of 1)
[2025-10-26T04:29:54.302Z] [INFO   ] [STREAM] Completed node 1 of 2, moving to next iteration
[2025-10-26T04:29:54.303Z] [INFO   ] [STREAM] Preparing Send Message to Slack (node-1761452985128-1)
[2025-10-26T04:29:55.104Z] [INFO   ] [STREAM] Starting configuration for Send Message to Slack (node-1761452985128-1)
[2025-10-26T04:29:55.606Z] [INFO   ] [STREAM] Calling generateNodeConfig for Send Message to Slack...
[2025-10-26T04:29:55.607Z] [INFO   ] [generateNodeConfig] Starting for node: Send Message to Slack
[2025-10-26T04:29:55.607Z] [INFO   ] [generateNodeConfig] nodeComponent: { type: 'slack_action_send_message', providerId: 'slack' }
[2025-10-26T04:29:55.607Z] [INFO   ] [generateNodeConfig] clarifications received: {}
[2025-10-26T04:29:55.607Z] [INFO   ] [generateNodeConfig] Extracted clarificationEntries: []
[2025-10-26T04:29:55.607Z] [INFO   ] [generateNodeConfig] messageTemplate: undefined
[2025-10-26T04:29:55.607Z] [INFO   ] [generateNodeConfig] Final clarificationContext: NONE
[2025-10-26T04:29:55.607Z] [INFO   ] [generateNodeConfig] Sending prompt to AI...
[2025-10-26T04:30:25.612Z] [ERROR  ] 2025-10-26T04:30:25.612Z [ERROR] AI call failed: {}
[2025-10-26T04:30:25.612Z] [INFO   ] [generateNodeConfig] AI returned result: {
  "success": false,
  "error": "AI API request timed out after 30 seconds"
}
[2025-10-26T04:30:25.612Z] [INFO   ] [generateNodeConfig] Config from AI: undefined
[2025-10-26T04:30:25.612Z] [INFO   ] [generateNodeConfig] No config from AI, initializing empty config
[2025-10-26T04:30:25.613Z] [INFO   ] [generateNodeConfig] Final config after force-apply: {
  "message": "📧 New email from {{trigger.data.from}}\nSubject: {{trigger.data.subject}}\n\n{{trigger.data.body}}"
}
[2025-10-26T04:30:25.613Z] [INFO   ] [STREAM] generateNodeConfig completed in 30006ms for Send Message to Slack
[2025-10-26T04:30:25.613Z] [INFO   ] [STREAM] Config result: {
  success: false,
  hasConfig: true,
  configKeys: [ 'message' ],
  finalConfigKeys: [ 'message' ],
  fallbackFields: [ 'message' ]
}
[2025-10-26T04:30:25.613Z] [INFO   ] [STREAM] Configuring 1 fields for Send Message to Slack: message
[2025-10-26T04:30:25.613Z] [INFO   ] [STREAM] Setting field message =  for Send Message to Slack
[2025-10-26T04:30:36.361Z] [INFO   ] [STREAM] Completed node 2 of 2, moving to next iteration
[2025-10-26T04:30:36.361Z] [INFO   ] [STREAM] All nodes configured and tested, sending workflow_complete event
[2025-10-26T04:33:37.806Z] [INFO   ]  [32m[1m✓[22m[39m Compiled in 1306ms (1900 modules)
[2025-10-26T04:33:38.286Z] [INFO   ] 2025-10-26T04:33:38.286Z [DEBUG] [Middleware] Username check: {"path":"/workflows/builder/d75e6c24-fc8a-49f1-b7e6-92f875941da8","userId":"a3e3a51a-175c-4b59-ad03-227ba12a18b0","provider":"email","role":"free","username":"nstoddard17","hasUsername":true,"isBetaTester":false,"isNewBetaUser":false,"accountAge":12886530887}
[2025-10-26T04:33:38.662Z] [INFO   ] 2025-10-26T04:33:38.662Z [DEBUG] [Username Check] {"userId":"a3e3a51a-175c-4b59-ad03-227ba12a18b0","hasEmail":true,"provider":"email","hasUsername":true,"isGoogleUser":false}
[2025-10-26T04:33:39.321Z] [INFO   ]  [37m[1m○[22m[39m Compiling /api/collaboration/leave ...
[2025-10-26T04:33:40.759Z] [WARN   ]  [33m[1m⚠[22m[39m Fast Refresh had to perform a full reload due to a runtime error.
[2025-10-26T04:33:41.066Z] [INFO   ]  [32m[1m✓[22m[39m Compiled /api/integrations in 2.3s (5925 modules)
[2025-10-26T04:33:41.179Z] [INFO   ] 2025-10-26T04:33:41.178Z [DEBUG] 📍 [API /api/integrations] GET request received {"timestamp":"2025-10-26T04:33:41.178Z","headers":{"referer":"check-console"}}
[2025-10-26T04:33:41.192Z] [INFO   ] 2025-10-26T04:33:41.192Z [DEBUG] [Middleware] Username check: {"path":"/workflows/builder/d75e6c24-fc8a-49f1-b7e6-92f875941da8","userId":"a3e3a51a-175c-4b59-ad03-227ba12a18b0","provider":"email","role":"free","username":"nstoddard17","hasUsername":true,"isBetaTester":false,"isNewBetaUser":false,"accountAge":12886533793}
[2025-10-26T04:33:41.466Z] [INFO   ] 2025-10-26T04:33:41.466Z [DEBUG] 💧 [AUTH] Rehydrating auth state from storage {"hasState":true,"hasUser":false,"initialized":false,"timestamp":"2025-10-26T04:33:41.466Z"}
[2025-10-26T04:33:41.478Z] [INFO   ] 2025-10-26T04:33:41.478Z [DEBUG] 💧 [AUTH] State hydrated and reset {"hasUser":false,"initialized":false,"timestamp":"2025-10-26T04:33:41.478Z"}
[2025-10-26T04:33:41.478Z] [INFO   ] 2025-10-26T04:33:41.478Z [DEBUG] ⏭️ [AUTH] Skipping initialization {"hasState":true,"alreadyInitialized":false,"isClient":false,"timestamp":"2025-10-26T04:33:41.478Z"}
[2025-10-26T04:33:41.543Z] [INFO   ] 2025-10-26T04:33:41.543Z [DEBUG] ✅ [API /api/integrations] User authenticated {"userId":"a3e3a51a-175c-4b59-ad03-227ba12a18b0"}
[2025-10-26T04:33:41.799Z] [INFO   ] 2025-10-26T04:33:41.798Z [DEBUG] 📊 [API /api/integrations] Query result {"count":14,"error":null,"firstFew":[{"provider":"notion","status":"connected"},{"provider":"mailchimp","status":"connected"}]}
[2025-10-26T04:33:41.833Z] [INFO   ] 2025-10-26T04:33:41.833Z [DEBUG] [Username Check] {"userId":"a3e3a51a-175c-4b59-ad03-227ba12a18b0","hasEmail":true,"provider":"email","hasUsername":true,"isGoogleUser":false}
[2025-10-26T04:33:42.181Z] [INFO   ] 2025-10-26T04:33:42.180Z [INFO] [NewWorkflowBuilderContent] URL params: {"aiChat":"true","hasInitialPrompt":true,"initialPrompt":"When I get an email send it to slack"}
[2025-10-26T04:33:42.963Z] [INFO   ]  [32m[1m✓[22m[39m Compiled /api/collaboration/join in 469ms (4274 modules)
[2025-10-26T04:33:43.289Z] [INFO   ]  [32m[1m✓[22m[39m Compiled (4279 modules)
[2025-10-26T04:33:43.395Z] [INFO   ] 2025-10-26T04:33:43.395Z [DEBUG] 📍 [API /api/integrations] GET request received {"timestamp":"2025-10-26T04:33:43.395Z","headers":{"referer":"check-console"}}
[2025-10-26T04:33:43.502Z] [INFO   ] 2025-10-26T04:33:43.502Z [DEBUG] ✅ [API /api/integrations] User authenticated {"userId":"a3e3a51a-175c-4b59-ad03-227ba12a18b0"}
[2025-10-26T04:33:43.600Z] [INFO   ] 2025-10-26T04:33:43.600Z [DEBUG] 📊 [API /api/integrations] Query result {"count":14,"error":null,"firstFew":[{"provider":"notion","status":"connected"},{"provider":"mailchimp","status":"connected"}]}
[2025-10-26T04:33:44.911Z] [INFO   ]  [37m[1m○[22m[39m Compiling /api/ai/analyze-request ...
[2025-10-26T04:33:45.024Z] [INFO   ]  [32m[1m✓[22m[39m Compiled /api/ai/analyze-request in 659ms (4281 modules)
[2025-10-26T04:33:45.224Z] [INFO   ] 2025-10-26T04:33:45.224Z [INFO] [ANALYZE] Analyzing user request: {"prompt":"When I get an email send it to slack","userId":"a3e3a51a-175c-4b59-ad03-227ba12a18b0"}
[2025-10-26T04:33:48.987Z] [INFO   ] 2025-10-26T04:33:48.987Z [INFO] [ANALYZE] Analysis complete: {"needsClarification":true,"questions":[{"id":"slack_channel","question":"Which Slack channel would you like to send messages to?","fieldType":"dropdown","dataEndpoint":"/api/integrations/slack/channels","nodeType":"slack_action_send_message","configField":"channel","required":true},{"id":"email_sender_filter","question":"Would you like to filter emails by sender? (Optional)","fieldType":"dropdown","dataEndpoint":"/api/integrations/gmail/senders","nodeType":"gmail_trigger_new_email","configField":"from","required":false,"allowCustom":true,"isMultiSelect":true,"tooltip":"Select one or more recent senders, or type custom email addresses. The workflow will trigger for emails from any of the selected senders."},{"id":"email_keywords_filter","question":"Would you like to filter emails by keywords? (Optional)","fieldType":"text","nodeType":"gmail_trigger_new_email","configField":"keywords","required":false,"tooltip":"Enter keywords to search for in both the subject and body of emails. Examples: 'invoice', 'urgent report', 'meeting'. Separate multiple keywords with commas to match any of them. The workflow will trigger when an email contains any of these keywords in either the subject or body."}],"inferredData":{"email_source":"gmail","reasoning":"User has only Gmail connected","message_template":"New email from {{trigger.from}}\n\nSubject: {{trigger.subject}}\n\nBody:\n{{trigger.body}}"}}
[2025-10-26T04:33:49.791Z] [INFO   ]  [37m[1m○[22m[39m Compiling /api/integrations/gmail/senders ...
[2025-10-26T04:33:50.148Z] [INFO   ]  [32m[1m✓[22m[39m Compiled /api/integrations/gmail/senders in 1039ms (4284 modules)
[2025-10-26T04:33:50.467Z] [INFO   ]  [32m[1m✓[22m[39m Compiled (4286 modules)
[2025-10-26T04:33:50.993Z] [INFO   ] 2025-10-26T04:33:50.993Z [INFO] [SLACK CHANNELS] Fetched channels: {"count":3}
[2025-10-26T04:33:51.328Z] [INFO   ] 2025-10-26T04:33:51.327Z [INFO] [SLACK CHANNELS] Fetched channels: {"count":3}
[2025-10-26T04:33:51.371Z] [INFO   ] 2025-10-26T04:33:51.371Z [INFO] [GMAIL SENDERS] Fetched senders: {"count":13}
[2025-10-26T04:33:52.002Z] [INFO   ] 2025-10-26T04:33:52.002Z [INFO] [GMAIL SENDERS] Fetched senders: {"count":13}
[2025-10-26T04:34:53.670Z] [INFO   ]  [32m[1m✓[22m[39m Compiled in 583ms (1667 modules)
[2025-10-26T04:34:53.979Z] [INFO   ] 2025-10-26T04:34:53.979Z [DEBUG] [Middleware] Username check: {"path":"/workflows/builder/d75e6c24-fc8a-49f1-b7e6-92f875941da8","userId":"a3e3a51a-175c-4b59-ad03-227ba12a18b0","provider":"email","role":"free","username":"nstoddard17","hasUsername":true,"isBetaTester":false,"isNewBetaUser":false,"accountAge":12886606579}
[2025-10-26T04:34:54.216Z] [INFO   ] 2025-10-26T04:34:54.215Z [DEBUG] [Username Check] {"userId":"a3e3a51a-175c-4b59-ad03-227ba12a18b0","hasEmail":true,"provider":"email","hasUsername":true,"isGoogleUser":false}
[2025-10-26T04:34:55.494Z] [INFO   ] 2025-10-26T04:34:55.494Z [DEBUG] 📍 [API /api/integrations] GET request received {"timestamp":"2025-10-26T04:34:55.494Z","headers":{"referer":"check-console"}}
[2025-10-26T04:34:55.585Z] [INFO   ] 2025-10-26T04:34:55.585Z [DEBUG] ✅ [API /api/integrations] User authenticated {"userId":"a3e3a51a-175c-4b59-ad03-227ba12a18b0"}
[2025-10-26T04:34:55.679Z] [INFO   ] 2025-10-26T04:34:55.679Z [DEBUG] 📊 [API /api/integrations] Query result {"count":14,"error":null,"firstFew":[{"provider":"notion","status":"connected"},{"provider":"mailchimp","status":"connected"}]}
[2025-10-26T04:35:05.751Z] [INFO   ]  [32m[1m✓[22m[39m Compiled in 390ms (1667 modules)
[2025-10-26T04:35:05.778Z] [WARN   ]  [33m[1m⚠[22m[39m Fast Refresh had to perform a full reload due to a runtime error.
[2025-10-26T04:35:05.974Z] [INFO   ] 2025-10-26T04:35:05.974Z [DEBUG] [Middleware] Username check: {"path":"/workflows/builder/d75e6c24-fc8a-49f1-b7e6-92f875941da8","userId":"a3e3a51a-175c-4b59-ad03-227ba12a18b0","provider":"email","role":"free","username":"nstoddard17","hasUsername":true,"isBetaTester":false,"isNewBetaUser":false,"accountAge":12886618575}
[2025-10-26T04:35:06.129Z] [INFO   ] 2025-10-26T04:35:06.129Z [DEBUG] 💧 [AUTH] Rehydrating auth state from storage {"hasState":true,"hasUser":false,"initialized":false,"timestamp":"2025-10-26T04:35:06.129Z"}
[2025-10-26T04:35:06.142Z] [INFO   ] 2025-10-26T04:35:06.141Z [DEBUG] 💧 [AUTH] State hydrated and reset {"hasUser":false,"initialized":false,"timestamp":"2025-10-26T04:35:06.141Z"}
[2025-10-26T04:35:06.142Z] [INFO   ] 2025-10-26T04:35:06.142Z [DEBUG] ⏭️ [AUTH] Skipping initialization {"hasState":true,"alreadyInitialized":false,"isClient":false,"timestamp":"2025-10-26T04:35:06.142Z"}
[2025-10-26T04:35:06.430Z] [INFO   ] 2025-10-26T04:35:06.429Z [DEBUG] [Username Check] {"userId":"a3e3a51a-175c-4b59-ad03-227ba12a18b0","hasEmail":true,"provider":"email","hasUsername":true,"isGoogleUser":false}
[2025-10-26T04:35:06.831Z] [INFO   ] 2025-10-26T04:35:06.831Z [INFO] [NewWorkflowBuilderContent] URL params: {"aiChat":"true","hasInitialPrompt":true,"initialPrompt":"When I get an email send it to slack"}
[2025-10-26T04:35:07.316Z] [INFO   ] 2025-10-26T04:35:07.316Z [DEBUG] 📍 [API /api/integrations] GET request received {"timestamp":"2025-10-26T04:35:07.316Z","headers":{"referer":"check-console"}}
[2025-10-26T04:35:07.513Z] [INFO   ] 2025-10-26T04:35:07.513Z [DEBUG] ✅ [API /api/integrations] User authenticated {"userId":"a3e3a51a-175c-4b59-ad03-227ba12a18b0"}
[2025-10-26T04:35:07.610Z] [INFO   ] 2025-10-26T04:35:07.610Z [DEBUG] 📊 [API /api/integrations] Query result {"count":14,"error":null,"firstFew":[{"provider":"notion","status":"connected"},{"provider":"mailchimp","status":"connected"}]}
[2025-10-26T04:35:08.524Z] [INFO   ] 2025-10-26T04:35:08.524Z [INFO] [ANALYZE] Analyzing user request: {"prompt":"When I get an email send it to slack","userId":"a3e3a51a-175c-4b59-ad03-227ba12a18b0"}
[2025-10-26T04:35:12.094Z] [INFO   ] 2025-10-26T04:35:12.093Z [INFO] [ANALYZE] Analysis complete: {"needsClarification":true,"questions":[{"id":"slack_channel","question":"Which Slack channel would you like to send messages to?","fieldType":"dropdown","dataEndpoint":"/api/integrations/slack/channels","nodeType":"slack_action_send_message","configField":"channel","required":true},{"id":"email_sender_filter","question":"Would you like to filter emails by sender? (Optional)","fieldType":"dropdown","dataEndpoint":"/api/integrations/gmail/senders","nodeType":"gmail_trigger_new_email","configField":"from","required":false,"allowCustom":true,"isMultiSelect":true,"tooltip":"Select one or more recent senders, or type custom email addresses. The workflow will trigger for emails from any of the selected senders."},{"id":"email_keywords_filter","question":"Would you like to filter emails by keywords? (Optional)","fieldType":"text","nodeType":"gmail_trigger_new_email","configField":"keywords","required":false,"tooltip":"Enter keywords to search for in both the subject and body of emails. Examples: 'invoice', 'urgent report', 'meeting'. Separate multiple keywords with commas to match any of them. The workflow will trigger when an email contains any of these keywords in either the subject or body."}],"inferredData":{"email_source":"gmail","reasoning":"User has only Gmail connected","message_template":"New email from {{trigger.from}}\n\nSubject: {{trigger.subject}}\n\nBody:\n{{trigger.body}}"}}
[2025-10-26T04:35:12.936Z] [INFO   ] 2025-10-26T04:35:12.936Z [INFO] [SLACK CHANNELS] Fetched channels: {"count":3}
[2025-10-26T04:35:13.182Z] [INFO   ] 2025-10-26T04:35:13.182Z [INFO] [GMAIL SENDERS] Fetched senders: {"count":13}
[2025-10-26T04:35:13.266Z] [INFO   ] 2025-10-26T04:35:13.266Z [INFO] [SLACK CHANNELS] Fetched channels: {"count":3}
[2025-10-26T04:35:13.798Z] [INFO   ] 2025-10-26T04:35:13.798Z [INFO] [GMAIL SENDERS] Fetched senders: {"count":13}
[2025-10-26T04:35:38.651Z] [ERROR  ]  [31m[1m⨯[22m[39m ENOENT: no such file or directory, open '/Users/nathanielstoddard/chainreact-app/chainreact-app-9e/.next/server/app-paths-manifest.json'
Error: ENOENT: no such file or directory, open '/Users/nathanielstoddard/chainreact-app/chainreact-app-9e/.next/server/app-paths-manifest.json'
    at readFileSync (node:fs:443:20)
    at loadManifest (/Users/nathanielstoddard/chainreact-app/chainreact-app-9e/node_modules/next/dist/server/load-manifest.external.js:41:41)
    at getMaybePagePath (/Users/nathanielstoddard/chainreact-app/chainreact-app-9e/node_modules/next/dist/server/require.js:51:67)
    at getPagePath (/Users/nathanielstoddard/chainreact-app/chainreact-app-9e/node_modules/next/dist/server/require.js:86:22)
    at requirePage (/Users/nathanielstoddard/chainreact-app/chainreact-app-9e/node_modules/next/dist/server/require.js:93:22)
    at loadComponentsImpl (/Users/nathanielstoddard/chainreact-app/chainreact-app-9e/node_modules/next/dist/server/load-components.js:132:57)
    at async DevServer.findPageComponentsImpl (/Users/nathanielstoddard/chainreact-app/chainreact-app-9e/node_modules/next/dist/server/next-server.js:899:36)
    at async DevServer.findPageComponents (/Users/nathanielstoddard/chainreact-app/chainreact-app-9e/node_modules/next/dist/server/dev/next-dev-server.js:705:16)
    at async DevServer.renderPageComponent (/Users/nathanielstoddard/chainreact-app/chainreact-app-9e/node_modules/next/dist/server/base-server.js:1460:24)
    at async DevServer.renderToResponseImpl (/Users/nathanielstoddard/chainreact-app/chainreact-app-9e/node_modules/next/dist/server/base-server.js:1514:32)
    at async DevServer.pipeImpl (/Users/nathanielstoddard/chainreact-app/chainreact-app-9e/node_modules/next/dist/server/base-server.js:1025:25)
    at async NextNodeServer.handleCatchallRenderRequest (/Users/nathanielstoddard/chainreact-app/chainreact-app-9e/node_modules/next/dist/server/next-server.js:393:17)
    at async DevServer.handleRequestImpl (/Users/nathanielstoddard/chainreact-app/chainreact-app-9e/node_modules/next/dist/server/base-server.js:916:17)
    at async /Users/nathanielstoddard/chainreact-app/chainreact-app-9e/node_modules/next/dist/server/dev/next-dev-server.js:399:20
    at async Span.traceAsyncFn (/Users/nathanielstoddard/chainreact-app/chainreact-app-9e/node_modules/next/dist/trace/trace.js:157:20)
    at async DevServer.handleRequest (/Users/nathanielstoddard/chainreact-app/chainreact-app-9e/node_modules/next/dist/server/dev/next-dev-server.js:395:24)
    at async invokeRender (/Users/nathanielstoddard/chainreact-app/chainreact-app-9e/node_modules/next/dist/server/lib/router-server.js:240:21)
    at async handleRequest (/Users/nathanielstoddard/chainreact-app/chainreact-app-9e/node_modules/next/dist/server/lib/router-server.js:437:24)
    at async requestHandlerImpl (/Users/nathanielstoddard/chainreact-app/chainreact-app-9e/node_modules/next/dist/server/lib/router-server.js:485:13)
    at async Server.requestListener (/Users/nathanielstoddard/chainreact-app/chainreact-app-9e/node_modules/next/dist/server/lib/start-server.js:226:13)
[2025-10-26T04:35:39.190Z] [INFO   ]  [37m[1m○[22m[39m Compiling /_error ...
[2025-10-26T04:35:40.359Z] [WARN   ]  [33m[1m⚠[22m[39m Fast Refresh had to perform a full reload when ?608e changed. Read more: https://nextjs.org/docs/messages/fast-refresh-reload
[2025-10-26T04:35:40.543Z] [INFO   ] 2025-10-26T04:35:40.543Z [DEBUG] [Middleware] Username check: {"path":"/workflows/builder/d75e6c24-fc8a-49f1-b7e6-92f875941da8","userId":"a3e3a51a-175c-4b59-ad03-227ba12a18b0","provider":"email","role":"free","username":"nstoddard17","hasUsername":true,"isBetaTester":false,"isNewBetaUser":false,"accountAge":12886653144}
[2025-10-26T04:35:40.984Z] [INFO   ]  [32m[1m✓[22m[39m Compiled /_error in 2.3s (6279 modules)
[2025-10-26T04:35:41.048Z] [INFO   ] 2025-10-26T04:35:41.048Z [DEBUG] [Middleware] Username check: {"path":"/workflows/builder/d75e6c24-fc8a-49f1-b7e6-92f875941da8","userId":"a3e3a51a-175c-4b59-ad03-227ba12a18b0","provider":"email","role":"free","username":"nstoddard17","hasUsername":true,"isBetaTester":false,"isNewBetaUser":false,"accountAge":12886653649}
[2025-10-26T04:35:41.990Z] [ERROR  ]  [31m[1m⨯[22m[39m ENOENT: no such file or directory, open '/Users/nathanielstoddard/chainreact-app/chainreact-app-9e/.next/routes-manifest.json'
Error: ENOENT: no such file or directory, open '/Users/nathanielstoddard/chainreact-app/chainreact-app-9e/.next/routes-manifest.json'
    at readFileSync (node:fs:443:20)
    at loadManifest (/Users/nathanielstoddard/chainreact-app/chainreact-app-9e/node_modules/next/dist/server/load-manifest.external.js:41:41)
    at loadManifestFromRelativePath (/Users/nathanielstoddard/chainreact-app/chainreact-app-9e/node_modules/next/dist/server/load-manifest.external.js:84:16)
    at AppPageRouteModule.loadManifests (/Users/nathanielstoddard/chainreact-app/chainreact-app-9e/node_modules/next/dist/compiled/next-server/app-page.runtime.dev.js:40:28483)
    at AppPageRouteModule.prepare (/Users/nathanielstoddard/chainreact-app/chainreact-app-9e/node_modules/next/dist/compiled/next-server/app-page.runtime.dev.js:40:36772)
    at async handler (webpack-internal:///(rsc)/./node_modules/next/dist/build/webpack/loaders/next-app-loader/index.js?name=app%2Fworkflows%2Fbuilder%2F%5Bid%5D%2Fpage&page=%2Fworkflows%2Fbuilder%2F%5Bid%5D%2Fpage&appPaths=%2Fworkflows%2Fbuilder%2F%5Bid%5D%2Fpage&pagePath=private-next-app-dir%2Fworkflows%2Fbuilder%2F%5Bid%5D%2Fpage.tsx&appDir=%2FUsers%2Fnathanielstoddard%2Fchainreact-app%2Fchainreact-app-9e%2Fapp&pageExtensions=tsx&pageExtensions=ts&pageExtensions=jsx&pageExtensions=js&rootDir=%2FUsers%2Fnathanielstoddard%2Fchainreact-app%2Fchainreact-app-9e&isDev=true&tsconfigPath=tsconfig.json&basePath=&assetPrefix=&nextConfigOutput=&preferredRegion=&middlewareConfig=e30%3D&isGlobalNotFoundEnabled=!:188:27)
    at async DevServer.renderToResponseWithComponentsImpl (/Users/nathanielstoddard/chainreact-app/chainreact-app-9e/node_modules/next/dist/server/base-server.js:1422:9)
    at async DevServer.renderPageComponent (/Users/nathanielstoddard/chainreact-app/chainreact-app-9e/node_modules/next/dist/server/base-server.js:1474:24)
    at async DevServer.renderToResponseImpl (/Users/nathanielstoddard/chainreact-app/chainreact-app-9e/node_modules/next/dist/server/base-server.js:1514:32)
    at async DevServer.pipeImpl (/Users/nathanielstoddard/chainreact-app/chainreact-app-9e/node_modules/next/dist/server/base-server.js:1025:25)
    at async NextNodeServer.handleCatchallRenderRequest (/Users/nathanielstoddard/chainreact-app/chainreact-app-9e/node_modules/next/dist/server/next-server.js:393:17)
    at async DevServer.handleRequestImpl (/Users/nathanielstoddard/chainreact-app/chainreact-app-9e/node_modules/next/dist/server/base-server.js:916:17)
    at async /Users/nathanielstoddard/chainreact-app/chainreact-app-9e/node_modules/next/dist/server/dev/next-dev-server.js:399:20
    at async Span.traceAsyncFn (/Users/nathanielstoddard/chainreact-app/chainreact-app-9e/node_modules/next/dist/trace/trace.js:157:20)
    at async DevServer.handleRequest (/Users/nathanielstoddard/chainreact-app/chainreact-app-9e/node_modules/next/dist/server/dev/next-dev-server.js:395:24)
    at async invokeRender (/Users/nathanielstoddard/chainreact-app/chainreact-app-9e/node_modules/next/dist/server/lib/router-server.js:240:21)
    at async handleRequest (/Users/nathanielstoddard/chainreact-app/chainreact-app-9e/node_modules/next/dist/server/lib/router-server.js:437:24)
    at async requestHandlerImpl (/Users/nathanielstoddard/chainreact-app/chainreact-app-9e/node_modules/next/dist/server/lib/router-server.js:485:13)
    at async Server.requestListener (/Users/nathanielstoddard/chainreact-app/chainreact-app-9e/node_modules/next/dist/server/lib/start-server.js:226:13)
[2025-10-26T04:35:41.991Z] [ERROR  ]  [31m[1m⨯[22m[39m ENOENT: no such file or directory, open '/Users/nathanielstoddard/chainreact-app/chainreact-app-9e/.next/routes-manifest.json'
Error: ENOENT: no such file or directory, open '/Users/nathanielstoddard/chainreact-app/chainreact-app-9e/.next/routes-manifest.json'
    at readFileSync (node:fs:443:20)
    at loadManifest (/Users/nathanielstoddard/chainreact-app/chainreact-app-9e/node_modules/next/dist/server/load-manifest.external.js:41:41)
    at loadManifestFromRelativePath (/Users/nathanielstoddard/chainreact-app/chainreact-app-9e/node_modules/next/dist/server/load-manifest.external.js:84:16)
    at AppPageRouteModule.loadManifests (/Users/nathanielstoddard/chainreact-app/chainreact-app-9e/node_modules/next/dist/compiled/next-server/app-page.runtime.dev.js:40:28483)
    at AppPageRouteModule.prepare (/Users/nathanielstoddard/chainreact-app/chainreact-app-9e/node_modules/next/dist/compiled/next-server/app-page.runtime.dev.js:40:36772)
    at async handler (webpack-internal:///(rsc)/./node_modules/next/dist/build/webpack/loaders/next-app-loader/index.js?name=app%2Fworkflows%2Fbuilder%2F%5Bid%5D%2Fpage&page=%2Fworkflows%2Fbuilder%2F%5Bid%5D%2Fpage&appPaths=%2Fworkflows%2Fbuilder%2F%5Bid%5D%2Fpage&pagePath=private-next-app-dir%2Fworkflows%2Fbuilder%2F%5Bid%5D%2Fpage.tsx&appDir=%2FUsers%2Fnathanielstoddard%2Fchainreact-app%2Fchainreact-app-9e%2Fapp&pageExtensions=tsx&pageExtensions=ts&pageExtensions=jsx&pageExtensions=js&rootDir=%2FUsers%2Fnathanielstoddard%2Fchainreact-app%2Fchainreact-app-9e&isDev=true&tsconfigPath=tsconfig.json&basePath=&assetPrefix=&nextConfigOutput=&preferredRegion=&middlewareConfig=e30%3D&isGlobalNotFoundEnabled=!:188:27)
    at async DevServer.renderToResponseWithComponentsImpl (/Users/nathanielstoddard/chainreact-app/chainreact-app-9e/node_modules/next/dist/server/base-server.js:1422:9)
    at async DevServer.renderPageComponent (/Users/nathanielstoddard/chainreact-app/chainreact-app-9e/node_modules/next/dist/server/base-server.js:1474:24)
    at async DevServer.renderToResponseImpl (/Users/nathanielstoddard/chainreact-app/chainreact-app-9e/node_modules/next/dist/server/base-server.js:1514:32)
    at async DevServer.pipeImpl (/Users/nathanielstoddard/chainreact-app/chainreact-app-9e/node_modules/next/dist/server/base-server.js:1025:25)
    at async NextNodeServer.handleCatchallRenderRequest (/Users/nathanielstoddard/chainreact-app/chainreact-app-9e/node_modules/next/dist/server/next-server.js:393:17)
    at async DevServer.handleRequestImpl (/Users/nathanielstoddard/chainreact-app/chainreact-app-9e/node_modules/next/dist/server/base-server.js:916:17)
    at async /Users/nathanielstoddard/chainreact-app/chainreact-app-9e/node_modules/next/dist/server/dev/next-dev-server.js:399:20
    at async Span.traceAsyncFn (/Users/nathanielstoddard/chainreact-app/chainreact-app-9e/node_modules/next/dist/trace/trace.js:157:20)
    at async DevServer.handleRequest (/Users/nathanielstoddard/chainreact-app/chainreact-app-9e/node_modules/next/dist/server/dev/next-dev-server.js:395:24)
    at async invokeRender (/Users/nathanielstoddard/chainreact-app/chainreact-app-9e/node_modules/next/dist/server/lib/router-server.js:240:21)
    at async handleRequest (/Users/nathanielstoddard/chainreact-app/chainreact-app-9e/node_modules/next/dist/server/lib/router-server.js:437:24)
    at async requestHandlerImpl (/Users/nathanielstoddard/chainreact-app/chainreact-app-9e/node_modules/next/dist/server/lib/router-server.js:485:13)
    at async Server.requestListener (/Users/nathanielstoddard/chainreact-app/chainreact-app-9e/node_modules/next/dist/server/lib/start-server.js:226:13)
[2025-10-26T04:35:42.145Z] [ERROR  ]  [31m[1m⨯[22m[39m ENOENT: no such file or directory, open '/Users/nathanielstoddard/chainreact-app/chainreact-app-9e/.next/routes-manifest.json'
Error: ENOENT: no such file or directory, open '/Users/nathanielstoddard/chainreact-app/chainreact-app-9e/.next/routes-manifest.json'
    at readFileSync (node:fs:443:20)
    at loadManifest (/Users/nathanielstoddard/chainreact-app/chainreact-app-9e/node_modules/next/dist/server/load-manifest.external.js:41:41)
    at loadManifestFromRelativePath (/Users/nathanielstoddard/chainreact-app/chainreact-app-9e/node_modules/next/dist/server/load-manifest.external.js:84:16)
    at PagesRouteModule.loadManifests (/Users/nathanielstoddard/chainreact-app/chainreact-app-9e/node_modules/next/dist/compiled/next-server/pages.runtime.dev.js:1:131864)
    at PagesRouteModule.prepare (/Users/nathanielstoddard/chainreact-app/chainreact-app-9e/node_modules/next/dist/compiled/next-server/pages.runtime.dev.js:1:140087)
    at runNextTicks (node:internal/process/task_queues:65:5)
    at listOnTimeout (node:internal/timers:575:9)
    at process.processTimers (node:internal/timers:549:7)
    at async handler (webpack-internal:///(pages-dir-node)/./node_modules/next/dist/server/route-modules/pages/pages-handler.js:50:31)
    at async DevServer.renderToResponseWithComponentsImpl (/Users/nathanielstoddard/chainreact-app/chainreact-app-9e/node_modules/next/dist/server/base-server.js:1422:9)
    at async DevServer.renderErrorToResponseImpl (/Users/nathanielstoddard/chainreact-app/chainreact-app-9e/node_modules/next/dist/server/base-server.js:1742:24)
    at async pipe.req.req (/Users/nathanielstoddard/chainreact-app/chainreact-app-9e/node_modules/next/dist/server/base-server.js:1610:30)
    at async DevServer.pipeImpl (/Users/nathanielstoddard/chainreact-app/chainreact-app-9e/node_modules/next/dist/server/base-server.js:1025:25)
    at async NextNodeServer.handleCatchallRenderRequest (/Users/nathanielstoddard/chainreact-app/chainreact-app-9e/node_modules/next/dist/server/next-server.js:408:21)
    at async DevServer.handleRequestImpl (/Users/nathanielstoddard/chainreact-app/chainreact-app-9e/node_modules/next/dist/server/base-server.js:916:17)
    at async /Users/nathanielstoddard/chainreact-app/chainreact-app-9e/node_modules/next/dist/server/dev/next-dev-server.js:399:20
    at async Span.traceAsyncFn (/Users/nathanielstoddard/chainreact-app/chainreact-app-9e/node_modules/next/dist/trace/trace.js:157:20)
    at async DevServer.handleRequest (/Users/nathanielstoddard/chainreact-app/chainreact-app-9e/node_modules/next/dist/server/dev/next-dev-server.js:395:24)
    at async invokeRender (/Users/nathanielstoddard/chainreact-app/chainreact-app-9e/node_modules/next/dist/server/lib/router-server.js:240:21)
    at async handleRequest (/Users/nathanielstoddard/chainreact-app/chainreact-app-9e/node_modules/next/dist/server/lib/router-server.js:437:24)
    at async requestHandlerImpl (/Users/nathanielstoddard/chainreact-app/chainreact-app-9e/node_modules/next/dist/server/lib/router-server.js:485:13)
    at async Server.requestListener (/Users/nathanielstoddard/chainreact-app/chainreact-app-9e/node_modules/next/dist/server/lib/start-server.js:226:13)
[2025-10-26T04:35:42.248Z] [ERROR  ]  [31m[1m⨯[22m[39m ENOENT: no such file or directory, open '/Users/nathanielstoddard/chainreact-app/chainreact-app-9e/.next/routes-manifest.json'
Error: ENOENT: no such file or directory, open '/Users/nathanielstoddard/chainreact-app/chainreact-app-9e/.next/routes-manifest.json'
    at readFileSync (node:fs:443:20)
    at loadManifest (/Users/nathanielstoddard/chainreact-app/chainreact-app-9e/node_modules/next/dist/server/load-manifest.external.js:41:41)
    at loadManifestFromRelativePath (/Users/nathanielstoddard/chainreact-app/chainreact-app-9e/node_modules/next/dist/server/load-manifest.external.js:84:16)
    at PagesRouteModule.loadManifests (/Users/nathanielstoddard/chainreact-app/chainreact-app-9e/node_modules/next/dist/compiled/next-server/pages.runtime.dev.js:1:131864)
    at PagesRouteModule.prepare (/Users/nathanielstoddard/chainreact-app/chainreact-app-9e/node_modules/next/dist/compiled/next-server/pages.runtime.dev.js:1:140087)
    at async handler (webpack-internal:///(pages-dir-node)/./node_modules/next/dist/server/route-modules/pages/pages-handler.js:50:31)
    at async DevServer.renderToResponseWithComponentsImpl (/Users/nathanielstoddard/chainreact-app/chainreact-app-9e/node_modules/next/dist/server/base-server.js:1422:9)
    at async DevServer.renderErrorToResponseImpl (/Users/nathanielstoddard/chainreact-app/chainreact-app-9e/node_modules/next/dist/server/base-server.js:1742:24)
    at async pipe.req.req (/Users/nathanielstoddard/chainreact-app/chainreact-app-9e/node_modules/next/dist/server/base-server.js:1610:30)
    at async DevServer.pipeImpl (/Users/nathanielstoddard/chainreact-app/chainreact-app-9e/node_modules/next/dist/server/base-server.js:1025:25)
    at async NextNodeServer.handleCatchallRenderRequest (/Users/nathanielstoddard/chainreact-app/chainreact-app-9e/node_modules/next/dist/server/next-server.js:408:21)
    at async DevServer.handleRequestImpl (/Users/nathanielstoddard/chainreact-app/chainreact-app-9e/node_modules/next/dist/server/base-server.js:916:17)
    at async /Users/nathanielstoddard/chainreact-app/chainreact-app-9e/node_modules/next/dist/server/dev/next-dev-server.js:399:20
    at async Span.traceAsyncFn (/Users/nathanielstoddard/chainreact-app/chainreact-app-9e/node_modules/next/dist/trace/trace.js:157:20)
    at async DevServer.handleRequest (/Users/nathanielstoddard/chainreact-app/chainreact-app-9e/node_modules/next/dist/server/dev/next-dev-server.js:395:24)
    at async invokeRender (/Users/nathanielstoddard/chainreact-app/chainreact-app-9e/node_modules/next/dist/server/lib/router-server.js:240:21)
    at async handleRequest (/Users/nathanielstoddard/chainreact-app/chainreact-app-9e/node_modules/next/dist/server/lib/router-server.js:437:24)
    at async requestHandlerImpl (/Users/nathanielstoddard/chainreact-app/chainreact-app-9e/node_modules/next/dist/server/lib/router-server.js:485:13)
    at async Server.requestListener (/Users/nathanielstoddard/chainreact-app/chainreact-app-9e/node_modules/next/dist/server/lib/start-server.js:226:13)
[2025-10-26T04:35:42.278Z] [ERROR  ]  [31m[1m⨯[22m[39m ENOENT: no such file or directory, open '/Users/nathanielstoddard/chainreact-app/chainreact-app-9e/.next/routes-manifest.json'
Error: ENOENT: no such file or directory, open '/Users/nathanielstoddard/chainreact-app/chainreact-app-9e/.next/routes-manifest.json'
    at readFileSync (node:fs:443:20)
    at loadManifest (/Users/nathanielstoddard/chainreact-app/chainreact-app-9e/node_modules/next/dist/server/load-manifest.external.js:41:41)
    at loadManifestFromRelativePath (/Users/nathanielstoddard/chainreact-app/chainreact-app-9e/node_modules/next/dist/server/load-manifest.external.js:84:16)
    at PagesRouteModule.loadManifests (/Users/nathanielstoddard/chainreact-app/chainreact-app-9e/node_modules/next/dist/compiled/next-server/pages.runtime.dev.js:1:131864)
    at PagesRouteModule.prepare (/Users/nathanielstoddard/chainreact-app/chainreact-app-9e/node_modules/next/dist/compiled/next-server/pages.runtime.dev.js:1:140087)
    at async handler (webpack-internal:///(pages-dir-node)/./node_modules/next/dist/server/route-modules/pages/pages-handler.js:50:31)
    at async DevServer.renderToResponseWithComponentsImpl (/Users/nathanielstoddard/chainreact-app/chainreact-app-9e/node_modules/next/dist/server/base-server.js:1422:9)
    at async DevServer.renderErrorToResponseImpl (/Users/nathanielstoddard/chainreact-app/chainreact-app-9e/node_modules/next/dist/server/base-server.js:1742:24)
    at async pipe.req.req (/Users/nathanielstoddard/chainreact-app/chainreact-app-9e/node_modules/next/dist/server/base-server.js:1610:30)
    at async DevServer.pipeImpl (/Users/nathanielstoddard/chainreact-app/chainreact-app-9e/node_modules/next/dist/server/base-server.js:1025:25)
    at async NextNodeServer.handleCatchallRenderRequest (/Users/nathanielstoddard/chainreact-app/chainreact-app-9e/node_modules/next/dist/server/next-server.js:408:21)
    at async DevServer.handleRequestImpl (/Users/nathanielstoddard/chainreact-app/chainreact-app-9e/node_modules/next/dist/server/base-server.js:916:17)
    at async /Users/nathanielstoddard/chainreact-app/chainreact-app-9e/node_modules/next/dist/server/dev/next-dev-server.js:399:20
    at async Span.traceAsyncFn (/Users/nathanielstoddard/chainreact-app/chainreact-app-9e/node_modules/next/dist/trace/trace.js:157:20)
    at async DevServer.handleRequest (/Users/nathanielstoddard/chainreact-app/chainreact-app-9e/node_modules/next/dist/server/dev/next-dev-server.js:395:24)
    at async invokeRender (/Users/nathanielstoddard/chainreact-app/chainreact-app-9e/node_modules/next/dist/server/lib/router-server.js:240:21)
    at async handleRequest (/Users/nathanielstoddard/chainreact-app/chainreact-app-9e/node_modules/next/dist/server/lib/router-server.js:437:24)
    at async requestHandlerImpl (/Users/nathanielstoddard/chainreact-app/chainreact-app-9e/node_modules/next/dist/server/lib/router-server.js:485:13)
    at async Server.requestListener (/Users/nathanielstoddard/chainreact-app/chainreact-app-9e/node_modules/next/dist/server/lib/start-server.js:226:13)
[2025-10-26T04:35:42.935Z] [ERROR  ]  [31m[1m⨯[22m[39m Failed to generate static paths for /workflows/builder/[id]:
[2025-10-26T04:35:42.937Z] [ERROR  ] Cannot find module './vendor-chunks/@supabase.js'
Require stack:
- /Users/nathanielstoddard/chainreact-app/chainreact-app-9e/.next/server/webpack-runtime.js
- /Users/nathanielstoddard/chainreact-app/chainreact-app-9e/.next/server/app/workflows/builder/[id]/page.js
- /Users/nathanielstoddard/chainreact-app/chainreact-app-9e/node_modules/next/dist/server/require.js
- /Users/nathanielstoddard/chainreact-app/chainreact-app-9e/node_modules/next/dist/server/load-components.js
- /Users/nathanielstoddard/chainreact-app/chainreact-app-9e/node_modules/next/dist/build/utils.js
- /Users/nathanielstoddard/chainreact-app/chainreact-app-9e/node_modules/next/dist/server/dev/static-paths-worker.js
- /Users/nathanielstoddard/chainreact-app/chainreact-app-9e/node_modules/next/dist/compiled/jest-worker/processChild.js
Error: Cannot find module './vendor-chunks/@supabase.js'
Require stack:
- /Users/nathanielstoddard/chainreact-app/chainreact-app-9e/.next/server/webpack-runtime.js
- /Users/nathanielstoddard/chainreact-app/chainreact-app-9e/.next/server/app/workflows/builder/[id]/page.js
- /Users/nathanielstoddard/chainreact-app/chainreact-app-9e/node_modules/next/dist/server/require.js
- /Users/nathanielstoddard/chainreact-app/chainreact-app-9e/node_modules/next/dist/server/load-components.js
- /Users/nathanielstoddard/chainreact-app/chainreact-app-9e/node_modules/next/dist/build/utils.js
- /Users/nathanielstoddard/chainreact-app/chainreact-app-9e/node_modules/next/dist/server/dev/static-paths-worker.js
- /Users/nathanielstoddard/chainreact-app/chainreact-app-9e/node_modules/next/dist/compiled/jest-worker/processChild.js
    at Function.<anonymous> (node:internal/modules/cjs/loader:1394:15)
    at /Users/nathanielstoddard/chainreact-app/chainreact-app-9e/node_modules/next/dist/server/require-hook.js:57:36
    at defaultResolveImpl (node:internal/modules/cjs/loader:1050:19)
    at resolveForCJSWithHooks (node:internal/modules/cjs/loader:1055:22)
    at Function._load (node:internal/modules/cjs/loader:1204:37)
    at TracingChannel.traceSync (node:diagnostics_channel:322:14)
    at wrapModuleLoad (node:internal/modules/cjs/loader:234:24)
    at Module.<anonymous> (node:internal/modules/cjs/loader:1480:12)
    at mod.require (/Users/nathanielstoddard/chainreact-app/chainreact-app-9e/node_modules/next/dist/server/require-hook.js:68:28)
    at require (node:internal/modules/helpers:135:16)
[2025-10-26T04:35:42.937Z] [ERROR  ]  [31m[1m⨯[22m[39m Failed to generate static paths for /workflows/builder/[id]:
[2025-10-26T04:35:42.937Z] [ERROR  ] Cannot find module './vendor-chunks/@supabase.js'
Require stack:
- /Users/nathanielstoddard/chainreact-app/chainreact-app-9e/.next/server/webpack-runtime.js
- /Users/nathanielstoddard/chainreact-app/chainreact-app-9e/.next/server/app/workflows/builder/[id]/page.js
- /Users/nathanielstoddard/chainreact-app/chainreact-app-9e/node_modules/next/dist/server/require.js
- /Users/nathanielstoddard/chainreact-app/chainreact-app-9e/node_modules/next/dist/server/load-components.js
- /Users/nathanielstoddard/chainreact-app/chainreact-app-9e/node_modules/next/dist/build/utils.js
- /Users/nathanielstoddard/chainreact-app/chainreact-app-9e/node_modules/next/dist/server/dev/static-paths-worker.js
- /Users/nathanielstoddard/chainreact-app/chainreact-app-9e/node_modules/next/dist/compiled/jest-worker/processChild.js
Error: Cannot find module './vendor-chunks/@supabase.js'
Require stack:
- /Users/nathanielstoddard/chainreact-app/chainreact-app-9e/.next/server/webpack-runtime.js
- /Users/nathanielstoddard/chainreact-app/chainreact-app-9e/.next/server/app/workflows/builder/[id]/page.js
- /Users/nathanielstoddard/chainreact-app/chainreact-app-9e/node_modules/next/dist/server/require.js
- /Users/nathanielstoddard/chainreact-app/chainreact-app-9e/node_modules/next/dist/server/load-components.js
- /Users/nathanielstoddard/chainreact-app/chainreact-app-9e/node_modules/next/dist/build/utils.js
- /Users/nathanielstoddard/chainreact-app/chainreact-app-9e/node_modules/next/dist/server/dev/static-paths-worker.js
- /Users/nathanielstoddard/chainreact-app/chainreact-app-9e/node_modules/next/dist/compiled/jest-worker/processChild.js
    at Function.<anonymous> (node:internal/modules/cjs/loader:1394:15)
    at /Users/nathanielstoddard/chainreact-app/chainreact-app-9e/node_modules/next/dist/server/require-hook.js:57:36
    at defaultResolveImpl (node:internal/modules/cjs/loader:1050:19)
    at resolveForCJSWithHooks (node:internal/modules/cjs/loader:1055:22)
    at Function._load (node:internal/modules/cjs/loader:1204:37)
    at TracingChannel.traceSync (node:diagnostics_channel:322:14)
    at wrapModuleLoad (node:internal/modules/cjs/loader:234:24)
    at Module.<anonymous> (node:internal/modules/cjs/loader:1480:12)
    at mod.require (/Users/nathanielstoddard/chainreact-app/chainreact-app-9e/node_modules/next/dist/server/require-hook.js:68:28)
    at require (node:internal/modules/helpers:135:16)
[2025-10-26T04:35:43.849Z] [ERROR  ] ENOENT: no such file or directory, open '/Users/nathanielstoddard/chainreact-app/chainreact-app-9e/.next/server/app-paths-manifest.json'
Error: ENOENT: no such file or directory, open '/Users/nathanielstoddard/chainreact-app/chainreact-app-9e/.next/server/app-paths-manifest.json'
    at readFileSync (node:fs:443:20)
    at loadManifest (/Users/nathanielstoddard/chainreact-app/chainreact-app-9e/node_modules/next/dist/server/load-manifest.external.js:41:41)
    at getMaybePagePath (/Users/nathanielstoddard/chainreact-app/chainreact-app-9e/node_modules/next/dist/server/require.js:51:67)
    at getPagePath (/Users/nathanielstoddard/chainreact-app/chainreact-app-9e/node_modules/next/dist/server/require.js:86:22)
    at requirePage (/Users/nathanielstoddard/chainreact-app/chainreact-app-9e/node_modules/next/dist/server/require.js:93:22)
    at loadComponentsImpl (/Users/nathanielstoddard/chainreact-app/chainreact-app-9e/node_modules/next/dist/server/load-components.js:132:57)
    at async DevServer.findPageComponentsImpl (/Users/nathanielstoddard/chainreact-app/chainreact-app-9e/node_modules/next/dist/server/next-server.js:899:36)
    at async DevServer.findPageComponents (/Users/nathanielstoddard/chainreact-app/chainreact-app-9e/node_modules/next/dist/server/dev/next-dev-server.js:705:16)
    at async DevServer.renderPageComponent (/Users/nathanielstoddard/chainreact-app/chainreact-app-9e/node_modules/next/dist/server/base-server.js:1460:24)
    at async DevServer.renderToResponseImpl (/Users/nathanielstoddard/chainreact-app/chainreact-app-9e/node_modules/next/dist/server/base-server.js:1514:32)
    at async DevServer.pipeImpl (/Users/nathanielstoddard/chainreact-app/chainreact-app-9e/node_modules/next/dist/server/base-server.js:1025:25)
    at async NextNodeServer.handleCatchallRenderRequest (/Users/nathanielstoddard/chainreact-app/chainreact-app-9e/node_modules/next/dist/server/next-server.js:393:17)
    at async DevServer.handleRequestImpl (/Users/nathanielstoddard/chainreact-app/chainreact-app-9e/node_modules/next/dist/server/base-server.js:916:17)
    at async /Users/nathanielstoddard/chainreact-app/chainreact-app-9e/node_modules/next/dist/server/dev/next-dev-server.js:399:20
    at async Span.traceAsyncFn (/Users/nathanielstoddard/chainreact-app/chainreact-app-9e/node_modules/next/dist/trace/trace.js:157:20)
    at async DevServer.handleRequest (/Users/nathanielstoddard/chainreact-app/chainreact-app-9e/node_modules/next/dist/server/dev/next-dev-server.js:395:24)
    at async invokeRender (/Users/nathanielstoddard/chainreact-app/chainreact-app-9e/node_modules/next/dist/server/lib/router-server.js:240:21)
    at async handleRequest (/Users/nathanielstoddard/chainreact-app/chainreact-app-9e/node_modules/next/dist/server/lib/router-server.js:437:24)
    at async requestHandlerImpl (/Users/nathanielstoddard/chainreact-app/chainreact-app-9e/node_modules/next/dist/server/lib/router-server.js:485:13)
    at async Server.requestListener (/Users/nathanielstoddard/chainreact-app/chainreact-app-9e/node_modules/next/dist/server/lib/start-server.js:226:13)
[2025-10-26T04:35:44.081Z] [ERROR  ] ENOENT: no such file or directory, open '/Users/nathanielstoddard/chainreact-app/chainreact-app-9e/.next/routes-manifest.json'
Error: ENOENT: no such file or directory, open '/Users/nathanielstoddard/chainreact-app/chainreact-app-9e/.next/routes-manifest.json'
    at readFileSync (node:fs:443:20)
    at loadManifest (/Users/nathanielstoddard/chainreact-app/chainreact-app-9e/node_modules/next/dist/server/load-manifest.external.js:41:41)
    at loadManifestFromRelativePath (/Users/nathanielstoddard/chainreact-app/chainreact-app-9e/node_modules/next/dist/server/load-manifest.external.js:84:16)
    at AppPageRouteModule.loadManifests (/Users/nathanielstoddard/chainreact-app/chainreact-app-9e/node_modules/next/dist/compiled/next-server/app-page.runtime.dev.js:40:28483)
    at AppPageRouteModule.prepare (/Users/nathanielstoddard/chainreact-app/chainreact-app-9e/node_modules/next/dist/compiled/next-server/app-page.runtime.dev.js:40:36772)
    at async handler (webpack-internal:///(rsc)/./node_modules/next/dist/build/webpack/loaders/next-app-loader/index.js?name=app%2Fworkflows%2Fbuilder%2F%5Bid%5D%2Fpage&page=%2Fworkflows%2Fbuilder%2F%5Bid%5D%2Fpage&appPaths=%2Fworkflows%2Fbuilder%2F%5Bid%5D%2Fpage&pagePath=private-next-app-dir%2Fworkflows%2Fbuilder%2F%5Bid%5D%2Fpage.tsx&appDir=%2FUsers%2Fnathanielstoddard%2Fchainreact-app%2Fchainreact-app-9e%2Fapp&pageExtensions=tsx&pageExtensions=ts&pageExtensions=jsx&pageExtensions=js&rootDir=%2FUsers%2Fnathanielstoddard%2Fchainreact-app%2Fchainreact-app-9e&isDev=true&tsconfigPath=tsconfig.json&basePath=&assetPrefix=&nextConfigOutput=&preferredRegion=&middlewareConfig=e30%3D&isGlobalNotFoundEnabled=!:188:27)
    at async DevServer.renderToResponseWithComponentsImpl (/Users/nathanielstoddard/chainreact-app/chainreact-app-9e/node_modules/next/dist/server/base-server.js:1422:9)
    at async DevServer.renderPageComponent (/Users/nathanielstoddard/chainreact-app/chainreact-app-9e/node_modules/next/dist/server/base-server.js:1474:24)
    at async DevServer.renderToResponseImpl (/Users/nathanielstoddard/chainreact-app/chainreact-app-9e/node_modules/next/dist/server/base-server.js:1514:32)
    at async DevServer.pipeImpl (/Users/nathanielstoddard/chainreact-app/chainreact-app-9e/node_modules/next/dist/server/base-server.js:1025:25)
    at async NextNodeServer.handleCatchallRenderRequest (/Users/nathanielstoddard/chainreact-app/chainreact-app-9e/node_modules/next/dist/server/next-server.js:393:17)
    at async DevServer.handleRequestImpl (/Users/nathanielstoddard/chainreact-app/chainreact-app-9e/node_modules/next/dist/server/base-server.js:916:17)
    at async /Users/nathanielstoddard/chainreact-app/chainreact-app-9e/node_modules/next/dist/server/dev/next-dev-server.js:399:20
    at async Span.traceAsyncFn (/Users/nathanielstoddard/chainreact-app/chainreact-app-9e/node_modules/next/dist/trace/trace.js:157:20)
    at async DevServer.handleRequest (/Users/nathanielstoddard/chainreact-app/chainreact-app-9e/node_modules/next/dist/server/dev/next-dev-server.js:395:24)
    at async invokeRender (/Users/nathanielstoddard/chainreact-app/chainreact-app-9e/node_modules/next/dist/server/lib/router-server.js:240:21)
    at async handleRequest (/Users/nathanielstoddard/chainreact-app/chainreact-app-9e/node_modules/next/dist/server/lib/router-server.js:437:24)
    at async requestHandlerImpl (/Users/nathanielstoddard/chainreact-app/chainreact-app-9e/node_modules/next/dist/server/lib/router-server.js:485:13)
    at async Server.requestListener (/Users/nathanielstoddard/chainreact-app/chainreact-app-9e/node_modules/next/dist/server/lib/start-server.js:226:13)
[2025-10-26T04:35:44.081Z] [ERROR  ] ENOENT: no such file or directory, open '/Users/nathanielstoddard/chainreact-app/chainreact-app-9e/.next/routes-manifest.json'
Error: ENOENT: no such file or directory, open '/Users/nathanielstoddard/chainreact-app/chainreact-app-9e/.next/routes-manifest.json'
    at readFileSync (node:fs:443:20)
    at loadManifest (/Users/nathanielstoddard/chainreact-app/chainreact-app-9e/node_modules/next/dist/server/load-manifest.external.js:41:41)
    at loadManifestFromRelativePath (/Users/nathanielstoddard/chainreact-app/chainreact-app-9e/node_modules/next/dist/server/load-manifest.external.js:84:16)
    at AppPageRouteModule.loadManifests (/Users/nathanielstoddard/chainreact-app/chainreact-app-9e/node_modules/next/dist/compiled/next-server/app-page.runtime.dev.js:40:28483)
    at AppPageRouteModule.prepare (/Users/nathanielstoddard/chainreact-app/chainreact-app-9e/node_modules/next/dist/compiled/next-server/app-page.runtime.dev.js:40:36772)
    at async handler (webpack-internal:///(rsc)/./node_modules/next/dist/build/webpack/loaders/next-app-loader/index.js?name=app%2Fworkflows%2Fbuilder%2F%5Bid%5D%2Fpage&page=%2Fworkflows%2Fbuilder%2F%5Bid%5D%2Fpage&appPaths=%2Fworkflows%2Fbuilder%2F%5Bid%5D%2Fpage&pagePath=private-next-app-dir%2Fworkflows%2Fbuilder%2F%5Bid%5D%2Fpage.tsx&appDir=%2FUsers%2Fnathanielstoddard%2Fchainreact-app%2Fchainreact-app-9e%2Fapp&pageExtensions=tsx&pageExtensions=ts&pageExtensions=jsx&pageExtensions=js&rootDir=%2FUsers%2Fnathanielstoddard%2Fchainreact-app%2Fchainreact-app-9e&isDev=true&tsconfigPath=tsconfig.json&basePath=&assetPrefix=&nextConfigOutput=&preferredRegion=&middlewareConfig=e30%3D&isGlobalNotFoundEnabled=!:188:27)
    at async DevServer.renderToResponseWithComponentsImpl (/Users/nathanielstoddard/chainreact-app/chainreact-app-9e/node_modules/next/dist/server/base-server.js:1422:9)
    at async DevServer.renderPageComponent (/Users/nathanielstoddard/chainreact-app/chainreact-app-9e/node_modules/next/dist/server/base-server.js:1474:24)
    at async DevServer.renderToResponseImpl (/Users/nathanielstoddard/chainreact-app/chainreact-app-9e/node_modules/next/dist/server/base-server.js:1514:32)
    at async DevServer.pipeImpl (/Users/nathanielstoddard/chainreact-app/chainreact-app-9e/node_modules/next/dist/server/base-server.js:1025:25)
    at async NextNodeServer.handleCatchallRenderRequest (/Users/nathanielstoddard/chainreact-app/chainreact-app-9e/node_modules/next/dist/server/next-server.js:393:17)
    at async DevServer.handleRequestImpl (/Users/nathanielstoddard/chainreact-app/chainreact-app-9e/node_modules/next/dist/server/base-server.js:916:17)
    at async /Users/nathanielstoddard/chainreact-app/chainreact-app-9e/node_modules/next/dist/server/dev/next-dev-server.js:399:20
    at async Span.traceAsyncFn (/Users/nathanielstoddard/chainreact-app/chainreact-app-9e/node_modules/next/dist/trace/trace.js:157:20)
    at async DevServer.handleRequest (/Users/nathanielstoddard/chainreact-app/chainreact-app-9e/node_modules/next/dist/server/dev/next-dev-server.js:395:24)
    at async invokeRender (/Users/nathanielstoddard/chainreact-app/chainreact-app-9e/node_modules/next/dist/server/lib/router-server.js:240:21)
    at async handleRequest (/Users/nathanielstoddard/chainreact-app/chainreact-app-9e/node_modules/next/dist/server/lib/router-server.js:437:24)
    at async requestHandlerImpl (/Users/nathanielstoddard/chainreact-app/chainreact-app-9e/node_modules/next/dist/server/lib/router-server.js:485:13)
    at async Server.requestListener (/Users/nathanielstoddard/chainreact-app/chainreact-app-9e/node_modules/next/dist/server/lib/start-server.js:226:13)
[2025-10-26T04:35:44.191Z] [ERROR  ]  [31m[1m⨯[22m[39m ENOENT: no such file or directory, open '/Users/nathanielstoddard/chainreact-app/chainreact-app-9e/.next/routes-manifest.json'
Error: ENOENT: no such file or directory, open '/Users/nathanielstoddard/chainreact-app/chainreact-app-9e/.next/routes-manifest.json'
    at readFileSync (node:fs:443:20)
    at loadManifest (/Users/nathanielstoddard/chainreact-app/chainreact-app-9e/node_modules/next/dist/server/load-manifest.external.js:41:41)
    at loadManifestFromRelativePath (/Users/nathanielstoddard/chainreact-app/chainreact-app-9e/node_modules/next/dist/server/load-manifest.external.js:84:16)
    at PagesRouteModule.loadManifests (/Users/nathanielstoddard/chainreact-app/chainreact-app-9e/node_modules/next/dist/compiled/next-server/pages.runtime.dev.js:1:131864)
    at PagesRouteModule.prepare (/Users/nathanielstoddard/chainreact-app/chainreact-app-9e/node_modules/next/dist/compiled/next-server/pages.runtime.dev.js:1:140087)
    at async handler (webpack-internal:///(pages-dir-node)/./node_modules/next/dist/server/route-modules/pages/pages-handler.js:50:31)
    at async DevServer.renderToResponseWithComponentsImpl (/Users/nathanielstoddard/chainreact-app/chainreact-app-9e/node_modules/next/dist/server/base-server.js:1422:9)
    at async DevServer.renderErrorToResponseImpl (/Users/nathanielstoddard/chainreact-app/chainreact-app-9e/node_modules/next/dist/server/base-server.js:1742:24)
    at async pipe.req.req (/Users/nathanielstoddard/chainreact-app/chainreact-app-9e/node_modules/next/dist/server/base-server.js:1610:30)
    at async DevServer.pipeImpl (/Users/nathanielstoddard/chainreact-app/chainreact-app-9e/node_modules/next/dist/server/base-server.js:1025:25)
    at async /Users/nathanielstoddard/chainreact-app/chainreact-app-9e/node_modules/next/dist/server/dev/next-dev-server.js:399:20
    at async Span.traceAsyncFn (/Users/nathanielstoddard/chainreact-app/chainreact-app-9e/node_modules/next/dist/trace/trace.js:157:20)
    at async DevServer.handleRequest (/Users/nathanielstoddard/chainreact-app/chainreact-app-9e/node_modules/next/dist/server/dev/next-dev-server.js:395:24)
    at async invokeRender (/Users/nathanielstoddard/chainreact-app/chainreact-app-9e/node_modules/next/dist/server/lib/router-server.js:240:21)
    at async requestHandlerImpl (/Users/nathanielstoddard/chainreact-app/chainreact-app-9e/node_modules/next/dist/server/lib/router-server.js:497:24)
    at async Server.requestListener (/Users/nathanielstoddard/chainreact-app/chainreact-app-9e/node_modules/next/dist/server/lib/start-server.js:226:13)
[2025-10-26T04:35:44.204Z] [ERROR  ] ENOENT: no such file or directory, open '/Users/nathanielstoddard/chainreact-app/chainreact-app-9e/.next/routes-manifest.json'
Error: ENOENT: no such file or directory, open '/Users/nathanielstoddard/chainreact-app/chainreact-app-9e/.next/routes-manifest.json'
    at readFileSync (node:fs:443:20)
    at loadManifest (/Users/nathanielstoddard/chainreact-app/chainreact-app-9e/node_modules/next/dist/server/load-manifest.external.js:41:41)
    at loadManifestFromRelativePath (/Users/nathanielstoddard/chainreact-app/chainreact-app-9e/node_modules/next/dist/server/load-manifest.external.js:84:16)
    at PagesRouteModule.loadManifests (/Users/nathanielstoddard/chainreact-app/chainreact-app-9e/node_modules/next/dist/server/route-modules/route-module.js:115:17)
    at PagesRouteModule.prepare (/Users/nathanielstoddard/chainreact-app/chainreact-app-9e/node_modules/next/dist/server/route-modules/route-module.js:285:38)
    at async handler (/Users/nathanielstoddard/chainreact-app/chainreact-app-9e/node_modules/next/dist/server/route-modules/pages/pages-handler.js:52:31)
    at async DevServer.renderToResponseWithComponentsImpl (/Users/nathanielstoddard/chainreact-app/chainreact-app-9e/node_modules/next/dist/server/base-server.js:1422:9)
    at async pipe.req.req (/Users/nathanielstoddard/chainreact-app/chainreact-app-9e/node_modules/next/dist/server/base-server.js:1610:30)
    at async DevServer.pipeImpl (/Users/nathanielstoddard/chainreact-app/chainreact-app-9e/node_modules/next/dist/server/base-server.js:1025:25)
    at async /Users/nathanielstoddard/chainreact-app/chainreact-app-9e/node_modules/next/dist/server/dev/next-dev-server.js:399:20
    at async Span.traceAsyncFn (/Users/nathanielstoddard/chainreact-app/chainreact-app-9e/node_modules/next/dist/trace/trace.js:157:20)
    at async DevServer.handleRequest (/Users/nathanielstoddard/chainreact-app/chainreact-app-9e/node_modules/next/dist/server/dev/next-dev-server.js:395:24)
    at async invokeRender (/Users/nathanielstoddard/chainreact-app/chainreact-app-9e/node_modules/next/dist/server/lib/router-server.js:240:21)
    at async requestHandlerImpl (/Users/nathanielstoddard/chainreact-app/chainreact-app-9e/node_modules/next/dist/server/lib/router-server.js:497:24)
    at async Server.requestListener (/Users/nathanielstoddard/chainreact-app/chainreact-app-9e/node_modules/next/dist/server/lib/start-server.js:226:13)
[2025-10-26T04:35:44.293Z] [ERROR  ]  [31m[1m⨯[22m[39m ENOENT: no such file or directory, open '/Users/nathanielstoddard/chainreact-app/chainreact-app-9e/.next/routes-manifest.json'
Error: ENOENT: no such file or directory, open '/Users/nathanielstoddard/chainreact-app/chainreact-app-9e/.next/routes-manifest.json'
    at readFileSync (node:fs:443:20)
    at loadManifest (/Users/nathanielstoddard/chainreact-app/chainreact-app-9e/node_modules/next/dist/server/load-manifest.external.js:41:41)
    at loadManifestFromRelativePath (/Users/nathanielstoddard/chainreact-app/chainreact-app-9e/node_modules/next/dist/server/load-manifest.external.js:84:16)
    at PagesRouteModule.loadManifests (/Users/nathanielstoddard/chainreact-app/chainreact-app-9e/node_modules/next/dist/compiled/next-server/pages.runtime.dev.js:1:131864)
    at PagesRouteModule.prepare (/Users/nathanielstoddard/chainreact-app/chainreact-app-9e/node_modules/next/dist/compiled/next-server/pages.runtime.dev.js:1:140087)
    at async handler (webpack-internal:///(pages-dir-node)/./node_modules/next/dist/server/route-modules/pages/pages-handler.js:50:31)
    at async DevServer.renderToResponseWithComponentsImpl (/Users/nathanielstoddard/chainreact-app/chainreact-app-9e/node_modules/next/dist/server/base-server.js:1422:9)
    at async DevServer.renderErrorToResponseImpl (/Users/nathanielstoddard/chainreact-app/chainreact-app-9e/node_modules/next/dist/server/base-server.js:1742:24)
    at async pipe.req.req (/Users/nathanielstoddard/chainreact-app/chainreact-app-9e/node_modules/next/dist/server/base-server.js:1610:30)
    at async DevServer.pipeImpl (/Users/nathanielstoddard/chainreact-app/chainreact-app-9e/node_modules/next/dist/server/base-server.js:1025:25)
    at async /Users/nathanielstoddard/chainreact-app/chainreact-app-9e/node_modules/next/dist/server/dev/next-dev-server.js:399:20
    at async Span.traceAsyncFn (/Users/nathanielstoddard/chainreact-app/chainreact-app-9e/node_modules/next/dist/trace/trace.js:157:20)
    at async DevServer.handleRequest (/Users/nathanielstoddard/chainreact-app/chainreact-app-9e/node_modules/next/dist/server/dev/next-dev-server.js:395:24)
    at async invokeRender (/Users/nathanielstoddard/chainreact-app/chainreact-app-9e/node_modules/next/dist/server/lib/router-server.js:240:21)
    at async requestHandlerImpl (/Users/nathanielstoddard/chainreact-app/chainreact-app-9e/node_modules/next/dist/server/lib/router-server.js:497:24)
    at async Server.requestListener (/Users/nathanielstoddard/chainreact-app/chainreact-app-9e/node_modules/next/dist/server/lib/start-server.js:226:13)
[2025-10-26T04:35:44.296Z] [ERROR  ] ENOENT: no such file or directory, open '/Users/nathanielstoddard/chainreact-app/chainreact-app-9e/.next/routes-manifest.json'
Error: ENOENT: no such file or directory, open '/Users/nathanielstoddard/chainreact-app/chainreact-app-9e/.next/routes-manifest.json'
    at readFileSync (node:fs:443:20)
    at loadManifest (/Users/nathanielstoddard/chainreact-app/chainreact-app-9e/node_modules/next/dist/server/load-manifest.external.js:41:41)
    at loadManifestFromRelativePath (/Users/nathanielstoddard/chainreact-app/chainreact-app-9e/node_modules/next/dist/server/load-manifest.external.js:84:16)
    at PagesRouteModule.loadManifests (/Users/nathanielstoddard/chainreact-app/chainreact-app-9e/node_modules/next/dist/server/route-modules/route-module.js:115:17)
    at PagesRouteModule.prepare (/Users/nathanielstoddard/chainreact-app/chainreact-app-9e/node_modules/next/dist/server/route-modules/route-module.js:285:38)
    at async handler (/Users/nathanielstoddard/chainreact-app/chainreact-app-9e/node_modules/next/dist/server/route-modules/pages/pages-handler.js:52:31)
    at async DevServer.renderToResponseWithComponentsImpl (/Users/nathanielstoddard/chainreact-app/chainreact-app-9e/node_modules/next/dist/server/base-server.js:1422:9)
    at async pipe.req.req (/Users/nathanielstoddard/chainreact-app/chainreact-app-9e/node_modules/next/dist/server/base-server.js:1610:30)
    at async DevServer.pipeImpl (/Users/nathanielstoddard/chainreact-app/chainreact-app-9e/node_modules/next/dist/server/base-server.js:1025:25)
    at async /Users/nathanielstoddard/chainreact-app/chainreact-app-9e/node_modules/next/dist/server/dev/next-dev-server.js:399:20
    at async Span.traceAsyncFn (/Users/nathanielstoddard/chainreact-app/chainreact-app-9e/node_modules/next/dist/trace/trace.js:157:20)
    at async DevServer.handleRequest (/Users/nathanielstoddard/chainreact-app/chainreact-app-9e/node_modules/next/dist/server/dev/next-dev-server.js:395:24)
    at async invokeRender (/Users/nathanielstoddard/chainreact-app/chainreact-app-9e/node_modules/next/dist/server/lib/router-server.js:240:21)
    at async requestHandlerImpl (/Users/nathanielstoddard/chainreact-app/chainreact-app-9e/node_modules/next/dist/server/lib/router-server.js:497:24)
    at async Server.requestListener (/Users/nathanielstoddard/chainreact-app/chainreact-app-9e/node_modules/next/dist/server/lib/start-server.js:226:13)
[2025-10-26T04:35:44.310Z] [ERROR  ]  [31m[1m⨯[22m[39m ENOENT: no such file or directory, open '/Users/nathanielstoddard/chainreact-app/chainreact-app-9e/.next/routes-manifest.json'
Error: ENOENT: no such file or directory, open '/Users/nathanielstoddard/chainreact-app/chainreact-app-9e/.next/routes-manifest.json'
    at readFileSync (node:fs:443:20)
    at loadManifest (/Users/nathanielstoddard/chainreact-app/chainreact-app-9e/node_modules/next/dist/server/load-manifest.external.js:41:41)
    at loadManifestFromRelativePath (/Users/nathanielstoddard/chainreact-app/chainreact-app-9e/node_modules/next/dist/server/load-manifest.external.js:84:16)
    at PagesRouteModule.loadManifests (/Users/nathanielstoddard/chainreact-app/chainreact-app-9e/node_modules/next/dist/compiled/next-server/pages.runtime.dev.js:1:131864)
    at PagesRouteModule.prepare (/Users/nathanielstoddard/chainreact-app/chainreact-app-9e/node_modules/next/dist/compiled/next-server/pages.runtime.dev.js:1:140087)
    at async handler (webpack-internal:///(pages-dir-node)/./node_modules/next/dist/server/route-modules/pages/pages-handler.js:50:31)
    at async DevServer.renderToResponseWithComponentsImpl (/Users/nathanielstoddard/chainreact-app/chainreact-app-9e/node_modules/next/dist/server/base-server.js:1422:9)
    at async DevServer.renderErrorToResponseImpl (/Users/nathanielstoddard/chainreact-app/chainreact-app-9e/node_modules/next/dist/server/base-server.js:1742:24)
    at async pipe.req.req (/Users/nathanielstoddard/chainreact-app/chainreact-app-9e/node_modules/next/dist/server/base-server.js:1610:30)
    at async DevServer.pipeImpl (/Users/nathanielstoddard/chainreact-app/chainreact-app-9e/node_modules/next/dist/server/base-server.js:1025:25)
    at async /Users/nathanielstoddard/chainreact-app/chainreact-app-9e/node_modules/next/dist/server/dev/next-dev-server.js:399:20
    at async Span.traceAsyncFn (/Users/nathanielstoddard/chainreact-app/chainreact-app-9e/node_modules/next/dist/trace/trace.js:157:20)
    at async DevServer.handleRequest (/Users/nathanielstoddard/chainreact-app/chainreact-app-9e/node_modules/next/dist/server/dev/next-dev-server.js:395:24)
    at async invokeRender (/Users/nathanielstoddard/chainreact-app/chainreact-app-9e/node_modules/next/dist/server/lib/router-server.js:240:21)
    at async requestHandlerImpl (/Users/nathanielstoddard/chainreact-app/chainreact-app-9e/node_modules/next/dist/server/lib/router-server.js:497:24)
    at async Server.requestListener (/Users/nathanielstoddard/chainreact-app/chainreact-app-9e/node_modules/next/dist/server/lib/start-server.js:226:13)
[2025-10-26T04:35:44.313Z] [ERROR  ] ENOENT: no such file or directory, open '/Users/nathanielstoddard/chainreact-app/chainreact-app-9e/.next/routes-manifest.json'
Error: ENOENT: no such file or directory, open '/Users/nathanielstoddard/chainreact-app/chainreact-app-9e/.next/routes-manifest.json'
    at readFileSync (node:fs:443:20)
    at loadManifest (/Users/nathanielstoddard/chainreact-app/chainreact-app-9e/node_modules/next/dist/server/load-manifest.external.js:41:41)
    at loadManifestFromRelativePath (/Users/nathanielstoddard/chainreact-app/chainreact-app-9e/node_modules/next/dist/server/load-manifest.external.js:84:16)
    at PagesRouteModule.loadManifests (/Users/nathanielstoddard/chainreact-app/chainreact-app-9e/node_modules/next/dist/server/route-modules/route-module.js:115:17)
    at PagesRouteModule.prepare (/Users/nathanielstoddard/chainreact-app/chainreact-app-9e/node_modules/next/dist/server/route-modules/route-module.js:285:38)
    at async handler (/Users/nathanielstoddard/chainreact-app/chainreact-app-9e/node_modules/next/dist/server/route-modules/pages/pages-handler.js:52:31)
    at async DevServer.renderToResponseWithComponentsImpl (/Users/nathanielstoddard/chainreact-app/chainreact-app-9e/node_modules/next/dist/server/base-server.js:1422:9)
    at async pipe.req.req (/Users/nathanielstoddard/chainreact-app/chainreact-app-9e/node_modules/next/dist/server/base-server.js:1610:30)
    at async DevServer.pipeImpl (/Users/nathanielstoddard/chainreact-app/chainreact-app-9e/node_modules/next/dist/server/base-server.js:1025:25)
    at async /Users/nathanielstoddard/chainreact-app/chainreact-app-9e/node_modules/next/dist/server/dev/next-dev-server.js:399:20
    at async Span.traceAsyncFn (/Users/nathanielstoddard/chainreact-app/chainreact-app-9e/node_modules/next/dist/trace/trace.js:157:20)
    at async DevServer.handleRequest (/Users/nathanielstoddard/chainreact-app/chainreact-app-9e/node_modules/next/dist/server/dev/next-dev-server.js:395:24)
    at async invokeRender (/Users/nathanielstoddard/chainreact-app/chainreact-app-9e/node_modules/next/dist/server/lib/router-server.js:240:21)
    at async requestHandlerImpl (/Users/nathanielstoddard/chainreact-app/chainreact-app-9e/node_modules/next/dist/server/lib/router-server.js:497:24)
    at async Server.requestListener (/Users/nathanielstoddard/chainreact-app/chainreact-app-9e/node_modules/next/dist/server/lib/start-server.js:226:13)

=== Log Session Ended: 2025-10-26T04:38:04.941Z ===
