=== Log Session Started: 2025-10-15T23:26:58.330Z ===
Node Version: v23.7.0
Platform: darwin
Working Directory: /Users/nathanielstoddard/chainreact-app/chainreact-app-9e
================================================================================

[2025-10-15T23:26:58.331Z] [INFO   ] File logging initialized
[2025-10-15T23:26:58.331Z] [INFO   ] Log file: /Users/nathanielstoddard/chainreact-app/chainreact-app-9e/logs/workflow_2025-10-15_18-26-58.log
[2025-10-15T23:26:58.331Z] [INFO   ] 📁 File logging enabled
[2025-10-15T23:26:58.332Z] [INFO   ] 📝 Logs will be written to: /Users/nathanielstoddard/chainreact-app/chainreact-app-9e/logs/workflow_2025-10-15_18-26-58.log
[2025-10-15T23:26:58.332Z] [INFO   ] 💡 To view logs in real-time: tail -f /Users/nathanielstoddard/chainreact-app/chainreact-app-9e/logs/workflow_2025-10-15_18-26-58.log
[2025-10-15T23:26:58.332Z] [INFO   ] 💡 To view all logs: cat /Users/nathanielstoddard/chainreact-app/chainreact-app-9e/logs/workflow_2025-10-15_18-26-58.log
[2025-10-15T23:26:58.332Z] [INFO   ] 💡 To share logs: Copy the file at /Users/nathanielstoddard/chainreact-app/chainreact-app-9e/logs/workflow_2025-10-15_18-26-58.log
[2025-10-15T23:26:58.332Z] [INFO   ] --------------------------------------------------------------------------------
[2025-10-15T23:26:58.332Z] [DEBUG  ] 📁 File logging system initialized
[2025-10-15T23:26:58.347Z] [INFO   ]  [32m[1m✓[22m[39m Ready in 4.3s
[2025-10-15T23:26:58.867Z] [INFO   ]  [37m[1m○[22m[39m Compiling /home-light ...
[2025-10-15T23:27:08.423Z] [INFO   ]  [32m[1m✓[22m[39m Compiled /api/collaboration/collaborators in 10.1s (4519 modules)
[2025-10-15T23:27:09.994Z] [INFO   ]  [37m[1m○[22m[39m Compiling /api/auth/profile ...
[2025-10-15T23:27:09.997Z] [INFO   ]  [32m[1m✓[22m[39m Compiled /api/auth/profile in 511ms (4758 modules)
[2025-10-15T23:27:10.830Z] [INFO   ]  [32m[1m✓[22m[39m Compiled /api/presence/count in 409ms (4527 modules)
[2025-10-15T23:27:19.458Z] [INFO   ]  [37m[1m○[22m[39m Compiling /api/integrations ...
[2025-10-15T23:27:19.555Z] [INFO   ]  [32m[1m✓[22m[39m Compiled /api/integrations in 621ms (4529 modules)
[2025-10-15T23:27:34.616Z] [INFO   ]  [37m[1m○[22m[39m Compiling /workflows/builder ...
[2025-10-15T23:27:36.213Z] [INFO   ]  [32m[1m✓[22m[39m Compiled /workflows/builder in 2.1s (5691 modules)
[2025-10-15T23:27:38.620Z] [INFO   ]  [37m[1m○[22m[39m Compiling /api/workflows/[id] ...
[2025-10-15T23:27:42.041Z] [INFO   ]  [32m[1m✓[22m[39m Compiled /api/workflows/[id] in 3.9s (7859 modules)
[2025-10-15T23:27:43.221Z] [ERROR  ] 2025-10-15T23:27:43.221Z [ERROR] ❌ [Workflow API] Update error: {"code":"PGRST204","details":null,"hint":null,"message":"Could not find the 'validationState' column of 'workflows' in the schema cache"}
[2025-10-15T23:27:59.458Z] [INFO   ]  [32m[1m✓[22m[39m Compiled in 2.2s (7873 modules)
[2025-10-15T23:28:00.974Z] [INFO   ]  [37m[1m○[22m[39m Compiling /api/collaboration/leave ...
[2025-10-15T23:28:05.571Z] [WARN   ]  [33m[1m⚠[22m[39m Fast Refresh had to perform a full reload due to a runtime error.
[2025-10-15T23:28:13.305Z] [WARN   ]  [33m[1m⚠[22m[39m Fast Refresh had to perform a full reload due to a runtime error.
[2025-10-15T23:28:13.874Z] [INFO   ]  [32m[1m✓[22m[39m Compiled /api/collaboration/leave in 13.4s (7875 modules)
[2025-10-15T23:28:14.784Z] [ERROR  ] 2025-10-15T23:28:14.784Z [ERROR] Error in leave collaboration: {"code":"ECONNRESET"}
[2025-10-15T23:28:14.797Z] [ERROR  ] 2025-10-15T23:28:14.797Z [ERROR] Error in leave collaboration: {"code":"ECONNRESET"}
[2025-10-15T23:28:14.869Z] [ERROR  ] 2025-10-15T23:28:14.869Z [ERROR] Error in leave collaboration: {"code":"ECONNRESET"}
[2025-10-15T23:28:16.682Z] [ERROR  ] 2025-10-15T23:28:16.682Z [ERROR] ❌ [Workflow API] Update error: {"code":"PGRST204","details":null,"hint":null,"message":"Could not find the 'validationState' column of 'workflows' in the schema cache"}
[2025-10-15T23:28:22.255Z] [INFO   ]  [32m[1m✓[22m[39m Compiled in 1338ms (7875 modules)
[2025-10-15T23:31:30.801Z] [WARN   ]  [33m[1m⚠[22m[39m Fast Refresh had to perform a full reload due to a runtime error.
[2025-10-15T23:31:31.788Z] [INFO   ]  [32m[1m✓[22m[39m Compiled in 1590ms (5697 modules)
[2025-10-15T23:31:34.600Z] [INFO   ]  [32m[1m✓[22m[39m Compiled /api/templates/[id]/setup in 400ms (4133 modules)
[2025-10-15T23:31:34.900Z] [INFO   ]  [32m[1m✓[22m[39m Compiled (4143 modules)
[2025-10-15T23:31:35.875Z] [INFO   ]  [37m[1m○[22m[39m Compiling /api/workflows/[id] ...
[2025-10-15T23:31:36.622Z] [INFO   ]  [32m[1m✓[22m[39m Compiled /api/workflows/[id] in 1378ms (6303 modules)
[2025-10-15T23:31:37.174Z] [INFO   ]  [32m[1m✓[22m[39m Compiled in 0ms (6303 modules)
[2025-10-15T23:31:37.628Z] [INFO   ]  [32m[1m✓[22m[39m Compiled in 0ms (6303 modules)
[2025-10-15T23:31:38.074Z] [INFO   ]  [32m[1m✓[22m[39m Compiled in 0ms (6303 modules)
[2025-10-15T23:31:39.095Z] [WARN   ] 2025-10-15T23:31:39.095Z [WARN] ⚠️ [Workflow API] validationState column missing in schema cache - retrying without it
[2025-10-15T23:31:39.149Z] [INFO   ]  [32m[1m✓[22m[39m Compiled /api/collaboration/leave in 0ms (6303 modules)
[2025-10-15T23:31:39.230Z] [ERROR  ] 2025-10-15T23:31:39.230Z [ERROR] ❌ [Workflow API] Update error: {"code":"23514","details":"Failing row contains (e0a8965b-7256-474f-a0c8-56755a030a20, a3e3a51a-175c-4b59-ad03-227ba12a18b0, AI Agent Test Workflow - Customer Service (Copy), Complete test workflow with AI Agent handling support requests, ..., [{\"id\": \"discord-trigger-1\", \"data\": {\"type\": \"discord_trigger_n..., [{\"id\": \"edge-main\", \"source\": \"discord-trigger-1\", \"target\": \"a..., paused, 2025-10-15 02:41:20.019942+00, 2025-10-15 23:31:38.565+00, null, aa142717-3d7d-4b7c-b810-fac45e49a970).","hint":null,"message":"new row for relation \"workflows\" violates check constraint \"workflows_status_check\""}
[2025-10-15T23:31:40.382Z] [INFO   ]  [32m[1m✓[22m[39m Compiled in 1ms (6305 modules)
[2025-10-15T23:32:44.215Z] [WARN   ]  [33m[1m⚠[22m[39m Fast Refresh had to perform a full reload due to a runtime error.
[2025-10-15T23:32:44.569Z] [INFO   ]  [37m[1m○[22m[39m Compiling /_not-found ...
[2025-10-15T23:32:48.670Z] [WARN   ]  [33m[1m⚠[22m[39m Fast Refresh had to perform a full reload due to a runtime error.
[2025-10-15T23:32:48.845Z] [INFO   ]  [32m[1m✓[22m[39m Compiled /_not-found in 5.7s (5904 modules)
[2025-10-15T23:32:51.102Z] [INFO   ]  [32m[1m✓[22m[39m Compiled /api/collaboration/join in 423ms (4132 modules)
[2025-10-15T23:32:51.373Z] [INFO   ]  [32m[1m✓[22m[39m Compiled /api/templates/[id]/setup in 1ms (4137 modules)
[2025-10-15T23:32:53.114Z] [INFO   ]  [32m[1m✓[22m[39m Compiled in 0ms (4142 modules)
[2025-10-15T23:32:53.442Z] [INFO   ]  [32m[1m✓[22m[39m Compiled in 0ms (4142 modules)
[2025-10-15T23:32:53.815Z] [INFO   ]  [32m[1m✓[22m[39m Compiled in 0ms (4142 modules)
[2025-10-15T23:32:54.131Z] [INFO   ]  [32m[1m✓[22m[39m Compiled /api/presence/count in 0ms (4142 modules)
[2025-10-15T23:32:54.542Z] [INFO   ]  [32m[1m✓[22m[39m Compiled /api/workflows/[id] in 0ms (4144 modules)
[2025-10-15T23:32:57.817Z] [INFO   ]  [32m[1m✓[22m[39m Compiled in 1ms (6304 modules)
[2025-10-15T23:32:58.492Z] [INFO   ]  [32m[1m✓[22m[39m Compiled in 1ms (6304 modules)
[2025-10-15T23:32:59.103Z] [INFO   ]  [32m[1m✓[22m[39m Compiled in 0ms (6304 modules)
[2025-10-15T23:32:59.582Z] [INFO   ]  [32m[1m✓[22m[39m Compiled in 0ms (6304 modules)
[2025-10-15T23:33:00.456Z] [WARN   ] 2025-10-15T23:33:00.455Z [WARN] ⚠️ [Workflow API] validationState column missing in schema cache - retrying without it
[2025-10-15T23:33:00.534Z] [ERROR  ] 2025-10-15T23:33:00.534Z [ERROR] ❌ [Workflow API] Update error: {"code":"23514","details":"Failing row contains (e0a8965b-7256-474f-a0c8-56755a030a20, a3e3a51a-175c-4b59-ad03-227ba12a18b0, AI Agent Test Workflow - Customer Service (Copy), Complete test workflow with AI Agent handling support requests, ..., [{\"id\": \"discord-trigger-1\", \"data\": {\"type\": \"discord_trigger_n..., [{\"id\": \"edge-main\", \"source\": \"discord-trigger-1\", \"target\": \"a..., paused, 2025-10-15 02:41:20.019942+00, 2025-10-15 23:32:59.898+00, null, aa142717-3d7d-4b7c-b810-fac45e49a970).","hint":null,"message":"new row for relation \"workflows\" violates check constraint \"workflows_status_check\""}
[2025-10-15T23:33:18.106Z] [INFO   ]  [32m[1m✓[22m[39m Compiled in 416ms (1572 modules)
[2025-10-15T23:33:19.416Z] [INFO   ]  [37m[1m○[22m[39m Compiling /api/collaboration/leave ...
[2025-10-15T23:33:19.505Z] [INFO   ]  [32m[1m✓[22m[39m Compiled /api/collaboration/leave in 649ms (6306 modules)
[2025-10-15T23:33:38.859Z] [INFO   ]  [32m[1m✓[22m[39m Compiled in 416ms (1572 modules)
[2025-10-15T23:33:39.017Z] [WARN   ]  [33m[1m⚠[22m[39m Fast Refresh had to perform a full reload due to a runtime error.
[2025-10-15T23:33:41.740Z] [WARN   ] 2025-10-15T23:33:41.740Z [WARN] ⚠️ [Workflow API] validationState column missing in schema cache - retrying without it
[2025-10-15T23:33:41.837Z] [ERROR  ] 2025-10-15T23:33:41.837Z [ERROR] ❌ [Workflow API] Update error: {"code":"23514","details":"Failing row contains (e0a8965b-7256-474f-a0c8-56755a030a20, a3e3a51a-175c-4b59-ad03-227ba12a18b0, AI Agent Test Workflow - Customer Service (Copy), Complete test workflow with AI Agent handling support requests, ..., [{\"id\": \"discord-trigger-1\", \"data\": {\"type\": \"discord_trigger_n..., [{\"id\": \"edge-main\", \"source\": \"discord-trigger-1\", \"target\": \"a..., paused, 2025-10-15 02:41:20.019942+00, 2025-10-15 23:33:41.642+00, null, aa142717-3d7d-4b7c-b810-fac45e49a970).","hint":null,"message":"new row for relation \"workflows\" violates check constraint \"workflows_status_check\""}
[2025-10-15T23:33:51.321Z] [INFO   ]  [32m[1m✓[22m[39m Compiled in 405ms (1568 modules)
[2025-10-15T23:34:04.212Z] [INFO   ]  [32m[1m✓[22m[39m Compiled in 1195ms (1568 modules)
[2025-10-15T23:34:04.321Z] [WARN   ]  [33m[1m⚠[22m[39m Fast Refresh had to perform a full reload due to a runtime error.
[2025-10-15T23:34:06.993Z] [WARN   ] 2025-10-15T23:34:06.992Z [WARN] ⚠️ [Workflow API] validationState column missing in schema cache - retrying without it
[2025-10-15T23:34:07.075Z] [ERROR  ] 2025-10-15T23:34:07.075Z [ERROR] ❌ [Workflow API] Update error: {"code":"23514","details":"Failing row contains (e0a8965b-7256-474f-a0c8-56755a030a20, a3e3a51a-175c-4b59-ad03-227ba12a18b0, AI Agent Test Workflow - Customer Service (Copy), Complete test workflow with AI Agent handling support requests, ..., [{\"id\": \"discord-trigger-1\", \"data\": {\"type\": \"discord_trigger_n..., [{\"id\": \"edge-main\", \"source\": \"discord-trigger-1\", \"target\": \"a..., paused, 2025-10-15 02:41:20.019942+00, 2025-10-15 23:34:06.877+00, null, aa142717-3d7d-4b7c-b810-fac45e49a970).","hint":null,"message":"new row for relation \"workflows\" violates check constraint \"workflows_status_check\""}
[2025-10-15T23:34:28.736Z] [INFO   ]  [32m[1m✓[22m[39m Compiled in 2.6s (8092 modules)
[2025-10-15T23:34:44.323Z] [WARN   ]  [33m[1m⚠[22m[39m Fast Refresh had to perform a full reload due to a runtime error.
[2025-10-15T23:34:45.519Z] [INFO   ]  [32m[1m✓[22m[39m Compiled in 1715ms (8092 modules)
[2025-10-15T23:34:48.128Z] [WARN   ] 2025-10-15T23:34:48.128Z [WARN] ⚠️ [Workflow API] validationState column missing in schema cache - retrying without it
[2025-10-15T23:34:48.251Z] [ERROR  ] 2025-10-15T23:34:48.251Z [ERROR] ❌ [Workflow API] Update error: {"code":"23514","details":"Failing row contains (e0a8965b-7256-474f-a0c8-56755a030a20, a3e3a51a-175c-4b59-ad03-227ba12a18b0, AI Agent Test Workflow - Customer Service (Copy), Complete test workflow with AI Agent handling support requests, ..., [{\"id\": \"discord-trigger-1\", \"data\": {\"type\": \"discord_trigger_n..., [{\"id\": \"edge-main\", \"source\": \"discord-trigger-1\", \"target\": \"a..., paused, 2025-10-15 02:41:20.019942+00, 2025-10-15 23:34:48.033+00, null, aa142717-3d7d-4b7c-b810-fac45e49a970).","hint":null,"message":"new row for relation \"workflows\" violates check constraint \"workflows_status_check\""}
[2025-10-15T23:35:00.510Z] [WARN   ]  [33m[1m⚠[22m[39m Fast Refresh had to perform a full reload. Read more: https://nextjs.org/docs/messages/fast-refresh-reload
[2025-10-15T23:35:01.475Z] [WARN   ]  [33m[1m⚠[22m[39m Fast Refresh had to perform a full reload. Read more: https://nextjs.org/docs/messages/fast-refresh-reload
[2025-10-15T23:35:01.797Z] [INFO   ]  [32m[1m✓[22m[39m Compiled in 1731ms (8092 modules)
[2025-10-15T23:35:04.280Z] [WARN   ] 2025-10-15T23:35:04.280Z [WARN] ⚠️ [Workflow API] validationState column missing in schema cache - retrying without it
[2025-10-15T23:35:04.361Z] [ERROR  ] 2025-10-15T23:35:04.361Z [ERROR] ❌ [Workflow API] Update error: {"code":"23514","details":"Failing row contains (e0a8965b-7256-474f-a0c8-56755a030a20, a3e3a51a-175c-4b59-ad03-227ba12a18b0, AI Agent Test Workflow - Customer Service (Copy), Complete test workflow with AI Agent handling support requests, ..., [{\"id\": \"discord-trigger-1\", \"data\": {\"type\": \"discord_trigger_n..., [{\"id\": \"edge-main\", \"source\": \"discord-trigger-1\", \"target\": \"a..., paused, 2025-10-15 02:41:20.019942+00, 2025-10-15 23:35:04.163+00, null, aa142717-3d7d-4b7c-b810-fac45e49a970).","hint":null,"message":"new row for relation \"workflows\" violates check constraint \"workflows_status_check\""}
[2025-10-15T23:35:35.318Z] [INFO   ]  [37m[1m○[22m[39m Compiling /api/collaboration/collaborators ...
[2025-10-15T23:35:36.070Z] [INFO   ]  [32m[1m✓[22m[39m Compiled /api/collaboration/collaborators in 1556ms (6305 modules)
[2025-10-15T23:37:00.314Z] [INFO   ]  [32m[1m✓[22m[39m Compiled in 1426ms (1568 modules)
[2025-10-15T23:37:00.354Z] [WARN   ]  [33m[1m⚠[22m[39m Fast Refresh had to perform a full reload. Read more: https://nextjs.org/docs/messages/fast-refresh-reload
[2025-10-15T23:37:03.194Z] [WARN   ] 2025-10-15T23:37:03.194Z [WARN] ⚠️ [Workflow API] validationState column missing in schema cache - retrying without it
[2025-10-15T23:37:03.276Z] [ERROR  ] 2025-10-15T23:37:03.276Z [ERROR] ❌ [Workflow API] Update error: {"code":"23514","details":"Failing row contains (e0a8965b-7256-474f-a0c8-56755a030a20, a3e3a51a-175c-4b59-ad03-227ba12a18b0, AI Agent Test Workflow - Customer Service (Copy), Complete test workflow with AI Agent handling support requests, ..., [{\"id\": \"discord-trigger-1\", \"data\": {\"type\": \"discord_trigger_n..., [{\"id\": \"edge-main\", \"source\": \"discord-trigger-1\", \"target\": \"a..., paused, 2025-10-15 02:41:20.019942+00, 2025-10-15 23:37:03.081+00, null, aa142717-3d7d-4b7c-b810-fac45e49a970).","hint":null,"message":"new row for relation \"workflows\" violates check constraint \"workflows_status_check\""}
[2025-10-15T23:37:23.402Z] [INFO   ]  [32m[1m✓[22m[39m Compiled in 351ms (1568 modules)
[2025-10-15T23:37:24.976Z] [INFO   ]  [37m[1m○[22m[39m Compiling /api/collaboration/leave ...
[2025-10-15T23:37:25.126Z] [INFO   ]  [32m[1m✓[22m[39m Compiled /api/collaboration/leave in 1359ms (6307 modules)
[2025-10-15T23:37:33.500Z] [INFO   ]  [32m[1m✓[22m[39m Compiled in 370ms (1568 modules)
[2025-10-15T23:37:33.522Z] [WARN   ]  [33m[1m⚠[22m[39m Fast Refresh had to perform a full reload due to a runtime error.
[2025-10-15T23:37:35.574Z] [WARN   ] 2025-10-15T23:37:35.574Z [WARN] ⚠️ [Workflow API] validationState column missing in schema cache - retrying without it
[2025-10-15T23:37:35.684Z] [ERROR  ] 2025-10-15T23:37:35.684Z [ERROR] ❌ [Workflow API] Update error: {"code":"23514","details":"Failing row contains (e0a8965b-7256-474f-a0c8-56755a030a20, a3e3a51a-175c-4b59-ad03-227ba12a18b0, AI Agent Test Workflow - Customer Service (Copy), Complete test workflow with AI Agent handling support requests, ..., [{\"id\": \"discord-trigger-1\", \"data\": {\"type\": \"discord_trigger_n..., [{\"id\": \"edge-main\", \"source\": \"discord-trigger-1\", \"target\": \"a..., paused, 2025-10-15 02:41:20.019942+00, 2025-10-15 23:37:35.497+00, null, aa142717-3d7d-4b7c-b810-fac45e49a970).","hint":null,"message":"new row for relation \"workflows\" violates check constraint \"workflows_status_check\""}
[2025-10-15T23:37:41.055Z] [INFO   ]  [32m[1m✓[22m[39m Compiled in 309ms (1568 modules)
[2025-10-15T23:40:21.815Z] [INFO   ]  [32m[1m✓[22m[39m Compiled in 632ms (1568 modules)
[2025-10-15T23:40:21.924Z] [WARN   ]  [33m[1m⚠[22m[39m Fast Refresh had to perform a full reload due to a runtime error.
[2025-10-15T23:40:47.242Z] [INFO   ]  [32m[1m✓[22m[39m Compiled in 468ms (1568 modules)
[2025-10-15T23:41:13.492Z] [INFO   ]  [32m[1m✓[22m[39m Compiled in 636ms (1568 modules)
[2025-10-15T23:41:32.511Z] [INFO   ]  [32m[1m✓[22m[39m Compiled in 578ms (1568 modules)
[2025-10-15T23:41:44.921Z] [INFO   ]  [32m[1m✓[22m[39m Compiled in 419ms (1568 modules)
[2025-10-15T23:41:52.955Z] [INFO   ]  [32m[1m✓[22m[39m Compiled in 319ms (1568 modules)
[2025-10-15T23:42:01.252Z] [INFO   ]  [32m[1m✓[22m[39m Compiled in 484ms (1568 modules)
[2025-10-15T23:42:13.648Z] [INFO   ]  [32m[1m✓[22m[39m Compiled in 433ms (1568 modules)
[2025-10-15T23:42:26.300Z] [INFO   ]  [32m[1m✓[22m[39m Compiled in 385ms (1568 modules)
[2025-10-15T23:42:35.448Z] [INFO   ]  [32m[1m✓[22m[39m Compiled in 330ms (1568 modules)
[2025-10-15T23:42:43.577Z] [INFO   ]  [32m[1m✓[22m[39m Compiled in 506ms (1568 modules)
[2025-10-15T23:43:12.566Z] [INFO   ]  [32m[1m✓[22m[39m Compiled in 333ms (1568 modules)
[2025-10-15T23:43:24.704Z] [INFO   ]  [32m[1m✓[22m[39m Compiled in 299ms (1568 modules)
[2025-10-15T23:43:40.986Z] [INFO   ]  [32m[1m✓[22m[39m Compiled in 2.6s (5680 modules)
[2025-10-15T23:43:59.151Z] [INFO   ]  [32m[1m✓[22m[39m Compiled in 400ms (1568 modules)
[2025-10-15T23:46:05.805Z] [INFO   ]  [37m[1m○[22m[39m Compiling /api/presence/count ...
[2025-10-15T23:46:05.882Z] [INFO   ]  [32m[1m✓[22m[39m Compiled /api/presence/count in 1209ms (4129 modules)
[2025-10-15T23:51:14.108Z] [INFO   ]  [37m[1m○[22m[39m Compiling /home ...

=== Log Session Ended: 2025-10-15T23:51:46.619Z ===
