=== Log Session Started: 2025-11-02T19:08:46.090Z ===
Node Version: v23.7.0
Platform: darwin
Working Directory: /Users/nathanielstoddard/chainreact-app/chainreact-app-9e
================================================================================

[2025-11-02T19:08:46.091Z] [INFO   ] File logging initialized
[2025-11-02T19:08:46.091Z] [INFO   ] Log file: /Users/nathanielstoddard/chainreact-app/chainreact-app-9e/logs/workflow_2025-11-02_13-08-46.log
[2025-11-02T19:08:46.096Z] [INFO   ] Deleted old log file: workflow_2025-10-26_13-23-53.log
[2025-11-02T19:08:46.096Z] [INFO   ] 📁 File logging enabled
[2025-11-02T19:08:46.096Z] [INFO   ] 📝 Logs will be written to: /Users/nathanielstoddard/chainreact-app/chainreact-app-9e/logs/workflow_2025-11-02_13-08-46.log
[2025-11-02T19:08:46.096Z] [INFO   ] 💡 To view logs in real-time: tail -f /Users/nathanielstoddard/chainreact-app/chainreact-app-9e/logs/workflow_2025-11-02_13-08-46.log
[2025-11-02T19:08:46.096Z] [INFO   ] 💡 To view all logs: cat /Users/nathanielstoddard/chainreact-app/chainreact-app-9e/logs/workflow_2025-11-02_13-08-46.log
[2025-11-02T19:08:46.096Z] [INFO   ] 💡 To share logs: Copy the file at /Users/nathanielstoddard/chainreact-app/chainreact-app-9e/logs/workflow_2025-11-02_13-08-46.log
[2025-11-02T19:08:46.096Z] [INFO   ] --------------------------------------------------------------------------------
[2025-11-02T19:08:46.096Z] [DEBUG  ] 📁 File logging system initialized
[2025-11-02T19:08:46.113Z] [INFO   ]  [32m[1m✓[22m[39m Ready in 3.2s
[2025-11-02T19:08:46.250Z] [INFO   ]  [32m[1m✓[22m[39m Compiled /middleware in 132ms (233 modules)
[2025-11-02T19:08:46.579Z] [INFO   ] 2025-11-02T19:08:46.578Z [DEBUG] [Middleware] Username check: {"path":"/workflows/builder/ab89bf39-160c-4d6d-b1d6-47f31193f0ff","userId":"a3e3a51a-175c-4b59-ad03-227ba12a18b0","provider":"email","role":"free","username":"nstoddard17","hasUsername":true,"isBetaTester":false,"isNewBetaUser":false,"accountAge":13543839179}
[2025-11-02T19:08:47.100Z] [INFO   ] 2025-11-02T19:08:47.100Z [DEBUG] 🤖 Discord bot configured, initializing gateway connection in background...
[2025-11-02T19:08:49.149Z] [INFO   ] 2025-11-02T19:08:49.149Z [DEBUG] Initializing Discord Gateway connection (singleton)...
[2025-11-02T19:08:49.149Z] [INFO   ] 2025-11-02T19:08:49.149Z [DEBUG] 🔑 Discord bot token loaded
[2025-11-02T19:08:49.158Z] [INFO   ]  [37m[1m○[22m[39m Compiling /workflows/builder/[id] ...
[2025-11-02T19:08:49.417Z] [INFO   ] 2025-11-02T19:08:49.417Z [DEBUG] Discord Gateway initialization complete
[2025-11-02T19:08:49.419Z] [INFO   ] 2025-11-02T19:08:49.419Z [DEBUG] ✅ Discord bot gateway connection initialized
[2025-11-02T19:08:49.615Z] [INFO   ] 2025-11-02T19:08:49.615Z [DEBUG] Discord Gateway WebSocket connection established
[2025-11-02T19:08:49.616Z] [INFO   ] 2025-11-02T19:08:49.616Z [DEBUG] 🔑 Sending identify with intents: {"GUILDS":true,"GUILD_MEMBERS":true,"GUILD_INVITES":true,"GUILD_MESSAGES":true,"MESSAGE_CONTENT":true,"intentsValue":33347}
[2025-11-02T19:08:49.986Z] [INFO   ] 2025-11-02T19:08:49.986Z [DEBUG] 🎉 Discord bot ready! {"sessionId":"60df5dd832a97e396a042d3f95ccaf31","username":"ChainReact-Bot","userId":"1378595955212812308","guildCount":2}
[2025-11-02T19:08:49.987Z] [INFO   ] 2025-11-02T19:08:49.987Z [DEBUG] 📋 Initializing invite cache...
[2025-11-02T19:08:49.989Z] [INFO   ] 2025-11-02T19:08:49.989Z [DEBUG] 📡 Discord event received: GUILD_CREATE
[2025-11-02T19:08:49.990Z] [INFO   ] 2025-11-02T19:08:49.990Z [DEBUG] 📡 Discord event received: GUILD_CREATE
[2025-11-02T19:08:50.280Z] [INFO   ] 2025-11-02T19:08:50.279Z [DEBUG] ✅ Cached 3 invites for guild 1378950884045623406
[2025-11-02T19:08:53.306Z] [INFO   ]  [32m[1m✓[22m[39m Compiled /workflows/builder/[id] in 6.7s (5727 modules)
[2025-11-02T19:08:53.848Z] [INFO   ]  [32m[1m✓[22m[39m Compiled in 512ms (1352 modules)
[2025-11-02T19:08:54.128Z] [INFO   ] 2025-11-02T19:08:54.128Z [DEBUG] 💧 [AUTH] Rehydrating auth state from storage {"hasState":true,"hasUser":false,"initialized":false,"timestamp":"2025-11-02T19:08:54.128Z"}
[2025-11-02T19:08:54.133Z] [INFO   ] 2025-11-02T19:08:54.133Z [DEBUG] 💧 [AUTH] State hydrated and reset {"hasUser":false,"initialized":false,"timestamp":"2025-11-02T19:08:54.133Z"}
[2025-11-02T19:08:54.133Z] [INFO   ] 2025-11-02T19:08:54.133Z [DEBUG] ⏭️ [AUTH] Skipping initialization {"hasState":true,"alreadyInitialized":false,"isClient":false,"timestamp":"2025-11-02T19:08:54.133Z"}
[2025-11-02T19:08:54.498Z] [INFO   ] 2025-11-02T19:08:54.497Z [DEBUG] [Username Check] {"userId":"a3e3a51a-175c-4b59-ad03-227ba12a18b0","hasEmail":true,"provider":"email","hasUsername":true,"isGoogleUser":false}
[2025-11-02T19:08:55.710Z] [INFO   ]  [37m[1m○[22m[39m Compiling /api/integrations ...
[2025-11-02T19:08:55.863Z] [INFO   ] 2025-11-02T19:08:55.863Z [DEBUG] [Middleware] Username check: {"path":"/workflows/v2/api/flows/ab89bf39-160c-4d6d-b1d6-47f31193f0ff/revisions","userId":"a3e3a51a-175c-4b59-ad03-227ba12a18b0","provider":"email","role":"free","username":"nstoddard17","hasUsername":true,"isBetaTester":false,"isNewBetaUser":false,"accountAge":13543848464}
[2025-11-02T19:08:57.189Z] [INFO   ]  [32m[1m✓[22m[39m Compiled /workflows/v2/api/flows/[flowId]/revisions in 1978ms (5732 modules)
[2025-11-02T19:08:57.385Z] [INFO   ] 2025-11-02T19:08:57.385Z [DEBUG] 📍 [API /api/integrations] GET request received {"timestamp":"2025-11-02T19:08:57.385Z","url":"http://localhost:3000/api/integrations?workspace_type=personal"}
[2025-11-02T19:08:57.553Z] [INFO   ] 2025-11-02T19:08:57.553Z [DEBUG] ✅ [API /api/integrations] User authenticated {"userId":"a3e3a51a-175c-4b59-ad03-227ba12a18b0"}
[2025-11-02T19:08:57.554Z] [INFO   ] 2025-11-02T19:08:57.554Z [DEBUG] 🏠 [API /api/integrations] Workspace context {"workspaceType":"personal","workspaceId":null}
[2025-11-02T19:08:57.676Z] [INFO   ] 2025-11-02T19:08:57.676Z [DEBUG] 📊 [API /api/integrations] Query result {"workspaceType":"personal","workspaceId":null,"count":14,"error":null}
[2025-11-02T19:08:57.676Z] [INFO   ] 2025-11-02T19:08:57.676Z [DEBUG] ✅ [API /api/integrations] Returning integrations {"count":14,"workspaceType":"personal"}
[2025-11-02T19:08:57.969Z] [INFO   ]  [37m[1m○[22m[39m Compiling /api/workflows ...
[2025-11-02T19:08:58.220Z] [INFO   ]  [32m[1m✓[22m[39m Compiled /api/workflows in 753ms (5734 modules)
[2025-11-02T19:08:58.307Z] [INFO   ] 2025-11-02T19:08:58.307Z [DEBUG] 📍 [API /api/integrations] GET request received {"timestamp":"2025-11-02T19:08:58.307Z","url":"http://localhost:3000/api/integrations"}
[2025-11-02T19:08:58.404Z] [INFO   ] 2025-11-02T19:08:58.404Z [DEBUG] ✅ [API /api/integrations] User authenticated {"userId":"a3e3a51a-175c-4b59-ad03-227ba12a18b0"}
[2025-11-02T19:08:58.404Z] [INFO   ] 2025-11-02T19:08:58.404Z [DEBUG] 🏠 [API /api/integrations] Workspace context {"workspaceType":"personal","workspaceId":null}
[2025-11-02T19:08:58.406Z] [INFO   ] 2025-11-02T19:08:58.406Z [DEBUG] [API /api/workflows] GET request {"filterContext":"ALL (unified view)","workspaceId":null,"userId":"a3e3a51a-175c-4b59-ad03-227ba12a18b0"}
[2025-11-02T19:08:58.492Z] [INFO   ] 2025-11-02T19:08:58.492Z [DEBUG] 📊 [API /api/integrations] Query result {"workspaceType":"personal","workspaceId":null,"count":14,"error":null}
[2025-11-02T19:08:58.493Z] [INFO   ] 2025-11-02T19:08:58.493Z [DEBUG] ✅ [API /api/integrations] Returning integrations {"count":14,"workspaceType":"personal"}
[2025-11-02T19:08:58.544Z] [INFO   ] 2025-11-02T19:08:58.544Z [DEBUG] [Middleware] Username check: {"path":"/workflows/v2/api/flows/ab89bf39-160c-4d6d-b1d6-47f31193f0ff/revisions","userId":"a3e3a51a-175c-4b59-ad03-227ba12a18b0","provider":"email","role":"free","username":"nstoddard17","hasUsername":true,"isBetaTester":false,"isNewBetaUser":false,"accountAge":13543851145}
[2025-11-02T19:08:58.545Z] [INFO   ] 2025-11-02T19:08:58.545Z [DEBUG] [Middleware] Username check: {"path":"/workflows/v2/api/flows/ab89bf39-160c-4d6d-b1d6-47f31193f0ff/revisions/67ede6e8-69da-473f-8bf9-807df259e5af","userId":"a3e3a51a-175c-4b59-ad03-227ba12a18b0","provider":"email","role":"free","username":"nstoddard17","hasUsername":true,"isBetaTester":false,"isNewBetaUser":false,"accountAge":13543851146}
[2025-11-02T19:08:58.550Z] [INFO   ] 2025-11-02T19:08:58.550Z [DEBUG] 📍 [API /api/integrations] GET request received {"timestamp":"2025-11-02T19:08:58.550Z","url":"http://localhost:3000/api/integrations"}
[2025-11-02T19:08:58.641Z] [INFO   ] 2025-11-02T19:08:58.641Z [DEBUG] ✅ [API /api/integrations] User authenticated {"userId":"a3e3a51a-175c-4b59-ad03-227ba12a18b0"}
[2025-11-02T19:08:58.641Z] [INFO   ] 2025-11-02T19:08:58.641Z [DEBUG] 🏠 [API /api/integrations] Workspace context {"workspaceType":"personal","workspaceId":null}
[2025-11-02T19:08:58.679Z] [INFO   ] 2025-11-02T19:08:58.679Z [DEBUG] [API /api/workflows] Query result {"filterContext":"ALL","count":13,"error":null}
[2025-11-02T19:08:58.795Z] [INFO   ] 2025-11-02T19:08:58.794Z [DEBUG] 📊 [API /api/integrations] Query result {"workspaceType":"personal","workspaceId":null,"count":14,"error":null}
[2025-11-02T19:08:58.795Z] [INFO   ] 2025-11-02T19:08:58.795Z [DEBUG] ✅ [API /api/integrations] Returning integrations {"count":14,"workspaceType":"personal"}
[2025-11-02T19:08:59.073Z] [INFO   ]  [32m[1m✓[22m[39m Compiled /workflows/v2/api/flows/[flowId]/revisions/[revisionId] in 440ms (5736 modules)
[2025-11-02T19:08:59.541Z] [INFO   ] 2025-11-02T19:08:59.541Z [DEBUG] [Middleware] Username check: {"path":"/workflows/v2/api/flows/ab89bf39-160c-4d6d-b1d6-47f31193f0ff/revisions","userId":"a3e3a51a-175c-4b59-ad03-227ba12a18b0","provider":"email","role":"free","username":"nstoddard17","hasUsername":true,"isBetaTester":false,"isNewBetaUser":false,"accountAge":13543852142}
[2025-11-02T19:08:59.922Z] [INFO   ] 2025-11-02T19:08:59.922Z [DEBUG] [Middleware] Username check: {"path":"/workflows/v2/api/flows/ab89bf39-160c-4d6d-b1d6-47f31193f0ff/revisions/67ede6e8-69da-473f-8bf9-807df259e5af","userId":"a3e3a51a-175c-4b59-ad03-227ba12a18b0","provider":"email","role":"free","username":"nstoddard17","hasUsername":true,"isBetaTester":false,"isNewBetaUser":false,"accountAge":13543852523}
[2025-11-02T19:09:00.498Z] [INFO   ]  [37m[1m○[22m[39m Compiling /api/workflows/[id]/chat ...
[2025-11-02T19:09:01.062Z] [INFO   ]  [32m[1m✓[22m[39m Compiled /api/workflows/[id]/chat in 1114ms (5738 modules)
[2025-11-02T19:09:01.141Z] [INFO   ] 2025-11-02T19:09:01.141Z [DEBUG] 📍 [API /api/integrations] GET request received {"timestamp":"2025-11-02T19:09:01.141Z","url":"http://localhost:3000/api/integrations"}
[2025-11-02T19:09:01.267Z] [INFO   ] 2025-11-02T19:09:01.267Z [DEBUG] ✅ [API /api/integrations] User authenticated {"userId":"a3e3a51a-175c-4b59-ad03-227ba12a18b0"}
[2025-11-02T19:09:01.268Z] [INFO   ] 2025-11-02T19:09:01.268Z [DEBUG] 🏠 [API /api/integrations] Workspace context {"workspaceType":"personal","workspaceId":null}
[2025-11-02T19:09:01.357Z] [INFO   ] 2025-11-02T19:09:01.357Z [DEBUG] 📊 [API /api/integrations] Query result {"workspaceType":"personal","workspaceId":null,"count":14,"error":null}
[2025-11-02T19:09:01.358Z] [INFO   ] 2025-11-02T19:09:01.357Z [DEBUG] ✅ [API /api/integrations] Returning integrations {"count":14,"workspaceType":"personal"}
[2025-11-02T19:09:01.437Z] [INFO   ] 2025-11-02T19:09:01.437Z [DEBUG] 📍 [API /api/integrations] GET request received {"timestamp":"2025-11-02T19:09:01.437Z","url":"http://localhost:3000/api/integrations"}
[2025-11-02T19:09:01.517Z] [INFO   ] 2025-11-02T19:09:01.516Z [DEBUG] ✅ [API /api/integrations] User authenticated {"userId":"a3e3a51a-175c-4b59-ad03-227ba12a18b0"}
[2025-11-02T19:09:01.517Z] [INFO   ] 2025-11-02T19:09:01.517Z [DEBUG] 🏠 [API /api/integrations] Workspace context {"workspaceType":"personal","workspaceId":null}
[2025-11-02T19:09:01.520Z] [INFO   ] 2025-11-02T19:09:01.520Z [DEBUG] [Middleware] Username check: {"path":"/workflows/v2/api/flows/ab89bf39-160c-4d6d-b1d6-47f31193f0ff/revisions/67ede6e8-69da-473f-8bf9-807df259e5af","userId":"a3e3a51a-175c-4b59-ad03-227ba12a18b0","provider":"email","role":"free","username":"nstoddard17","hasUsername":true,"isBetaTester":false,"isNewBetaUser":false,"accountAge":13543854121}
[2025-11-02T19:09:01.610Z] [INFO   ] 2025-11-02T19:09:01.610Z [DEBUG] 📊 [API /api/integrations] Query result {"workspaceType":"personal","workspaceId":null,"count":14,"error":null}
[2025-11-02T19:09:01.610Z] [INFO   ] 2025-11-02T19:09:01.610Z [DEBUG] ✅ [API /api/integrations] Returning integrations {"count":14,"workspaceType":"personal"}
[2025-11-02T19:09:01.930Z] [INFO   ] 2025-11-02T19:09:01.930Z [DEBUG] [Middleware] Username check: {"path":"/workflows/v2/api/flows/ab89bf39-160c-4d6d-b1d6-47f31193f0ff/edits","userId":"a3e3a51a-175c-4b59-ad03-227ba12a18b0","provider":"email","role":"free","username":"nstoddard17","hasUsername":true,"isBetaTester":false,"isNewBetaUser":false,"accountAge":13543854531}
[2025-11-02T19:09:02.463Z] [INFO   ]  [37m[1m○[22m[39m Compiling /workflows/v2/api/flows/[flowId]/edits ...
[2025-11-02T19:09:02.466Z] [INFO   ]  [32m[1m✓[22m[39m Compiled /workflows/v2/api/flows/[flowId]/edits in 507ms (5993 modules)
[2025-11-02T19:10:45.320Z] [INFO   ]  [32m[1m✓[22m[39m Compiled in 1470ms (5727 modules)
[2025-11-02T19:10:45.585Z] [INFO   ] 2025-11-02T19:10:45.585Z [DEBUG] [Middleware] Username check: {"path":"/workflows/builder/ab89bf39-160c-4d6d-b1d6-47f31193f0ff","userId":"a3e3a51a-175c-4b59-ad03-227ba12a18b0","provider":"email","role":"free","username":"nstoddard17","hasUsername":true,"isBetaTester":false,"isNewBetaUser":false,"accountAge":13543958186}
[2025-11-02T19:10:45.893Z] [INFO   ] 2025-11-02T19:10:45.893Z [DEBUG] [Username Check] {"userId":"a3e3a51a-175c-4b59-ad03-227ba12a18b0","hasEmail":true,"provider":"email","hasUsername":true,"isGoogleUser":false}
[2025-11-02T19:10:53.234Z] [INFO   ]  [32m[1m✓[22m[39m Compiled in 649ms (5727 modules)
[2025-11-02T19:10:53.467Z] [INFO   ] 2025-11-02T19:10:53.467Z [DEBUG] [Middleware] Username check: {"path":"/workflows/builder/ab89bf39-160c-4d6d-b1d6-47f31193f0ff","userId":"a3e3a51a-175c-4b59-ad03-227ba12a18b0","provider":"email","role":"free","username":"nstoddard17","hasUsername":true,"isBetaTester":false,"isNewBetaUser":false,"accountAge":13543966068}
[2025-11-02T19:10:53.745Z] [INFO   ] 2025-11-02T19:10:53.744Z [DEBUG] [Username Check] {"userId":"a3e3a51a-175c-4b59-ad03-227ba12a18b0","hasEmail":true,"provider":"email","hasUsername":true,"isGoogleUser":false}
[2025-11-02T19:13:55.983Z] [INFO   ]  [37m[1m○[22m[39m Compiling /api/presence/count ...
[2025-11-02T19:13:56.013Z] [INFO   ]  [32m[1m✓[22m[39m Compiled /api/presence/count in 663ms (4381 modules)
[2025-11-02T19:23:43.196Z] [INFO   ]  [32m[1m✓[22m[39m Compiled in 528ms (1352 modules)
[2025-11-02T19:23:43.527Z] [INFO   ] 2025-11-02T19:23:43.527Z [DEBUG] [Middleware] Username check: {"path":"/workflows/builder/ab89bf39-160c-4d6d-b1d6-47f31193f0ff","userId":"a3e3a51a-175c-4b59-ad03-227ba12a18b0","provider":"email","role":"free","username":"nstoddard17","hasUsername":true,"isBetaTester":false,"isNewBetaUser":false,"accountAge":13544736128}
[2025-11-02T19:23:43.689Z] [INFO   ] 2025-11-02T19:23:43.689Z [DEBUG] [Username Check] {"userId":"a3e3a51a-175c-4b59-ad03-227ba12a18b0","hasEmail":true,"provider":"email","hasUsername":true,"isGoogleUser":false}
[2025-11-02T19:24:03.688Z] [INFO   ]  [32m[1m✓[22m[39m Compiled in 330ms (1352 modules)
[2025-11-02T19:24:03.920Z] [INFO   ] 2025-11-02T19:24:03.920Z [DEBUG] [Middleware] Username check: {"path":"/workflows/builder/ab89bf39-160c-4d6d-b1d6-47f31193f0ff","userId":"a3e3a51a-175c-4b59-ad03-227ba12a18b0","provider":"email","role":"free","username":"nstoddard17","hasUsername":true,"isBetaTester":false,"isNewBetaUser":false,"accountAge":13544756521}
[2025-11-02T19:24:03.984Z] [INFO   ] 2025-11-02T19:24:03.984Z [DEBUG] [Username Check] {"userId":"a3e3a51a-175c-4b59-ad03-227ba12a18b0","hasEmail":true,"provider":"email","hasUsername":true,"isGoogleUser":false}
[2025-11-02T19:24:32.171Z] [INFO   ]  [32m[1m✓[22m[39m Compiled in 427ms (1352 modules)
[2025-11-02T19:24:32.456Z] [INFO   ] 2025-11-02T19:24:32.456Z [DEBUG] [Middleware] Username check: {"path":"/workflows/builder/ab89bf39-160c-4d6d-b1d6-47f31193f0ff","userId":"a3e3a51a-175c-4b59-ad03-227ba12a18b0","provider":"email","role":"free","username":"nstoddard17","hasUsername":true,"isBetaTester":false,"isNewBetaUser":false,"accountAge":13544785057}
[2025-11-02T19:24:32.528Z] [INFO   ] 2025-11-02T19:24:32.528Z [DEBUG] [Username Check] {"userId":"a3e3a51a-175c-4b59-ad03-227ba12a18b0","hasEmail":true,"provider":"email","hasUsername":true,"isGoogleUser":false}
[2025-11-02T19:26:36.817Z] [INFO   ]  [32m[1m✓[22m[39m Compiled in 1304ms (5727 modules)
[2025-11-02T19:26:36.862Z] [WARN   ]  [33m[1m⚠[22m[39m Fast Refresh had to perform a full reload. Read more: https://nextjs.org/docs/messages/fast-refresh-reload
[2025-11-02T19:26:37.081Z] [INFO   ] 2025-11-02T19:26:37.081Z [DEBUG] [Middleware] Username check: {"path":"/workflows/builder/ab89bf39-160c-4d6d-b1d6-47f31193f0ff","userId":"a3e3a51a-175c-4b59-ad03-227ba12a18b0","provider":"email","role":"free","username":"nstoddard17","hasUsername":true,"isBetaTester":false,"isNewBetaUser":false,"accountAge":13544909682}
[2025-11-02T19:26:37.103Z] [INFO   ] 2025-11-02T19:26:37.103Z [DEBUG] [Middleware] Username check: {"path":"/workflows/builder/ab89bf39-160c-4d6d-b1d6-47f31193f0ff","userId":"a3e3a51a-175c-4b59-ad03-227ba12a18b0","provider":"email","role":"free","username":"nstoddard17","hasUsername":true,"isBetaTester":false,"isNewBetaUser":false,"accountAge":13544909704}
[2025-11-02T19:26:37.366Z] [INFO   ] 2025-11-02T19:26:37.365Z [DEBUG] [Username Check] {"userId":"a3e3a51a-175c-4b59-ad03-227ba12a18b0","hasEmail":true,"provider":"email","hasUsername":true,"isGoogleUser":false}
[2025-11-02T19:26:37.506Z] [INFO   ] 2025-11-02T19:26:37.506Z [DEBUG] 💧 [AUTH] Rehydrating auth state from storage {"hasState":true,"hasUser":false,"initialized":false,"timestamp":"2025-11-02T19:26:37.506Z"}
[2025-11-02T19:26:37.512Z] [INFO   ] 2025-11-02T19:26:37.512Z [DEBUG] 💧 [AUTH] State hydrated and reset {"hasUser":false,"initialized":false,"timestamp":"2025-11-02T19:26:37.512Z"}
[2025-11-02T19:26:37.512Z] [INFO   ] 2025-11-02T19:26:37.512Z [DEBUG] ⏭️ [AUTH] Skipping initialization {"hasState":true,"alreadyInitialized":false,"isClient":false,"timestamp":"2025-11-02T19:26:37.512Z"}
[2025-11-02T19:26:37.814Z] [INFO   ] 2025-11-02T19:26:37.814Z [DEBUG] [Username Check] {"userId":"a3e3a51a-175c-4b59-ad03-227ba12a18b0","hasEmail":true,"provider":"email","hasUsername":true,"isGoogleUser":false}
[2025-11-02T19:26:39.104Z] [INFO   ]  [32m[1m✓[22m[39m Compiled /api/integrations in 477ms (4383 modules)
[2025-11-02T19:26:39.199Z] [INFO   ] 2025-11-02T19:26:39.199Z [DEBUG] [Middleware] Username check: {"path":"/workflows/v2/api/flows/ab89bf39-160c-4d6d-b1d6-47f31193f0ff/revisions","userId":"a3e3a51a-175c-4b59-ad03-227ba12a18b0","provider":"email","role":"free","username":"nstoddard17","hasUsername":true,"isBetaTester":false,"isNewBetaUser":false,"accountAge":13544911800}
[2025-11-02T19:26:39.493Z] [INFO   ]  [32m[1m✓[22m[39m Compiled /workflows/v2/api/flows/[flowId]/revisions in 0ms (4392 modules)
[2025-11-02T19:26:39.893Z] [INFO   ]  [32m[1m✓[22m[39m Compiled in 0ms (4394 modules)
[2025-11-02T19:26:40.146Z] [INFO   ]  [32m[1m✓[22m[39m Compiled in 0ms (4394 modules)
[2025-11-02T19:26:40.487Z] [INFO   ]  [32m[1m✓[22m[39m Compiled in 0ms (4394 modules)
[2025-11-02T19:26:40.547Z] [INFO   ] 2025-11-02T19:26:40.547Z [DEBUG] 📍 [API /api/integrations] GET request received {"timestamp":"2025-11-02T19:26:40.547Z","url":"http://localhost:3000/api/integrations?workspace_type=personal"}
[2025-11-02T19:26:40.639Z] [INFO   ] 2025-11-02T19:26:40.639Z [DEBUG] [API /api/workflows] GET request {"filterContext":"ALL (unified view)","workspaceId":null,"userId":"a3e3a51a-175c-4b59-ad03-227ba12a18b0"}
[2025-11-02T19:26:40.645Z] [INFO   ] 2025-11-02T19:26:40.645Z [DEBUG] ✅ [API /api/integrations] User authenticated {"userId":"a3e3a51a-175c-4b59-ad03-227ba12a18b0"}
[2025-11-02T19:26:40.645Z] [INFO   ] 2025-11-02T19:26:40.645Z [DEBUG] 🏠 [API /api/integrations] Workspace context {"workspaceType":"personal","workspaceId":null}
[2025-11-02T19:26:40.839Z] [INFO   ] 2025-11-02T19:26:40.839Z [DEBUG] 📊 [API /api/integrations] Query result {"workspaceType":"personal","workspaceId":null,"count":14,"error":null}
[2025-11-02T19:26:40.840Z] [INFO   ] 2025-11-02T19:26:40.840Z [DEBUG] ✅ [API /api/integrations] Returning integrations {"count":14,"workspaceType":"personal"}
[2025-11-02T19:26:40.845Z] [INFO   ]  [32m[1m✓[22m[39m Compiled in 0ms (4394 modules)
[2025-11-02T19:26:41.276Z] [INFO   ] 2025-11-02T19:26:41.276Z [DEBUG] [API /api/workflows] Query result {"filterContext":"ALL","count":13,"error":null}
[2025-11-02T19:26:41.356Z] [INFO   ] 2025-11-02T19:26:41.356Z [DEBUG] 📍 [API /api/integrations] GET request received {"timestamp":"2025-11-02T19:26:41.356Z","url":"http://localhost:3000/api/integrations"}
[2025-11-02T19:26:41.444Z] [INFO   ] 2025-11-02T19:26:41.444Z [DEBUG] ✅ [API /api/integrations] User authenticated {"userId":"a3e3a51a-175c-4b59-ad03-227ba12a18b0"}
[2025-11-02T19:26:41.444Z] [INFO   ] 2025-11-02T19:26:41.444Z [DEBUG] 🏠 [API /api/integrations] Workspace context {"workspaceType":"personal","workspaceId":null}
[2025-11-02T19:26:41.545Z] [INFO   ] 2025-11-02T19:26:41.545Z [DEBUG] 📊 [API /api/integrations] Query result {"workspaceType":"personal","workspaceId":null,"count":14,"error":null}
[2025-11-02T19:26:41.545Z] [INFO   ] 2025-11-02T19:26:41.545Z [DEBUG] ✅ [API /api/integrations] Returning integrations {"count":14,"workspaceType":"personal"}
[2025-11-02T19:26:41.606Z] [INFO   ] 2025-11-02T19:26:41.606Z [DEBUG] [Middleware] Username check: {"path":"/workflows/v2/api/flows/ab89bf39-160c-4d6d-b1d6-47f31193f0ff/revisions/67ede6e8-69da-473f-8bf9-807df259e5af","userId":"a3e3a51a-175c-4b59-ad03-227ba12a18b0","provider":"email","role":"free","username":"nstoddard17","hasUsername":true,"isBetaTester":false,"isNewBetaUser":false,"accountAge":13544914207}
[2025-11-02T19:26:41.607Z] [INFO   ] 2025-11-02T19:26:41.607Z [DEBUG] [Middleware] Username check: {"path":"/workflows/v2/api/flows/ab89bf39-160c-4d6d-b1d6-47f31193f0ff/revisions","userId":"a3e3a51a-175c-4b59-ad03-227ba12a18b0","provider":"email","role":"free","username":"nstoddard17","hasUsername":true,"isBetaTester":false,"isNewBetaUser":false,"accountAge":13544914208}
[2025-11-02T19:26:41.934Z] [INFO   ]  [32m[1m✓[22m[39m Compiled /workflows/v2/api/flows/[flowId]/revisions/[revisionId] in 487ms (4396 modules)
[2025-11-02T19:26:42.226Z] [INFO   ]  [32m[1m✓[22m[39m Compiled (4398 modules)
[2025-11-02T19:26:42.305Z] [INFO   ] 2025-11-02T19:26:42.305Z [DEBUG] 📍 [API /api/integrations] GET request received {"timestamp":"2025-11-02T19:26:42.305Z","url":"http://localhost:3000/api/integrations"}
[2025-11-02T19:26:42.389Z] [INFO   ] 2025-11-02T19:26:42.388Z [DEBUG] ✅ [API /api/integrations] User authenticated {"userId":"a3e3a51a-175c-4b59-ad03-227ba12a18b0"}
[2025-11-02T19:26:42.389Z] [INFO   ] 2025-11-02T19:26:42.389Z [DEBUG] 🏠 [API /api/integrations] Workspace context {"workspaceType":"personal","workspaceId":null}
[2025-11-02T19:26:42.471Z] [INFO   ] 2025-11-02T19:26:42.470Z [DEBUG] 📊 [API /api/integrations] Query result {"workspaceType":"personal","workspaceId":null,"count":14,"error":null}
[2025-11-02T19:26:42.471Z] [INFO   ] 2025-11-02T19:26:42.471Z [DEBUG] ✅ [API /api/integrations] Returning integrations {"count":14,"workspaceType":"personal"}
[2025-11-02T19:26:42.981Z] [INFO   ] 2025-11-02T19:26:42.981Z [DEBUG] [Middleware] Username check: {"path":"/workflows/v2/api/flows/ab89bf39-160c-4d6d-b1d6-47f31193f0ff/revisions/67ede6e8-69da-473f-8bf9-807df259e5af","userId":"a3e3a51a-175c-4b59-ad03-227ba12a18b0","provider":"email","role":"free","username":"nstoddard17","hasUsername":true,"isBetaTester":false,"isNewBetaUser":false,"accountAge":13544915582}
[2025-11-02T19:26:43.257Z] [INFO   ]  [37m[1m○[22m[39m Compiling /api/workflows/[id]/chat ...
[2025-11-02T19:26:43.438Z] [INFO   ]  [32m[1m✓[22m[39m Compiled /api/workflows/[id]/chat in 754ms (4400 modules)
[2025-11-02T19:26:44.438Z] [INFO   ]  [32m[1m✓[22m[39m Compiled in 633ms (5752 modules)
[2025-11-02T19:26:44.497Z] [INFO   ] 2025-11-02T19:26:44.497Z [DEBUG] 📍 [API /api/integrations] GET request received {"timestamp":"2025-11-02T19:26:44.497Z","url":"http://localhost:3000/api/integrations"}
[2025-11-02T19:26:44.603Z] [INFO   ] 2025-11-02T19:26:44.603Z [DEBUG] ✅ [API /api/integrations] User authenticated {"userId":"a3e3a51a-175c-4b59-ad03-227ba12a18b0"}
[2025-11-02T19:26:44.603Z] [INFO   ] 2025-11-02T19:26:44.603Z [DEBUG] 🏠 [API /api/integrations] Workspace context {"workspaceType":"personal","workspaceId":null}
[2025-11-02T19:26:44.605Z] [INFO   ] 2025-11-02T19:26:44.605Z [DEBUG] [Middleware] Username check: {"path":"/workflows/v2/api/flows/ab89bf39-160c-4d6d-b1d6-47f31193f0ff/edits","userId":"a3e3a51a-175c-4b59-ad03-227ba12a18b0","provider":"email","role":"free","username":"nstoddard17","hasUsername":true,"isBetaTester":false,"isNewBetaUser":false,"accountAge":13544917206}
[2025-11-02T19:26:44.690Z] [WARN   ]  [33m[1m⚠[22m[39m Fast Refresh had to perform a full reload. Read more: https://nextjs.org/docs/messages/fast-refresh-reload
[2025-11-02T19:26:44.714Z] [INFO   ] 2025-11-02T19:26:44.714Z [DEBUG] 📊 [API /api/integrations] Query result {"workspaceType":"personal","workspaceId":null,"count":14,"error":null}
[2025-11-02T19:26:44.715Z] [INFO   ] 2025-11-02T19:26:44.715Z [DEBUG] ✅ [API /api/integrations] Returning integrations {"count":14,"workspaceType":"personal"}
[2025-11-02T19:26:44.810Z] [INFO   ] 2025-11-02T19:26:44.810Z [DEBUG] [Middleware] Username check: {"path":"/workflows/builder/ab89bf39-160c-4d6d-b1d6-47f31193f0ff","userId":"a3e3a51a-175c-4b59-ad03-227ba12a18b0","provider":"email","role":"free","username":"nstoddard17","hasUsername":true,"isBetaTester":false,"isNewBetaUser":false,"accountAge":13544917411}
[2025-11-02T19:26:45.054Z] [INFO   ] 2025-11-02T19:26:45.054Z [DEBUG] [Middleware] Username check: {"path":"/workflows/builder/ab89bf39-160c-4d6d-b1d6-47f31193f0ff","userId":"a3e3a51a-175c-4b59-ad03-227ba12a18b0","provider":"email","role":"free","username":"nstoddard17","hasUsername":true,"isBetaTester":false,"isNewBetaUser":false,"accountAge":13544917655}
[2025-11-02T19:26:45.137Z] [INFO   ]  [37m[1m○[22m[39m Compiling /workflows/v2/api/flows/[flowId]/edits ...
[2025-11-02T19:26:45.350Z] [INFO   ]  [32m[1m✓[22m[39m Compiled /workflows/v2/api/flows/[flowId]/edits in 717ms (4655 modules)
[2025-11-02T19:26:45.837Z] [INFO   ] 2025-11-02T19:26:45.836Z [DEBUG] 📍 [API /api/integrations] GET request received {"timestamp":"2025-11-02T19:26:45.836Z","url":"http://localhost:3000/api/integrations"}
[2025-11-02T19:26:46.102Z] [INFO   ] 2025-11-02T19:26:46.102Z [DEBUG] 💧 [AUTH] Rehydrating auth state from storage {"hasState":true,"hasUser":false,"initialized":false,"timestamp":"2025-11-02T19:26:46.102Z"}
[2025-11-02T19:26:46.109Z] [INFO   ] 2025-11-02T19:26:46.109Z [DEBUG] 💧 [AUTH] State hydrated and reset {"hasUser":false,"initialized":false,"timestamp":"2025-11-02T19:26:46.109Z"}
[2025-11-02T19:26:46.109Z] [INFO   ] 2025-11-02T19:26:46.109Z [DEBUG] ⏭️ [AUTH] Skipping initialization {"hasState":true,"alreadyInitialized":false,"isClient":false,"timestamp":"2025-11-02T19:26:46.109Z"}
[2025-11-02T19:26:46.219Z] [INFO   ] 2025-11-02T19:26:46.219Z [DEBUG] [Username Check] {"userId":"a3e3a51a-175c-4b59-ad03-227ba12a18b0","hasEmail":true,"provider":"email","hasUsername":true,"isGoogleUser":false}
[2025-11-02T19:26:46.234Z] [INFO   ] 2025-11-02T19:26:46.234Z [DEBUG] ✅ [API /api/integrations] User authenticated {"userId":"a3e3a51a-175c-4b59-ad03-227ba12a18b0"}
[2025-11-02T19:26:46.234Z] [INFO   ] 2025-11-02T19:26:46.234Z [DEBUG] 🏠 [API /api/integrations] Workspace context {"workspaceType":"personal","workspaceId":null}
[2025-11-02T19:26:46.323Z] [INFO   ] 2025-11-02T19:26:46.323Z [DEBUG] 📊 [API /api/integrations] Query result {"workspaceType":"personal","workspaceId":null,"count":14,"error":null}
[2025-11-02T19:26:46.324Z] [INFO   ] 2025-11-02T19:26:46.324Z [DEBUG] ✅ [API /api/integrations] Returning integrations {"count":14,"workspaceType":"personal"}
[2025-11-02T19:26:46.397Z] [INFO   ] 2025-11-02T19:26:46.397Z [DEBUG] [Username Check] {"userId":"a3e3a51a-175c-4b59-ad03-227ba12a18b0","hasEmail":true,"provider":"email","hasUsername":true,"isGoogleUser":false}
[2025-11-02T19:26:47.619Z] [INFO   ] 2025-11-02T19:26:47.619Z [DEBUG] [Middleware] Username check: {"path":"/workflows/v2/api/flows/ab89bf39-160c-4d6d-b1d6-47f31193f0ff/revisions","userId":"a3e3a51a-175c-4b59-ad03-227ba12a18b0","provider":"email","role":"free","username":"nstoddard17","hasUsername":true,"isBetaTester":false,"isNewBetaUser":false,"accountAge":13544920220}
[2025-11-02T19:26:47.693Z] [INFO   ] 2025-11-02T19:26:47.693Z [DEBUG] 📍 [API /api/integrations] GET request received {"timestamp":"2025-11-02T19:26:47.693Z","url":"http://localhost:3000/api/integrations?workspace_type=personal"}
[2025-11-02T19:26:47.792Z] [INFO   ] 2025-11-02T19:26:47.792Z [DEBUG] [API /api/workflows] GET request {"filterContext":"ALL (unified view)","workspaceId":null,"userId":"a3e3a51a-175c-4b59-ad03-227ba12a18b0"}
[2025-11-02T19:26:47.794Z] [INFO   ] 2025-11-02T19:26:47.794Z [DEBUG] ✅ [API /api/integrations] User authenticated {"userId":"a3e3a51a-175c-4b59-ad03-227ba12a18b0"}
[2025-11-02T19:26:47.794Z] [INFO   ] 2025-11-02T19:26:47.794Z [DEBUG] 🏠 [API /api/integrations] Workspace context {"workspaceType":"personal","workspaceId":null}
[2025-11-02T19:26:47.879Z] [INFO   ] 2025-11-02T19:26:47.879Z [DEBUG] 📊 [API /api/integrations] Query result {"workspaceType":"personal","workspaceId":null,"count":14,"error":null}
[2025-11-02T19:26:47.879Z] [INFO   ] 2025-11-02T19:26:47.879Z [DEBUG] ✅ [API /api/integrations] Returning integrations {"count":14,"workspaceType":"personal"}
[2025-11-02T19:26:48.117Z] [INFO   ] 2025-11-02T19:26:48.117Z [DEBUG] [API /api/workflows] Query result {"filterContext":"ALL","count":13,"error":null}
[2025-11-02T19:26:48.142Z] [INFO   ] 2025-11-02T19:26:48.142Z [DEBUG] [Middleware] Username check: {"path":"/workflows/v2/api/flows/ab89bf39-160c-4d6d-b1d6-47f31193f0ff/revisions/67ede6e8-69da-473f-8bf9-807df259e5af","userId":"a3e3a51a-175c-4b59-ad03-227ba12a18b0","provider":"email","role":"free","username":"nstoddard17","hasUsername":true,"isBetaTester":false,"isNewBetaUser":false,"accountAge":13544920743}
[2025-11-02T19:26:48.638Z] [INFO   ] 2025-11-02T19:26:48.638Z [DEBUG] 📍 [API /api/integrations] GET request received {"timestamp":"2025-11-02T19:26:48.638Z","url":"http://localhost:3000/api/integrations"}
[2025-11-02T19:26:48.714Z] [INFO   ] 2025-11-02T19:26:48.714Z [DEBUG] ✅ [API /api/integrations] User authenticated {"userId":"a3e3a51a-175c-4b59-ad03-227ba12a18b0"}
[2025-11-02T19:26:48.715Z] [INFO   ] 2025-11-02T19:26:48.715Z [DEBUG] 🏠 [API /api/integrations] Workspace context {"workspaceType":"personal","workspaceId":null}
[2025-11-02T19:26:48.797Z] [INFO   ] 2025-11-02T19:26:48.797Z [DEBUG] 📊 [API /api/integrations] Query result {"workspaceType":"personal","workspaceId":null,"count":14,"error":null}
[2025-11-02T19:26:48.798Z] [INFO   ] 2025-11-02T19:26:48.798Z [DEBUG] ✅ [API /api/integrations] Returning integrations {"count":14,"workspaceType":"personal"}
[2025-11-02T19:26:48.853Z] [INFO   ] 2025-11-02T19:26:48.853Z [DEBUG] 📍 [API /api/integrations] GET request received {"timestamp":"2025-11-02T19:26:48.853Z","url":"http://localhost:3000/api/integrations"}
[2025-11-02T19:26:48.938Z] [INFO   ] 2025-11-02T19:26:48.938Z [DEBUG] ✅ [API /api/integrations] User authenticated {"userId":"a3e3a51a-175c-4b59-ad03-227ba12a18b0"}
[2025-11-02T19:26:48.942Z] [INFO   ] 2025-11-02T19:26:48.942Z [DEBUG] 🏠 [API /api/integrations] Workspace context {"workspaceType":"personal","workspaceId":null}
[2025-11-02T19:26:49.034Z] [INFO   ] 2025-11-02T19:26:49.034Z [DEBUG] 📊 [API /api/integrations] Query result {"workspaceType":"personal","workspaceId":null,"count":14,"error":null}
[2025-11-02T19:26:49.034Z] [INFO   ] 2025-11-02T19:26:49.034Z [DEBUG] ✅ [API /api/integrations] Returning integrations {"count":14,"workspaceType":"personal"}
[2025-11-02T19:26:52.069Z] [INFO   ]  [32m[1m✓[22m[39m Compiled in 717ms (6007 modules)
[2025-11-02T19:26:52.095Z] [WARN   ]  [33m[1m⚠[22m[39m Fast Refresh had to perform a full reload. Read more: https://nextjs.org/docs/messages/fast-refresh-reload
[2025-11-02T19:26:52.223Z] [INFO   ] 2025-11-02T19:26:52.223Z [DEBUG] [Middleware] Username check: {"path":"/workflows/builder/ab89bf39-160c-4d6d-b1d6-47f31193f0ff","userId":"a3e3a51a-175c-4b59-ad03-227ba12a18b0","provider":"email","role":"free","username":"nstoddard17","hasUsername":true,"isBetaTester":false,"isNewBetaUser":false,"accountAge":13544924824}
[2025-11-02T19:26:52.290Z] [INFO   ] 2025-11-02T19:26:52.290Z [DEBUG] [Middleware] Username check: {"path":"/workflows/builder/ab89bf39-160c-4d6d-b1d6-47f31193f0ff","userId":"a3e3a51a-175c-4b59-ad03-227ba12a18b0","provider":"email","role":"free","username":"nstoddard17","hasUsername":true,"isBetaTester":false,"isNewBetaUser":false,"accountAge":13544924891}
[2025-11-02T19:26:52.483Z] [INFO   ] 2025-11-02T19:26:52.482Z [DEBUG] [Username Check] {"userId":"a3e3a51a-175c-4b59-ad03-227ba12a18b0","hasEmail":true,"provider":"email","hasUsername":true,"isGoogleUser":false}
[2025-11-02T19:26:52.620Z] [INFO   ] 2025-11-02T19:26:52.620Z [DEBUG] 💧 [AUTH] Rehydrating auth state from storage {"hasState":true,"hasUser":false,"initialized":false,"timestamp":"2025-11-02T19:26:52.620Z"}
[2025-11-02T19:26:52.626Z] [INFO   ] 2025-11-02T19:26:52.626Z [DEBUG] 💧 [AUTH] State hydrated and reset {"hasUser":false,"initialized":false,"timestamp":"2025-11-02T19:26:52.626Z"}
[2025-11-02T19:26:52.626Z] [INFO   ] 2025-11-02T19:26:52.626Z [DEBUG] ⏭️ [AUTH] Skipping initialization {"hasState":true,"alreadyInitialized":false,"isClient":false,"timestamp":"2025-11-02T19:26:52.626Z"}
[2025-11-02T19:26:52.894Z] [INFO   ] 2025-11-02T19:26:52.894Z [DEBUG] [Username Check] {"userId":"a3e3a51a-175c-4b59-ad03-227ba12a18b0","hasEmail":true,"provider":"email","hasUsername":true,"isGoogleUser":false}
[2025-11-02T19:26:53.974Z] [INFO   ] 2025-11-02T19:26:53.974Z [DEBUG] 📍 [API /api/integrations] GET request received {"timestamp":"2025-11-02T19:26:53.974Z","url":"http://localhost:3000/api/integrations?workspace_type=personal"}
[2025-11-02T19:26:54.114Z] [INFO   ] 2025-11-02T19:26:54.114Z [DEBUG] ✅ [API /api/integrations] User authenticated {"userId":"a3e3a51a-175c-4b59-ad03-227ba12a18b0"}
[2025-11-02T19:26:54.115Z] [INFO   ] 2025-11-02T19:26:54.115Z [DEBUG] 🏠 [API /api/integrations] Workspace context {"workspaceType":"personal","workspaceId":null}
[2025-11-02T19:26:54.116Z] [INFO   ] 2025-11-02T19:26:54.116Z [DEBUG] [API /api/workflows] GET request {"filterContext":"ALL (unified view)","workspaceId":null,"userId":"a3e3a51a-175c-4b59-ad03-227ba12a18b0"}
[2025-11-02T19:26:54.202Z] [INFO   ] 2025-11-02T19:26:54.202Z [DEBUG] [Middleware] Username check: {"path":"/workflows/v2/api/flows/ab89bf39-160c-4d6d-b1d6-47f31193f0ff/revisions","userId":"a3e3a51a-175c-4b59-ad03-227ba12a18b0","provider":"email","role":"free","username":"nstoddard17","hasUsername":true,"isBetaTester":false,"isNewBetaUser":false,"accountAge":13544926803}
[2025-11-02T19:26:54.235Z] [INFO   ] 2025-11-02T19:26:54.235Z [DEBUG] 📊 [API /api/integrations] Query result {"workspaceType":"personal","workspaceId":null,"count":14,"error":null}
[2025-11-02T19:26:54.235Z] [INFO   ] 2025-11-02T19:26:54.235Z [DEBUG] ✅ [API /api/integrations] Returning integrations {"count":14,"workspaceType":"personal"}
[2025-11-02T19:26:54.440Z] [INFO   ] 2025-11-02T19:26:54.440Z [DEBUG] [API /api/workflows] Query result {"filterContext":"ALL","count":13,"error":null}
[2025-11-02T19:26:54.700Z] [INFO   ] 2025-11-02T19:26:54.700Z [DEBUG] [Middleware] Username check: {"path":"/workflows/v2/api/flows/ab89bf39-160c-4d6d-b1d6-47f31193f0ff/revisions/67ede6e8-69da-473f-8bf9-807df259e5af","userId":"a3e3a51a-175c-4b59-ad03-227ba12a18b0","provider":"email","role":"free","username":"nstoddard17","hasUsername":true,"isBetaTester":false,"isNewBetaUser":false,"accountAge":13544927301}
[2025-11-02T19:26:55.262Z] [INFO   ] 2025-11-02T19:26:55.262Z [DEBUG] 📍 [API /api/integrations] GET request received {"timestamp":"2025-11-02T19:26:55.262Z","url":"http://localhost:3000/api/integrations"}
[2025-11-02T19:26:55.355Z] [INFO   ] 2025-11-02T19:26:55.355Z [DEBUG] ✅ [API /api/integrations] User authenticated {"userId":"a3e3a51a-175c-4b59-ad03-227ba12a18b0"}
[2025-11-02T19:26:55.355Z] [INFO   ] 2025-11-02T19:26:55.355Z [DEBUG] 🏠 [API /api/integrations] Workspace context {"workspaceType":"personal","workspaceId":null}
[2025-11-02T19:26:55.436Z] [INFO   ] 2025-11-02T19:26:55.436Z [DEBUG] 📊 [API /api/integrations] Query result {"workspaceType":"personal","workspaceId":null,"count":14,"error":null}
[2025-11-02T19:26:55.436Z] [INFO   ] 2025-11-02T19:26:55.436Z [DEBUG] ✅ [API /api/integrations] Returning integrations {"count":14,"workspaceType":"personal"}
[2025-11-02T19:26:55.489Z] [INFO   ] 2025-11-02T19:26:55.489Z [DEBUG] 📍 [API /api/integrations] GET request received {"timestamp":"2025-11-02T19:26:55.489Z","url":"http://localhost:3000/api/integrations"}
[2025-11-02T19:26:55.575Z] [INFO   ] 2025-11-02T19:26:55.575Z [DEBUG] ✅ [API /api/integrations] User authenticated {"userId":"a3e3a51a-175c-4b59-ad03-227ba12a18b0"}
[2025-11-02T19:26:55.575Z] [INFO   ] 2025-11-02T19:26:55.575Z [DEBUG] 🏠 [API /api/integrations] Workspace context {"workspaceType":"personal","workspaceId":null}
[2025-11-02T19:26:55.651Z] [INFO   ] 2025-11-02T19:26:55.650Z [DEBUG] 📊 [API /api/integrations] Query result {"workspaceType":"personal","workspaceId":null,"count":14,"error":null}
[2025-11-02T19:26:55.651Z] [INFO   ] 2025-11-02T19:26:55.651Z [DEBUG] ✅ [API /api/integrations] Returning integrations {"count":14,"workspaceType":"personal"}
[2025-11-02T19:26:59.433Z] [INFO   ]  [32m[1m✓[22m[39m Compiled in 804ms (6007 modules)
[2025-11-02T19:26:59.456Z] [WARN   ]  [33m[1m⚠[22m[39m Fast Refresh had to perform a full reload. Read more: https://nextjs.org/docs/messages/fast-refresh-reload
[2025-11-02T19:26:59.520Z] [INFO   ] 2025-11-02T19:26:59.520Z [DEBUG] [Middleware] Username check: {"path":"/workflows/v2/api/flows/ab89bf39-160c-4d6d-b1d6-47f31193f0ff/edits","userId":"a3e3a51a-175c-4b59-ad03-227ba12a18b0","provider":"email","role":"free","username":"nstoddard17","hasUsername":true,"isBetaTester":false,"isNewBetaUser":false,"accountAge":13544932121}
[2025-11-02T19:26:59.725Z] [INFO   ] 2025-11-02T19:26:59.725Z [DEBUG] [Middleware] Username check: {"path":"/workflows/builder/ab89bf39-160c-4d6d-b1d6-47f31193f0ff","userId":"a3e3a51a-175c-4b59-ad03-227ba12a18b0","provider":"email","role":"free","username":"nstoddard17","hasUsername":true,"isBetaTester":false,"isNewBetaUser":false,"accountAge":13544932326}
[2025-11-02T19:26:59.899Z] [INFO   ] 2025-11-02T19:26:59.899Z [DEBUG] 💧 [AUTH] Rehydrating auth state from storage {"hasState":true,"hasUser":false,"initialized":false,"timestamp":"2025-11-02T19:26:59.899Z"}
[2025-11-02T19:26:59.905Z] [INFO   ] 2025-11-02T19:26:59.905Z [DEBUG] 💧 [AUTH] State hydrated and reset {"hasUser":false,"initialized":false,"timestamp":"2025-11-02T19:26:59.905Z"}
[2025-11-02T19:26:59.905Z] [INFO   ] 2025-11-02T19:26:59.905Z [DEBUG] ⏭️ [AUTH] Skipping initialization {"hasState":true,"alreadyInitialized":false,"isClient":false,"timestamp":"2025-11-02T19:26:59.905Z"}
[2025-11-02T19:27:00.062Z] [INFO   ] 2025-11-02T19:27:00.062Z [DEBUG] [Middleware] Username check: {"path":"/workflows/builder/ab89bf39-160c-4d6d-b1d6-47f31193f0ff","userId":"a3e3a51a-175c-4b59-ad03-227ba12a18b0","provider":"email","role":"free","username":"nstoddard17","hasUsername":true,"isBetaTester":false,"isNewBetaUser":false,"accountAge":13544932663}
[2025-11-02T19:27:00.290Z] [INFO   ] 2025-11-02T19:27:00.290Z [DEBUG] [Username Check] {"userId":"a3e3a51a-175c-4b59-ad03-227ba12a18b0","hasEmail":true,"provider":"email","hasUsername":true,"isGoogleUser":false}
[2025-11-02T19:27:00.301Z] [INFO   ] 2025-11-02T19:27:00.301Z [DEBUG] [Username Check] {"userId":"a3e3a51a-175c-4b59-ad03-227ba12a18b0","hasEmail":true,"provider":"email","hasUsername":true,"isGoogleUser":false}
[2025-11-02T19:27:01.973Z] [INFO   ] 2025-11-02T19:27:01.973Z [DEBUG] 📍 [API /api/integrations] GET request received {"timestamp":"2025-11-02T19:27:01.973Z","url":"http://localhost:3000/api/integrations?workspace_type=personal"}
[2025-11-02T19:27:02.033Z] [INFO   ] 2025-11-02T19:27:02.033Z [DEBUG] 📍 [API /api/integrations] GET request received {"timestamp":"2025-11-02T19:27:02.033Z","url":"http://localhost:3000/api/integrations"}
[2025-11-02T19:27:02.064Z] [INFO   ] 2025-11-02T19:27:02.064Z [DEBUG] [Middleware] Username check: {"path":"/workflows/v2/api/flows/ab89bf39-160c-4d6d-b1d6-47f31193f0ff/revisions","userId":"a3e3a51a-175c-4b59-ad03-227ba12a18b0","provider":"email","role":"free","username":"nstoddard17","hasUsername":true,"isBetaTester":false,"isNewBetaUser":false,"accountAge":13544934665}
[2025-11-02T19:27:02.090Z] [INFO   ] 2025-11-02T19:27:02.090Z [DEBUG] [API /api/workflows] GET request {"filterContext":"ALL (unified view)","workspaceId":null,"userId":"a3e3a51a-175c-4b59-ad03-227ba12a18b0"}
[2025-11-02T19:27:02.128Z] [INFO   ] 2025-11-02T19:27:02.128Z [DEBUG] ✅ [API /api/integrations] User authenticated {"userId":"a3e3a51a-175c-4b59-ad03-227ba12a18b0"}
[2025-11-02T19:27:02.128Z] [INFO   ] 2025-11-02T19:27:02.128Z [DEBUG] 🏠 [API /api/integrations] Workspace context {"workspaceType":"personal","workspaceId":null}
[2025-11-02T19:27:02.175Z] [INFO   ] 2025-11-02T19:27:02.174Z [DEBUG] ✅ [API /api/integrations] User authenticated {"userId":"a3e3a51a-175c-4b59-ad03-227ba12a18b0"}
[2025-11-02T19:27:02.175Z] [INFO   ] 2025-11-02T19:27:02.175Z [DEBUG] 🏠 [API /api/integrations] Workspace context {"workspaceType":"personal","workspaceId":null}
[2025-11-02T19:27:02.214Z] [INFO   ] 2025-11-02T19:27:02.214Z [DEBUG] 📊 [API /api/integrations] Query result {"workspaceType":"personal","workspaceId":null,"count":14,"error":null}
[2025-11-02T19:27:02.214Z] [INFO   ] 2025-11-02T19:27:02.214Z [DEBUG] ✅ [API /api/integrations] Returning integrations {"count":14,"workspaceType":"personal"}
[2025-11-02T19:27:02.267Z] [INFO   ] 2025-11-02T19:27:02.267Z [DEBUG] 📊 [API /api/integrations] Query result {"workspaceType":"personal","workspaceId":null,"count":14,"error":null}
[2025-11-02T19:27:02.267Z] [INFO   ] 2025-11-02T19:27:02.267Z [DEBUG] ✅ [API /api/integrations] Returning integrations {"count":14,"workspaceType":"personal"}
[2025-11-02T19:27:02.338Z] [INFO   ] 2025-11-02T19:27:02.338Z [DEBUG] 📍 [API /api/integrations] GET request received {"timestamp":"2025-11-02T19:27:02.338Z","url":"http://localhost:3000/api/integrations"}
[2025-11-02T19:27:02.388Z] [INFO   ] 2025-11-02T19:27:02.388Z [DEBUG] [API /api/workflows] Query result {"filterContext":"ALL","count":13,"error":null}
[2025-11-02T19:27:02.419Z] [INFO   ] 2025-11-02T19:27:02.419Z [DEBUG] ✅ [API /api/integrations] User authenticated {"userId":"a3e3a51a-175c-4b59-ad03-227ba12a18b0"}
[2025-11-02T19:27:02.419Z] [INFO   ] 2025-11-02T19:27:02.419Z [DEBUG] 🏠 [API /api/integrations] Workspace context {"workspaceType":"personal","workspaceId":null}
[2025-11-02T19:27:02.498Z] [INFO   ] 2025-11-02T19:27:02.498Z [DEBUG] 📊 [API /api/integrations] Query result {"workspaceType":"personal","workspaceId":null,"count":14,"error":null}
[2025-11-02T19:27:02.499Z] [INFO   ] 2025-11-02T19:27:02.499Z [DEBUG] ✅ [API /api/integrations] Returning integrations {"count":14,"workspaceType":"personal"}
[2025-11-02T19:27:02.536Z] [INFO   ] 2025-11-02T19:27:02.535Z [DEBUG] [Middleware] Username check: {"path":"/workflows/v2/api/flows/ab89bf39-160c-4d6d-b1d6-47f31193f0ff/revisions/67ede6e8-69da-473f-8bf9-807df259e5af","userId":"a3e3a51a-175c-4b59-ad03-227ba12a18b0","provider":"email","role":"free","username":"nstoddard17","hasUsername":true,"isBetaTester":false,"isNewBetaUser":false,"accountAge":13544935136}
[2025-11-02T19:27:02.561Z] [INFO   ] 2025-11-02T19:27:02.561Z [DEBUG] [Middleware] Username check: {"path":"/workflows/v2/api/flows/ab89bf39-160c-4d6d-b1d6-47f31193f0ff/revisions","userId":"a3e3a51a-175c-4b59-ad03-227ba12a18b0","provider":"email","role":"free","username":"nstoddard17","hasUsername":true,"isBetaTester":false,"isNewBetaUser":false,"accountAge":13544935162}
[2025-11-02T19:27:03.083Z] [INFO   ] 2025-11-02T19:27:03.083Z [DEBUG] 📍 [API /api/integrations] GET request received {"timestamp":"2025-11-02T19:27:03.083Z","url":"http://localhost:3000/api/integrations"}
[2025-11-02T19:27:03.162Z] [INFO   ] 2025-11-02T19:27:03.162Z [DEBUG] ✅ [API /api/integrations] User authenticated {"userId":"a3e3a51a-175c-4b59-ad03-227ba12a18b0"}
[2025-11-02T19:27:03.163Z] [INFO   ] 2025-11-02T19:27:03.163Z [DEBUG] 🏠 [API /api/integrations] Workspace context {"workspaceType":"personal","workspaceId":null}
[2025-11-02T19:27:03.201Z] [INFO   ] 2025-11-02T19:27:03.201Z [DEBUG] [Middleware] Username check: {"path":"/workflows/v2/api/flows/ab89bf39-160c-4d6d-b1d6-47f31193f0ff/revisions/67ede6e8-69da-473f-8bf9-807df259e5af","userId":"a3e3a51a-175c-4b59-ad03-227ba12a18b0","provider":"email","role":"free","username":"nstoddard17","hasUsername":true,"isBetaTester":false,"isNewBetaUser":false,"accountAge":13544935802}
[2025-11-02T19:27:03.244Z] [INFO   ] 2025-11-02T19:27:03.244Z [DEBUG] 📊 [API /api/integrations] Query result {"workspaceType":"personal","workspaceId":null,"count":14,"error":null}
[2025-11-02T19:27:03.245Z] [INFO   ] 2025-11-02T19:27:03.245Z [DEBUG] ✅ [API /api/integrations] Returning integrations {"count":14,"workspaceType":"personal"}
[2025-11-02T19:27:03.301Z] [INFO   ] 2025-11-02T19:27:03.301Z [DEBUG] 📍 [API /api/integrations] GET request received {"timestamp":"2025-11-02T19:27:03.301Z","url":"http://localhost:3000/api/integrations"}
[2025-11-02T19:27:03.386Z] [INFO   ] 2025-11-02T19:27:03.386Z [DEBUG] ✅ [API /api/integrations] User authenticated {"userId":"a3e3a51a-175c-4b59-ad03-227ba12a18b0"}
[2025-11-02T19:27:03.387Z] [INFO   ] 2025-11-02T19:27:03.387Z [DEBUG] 🏠 [API /api/integrations] Workspace context {"workspaceType":"personal","workspaceId":null}
[2025-11-02T19:27:03.466Z] [INFO   ] 2025-11-02T19:27:03.466Z [DEBUG] 📊 [API /api/integrations] Query result {"workspaceType":"personal","workspaceId":null,"count":14,"error":null}
[2025-11-02T19:27:03.466Z] [INFO   ] 2025-11-02T19:27:03.466Z [DEBUG] ✅ [API /api/integrations] Returning integrations {"count":14,"workspaceType":"personal"}
[2025-11-02T19:27:07.436Z] [INFO   ] 2025-11-02T19:27:07.436Z [DEBUG] [Middleware] Username check: {"path":"/workflows/v2/api/flows/ab89bf39-160c-4d6d-b1d6-47f31193f0ff/edits","userId":"a3e3a51a-175c-4b59-ad03-227ba12a18b0","provider":"email","role":"free","username":"nstoddard17","hasUsername":true,"isBetaTester":false,"isNewBetaUser":false,"accountAge":13544940037}
[2025-11-02T19:27:29.821Z] [INFO   ]  [32m[1m✓[22m[39m Compiled in 414ms (1352 modules)
[2025-11-02T19:27:30.051Z] [INFO   ] 2025-11-02T19:27:30.051Z [DEBUG] [Middleware] Username check: {"path":"/workflows/builder/ab89bf39-160c-4d6d-b1d6-47f31193f0ff","userId":"a3e3a51a-175c-4b59-ad03-227ba12a18b0","provider":"email","role":"free","username":"nstoddard17","hasUsername":true,"isBetaTester":false,"isNewBetaUser":false,"accountAge":13544962652}
[2025-11-02T19:27:30.123Z] [INFO   ] 2025-11-02T19:27:30.123Z [DEBUG] [Username Check] {"userId":"a3e3a51a-175c-4b59-ad03-227ba12a18b0","hasEmail":true,"provider":"email","hasUsername":true,"isGoogleUser":false}
[2025-11-02T19:39:56.591Z] [INFO   ]  [32m[1m✓[22m[39m Compiled in 1074ms (1352 modules)
[2025-11-02T19:39:56.968Z] [INFO   ] 2025-11-02T19:39:56.968Z [DEBUG] [Middleware] Username check: {"path":"/workflows/builder/ab89bf39-160c-4d6d-b1d6-47f31193f0ff","userId":"a3e3a51a-175c-4b59-ad03-227ba12a18b0","provider":"email","role":"free","username":"nstoddard17","hasUsername":true,"isBetaTester":false,"isNewBetaUser":false,"accountAge":13545709569}
[2025-11-02T19:39:57.065Z] [INFO   ] 2025-11-02T19:39:57.065Z [DEBUG] [Username Check] {"userId":"a3e3a51a-175c-4b59-ad03-227ba12a18b0","hasEmail":true,"provider":"email","hasUsername":true,"isGoogleUser":false}
[2025-11-02T19:40:06.001Z] [INFO   ]  [32m[1m✓[22m[39m Compiled in 399ms (1352 modules)
[2025-11-02T19:40:06.201Z] [INFO   ] 2025-11-02T19:40:06.201Z [DEBUG] [Middleware] Username check: {"path":"/workflows/builder/ab89bf39-160c-4d6d-b1d6-47f31193f0ff","userId":"a3e3a51a-175c-4b59-ad03-227ba12a18b0","provider":"email","role":"free","username":"nstoddard17","hasUsername":true,"isBetaTester":false,"isNewBetaUser":false,"accountAge":13545718802}
[2025-11-02T19:40:06.278Z] [INFO   ] 2025-11-02T19:40:06.278Z [DEBUG] [Username Check] {"userId":"a3e3a51a-175c-4b59-ad03-227ba12a18b0","hasEmail":true,"provider":"email","hasUsername":true,"isGoogleUser":false}
[2025-11-02T19:40:28.012Z] [INFO   ]  [32m[1m✓[22m[39m Compiled in 520ms (1352 modules)
[2025-11-02T19:40:28.291Z] [INFO   ] 2025-11-02T19:40:28.291Z [DEBUG] [Middleware] Username check: {"path":"/workflows/builder/ab89bf39-160c-4d6d-b1d6-47f31193f0ff","userId":"a3e3a51a-175c-4b59-ad03-227ba12a18b0","provider":"email","role":"free","username":"nstoddard17","hasUsername":true,"isBetaTester":false,"isNewBetaUser":false,"accountAge":13545740892}
[2025-11-02T19:40:28.363Z] [INFO   ] 2025-11-02T19:40:28.363Z [DEBUG] [Username Check] {"userId":"a3e3a51a-175c-4b59-ad03-227ba12a18b0","hasEmail":true,"provider":"email","hasUsername":true,"isGoogleUser":false}
[2025-11-02T19:40:44.304Z] [INFO   ]  [32m[1m✓[22m[39m Compiled in 360ms (1352 modules)
[2025-11-02T19:40:44.528Z] [INFO   ] 2025-11-02T19:40:44.528Z [DEBUG] [Middleware] Username check: {"path":"/workflows/builder/ab89bf39-160c-4d6d-b1d6-47f31193f0ff","userId":"a3e3a51a-175c-4b59-ad03-227ba12a18b0","provider":"email","role":"free","username":"nstoddard17","hasUsername":true,"isBetaTester":false,"isNewBetaUser":false,"accountAge":13545757129}
[2025-11-02T19:40:44.595Z] [INFO   ] 2025-11-02T19:40:44.595Z [DEBUG] [Username Check] {"userId":"a3e3a51a-175c-4b59-ad03-227ba12a18b0","hasEmail":true,"provider":"email","hasUsername":true,"isGoogleUser":false}
[2025-11-02T19:43:26.203Z] [INFO   ]  [32m[1m✓[22m[39m Compiled in 483ms (1352 modules)
[2025-11-02T19:43:26.497Z] [INFO   ] 2025-11-02T19:43:26.497Z [DEBUG] [Middleware] Username check: {"path":"/workflows/builder/ab89bf39-160c-4d6d-b1d6-47f31193f0ff","userId":"a3e3a51a-175c-4b59-ad03-227ba12a18b0","provider":"email","role":"free","username":"nstoddard17","hasUsername":true,"isBetaTester":false,"isNewBetaUser":false,"accountAge":13545919098}
[2025-11-02T19:43:26.572Z] [INFO   ] 2025-11-02T19:43:26.572Z [DEBUG] [Username Check] {"userId":"a3e3a51a-175c-4b59-ad03-227ba12a18b0","hasEmail":true,"provider":"email","hasUsername":true,"isGoogleUser":false}
[2025-11-02T19:43:41.175Z] [INFO   ]  [32m[1m✓[22m[39m Compiled in 390ms (1352 modules)
[2025-11-02T19:43:41.405Z] [INFO   ] 2025-11-02T19:43:41.405Z [DEBUG] [Middleware] Username check: {"path":"/workflows/builder/ab89bf39-160c-4d6d-b1d6-47f31193f0ff","userId":"a3e3a51a-175c-4b59-ad03-227ba12a18b0","provider":"email","role":"free","username":"nstoddard17","hasUsername":true,"isBetaTester":false,"isNewBetaUser":false,"accountAge":13545934006}
[2025-11-02T19:43:41.464Z] [INFO   ] 2025-11-02T19:43:41.464Z [DEBUG] [Username Check] {"userId":"a3e3a51a-175c-4b59-ad03-227ba12a18b0","hasEmail":true,"provider":"email","hasUsername":true,"isGoogleUser":false}
[2025-11-02T19:44:55.101Z] [INFO   ]  [32m[1m✓[22m[39m Compiled in 840ms (1352 modules)
[2025-11-02T19:44:55.902Z] [INFO   ] 2025-11-02T19:44:55.901Z [DEBUG] [Middleware] Username check: {"path":"/workflows/builder/ab89bf39-160c-4d6d-b1d6-47f31193f0ff","userId":"a3e3a51a-175c-4b59-ad03-227ba12a18b0","provider":"email","role":"free","username":"nstoddard17","hasUsername":true,"isBetaTester":false,"isNewBetaUser":false,"accountAge":13546008502}
[2025-11-02T19:44:55.977Z] [INFO   ] 2025-11-02T19:44:55.977Z [DEBUG] [Username Check] {"userId":"a3e3a51a-175c-4b59-ad03-227ba12a18b0","hasEmail":true,"provider":"email","hasUsername":true,"isGoogleUser":false}
[2025-11-02T19:45:15.341Z] [INFO   ]  [32m[1m✓[22m[39m Compiled in 627ms (1352 modules)
[2025-11-02T19:45:15.627Z] [INFO   ] 2025-11-02T19:45:15.627Z [DEBUG] [Middleware] Username check: {"path":"/workflows/builder/ab89bf39-160c-4d6d-b1d6-47f31193f0ff","userId":"a3e3a51a-175c-4b59-ad03-227ba12a18b0","provider":"email","role":"free","username":"nstoddard17","hasUsername":true,"isBetaTester":false,"isNewBetaUser":false,"accountAge":13546028228}
[2025-11-02T19:45:15.719Z] [INFO   ] 2025-11-02T19:45:15.719Z [DEBUG] [Username Check] {"userId":"a3e3a51a-175c-4b59-ad03-227ba12a18b0","hasEmail":true,"provider":"email","hasUsername":true,"isGoogleUser":false}
[2025-11-02T19:45:38.995Z] [INFO   ]  [32m[1m✓[22m[39m Compiled in 892ms (1352 modules)
[2025-11-02T19:45:39.279Z] [INFO   ] 2025-11-02T19:45:39.279Z [DEBUG] [Middleware] Username check: {"path":"/workflows/builder/ab89bf39-160c-4d6d-b1d6-47f31193f0ff","userId":"a3e3a51a-175c-4b59-ad03-227ba12a18b0","provider":"email","role":"free","username":"nstoddard17","hasUsername":true,"isBetaTester":false,"isNewBetaUser":false,"accountAge":13546051880}
[2025-11-02T19:45:39.351Z] [INFO   ] 2025-11-02T19:45:39.350Z [DEBUG] [Username Check] {"userId":"a3e3a51a-175c-4b59-ad03-227ba12a18b0","hasEmail":true,"provider":"email","hasUsername":true,"isGoogleUser":false}
[2025-11-02T19:49:29.385Z] [INFO   ]  [32m[1m✓[22m[39m Compiled in 1120ms (1352 modules)
[2025-11-02T19:49:29.703Z] [INFO   ] 2025-11-02T19:49:29.703Z [DEBUG] [Middleware] Username check: {"path":"/workflows/builder/ab89bf39-160c-4d6d-b1d6-47f31193f0ff","userId":"a3e3a51a-175c-4b59-ad03-227ba12a18b0","provider":"email","role":"free","username":"nstoddard17","hasUsername":true,"isBetaTester":false,"isNewBetaUser":false,"accountAge":13546282304}
[2025-11-02T19:49:29.791Z] [INFO   ] 2025-11-02T19:49:29.791Z [DEBUG] [Username Check] {"userId":"a3e3a51a-175c-4b59-ad03-227ba12a18b0","hasEmail":true,"provider":"email","hasUsername":true,"isGoogleUser":false}
[2025-11-02T19:49:51.040Z] [INFO   ] 2025-11-02T19:49:51.039Z [DEBUG] [Middleware] Username check: {"path":"/workflows/ai-agent","userId":"a3e3a51a-175c-4b59-ad03-227ba12a18b0","provider":"email","role":"free","username":"nstoddard17","hasUsername":true,"isBetaTester":false,"isNewBetaUser":false,"accountAge":13546303640}
[2025-11-02T19:49:51.668Z] [INFO   ]  [37m[1m○[22m[39m Compiling /workflows/ai-agent ...
[2025-11-02T19:49:52.936Z] [INFO   ]  [32m[1m✓[22m[39m Compiled /workflows/ai-agent in 1784ms (5731 modules)
[2025-11-02T19:49:53.487Z] [INFO   ] 2025-11-02T19:49:53.487Z [DEBUG] 💧 [AUTH] Rehydrating auth state from storage {"hasState":true,"hasUser":false,"initialized":false,"timestamp":"2025-11-02T19:49:53.487Z"}
[2025-11-02T19:49:53.492Z] [INFO   ] 2025-11-02T19:49:53.492Z [DEBUG] 💧 [AUTH] State hydrated and reset {"hasUser":false,"initialized":false,"timestamp":"2025-11-02T19:49:53.492Z"}
[2025-11-02T19:49:53.492Z] [INFO   ] 2025-11-02T19:49:53.492Z [DEBUG] ⏭️ [AUTH] Skipping initialization {"hasState":true,"alreadyInitialized":false,"isClient":false,"timestamp":"2025-11-02T19:49:53.492Z"}
[2025-11-02T19:49:53.778Z] [INFO   ] 2025-11-02T19:49:53.778Z [DEBUG] [Username Check] {"userId":"a3e3a51a-175c-4b59-ad03-227ba12a18b0","hasEmail":true,"provider":"email","hasUsername":true,"isGoogleUser":false}
[2025-11-02T19:49:54.471Z] [INFO   ]  [32m[1m✓[22m[39m Compiled /api/presence/count in 344ms (4394 modules)
[2025-11-02T19:49:54.727Z] [INFO   ]  [32m[1m✓[22m[39m Compiled (4396 modules)
[2025-11-02T19:49:58.463Z] [INFO   ]  [32m[1m✓[22m[39m Compiled /api/integrations in 315ms (4398 modules)
[2025-11-02T19:49:58.528Z] [INFO   ] 2025-11-02T19:49:58.528Z [DEBUG] 📍 [API /api/integrations] GET request received {"timestamp":"2025-11-02T19:49:58.528Z","url":"http://localhost:3000/api/integrations?workspace_type=personal"}
[2025-11-02T19:49:58.647Z] [INFO   ] 2025-11-02T19:49:58.647Z [DEBUG] ✅ [API /api/integrations] User authenticated {"userId":"a3e3a51a-175c-4b59-ad03-227ba12a18b0"}
[2025-11-02T19:49:58.647Z] [INFO   ] 2025-11-02T19:49:58.647Z [DEBUG] 🏠 [API /api/integrations] Workspace context {"workspaceType":"personal","workspaceId":null}
[2025-11-02T19:49:58.774Z] [INFO   ] 2025-11-02T19:49:58.774Z [DEBUG] 📊 [API /api/integrations] Query result {"workspaceType":"personal","workspaceId":null,"count":14,"error":null}
[2025-11-02T19:49:58.775Z] [INFO   ] 2025-11-02T19:49:58.775Z [DEBUG] ✅ [API /api/integrations] Returning integrations {"count":14,"workspaceType":"personal"}

=== Log Session Ended: 2025-11-02T19:49:58.864Z ===
