=== Log Session Started: 2025-10-31T22:34:54.488Z ===
Node Version: v23.7.0
Platform: darwin
Working Directory: /Users/nathanielstoddard/chainreact-app/chainreact-app-9e
================================================================================

[2025-10-31T22:34:54.488Z] [INFO   ] File logging initialized
[2025-10-31T22:34:54.488Z] [INFO   ] Log file: /Users/nathanielstoddard/chainreact-app/chainreact-app-9e/logs/workflow_2025-10-31_17-34-54.log
[2025-10-31T22:34:54.491Z] [INFO   ] Deleted old log file: workflow_2025-10-24_17-28-20.log
[2025-10-31T22:34:54.494Z] [INFO   ] Deleted old log file: workflow_2025-10-24_16-49-45.log
[2025-10-31T22:34:54.495Z] [INFO   ] Deleted old log file: workflow_2025-10-24_17-26-19.log
[2025-10-31T22:34:54.496Z] [INFO   ] Deleted old log file: workflow_2025-10-23_08-54-31.log
[2025-10-31T22:34:54.496Z] [INFO   ] Deleted old log file: workflow_2025-10-24_12-14-40.log
[2025-10-31T22:34:54.497Z] [INFO   ] Deleted old log file: workflow_2025-10-24_16-33-07.log
[2025-10-31T22:34:54.498Z] [INFO   ] Deleted old log file: workflow_2025-10-24_16-22-00.log
[2025-10-31T22:34:54.499Z] [INFO   ] Deleted old log file: workflow_2025-10-24_16-10-44.log
[2025-10-31T22:34:54.501Z] [INFO   ] Deleted old log file: workflow_2025-10-24_15-43-31.log
[2025-10-31T22:34:54.502Z] [INFO   ] Deleted old log file: workflow_2025-10-24_15-19-50.log
[2025-10-31T22:34:54.504Z] [INFO   ] Deleted old log file: workflow_2025-10-24_14-59-50.log
[2025-10-31T22:34:54.504Z] [INFO   ] Deleted old log file: workflow_2025-10-24_14-57-09.log
[2025-10-31T22:34:54.507Z] [INFO   ] Deleted old log file: workflow_2025-10-24_10-24-43.log
[2025-10-31T22:34:54.507Z] [INFO   ] 📁 File logging enabled
[2025-10-31T22:34:54.507Z] [INFO   ] 📝 Logs will be written to: /Users/nathanielstoddard/chainreact-app/chainreact-app-9e/logs/workflow_2025-10-31_17-34-54.log
[2025-10-31T22:34:54.507Z] [INFO   ] 💡 To view logs in real-time: tail -f /Users/nathanielstoddard/chainreact-app/chainreact-app-9e/logs/workflow_2025-10-31_17-34-54.log
[2025-10-31T22:34:54.507Z] [INFO   ] 💡 To view all logs: cat /Users/nathanielstoddard/chainreact-app/chainreact-app-9e/logs/workflow_2025-10-31_17-34-54.log
[2025-10-31T22:34:54.507Z] [INFO   ] 💡 To share logs: Copy the file at /Users/nathanielstoddard/chainreact-app/chainreact-app-9e/logs/workflow_2025-10-31_17-34-54.log
[2025-10-31T22:34:54.507Z] [INFO   ] --------------------------------------------------------------------------------
[2025-10-31T22:34:54.507Z] [DEBUG  ] 📁 File logging system initialized
[2025-10-31T22:34:54.523Z] [INFO   ]  ✓ Ready in 7.4s
[2025-10-31T22:34:56.269Z] [INFO   ] 2025-10-31T22:34:56.269Z [DEBUG] 🤖 Discord bot configured, initializing gateway connection in background...
[2025-10-31T22:34:58.639Z] [INFO   ] 2025-10-31T22:34:58.639Z [DEBUG] Initializing Discord Gateway connection (singleton)...
[2025-10-31T22:34:58.640Z] [INFO   ] 2025-10-31T22:34:58.640Z [DEBUG] 🔑 Discord bot token loaded
[2025-10-31T22:34:58.901Z] [INFO   ] 2025-10-31T22:34:58.901Z [DEBUG] Discord Gateway initialization complete
[2025-10-31T22:34:58.902Z] [INFO   ] 2025-10-31T22:34:58.902Z [DEBUG] ✅ Discord bot gateway connection initialized
[2025-10-31T22:34:59.106Z] [INFO   ] 2025-10-31T22:34:59.106Z [DEBUG] Discord Gateway WebSocket connection established
[2025-10-31T22:34:59.106Z] [INFO   ] 2025-10-31T22:34:59.106Z [DEBUG] 🔑 Sending identify with intents: {"GUILDS":true,"GUILD_MEMBERS":true,"GUILD_INVITES":true,"GUILD_MESSAGES":true,"MESSAGE_CONTENT":true,"intentsValue":33347}
[2025-10-31T22:34:59.428Z] [INFO   ] 2025-10-31T22:34:59.427Z [DEBUG] 🎉 Discord bot ready! {"sessionId":"e5c75e2aa2144f9a3921c7d240b6df1f","username":"ChainReact-Bot","userId":"1378595955212812308","guildCount":2}
[2025-10-31T22:34:59.428Z] [INFO   ] 2025-10-31T22:34:59.428Z [DEBUG] 📋 Initializing invite cache...
[2025-10-31T22:34:59.429Z] [INFO   ] 2025-10-31T22:34:59.429Z [DEBUG] 📡 Discord event received: GUILD_CREATE
[2025-10-31T22:34:59.440Z] [INFO   ] 2025-10-31T22:34:59.440Z [DEBUG] 📡 Discord event received: GUILD_CREATE
[2025-10-31T22:34:59.595Z] [INFO   ] 2025-10-31T22:34:59.595Z [DEBUG] ✅ Cached 3 invites for guild 1378950884045623406
[2025-10-31T22:35:58.987Z] [INFO   ]  ✓ Compiled /instrumentation in 904ms (2681 modules)
[2025-10-31T22:36:07.901Z] [INFO   ]  ✓ Compiled in 364ms (2682 modules)
[2025-10-31T22:36:08.764Z] [INFO   ]  ✓ Compiled in 205ms (2682 modules)
[2025-10-31T22:36:27.348Z] [INFO   ]  ○ Compiling / ...
[2025-10-31T22:36:30.860Z] [INFO   ] 

[2025-10-31T22:36:30.892Z] [INFO   ] Source path: /Users/nathanielstoddard/chainreact-app/chainreact-app-9e/app/globals.css
[2025-10-31T22:36:30.893Z] [INFO   ] Setting up new context...
[2025-10-31T22:36:30.963Z] [INFO   ] %s: %s Finding changed files 23.517ms
[2025-10-31T22:36:32.316Z] [INFO   ] %s: %s Reading changed files 1.353s
[2025-10-31T22:36:32.354Z] [INFO   ] %s: %s Sorting candidates 37.214ms
[2025-10-31T22:36:32.663Z] [INFO   ] %s: %s Generate rules 346.086ms
[2025-10-31T22:36:32.670Z] [INFO   ] %s: %s Build stylesheet 7.57ms
[2025-10-31T22:36:32.695Z] [INFO   ] Potential classes:  58338
[2025-10-31T22:36:32.695Z] [INFO   ] Active contexts:  1
[2025-10-31T22:36:32.787Z] [INFO   ] %s: %s JIT TOTAL 1.927s
[2025-10-31T22:36:32.787Z] [INFO   ] 

[2025-10-31T22:36:33.766Z] [INFO   ]  ✓ Compiled / in 6.9s (5158 modules)
[2025-10-31T22:36:34.127Z] [INFO   ] 2025-10-31T22:36:34.127Z [DEBUG] 💧 [AUTH] Rehydrating auth state from storage {"hasState":true,"hasUser":false,"initialized":false,"timestamp":"2025-10-31T22:36:34.127Z"}
[2025-10-31T22:36:34.128Z] [INFO   ] 2025-10-31T22:36:34.128Z [DEBUG] 💧 [AUTH] State hydrated and reset {"hasUser":false,"initialized":false,"timestamp":"2025-10-31T22:36:34.128Z"}
[2025-10-31T22:36:34.128Z] [INFO   ] 2025-10-31T22:36:34.128Z [DEBUG] ⏭️ [AUTH] Skipping initialization {"hasState":true,"alreadyInitialized":false,"isClient":false,"timestamp":"2025-10-31T22:36:34.128Z"}
[2025-10-31T22:36:34.248Z] [INFO   ] 

[2025-10-31T22:36:34.249Z] [INFO   ] Source path: /Users/nathanielstoddard/chainreact-app/chainreact-app-9e/app/globals.css
[2025-10-31T22:36:34.272Z] [INFO   ] %s: %s Finding changed files 22.708ms
[2025-10-31T22:36:34.272Z] [INFO   ] %s: %s Reading changed files 0.068ms
[2025-10-31T22:36:34.272Z] [INFO   ] %s: %s Sorting candidates 0.003ms
[2025-10-31T22:36:34.272Z] [INFO   ] %s: %s Generate rules 0.082ms
[2025-10-31T22:36:34.272Z] [INFO   ] %s: %s Build stylesheet 0.002ms
[2025-10-31T22:36:34.295Z] [INFO   ] Potential classes:  1
[2025-10-31T22:36:34.295Z] [INFO   ] Active contexts:  1
[2025-10-31T22:36:34.380Z] [INFO   ] %s: %s JIT TOTAL 131.794ms
[2025-10-31T22:36:34.380Z] [INFO   ] 

[2025-10-31T22:36:34.554Z] [INFO   ]  ✓ Compiled in 769ms (1132 modules)
[2025-10-31T22:36:58.309Z] [INFO   ] 

[2025-10-31T22:36:58.314Z] [INFO   ] Source path: /Users/nathanielstoddard/chainreact-app/chainreact-app-9e/app/globals.css
[2025-10-31T22:36:58.359Z] [INFO   ] %s: %s Finding changed files 43.794ms
[2025-10-31T22:36:58.360Z] [INFO   ] %s: %s Reading changed files 0.003ms
[2025-10-31T22:36:58.360Z] [INFO   ] %s: %s Sorting candidates 0.002ms
[2025-10-31T22:36:58.360Z] [INFO   ] %s: %s Generate rules 0.063ms
[2025-10-31T22:36:58.360Z] [INFO   ] %s: %s Build stylesheet 0.001ms
[2025-10-31T22:36:58.385Z] [INFO   ] Potential classes:  1
[2025-10-31T22:36:58.385Z] [INFO   ] Active contexts:  1
[2025-10-31T22:36:58.507Z] [INFO   ] %s: %s JIT TOTAL 197.652ms
[2025-10-31T22:36:58.507Z] [INFO   ] 

[2025-10-31T22:36:58.881Z] [INFO   ]  ✓ Compiled in 688ms (1132 modules)
[2025-10-31T22:40:06.482Z] [INFO   ] 

[2025-10-31T22:40:06.485Z] [INFO   ] Source path: /Users/nathanielstoddard/chainreact-app/chainreact-app-9e/app/globals.css
[2025-10-31T22:40:06.568Z] [INFO   ] %s: %s Finding changed files 81.698ms
[2025-10-31T22:40:06.569Z] [INFO   ] %s: %s Reading changed files 0.003ms
[2025-10-31T22:40:06.569Z] [INFO   ] %s: %s Sorting candidates 0.004ms
[2025-10-31T22:40:06.569Z] [INFO   ] %s: %s Generate rules 0.104ms
[2025-10-31T22:40:06.569Z] [INFO   ] %s: %s Build stylesheet 0.001ms
[2025-10-31T22:40:06.604Z] [INFO   ] Potential classes:  1
[2025-10-31T22:40:06.604Z] [INFO   ] Active contexts:  1
[2025-10-31T22:40:06.709Z] [INFO   ] %s: %s JIT TOTAL 226.826ms
[2025-10-31T22:40:06.709Z] [INFO   ] 

[2025-10-31T22:40:06.989Z] [INFO   ]  ✓ Compiled in 632ms (1132 modules)
[2025-10-31T22:42:42.374Z] [INFO   ] 

[2025-10-31T22:42:42.377Z] [INFO   ] Source path: /Users/nathanielstoddard/chainreact-app/chainreact-app-9e/app/globals.css
[2025-10-31T22:42:42.411Z] [INFO   ] %s: %s Finding changed files 32.291ms
[2025-10-31T22:42:42.411Z] [INFO   ] %s: %s Reading changed files 0.007ms
[2025-10-31T22:42:42.411Z] [INFO   ] %s: %s Sorting candidates 0.006ms
[2025-10-31T22:42:42.411Z] [INFO   ] %s: %s Generate rules 0.094ms
[2025-10-31T22:42:42.411Z] [INFO   ] %s: %s Build stylesheet 0.001ms
[2025-10-31T22:42:42.443Z] [INFO   ] Potential classes:  1
[2025-10-31T22:42:42.443Z] [INFO   ] Active contexts:  1
[2025-10-31T22:42:42.571Z] [INFO   ] %s: %s JIT TOTAL 195.819ms
[2025-10-31T22:42:42.571Z] [INFO   ] 

[2025-10-31T22:42:42.858Z] [INFO   ]  ✓ Compiled in 612ms (1132 modules)
[2025-10-31T22:55:39.233Z] [INFO   ] 

[2025-10-31T22:55:39.236Z] [INFO   ] Source path: /Users/nathanielstoddard/chainreact-app/chainreact-app-9e/app/globals.css
[2025-10-31T22:55:39.327Z] [INFO   ] %s: %s Finding changed files 87.917ms
[2025-10-31T22:55:39.328Z] [INFO   ] %s: %s Reading changed files 0.01ms
[2025-10-31T22:55:39.328Z] [INFO   ] %s: %s Sorting candidates 0.005ms
[2025-10-31T22:55:39.328Z] [INFO   ] %s: %s Generate rules 0.073ms
[2025-10-31T22:55:39.328Z] [INFO   ] %s: %s Build stylesheet 0.001ms
[2025-10-31T22:55:39.356Z] [INFO   ] Potential classes:  1
[2025-10-31T22:55:39.356Z] [INFO   ] Active contexts:  1
[2025-10-31T22:55:39.480Z] [INFO   ] %s: %s JIT TOTAL 246.795ms
[2025-10-31T22:55:39.480Z] [INFO   ] 

[2025-10-31T22:55:39.781Z] [INFO   ]  ✓ Compiled in 641ms (1132 modules)

=== Log Session Ended: 2025-10-31T22:55:41.445Z ===
