=== Log Session Started: 2025-11-13T05:13:49.103Z ===
Node Version: v23.7.0
Platform: darwin
Working Directory: /Users/nathanielstoddard/chainreact-app/chainreact-app-9e
================================================================================

[2025-11-13T05:13:49.103Z] [INFO   ] File logging initialized
[2025-11-13T05:13:49.103Z] [INFO   ] Log file: /Users/nathanielstoddard/chainreact-app/chainreact-app-9e/logs/workflow_2025-11-12_23-13-49.log
[2025-11-13T05:13:49.107Z] [INFO   ] Deleted old log file: workflow_2025-11-05_21-36-22.log
[2025-11-13T05:13:49.108Z] [INFO   ] 📁 File logging enabled
[2025-11-13T05:13:49.108Z] [INFO   ] 📝 Logs will be written to: /Users/nathanielstoddard/chainreact-app/chainreact-app-9e/logs/workflow_2025-11-12_23-13-49.log
[2025-11-13T05:13:49.108Z] [INFO   ] 💡 To view logs in real-time: tail -f /Users/nathanielstoddard/chainreact-app/chainreact-app-9e/logs/workflow_2025-11-12_23-13-49.log
[2025-11-13T05:13:49.108Z] [INFO   ] 💡 To view all logs: cat /Users/nathanielstoddard/chainreact-app/chainreact-app-9e/logs/workflow_2025-11-12_23-13-49.log
[2025-11-13T05:13:49.108Z] [INFO   ] 💡 To share logs: Copy the file at /Users/nathanielstoddard/chainreact-app/chainreact-app-9e/logs/workflow_2025-11-12_23-13-49.log
[2025-11-13T05:13:49.108Z] [INFO   ] --------------------------------------------------------------------------------
[2025-11-13T05:13:49.108Z] [DEBUG  ] 📁 File logging system initialized
[2025-11-13T05:13:49.123Z] [INFO   ]  [32m[1m✓[22m[39m Ready in 3.4s
[2025-11-13T05:13:50.138Z] [INFO   ] 2025-11-13T05:13:50.137Z [DEBUG] 🤖 Discord bot configured, initializing gateway connection in background...
[2025-11-13T05:13:52.129Z] [INFO   ] 2025-11-13T05:13:52.129Z [DEBUG] Initializing Discord Gateway connection (singleton)...
[2025-11-13T05:13:52.129Z] [INFO   ] 2025-11-13T05:13:52.129Z [DEBUG] 🔑 Discord bot token loaded
[2025-11-13T05:13:52.769Z] [INFO   ] 2025-11-13T05:13:52.769Z [DEBUG] Discord Gateway initialization complete
[2025-11-13T05:13:52.770Z] [INFO   ] 2025-11-13T05:13:52.770Z [DEBUG] ✅ Discord bot gateway connection initialized
[2025-11-13T05:13:52.952Z] [INFO   ] 2025-11-13T05:13:52.952Z [DEBUG] Discord Gateway WebSocket connection established
[2025-11-13T05:13:52.952Z] [INFO   ] 2025-11-13T05:13:52.952Z [DEBUG] 🔑 Sending identify with intents: {"GUILDS":true,"GUILD_MEMBERS":true,"GUILD_INVITES":true,"GUILD_MESSAGES":true,"MESSAGE_CONTENT":true,"intentsValue":33347}
[2025-11-13T05:13:53.111Z] [INFO   ]  [37m[1m○[22m[39m Compiling /api/presence/count ...
[2025-11-13T05:13:56.761Z] [INFO   ]  [32m[1m✓[22m[39m Compiled /api/presence/count in 4.2s (3252 modules)
[2025-11-13T05:16:58.859Z] [INFO   ]  [37m[1m○[22m[39m Compiling /api/integrations ...
[2025-11-13T05:16:58.955Z] [INFO   ]  [32m[1m✓[22m[39m Compiled /api/integrations in 672ms (3253 modules)
[2025-11-13T05:16:59.077Z] [INFO   ] 2025-11-13T05:16:59.077Z [DEBUG] 📍 [API /api/integrations] GET request received {"timestamp":"2025-11-13T05:16:59.077Z","url":"http://localhost:3000/api/integrations"}
[2025-11-13T05:16:59.260Z] [INFO   ] 2025-11-13T05:16:59.260Z [DEBUG] ✅ [API /api/integrations] User authenticated {"userId":"a3e3a51a-175c-4b59-ad03-227ba12a18b0"}
[2025-11-13T05:16:59.261Z] [INFO   ] 2025-11-13T05:16:59.261Z [DEBUG] 🏠 [API /api/integrations] Workspace context {"workspaceType":"personal","workspaceId":null}
[2025-11-13T05:16:59.398Z] [INFO   ] 2025-11-13T05:16:59.398Z [DEBUG] 📊 [API /api/integrations] Parallel query results {"workspaceType":"personal","workspaceId":null,"integrationsCount":15,"permissionsCount":4,"integrationsError":null,"permissionsError":null}
[2025-11-13T05:16:59.399Z] [INFO   ] 2025-11-13T05:16:59.399Z [DEBUG] 📋 [API /api/integrations] Using explicit permission {"integrationId":"580105eb-df9a-4b0a-a934-43e5a99f9bb8","provider":"discord","permission":"admin"}
[2025-11-13T05:16:59.399Z] [INFO   ] 2025-11-13T05:16:59.399Z [DEBUG] 📋 [API /api/integrations] Using implicit permission {"integrationId":"cb175247-1caa-430b-85c0-dd7ca5ca370b","provider":"google-drive","permission":"admin","reason":"connected_by"}
[2025-11-13T05:16:59.399Z] [INFO   ] 2025-11-13T05:16:59.399Z [DEBUG] 📋 [API /api/integrations] Using implicit permission {"integrationId":"0e7c83e0-6c16-48f6-b7d8-77d3592dca01","provider":"github","permission":"admin","reason":"connected_by"}
[2025-11-13T05:16:59.399Z] [INFO   ] 2025-11-13T05:16:59.399Z [DEBUG] 📋 [API /api/integrations] Using implicit permission {"integrationId":"f367c75b-b4ea-4d0e-96ba-76368f0525a6","provider":"slack","permission":"admin","reason":"connected_by"}
[2025-11-13T05:16:59.399Z] [INFO   ] 2025-11-13T05:16:59.399Z [DEBUG] 📋 [API /api/integrations] Using implicit permission {"integrationId":"f172e387-ab0c-4c6a-975e-1767b2fd37be","provider":"notion","permission":"admin","reason":"default"}
[2025-11-13T05:16:59.399Z] [INFO   ] 2025-11-13T05:16:59.399Z [DEBUG] 📋 [API /api/integrations] Using explicit permission {"integrationId":"dc6cd712-ac50-45b5-86b6-4ff9963c7aa8","provider":"google-sheets","permission":"admin"}
[2025-11-13T05:16:59.399Z] [INFO   ] 2025-11-13T05:16:59.399Z [DEBUG] 📋 [API /api/integrations] Using explicit permission {"integrationId":"15a626c1-ecf2-4635-a287-1ddc3967a6ce","provider":"gmail","permission":"admin"}
[2025-11-13T05:16:59.399Z] [INFO   ] 2025-11-13T05:16:59.399Z [DEBUG] 📋 [API /api/integrations] Using implicit permission {"integrationId":"3d77fbe9-de84-47a8-ba84-a80981ffd516","provider":"google-calendar","permission":"admin","reason":"connected_by"}
[2025-11-13T05:16:59.399Z] [INFO   ] 2025-11-13T05:16:59.399Z [DEBUG] 📋 [API /api/integrations] Using implicit permission {"integrationId":"f0476067-a30a-4ab4-b9fb-1f5a647a7be7","provider":"facebook","permission":"admin","reason":"connected_by"}
[2025-11-13T05:16:59.399Z] [INFO   ] 2025-11-13T05:16:59.399Z [DEBUG] 📋 [API /api/integrations] Using implicit permission {"integrationId":"c61c89e4-4f78-4069-8bfe-d36dd81cf6fc","provider":"dropbox","permission":"admin","reason":"connected_by"}
[2025-11-13T05:16:59.399Z] [INFO   ] 2025-11-13T05:16:59.399Z [DEBUG] 📋 [API /api/integrations] Using implicit permission {"integrationId":"a6595fc9-22fe-43dc-82a9-a3301cb3b373","provider":"google-docs","permission":"admin","reason":"connected_by"}
[2025-11-13T05:16:59.399Z] [INFO   ] 2025-11-13T05:16:59.399Z [DEBUG] 📋 [API /api/integrations] Using implicit permission {"integrationId":"6f959e59-18c3-47f0-a20f-cc8a268ceb21","provider":"hubspot","permission":"admin","reason":"connected_by"}
[2025-11-13T05:16:59.399Z] [INFO   ] 2025-11-13T05:16:59.399Z [DEBUG] 📋 [API /api/integrations] Using implicit permission {"integrationId":"eb6b29ff-8086-4df6-b16a-f4e3e4242679","provider":"airtable","permission":"admin","reason":"connected_by"}
[2025-11-13T05:16:59.400Z] [INFO   ] 2025-11-13T05:16:59.399Z [DEBUG] 📋 [API /api/integrations] Using explicit permission {"integrationId":"8ef5c519-18a9-4a81-829e-b7a48b58f668","provider":"gumroad","permission":"admin"}
[2025-11-13T05:16:59.400Z] [INFO   ] 2025-11-13T05:16:59.400Z [DEBUG] 📋 [API /api/integrations] Using implicit permission {"integrationId":"91c85768-928a-445d-89ae-28521f5ee7f2","provider":"google-analytics","permission":"admin","reason":"connected_by"}
[2025-11-13T05:16:59.400Z] [INFO   ] 2025-11-13T05:16:59.400Z [DEBUG] ✅ [API /api/integrations] Returning integrations {"count":15,"workspaceType":"personal"}
[2025-11-13T05:17:02.527Z] [INFO   ]  [37m[1m○[22m[39m Compiling /api/admin/test-integration ...
[2025-11-13T05:17:12.151Z] [INFO   ]  [32m[1m✓[22m[39m Compiled /api/admin/test-integration in 10.1s (5920 modules)
[2025-11-13T05:17:14.392Z] [INFO   ] 2025-11-13T05:17:14.392Z [DEBUG] 🚀 Initializing ChainReact application...
[2025-11-13T05:17:14.399Z] [INFO   ] 2025-11-13T05:17:14.399Z [DEBUG] 🚀 Bootstrapping integration providers...
[2025-11-13T05:17:14.399Z] [INFO   ] 2025-11-13T05:17:14.399Z [DEBUG] ✅ Gmail provider registered with email capabilities
[2025-11-13T05:17:14.399Z] [INFO   ] 2025-11-13T05:17:14.399Z [DEBUG] ✅ Discord provider registered with chat capabilities
[2025-11-13T05:17:14.400Z] [INFO   ] 2025-11-13T05:17:14.400Z [DEBUG] ✅ Slack provider registered with chat capabilities
[2025-11-13T05:17:14.400Z] [INFO   ] 2025-11-13T05:17:14.400Z [DEBUG] ✅ Airtable provider registered with database capabilities
[2025-11-13T05:17:14.400Z] [INFO   ] 2025-11-13T05:17:14.400Z [DEBUG] ✅ HubSpot provider registered with CRM capabilities
[2025-11-13T05:17:14.400Z] [INFO   ] 2025-11-13T05:17:14.400Z [DEBUG] ✅ Trello provider registered with project capabilities
[2025-11-13T05:17:14.400Z] [INFO   ] 2025-11-13T05:17:14.400Z [DEBUG] ✅ Notion provider registered with database capabilities
[2025-11-13T05:17:14.400Z] [INFO   ] 2025-11-13T05:17:14.400Z [DEBUG] ✅ Twitter provider registered with social capabilities
[2025-11-13T05:17:14.400Z] [INFO   ] 2025-11-13T05:17:14.400Z [DEBUG] ✅ Facebook provider registered with social capabilities
[2025-11-13T05:17:14.400Z] [INFO   ] 2025-11-13T05:17:14.400Z [DEBUG] ✅ Google Calendar provider registered with calendar capabilities
[2025-11-13T05:17:14.400Z] [INFO   ] 2025-11-13T05:17:14.400Z [DEBUG] ✅ GitHub provider registered with DevOps capabilities
[2025-11-13T05:17:14.400Z] [INFO   ] 2025-11-13T05:17:14.400Z [DEBUG] ✅ Google Drive provider registered with file capabilities
[2025-11-13T05:17:14.400Z] [INFO   ] 2025-11-13T05:17:14.400Z [DEBUG] ✅ Google Sheets provider registered with database capabilities
[2025-11-13T05:17:14.401Z] [INFO   ] 2025-11-13T05:17:14.401Z [DEBUG] ✅ Google Docs provider registered with document capabilities
[2025-11-13T05:17:14.401Z] [INFO   ] 2025-11-13T05:17:14.401Z [DEBUG] ✅ Microsoft Teams provider registered with chat capabilities
[2025-11-13T05:17:14.401Z] [INFO   ] 2025-11-13T05:17:14.401Z [DEBUG] ✅ Microsoft OneDrive provider registered with file capabilities
[2025-11-13T05:17:14.401Z] [INFO   ] 2025-11-13T05:17:14.401Z [DEBUG] ✅ Microsoft Outlook provider registered with email capabilities
[2025-11-13T05:17:14.401Z] [INFO   ] 2025-11-13T05:17:14.401Z [DEBUG] ✅ Stripe provider registered with payment capabilities
[2025-11-13T05:17:14.401Z] [INFO   ] 2025-11-13T05:17:14.401Z [DEBUG] ✅ Dropbox provider registered with file capabilities
[2025-11-13T05:17:14.401Z] [INFO   ] 2025-11-13T05:17:14.401Z [DEBUG] ✅ Mailchimp provider registered with email capabilities
[2025-11-13T05:17:14.401Z] [INFO   ] 2025-11-13T05:17:14.401Z [DEBUG] ✅ Microsoft Calendar provider registered with calendar capabilities
[2025-11-13T05:17:14.401Z] [INFO   ] 2025-11-13T05:17:14.401Z [DEBUG] ✅ Zoom provider registered with chat capabilities
[2025-11-13T05:17:14.401Z] [INFO   ] 2025-11-13T05:17:14.401Z [DEBUG] ✅ Salesforce provider registered with CRM capabilities
[2025-11-13T05:17:14.402Z] [INFO   ] 2025-11-13T05:17:14.402Z [DEBUG] ✅ Registered 23 providers
[2025-11-13T05:17:14.402Z] [INFO   ] 2025-11-13T05:17:14.402Z [DEBUG] ✅ Registered 115 actions
[2025-11-13T05:17:14.402Z] [INFO   ] 2025-11-13T05:17:14.402Z [DEBUG] 🏥 Health monitoring disabled in development mode
[2025-11-13T05:17:14.402Z] [INFO   ] 2025-11-13T05:17:14.402Z [DEBUG] ✅ Application initialized successfully
[2025-11-13T05:17:24.982Z] [ERROR  ] 2025-11-13T05:17:24.982Z [ERROR] [TestIntegration] Action test failed: {"provider":"airtable","error":"Action airtable:airtable_action_create_record not found in registry"}
[2025-11-13T05:17:27.765Z] [ERROR  ] 2025-11-13T05:17:27.765Z [ERROR] [TestIntegration] Action test failed: {"provider":"airtable","error":"Action airtable:airtable_action_update_record not found in registry"}
[2025-11-13T05:17:33.305Z] [WARN   ] 2025-11-13T05:17:33.305Z [WARN] [TestIntegration] Failed to load dynamic field filterValue: No options available for filterValue
[2025-11-13T05:17:33.305Z] [ERROR  ] 2025-11-13T05:17:33.305Z [ERROR] [TestIntegration] Action test failed: {"provider":"airtable","error":"Action airtable:airtable_action_list_records not found in registry"}
[2025-11-13T05:17:36.121Z] [ERROR  ] 2025-11-13T05:17:36.121Z [ERROR] [TestIntegration] Action test failed: {"provider":"airtable","error":"Action airtable:airtable_action_update_multiple_records not found in registry"}
[2025-11-13T05:17:40.312Z] [ERROR  ] 2025-11-13T05:17:40.312Z [ERROR] [TestIntegration] Action test failed: {"provider":"airtable","error":"Action airtable:airtable_action_find_record not found in registry"}
[2025-11-13T05:17:43.094Z] [ERROR  ] 2025-11-13T05:17:43.094Z [ERROR] [TestIntegration] Action test failed: {"provider":"airtable","error":"Action airtable:airtable_action_get_record not found in registry"}
[2025-11-13T05:17:47.228Z] [ERROR  ] 2025-11-13T05:17:47.228Z [ERROR] [TestIntegration] Action test failed: {"provider":"airtable","error":"Action airtable:airtable_action_delete_record not found in registry"}
[2025-11-13T05:17:50.128Z] [WARN   ] 2025-11-13T05:17:50.128Z [WARN] [TestIntegration] Failed to load dynamic field attachmentField: {"error":"Unsupported data type: airtable_attachment_fields"}
[2025-11-13T05:17:50.129Z] [ERROR  ] 2025-11-13T05:17:50.129Z [ERROR] [TestIntegration] Action test failed: {"provider":"airtable","error":"Action airtable:airtable_action_add_attachment not found in registry"}
[2025-11-13T05:17:52.894Z] [ERROR  ] 2025-11-13T05:17:52.894Z [ERROR] [TestIntegration] Action test failed: {"provider":"airtable","error":"Action airtable:airtable_action_duplicate_record not found in registry"}
[2025-11-13T05:17:55.742Z] [ERROR  ] 2025-11-13T05:17:55.742Z [ERROR] [TestIntegration] Action test failed: {"provider":"airtable","error":"Action airtable:airtable_action_get_table_schema not found in registry"}
[2025-11-13T05:17:57.126Z] [ERROR  ] 2025-11-13T05:17:57.126Z [ERROR] [TestIntegration] Action test failed: {"provider":"airtable","error":"Action airtable:airtable_action_get_base_schema not found in registry"}
[2025-11-13T05:17:59.802Z] [ERROR  ] 2025-11-13T05:17:59.802Z [ERROR] [TestIntegration] Action test failed: {"provider":"airtable","error":"Action airtable:airtable_action_create_multiple_records not found in registry"}
[2025-11-13T05:18:36.034Z] [INFO   ]  [37m[1m○[22m[39m Compiling /api/presence/count ...
[2025-11-13T05:18:36.195Z] [INFO   ]  [32m[1m✓[22m[39m Compiled /api/presence/count in 744ms (3058 modules)
[2025-11-13T05:20:38.652Z] [INFO   ]  [32m[1m✓[22m[39m Compiled in 1464ms (2821 modules)
[2025-11-13T05:20:48.464Z] [INFO   ]  [32m[1m✓[22m[39m Compiled in 246ms (2821 modules)
[2025-11-13T05:20:59.593Z] [INFO   ]  [32m[1m✓[22m[39m Compiled in 252ms (2821 modules)
[2025-11-13T05:21:10.092Z] [INFO   ]  [32m[1m✓[22m[39m Compiled in 198ms (2821 modules)
[2025-11-13T05:21:42.544Z] [INFO   ]  [32m[1m✓[22m[39m Compiled in 231ms (2821 modules)
[2025-11-13T05:23:35.936Z] [INFO   ]  [37m[1m○[22m[39m Compiling /api/presence/count ...
[2025-11-13T05:23:36.926Z] [INFO   ]  [32m[1m✓[22m[39m Compiled /api/presence/count in 1503ms (3058 modules)
[2025-11-13T05:31:48.286Z] [INFO   ]  [32m[1m✓[22m[39m Compiled in 1131ms (2824 modules)
[2025-11-13T05:33:00.814Z] [INFO   ]  [32m[1m✓[22m[39m Compiled in 1005ms (2824 modules)
[2025-11-13T05:33:11.139Z] [INFO   ]  [32m[1m✓[22m[39m Compiled in 166ms (2824 modules)
[2025-11-13T05:33:35.563Z] [INFO   ]  [32m[1m✓[22m[39m Compiled /api/presence/count in 144ms (3061 modules)
[2025-11-13T07:01:15.860Z] [INFO   ] 2025-11-13T07:01:15.859Z [DEBUG] 🔑 Discord bot token loaded
[2025-11-13T07:01:15.916Z] [INFO   ] 2025-11-13T07:01:15.916Z [DEBUG] Discord Gateway closed, persistent reconnect disabled
[2025-11-13T07:01:16.258Z] [INFO   ] 2025-11-13T07:01:16.258Z [DEBUG] Discord Gateway WebSocket connection established
[2025-11-13T07:01:16.260Z] [INFO   ] 2025-11-13T07:01:16.260Z [DEBUG] 🔑 Sending identify with intents: {"GUILDS":true,"GUILD_MEMBERS":true,"GUILD_INVITES":true,"GUILD_MESSAGES":true,"MESSAGE_CONTENT":true,"intentsValue":33347}
[2025-11-13T09:27:34.446Z] [INFO   ] 2025-11-13T09:27:34.446Z [DEBUG] 🔑 Discord bot token loaded
[2025-11-13T09:27:34.506Z] [INFO   ] 2025-11-13T09:27:34.506Z [DEBUG] Discord Gateway closed, persistent reconnect disabled
[2025-11-13T09:27:34.845Z] [INFO   ] 2025-11-13T09:27:34.845Z [DEBUG] Discord Gateway WebSocket connection established
[2025-11-13T09:27:34.846Z] [INFO   ] 2025-11-13T09:27:34.846Z [DEBUG] 🔑 Sending identify with intents: {"GUILDS":true,"GUILD_MEMBERS":true,"GUILD_INVITES":true,"GUILD_MESSAGES":true,"MESSAGE_CONTENT":true,"intentsValue":33347}
[2025-11-13T10:17:50.815Z] [INFO   ] 2025-11-13T10:17:50.814Z [DEBUG] 🔑 Discord bot token loaded
[2025-11-13T10:17:50.876Z] [INFO   ] 2025-11-13T10:17:50.876Z [DEBUG] Discord Gateway closed, persistent reconnect disabled
[2025-11-13T10:17:51.209Z] [INFO   ] 2025-11-13T10:17:51.209Z [DEBUG] Discord Gateway WebSocket connection established
[2025-11-13T10:17:51.210Z] [INFO   ] 2025-11-13T10:17:51.210Z [DEBUG] 🔑 Sending identify with intents: {"GUILDS":true,"GUILD_MEMBERS":true,"GUILD_INVITES":true,"GUILD_MESSAGES":true,"MESSAGE_CONTENT":true,"intentsValue":33347}
[2025-11-13T13:20:37.138Z] [INFO   ]  [37m[1m○[22m[39m Compiling /test/apps ...
[2025-11-13T13:20:41.303Z] [INFO   ]  [32m[1m✓[22m[39m Compiled /test/apps in 4.8s (4692 modules)
[2025-11-13T13:20:41.899Z] [INFO   ] 2025-11-13T13:20:41.899Z [DEBUG] 💧 [AUTH] Rehydrating auth state from storage {"hasState":true,"hasUser":false,"initialized":false,"timestamp":"2025-11-13T13:20:41.899Z"}
[2025-11-13T13:20:41.904Z] [INFO   ] 2025-11-13T13:20:41.904Z [DEBUG] 💧 [AUTH] State hydrated and reset {"hasUser":false,"initialized":false,"timestamp":"2025-11-13T13:20:41.904Z"}
[2025-11-13T13:20:41.904Z] [INFO   ] 2025-11-13T13:20:41.904Z [DEBUG] ⏭️ [AUTH] Skipping initialization {"hasState":true,"alreadyInitialized":false,"isClient":false,"timestamp":"2025-11-13T13:20:41.904Z"}
[2025-11-13T13:20:42.139Z] [INFO   ]  [32m[1m✓[22m[39m Compiled in 825ms (798 modules)
[2025-11-13T13:20:43.014Z] [INFO   ]  [37m[1m○[22m[39m Compiling /api/auth/profile ...
[2025-11-13T13:20:45.347Z] [INFO   ]  [32m[1m✓[22m[39m Compiled /api/auth/profile in 2.9s (5236 modules)
[2025-11-13T13:20:45.760Z] [INFO   ] 2025-11-13T13:20:45.760Z [DEBUG] 📍 [API /api/integrations] GET request received {"timestamp":"2025-11-13T13:20:45.760Z","url":"http://localhost:3000/api/integrations"}
[2025-11-13T13:20:46.078Z] [INFO   ] 2025-11-13T13:20:46.078Z [DEBUG] ✅ [API /api/integrations] User authenticated {"userId":"a3e3a51a-175c-4b59-ad03-227ba12a18b0"}
[2025-11-13T13:20:46.078Z] [INFO   ] 2025-11-13T13:20:46.078Z [DEBUG] 🏠 [API /api/integrations] Workspace context {"workspaceType":"personal","workspaceId":null}
[2025-11-13T13:20:46.291Z] [INFO   ] 2025-11-13T13:20:46.290Z [DEBUG] 📊 [API /api/integrations] Parallel query results {"workspaceType":"personal","workspaceId":null,"integrationsCount":15,"permissionsCount":4,"integrationsError":null,"permissionsError":null}
[2025-11-13T13:20:46.293Z] [INFO   ] 2025-11-13T13:20:46.292Z [DEBUG] 📋 [API /api/integrations] Using explicit permission {"integrationId":"580105eb-df9a-4b0a-a934-43e5a99f9bb8","provider":"discord","permission":"admin"}
[2025-11-13T13:20:46.293Z] [INFO   ] 2025-11-13T13:20:46.293Z [DEBUG] 📋 [API /api/integrations] Using implicit permission {"integrationId":"0e7c83e0-6c16-48f6-b7d8-77d3592dca01","provider":"github","permission":"admin","reason":"connected_by"}
[2025-11-13T13:20:46.293Z] [INFO   ] 2025-11-13T13:20:46.293Z [DEBUG] 📋 [API /api/integrations] Using implicit permission {"integrationId":"cb175247-1caa-430b-85c0-dd7ca5ca370b","provider":"google-drive","permission":"admin","reason":"connected_by"}
[2025-11-13T13:20:46.293Z] [INFO   ] 2025-11-13T13:20:46.293Z [DEBUG] 📋 [API /api/integrations] Using implicit permission {"integrationId":"f367c75b-b4ea-4d0e-96ba-76368f0525a6","provider":"slack","permission":"admin","reason":"connected_by"}
[2025-11-13T13:20:46.293Z] [INFO   ] 2025-11-13T13:20:46.293Z [DEBUG] 📋 [API /api/integrations] Using implicit permission {"integrationId":"f172e387-ab0c-4c6a-975e-1767b2fd37be","provider":"notion","permission":"admin","reason":"default"}
[2025-11-13T13:20:46.293Z] [INFO   ] 2025-11-13T13:20:46.293Z [DEBUG] 📋 [API /api/integrations] Using explicit permission {"integrationId":"dc6cd712-ac50-45b5-86b6-4ff9963c7aa8","provider":"google-sheets","permission":"admin"}
[2025-11-13T13:20:46.293Z] [INFO   ] 2025-11-13T13:20:46.293Z [DEBUG] 📋 [API /api/integrations] Using explicit permission {"integrationId":"15a626c1-ecf2-4635-a287-1ddc3967a6ce","provider":"gmail","permission":"admin"}
[2025-11-13T13:20:46.293Z] [INFO   ] 2025-11-13T13:20:46.293Z [DEBUG] 📋 [API /api/integrations] Using implicit permission {"integrationId":"3d77fbe9-de84-47a8-ba84-a80981ffd516","provider":"google-calendar","permission":"admin","reason":"connected_by"}
[2025-11-13T13:20:46.293Z] [INFO   ] 2025-11-13T13:20:46.293Z [DEBUG] 📋 [API /api/integrations] Using implicit permission {"integrationId":"f0476067-a30a-4ab4-b9fb-1f5a647a7be7","provider":"facebook","permission":"admin","reason":"connected_by"}
[2025-11-13T13:20:46.293Z] [INFO   ] 2025-11-13T13:20:46.293Z [DEBUG] 📋 [API /api/integrations] Using implicit permission {"integrationId":"c61c89e4-4f78-4069-8bfe-d36dd81cf6fc","provider":"dropbox","permission":"admin","reason":"connected_by"}
[2025-11-13T13:20:46.294Z] [INFO   ] 2025-11-13T13:20:46.294Z [DEBUG] 📋 [API /api/integrations] Using implicit permission {"integrationId":"a6595fc9-22fe-43dc-82a9-a3301cb3b373","provider":"google-docs","permission":"admin","reason":"connected_by"}
[2025-11-13T13:20:46.294Z] [INFO   ] 2025-11-13T13:20:46.294Z [DEBUG] 📋 [API /api/integrations] Using implicit permission {"integrationId":"6f959e59-18c3-47f0-a20f-cc8a268ceb21","provider":"hubspot","permission":"admin","reason":"connected_by"}
[2025-11-13T13:20:46.294Z] [INFO   ] 2025-11-13T13:20:46.294Z [DEBUG] 📋 [API /api/integrations] Using implicit permission {"integrationId":"eb6b29ff-8086-4df6-b16a-f4e3e4242679","provider":"airtable","permission":"admin","reason":"connected_by"}
[2025-11-13T13:20:46.294Z] [INFO   ] 2025-11-13T13:20:46.294Z [DEBUG] 📋 [API /api/integrations] Using explicit permission {"integrationId":"8ef5c519-18a9-4a81-829e-b7a48b58f668","provider":"gumroad","permission":"admin"}
[2025-11-13T13:20:46.294Z] [INFO   ] 2025-11-13T13:20:46.294Z [DEBUG] 📋 [API /api/integrations] Using implicit permission {"integrationId":"91c85768-928a-445d-89ae-28521f5ee7f2","provider":"google-analytics","permission":"admin","reason":"connected_by"}
[2025-11-13T13:20:46.294Z] [INFO   ] 2025-11-13T13:20:46.294Z [DEBUG] ✅ [API /api/integrations] Returning integrations {"count":15,"workspaceType":"personal"}
[2025-11-13T13:20:47.271Z] [INFO   ] 2025-11-13T13:20:47.271Z [DEBUG] 📍 [API /api/integrations] GET request received {"timestamp":"2025-11-13T13:20:47.271Z","url":"http://localhost:3000/api/integrations"}
[2025-11-13T13:20:47.364Z] [INFO   ] 2025-11-13T13:20:47.364Z [DEBUG] ✅ [API /api/integrations] User authenticated {"userId":"a3e3a51a-175c-4b59-ad03-227ba12a18b0"}
[2025-11-13T13:20:47.365Z] [INFO   ] 2025-11-13T13:20:47.365Z [DEBUG] 🏠 [API /api/integrations] Workspace context {"workspaceType":"personal","workspaceId":null}
[2025-11-13T13:20:47.449Z] [INFO   ] 2025-11-13T13:20:47.449Z [DEBUG] 📊 [API /api/integrations] Parallel query results {"workspaceType":"personal","workspaceId":null,"integrationsCount":15,"permissionsCount":4,"integrationsError":null,"permissionsError":null}
[2025-11-13T13:20:47.450Z] [INFO   ] 2025-11-13T13:20:47.450Z [DEBUG] 📋 [API /api/integrations] Using explicit permission {"integrationId":"580105eb-df9a-4b0a-a934-43e5a99f9bb8","provider":"discord","permission":"admin"}
[2025-11-13T13:20:47.450Z] [INFO   ] 2025-11-13T13:20:47.450Z [DEBUG] 📋 [API /api/integrations] Using implicit permission {"integrationId":"0e7c83e0-6c16-48f6-b7d8-77d3592dca01","provider":"github","permission":"admin","reason":"connected_by"}
[2025-11-13T13:20:47.450Z] [INFO   ] 2025-11-13T13:20:47.450Z [DEBUG] 📋 [API /api/integrations] Using implicit permission {"integrationId":"cb175247-1caa-430b-85c0-dd7ca5ca370b","provider":"google-drive","permission":"admin","reason":"connected_by"}
[2025-11-13T13:20:47.450Z] [INFO   ] 2025-11-13T13:20:47.450Z [DEBUG] 📋 [API /api/integrations] Using implicit permission {"integrationId":"f367c75b-b4ea-4d0e-96ba-76368f0525a6","provider":"slack","permission":"admin","reason":"connected_by"}
[2025-11-13T13:20:47.450Z] [INFO   ] 2025-11-13T13:20:47.450Z [DEBUG] 📋 [API /api/integrations] Using implicit permission {"integrationId":"f172e387-ab0c-4c6a-975e-1767b2fd37be","provider":"notion","permission":"admin","reason":"default"}
[2025-11-13T13:20:47.450Z] [INFO   ] 2025-11-13T13:20:47.450Z [DEBUG] 📋 [API /api/integrations] Using explicit permission {"integrationId":"dc6cd712-ac50-45b5-86b6-4ff9963c7aa8","provider":"google-sheets","permission":"admin"}
[2025-11-13T13:20:47.450Z] [INFO   ] 2025-11-13T13:20:47.450Z [DEBUG] 📋 [API /api/integrations] Using explicit permission {"integrationId":"15a626c1-ecf2-4635-a287-1ddc3967a6ce","provider":"gmail","permission":"admin"}
[2025-11-13T13:20:47.450Z] [INFO   ] 2025-11-13T13:20:47.450Z [DEBUG] 📋 [API /api/integrations] Using implicit permission {"integrationId":"3d77fbe9-de84-47a8-ba84-a80981ffd516","provider":"google-calendar","permission":"admin","reason":"connected_by"}
[2025-11-13T13:20:47.450Z] [INFO   ] 2025-11-13T13:20:47.450Z [DEBUG] 📋 [API /api/integrations] Using implicit permission {"integrationId":"f0476067-a30a-4ab4-b9fb-1f5a647a7be7","provider":"facebook","permission":"admin","reason":"connected_by"}
[2025-11-13T13:20:47.450Z] [INFO   ] 2025-11-13T13:20:47.450Z [DEBUG] 📋 [API /api/integrations] Using implicit permission {"integrationId":"c61c89e4-4f78-4069-8bfe-d36dd81cf6fc","provider":"dropbox","permission":"admin","reason":"connected_by"}
[2025-11-13T13:20:47.450Z] [INFO   ] 2025-11-13T13:20:47.450Z [DEBUG] 📋 [API /api/integrations] Using implicit permission {"integrationId":"a6595fc9-22fe-43dc-82a9-a3301cb3b373","provider":"google-docs","permission":"admin","reason":"connected_by"}
[2025-11-13T13:20:47.450Z] [INFO   ] 2025-11-13T13:20:47.450Z [DEBUG] 📋 [API /api/integrations] Using implicit permission {"integrationId":"6f959e59-18c3-47f0-a20f-cc8a268ceb21","provider":"hubspot","permission":"admin","reason":"connected_by"}
[2025-11-13T13:20:47.450Z] [INFO   ] 2025-11-13T13:20:47.450Z [DEBUG] 📋 [API /api/integrations] Using implicit permission {"integrationId":"eb6b29ff-8086-4df6-b16a-f4e3e4242679","provider":"airtable","permission":"admin","reason":"connected_by"}
[2025-11-13T13:20:47.450Z] [INFO   ] 2025-11-13T13:20:47.450Z [DEBUG] 📋 [API /api/integrations] Using explicit permission {"integrationId":"8ef5c519-18a9-4a81-829e-b7a48b58f668","provider":"gumroad","permission":"admin"}
[2025-11-13T13:20:47.450Z] [INFO   ] 2025-11-13T13:20:47.450Z [DEBUG] 📋 [API /api/integrations] Using implicit permission {"integrationId":"91c85768-928a-445d-89ae-28521f5ee7f2","provider":"google-analytics","permission":"admin","reason":"connected_by"}
[2025-11-13T13:20:47.450Z] [INFO   ] 2025-11-13T13:20:47.450Z [DEBUG] ✅ [API /api/integrations] Returning integrations {"count":15,"workspaceType":"personal"}
[2025-11-13T13:20:49.320Z] [INFO   ] 2025-11-13T13:20:49.320Z [DEBUG] 📍 [API /api/integrations] GET request received {"timestamp":"2025-11-13T13:20:49.320Z","url":"http://localhost:3000/api/integrations?workspace_type=personal"}
[2025-11-13T13:20:49.396Z] [INFO   ] 2025-11-13T13:20:49.396Z [DEBUG] ✅ [API /api/integrations] User authenticated {"userId":"a3e3a51a-175c-4b59-ad03-227ba12a18b0"}
[2025-11-13T13:20:49.396Z] [INFO   ] 2025-11-13T13:20:49.396Z [DEBUG] 🏠 [API /api/integrations] Workspace context {"workspaceType":"personal","workspaceId":null}
[2025-11-13T13:20:49.552Z] [INFO   ] 2025-11-13T13:20:49.552Z [DEBUG] 📊 [API /api/integrations] Parallel query results {"workspaceType":"personal","workspaceId":null,"integrationsCount":15,"permissionsCount":4,"integrationsError":null,"permissionsError":null}
[2025-11-13T13:20:49.553Z] [INFO   ] 2025-11-13T13:20:49.553Z [DEBUG] 📋 [API /api/integrations] Using explicit permission {"integrationId":"580105eb-df9a-4b0a-a934-43e5a99f9bb8","provider":"discord","permission":"admin"}
[2025-11-13T13:20:49.553Z] [INFO   ] 2025-11-13T13:20:49.553Z [DEBUG] 📋 [API /api/integrations] Using implicit permission {"integrationId":"0e7c83e0-6c16-48f6-b7d8-77d3592dca01","provider":"github","permission":"admin","reason":"connected_by"}
[2025-11-13T13:20:49.553Z] [INFO   ] 2025-11-13T13:20:49.553Z [DEBUG] 📋 [API /api/integrations] Using implicit permission {"integrationId":"cb175247-1caa-430b-85c0-dd7ca5ca370b","provider":"google-drive","permission":"admin","reason":"connected_by"}
[2025-11-13T13:20:49.553Z] [INFO   ] 2025-11-13T13:20:49.553Z [DEBUG] 📋 [API /api/integrations] Using implicit permission {"integrationId":"f367c75b-b4ea-4d0e-96ba-76368f0525a6","provider":"slack","permission":"admin","reason":"connected_by"}
[2025-11-13T13:20:49.553Z] [INFO   ] 2025-11-13T13:20:49.553Z [DEBUG] 📋 [API /api/integrations] Using implicit permission {"integrationId":"f172e387-ab0c-4c6a-975e-1767b2fd37be","provider":"notion","permission":"admin","reason":"default"}
[2025-11-13T13:20:49.553Z] [INFO   ] 2025-11-13T13:20:49.553Z [DEBUG] 📋 [API /api/integrations] Using explicit permission {"integrationId":"dc6cd712-ac50-45b5-86b6-4ff9963c7aa8","provider":"google-sheets","permission":"admin"}
[2025-11-13T13:20:49.553Z] [INFO   ] 2025-11-13T13:20:49.553Z [DEBUG] 📋 [API /api/integrations] Using explicit permission {"integrationId":"15a626c1-ecf2-4635-a287-1ddc3967a6ce","provider":"gmail","permission":"admin"}
[2025-11-13T13:20:49.553Z] [INFO   ] 2025-11-13T13:20:49.553Z [DEBUG] 📋 [API /api/integrations] Using implicit permission {"integrationId":"3d77fbe9-de84-47a8-ba84-a80981ffd516","provider":"google-calendar","permission":"admin","reason":"connected_by"}
[2025-11-13T13:20:49.553Z] [INFO   ] 2025-11-13T13:20:49.553Z [DEBUG] 📋 [API /api/integrations] Using implicit permission {"integrationId":"f0476067-a30a-4ab4-b9fb-1f5a647a7be7","provider":"facebook","permission":"admin","reason":"connected_by"}
[2025-11-13T13:20:49.553Z] [INFO   ] 2025-11-13T13:20:49.553Z [DEBUG] 📋 [API /api/integrations] Using implicit permission {"integrationId":"c61c89e4-4f78-4069-8bfe-d36dd81cf6fc","provider":"dropbox","permission":"admin","reason":"connected_by"}
[2025-11-13T13:20:49.553Z] [INFO   ] 2025-11-13T13:20:49.553Z [DEBUG] 📋 [API /api/integrations] Using implicit permission {"integrationId":"a6595fc9-22fe-43dc-82a9-a3301cb3b373","provider":"google-docs","permission":"admin","reason":"connected_by"}
[2025-11-13T13:20:49.553Z] [INFO   ] 2025-11-13T13:20:49.553Z [DEBUG] 📋 [API /api/integrations] Using implicit permission {"integrationId":"6f959e59-18c3-47f0-a20f-cc8a268ceb21","provider":"hubspot","permission":"admin","reason":"connected_by"}
[2025-11-13T13:20:49.553Z] [INFO   ] 2025-11-13T13:20:49.553Z [DEBUG] 📋 [API /api/integrations] Using implicit permission {"integrationId":"eb6b29ff-8086-4df6-b16a-f4e3e4242679","provider":"airtable","permission":"admin","reason":"connected_by"}
[2025-11-13T13:20:49.553Z] [INFO   ] 2025-11-13T13:20:49.553Z [DEBUG] 📋 [API /api/integrations] Using explicit permission {"integrationId":"8ef5c519-18a9-4a81-829e-b7a48b58f668","provider":"gumroad","permission":"admin"}
[2025-11-13T13:20:49.553Z] [INFO   ] 2025-11-13T13:20:49.553Z [DEBUG] 📋 [API /api/integrations] Using implicit permission {"integrationId":"91c85768-928a-445d-89ae-28521f5ee7f2","provider":"google-analytics","permission":"admin","reason":"connected_by"}
[2025-11-13T13:20:49.554Z] [INFO   ] 2025-11-13T13:20:49.553Z [DEBUG] ✅ [API /api/integrations] Returning integrations {"count":15,"workspaceType":"personal"}
[2025-11-13T13:20:53.655Z] [INFO   ]  [37m[1m○[22m[39m Compiling /api/admin/test-integration ...
[2025-11-13T13:20:56.508Z] [INFO   ]  [32m[1m✓[22m[39m Compiled /api/admin/test-integration in 3.4s (6574 modules)
[2025-11-13T13:20:59.344Z] [INFO   ] 2025-11-13T13:20:59.344Z [DEBUG] 🚀 Initializing ChainReact application...
[2025-11-13T13:20:59.350Z] [INFO   ] 2025-11-13T13:20:59.350Z [DEBUG] 🚀 Bootstrapping integration providers...
[2025-11-13T13:20:59.350Z] [INFO   ] 2025-11-13T13:20:59.350Z [DEBUG] ✅ Gmail provider registered with email capabilities
[2025-11-13T13:20:59.350Z] [INFO   ] 2025-11-13T13:20:59.350Z [DEBUG] ✅ Discord provider registered with chat capabilities
[2025-11-13T13:20:59.350Z] [INFO   ] 2025-11-13T13:20:59.350Z [DEBUG] ✅ Slack provider registered with chat capabilities
[2025-11-13T13:20:59.351Z] [INFO   ] 2025-11-13T13:20:59.351Z [DEBUG] ✅ Airtable provider registered with database capabilities
[2025-11-13T13:20:59.351Z] [INFO   ] 2025-11-13T13:20:59.351Z [DEBUG] ✅ HubSpot provider registered with CRM capabilities
[2025-11-13T13:20:59.351Z] [INFO   ] 2025-11-13T13:20:59.351Z [DEBUG] ✅ Trello provider registered with project capabilities
[2025-11-13T13:20:59.351Z] [INFO   ] 2025-11-13T13:20:59.351Z [DEBUG] ✅ Notion provider registered with database capabilities
[2025-11-13T13:20:59.351Z] [INFO   ] 2025-11-13T13:20:59.351Z [DEBUG] ✅ Twitter provider registered with social capabilities
[2025-11-13T13:20:59.351Z] [INFO   ] 2025-11-13T13:20:59.351Z [DEBUG] ✅ Facebook provider registered with social capabilities
[2025-11-13T13:20:59.351Z] [INFO   ] 2025-11-13T13:20:59.351Z [DEBUG] ✅ Google Calendar provider registered with calendar capabilities
[2025-11-13T13:20:59.351Z] [INFO   ] 2025-11-13T13:20:59.351Z [DEBUG] ✅ GitHub provider registered with DevOps capabilities
[2025-11-13T13:20:59.352Z] [INFO   ] 2025-11-13T13:20:59.351Z [DEBUG] ✅ Google Drive provider registered with file capabilities
[2025-11-13T13:20:59.352Z] [INFO   ] 2025-11-13T13:20:59.352Z [DEBUG] ✅ Google Sheets provider registered with database capabilities
[2025-11-13T13:20:59.352Z] [INFO   ] 2025-11-13T13:20:59.352Z [DEBUG] ✅ Google Docs provider registered with document capabilities
[2025-11-13T13:20:59.352Z] [INFO   ] 2025-11-13T13:20:59.352Z [DEBUG] ✅ Microsoft Teams provider registered with chat capabilities
[2025-11-13T13:20:59.352Z] [INFO   ] 2025-11-13T13:20:59.352Z [DEBUG] ✅ Microsoft OneDrive provider registered with file capabilities
[2025-11-13T13:20:59.352Z] [INFO   ] 2025-11-13T13:20:59.352Z [DEBUG] ✅ Microsoft Outlook provider registered with email capabilities
[2025-11-13T13:20:59.352Z] [INFO   ] 2025-11-13T13:20:59.352Z [DEBUG] ✅ Stripe provider registered with payment capabilities
[2025-11-13T13:20:59.352Z] [INFO   ] 2025-11-13T13:20:59.352Z [DEBUG] ✅ Dropbox provider registered with file capabilities
[2025-11-13T13:20:59.352Z] [INFO   ] 2025-11-13T13:20:59.352Z [DEBUG] ✅ Mailchimp provider registered with email capabilities
[2025-11-13T13:20:59.352Z] [INFO   ] 2025-11-13T13:20:59.352Z [DEBUG] ✅ Microsoft Calendar provider registered with calendar capabilities
[2025-11-13T13:20:59.352Z] [INFO   ] 2025-11-13T13:20:59.352Z [DEBUG] ✅ Zoom provider registered with chat capabilities
[2025-11-13T13:20:59.353Z] [INFO   ] 2025-11-13T13:20:59.353Z [DEBUG] ✅ Salesforce provider registered with CRM capabilities
[2025-11-13T13:20:59.353Z] [INFO   ] 2025-11-13T13:20:59.353Z [DEBUG] ✅ Registered 23 providers
[2025-11-13T13:20:59.353Z] [INFO   ] 2025-11-13T13:20:59.353Z [DEBUG] ✅ Registered 138 actions
[2025-11-13T13:20:59.353Z] [INFO   ] 2025-11-13T13:20:59.353Z [DEBUG] 🏥 Health monitoring disabled in development mode
[2025-11-13T13:20:59.353Z] [INFO   ] 2025-11-13T13:20:59.353Z [DEBUG] ✅ Application initialized successfully
[2025-11-13T13:21:04.202Z] [ERROR  ] 2025-11-13T13:21:04.202Z [ERROR] [TestIntegration] Action test failed: {"provider":"airtable","error":"Node must have nodeType and providerId"}
[2025-11-13T13:21:07.060Z] [ERROR  ] 2025-11-13T13:21:07.060Z [ERROR] [TestIntegration] Action test failed: {"provider":"airtable","error":"Node must have nodeType and providerId"}
[2025-11-13T13:21:12.696Z] [WARN   ] 2025-11-13T13:21:12.695Z [WARN] [TestIntegration] Failed to load dynamic field filterValue: No options available for filterValue
[2025-11-13T13:21:12.698Z] [ERROR  ] 2025-11-13T13:21:12.698Z [ERROR] [TestIntegration] Action test failed: {"provider":"airtable","error":"Node must have nodeType and providerId"}
[2025-11-13T13:21:15.469Z] [ERROR  ] 2025-11-13T13:21:15.469Z [ERROR] [TestIntegration] Action test failed: {"provider":"airtable","error":"Node must have nodeType and providerId"}
[2025-11-13T13:21:19.625Z] [ERROR  ] 2025-11-13T13:21:19.625Z [ERROR] [TestIntegration] Action test failed: {"provider":"airtable","error":"Node must have nodeType and providerId"}
[2025-11-13T13:21:22.448Z] [ERROR  ] 2025-11-13T13:21:22.447Z [ERROR] [TestIntegration] Action test failed: {"provider":"airtable","error":"Node must have nodeType and providerId"}
[2025-11-13T13:21:26.607Z] [ERROR  ] 2025-11-13T13:21:26.607Z [ERROR] [TestIntegration] Action test failed: {"provider":"airtable","error":"Node must have nodeType and providerId"}
[2025-11-13T13:21:29.543Z] [WARN   ] 2025-11-13T13:21:29.543Z [WARN] [TestIntegration] Failed to load dynamic field attachmentField: {"error":"Unsupported data type: airtable_attachment_fields"}
[2025-11-13T13:21:29.544Z] [ERROR  ] 2025-11-13T13:21:29.544Z [ERROR] [TestIntegration] Action test failed: {"provider":"airtable","error":"Node must have nodeType and providerId"}
[2025-11-13T13:21:32.364Z] [ERROR  ] 2025-11-13T13:21:32.364Z [ERROR] [TestIntegration] Action test failed: {"provider":"airtable","error":"Node must have nodeType and providerId"}
[2025-11-13T13:21:35.164Z] [ERROR  ] 2025-11-13T13:21:35.163Z [ERROR] [TestIntegration] Action test failed: {"provider":"airtable","error":"Node must have nodeType and providerId"}
[2025-11-13T13:21:36.574Z] [ERROR  ] 2025-11-13T13:21:36.574Z [ERROR] [TestIntegration] Action test failed: {"provider":"airtable","error":"Node must have nodeType and providerId"}
[2025-11-13T13:21:39.339Z] [ERROR  ] 2025-11-13T13:21:39.338Z [ERROR] [TestIntegration] Action test failed: {"provider":"airtable","error":"Node must have nodeType and providerId"}
[2025-11-13T13:23:00.389Z] [INFO   ] 2025-11-13T13:23:00.388Z [DEBUG] 🔑 Discord bot token loaded
[2025-11-13T13:23:00.579Z] [INFO   ] 2025-11-13T13:23:00.579Z [DEBUG] Discord Gateway closed, persistent reconnect disabled
[2025-11-13T13:23:00.941Z] [INFO   ] 2025-11-13T13:23:00.941Z [DEBUG] Discord Gateway WebSocket connection established
[2025-11-13T13:23:00.944Z] [INFO   ] 2025-11-13T13:23:00.944Z [DEBUG] 🔑 Sending identify with intents: {"GUILDS":true,"GUILD_MEMBERS":true,"GUILD_INVITES":true,"GUILD_MESSAGES":true,"MESSAGE_CONTENT":true,"intentsValue":33347}
[2025-11-13T13:24:46.976Z] [INFO   ]  [32m[1m✓[22m[39m Compiled in 1524ms (4573 modules)
[2025-11-13T13:24:48.923Z] [INFO   ]  [32m[1m✓[22m[39m Compiled /api/presence/count in 296ms (3894 modules)

=== Log Session Ended: 2025-11-13T13:26:44.164Z ===
