=== Log Session Started: 2025-10-20T21:06:52.104Z ===
Node Version: v23.7.0
Platform: darwin
Working Directory: /Users/nathanielstoddard/chainreact-app/chainreact-app-9e
================================================================================

[2025-10-20T21:06:52.105Z] [INFO   ] File logging initialized
[2025-10-20T21:06:52.105Z] [INFO   ] Log file: /Users/nathanielstoddard/chainreact-app/chainreact-app-9e/logs/workflow_2025-10-20_16-06-52.log
[2025-10-20T21:06:52.107Z] [INFO   ] 📁 File logging enabled
[2025-10-20T21:06:52.107Z] [INFO   ] 📝 Logs will be written to: /Users/nathanielstoddard/chainreact-app/chainreact-app-9e/logs/workflow_2025-10-20_16-06-52.log
[2025-10-20T21:06:52.107Z] [INFO   ] 💡 To view logs in real-time: tail -f /Users/nathanielstoddard/chainreact-app/chainreact-app-9e/logs/workflow_2025-10-20_16-06-52.log
[2025-10-20T21:06:52.107Z] [INFO   ] 💡 To view all logs: cat /Users/nathanielstoddard/chainreact-app/chainreact-app-9e/logs/workflow_2025-10-20_16-06-52.log
[2025-10-20T21:06:52.107Z] [INFO   ] 💡 To share logs: Copy the file at /Users/nathanielstoddard/chainreact-app/chainreact-app-9e/logs/workflow_2025-10-20_16-06-52.log
[2025-10-20T21:06:52.107Z] [INFO   ] --------------------------------------------------------------------------------
[2025-10-20T21:06:52.107Z] [DEBUG  ] 📁 File logging system initialized
[2025-10-20T21:06:52.126Z] [INFO   ]  [32m[1m✓[22m[39m Ready in 3.1s
[2025-10-20T21:06:52.826Z] [INFO   ]  [37m[1m○[22m[39m Compiling /ai-assistant ...
[2025-10-20T21:06:53.109Z] [INFO   ] 2025-10-20T21:06:53.109Z [DEBUG] 🤖 Discord bot configured, initializing gateway connection in background...
[2025-10-20T21:06:54.808Z] [INFO   ] 2025-10-20T21:06:54.808Z [DEBUG] Initializing Discord Gateway connection (singleton)...
[2025-10-20T21:06:54.808Z] [INFO   ] 2025-10-20T21:06:54.808Z [DEBUG] 🔑 Discord bot token loaded
[2025-10-20T21:06:55.146Z] [INFO   ] 2025-10-20T21:06:55.146Z [DEBUG] Discord Gateway initialization complete
[2025-10-20T21:06:55.147Z] [INFO   ] 2025-10-20T21:06:55.147Z [DEBUG] ✅ Discord bot gateway connection initialized
[2025-10-20T21:06:55.902Z] [INFO   ] 2025-10-20T21:06:55.902Z [DEBUG] Discord Gateway WebSocket connection established
[2025-10-20T21:06:55.902Z] [INFO   ] 2025-10-20T21:06:55.902Z [DEBUG] 🔑 Sending identify with intents: {"GUILDS":true,"GUILD_MEMBERS":true,"GUILD_INVITES":true,"GUILD_MESSAGES":true,"MESSAGE_CONTENT":true,"intentsValue":33347}
[2025-10-20T21:06:56.179Z] [INFO   ] 2025-10-20T21:06:56.179Z [DEBUG] 🎉 Discord bot ready! {"sessionId":"10042254a8a50c4af293c9fbd409ffda","username":"ChainReact-Bot","userId":"1378595955212812308","guildCount":2}
[2025-10-20T21:06:56.179Z] [INFO   ] 2025-10-20T21:06:56.179Z [DEBUG] 📋 Initializing invite cache...
[2025-10-20T21:06:56.179Z] [INFO   ] 2025-10-20T21:06:56.179Z [DEBUG] 📡 Discord event received: GUILD_CREATE
[2025-10-20T21:06:56.180Z] [INFO   ] 2025-10-20T21:06:56.180Z [DEBUG] 📡 Discord event received: GUILD_CREATE
[2025-10-20T21:06:56.744Z] [INFO   ] 2025-10-20T21:06:56.744Z [DEBUG] ✅ Cached 3 invites for guild 1378950884045623406
[2025-10-20T21:06:56.967Z] [INFO   ]  [32m[1m✓[22m[39m Compiled /ai-assistant in 4.8s (3924 modules)
[2025-10-20T21:06:57.267Z] [INFO   ] 2025-10-20T21:06:57.267Z [DEBUG] 💧 [AUTH] Rehydrating auth state from storage {"hasState":true,"hasUser":false,"initialized":false,"timestamp":"2025-10-20T21:06:57.267Z"}
[2025-10-20T21:06:57.270Z] [INFO   ] 2025-10-20T21:06:57.270Z [DEBUG] 💧 [AUTH] State hydrated and reset {"hasUser":false,"initialized":false,"timestamp":"2025-10-20T21:06:57.270Z"}
[2025-10-20T21:06:57.270Z] [INFO   ] 2025-10-20T21:06:57.270Z [DEBUG] ⏭️ [AUTH] Skipping initialization {"hasState":true,"alreadyInitialized":false,"isClient":false,"timestamp":"2025-10-20T21:06:57.270Z"}
[2025-10-20T21:06:57.537Z] [INFO   ]  [32m[1m✓[22m[39m Compiled in 556ms (693 modules)
[2025-10-20T21:06:57.924Z] [INFO   ] 2025-10-20T21:06:57.923Z [DEBUG] [Username Check] {"userId":"a3e3a51a-175c-4b59-ad03-227ba12a18b0","hasEmail":true,"provider":"email","hasUsername":true,"isGoogleUser":false}
[2025-10-20T21:06:59.580Z] [INFO   ]  [37m[1m○[22m[39m Compiling /api/presence/count ...
[2025-10-20T21:07:00.227Z] [INFO   ]  [32m[1m✓[22m[39m Compiled /middleware in 1222ms (4171 modules)
[2025-10-20T21:07:04.792Z] [INFO   ]  [32m[1m✓[22m[39m Compiled /api/integrations in 210ms (3940 modules)
[2025-10-20T21:07:04.863Z] [INFO   ] 2025-10-20T21:07:04.862Z [DEBUG] 📍 [API /api/integrations] GET request received {"timestamp":"2025-10-20T21:07:04.862Z","headers":{"referer":"check-console"}}
[2025-10-20T21:07:05.059Z] [INFO   ] 2025-10-20T21:07:05.059Z [DEBUG] ✅ [API /api/integrations] User authenticated {"userId":"a3e3a51a-175c-4b59-ad03-227ba12a18b0"}
[2025-10-20T21:07:05.228Z] [INFO   ] 2025-10-20T21:07:05.227Z [DEBUG] 📊 [API /api/integrations] Query result {"count":14,"error":null,"firstFew":[{"provider":"notion","status":"connected"},{"provider":"mailchimp","status":"connected"}]}
[2025-10-20T21:07:49.968Z] [INFO   ]  [32m[1m✓[22m[39m Compiled in 697ms (3954 modules)
[2025-10-20T21:07:50.145Z] [INFO   ] 2025-10-20T21:07:50.144Z [DEBUG] [Username Check] {"userId":"a3e3a51a-175c-4b59-ad03-227ba12a18b0","hasEmail":true,"provider":"email","hasUsername":true,"isGoogleUser":false}
[2025-10-20T21:11:59.086Z] [ERROR  ]  [31m[1m⨯[22m[39m Cannot find module './95873.js'
Require stack:
- /Users/nathanielstoddard/chainreact-app/chainreact-app-9e/.next/server/webpack-runtime.js
- /Users/nathanielstoddard/chainreact-app/chainreact-app-9e/.next/server/app/ai-assistant/page.js
- /Users/nathanielstoddard/chainreact-app/chainreact-app-9e/node_modules/next/dist/server/require.js
- /Users/nathanielstoddard/chainreact-app/chainreact-app-9e/node_modules/next/dist/server/load-components.js
- /Users/nathanielstoddard/chainreact-app/chainreact-app-9e/node_modules/next/dist/build/utils.js
- /Users/nathanielstoddard/chainreact-app/chainreact-app-9e/node_modules/next/dist/build/swc/options.js
- /Users/nathanielstoddard/chainreact-app/chainreact-app-9e/node_modules/next/dist/build/swc/index.js
- /Users/nathanielstoddard/chainreact-app/chainreact-app-9e/node_modules/next/dist/build/analysis/parse-module.js
- /Users/nathanielstoddard/chainreact-app/chainreact-app-9e/node_modules/next/dist/build/analysis/get-page-static-info.js
- /Users/nathanielstoddard/chainreact-app/chainreact-app-9e/node_modules/next/dist/server/lib/router-utils/setup-dev-bundler.js
- /Users/nathanielstoddard/chainreact-app/chainreact-app-9e/node_modules/next/dist/server/lib/router-server.js
- /Users/nathanielstoddard/chainreact-app/chainreact-app-9e/node_modules/next/dist/server/lib/start-server.js
Error: Cannot find module './95873.js'
Require stack:
- /Users/nathanielstoddard/chainreact-app/chainreact-app-9e/.next/server/webpack-runtime.js
- /Users/nathanielstoddard/chainreact-app/chainreact-app-9e/.next/server/app/ai-assistant/page.js
- /Users/nathanielstoddard/chainreact-app/chainreact-app-9e/node_modules/next/dist/server/require.js
- /Users/nathanielstoddard/chainreact-app/chainreact-app-9e/node_modules/next/dist/server/load-components.js
- /Users/nathanielstoddard/chainreact-app/chainreact-app-9e/node_modules/next/dist/build/utils.js
- /Users/nathanielstoddard/chainreact-app/chainreact-app-9e/node_modules/next/dist/build/swc/options.js
- /Users/nathanielstoddard/chainreact-app/chainreact-app-9e/node_modules/next/dist/build/swc/index.js
- /Users/nathanielstoddard/chainreact-app/chainreact-app-9e/node_modules/next/dist/build/analysis/parse-module.js
- /Users/nathanielstoddard/chainreact-app/chainreact-app-9e/node_modules/next/dist/build/analysis/get-page-static-info.js
- /Users/nathanielstoddard/chainreact-app/chainreact-app-9e/node_modules/next/dist/server/lib/router-utils/setup-dev-bundler.js
- /Users/nathanielstoddard/chainreact-app/chainreact-app-9e/node_modules/next/dist/server/lib/router-server.js
- /Users/nathanielstoddard/chainreact-app/chainreact-app-9e/node_modules/next/dist/server/lib/start-server.js
    at Function.<anonymous> (node:internal/modules/cjs/loader:1394:15)
    at /Users/nathanielstoddard/chainreact-app/chainreact-app-9e/node_modules/next/dist/server/require-hook.js:57:36
    at defaultResolveImpl (node:internal/modules/cjs/loader:1050:19)
    at resolveForCJSWithHooks (node:internal/modules/cjs/loader:1055:22)
    at Function._load (node:internal/modules/cjs/loader:1204:37)
    at TracingChannel.traceSync (node:diagnostics_channel:322:14)
    at wrapModuleLoad (node:internal/modules/cjs/loader:234:24)
    at Module.<anonymous> (node:internal/modules/cjs/loader:1480:12)
    at mod.require (/Users/nathanielstoddard/chainreact-app/chainreact-app-9e/node_modules/next/dist/server/require-hook.js:68:28)
    at require (node:internal/modules/helpers:135:16)
    at __webpack_require__.f.require (/Users/nathanielstoddard/chainreact-app/chainreact-app-9e/.next/server/webpack-runtime.js:200:28)
    at /Users/nathanielstoddard/chainreact-app/chainreact-app-9e/.next/server/webpack-runtime.js:108:40
    at Array.reduce (<anonymous>)
    at __webpack_require__.e (/Users/nathanielstoddard/chainreact-app/chainreact-app-9e/.next/server/webpack-runtime.js:107:67)
    at Array.map (<anonymous>)
    at __webpack_require__.X (/Users/nathanielstoddard/chainreact-app/chainreact-app-9e/.next/server/webpack-runtime.js:159:22)
    at /Users/nathanielstoddard/chainreact-app/chainreact-app-9e/.next/server/app/api/presence/count/route.js:1:10980
    at Object.<anonymous> (/Users/nathanielstoddard/chainreact-app/chainreact-app-9e/.next/server/app/api/presence/count/route.js:1:11058)
    at Module._compile (node:internal/modules/cjs/loader:1723:14)
    at Object..js (node:internal/modules/cjs/loader:1888:10)
    at Module.load (node:internal/modules/cjs/loader:1458:32)
    at Function._load (node:internal/modules/cjs/loader:1275:12)
    at TracingChannel.traceSync (node:diagnostics_channel:322:14)
    at wrapModuleLoad (node:internal/modules/cjs/loader:234:24)
    at Module.<anonymous> (node:internal/modules/cjs/loader:1480:12)
    at mod.require (/Users/nathanielstoddard/chainreact-app/chainreact-app-9e/node_modules/next/dist/server/require-hook.js:68:28)
    at require (node:internal/modules/helpers:135:16)
    at requirePage (/Users/nathanielstoddard/chainreact-app/chainreact-app-9e/node_modules/next/dist/server/require.js:99:80)
    at loadComponentsImpl (/Users/nathanielstoddard/chainreact-app/chainreact-app-9e/node_modules/next/dist/server/load-components.js:132:57)
    at async DevServer.findPageComponentsImpl (/Users/nathanielstoddard/chainreact-app/chainreact-app-9e/node_modules/next/dist/server/next-server.js:899:36)
    at async DevServer.findPageComponents (/Users/nathanielstoddard/chainreact-app/chainreact-app-9e/node_modules/next/dist/server/dev/next-dev-server.js:705:16)
    at async DevServer.renderPageComponent (/Users/nathanielstoddard/chainreact-app/chainreact-app-9e/node_modules/next/dist/server/base-server.js:1460:24)
    at async DevServer.renderToResponseImpl (/Users/nathanielstoddard/chainreact-app/chainreact-app-9e/node_modules/next/dist/server/base-server.js:1514:32)
    at async DevServer.pipeImpl (/Users/nathanielstoddard/chainreact-app/chainreact-app-9e/node_modules/next/dist/server/base-server.js:1025:25)
    at async NextNodeServer.handleCatchallRenderRequest (/Users/nathanielstoddard/chainreact-app/chainreact-app-9e/node_modules/next/dist/server/next-server.js:393:17)
    at async DevServer.handleRequestImpl (/Users/nathanielstoddard/chainreact-app/chainreact-app-9e/node_modules/next/dist/server/base-server.js:916:17)
    at async /Users/nathanielstoddard/chainreact-app/chainreact-app-9e/node_modules/next/dist/server/dev/next-dev-server.js:399:20
    at async Span.traceAsyncFn (/Users/nathanielstoddard/chainreact-app/chainreact-app-9e/node_modules/next/dist/trace/trace.js:157:20)
    at async DevServer.handleRequest (/Users/nathanielstoddard/chainreact-app/chainreact-app-9e/node_modules/next/dist/server/dev/next-dev-server.js:395:24)
    at async invokeRender (/Users/nathanielstoddard/chainreact-app/chainreact-app-9e/node_modules/next/dist/server/lib/router-server.js:240:21)
    at async handleRequest (/Users/nathanielstoddard/chainreact-app/chainreact-app-9e/node_modules/next/dist/server/lib/router-server.js:437:24)
    at async requestHandlerImpl (/Users/nathanielstoddard/chainreact-app/chainreact-app-9e/node_modules/next/dist/server/lib/router-server.js:485:13)
    at async Server.requestListener (/Users/nathanielstoddard/chainreact-app/chainreact-app-9e/node_modules/next/dist/server/lib/start-server.js:226:13)
[2025-10-20T21:11:59.692Z] [INFO   ]  [37m[1m○[22m[39m Compiling /_error ...
[2025-10-20T21:11:59.978Z] [INFO   ]  [32m[1m✓[22m[39m Compiled /_error in 890ms (4270 modules)
[2025-10-20T21:12:00.391Z] [INFO   ] 2025-10-20T21:12:00.391Z [DEBUG] [Username Check] {"userId":"a3e3a51a-175c-4b59-ad03-227ba12a18b0","hasEmail":true,"provider":"email","hasUsername":true,"isGoogleUser":false}
[2025-10-20T21:12:00.449Z] [INFO   ] 2025-10-20T21:12:00.449Z [DEBUG] [Username Check] {"userId":"a3e3a51a-175c-4b59-ad03-227ba12a18b0","hasEmail":true,"provider":"email","hasUsername":true,"isGoogleUser":false}
[2025-10-20T21:16:59.079Z] [ERROR  ]  [31m[1m⨯[22m[39m Cannot find module './95873.js'
Require stack:
- /Users/nathanielstoddard/chainreact-app/chainreact-app-9e/.next/server/webpack-runtime.js
- /Users/nathanielstoddard/chainreact-app/chainreact-app-9e/.next/server/pages/_document.js
- /Users/nathanielstoddard/chainreact-app/chainreact-app-9e/node_modules/next/dist/server/require.js
- /Users/nathanielstoddard/chainreact-app/chainreact-app-9e/node_modules/next/dist/server/load-components.js
- /Users/nathanielstoddard/chainreact-app/chainreact-app-9e/node_modules/next/dist/build/utils.js
- /Users/nathanielstoddard/chainreact-app/chainreact-app-9e/node_modules/next/dist/build/swc/options.js
- /Users/nathanielstoddard/chainreact-app/chainreact-app-9e/node_modules/next/dist/build/swc/index.js
- /Users/nathanielstoddard/chainreact-app/chainreact-app-9e/node_modules/next/dist/build/analysis/parse-module.js
- /Users/nathanielstoddard/chainreact-app/chainreact-app-9e/node_modules/next/dist/build/analysis/get-page-static-info.js
- /Users/nathanielstoddard/chainreact-app/chainreact-app-9e/node_modules/next/dist/server/lib/router-utils/setup-dev-bundler.js
- /Users/nathanielstoddard/chainreact-app/chainreact-app-9e/node_modules/next/dist/server/lib/router-server.js
- /Users/nathanielstoddard/chainreact-app/chainreact-app-9e/node_modules/next/dist/server/lib/start-server.js
Error: Cannot find module './95873.js'
Require stack:
- /Users/nathanielstoddard/chainreact-app/chainreact-app-9e/.next/server/webpack-runtime.js
- /Users/nathanielstoddard/chainreact-app/chainreact-app-9e/.next/server/pages/_document.js
- /Users/nathanielstoddard/chainreact-app/chainreact-app-9e/node_modules/next/dist/server/require.js
- /Users/nathanielstoddard/chainreact-app/chainreact-app-9e/node_modules/next/dist/server/load-components.js
- /Users/nathanielstoddard/chainreact-app/chainreact-app-9e/node_modules/next/dist/build/utils.js
- /Users/nathanielstoddard/chainreact-app/chainreact-app-9e/node_modules/next/dist/build/swc/options.js
- /Users/nathanielstoddard/chainreact-app/chainreact-app-9e/node_modules/next/dist/build/swc/index.js
- /Users/nathanielstoddard/chainreact-app/chainreact-app-9e/node_modules/next/dist/build/analysis/parse-module.js
- /Users/nathanielstoddard/chainreact-app/chainreact-app-9e/node_modules/next/dist/build/analysis/get-page-static-info.js
- /Users/nathanielstoddard/chainreact-app/chainreact-app-9e/node_modules/next/dist/server/lib/router-utils/setup-dev-bundler.js
- /Users/nathanielstoddard/chainreact-app/chainreact-app-9e/node_modules/next/dist/server/lib/router-server.js
- /Users/nathanielstoddard/chainreact-app/chainreact-app-9e/node_modules/next/dist/server/lib/start-server.js
    at Function.<anonymous> (node:internal/modules/cjs/loader:1394:15)
    at /Users/nathanielstoddard/chainreact-app/chainreact-app-9e/node_modules/next/dist/server/require-hook.js:57:36
    at defaultResolveImpl (node:internal/modules/cjs/loader:1050:19)
    at resolveForCJSWithHooks (node:internal/modules/cjs/loader:1055:22)
    at Function._load (node:internal/modules/cjs/loader:1204:37)
    at TracingChannel.traceSync (node:diagnostics_channel:322:14)
    at wrapModuleLoad (node:internal/modules/cjs/loader:234:24)
    at Module.<anonymous> (node:internal/modules/cjs/loader:1480:12)
    at mod.require (/Users/nathanielstoddard/chainreact-app/chainreact-app-9e/node_modules/next/dist/server/require-hook.js:68:28)
    at require (node:internal/modules/helpers:135:16)
    at __webpack_require__.f.require (/Users/nathanielstoddard/chainreact-app/chainreact-app-9e/.next/server/webpack-runtime.js:200:28)
    at /Users/nathanielstoddard/chainreact-app/chainreact-app-9e/.next/server/webpack-runtime.js:108:40
    at Array.reduce (<anonymous>)
    at __webpack_require__.e (/Users/nathanielstoddard/chainreact-app/chainreact-app-9e/.next/server/webpack-runtime.js:107:67)
    at Array.map (<anonymous>)
    at __webpack_require__.X (/Users/nathanielstoddard/chainreact-app/chainreact-app-9e/.next/server/webpack-runtime.js:159:22)
    at /Users/nathanielstoddard/chainreact-app/chainreact-app-9e/.next/server/app/api/presence/count/route.js:1:10980
    at Object.<anonymous> (/Users/nathanielstoddard/chainreact-app/chainreact-app-9e/.next/server/app/api/presence/count/route.js:1:11058)
    at Module._compile (node:internal/modules/cjs/loader:1723:14)
    at Object..js (node:internal/modules/cjs/loader:1888:10)
    at Module.load (node:internal/modules/cjs/loader:1458:32)
    at Function._load (node:internal/modules/cjs/loader:1275:12)
    at TracingChannel.traceSync (node:diagnostics_channel:322:14)
    at wrapModuleLoad (node:internal/modules/cjs/loader:234:24)
    at Module.<anonymous> (node:internal/modules/cjs/loader:1480:12)
    at mod.require (/Users/nathanielstoddard/chainreact-app/chainreact-app-9e/node_modules/next/dist/server/require-hook.js:68:28)
    at require (node:internal/modules/helpers:135:16)
    at requirePage (/Users/nathanielstoddard/chainreact-app/chainreact-app-9e/node_modules/next/dist/server/require.js:99:80)
    at loadComponentsImpl (/Users/nathanielstoddard/chainreact-app/chainreact-app-9e/node_modules/next/dist/server/load-components.js:132:57)
    at async DevServer.findPageComponentsImpl (/Users/nathanielstoddard/chainreact-app/chainreact-app-9e/node_modules/next/dist/server/next-server.js:899:36)
    at async DevServer.findPageComponents (/Users/nathanielstoddard/chainreact-app/chainreact-app-9e/node_modules/next/dist/server/dev/next-dev-server.js:705:16)
    at async DevServer.renderPageComponent (/Users/nathanielstoddard/chainreact-app/chainreact-app-9e/node_modules/next/dist/server/base-server.js:1460:24)
    at async DevServer.renderToResponseImpl (/Users/nathanielstoddard/chainreact-app/chainreact-app-9e/node_modules/next/dist/server/base-server.js:1514:32)
    at async DevServer.pipeImpl (/Users/nathanielstoddard/chainreact-app/chainreact-app-9e/node_modules/next/dist/server/base-server.js:1025:25)
    at async NextNodeServer.handleCatchallRenderRequest (/Users/nathanielstoddard/chainreact-app/chainreact-app-9e/node_modules/next/dist/server/next-server.js:393:17)
    at async DevServer.handleRequestImpl (/Users/nathanielstoddard/chainreact-app/chainreact-app-9e/node_modules/next/dist/server/base-server.js:916:17)
    at async /Users/nathanielstoddard/chainreact-app/chainreact-app-9e/node_modules/next/dist/server/dev/next-dev-server.js:399:20
    at async Span.traceAsyncFn (/Users/nathanielstoddard/chainreact-app/chainreact-app-9e/node_modules/next/dist/trace/trace.js:157:20)
    at async DevServer.handleRequest (/Users/nathanielstoddard/chainreact-app/chainreact-app-9e/node_modules/next/dist/server/dev/next-dev-server.js:395:24)
    at async invokeRender (/Users/nathanielstoddard/chainreact-app/chainreact-app-9e/node_modules/next/dist/server/lib/router-server.js:240:21)
    at async handleRequest (/Users/nathanielstoddard/chainreact-app/chainreact-app-9e/node_modules/next/dist/server/lib/router-server.js:437:24)
    at async requestHandlerImpl (/Users/nathanielstoddard/chainreact-app/chainreact-app-9e/node_modules/next/dist/server/lib/router-server.js:485:13)
    at async Server.requestListener (/Users/nathanielstoddard/chainreact-app/chainreact-app-9e/node_modules/next/dist/server/lib/start-server.js:226:13)
[2025-10-20T21:17:13.533Z] [INFO   ] 2025-10-20T21:17:13.533Z [DEBUG] 💧 [AUTH] Rehydrating auth state from storage {"hasState":true,"hasUser":false,"initialized":false,"timestamp":"2025-10-20T21:17:13.533Z"}
[2025-10-20T21:17:13.539Z] [INFO   ] 2025-10-20T21:17:13.539Z [DEBUG] 💧 [AUTH] State hydrated and reset {"hasUser":false,"initialized":false,"timestamp":"2025-10-20T21:17:13.539Z"}
[2025-10-20T21:17:13.539Z] [INFO   ] 2025-10-20T21:17:13.539Z [DEBUG] ⏭️ [AUTH] Skipping initialization {"hasState":true,"alreadyInitialized":false,"isClient":false,"timestamp":"2025-10-20T21:17:13.539Z"}
[2025-10-20T21:17:13.918Z] [INFO   ] 2025-10-20T21:17:13.918Z [DEBUG] [Username Check] {"userId":"a3e3a51a-175c-4b59-ad03-227ba12a18b0","hasEmail":true,"provider":"email","hasUsername":true,"isGoogleUser":false}

=== Log Session Ended: 2025-10-20T21:17:16.358Z ===
