=== Log Session Started: 2025-10-23T14:56:53.516Z ===
Node Version: v23.7.0
Platform: darwin
Working Directory: /Users/nathanielstoddard/chainreact-app/chainreact-app-9e
================================================================================

[2025-10-23T14:56:53.517Z] [INFO   ] File logging initialized
[2025-10-23T14:56:53.517Z] [INFO   ] Log file: /Users/nathanielstoddard/chainreact-app/chainreact-app-9e/logs/workflow_2025-10-23_09-56-53.log
[2025-10-23T14:56:53.520Z] [INFO   ] Deleted old log file: workflow_2025-10-16_09-36-04.log
[2025-10-23T14:56:53.520Z] [INFO   ] Deleted old log file: workflow_2025-10-16_09-32-16.log
[2025-10-23T14:56:53.521Z] [INFO   ] Deleted old log file: workflow_2025-10-16_09-30-48.log
[2025-10-23T14:56:53.521Z] [INFO   ] Deleted old log file: workflow_2025-10-16_08-54-06.log
[2025-10-23T14:56:53.522Z] [INFO   ] 📁 File logging enabled
[2025-10-23T14:56:53.522Z] [INFO   ] 📝 Logs will be written to: /Users/nathanielstoddard/chainreact-app/chainreact-app-9e/logs/workflow_2025-10-23_09-56-53.log
[2025-10-23T14:56:53.522Z] [INFO   ] 💡 To view logs in real-time: tail -f /Users/nathanielstoddard/chainreact-app/chainreact-app-9e/logs/workflow_2025-10-23_09-56-53.log
[2025-10-23T14:56:53.522Z] [INFO   ] 💡 To view all logs: cat /Users/nathanielstoddard/chainreact-app/chainreact-app-9e/logs/workflow_2025-10-23_09-56-53.log
[2025-10-23T14:56:53.522Z] [INFO   ] 💡 To share logs: Copy the file at /Users/nathanielstoddard/chainreact-app/chainreact-app-9e/logs/workflow_2025-10-23_09-56-53.log
[2025-10-23T14:56:53.522Z] [INFO   ] --------------------------------------------------------------------------------
[2025-10-23T14:56:53.522Z] [DEBUG  ] 📁 File logging system initialized
[2025-10-23T14:56:53.534Z] [INFO   ]  [32m[1m✓[22m[39m Ready in 2.6s
[2025-10-23T14:56:54.544Z] [INFO   ] 2025-10-23T14:56:54.544Z [DEBUG] 🤖 Discord bot configured, initializing gateway connection in background...
[2025-10-23T14:56:56.185Z] [INFO   ] 2025-10-23T14:56:56.185Z [DEBUG] Initializing Discord Gateway connection (singleton)...
[2025-10-23T14:56:56.186Z] [INFO   ] 2025-10-23T14:56:56.186Z [DEBUG] 🔑 Discord bot token loaded
[2025-10-23T14:56:56.424Z] [INFO   ] 2025-10-23T14:56:56.424Z [DEBUG] Discord Gateway initialization complete
[2025-10-23T14:56:56.426Z] [INFO   ] 2025-10-23T14:56:56.426Z [DEBUG] ✅ Discord bot gateway connection initialized
[2025-10-23T14:56:56.628Z] [INFO   ] 2025-10-23T14:56:56.628Z [DEBUG] Discord Gateway WebSocket connection established
[2025-10-23T14:56:56.629Z] [INFO   ] 2025-10-23T14:56:56.629Z [DEBUG] 🔑 Sending identify with intents: {"GUILDS":true,"GUILD_MEMBERS":true,"GUILD_INVITES":true,"GUILD_MESSAGES":true,"MESSAGE_CONTENT":true,"intentsValue":33347}
[2025-10-23T14:56:56.811Z] [INFO   ] 2025-10-23T14:56:56.810Z [DEBUG] 🎉 Discord bot ready! {"sessionId":"b20ec7423a1f54313afc21bcfa69dc33","username":"ChainReact-Bot","userId":"1378595955212812308","guildCount":2}
[2025-10-23T14:56:56.812Z] [INFO   ] 2025-10-23T14:56:56.812Z [DEBUG] 📋 Initializing invite cache...
[2025-10-23T14:56:56.829Z] [INFO   ] 2025-10-23T14:56:56.829Z [DEBUG] 📡 Discord event received: GUILD_CREATE
[2025-10-23T14:56:56.829Z] [INFO   ] 2025-10-23T14:56:56.829Z [DEBUG] 📡 Discord event received: GUILD_CREATE
[2025-10-23T14:56:57.071Z] [INFO   ] 2025-10-23T14:56:57.071Z [DEBUG] ✅ Cached 3 invites for guild 1378950884045623406
[2025-10-23T14:57:19.756Z] [INFO   ]  [32m[1m✓[22m[39m Compiled /middleware in 198ms (233 modules)
[2025-10-23T14:57:20.756Z] [INFO   ] 2025-10-23T14:57:20.755Z [DEBUG] [Middleware] Username check: {"path":"/workflows","userId":"a3e3a51a-175c-4b59-ad03-227ba12a18b0","provider":"email","role":"admin","username":"nstoddard17","hasUsername":true,"isBetaTester":false,"isNewBetaUser":false,"accountAge":12664753356}
[2025-10-23T14:57:21.349Z] [INFO   ]  [37m[1m○[22m[39m Compiling /workflows ...
[2025-10-23T14:57:24.314Z] [INFO   ]  [32m[1m✓[22m[39m Compiled /workflows in 3.5s (4031 modules)
[2025-10-23T14:57:24.701Z] [INFO   ] 2025-10-23T14:57:24.701Z [DEBUG] 💧 [AUTH] Rehydrating auth state from storage {"hasState":true,"hasUser":false,"initialized":false,"timestamp":"2025-10-23T14:57:24.701Z"}
[2025-10-23T14:57:24.704Z] [INFO   ] 2025-10-23T14:57:24.704Z [DEBUG] 💧 [AUTH] State hydrated and reset {"hasUser":false,"initialized":false,"timestamp":"2025-10-23T14:57:24.704Z"}
[2025-10-23T14:57:24.704Z] [INFO   ] 2025-10-23T14:57:24.704Z [DEBUG] ⏭️ [AUTH] Skipping initialization {"hasState":true,"alreadyInitialized":false,"isClient":false,"timestamp":"2025-10-23T14:57:24.704Z"}
[2025-10-23T14:57:25.069Z] [INFO   ]  [32m[1m✓[22m[39m Compiled in 739ms (728 modules)
[2025-10-23T14:57:25.283Z] [INFO   ] 2025-10-23T14:57:25.283Z [DEBUG] [Username Check] {"userId":"a3e3a51a-175c-4b59-ad03-227ba12a18b0","hasEmail":true,"provider":"email","hasUsername":true,"isGoogleUser":false}
[2025-10-23T14:57:25.948Z] [INFO   ]  [37m[1m○[22m[39m Compiling /api/presence/count ...
[2025-10-23T14:57:26.302Z] [INFO   ]  [32m[1m✓[22m[39m Compiled /api/integrations in 857ms (4040 modules)
[2025-10-23T14:57:26.442Z] [INFO   ] 2025-10-23T14:57:26.442Z [DEBUG] 📍 [API /api/integrations] GET request received {"timestamp":"2025-10-23T14:57:26.442Z","headers":{"referer":"check-console"}}
[2025-10-23T14:57:26.599Z] [INFO   ] 2025-10-23T14:57:26.599Z [DEBUG] ✅ [API /api/integrations] User authenticated {"userId":"a3e3a51a-175c-4b59-ad03-227ba12a18b0"}
[2025-10-23T14:57:26.772Z] [INFO   ] 2025-10-23T14:57:26.772Z [DEBUG] 📊 [API /api/integrations] Query result {"count":14,"error":null,"firstFew":[{"provider":"notion","status":"connected"},{"provider":"mailchimp","status":"connected"}]}
[2025-10-23T14:57:28.358Z] [INFO   ]  [37m[1m○[22m[39m Compiling /api/analytics/workflow-stats ...
[2025-10-23T14:57:28.656Z] [INFO   ]  [32m[1m✓[22m[39m Compiled /api/analytics/workflow-stats in 813ms (4048 modules)
[2025-10-23T15:00:46.817Z] [INFO   ]  [32m[1m✓[22m[39m Compiled in 1271ms (4031 modules)
[2025-10-23T15:00:47.175Z] [INFO   ] 2025-10-23T15:00:47.175Z [DEBUG] [Middleware] Username check: {"path":"/workflows","userId":"a3e3a51a-175c-4b59-ad03-227ba12a18b0","provider":"email","role":"admin","username":"nstoddard17","hasUsername":true,"isBetaTester":false,"isNewBetaUser":false,"accountAge":12664959776}
[2025-10-23T15:00:47.453Z] [INFO   ] 2025-10-23T15:00:47.453Z [DEBUG] [Username Check] {"userId":"a3e3a51a-175c-4b59-ad03-227ba12a18b0","hasEmail":true,"provider":"email","hasUsername":true,"isGoogleUser":false}
[2025-10-23T15:00:53.834Z] [INFO   ]  [32m[1m✓[22m[39m Compiled in 544ms (4031 modules)
[2025-10-23T15:00:54.164Z] [INFO   ] 2025-10-23T15:00:54.164Z [DEBUG] [Middleware] Username check: {"path":"/workflows","userId":"a3e3a51a-175c-4b59-ad03-227ba12a18b0","provider":"email","role":"admin","username":"nstoddard17","hasUsername":true,"isBetaTester":false,"isNewBetaUser":false,"accountAge":12664966765}
[2025-10-23T15:00:54.188Z] [INFO   ]  [32m[1m✓[22m[39m Compiled /api/organizations in 224ms (3319 modules)
[2025-10-23T15:00:54.399Z] [INFO   ]  [32m[1m✓[22m[39m Compiled in 0ms (3326 modules)
[2025-10-23T15:00:54.604Z] [INFO   ]  [32m[1m✓[22m[39m Compiled in 1ms (3326 modules)
[2025-10-23T15:00:54.780Z] [INFO   ] 2025-10-23T15:00:54.780Z [DEBUG] [Username Check] {"userId":"a3e3a51a-175c-4b59-ad03-227ba12a18b0","hasEmail":true,"provider":"email","hasUsername":true,"isGoogleUser":false}
[2025-10-23T15:00:55.173Z] [INFO   ]  [32m[1m✓[22m[39m Compiled in 0ms (3326 modules)
[2025-10-23T15:01:09.847Z] [INFO   ]  [32m[1m✓[22m[39m Compiled in 674ms (4054 modules)
[2025-10-23T15:01:09.886Z] [WARN   ]  [33m[1m⚠[22m[39m Fast Refresh had to perform a full reload due to a runtime error.
[2025-10-23T15:01:10.129Z] [INFO   ] 2025-10-23T15:01:10.129Z [DEBUG] [Middleware] Username check: {"path":"/workflows","userId":"a3e3a51a-175c-4b59-ad03-227ba12a18b0","provider":"email","role":"admin","username":"nstoddard17","hasUsername":true,"isBetaTester":false,"isNewBetaUser":false,"accountAge":12664982730}
[2025-10-23T15:01:10.182Z] [INFO   ] 2025-10-23T15:01:10.182Z [DEBUG] [Middleware] Username check: {"path":"/workflows","userId":"a3e3a51a-175c-4b59-ad03-227ba12a18b0","provider":"email","role":"admin","username":"nstoddard17","hasUsername":true,"isBetaTester":false,"isNewBetaUser":false,"accountAge":12664982783}
[2025-10-23T15:01:10.335Z] [INFO   ] 2025-10-23T15:01:10.335Z [DEBUG] [Username Check] {"userId":"a3e3a51a-175c-4b59-ad03-227ba12a18b0","hasEmail":true,"provider":"email","hasUsername":true,"isGoogleUser":false}
[2025-10-23T15:01:10.472Z] [INFO   ] 2025-10-23T15:01:10.472Z [DEBUG] 💧 [AUTH] Rehydrating auth state from storage {"hasState":true,"hasUser":false,"initialized":false,"timestamp":"2025-10-23T15:01:10.472Z"}
[2025-10-23T15:01:10.475Z] [INFO   ] 2025-10-23T15:01:10.475Z [DEBUG] 💧 [AUTH] State hydrated and reset {"hasUser":false,"initialized":false,"timestamp":"2025-10-23T15:01:10.475Z"}
[2025-10-23T15:01:10.475Z] [INFO   ] 2025-10-23T15:01:10.475Z [DEBUG] ⏭️ [AUTH] Skipping initialization {"hasState":true,"alreadyInitialized":false,"isClient":false,"timestamp":"2025-10-23T15:01:10.475Z"}
[2025-10-23T15:01:10.816Z] [INFO   ] 2025-10-23T15:01:10.816Z [DEBUG] [Username Check] {"userId":"a3e3a51a-175c-4b59-ad03-227ba12a18b0","hasEmail":true,"provider":"email","hasUsername":true,"isGoogleUser":false}
[2025-10-23T15:01:11.304Z] [INFO   ]  [37m[1m○[22m[39m Compiling /api/integrations ...
[2025-10-23T15:01:12.195Z] [INFO   ]  [32m[1m✓[22m[39m Compiled /api/integrations in 1392ms (3330 modules)
[2025-10-23T15:01:12.407Z] [INFO   ]  [32m[1m✓[22m[39m Compiled (3334 modules)
[2025-10-23T15:01:12.487Z] [INFO   ] 2025-10-23T15:01:12.487Z [DEBUG] 📍 [API /api/integrations] GET request received {"timestamp":"2025-10-23T15:01:12.487Z","headers":{"referer":"check-console"}}
[2025-10-23T15:01:12.615Z] [INFO   ] 2025-10-23T15:01:12.614Z [DEBUG] ✅ [API /api/integrations] User authenticated {"userId":"a3e3a51a-175c-4b59-ad03-227ba12a18b0"}
[2025-10-23T15:01:12.733Z] [INFO   ] 2025-10-23T15:01:12.733Z [DEBUG] 📊 [API /api/integrations] Query result {"count":14,"error":null,"firstFew":[{"provider":"notion","status":"connected"},{"provider":"mailchimp","status":"connected"}]}
[2025-10-23T15:01:20.779Z] [INFO   ]  [32m[1m✓[22m[39m Compiled in 821ms (4062 modules)
[2025-10-23T15:01:20.819Z] [WARN   ]  [33m[1m⚠[22m[39m Fast Refresh had to perform a full reload due to a runtime error.
[2025-10-23T15:01:21.097Z] [INFO   ] 2025-10-23T15:01:21.097Z [DEBUG] [Middleware] Username check: {"path":"/workflows","userId":"a3e3a51a-175c-4b59-ad03-227ba12a18b0","provider":"email","role":"admin","username":"nstoddard17","hasUsername":true,"isBetaTester":false,"isNewBetaUser":false,"accountAge":12664993698}
[2025-10-23T15:01:21.368Z] [INFO   ] 2025-10-23T15:01:21.368Z [DEBUG] 💧 [AUTH] Rehydrating auth state from storage {"hasState":true,"hasUser":false,"initialized":false,"timestamp":"2025-10-23T15:01:21.368Z"}
[2025-10-23T15:01:21.371Z] [INFO   ] 2025-10-23T15:01:21.371Z [DEBUG] 💧 [AUTH] State hydrated and reset {"hasUser":false,"initialized":false,"timestamp":"2025-10-23T15:01:21.371Z"}
[2025-10-23T15:01:21.372Z] [INFO   ] 2025-10-23T15:01:21.372Z [DEBUG] ⏭️ [AUTH] Skipping initialization {"hasState":true,"alreadyInitialized":false,"isClient":false,"timestamp":"2025-10-23T15:01:21.372Z"}
[2025-10-23T15:01:21.647Z] [INFO   ] 2025-10-23T15:01:21.647Z [DEBUG] [Username Check] {"userId":"a3e3a51a-175c-4b59-ad03-227ba12a18b0","hasEmail":true,"provider":"email","hasUsername":true,"isGoogleUser":false}
[2025-10-23T15:01:22.057Z] [INFO   ] 2025-10-23T15:01:22.057Z [DEBUG] 📍 [API /api/integrations] GET request received {"timestamp":"2025-10-23T15:01:22.057Z","headers":{"referer":"check-console"}}
[2025-10-23T15:01:22.201Z] [INFO   ] 2025-10-23T15:01:22.200Z [DEBUG] ✅ [API /api/integrations] User authenticated {"userId":"a3e3a51a-175c-4b59-ad03-227ba12a18b0"}
[2025-10-23T15:01:22.336Z] [INFO   ] 2025-10-23T15:01:22.336Z [DEBUG] 📊 [API /api/integrations] Query result {"count":14,"error":null,"firstFew":[{"provider":"notion","status":"connected"},{"provider":"mailchimp","status":"connected"}]}
[2025-10-23T15:01:33.057Z] [WARN   ]  [33m[1m⚠[22m[39m Fast Refresh had to perform a full reload due to a runtime error.
[2025-10-23T15:01:33.284Z] [INFO   ]  [32m[1m✓[22m[39m Compiled in 854ms (4062 modules)
[2025-10-23T15:01:33.361Z] [INFO   ] 2025-10-23T15:01:33.361Z [DEBUG] [Middleware] Username check: {"path":"/workflows","userId":"a3e3a51a-175c-4b59-ad03-227ba12a18b0","provider":"email","role":"admin","username":"nstoddard17","hasUsername":true,"isBetaTester":false,"isNewBetaUser":false,"accountAge":12665005962}
[2025-10-23T15:01:33.567Z] [INFO   ] 2025-10-23T15:01:33.567Z [DEBUG] 💧 [AUTH] Rehydrating auth state from storage {"hasState":true,"hasUser":false,"initialized":false,"timestamp":"2025-10-23T15:01:33.567Z"}
[2025-10-23T15:01:33.570Z] [INFO   ] 2025-10-23T15:01:33.570Z [DEBUG] 💧 [AUTH] State hydrated and reset {"hasUser":false,"initialized":false,"timestamp":"2025-10-23T15:01:33.570Z"}
[2025-10-23T15:01:33.570Z] [INFO   ] 2025-10-23T15:01:33.570Z [DEBUG] ⏭️ [AUTH] Skipping initialization {"hasState":true,"alreadyInitialized":false,"isClient":false,"timestamp":"2025-10-23T15:01:33.570Z"}
[2025-10-23T15:01:33.843Z] [INFO   ] 2025-10-23T15:01:33.842Z [DEBUG] [Username Check] {"userId":"a3e3a51a-175c-4b59-ad03-227ba12a18b0","hasEmail":true,"provider":"email","hasUsername":true,"isGoogleUser":false}
[2025-10-23T15:01:34.242Z] [INFO   ] 2025-10-23T15:01:34.242Z [DEBUG] 📍 [API /api/integrations] GET request received {"timestamp":"2025-10-23T15:01:34.242Z","headers":{"referer":"check-console"}}
[2025-10-23T15:01:34.411Z] [INFO   ] 2025-10-23T15:01:34.411Z [DEBUG] ✅ [API /api/integrations] User authenticated {"userId":"a3e3a51a-175c-4b59-ad03-227ba12a18b0"}
[2025-10-23T15:01:34.532Z] [INFO   ] 2025-10-23T15:01:34.532Z [DEBUG] 📊 [API /api/integrations] Query result {"count":14,"error":null,"firstFew":[{"provider":"notion","status":"connected"},{"provider":"mailchimp","status":"connected"}]}
[2025-10-23T15:02:12.868Z] [INFO   ]  [32m[1m✓[22m[39m Compiled in 1379ms (4060 modules)
[2025-10-23T15:02:12.918Z] [WARN   ]  [33m[1m⚠[22m[39m Fast Refresh had to perform a full reload due to a runtime error.
[2025-10-23T15:02:13.203Z] [INFO   ] 2025-10-23T15:02:13.203Z [DEBUG] [Middleware] Username check: {"path":"/workflows","userId":"a3e3a51a-175c-4b59-ad03-227ba12a18b0","provider":"email","role":"admin","username":"nstoddard17","hasUsername":true,"isBetaTester":false,"isNewBetaUser":false,"accountAge":12665045804}
[2025-10-23T15:02:13.511Z] [INFO   ] 2025-10-23T15:02:13.511Z [DEBUG] 💧 [AUTH] Rehydrating auth state from storage {"hasState":true,"hasUser":false,"initialized":false,"timestamp":"2025-10-23T15:02:13.511Z"}
[2025-10-23T15:02:13.515Z] [INFO   ] 2025-10-23T15:02:13.515Z [DEBUG] 💧 [AUTH] State hydrated and reset {"hasUser":false,"initialized":false,"timestamp":"2025-10-23T15:02:13.515Z"}
[2025-10-23T15:02:13.515Z] [INFO   ] 2025-10-23T15:02:13.515Z [DEBUG] ⏭️ [AUTH] Skipping initialization {"hasState":true,"alreadyInitialized":false,"isClient":false,"timestamp":"2025-10-23T15:02:13.515Z"}
[2025-10-23T15:02:13.842Z] [INFO   ] 2025-10-23T15:02:13.842Z [DEBUG] [Username Check] {"userId":"a3e3a51a-175c-4b59-ad03-227ba12a18b0","hasEmail":true,"provider":"email","hasUsername":true,"isGoogleUser":false}
[2025-10-23T15:02:14.472Z] [INFO   ] 2025-10-23T15:02:14.472Z [DEBUG] 📍 [API /api/integrations] GET request received {"timestamp":"2025-10-23T15:02:14.472Z","headers":{"referer":"check-console"}}
[2025-10-23T15:02:14.617Z] [INFO   ] 2025-10-23T15:02:14.617Z [DEBUG] ✅ [API /api/integrations] User authenticated {"userId":"a3e3a51a-175c-4b59-ad03-227ba12a18b0"}
[2025-10-23T15:02:14.730Z] [INFO   ] 2025-10-23T15:02:14.730Z [DEBUG] 📊 [API /api/integrations] Query result {"count":14,"error":null,"firstFew":[{"provider":"notion","status":"connected"},{"provider":"mailchimp","status":"connected"}]}
[2025-10-23T15:02:29.790Z] [WARN   ]  [33m[1m⚠[22m[39m Fast Refresh had to perform a full reload due to a runtime error.
[2025-10-23T15:02:30.032Z] [INFO   ]  [32m[1m✓[22m[39m Compiled in 1032ms (4060 modules)
[2025-10-23T15:02:30.210Z] [INFO   ] 2025-10-23T15:02:30.210Z [DEBUG] [Middleware] Username check: {"path":"/workflows","userId":"a3e3a51a-175c-4b59-ad03-227ba12a18b0","provider":"email","role":"admin","username":"nstoddard17","hasUsername":true,"isBetaTester":false,"isNewBetaUser":false,"accountAge":12665062811}
[2025-10-23T15:02:30.413Z] [INFO   ] 2025-10-23T15:02:30.413Z [DEBUG] 💧 [AUTH] Rehydrating auth state from storage {"hasState":true,"hasUser":false,"initialized":false,"timestamp":"2025-10-23T15:02:30.413Z"}
[2025-10-23T15:02:30.417Z] [INFO   ] 2025-10-23T15:02:30.417Z [DEBUG] 💧 [AUTH] State hydrated and reset {"hasUser":false,"initialized":false,"timestamp":"2025-10-23T15:02:30.417Z"}
[2025-10-23T15:02:30.417Z] [INFO   ] 2025-10-23T15:02:30.417Z [DEBUG] ⏭️ [AUTH] Skipping initialization {"hasState":true,"alreadyInitialized":false,"isClient":false,"timestamp":"2025-10-23T15:02:30.417Z"}
[2025-10-23T15:02:30.709Z] [INFO   ] 2025-10-23T15:02:30.708Z [DEBUG] [Username Check] {"userId":"a3e3a51a-175c-4b59-ad03-227ba12a18b0","hasEmail":true,"provider":"email","hasUsername":true,"isGoogleUser":false}
[2025-10-23T15:02:30.997Z] [INFO   ] 2025-10-23T15:02:30.997Z [DEBUG] 📍 [API /api/integrations] GET request received {"timestamp":"2025-10-23T15:02:30.997Z","headers":{"referer":"check-console"}}
[2025-10-23T15:02:31.160Z] [INFO   ] 2025-10-23T15:02:31.160Z [DEBUG] ✅ [API /api/integrations] User authenticated {"userId":"a3e3a51a-175c-4b59-ad03-227ba12a18b0"}
[2025-10-23T15:02:31.272Z] [INFO   ] 2025-10-23T15:02:31.271Z [DEBUG] 📊 [API /api/integrations] Query result {"count":14,"error":null,"firstFew":[{"provider":"notion","status":"connected"},{"provider":"mailchimp","status":"connected"}]}
[2025-10-23T15:02:48.547Z] [INFO   ]  [32m[1m✓[22m[39m Compiled in 617ms (4060 modules)
[2025-10-23T15:02:48.580Z] [WARN   ]  [33m[1m⚠[22m[39m Fast Refresh had to perform a full reload due to a runtime error.
[2025-10-23T15:02:48.830Z] [INFO   ] 2025-10-23T15:02:48.830Z [DEBUG] [Middleware] Username check: {"path":"/workflows","userId":"a3e3a51a-175c-4b59-ad03-227ba12a18b0","provider":"email","role":"admin","username":"nstoddard17","hasUsername":true,"isBetaTester":false,"isNewBetaUser":false,"accountAge":12665081431}
[2025-10-23T15:02:49.010Z] [INFO   ] 2025-10-23T15:02:49.010Z [DEBUG] 💧 [AUTH] Rehydrating auth state from storage {"hasState":true,"hasUser":false,"initialized":false,"timestamp":"2025-10-23T15:02:49.009Z"}
[2025-10-23T15:02:49.013Z] [INFO   ] 2025-10-23T15:02:49.013Z [DEBUG] 💧 [AUTH] State hydrated and reset {"hasUser":false,"initialized":false,"timestamp":"2025-10-23T15:02:49.013Z"}
[2025-10-23T15:02:49.013Z] [INFO   ] 2025-10-23T15:02:49.013Z [DEBUG] ⏭️ [AUTH] Skipping initialization {"hasState":true,"alreadyInitialized":false,"isClient":false,"timestamp":"2025-10-23T15:02:49.013Z"}
[2025-10-23T15:02:49.221Z] [INFO   ] 2025-10-23T15:02:49.221Z [DEBUG] [Username Check] {"userId":"a3e3a51a-175c-4b59-ad03-227ba12a18b0","hasEmail":true,"provider":"email","hasUsername":true,"isGoogleUser":false}
[2025-10-23T15:02:49.535Z] [INFO   ] 2025-10-23T15:02:49.535Z [DEBUG] 📍 [API /api/integrations] GET request received {"timestamp":"2025-10-23T15:02:49.535Z","headers":{"referer":"check-console"}}
[2025-10-23T15:02:49.680Z] [INFO   ] 2025-10-23T15:02:49.680Z [DEBUG] ✅ [API /api/integrations] User authenticated {"userId":"a3e3a51a-175c-4b59-ad03-227ba12a18b0"}
[2025-10-23T15:02:49.796Z] [INFO   ] 2025-10-23T15:02:49.796Z [DEBUG] 📊 [API /api/integrations] Query result {"count":14,"error":null,"firstFew":[{"provider":"notion","status":"connected"},{"provider":"mailchimp","status":"connected"}]}
[2025-10-23T15:03:01.574Z] [INFO   ]  [32m[1m✓[22m[39m Compiled in 854ms (4060 modules)
[2025-10-23T15:03:01.608Z] [WARN   ]  [33m[1m⚠[22m[39m Fast Refresh had to perform a full reload due to a runtime error.
[2025-10-23T15:03:01.868Z] [INFO   ] 2025-10-23T15:03:01.867Z [DEBUG] [Middleware] Username check: {"path":"/workflows","userId":"a3e3a51a-175c-4b59-ad03-227ba12a18b0","provider":"email","role":"admin","username":"nstoddard17","hasUsername":true,"isBetaTester":false,"isNewBetaUser":false,"accountAge":12665094468}
[2025-10-23T15:03:02.088Z] [INFO   ] 2025-10-23T15:03:02.088Z [DEBUG] 💧 [AUTH] Rehydrating auth state from storage {"hasState":true,"hasUser":false,"initialized":false,"timestamp":"2025-10-23T15:03:02.088Z"}
[2025-10-23T15:03:02.092Z] [INFO   ] 2025-10-23T15:03:02.092Z [DEBUG] 💧 [AUTH] State hydrated and reset {"hasUser":false,"initialized":false,"timestamp":"2025-10-23T15:03:02.092Z"}
[2025-10-23T15:03:02.092Z] [INFO   ] 2025-10-23T15:03:02.092Z [DEBUG] ⏭️ [AUTH] Skipping initialization {"hasState":true,"alreadyInitialized":false,"isClient":false,"timestamp":"2025-10-23T15:03:02.092Z"}
[2025-10-23T15:03:02.373Z] [INFO   ] 2025-10-23T15:03:02.373Z [DEBUG] [Username Check] {"userId":"a3e3a51a-175c-4b59-ad03-227ba12a18b0","hasEmail":true,"provider":"email","hasUsername":true,"isGoogleUser":false}
[2025-10-23T15:03:02.751Z] [INFO   ] 2025-10-23T15:03:02.751Z [DEBUG] 📍 [API /api/integrations] GET request received {"timestamp":"2025-10-23T15:03:02.751Z","headers":{"referer":"check-console"}}
[2025-10-23T15:03:02.927Z] [INFO   ] 2025-10-23T15:03:02.926Z [DEBUG] ✅ [API /api/integrations] User authenticated {"userId":"a3e3a51a-175c-4b59-ad03-227ba12a18b0"}
[2025-10-23T15:03:03.039Z] [INFO   ] 2025-10-23T15:03:03.039Z [DEBUG] 📊 [API /api/integrations] Query result {"count":14,"error":null,"firstFew":[{"provider":"notion","status":"connected"},{"provider":"mailchimp","status":"connected"}]}
[2025-10-23T15:03:04.106Z] [INFO   ]  [32m[1m✓[22m[39m Compiled /api/analytics/workflow-stats in 437ms (3331 modules)
[2025-10-23T15:03:04.327Z] [INFO   ]  [32m[1m✓[22m[39m Compiled (3337 modules)
[2025-10-23T15:08:02.739Z] [ERROR  ]  [31m[1m⨯[22m[39m Cannot find module './95873.js'
Require stack:
- /Users/nathanielstoddard/chainreact-app/chainreact-app-9e/.next/server/webpack-runtime.js
- /Users/nathanielstoddard/chainreact-app/chainreact-app-9e/.next/server/app/api/workflows/folders/route.js
- /Users/nathanielstoddard/chainreact-app/chainreact-app-9e/node_modules/next/dist/server/require.js
- /Users/nathanielstoddard/chainreact-app/chainreact-app-9e/node_modules/next/dist/server/load-components.js
- /Users/nathanielstoddard/chainreact-app/chainreact-app-9e/node_modules/next/dist/build/utils.js
- /Users/nathanielstoddard/chainreact-app/chainreact-app-9e/node_modules/next/dist/build/swc/options.js
- /Users/nathanielstoddard/chainreact-app/chainreact-app-9e/node_modules/next/dist/build/swc/index.js
- /Users/nathanielstoddard/chainreact-app/chainreact-app-9e/node_modules/next/dist/build/analysis/parse-module.js
- /Users/nathanielstoddard/chainreact-app/chainreact-app-9e/node_modules/next/dist/build/analysis/get-page-static-info.js
- /Users/nathanielstoddard/chainreact-app/chainreact-app-9e/node_modules/next/dist/server/lib/router-utils/setup-dev-bundler.js
- /Users/nathanielstoddard/chainreact-app/chainreact-app-9e/node_modules/next/dist/server/lib/router-server.js
- /Users/nathanielstoddard/chainreact-app/chainreact-app-9e/node_modules/next/dist/server/lib/start-server.js
Error: Cannot find module './95873.js'
Require stack:
- /Users/nathanielstoddard/chainreact-app/chainreact-app-9e/.next/server/webpack-runtime.js
- /Users/nathanielstoddard/chainreact-app/chainreact-app-9e/.next/server/app/api/workflows/folders/route.js
- /Users/nathanielstoddard/chainreact-app/chainreact-app-9e/node_modules/next/dist/server/require.js
- /Users/nathanielstoddard/chainreact-app/chainreact-app-9e/node_modules/next/dist/server/load-components.js
- /Users/nathanielstoddard/chainreact-app/chainreact-app-9e/node_modules/next/dist/build/utils.js
- /Users/nathanielstoddard/chainreact-app/chainreact-app-9e/node_modules/next/dist/build/swc/options.js
- /Users/nathanielstoddard/chainreact-app/chainreact-app-9e/node_modules/next/dist/build/swc/index.js
- /Users/nathanielstoddard/chainreact-app/chainreact-app-9e/node_modules/next/dist/build/analysis/parse-module.js
- /Users/nathanielstoddard/chainreact-app/chainreact-app-9e/node_modules/next/dist/build/analysis/get-page-static-info.js
- /Users/nathanielstoddard/chainreact-app/chainreact-app-9e/node_modules/next/dist/server/lib/router-utils/setup-dev-bundler.js
- /Users/nathanielstoddard/chainreact-app/chainreact-app-9e/node_modules/next/dist/server/lib/router-server.js
- /Users/nathanielstoddard/chainreact-app/chainreact-app-9e/node_modules/next/dist/server/lib/start-server.js
    at Function.<anonymous> (node:internal/modules/cjs/loader:1394:15)
    at /Users/nathanielstoddard/chainreact-app/chainreact-app-9e/node_modules/next/dist/server/require-hook.js:57:36
    at defaultResolveImpl (node:internal/modules/cjs/loader:1050:19)
    at resolveForCJSWithHooks (node:internal/modules/cjs/loader:1055:22)
    at Function._load (node:internal/modules/cjs/loader:1204:37)
    at TracingChannel.traceSync (node:diagnostics_channel:322:14)
    at wrapModuleLoad (node:internal/modules/cjs/loader:234:24)
    at Module.<anonymous> (node:internal/modules/cjs/loader:1480:12)
    at mod.require (/Users/nathanielstoddard/chainreact-app/chainreact-app-9e/node_modules/next/dist/server/require-hook.js:68:28)
    at require (node:internal/modules/helpers:135:16)
    at __webpack_require__.f.require (/Users/nathanielstoddard/chainreact-app/chainreact-app-9e/.next/server/webpack-runtime.js:200:28)
    at /Users/nathanielstoddard/chainreact-app/chainreact-app-9e/.next/server/webpack-runtime.js:108:40
    at Array.reduce (<anonymous>)
    at __webpack_require__.e (/Users/nathanielstoddard/chainreact-app/chainreact-app-9e/.next/server/webpack-runtime.js:107:67)
    at Array.map (<anonymous>)
    at __webpack_require__.X (/Users/nathanielstoddard/chainreact-app/chainreact-app-9e/.next/server/webpack-runtime.js:159:22)
    at /Users/nathanielstoddard/chainreact-app/chainreact-app-9e/.next/server/app/api/presence/count/route.js:1:10980
    at Object.<anonymous> (/Users/nathanielstoddard/chainreact-app/chainreact-app-9e/.next/server/app/api/presence/count/route.js:1:11058)
    at Module._compile (node:internal/modules/cjs/loader:1723:14)
    at Object..js (node:internal/modules/cjs/loader:1888:10)
    at Module.load (node:internal/modules/cjs/loader:1458:32)
    at Function._load (node:internal/modules/cjs/loader:1275:12)
    at TracingChannel.traceSync (node:diagnostics_channel:322:14)
    at wrapModuleLoad (node:internal/modules/cjs/loader:234:24)
    at Module.<anonymous> (node:internal/modules/cjs/loader:1480:12)
    at mod.require (/Users/nathanielstoddard/chainreact-app/chainreact-app-9e/node_modules/next/dist/server/require-hook.js:68:28)
    at require (node:internal/modules/helpers:135:16)
    at requirePage (/Users/nathanielstoddard/chainreact-app/chainreact-app-9e/node_modules/next/dist/server/require.js:99:80)
    at loadComponentsImpl (/Users/nathanielstoddard/chainreact-app/chainreact-app-9e/node_modules/next/dist/server/load-components.js:132:57)
    at async DevServer.findPageComponentsImpl (/Users/nathanielstoddard/chainreact-app/chainreact-app-9e/node_modules/next/dist/server/next-server.js:899:36)
    at async DevServer.findPageComponents (/Users/nathanielstoddard/chainreact-app/chainreact-app-9e/node_modules/next/dist/server/dev/next-dev-server.js:705:16)
    at async DevServer.renderPageComponent (/Users/nathanielstoddard/chainreact-app/chainreact-app-9e/node_modules/next/dist/server/base-server.js:1460:24)
    at async DevServer.renderToResponseImpl (/Users/nathanielstoddard/chainreact-app/chainreact-app-9e/node_modules/next/dist/server/base-server.js:1514:32)
    at async DevServer.pipeImpl (/Users/nathanielstoddard/chainreact-app/chainreact-app-9e/node_modules/next/dist/server/base-server.js:1025:25)
    at async NextNodeServer.handleCatchallRenderRequest (/Users/nathanielstoddard/chainreact-app/chainreact-app-9e/node_modules/next/dist/server/next-server.js:393:17)
    at async DevServer.handleRequestImpl (/Users/nathanielstoddard/chainreact-app/chainreact-app-9e/node_modules/next/dist/server/base-server.js:916:17)
    at async /Users/nathanielstoddard/chainreact-app/chainreact-app-9e/node_modules/next/dist/server/dev/next-dev-server.js:399:20
    at async Span.traceAsyncFn (/Users/nathanielstoddard/chainreact-app/chainreact-app-9e/node_modules/next/dist/trace/trace.js:157:20)
    at async DevServer.handleRequest (/Users/nathanielstoddard/chainreact-app/chainreact-app-9e/node_modules/next/dist/server/dev/next-dev-server.js:395:24)
    at async invokeRender (/Users/nathanielstoddard/chainreact-app/chainreact-app-9e/node_modules/next/dist/server/lib/router-server.js:240:21)
    at async handleRequest (/Users/nathanielstoddard/chainreact-app/chainreact-app-9e/node_modules/next/dist/server/lib/router-server.js:437:24)
    at async requestHandlerImpl (/Users/nathanielstoddard/chainreact-app/chainreact-app-9e/node_modules/next/dist/server/lib/router-server.js:485:13)
    at async Server.requestListener (/Users/nathanielstoddard/chainreact-app/chainreact-app-9e/node_modules/next/dist/server/lib/start-server.js:226:13)
[2025-10-23T15:08:03.256Z] [INFO   ]  [37m[1m○[22m[39m Compiling /_error ...
[2025-10-23T15:08:03.563Z] [INFO   ]  [32m[1m✓[22m[39m Compiled /_error in 820ms (4380 modules)
[2025-10-23T15:08:03.648Z] [WARN   ]  [33m[1m⚠[22m[39m Fast Refresh had to perform a full reload when ?608e changed. Read more: https://nextjs.org/docs/messages/fast-refresh-reload
[2025-10-23T15:08:03.786Z] [INFO   ] 2025-10-23T15:08:03.786Z [DEBUG] [Middleware] Username check: {"path":"/workflows","userId":"a3e3a51a-175c-4b59-ad03-227ba12a18b0","provider":"email","role":"admin","username":"nstoddard17","hasUsername":true,"isBetaTester":false,"isNewBetaUser":false,"accountAge":12665396387}
[2025-10-23T15:08:04.039Z] [INFO   ] 2025-10-23T15:08:04.038Z [DEBUG] [Username Check] {"userId":"a3e3a51a-175c-4b59-ad03-227ba12a18b0","hasEmail":true,"provider":"email","hasUsername":true,"isGoogleUser":false}
[2025-10-23T15:08:04.041Z] [INFO   ] 2025-10-23T15:08:04.041Z [DEBUG] [Middleware] Username check: {"path":"/workflows","userId":"a3e3a51a-175c-4b59-ad03-227ba12a18b0","provider":"email","role":"admin","username":"nstoddard17","hasUsername":true,"isBetaTester":false,"isNewBetaUser":false,"accountAge":12665396642}
[2025-10-23T15:08:04.166Z] [INFO   ] 2025-10-23T15:08:04.166Z [DEBUG] 💧 [AUTH] Rehydrating auth state from storage {"hasState":true,"hasUser":false,"initialized":false,"timestamp":"2025-10-23T15:08:04.166Z"}
[2025-10-23T15:08:04.169Z] [INFO   ] 2025-10-23T15:08:04.169Z [DEBUG] 💧 [AUTH] State hydrated and reset {"hasUser":false,"initialized":false,"timestamp":"2025-10-23T15:08:04.169Z"}
[2025-10-23T15:08:04.169Z] [INFO   ] 2025-10-23T15:08:04.169Z [DEBUG] ⏭️ [AUTH] Skipping initialization {"hasState":true,"alreadyInitialized":false,"isClient":false,"timestamp":"2025-10-23T15:08:04.169Z"}
[2025-10-23T15:08:04.392Z] [INFO   ] 2025-10-23T15:08:04.392Z [DEBUG] [Username Check] {"userId":"a3e3a51a-175c-4b59-ad03-227ba12a18b0","hasEmail":true,"provider":"email","hasUsername":true,"isGoogleUser":false}
[2025-10-23T15:08:24.015Z] [INFO   ]  [32m[1m✓[22m[39m Compiled in 533ms (4394 modules)
[2025-10-23T15:08:50.061Z] [INFO   ]  [32m[1m✓[22m[39m Compiled in 622ms (4394 modules)
[2025-10-23T15:09:05.422Z] [INFO   ]  [32m[1m✓[22m[39m Compiled in 483ms (4284 modules)
[2025-10-23T15:09:31.948Z] [INFO   ]  [32m[1m✓[22m[39m Compiled in 532ms (4284 modules)
[2025-10-23T15:10:01.594Z] [INFO   ]  [32m[1m✓[22m[39m Compiled in 534ms (4284 modules)
[2025-10-23T15:10:26.631Z] [INFO   ]  [32m[1m✓[22m[39m Compiled in 511ms (4284 modules)
[2025-10-23T15:11:54.403Z] [INFO   ]  [32m[1m✓[22m[39m Compiled in 753ms (4284 modules)
[2025-10-23T15:12:40.555Z] [INFO   ]  [32m[1m✓[22m[39m Compiled in 482ms (4284 modules)
[2025-10-23T15:13:01.279Z] [INFO   ]  [32m[1m✓[22m[39m Compiled in 532ms (4284 modules)
[2025-10-23T15:13:12.008Z] [INFO   ]  [32m[1m✓[22m[39m Compiled in 950ms (4284 modules)
[2025-10-23T15:13:48.869Z] [INFO   ]  [32m[1m✓[22m[39m Compiled in 316ms (881 modules)
[2025-10-23T15:14:16.886Z] [INFO   ]  [32m[1m✓[22m[39m Compiled in 1111ms (4503 modules)
[2025-10-23T15:14:30.567Z] [INFO   ]  [32m[1m✓[22m[39m Compiled in 379ms (881 modules)
[2025-10-23T15:15:42.833Z] [INFO   ]  [32m[1m✓[22m[39m Compiled in 713ms (4284 modules)
[2025-10-23T15:15:57.687Z] [INFO   ]  [32m[1m✓[22m[39m Compiled in 538ms (4284 modules)
[2025-10-23T15:16:08.594Z] [INFO   ]  [32m[1m✓[22m[39m Compiled in 526ms (4284 modules)
[2025-10-23T15:16:56.083Z] [INFO   ]  [32m[1m✓[22m[39m Compiled in 560ms (4284 modules)
[2025-10-23T15:17:41.733Z] [INFO   ]  [32m[1m✓[22m[39m Compiled in 595ms (4284 modules)
[2025-10-23T15:18:48.688Z] [INFO   ]  [32m[1m✓[22m[39m Compiled in 762ms (4284 modules)

=== Log Session Ended: 2025-10-23T15:32:14.769Z ===
