=== Log Session Started: 2025-10-28T22:01:21.187Z ===
Node Version: v23.7.0
Platform: darwin
Working Directory: /Users/nathanielstoddard/chainreact-app/chainreact-app-9e
================================================================================

[2025-10-28T22:01:21.188Z] [INFO   ] File logging initialized
[2025-10-28T22:01:21.188Z] [INFO   ] Log file: /Users/nathanielstoddard/chainreact-app/chainreact-app-9e/logs/workflow_2025-10-28_17-01-21.log
[2025-10-28T22:01:21.191Z] [INFO   ] 📁 File logging enabled
[2025-10-28T22:01:21.191Z] [INFO   ] 📝 Logs will be written to: /Users/nathanielstoddard/chainreact-app/chainreact-app-9e/logs/workflow_2025-10-28_17-01-21.log
[2025-10-28T22:01:21.191Z] [INFO   ] 💡 To view logs in real-time: tail -f /Users/nathanielstoddard/chainreact-app/chainreact-app-9e/logs/workflow_2025-10-28_17-01-21.log
[2025-10-28T22:01:21.191Z] [INFO   ] 💡 To view all logs: cat /Users/nathanielstoddard/chainreact-app/chainreact-app-9e/logs/workflow_2025-10-28_17-01-21.log
[2025-10-28T22:01:21.191Z] [INFO   ] 💡 To share logs: Copy the file at /Users/nathanielstoddard/chainreact-app/chainreact-app-9e/logs/workflow_2025-10-28_17-01-21.log
[2025-10-28T22:01:21.191Z] [INFO   ] --------------------------------------------------------------------------------
[2025-10-28T22:01:21.191Z] [DEBUG  ] 📁 File logging system initialized
[2025-10-28T22:01:21.206Z] [INFO   ]  ✓ Ready in 5.7s
[2025-10-28T22:01:22.257Z] [INFO   ] 2025-10-28T22:01:22.257Z [DEBUG] 🤖 Discord bot configured, initializing gateway connection in background...
[2025-10-28T22:01:24.082Z] [INFO   ] 2025-10-28T22:01:24.082Z [DEBUG] Initializing Discord Gateway connection (singleton)...
[2025-10-28T22:01:24.083Z] [INFO   ] 2025-10-28T22:01:24.083Z [DEBUG] 🔑 Discord bot token loaded
[2025-10-28T22:01:24.409Z] [INFO   ] 2025-10-28T22:01:24.409Z [DEBUG] Discord Gateway initialization complete
[2025-10-28T22:01:24.410Z] [INFO   ] 2025-10-28T22:01:24.410Z [DEBUG] ✅ Discord bot gateway connection initialized
[2025-10-28T22:01:24.546Z] [INFO   ] 2025-10-28T22:01:24.546Z [DEBUG] Discord Gateway WebSocket connection established
[2025-10-28T22:01:24.546Z] [INFO   ] 2025-10-28T22:01:24.546Z [DEBUG] 🔑 Sending identify with intents: {"GUILDS":true,"GUILD_MEMBERS":true,"GUILD_INVITES":true,"GUILD_MESSAGES":true,"MESSAGE_CONTENT":true,"intentsValue":33347}
[2025-10-28T22:01:24.854Z] [INFO   ] 2025-10-28T22:01:24.854Z [DEBUG] 🎉 Discord bot ready! {"sessionId":"3ee18701ed5914e5e29a406ee41d39e1","username":"ChainReact-Bot","userId":"1378595955212812308","guildCount":2}
[2025-10-28T22:01:24.854Z] [INFO   ] 2025-10-28T22:01:24.854Z [DEBUG] 📋 Initializing invite cache...
[2025-10-28T22:01:24.868Z] [INFO   ] 2025-10-28T22:01:24.868Z [DEBUG] 📡 Discord event received: GUILD_CREATE
[2025-10-28T22:01:24.868Z] [INFO   ] 2025-10-28T22:01:24.868Z [DEBUG] 📡 Discord event received: GUILD_CREATE
[2025-10-28T22:01:25.019Z] [INFO   ] 2025-10-28T22:01:25.019Z [DEBUG] ✅ Cached 3 invites for guild 1378950884045623406
[2025-10-28T22:01:28.822Z] [INFO   ]  ✓ Compiled /middleware in 377ms (234 modules)
[2025-10-28T22:01:29.620Z] [INFO   ] 2025-10-28T22:01:29.620Z [DEBUG] [Middleware] Username check: {"path":"/workflows/builder/6c1232a4-6244-484a-b4cd-f970c22c0536","userId":"a3e3a51a-175c-4b59-ad03-227ba12a18b0","provider":"email","role":"free","username":"nstoddard17","hasUsername":true,"isBetaTester":false,"isNewBetaUser":false,"accountAge":13122202221}
[2025-10-28T22:01:30.163Z] [INFO   ]  ○ Compiling /workflows/builder/[id] ...
[2025-10-28T22:01:33.282Z] [INFO   ] 

[2025-10-28T22:01:33.315Z] [INFO   ] Source path: /Users/nathanielstoddard/chainreact-app/chainreact-app-9e/app/globals.css
[2025-10-28T22:01:33.316Z] [INFO   ] Setting up new context...
[2025-10-28T22:01:33.400Z] [INFO   ] %s: %s Finding changed files 26.641ms
[2025-10-28T22:01:34.374Z] [INFO   ] 

[2025-10-28T22:01:34.375Z] [INFO   ] Source path: /Users/nathanielstoddard/chainreact-app/chainreact-app-9e/node_modules/@xyflow/react/dist/style.css
[2025-10-28T22:01:34.378Z] [INFO   ] %s: %s JIT TOTAL 1.096s
[2025-10-28T22:01:34.378Z] [INFO   ] 

[2025-10-28T22:01:34.387Z] [ERROR  ] (node:46684) Warning: Label 'JIT TOTAL' already exists for console.time()
(Use `node --trace-warnings ...` to show where the warning was created)
[2025-10-28T22:01:34.943Z] [INFO   ] %s: %s Reading changed files 1.543s
[2025-10-28T22:01:34.980Z] [INFO   ] %s: %s Sorting candidates 35.408ms
[2025-10-28T22:01:35.262Z] [INFO   ] %s: %s Generate rules 317.147ms
[2025-10-28T22:01:35.269Z] [INFO   ] %s: %s Build stylesheet 6.597ms
[2025-10-28T22:01:35.286Z] [INFO   ] Potential classes:  59299
[2025-10-28T22:01:35.286Z] [INFO   ] Active contexts:  1
[2025-10-28T22:01:35.372Z] [INFO   ] 

[2025-10-28T22:01:35.455Z] [ERROR  ] (node:46684) Warning: No such label 'JIT TOTAL' for console.timeEnd()
[2025-10-28T22:01:35.836Z] [INFO   ] 

[2025-10-28T22:01:35.836Z] [INFO   ] Source path: /Users/nathanielstoddard/chainreact-app/chainreact-app-9e/components/workflows/v2/styles/FlowBuilder.anim.css
[2025-10-28T22:01:35.837Z] [INFO   ] %s: %s JIT TOTAL 1.286ms
[2025-10-28T22:01:35.837Z] [INFO   ] 

[2025-10-28T22:01:36.460Z] [INFO   ]  ✓ Compiled /workflows/builder/[id] in 6.8s (4808 modules)
[2025-10-28T22:01:36.701Z] [INFO   ] 

[2025-10-28T22:01:36.702Z] [INFO   ] Source path: /Users/nathanielstoddard/chainreact-app/chainreact-app-9e/app/globals.css
[2025-10-28T22:01:36.724Z] [INFO   ] %s: %s Finding changed files 21.665ms
[2025-10-28T22:01:36.724Z] [INFO   ] %s: %s Reading changed files 0.004ms
[2025-10-28T22:01:36.724Z] [INFO   ] %s: %s Sorting candidates 0.002ms
[2025-10-28T22:01:36.724Z] [INFO   ] %s: %s Generate rules 0.035ms
[2025-10-28T22:01:36.724Z] [INFO   ] %s: %s Build stylesheet 0.001ms
[2025-10-28T22:01:36.740Z] [INFO   ] Potential classes:  1
[2025-10-28T22:01:36.740Z] [INFO   ] Active contexts:  1
[2025-10-28T22:01:36.827Z] [INFO   ] %s: %s JIT TOTAL 126.11ms
[2025-10-28T22:01:36.827Z] [INFO   ] 

[2025-10-28T22:01:36.964Z] [INFO   ]  ✓ Compiled in 490ms (925 modules)
[2025-10-28T22:01:37.308Z] [INFO   ] 2025-10-28T22:01:37.308Z [DEBUG] 💧 [AUTH] Rehydrating auth state from storage {"hasState":true,"hasUser":false,"initialized":false,"timestamp":"2025-10-28T22:01:37.308Z"}
[2025-10-28T22:01:37.312Z] [INFO   ] 2025-10-28T22:01:37.312Z [DEBUG] 💧 [AUTH] State hydrated and reset {"hasUser":false,"initialized":false,"timestamp":"2025-10-28T22:01:37.312Z"}
[2025-10-28T22:01:37.312Z] [INFO   ] 2025-10-28T22:01:37.312Z [DEBUG] ⏭️ [AUTH] Skipping initialization {"hasState":true,"alreadyInitialized":false,"isClient":false,"timestamp":"2025-10-28T22:01:37.312Z"}
[2025-10-28T22:01:37.643Z] [INFO   ] 2025-10-28T22:01:37.643Z [DEBUG] [Username Check] {"userId":"a3e3a51a-175c-4b59-ad03-227ba12a18b0","hasEmail":true,"provider":"email","hasUsername":true,"isGoogleUser":false}
[2025-10-28T22:01:38.246Z] [INFO   ]  ○ Compiling /api/presence/count ...
[2025-10-28T22:01:39.286Z] [INFO   ] 2025-10-28T22:01:39.286Z [DEBUG] [Middleware] Username check: {"path":"/workflows/v2/api/flows/6c1232a4-6244-484a-b4cd-f970c22c0536/revisions","userId":"a3e3a51a-175c-4b59-ad03-227ba12a18b0","provider":"email","role":"free","username":"nstoddard17","hasUsername":true,"isBetaTester":false,"isNewBetaUser":false,"accountAge":13122211887}
[2025-10-28T22:01:40.352Z] [INFO   ]  ✓ Compiled /workflows/v2/api/flows/[flowId]/revisions in 2.7s (4776 modules)
[2025-10-28T22:01:40.522Z] [INFO   ] 2025-10-28T22:01:40.522Z [DEBUG] 📍 [API /api/integrations] GET request received {"timestamp":"2025-10-28T22:01:40.522Z","headers":{"referer":"check-console"}}
[2025-10-28T22:01:40.680Z] [INFO   ] 2025-10-28T22:01:40.680Z [DEBUG] ✅ [API /api/integrations] User authenticated {"userId":"a3e3a51a-175c-4b59-ad03-227ba12a18b0"}
[2025-10-28T22:01:40.791Z] [INFO   ] 2025-10-28T22:01:40.791Z [DEBUG] 📊 [API /api/integrations] Query result {"count":14,"error":null,"firstFew":[{"provider":"notion","status":"connected"},{"provider":"mailchimp","status":"connected"}]}
[2025-10-28T22:01:41.553Z] [INFO   ] 2025-10-28T22:01:41.553Z [DEBUG] [Middleware] Username check: {"path":"/workflows/v2/api/flows/6c1232a4-6244-484a-b4cd-f970c22c0536/revisions/99c64826-da17-41da-8f15-5786277e46a9","userId":"a3e3a51a-175c-4b59-ad03-227ba12a18b0","provider":"email","role":"free","username":"nstoddard17","hasUsername":true,"isBetaTester":false,"isNewBetaUser":false,"accountAge":13122214154}
[2025-10-28T22:01:41.560Z] [INFO   ] 2025-10-28T22:01:41.560Z [DEBUG] [Middleware] Username check: {"path":"/workflows/v2/api/flows/6c1232a4-6244-484a-b4cd-f970c22c0536/revisions","userId":"a3e3a51a-175c-4b59-ad03-227ba12a18b0","provider":"email","role":"free","username":"nstoddard17","hasUsername":true,"isBetaTester":false,"isNewBetaUser":false,"accountAge":13122214161}
[2025-10-28T22:01:42.123Z] [INFO   ]  ○ Compiling /workflows/v2/api/flows/[flowId]/revisions/[revisionId] ...
[2025-10-28T22:01:42.351Z] [INFO   ]  ✓ Compiled /workflows/v2/api/flows/[flowId]/revisions/[revisionId] in 729ms (4778 modules)
[2025-10-28T22:01:43.597Z] [INFO   ] 2025-10-28T22:01:43.593Z [DEBUG] [Middleware] Username check: {"path":"/workflows/v2/api/flows/6c1232a4-6244-484a-b4cd-f970c22c0536/revisions/99c64826-da17-41da-8f15-5786277e46a9","userId":"a3e3a51a-175c-4b59-ad03-227ba12a18b0","provider":"email","role":"free","username":"nstoddard17","hasUsername":true,"isBetaTester":false,"isNewBetaUser":false,"accountAge":13122216194}
[2025-10-28T22:02:55.616Z] [INFO   ] 

[2025-10-28T22:02:55.618Z] [INFO   ] Source path: /Users/nathanielstoddard/chainreact-app/chainreact-app-9e/app/globals.css
[2025-10-28T22:02:55.657Z] [INFO   ] %s: %s Finding changed files 37.275ms
[2025-10-28T22:02:55.674Z] [INFO   ] %s: %s Reading changed files 17.138ms
[2025-10-28T22:02:55.675Z] [INFO   ] %s: %s Sorting candidates 0.528ms
[2025-10-28T22:02:55.678Z] [INFO   ] %s: %s Generate rules 3.416ms
[2025-10-28T22:02:55.678Z] [INFO   ] %s: %s Build stylesheet 0.001ms
[2025-10-28T22:02:55.708Z] [INFO   ] Potential classes:  1107
[2025-10-28T22:02:55.708Z] [INFO   ] Active contexts:  1
[2025-10-28T22:02:55.834Z] [INFO   ] %s: %s JIT TOTAL 217.365ms
[2025-10-28T22:02:55.834Z] [INFO   ] 

[2025-10-28T22:02:56.138Z] [INFO   ]  ✓ Compiled in 1526ms (4773 modules)
[2025-10-28T22:02:56.487Z] [INFO   ] 2025-10-28T22:02:56.487Z [DEBUG] [Middleware] Username check: {"path":"/workflows/builder/6c1232a4-6244-484a-b4cd-f970c22c0536","userId":"a3e3a51a-175c-4b59-ad03-227ba12a18b0","provider":"email","role":"free","username":"nstoddard17","hasUsername":true,"isBetaTester":false,"isNewBetaUser":false,"accountAge":13122289088}
[2025-10-28T22:02:56.528Z] [INFO   ] 2025-10-28T22:02:56.528Z [DEBUG] [Middleware] Username check: {"path":"/workflows/v2/api/flows/6c1232a4-6244-484a-b4cd-f970c22c0536/revisions","userId":"a3e3a51a-175c-4b59-ad03-227ba12a18b0","provider":"email","role":"free","username":"nstoddard17","hasUsername":true,"isBetaTester":false,"isNewBetaUser":false,"accountAge":13122289129}
[2025-10-28T22:02:56.845Z] [INFO   ] 2025-10-28T22:02:56.845Z [DEBUG] [Username Check] {"userId":"a3e3a51a-175c-4b59-ad03-227ba12a18b0","hasEmail":true,"provider":"email","hasUsername":true,"isGoogleUser":false}
[2025-10-28T22:02:57.135Z] [INFO   ]  ○ Compiling /workflows/v2/api/flows/[flowId]/revisions ...
[2025-10-28T22:02:57.185Z] [INFO   ]  ✓ Compiled /workflows/v2/api/flows/[flowId]/revisions in 606ms (3854 modules)
[2025-10-28T22:02:57.978Z] [INFO   ] 2025-10-28T22:02:57.978Z [DEBUG] [Middleware] Username check: {"path":"/workflows/v2/api/flows/6c1232a4-6244-484a-b4cd-f970c22c0536/revisions/99c64826-da17-41da-8f15-5786277e46a9","userId":"a3e3a51a-175c-4b59-ad03-227ba12a18b0","provider":"email","role":"free","username":"nstoddard17","hasUsername":true,"isBetaTester":false,"isNewBetaUser":false,"accountAge":13122290578}
[2025-10-28T22:02:58.259Z] [INFO   ]  ✓ Compiled /workflows/v2/api/flows/[flowId]/revisions/[revisionId] in 240ms (3856 modules)
[2025-10-28T22:03:19.672Z] [INFO   ] 

[2025-10-28T22:03:19.673Z] [INFO   ] Source path: /Users/nathanielstoddard/chainreact-app/chainreact-app-9e/app/globals.css
[2025-10-28T22:03:19.692Z] [INFO   ] %s: %s Finding changed files 18.675ms
[2025-10-28T22:03:19.705Z] [INFO   ] %s: %s Reading changed files 12.508ms
[2025-10-28T22:03:19.705Z] [INFO   ] %s: %s Sorting candidates 0.415ms
[2025-10-28T22:03:19.707Z] [INFO   ] %s: %s Generate rules 2.608ms
[2025-10-28T22:03:19.708Z] [INFO   ] %s: %s Build stylesheet 0.001ms
[2025-10-28T22:03:19.722Z] [INFO   ] Potential classes:  1110
[2025-10-28T22:03:19.722Z] [INFO   ] Active contexts:  1
[2025-10-28T22:03:19.812Z] [INFO   ] %s: %s JIT TOTAL 140.204ms
[2025-10-28T22:03:19.812Z] [INFO   ] 

[2025-10-28T22:03:19.948Z] [INFO   ]  ✓ Compiled in 585ms (4781 modules)
[2025-10-28T22:03:20.207Z] [INFO   ] 2025-10-28T22:03:20.207Z [DEBUG] [Middleware] Username check: {"path":"/workflows/builder/6c1232a4-6244-484a-b4cd-f970c22c0536","userId":"a3e3a51a-175c-4b59-ad03-227ba12a18b0","provider":"email","role":"free","username":"nstoddard17","hasUsername":true,"isBetaTester":false,"isNewBetaUser":false,"accountAge":13122312808}
[2025-10-28T22:03:20.255Z] [INFO   ] 2025-10-28T22:03:20.255Z [DEBUG] [Middleware] Username check: {"path":"/workflows/v2/api/flows/6c1232a4-6244-484a-b4cd-f970c22c0536/revisions","userId":"a3e3a51a-175c-4b59-ad03-227ba12a18b0","provider":"email","role":"free","username":"nstoddard17","hasUsername":true,"isBetaTester":false,"isNewBetaUser":false,"accountAge":13122312856}
[2025-10-28T22:03:20.432Z] [INFO   ] 2025-10-28T22:03:20.431Z [DEBUG] [Username Check] {"userId":"a3e3a51a-175c-4b59-ad03-227ba12a18b0","hasEmail":true,"provider":"email","hasUsername":true,"isGoogleUser":false}
[2025-10-28T22:03:21.063Z] [INFO   ] 2025-10-28T22:03:21.063Z [DEBUG] [Middleware] Username check: {"path":"/workflows/v2/api/flows/6c1232a4-6244-484a-b4cd-f970c22c0536/revisions/99c64826-da17-41da-8f15-5786277e46a9","userId":"a3e3a51a-175c-4b59-ad03-227ba12a18b0","provider":"email","role":"free","username":"nstoddard17","hasUsername":true,"isBetaTester":false,"isNewBetaUser":false,"accountAge":13122313664}
[2025-10-28T22:06:38.246Z] [INFO   ]  ○ Compiling /api/presence/count ...
[2025-10-28T22:06:38.435Z] [INFO   ]  ✓ Compiled /api/presence/count in 725ms (3854 modules)
[2025-10-28T22:35:24.401Z] [INFO   ] 2025-10-28T22:35:24.400Z [DEBUG] Discord Gateway closed, persistent reconnect disabled
[2025-10-28T22:40:24.972Z] [INFO   ] 2025-10-28T22:40:24.970Z [DEBUG] [Middleware] Username check: {"path":"/workflows/builder/6c1232a4-6244-484a-b4cd-f970c22c0536","userId":"a3e3a51a-175c-4b59-ad03-227ba12a18b0","provider":"email","role":"free","username":"nstoddard17","hasUsername":true,"isBetaTester":false,"isNewBetaUser":false,"accountAge":13124537570}
[2025-10-28T22:40:25.310Z] [INFO   ] 2025-10-28T22:40:25.310Z [DEBUG] 💧 [AUTH] Rehydrating auth state from storage {"hasState":true,"hasUser":false,"initialized":false,"timestamp":"2025-10-28T22:40:25.310Z"}
[2025-10-28T22:40:25.315Z] [INFO   ] 2025-10-28T22:40:25.315Z [DEBUG] 💧 [AUTH] State hydrated and reset {"hasUser":false,"initialized":false,"timestamp":"2025-10-28T22:40:25.315Z"}
[2025-10-28T22:40:25.315Z] [INFO   ] 2025-10-28T22:40:25.315Z [DEBUG] ⏭️ [AUTH] Skipping initialization {"hasState":true,"alreadyInitialized":false,"isClient":false,"timestamp":"2025-10-28T22:40:25.315Z"}
[2025-10-28T22:40:25.586Z] [INFO   ] 2025-10-28T22:40:25.586Z [DEBUG] [Username Check] {"userId":"a3e3a51a-175c-4b59-ad03-227ba12a18b0","hasEmail":true,"provider":"email","hasUsername":true,"isGoogleUser":false}
[2025-10-28T22:40:26.213Z] [INFO   ]  ○ Compiling /api/presence/count ...
[2025-10-28T22:40:27.270Z] [INFO   ]  ✓ Compiled /api/presence/count in 1558ms (3856 modules)
[2025-10-28T22:40:27.609Z] [INFO   ]  ✓ Compiled /api/integrations in 0ms (3858 modules)
[2025-10-28T22:40:28.056Z] [INFO   ] 2025-10-28T22:40:28.056Z [DEBUG] [Middleware] Username check: {"path":"/workflows/v2/api/flows/6c1232a4-6244-484a-b4cd-f970c22c0536/revisions","userId":"a3e3a51a-175c-4b59-ad03-227ba12a18b0","provider":"email","role":"free","username":"nstoddard17","hasUsername":true,"isBetaTester":false,"isNewBetaUser":false,"accountAge":13124540657}
[2025-10-28T22:40:28.217Z] [INFO   ]  ✓ Compiled /workflows/v2/api/flows/[flowId]/revisions in 1ms (3862 modules)
[2025-10-28T22:40:29.053Z] [INFO   ]  ✓ Compiled in 1ms (3865 modules)
[2025-10-28T22:40:29.448Z] [INFO   ]  ✓ Compiled in 0ms (3865 modules)
[2025-10-28T22:40:29.902Z] [INFO   ]  ✓ Compiled in 0ms (3865 modules)
[2025-10-28T22:40:29.960Z] [INFO   ] 2025-10-28T22:40:29.960Z [DEBUG] 📍 [API /api/integrations] GET request received {"timestamp":"2025-10-28T22:40:29.960Z","headers":{"referer":"check-console"}}
[2025-10-28T22:40:30.265Z] [INFO   ] 2025-10-28T22:40:30.265Z [DEBUG] ✅ [API /api/integrations] User authenticated {"userId":"a3e3a51a-175c-4b59-ad03-227ba12a18b0"}
[2025-10-28T22:40:30.376Z] [INFO   ] 2025-10-28T22:40:30.376Z [DEBUG] 📊 [API /api/integrations] Query result {"count":14,"error":null,"firstFew":[{"provider":"notion","status":"connected"},{"provider":"mailchimp","status":"connected"}]}
[2025-10-28T22:40:30.970Z] [INFO   ] 2025-10-28T22:40:30.970Z [DEBUG] [Middleware] Username check: {"path":"/workflows/v2/api/flows/6c1232a4-6244-484a-b4cd-f970c22c0536/revisions","userId":"a3e3a51a-175c-4b59-ad03-227ba12a18b0","provider":"email","role":"free","username":"nstoddard17","hasUsername":true,"isBetaTester":false,"isNewBetaUser":false,"accountAge":13124543571}
[2025-10-28T22:40:31.099Z] [INFO   ] 2025-10-28T22:40:31.098Z [DEBUG] [Middleware] Username check: {"path":"/workflows/v2/api/flows/6c1232a4-6244-484a-b4cd-f970c22c0536/revisions/99c64826-da17-41da-8f15-5786277e46a9","userId":"a3e3a51a-175c-4b59-ad03-227ba12a18b0","provider":"email","role":"free","username":"nstoddard17","hasUsername":true,"isBetaTester":false,"isNewBetaUser":false,"accountAge":13124543699}
[2025-10-28T22:40:31.401Z] [INFO   ]  ✓ Compiled /workflows/v2/api/flows/[flowId]/revisions/[revisionId] in 274ms (3867 modules)
[2025-10-28T22:40:31.971Z] [INFO   ] 2025-10-28T22:40:31.971Z [DEBUG] [Middleware] Username check: {"path":"/workflows/v2/api/flows/6c1232a4-6244-484a-b4cd-f970c22c0536/revisions/99c64826-da17-41da-8f15-5786277e46a9","userId":"a3e3a51a-175c-4b59-ad03-227ba12a18b0","provider":"email","role":"free","username":"nstoddard17","hasUsername":true,"isBetaTester":false,"isNewBetaUser":false,"accountAge":13124544572}
[2025-10-28T22:41:21.787Z] [INFO   ] 

[2025-10-28T22:41:21.788Z] [INFO   ] Source path: /Users/nathanielstoddard/chainreact-app/chainreact-app-9e/app/globals.css
[2025-10-28T22:41:21.816Z] [INFO   ] %s: %s Finding changed files 26.907ms
[2025-10-28T22:41:21.837Z] [INFO   ] %s: %s Reading changed files 21.019ms
[2025-10-28T22:41:21.838Z] [INFO   ] %s: %s Sorting candidates 0.392ms
[2025-10-28T22:41:21.840Z] [INFO   ] %s: %s Generate rules 2.455ms
[2025-10-28T22:41:21.840Z] [INFO   ] %s: %s Build stylesheet 0.001ms
[2025-10-28T22:41:21.856Z] [INFO   ] Potential classes:  1110
[2025-10-28T22:41:21.856Z] [INFO   ] Active contexts:  1
[2025-10-28T22:41:21.944Z] [INFO   ] %s: %s JIT TOTAL 156.604ms
[2025-10-28T22:41:21.944Z] [INFO   ] 

[2025-10-28T22:41:22.182Z] [INFO   ]  ✓ Compiled in 1100ms (4792 modules)
[2025-10-28T22:41:22.488Z] [INFO   ] 2025-10-28T22:41:22.487Z [DEBUG] [Middleware] Username check: {"path":"/workflows/builder/6c1232a4-6244-484a-b4cd-f970c22c0536","userId":"a3e3a51a-175c-4b59-ad03-227ba12a18b0","provider":"email","role":"free","username":"nstoddard17","hasUsername":true,"isBetaTester":false,"isNewBetaUser":false,"accountAge":13124595088}
[2025-10-28T22:41:22.714Z] [INFO   ] 2025-10-28T22:41:22.714Z [DEBUG] [Username Check] {"userId":"a3e3a51a-175c-4b59-ad03-227ba12a18b0","hasEmail":true,"provider":"email","hasUsername":true,"isGoogleUser":false}
[2025-10-28T22:50:19.593Z] [INFO   ] 

[2025-10-28T22:50:19.600Z] [INFO   ] Source path: /Users/nathanielstoddard/chainreact-app/chainreact-app-9e/app/globals.css
[2025-10-28T22:50:19.652Z] [INFO   ] %s: %s Finding changed files 46.795ms
[2025-10-28T22:50:19.653Z] [INFO   ] %s: %s Reading changed files 0.021ms
[2025-10-28T22:50:19.653Z] [INFO   ] %s: %s Sorting candidates 0.01ms
[2025-10-28T22:50:19.655Z] [INFO   ] %s: %s Generate rules 2.231ms
[2025-10-28T22:50:19.656Z] [INFO   ] %s: %s Build stylesheet 0.002ms
[2025-10-28T22:50:19.684Z] [INFO   ] Potential classes:  1
[2025-10-28T22:50:19.684Z] [INFO   ] Active contexts:  1
[2025-10-28T22:50:19.836Z] [INFO   ] %s: %s JIT TOTAL 241.905ms
[2025-10-28T22:50:19.836Z] [INFO   ] 

[2025-10-28T22:50:21.353Z] [INFO   ] 2025-10-28T22:50:21.353Z [DEBUG] [Middleware] Username check: {"path":"/workflows/builder/6c1232a4-6244-484a-b4cd-f970c22c0536","userId":"a3e3a51a-175c-4b59-ad03-227ba12a18b0","provider":"email","role":"free","username":"nstoddard17","hasUsername":true,"isBetaTester":false,"isNewBetaUser":false,"accountAge":13125133954}
[2025-10-28T22:50:22.036Z] [INFO   ] 

[2025-10-28T22:50:22.037Z] [INFO   ] Source path: /Users/nathanielstoddard/chainreact-app/chainreact-app-9e/app/globals.css
[2025-10-28T22:50:22.062Z] [INFO   ] %s: %s Finding changed files 24.453ms
[2025-10-28T22:50:22.062Z] [INFO   ] %s: %s Reading changed files 0.002ms
[2025-10-28T22:50:22.062Z] [INFO   ] %s: %s Sorting candidates 0.002ms
[2025-10-28T22:50:22.062Z] [INFO   ] %s: %s Generate rules 0.032ms
[2025-10-28T22:50:22.062Z] [INFO   ] %s: %s Build stylesheet 0.001ms
[2025-10-28T22:50:22.080Z] [INFO   ] Potential classes:  1
[2025-10-28T22:50:22.080Z] [INFO   ] Active contexts:  1
[2025-10-28T22:50:22.191Z] [INFO   ] %s: %s JIT TOTAL 155.352ms
[2025-10-28T22:50:22.191Z] [INFO   ] 

[2025-10-28T22:50:22.714Z] [INFO   ]  ✓ Compiled in 3.3s (5007 modules)
[2025-10-28T22:50:23.098Z] [INFO   ] 2025-10-28T22:50:23.097Z [DEBUG] [Username Check] {"userId":"a3e3a51a-175c-4b59-ad03-227ba12a18b0","hasEmail":true,"provider":"email","hasUsername":true,"isGoogleUser":false}
[2025-10-28T22:50:23.370Z] [INFO   ] 2025-10-28T22:50:23.370Z [DEBUG] [Middleware] Username check: {"path":"/workflows/builder/6c1232a4-6244-484a-b4cd-f970c22c0536","userId":"a3e3a51a-175c-4b59-ad03-227ba12a18b0","provider":"email","role":"free","username":"nstoddard17","hasUsername":true,"isBetaTester":false,"isNewBetaUser":false,"accountAge":13125135971}
[2025-10-28T22:50:23.474Z] [INFO   ] 2025-10-28T22:50:23.474Z [DEBUG] [Username Check] {"userId":"a3e3a51a-175c-4b59-ad03-227ba12a18b0","hasEmail":true,"provider":"email","hasUsername":true,"isGoogleUser":false}
[2025-10-28T22:50:23.706Z] [INFO   ] 2025-10-28T22:50:23.706Z [DEBUG] [Middleware] Username check: {"path":"/workflows/builder/6c1232a4-6244-484a-b4cd-f970c22c0536","userId":"a3e3a51a-175c-4b59-ad03-227ba12a18b0","provider":"email","role":"free","username":"nstoddard17","hasUsername":true,"isBetaTester":false,"isNewBetaUser":false,"accountAge":13125136307}
[2025-10-28T22:50:23.798Z] [INFO   ] 2025-10-28T22:50:23.798Z [DEBUG] [Username Check] {"userId":"a3e3a51a-175c-4b59-ad03-227ba12a18b0","hasEmail":true,"provider":"email","hasUsername":true,"isGoogleUser":false}
[2025-10-28T22:50:24.277Z] [INFO   ] 

[2025-10-28T22:50:24.278Z] [INFO   ] Source path: /Users/nathanielstoddard/chainreact-app/chainreact-app-9e/app/globals.css
[2025-10-28T22:50:24.305Z] [INFO   ] %s: %s Finding changed files 26.115ms
[2025-10-28T22:50:24.305Z] [INFO   ] %s: %s Reading changed files 0.002ms
[2025-10-28T22:50:24.305Z] [INFO   ] %s: %s Sorting candidates 0.002ms
[2025-10-28T22:50:24.305Z] [INFO   ] %s: %s Generate rules 0.04ms
[2025-10-28T22:50:24.305Z] [INFO   ] %s: %s Build stylesheet 0.001ms
[2025-10-28T22:50:24.325Z] [INFO   ] Potential classes:  1
[2025-10-28T22:50:24.325Z] [INFO   ] Active contexts:  1
[2025-10-28T22:50:24.418Z] [INFO   ] %s: %s JIT TOTAL 140.544ms
[2025-10-28T22:50:24.418Z] [INFO   ] 

[2025-10-28T22:50:24.560Z] [INFO   ]  ✓ Compiled in 325ms (925 modules)
[2025-10-28T22:50:24.756Z] [INFO   ] 2025-10-28T22:50:24.756Z [DEBUG] [Middleware] Username check: {"path":"/workflows/builder/6c1232a4-6244-484a-b4cd-f970c22c0536","userId":"a3e3a51a-175c-4b59-ad03-227ba12a18b0","provider":"email","role":"free","username":"nstoddard17","hasUsername":true,"isBetaTester":false,"isNewBetaUser":false,"accountAge":13125137357}
[2025-10-28T22:50:24.834Z] [INFO   ] 2025-10-28T22:50:24.834Z [DEBUG] [Username Check] {"userId":"a3e3a51a-175c-4b59-ad03-227ba12a18b0","hasEmail":true,"provider":"email","hasUsername":true,"isGoogleUser":false}
[2025-10-28T22:50:25.921Z] [INFO   ]  ✓ Compiled /api/presence/count in 203ms (3854 modules)
[2025-10-28T22:50:29.780Z] [INFO   ] 

[2025-10-28T22:50:29.781Z] [INFO   ] Source path: /Users/nathanielstoddard/chainreact-app/chainreact-app-9e/app/globals.css
[2025-10-28T22:50:29.808Z] [INFO   ] %s: %s Finding changed files 25.893ms
[2025-10-28T22:50:29.808Z] [INFO   ] %s: %s Reading changed files 0.002ms
[2025-10-28T22:50:29.808Z] [INFO   ] %s: %s Sorting candidates 0.002ms
[2025-10-28T22:50:29.808Z] [INFO   ] %s: %s Generate rules 0.031ms
[2025-10-28T22:50:29.808Z] [INFO   ] %s: %s Build stylesheet 0.001ms
[2025-10-28T22:50:29.826Z] [INFO   ] Potential classes:  1
[2025-10-28T22:50:29.826Z] [INFO   ] Active contexts:  1
[2025-10-28T22:50:29.918Z] [INFO   ] %s: %s JIT TOTAL 137.458ms
[2025-10-28T22:50:29.918Z] [INFO   ] 

[2025-10-28T22:50:30.061Z] [INFO   ]  ✓ Compiled in 311ms (925 modules)
[2025-10-28T22:50:30.365Z] [INFO   ] 2025-10-28T22:50:30.365Z [DEBUG] [Middleware] Username check: {"path":"/workflows/builder/6c1232a4-6244-484a-b4cd-f970c22c0536","userId":"a3e3a51a-175c-4b59-ad03-227ba12a18b0","provider":"email","role":"free","username":"nstoddard17","hasUsername":true,"isBetaTester":false,"isNewBetaUser":false,"accountAge":13125142966}
[2025-10-28T22:50:30.522Z] [INFO   ] 2025-10-28T22:50:30.522Z [DEBUG] [Username Check] {"userId":"a3e3a51a-175c-4b59-ad03-227ba12a18b0","hasEmail":true,"provider":"email","hasUsername":true,"isGoogleUser":false}
[2025-10-28T22:50:33.314Z] [INFO   ] 

[2025-10-28T22:50:33.318Z] [INFO   ] Source path: /Users/nathanielstoddard/chainreact-app/chainreact-app-9e/app/globals.css
[2025-10-28T22:50:33.362Z] [INFO   ] %s: %s Finding changed files 43.688ms
[2025-10-28T22:50:33.363Z] [INFO   ] %s: %s Reading changed files 0.01ms
[2025-10-28T22:50:33.363Z] [INFO   ] %s: %s Sorting candidates 0.006ms
[2025-10-28T22:50:33.363Z] [INFO   ] %s: %s Generate rules 0.139ms
[2025-10-28T22:50:33.364Z] [INFO   ] %s: %s Build stylesheet 0.014ms
[2025-10-28T22:50:33.398Z] [INFO   ] Potential classes:  1
[2025-10-28T22:50:33.399Z] [INFO   ] Active contexts:  1
[2025-10-28T22:50:33.507Z] [INFO   ] %s: %s JIT TOTAL 192.607ms
[2025-10-28T22:50:33.508Z] [INFO   ] 

[2025-10-28T22:50:33.668Z] [INFO   ]  ✓ Compiled in 446ms (925 modules)
[2025-10-28T22:50:33.864Z] [INFO   ] 2025-10-28T22:50:33.864Z [DEBUG] [Middleware] Username check: {"path":"/workflows/builder/6c1232a4-6244-484a-b4cd-f970c22c0536","userId":"a3e3a51a-175c-4b59-ad03-227ba12a18b0","provider":"email","role":"free","username":"nstoddard17","hasUsername":true,"isBetaTester":false,"isNewBetaUser":false,"accountAge":13125146465}
[2025-10-28T22:50:33.944Z] [INFO   ] 2025-10-28T22:50:33.944Z [DEBUG] [Username Check] {"userId":"a3e3a51a-175c-4b59-ad03-227ba12a18b0","hasEmail":true,"provider":"email","hasUsername":true,"isGoogleUser":false}
[2025-10-28T22:50:38.102Z] [INFO   ] 

[2025-10-28T22:50:38.104Z] [INFO   ] Source path: /Users/nathanielstoddard/chainreact-app/chainreact-app-9e/app/globals.css
[2025-10-28T22:50:38.146Z] [INFO   ] %s: %s Finding changed files 40.589ms
[2025-10-28T22:50:38.147Z] [INFO   ] %s: %s Reading changed files 0.005ms
[2025-10-28T22:50:38.147Z] [INFO   ] %s: %s Sorting candidates 0.018ms
[2025-10-28T22:50:38.147Z] [INFO   ] %s: %s Generate rules 0.107ms
[2025-10-28T22:50:38.148Z] [INFO   ] %s: %s Build stylesheet 0.001ms
[2025-10-28T22:50:38.236Z] [INFO   ] Potential classes:  1
[2025-10-28T22:50:38.237Z] [INFO   ] Active contexts:  1
[2025-10-28T22:50:38.349Z] [INFO   ] %s: %s JIT TOTAL 246.003ms
[2025-10-28T22:50:38.349Z] [INFO   ] 

[2025-10-28T22:50:38.518Z] [INFO   ]  ✓ Compiled in 456ms (925 modules)
[2025-10-28T22:50:38.750Z] [INFO   ] 2025-10-28T22:50:38.750Z [DEBUG] [Middleware] Username check: {"path":"/workflows/builder/6c1232a4-6244-484a-b4cd-f970c22c0536","userId":"a3e3a51a-175c-4b59-ad03-227ba12a18b0","provider":"email","role":"free","username":"nstoddard17","hasUsername":true,"isBetaTester":false,"isNewBetaUser":false,"accountAge":13125151351}
[2025-10-28T22:50:38.823Z] [INFO   ] 2025-10-28T22:50:38.823Z [DEBUG] [Username Check] {"userId":"a3e3a51a-175c-4b59-ad03-227ba12a18b0","hasEmail":true,"provider":"email","hasUsername":true,"isGoogleUser":false}
[2025-10-28T22:50:41.100Z] [INFO   ] 

[2025-10-28T22:50:41.101Z] [INFO   ] Source path: /Users/nathanielstoddard/chainreact-app/chainreact-app-9e/app/globals.css
[2025-10-28T22:50:41.125Z] [INFO   ] %s: %s Finding changed files 23.061ms
[2025-10-28T22:50:41.125Z] [INFO   ] %s: %s Reading changed files 0.002ms
[2025-10-28T22:50:41.125Z] [INFO   ] %s: %s Sorting candidates 0.003ms
[2025-10-28T22:50:41.125Z] [INFO   ] %s: %s Generate rules 0.035ms
[2025-10-28T22:50:41.125Z] [INFO   ] %s: %s Build stylesheet 0.001ms
[2025-10-28T22:50:41.159Z] [INFO   ] Potential classes:  1
[2025-10-28T22:50:41.160Z] [INFO   ] Active contexts:  1
[2025-10-28T22:50:41.336Z] [INFO   ] %s: %s JIT TOTAL 235.812ms
[2025-10-28T22:50:41.336Z] [INFO   ] 

[2025-10-28T22:50:41.609Z] [INFO   ]  ✓ Compiled in 545ms (925 modules)
[2025-10-28T22:50:41.871Z] [INFO   ] 2025-10-28T22:50:41.871Z [DEBUG] [Middleware] Username check: {"path":"/workflows/builder/6c1232a4-6244-484a-b4cd-f970c22c0536","userId":"a3e3a51a-175c-4b59-ad03-227ba12a18b0","provider":"email","role":"free","username":"nstoddard17","hasUsername":true,"isBetaTester":false,"isNewBetaUser":false,"accountAge":13125154472}
[2025-10-28T22:50:41.940Z] [INFO   ] 2025-10-28T22:50:41.940Z [DEBUG] [Username Check] {"userId":"a3e3a51a-175c-4b59-ad03-227ba12a18b0","hasEmail":true,"provider":"email","hasUsername":true,"isGoogleUser":false}
[2025-10-28T22:50:45.894Z] [INFO   ] 

[2025-10-28T22:50:45.895Z] [INFO   ] Source path: /Users/nathanielstoddard/chainreact-app/chainreact-app-9e/app/globals.css
[2025-10-28T22:50:45.977Z] [INFO   ] %s: %s Finding changed files 81.4ms
[2025-10-28T22:50:45.977Z] [INFO   ] %s: %s Reading changed files 0.004ms
[2025-10-28T22:50:45.978Z] [INFO   ] %s: %s Sorting candidates 0.003ms
[2025-10-28T22:50:45.978Z] [INFO   ] %s: %s Generate rules 0.171ms
[2025-10-28T22:50:45.978Z] [INFO   ] %s: %s Build stylesheet 0.001ms
[2025-10-28T22:50:45.993Z] [INFO   ] Potential classes:  1
[2025-10-28T22:50:45.993Z] [INFO   ] Active contexts:  1
[2025-10-28T22:50:46.090Z] [INFO   ] %s: %s JIT TOTAL 195.573ms
[2025-10-28T22:50:46.090Z] [INFO   ] 

[2025-10-28T22:50:46.232Z] [INFO   ]  ✓ Compiled in 367ms (925 modules)
[2025-10-28T22:50:46.469Z] [INFO   ] 2025-10-28T22:50:46.469Z [DEBUG] [Middleware] Username check: {"path":"/workflows/builder/6c1232a4-6244-484a-b4cd-f970c22c0536","userId":"a3e3a51a-175c-4b59-ad03-227ba12a18b0","provider":"email","role":"free","username":"nstoddard17","hasUsername":true,"isBetaTester":false,"isNewBetaUser":false,"accountAge":13125159070}
[2025-10-28T22:50:46.539Z] [INFO   ] 2025-10-28T22:50:46.539Z [DEBUG] [Username Check] {"userId":"a3e3a51a-175c-4b59-ad03-227ba12a18b0","hasEmail":true,"provider":"email","hasUsername":true,"isGoogleUser":false}
[2025-10-28T22:50:58.607Z] [INFO   ] 

[2025-10-28T22:50:58.608Z] [INFO   ] Source path: /Users/nathanielstoddard/chainreact-app/chainreact-app-9e/app/globals.css
[2025-10-28T22:50:58.637Z] [INFO   ] %s: %s Finding changed files 28.735ms
[2025-10-28T22:50:58.637Z] [INFO   ] %s: %s Reading changed files 0.002ms
[2025-10-28T22:50:58.637Z] [INFO   ] %s: %s Sorting candidates 0.003ms
[2025-10-28T22:50:58.638Z] [INFO   ] %s: %s Generate rules 0.054ms
[2025-10-28T22:50:58.638Z] [INFO   ] %s: %s Build stylesheet 0.001ms
[2025-10-28T22:50:58.658Z] [INFO   ] Potential classes:  1
[2025-10-28T22:50:58.658Z] [INFO   ] Active contexts:  1
[2025-10-28T22:50:58.766Z] [INFO   ] %s: %s JIT TOTAL 158.823ms
[2025-10-28T22:50:58.766Z] [INFO   ] 

[2025-10-28T22:50:58.925Z] [INFO   ]  ✓ Compiled in 374ms (925 modules)
[2025-10-28T22:50:59.152Z] [INFO   ] 2025-10-28T22:50:59.152Z [DEBUG] [Middleware] Username check: {"path":"/workflows/builder/6c1232a4-6244-484a-b4cd-f970c22c0536","userId":"a3e3a51a-175c-4b59-ad03-227ba12a18b0","provider":"email","role":"free","username":"nstoddard17","hasUsername":true,"isBetaTester":false,"isNewBetaUser":false,"accountAge":13125171753}
[2025-10-28T22:50:59.240Z] [INFO   ] 2025-10-28T22:50:59.240Z [DEBUG] [Username Check] {"userId":"a3e3a51a-175c-4b59-ad03-227ba12a18b0","hasEmail":true,"provider":"email","hasUsername":true,"isGoogleUser":false}
[2025-10-28T22:58:04.264Z] [INFO   ] 

[2025-10-28T22:58:04.266Z] [INFO   ] Source path: /Users/nathanielstoddard/chainreact-app/chainreact-app-9e/app/globals.css
[2025-10-28T22:58:04.302Z] [INFO   ] %s: %s Finding changed files 34.854ms
[2025-10-28T22:58:04.303Z] [INFO   ] %s: %s Reading changed files 0.013ms
[2025-10-28T22:58:04.303Z] [INFO   ] %s: %s Sorting candidates 0.005ms
[2025-10-28T22:58:04.303Z] [INFO   ] %s: %s Generate rules 0.081ms
[2025-10-28T22:58:04.303Z] [INFO   ] %s: %s Build stylesheet 0.001ms
[2025-10-28T22:58:04.331Z] [INFO   ] Potential classes:  1
[2025-10-28T22:58:04.332Z] [INFO   ] Active contexts:  1
[2025-10-28T22:58:04.450Z] [INFO   ] %s: %s JIT TOTAL 185.226ms
[2025-10-28T22:58:04.450Z] [INFO   ] 

[2025-10-28T22:58:04.817Z] [INFO   ]  ✓ Compiled in 699ms (925 modules)
[2025-10-28T22:58:05.341Z] [INFO   ] 2025-10-28T22:58:05.341Z [DEBUG] [Middleware] Username check: {"path":"/workflows/builder/6c1232a4-6244-484a-b4cd-f970c22c0536","userId":"a3e3a51a-175c-4b59-ad03-227ba12a18b0","provider":"email","role":"free","username":"nstoddard17","hasUsername":true,"isBetaTester":false,"isNewBetaUser":false,"accountAge":13125597942}
[2025-10-28T22:58:05.450Z] [INFO   ] 2025-10-28T22:58:05.450Z [DEBUG] [Username Check] {"userId":"a3e3a51a-175c-4b59-ad03-227ba12a18b0","hasEmail":true,"provider":"email","hasUsername":true,"isGoogleUser":false}
[2025-10-28T22:59:07.593Z] [INFO   ] 

[2025-10-28T22:59:07.596Z] [INFO   ] Source path: /Users/nathanielstoddard/chainreact-app/chainreact-app-9e/app/globals.css
[2025-10-28T22:59:07.632Z] [INFO   ] %s: %s Finding changed files 32.835ms
[2025-10-28T22:59:07.641Z] [INFO   ] %s: %s Reading changed files 7.909ms
[2025-10-28T22:59:07.641Z] [INFO   ] %s: %s Sorting candidates 0.06ms
[2025-10-28T22:59:07.642Z] [INFO   ] %s: %s Generate rules 0.334ms
[2025-10-28T22:59:07.642Z] [INFO   ] %s: %s Build stylesheet 0.001ms
[2025-10-28T22:59:07.667Z] [INFO   ] Potential classes:  163
[2025-10-28T22:59:07.667Z] [INFO   ] Active contexts:  1
[2025-10-28T22:59:07.786Z] [INFO   ] %s: %s JIT TOTAL 192.52ms
[2025-10-28T22:59:07.786Z] [INFO   ] 

[2025-10-28T22:59:08.072Z] [INFO   ]  ✓ Compiled in 621ms (925 modules)
[2025-10-28T22:59:08.393Z] [INFO   ] 2025-10-28T22:59:08.393Z [DEBUG] [Middleware] Username check: {"path":"/workflows/builder/6c1232a4-6244-484a-b4cd-f970c22c0536","userId":"a3e3a51a-175c-4b59-ad03-227ba12a18b0","provider":"email","role":"free","username":"nstoddard17","hasUsername":true,"isBetaTester":false,"isNewBetaUser":false,"accountAge":13125660994}
[2025-10-28T22:59:08.499Z] [INFO   ] 2025-10-28T22:59:08.498Z [DEBUG] [Username Check] {"userId":"a3e3a51a-175c-4b59-ad03-227ba12a18b0","hasEmail":true,"provider":"email","hasUsername":true,"isGoogleUser":false}
[2025-10-28T22:59:50.101Z] [INFO   ] 

[2025-10-28T22:59:50.103Z] [INFO   ] Source path: /Users/nathanielstoddard/chainreact-app/chainreact-app-9e/app/globals.css
[2025-10-28T22:59:50.131Z] [INFO   ] %s: %s Finding changed files 27.787ms
[2025-10-28T22:59:50.144Z] [INFO   ] %s: %s Reading changed files 12.178ms
[2025-10-28T22:59:50.144Z] [INFO   ] %s: %s Sorting candidates 0.385ms
[2025-10-28T22:59:50.152Z] [INFO   ] %s: %s Generate rules 7.965ms
[2025-10-28T22:59:50.152Z] [INFO   ] %s: %s Build stylesheet 0.001ms
[2025-10-28T22:59:50.169Z] [INFO   ] Potential classes:  880
[2025-10-28T22:59:50.169Z] [INFO   ] Active contexts:  1
[2025-10-28T22:59:50.260Z] [INFO   ] %s: %s JIT TOTAL 158.292ms
[2025-10-28T22:59:50.260Z] [INFO   ] 

[2025-10-28T22:59:50.488Z] [INFO   ]  ✓ Compiled in 423ms (925 modules)
[2025-10-28T22:59:50.770Z] [INFO   ] 2025-10-28T22:59:50.770Z [DEBUG] [Middleware] Username check: {"path":"/workflows/builder/6c1232a4-6244-484a-b4cd-f970c22c0536","userId":"a3e3a51a-175c-4b59-ad03-227ba12a18b0","provider":"email","role":"free","username":"nstoddard17","hasUsername":true,"isBetaTester":false,"isNewBetaUser":false,"accountAge":13125703370}
[2025-10-28T22:59:50.834Z] [INFO   ] 2025-10-28T22:59:50.834Z [DEBUG] [Username Check] {"userId":"a3e3a51a-175c-4b59-ad03-227ba12a18b0","hasEmail":true,"provider":"email","hasUsername":true,"isGoogleUser":false}
[2025-10-28T23:01:12.903Z] [INFO   ] 

[2025-10-28T23:01:12.905Z] [INFO   ] Source path: /Users/nathanielstoddard/chainreact-app/chainreact-app-9e/app/globals.css
[2025-10-28T23:01:12.947Z] [INFO   ] %s: %s Finding changed files 40.998ms
[2025-10-28T23:01:12.972Z] [INFO   ] %s: %s Reading changed files 24.456ms
[2025-10-28T23:01:12.973Z] [INFO   ] %s: %s Sorting candidates 0.864ms
[2025-10-28T23:01:12.978Z] [INFO   ] %s: %s Generate rules 5.738ms
[2025-10-28T23:01:12.978Z] [INFO   ] %s: %s Build stylesheet 0.001ms
[2025-10-28T23:01:12.998Z] [INFO   ] Potential classes:  2132
[2025-10-28T23:01:12.998Z] [INFO   ] Active contexts:  1
[2025-10-28T23:01:13.115Z] [INFO   ] %s: %s JIT TOTAL 211.134ms
[2025-10-28T23:01:13.115Z] [INFO   ] 

[2025-10-28T23:01:13.430Z] [INFO   ]  ✓ Compiled in 618ms (925 modules)
[2025-10-28T23:01:13.735Z] [INFO   ] 2025-10-28T23:01:13.735Z [DEBUG] [Middleware] Username check: {"path":"/workflows/builder/6c1232a4-6244-484a-b4cd-f970c22c0536","userId":"a3e3a51a-175c-4b59-ad03-227ba12a18b0","provider":"email","role":"free","username":"nstoddard17","hasUsername":true,"isBetaTester":false,"isNewBetaUser":false,"accountAge":13125786336}
[2025-10-28T23:01:13.863Z] [INFO   ] 2025-10-28T23:01:13.863Z [DEBUG] [Username Check] {"userId":"a3e3a51a-175c-4b59-ad03-227ba12a18b0","hasEmail":true,"provider":"email","hasUsername":true,"isGoogleUser":false}
[2025-10-28T23:01:23.466Z] [INFO   ] 

[2025-10-28T23:01:23.467Z] [INFO   ] Source path: /Users/nathanielstoddard/chainreact-app/chainreact-app-9e/app/globals.css
[2025-10-28T23:01:23.514Z] [INFO   ] %s: %s Finding changed files 45.492ms
[2025-10-28T23:01:23.529Z] [INFO   ] %s: %s Reading changed files 14.864ms
[2025-10-28T23:01:23.531Z] [INFO   ] %s: %s Sorting candidates 1.198ms
[2025-10-28T23:01:23.533Z] [INFO   ] %s: %s Generate rules 3.399ms
[2025-10-28T23:01:23.533Z] [INFO   ] %s: %s Build stylesheet 0.003ms
[2025-10-28T23:01:23.567Z] [INFO   ] Potential classes:  943
[2025-10-28T23:01:23.567Z] [INFO   ] Active contexts:  1
[2025-10-28T23:01:23.690Z] [INFO   ] %s: %s JIT TOTAL 223.691ms
[2025-10-28T23:01:23.690Z] [INFO   ] 

[2025-10-28T23:01:23.871Z] [INFO   ]  ✓ Compiled in 558ms (925 modules)
[2025-10-28T23:01:24.123Z] [INFO   ] 2025-10-28T23:01:24.123Z [DEBUG] [Middleware] Username check: {"path":"/workflows/builder/6c1232a4-6244-484a-b4cd-f970c22c0536","userId":"a3e3a51a-175c-4b59-ad03-227ba12a18b0","provider":"email","role":"free","username":"nstoddard17","hasUsername":true,"isBetaTester":false,"isNewBetaUser":false,"accountAge":13125796724}
[2025-10-28T23:01:24.227Z] [INFO   ] 2025-10-28T23:01:24.227Z [DEBUG] [Username Check] {"userId":"a3e3a51a-175c-4b59-ad03-227ba12a18b0","hasEmail":true,"provider":"email","hasUsername":true,"isGoogleUser":false}
[2025-10-28T23:01:51.313Z] [INFO   ] 

[2025-10-28T23:01:51.315Z] [INFO   ] Source path: /Users/nathanielstoddard/chainreact-app/chainreact-app-9e/app/globals.css
[2025-10-28T23:01:51.359Z] [INFO   ] %s: %s Finding changed files 43.226ms
[2025-10-28T23:01:51.383Z] [INFO   ] %s: %s Reading changed files 23.875ms
[2025-10-28T23:01:51.384Z] [INFO   ] %s: %s Sorting candidates 0.65ms
[2025-10-28T23:01:51.386Z] [INFO   ] %s: %s Generate rules 2.829ms
[2025-10-28T23:01:51.386Z] [INFO   ] %s: %s Build stylesheet 0.001ms
[2025-10-28T23:01:51.404Z] [INFO   ] Potential classes:  1906
[2025-10-28T23:01:51.404Z] [INFO   ] Active contexts:  1
[2025-10-28T23:01:51.498Z] [INFO   ] %s: %s JIT TOTAL 183.829ms
[2025-10-28T23:01:51.498Z] [INFO   ] 

[2025-10-28T23:01:51.640Z] [INFO   ]  ✓ Compiled in 374ms (925 modules)
[2025-10-28T23:01:52.143Z] [INFO   ] 2025-10-28T23:01:52.143Z [DEBUG] [Middleware] Username check: {"path":"/workflows/builder/6c1232a4-6244-484a-b4cd-f970c22c0536","userId":"a3e3a51a-175c-4b59-ad03-227ba12a18b0","provider":"email","role":"free","username":"nstoddard17","hasUsername":true,"isBetaTester":false,"isNewBetaUser":false,"accountAge":13125824744}
[2025-10-28T23:01:52.265Z] [INFO   ] 2025-10-28T23:01:52.265Z [DEBUG] [Username Check] {"userId":"a3e3a51a-175c-4b59-ad03-227ba12a18b0","hasEmail":true,"provider":"email","hasUsername":true,"isGoogleUser":false}
[2025-10-28T23:02:26.866Z] [INFO   ] 

[2025-10-28T23:02:26.867Z] [INFO   ] Source path: /Users/nathanielstoddard/chainreact-app/chainreact-app-9e/app/globals.css
[2025-10-28T23:02:26.904Z] [INFO   ] %s: %s Finding changed files 34.482ms
[2025-10-28T23:02:26.914Z] [INFO   ] %s: %s Reading changed files 9.859ms
[2025-10-28T23:02:26.915Z] [INFO   ] %s: %s Sorting candidates 0.148ms
[2025-10-28T23:02:26.918Z] [INFO   ] %s: %s Generate rules 3.739ms
[2025-10-28T23:02:26.918Z] [INFO   ] %s: %s Build stylesheet 0.004ms
[2025-10-28T23:02:26.949Z] [INFO   ] Potential classes:  450
[2025-10-28T23:02:26.949Z] [INFO   ] Active contexts:  1
[2025-10-28T23:02:27.171Z] [INFO   ] %s: %s JIT TOTAL 304.929ms
[2025-10-28T23:02:27.171Z] [INFO   ] 

[2025-10-28T23:02:27.355Z] [INFO   ]  ✓ Compiled in 554ms (925 modules)
[2025-10-28T23:02:27.676Z] [INFO   ] 2025-10-28T23:02:27.676Z [DEBUG] [Middleware] Username check: {"path":"/workflows/builder/6c1232a4-6244-484a-b4cd-f970c22c0536","userId":"a3e3a51a-175c-4b59-ad03-227ba12a18b0","provider":"email","role":"free","username":"nstoddard17","hasUsername":true,"isBetaTester":false,"isNewBetaUser":false,"accountAge":13125860277}
[2025-10-28T23:02:27.790Z] [INFO   ] 2025-10-28T23:02:27.789Z [DEBUG] [Username Check] {"userId":"a3e3a51a-175c-4b59-ad03-227ba12a18b0","hasEmail":true,"provider":"email","hasUsername":true,"isGoogleUser":false}
[2025-10-28T23:03:11.522Z] [INFO   ] 

[2025-10-28T23:03:11.527Z] [INFO   ] Source path: /Users/nathanielstoddard/chainreact-app/chainreact-app-9e/app/globals.css
[2025-10-28T23:03:11.595Z] [INFO   ] %s: %s Finding changed files 65.953ms
[2025-10-28T23:03:11.595Z] [INFO   ] %s: %s Reading changed files 0.016ms
[2025-10-28T23:03:11.595Z] [INFO   ] %s: %s Sorting candidates 0.006ms
[2025-10-28T23:03:11.595Z] [INFO   ] %s: %s Generate rules 0.081ms
[2025-10-28T23:03:11.595Z] [INFO   ] %s: %s Build stylesheet 0.001ms
[2025-10-28T23:03:11.623Z] [INFO   ] Potential classes:  1
[2025-10-28T23:03:11.623Z] [INFO   ] Active contexts:  1
[2025-10-28T23:03:11.734Z] [INFO   ] %s: %s JIT TOTAL 210.054ms
[2025-10-28T23:03:11.734Z] [INFO   ] 

[2025-10-28T23:03:11.971Z] [INFO   ]  ✓ Compiled in 578ms (925 modules)
[2025-10-28T23:03:12.791Z] [INFO   ] 2025-10-28T23:03:12.791Z [DEBUG] [Middleware] Username check: {"path":"/workflows/builder/6c1232a4-6244-484a-b4cd-f970c22c0536","userId":"a3e3a51a-175c-4b59-ad03-227ba12a18b0","provider":"email","role":"free","username":"nstoddard17","hasUsername":true,"isBetaTester":false,"isNewBetaUser":false,"accountAge":13125905392}
[2025-10-28T23:03:12.972Z] [INFO   ] 2025-10-28T23:03:12.971Z [DEBUG] [Username Check] {"userId":"a3e3a51a-175c-4b59-ad03-227ba12a18b0","hasEmail":true,"provider":"email","hasUsername":true,"isGoogleUser":false}
[2025-10-28T23:03:26.830Z] [INFO   ] 

[2025-10-28T23:03:26.831Z] [INFO   ] Source path: /Users/nathanielstoddard/chainreact-app/chainreact-app-9e/app/globals.css
[2025-10-28T23:03:26.866Z] [INFO   ] %s: %s Finding changed files 34.251ms
[2025-10-28T23:03:26.867Z] [INFO   ] %s: %s Reading changed files 0.004ms
[2025-10-28T23:03:26.867Z] [INFO   ] %s: %s Sorting candidates 0.003ms
[2025-10-28T23:03:26.867Z] [INFO   ] %s: %s Generate rules 0.049ms
[2025-10-28T23:03:26.867Z] [INFO   ] %s: %s Build stylesheet 0.001ms
[2025-10-28T23:03:26.896Z] [INFO   ] Potential classes:  1
[2025-10-28T23:03:26.896Z] [INFO   ] Active contexts:  1
[2025-10-28T23:03:27.014Z] [INFO   ] %s: %s JIT TOTAL 183.094ms
[2025-10-28T23:03:27.014Z] [INFO   ] 

[2025-10-28T23:03:27.179Z] [INFO   ]  ✓ Compiled in 492ms (925 modules)
[2025-10-28T23:03:27.481Z] [INFO   ] 2025-10-28T23:03:27.481Z [DEBUG] [Middleware] Username check: {"path":"/workflows/builder/6c1232a4-6244-484a-b4cd-f970c22c0536","userId":"a3e3a51a-175c-4b59-ad03-227ba12a18b0","provider":"email","role":"free","username":"nstoddard17","hasUsername":true,"isBetaTester":false,"isNewBetaUser":false,"accountAge":13125920081}
[2025-10-28T23:03:27.581Z] [INFO   ] 2025-10-28T23:03:27.581Z [DEBUG] [Username Check] {"userId":"a3e3a51a-175c-4b59-ad03-227ba12a18b0","hasEmail":true,"provider":"email","hasUsername":true,"isGoogleUser":false}
[2025-10-28T23:07:52.296Z] [INFO   ] 

[2025-10-28T23:07:52.298Z] [INFO   ] Source path: /Users/nathanielstoddard/chainreact-app/chainreact-app-9e/app/globals.css
[2025-10-28T23:07:52.324Z] [INFO   ] %s: %s Finding changed files 25.241ms
[2025-10-28T23:07:52.324Z] [INFO   ] %s: %s Reading changed files 0.005ms
[2025-10-28T23:07:52.324Z] [INFO   ] %s: %s Sorting candidates 0.002ms
[2025-10-28T23:07:52.324Z] [INFO   ] %s: %s Generate rules 0.052ms
[2025-10-28T23:07:52.324Z] [INFO   ] %s: %s Build stylesheet 0.001ms
[2025-10-28T23:07:52.347Z] [INFO   ] Potential classes:  1
[2025-10-28T23:07:52.347Z] [INFO   ] Active contexts:  1
[2025-10-28T23:07:52.449Z] [INFO   ] %s: %s JIT TOTAL 151.761ms
[2025-10-28T23:07:52.449Z] [INFO   ] 

[2025-10-28T23:07:52.766Z] [INFO   ]  ✓ Compiled in 598ms (925 modules)
[2025-10-28T23:07:53.150Z] [INFO   ] 2025-10-28T23:07:53.150Z [DEBUG] [Middleware] Username check: {"path":"/workflows/builder/6c1232a4-6244-484a-b4cd-f970c22c0536","userId":"a3e3a51a-175c-4b59-ad03-227ba12a18b0","provider":"email","role":"free","username":"nstoddard17","hasUsername":true,"isBetaTester":false,"isNewBetaUser":false,"accountAge":13126185751}
[2025-10-28T23:07:53.258Z] [INFO   ] 2025-10-28T23:07:53.258Z [DEBUG] [Username Check] {"userId":"a3e3a51a-175c-4b59-ad03-227ba12a18b0","hasEmail":true,"provider":"email","hasUsername":true,"isGoogleUser":false}
[2025-10-28T23:07:55.552Z] [INFO   ] 

[2025-10-28T23:07:55.553Z] [INFO   ] Source path: /Users/nathanielstoddard/chainreact-app/chainreact-app-9e/app/globals.css
[2025-10-28T23:07:55.575Z] [INFO   ] %s: %s Finding changed files 21.809ms
[2025-10-28T23:07:55.575Z] [INFO   ] %s: %s Reading changed files 0.002ms
[2025-10-28T23:07:55.575Z] [INFO   ] %s: %s Sorting candidates 0.003ms
[2025-10-28T23:07:55.575Z] [INFO   ] %s: %s Generate rules 0.034ms
[2025-10-28T23:07:55.575Z] [INFO   ] %s: %s Build stylesheet 0.001ms
[2025-10-28T23:07:55.592Z] [INFO   ] Potential classes:  1
[2025-10-28T23:07:55.592Z] [INFO   ] Active contexts:  1
[2025-10-28T23:07:55.727Z] [INFO   ] %s: %s JIT TOTAL 174.735ms
[2025-10-28T23:07:55.727Z] [INFO   ] 

[2025-10-28T23:07:56.651Z] [INFO   ] 2025-10-28T23:07:56.651Z [DEBUG] [Middleware] Username check: {"path":"/workflows/builder/6c1232a4-6244-484a-b4cd-f970c22c0536","userId":"a3e3a51a-175c-4b59-ad03-227ba12a18b0","provider":"email","role":"free","username":"nstoddard17","hasUsername":true,"isBetaTester":false,"isNewBetaUser":false,"accountAge":13126189252}
[2025-10-28T23:07:57.014Z] [INFO   ]  ✓ Compiled in 1489ms (4993 modules)
[2025-10-28T23:07:57.282Z] [INFO   ] 2025-10-28T23:07:57.281Z [DEBUG] [Username Check] {"userId":"a3e3a51a-175c-4b59-ad03-227ba12a18b0","hasEmail":true,"provider":"email","hasUsername":true,"isGoogleUser":false}
[2025-10-28T23:07:57.614Z] [INFO   ] 2025-10-28T23:07:57.614Z [DEBUG] [Middleware] Username check: {"path":"/workflows/builder/6c1232a4-6244-484a-b4cd-f970c22c0536","userId":"a3e3a51a-175c-4b59-ad03-227ba12a18b0","provider":"email","role":"free","username":"nstoddard17","hasUsername":true,"isBetaTester":false,"isNewBetaUser":false,"accountAge":13126190215}
[2025-10-28T23:07:57.696Z] [INFO   ] 2025-10-28T23:07:57.696Z [DEBUG] [Username Check] {"userId":"a3e3a51a-175c-4b59-ad03-227ba12a18b0","hasEmail":true,"provider":"email","hasUsername":true,"isGoogleUser":false}
[2025-10-28T23:08:04.797Z] [INFO   ] 

[2025-10-28T23:08:04.798Z] [INFO   ] Source path: /Users/nathanielstoddard/chainreact-app/chainreact-app-9e/app/globals.css
[2025-10-28T23:08:04.826Z] [INFO   ] %s: %s Finding changed files 28.131ms
[2025-10-28T23:08:04.827Z] [INFO   ] %s: %s Reading changed files 0.003ms
[2025-10-28T23:08:04.827Z] [INFO   ] %s: %s Sorting candidates 0.003ms
[2025-10-28T23:08:04.827Z] [INFO   ] %s: %s Generate rules 0.043ms
[2025-10-28T23:08:04.827Z] [INFO   ] %s: %s Build stylesheet 0.001ms
[2025-10-28T23:08:04.842Z] [INFO   ] Potential classes:  1
[2025-10-28T23:08:04.842Z] [INFO   ] Active contexts:  1
[2025-10-28T23:08:04.940Z] [INFO   ] %s: %s JIT TOTAL 143.056ms
[2025-10-28T23:08:04.940Z] [INFO   ] 

[2025-10-28T23:08:05.105Z] [INFO   ]  ✓ Compiled in 342ms (925 modules)
[2025-10-28T23:08:05.474Z] [INFO   ] 2025-10-28T23:08:05.473Z [DEBUG] [Middleware] Username check: {"path":"/workflows/builder/6c1232a4-6244-484a-b4cd-f970c22c0536","userId":"a3e3a51a-175c-4b59-ad03-227ba12a18b0","provider":"email","role":"free","username":"nstoddard17","hasUsername":true,"isBetaTester":false,"isNewBetaUser":false,"accountAge":13126198074}
[2025-10-28T23:08:05.542Z] [INFO   ] 2025-10-28T23:08:05.542Z [DEBUG] [Username Check] {"userId":"a3e3a51a-175c-4b59-ad03-227ba12a18b0","hasEmail":true,"provider":"email","hasUsername":true,"isGoogleUser":false}
[2025-10-28T23:08:11.496Z] [INFO   ] 

[2025-10-28T23:08:11.497Z] [INFO   ] Source path: /Users/nathanielstoddard/chainreact-app/chainreact-app-9e/app/globals.css
[2025-10-28T23:08:11.523Z] [INFO   ] %s: %s Finding changed files 26.104ms
[2025-10-28T23:08:11.524Z] [INFO   ] %s: %s Reading changed files 0.003ms
[2025-10-28T23:08:11.524Z] [INFO   ] %s: %s Sorting candidates 0.003ms
[2025-10-28T23:08:11.524Z] [INFO   ] %s: %s Generate rules 0.042ms
[2025-10-28T23:08:11.524Z] [INFO   ] %s: %s Build stylesheet 0.001ms
[2025-10-28T23:08:11.541Z] [INFO   ] Potential classes:  1
[2025-10-28T23:08:11.541Z] [INFO   ] Active contexts:  1
[2025-10-28T23:08:11.627Z] [INFO   ] %s: %s JIT TOTAL 130.242ms
[2025-10-28T23:08:11.627Z] [INFO   ] 

[2025-10-28T23:08:11.786Z] [INFO   ]  ✓ Compiled in 324ms (925 modules)
[2025-10-28T23:08:12.190Z] [INFO   ] 2025-10-28T23:08:12.190Z [DEBUG] [Middleware] Username check: {"path":"/workflows/builder/6c1232a4-6244-484a-b4cd-f970c22c0536","userId":"a3e3a51a-175c-4b59-ad03-227ba12a18b0","provider":"email","role":"free","username":"nstoddard17","hasUsername":true,"isBetaTester":false,"isNewBetaUser":false,"accountAge":13126204791}
[2025-10-28T23:08:12.271Z] [INFO   ] 2025-10-28T23:08:12.271Z [DEBUG] [Username Check] {"userId":"a3e3a51a-175c-4b59-ad03-227ba12a18b0","hasEmail":true,"provider":"email","hasUsername":true,"isGoogleUser":false}
[2025-10-28T23:08:16.416Z] [INFO   ] 

[2025-10-28T23:08:16.417Z] [INFO   ] Source path: /Users/nathanielstoddard/chainreact-app/chainreact-app-9e/app/globals.css
[2025-10-28T23:08:16.451Z] [INFO   ] %s: %s Finding changed files 33.646ms
[2025-10-28T23:08:16.452Z] [INFO   ] %s: %s Reading changed files 0.007ms
[2025-10-28T23:08:16.452Z] [INFO   ] %s: %s Sorting candidates 0.004ms
[2025-10-28T23:08:16.452Z] [INFO   ] %s: %s Generate rules 0.053ms
[2025-10-28T23:08:16.452Z] [INFO   ] %s: %s Build stylesheet 0.001ms
[2025-10-28T23:08:16.477Z] [INFO   ] Potential classes:  1
[2025-10-28T23:08:16.477Z] [INFO   ] Active contexts:  1
[2025-10-28T23:08:16.588Z] [INFO   ] %s: %s JIT TOTAL 171.845ms
[2025-10-28T23:08:16.588Z] [INFO   ] 

[2025-10-28T23:08:16.777Z] [INFO   ]  ✓ Compiled in 406ms (925 modules)
[2025-10-28T23:08:17.081Z] [INFO   ] 2025-10-28T23:08:17.081Z [DEBUG] [Middleware] Username check: {"path":"/workflows/builder/6c1232a4-6244-484a-b4cd-f970c22c0536","userId":"a3e3a51a-175c-4b59-ad03-227ba12a18b0","provider":"email","role":"free","username":"nstoddard17","hasUsername":true,"isBetaTester":false,"isNewBetaUser":false,"accountAge":13126209682}
[2025-10-28T23:08:17.174Z] [INFO   ] 2025-10-28T23:08:17.174Z [DEBUG] [Username Check] {"userId":"a3e3a51a-175c-4b59-ad03-227ba12a18b0","hasEmail":true,"provider":"email","hasUsername":true,"isGoogleUser":false}
[2025-10-28T23:08:24.485Z] [INFO   ] 

[2025-10-28T23:08:24.486Z] [INFO   ] Source path: /Users/nathanielstoddard/chainreact-app/chainreact-app-9e/app/globals.css
[2025-10-28T23:08:24.504Z] [INFO   ] %s: %s Finding changed files 18.125ms
[2025-10-28T23:08:24.505Z] [INFO   ] %s: %s Reading changed files 0.003ms
[2025-10-28T23:08:24.505Z] [INFO   ] %s: %s Sorting candidates 0.003ms
[2025-10-28T23:08:24.505Z] [INFO   ] %s: %s Generate rules 0.03ms
[2025-10-28T23:08:24.505Z] [INFO   ] %s: %s Build stylesheet 0.001ms
[2025-10-28T23:08:24.521Z] [INFO   ] Potential classes:  1
[2025-10-28T23:08:24.521Z] [INFO   ] Active contexts:  1
[2025-10-28T23:08:24.655Z] [INFO   ] %s: %s JIT TOTAL 169.442ms
[2025-10-28T23:08:24.655Z] [INFO   ] 

[2025-10-28T23:08:25.051Z] [INFO   ]  ✓ Compiled in 591ms (925 modules)
[2025-10-28T23:08:25.387Z] [INFO   ] 2025-10-28T23:08:25.387Z [DEBUG] [Middleware] Username check: {"path":"/workflows/builder/6c1232a4-6244-484a-b4cd-f970c22c0536","userId":"a3e3a51a-175c-4b59-ad03-227ba12a18b0","provider":"email","role":"free","username":"nstoddard17","hasUsername":true,"isBetaTester":false,"isNewBetaUser":false,"accountAge":13126217988}
[2025-10-28T23:08:25.494Z] [INFO   ] 2025-10-28T23:08:25.493Z [DEBUG] [Username Check] {"userId":"a3e3a51a-175c-4b59-ad03-227ba12a18b0","hasEmail":true,"provider":"email","hasUsername":true,"isGoogleUser":false}
[2025-10-28T23:08:30.561Z] [INFO   ] 

[2025-10-28T23:08:30.562Z] [INFO   ] Source path: /Users/nathanielstoddard/chainreact-app/chainreact-app-9e/app/globals.css
[2025-10-28T23:08:30.605Z] [INFO   ] %s: %s Finding changed files 42.758ms
[2025-10-28T23:08:30.606Z] [INFO   ] %s: %s Reading changed files 0.018ms
[2025-10-28T23:08:30.606Z] [INFO   ] %s: %s Sorting candidates 0.021ms
[2025-10-28T23:08:30.606Z] [INFO   ] %s: %s Generate rules 0.152ms
[2025-10-28T23:08:30.606Z] [INFO   ] %s: %s Build stylesheet 0.001ms
[2025-10-28T23:08:30.629Z] [INFO   ] Potential classes:  1
[2025-10-28T23:08:30.629Z] [INFO   ] Active contexts:  1
[2025-10-28T23:08:30.739Z] [INFO   ] %s: %s JIT TOTAL 177.682ms
[2025-10-28T23:08:30.739Z] [INFO   ] 

[2025-10-28T23:08:30.900Z] [INFO   ]  ✓ Compiled in 382ms (925 modules)
[2025-10-28T23:08:31.148Z] [INFO   ] 2025-10-28T23:08:31.148Z [DEBUG] [Middleware] Username check: {"path":"/workflows/builder/6c1232a4-6244-484a-b4cd-f970c22c0536","userId":"a3e3a51a-175c-4b59-ad03-227ba12a18b0","provider":"email","role":"free","username":"nstoddard17","hasUsername":true,"isBetaTester":false,"isNewBetaUser":false,"accountAge":13126223749}
[2025-10-28T23:08:31.237Z] [INFO   ] 2025-10-28T23:08:31.237Z [DEBUG] [Username Check] {"userId":"a3e3a51a-175c-4b59-ad03-227ba12a18b0","hasEmail":true,"provider":"email","hasUsername":true,"isGoogleUser":false}
[2025-10-28T23:08:40.863Z] [INFO   ] 

[2025-10-28T23:08:40.864Z] [INFO   ] Source path: /Users/nathanielstoddard/chainreact-app/chainreact-app-9e/app/globals.css
[2025-10-28T23:08:40.887Z] [INFO   ] %s: %s Finding changed files 22.842ms
[2025-10-28T23:08:40.887Z] [INFO   ] %s: %s Reading changed files 0.002ms
[2025-10-28T23:08:40.887Z] [INFO   ] %s: %s Sorting candidates 0.003ms
[2025-10-28T23:08:40.887Z] [INFO   ] %s: %s Generate rules 0.036ms
[2025-10-28T23:08:40.887Z] [INFO   ] %s: %s Build stylesheet 0.001ms
[2025-10-28T23:08:40.969Z] [INFO   ] Potential classes:  1
[2025-10-28T23:08:40.969Z] [INFO   ] Active contexts:  1
[2025-10-28T23:08:41.069Z] [INFO   ] %s: %s JIT TOTAL 205.188ms
[2025-10-28T23:08:41.069Z] [INFO   ] 

[2025-10-28T23:08:41.210Z] [INFO   ]  ✓ Compiled in 378ms (925 modules)
[2025-10-28T23:08:41.521Z] [INFO   ] 2025-10-28T23:08:41.520Z [DEBUG] [Middleware] Username check: {"path":"/workflows/builder/6c1232a4-6244-484a-b4cd-f970c22c0536","userId":"a3e3a51a-175c-4b59-ad03-227ba12a18b0","provider":"email","role":"free","username":"nstoddard17","hasUsername":true,"isBetaTester":false,"isNewBetaUser":false,"accountAge":13126234121}
[2025-10-28T23:08:41.587Z] [INFO   ] 2025-10-28T23:08:41.587Z [DEBUG] [Username Check] {"userId":"a3e3a51a-175c-4b59-ad03-227ba12a18b0","hasEmail":true,"provider":"email","hasUsername":true,"isGoogleUser":false}
[2025-10-28T23:08:46.667Z] [INFO   ] 

[2025-10-28T23:08:46.668Z] [INFO   ] Source path: /Users/nathanielstoddard/chainreact-app/chainreact-app-9e/app/globals.css
[2025-10-28T23:08:46.707Z] [INFO   ] %s: %s Finding changed files 37.364ms
[2025-10-28T23:08:46.708Z] [INFO   ] %s: %s Reading changed files 0.009ms
[2025-10-28T23:08:46.708Z] [INFO   ] %s: %s Sorting candidates 0.005ms
[2025-10-28T23:08:46.708Z] [INFO   ] %s: %s Generate rules 0.057ms
[2025-10-28T23:08:46.708Z] [INFO   ] %s: %s Build stylesheet 0.001ms
[2025-10-28T23:08:46.738Z] [INFO   ] Potential classes:  1
[2025-10-28T23:08:46.738Z] [INFO   ] Active contexts:  1
[2025-10-28T23:08:46.846Z] [INFO   ] %s: %s JIT TOTAL 178.503ms
[2025-10-28T23:08:46.846Z] [INFO   ] 

[2025-10-28T23:08:46.995Z] [INFO   ]  ✓ Compiled in 429ms (925 modules)
[2025-10-28T23:08:47.845Z] [INFO   ] 2025-10-28T23:08:47.844Z [DEBUG] [Middleware] Username check: {"path":"/workflows/builder/6c1232a4-6244-484a-b4cd-f970c22c0536","userId":"a3e3a51a-175c-4b59-ad03-227ba12a18b0","provider":"email","role":"free","username":"nstoddard17","hasUsername":true,"isBetaTester":false,"isNewBetaUser":false,"accountAge":13126240445}
[2025-10-28T23:08:47.959Z] [INFO   ] 2025-10-28T23:08:47.958Z [DEBUG] [Username Check] {"userId":"a3e3a51a-175c-4b59-ad03-227ba12a18b0","hasEmail":true,"provider":"email","hasUsername":true,"isGoogleUser":false}
[2025-10-28T23:08:53.341Z] [INFO   ] 

[2025-10-28T23:08:53.342Z] [INFO   ] Source path: /Users/nathanielstoddard/chainreact-app/chainreact-app-9e/app/globals.css
[2025-10-28T23:08:53.367Z] [INFO   ] %s: %s Finding changed files 24.231ms
[2025-10-28T23:08:53.367Z] [INFO   ] %s: %s Reading changed files 0.002ms
[2025-10-28T23:08:53.367Z] [INFO   ] %s: %s Sorting candidates 0.003ms
[2025-10-28T23:08:53.367Z] [INFO   ] %s: %s Generate rules 0.038ms
[2025-10-28T23:08:53.367Z] [INFO   ] %s: %s Build stylesheet 0.001ms
[2025-10-28T23:08:53.389Z] [INFO   ] Potential classes:  1
[2025-10-28T23:08:53.389Z] [INFO   ] Active contexts:  1
[2025-10-28T23:08:53.609Z] [INFO   ] %s: %s JIT TOTAL 267.863ms
[2025-10-28T23:08:53.610Z] [INFO   ] 

[2025-10-28T23:08:53.896Z] [INFO   ]  ✓ Compiled in 585ms (925 modules)
[2025-10-28T23:08:54.167Z] [INFO   ] 2025-10-28T23:08:54.167Z [DEBUG] [Middleware] Username check: {"path":"/workflows/builder/6c1232a4-6244-484a-b4cd-f970c22c0536","userId":"a3e3a51a-175c-4b59-ad03-227ba12a18b0","provider":"email","role":"free","username":"nstoddard17","hasUsername":true,"isBetaTester":false,"isNewBetaUser":false,"accountAge":13126246768}
[2025-10-28T23:08:54.277Z] [INFO   ] 2025-10-28T23:08:54.277Z [DEBUG] [Username Check] {"userId":"a3e3a51a-175c-4b59-ad03-227ba12a18b0","hasEmail":true,"provider":"email","hasUsername":true,"isGoogleUser":false}
[2025-10-28T23:09:01.798Z] [INFO   ] 

[2025-10-28T23:09:01.801Z] [INFO   ] Source path: /Users/nathanielstoddard/chainreact-app/chainreact-app-9e/app/globals.css
[2025-10-28T23:09:01.847Z] [INFO   ] %s: %s Finding changed files 45.739ms
[2025-10-28T23:09:01.848Z] [INFO   ] %s: %s Reading changed files 0.003ms
[2025-10-28T23:09:01.848Z] [INFO   ] %s: %s Sorting candidates 0.003ms
[2025-10-28T23:09:01.848Z] [INFO   ] %s: %s Generate rules 0.038ms
[2025-10-28T23:09:01.848Z] [INFO   ] %s: %s Build stylesheet 0.001ms
[2025-10-28T23:09:01.888Z] [INFO   ] Potential classes:  1
[2025-10-28T23:09:01.888Z] [INFO   ] Active contexts:  1
[2025-10-28T23:09:02.267Z] [INFO   ] %s: %s JIT TOTAL 468.146ms
[2025-10-28T23:09:02.267Z] [INFO   ] 

[2025-10-28T23:09:02.461Z] [INFO   ]  ✓ Compiled in 803ms (925 modules)
[2025-10-28T23:09:02.797Z] [INFO   ] 2025-10-28T23:09:02.797Z [DEBUG] [Middleware] Username check: {"path":"/workflows/builder/6c1232a4-6244-484a-b4cd-f970c22c0536","userId":"a3e3a51a-175c-4b59-ad03-227ba12a18b0","provider":"email","role":"free","username":"nstoddard17","hasUsername":true,"isBetaTester":false,"isNewBetaUser":false,"accountAge":13126255398}
[2025-10-28T23:09:02.922Z] [INFO   ] 2025-10-28T23:09:02.922Z [DEBUG] [Username Check] {"userId":"a3e3a51a-175c-4b59-ad03-227ba12a18b0","hasEmail":true,"provider":"email","hasUsername":true,"isGoogleUser":false}
[2025-10-28T23:09:13.754Z] [INFO   ] 

[2025-10-28T23:09:13.755Z] [INFO   ] Source path: /Users/nathanielstoddard/chainreact-app/chainreact-app-9e/app/globals.css
[2025-10-28T23:09:13.783Z] [INFO   ] %s: %s Finding changed files 26.61ms
[2025-10-28T23:09:13.783Z] [INFO   ] %s: %s Reading changed files 0.006ms
[2025-10-28T23:09:13.783Z] [INFO   ] %s: %s Sorting candidates 0.024ms
[2025-10-28T23:09:13.783Z] [INFO   ] %s: %s Generate rules 0.078ms
[2025-10-28T23:09:13.784Z] [INFO   ] %s: %s Build stylesheet 0.002ms
[2025-10-28T23:09:13.805Z] [INFO   ] Potential classes:  1
[2025-10-28T23:09:13.805Z] [INFO   ] Active contexts:  1
[2025-10-28T23:09:13.920Z] [INFO   ] %s: %s JIT TOTAL 164.958ms
[2025-10-28T23:09:13.920Z] [INFO   ] 

[2025-10-28T23:09:14.081Z] [INFO   ]  ✓ Compiled in 376ms (925 modules)
[2025-10-28T23:09:14.348Z] [INFO   ] 2025-10-28T23:09:14.348Z [DEBUG] [Middleware] Username check: {"path":"/workflows/builder/6c1232a4-6244-484a-b4cd-f970c22c0536","userId":"a3e3a51a-175c-4b59-ad03-227ba12a18b0","provider":"email","role":"free","username":"nstoddard17","hasUsername":true,"isBetaTester":false,"isNewBetaUser":false,"accountAge":13126266949}
[2025-10-28T23:09:14.419Z] [INFO   ] 2025-10-28T23:09:14.419Z [DEBUG] [Username Check] {"userId":"a3e3a51a-175c-4b59-ad03-227ba12a18b0","hasEmail":true,"provider":"email","hasUsername":true,"isGoogleUser":false}
[2025-10-28T23:10:26.406Z] [INFO   ]  ○ Compiling /api/presence/count ...
[2025-10-28T23:10:26.433Z] [INFO   ]  ✓ Compiled /api/presence/count in 695ms (3854 modules)
[2025-10-28T23:11:01.457Z] [INFO   ] 

[2025-10-28T23:11:01.460Z] [INFO   ] Source path: /Users/nathanielstoddard/chainreact-app/chainreact-app-9e/app/globals.css
[2025-10-28T23:11:01.503Z] [INFO   ] %s: %s Finding changed files 41.373ms
[2025-10-28T23:11:01.503Z] [INFO   ] %s: %s Reading changed files 0.009ms
[2025-10-28T23:11:01.503Z] [INFO   ] %s: %s Sorting candidates 0.007ms
[2025-10-28T23:11:01.503Z] [INFO   ] %s: %s Generate rules 0.116ms
[2025-10-28T23:11:01.503Z] [INFO   ] %s: %s Build stylesheet 0.001ms
[2025-10-28T23:11:01.533Z] [INFO   ] Potential classes:  1
[2025-10-28T23:11:01.533Z] [INFO   ] Active contexts:  1
[2025-10-28T23:11:01.669Z] [INFO   ] %s: %s JIT TOTAL 211.861ms
[2025-10-28T23:11:01.669Z] [INFO   ] 

[2025-10-28T23:11:02.284Z] [INFO   ]  ✓ Compiled in 945ms (925 modules)
[2025-10-28T23:11:02.930Z] [INFO   ] 2025-10-28T23:11:02.930Z [DEBUG] [Middleware] Username check: {"path":"/workflows/builder/6c1232a4-6244-484a-b4cd-f970c22c0536","userId":"a3e3a51a-175c-4b59-ad03-227ba12a18b0","provider":"email","role":"free","username":"nstoddard17","hasUsername":true,"isBetaTester":false,"isNewBetaUser":false,"accountAge":13126375531}
[2025-10-28T23:11:03.107Z] [INFO   ] 2025-10-28T23:11:03.106Z [DEBUG] [Username Check] {"userId":"a3e3a51a-175c-4b59-ad03-227ba12a18b0","hasEmail":true,"provider":"email","hasUsername":true,"isGoogleUser":false}
[2025-10-28T23:25:33.463Z] [INFO   ] 

[2025-10-28T23:25:33.464Z] [INFO   ] Source path: /Users/nathanielstoddard/chainreact-app/chainreact-app-9e/app/globals.css
[2025-10-28T23:25:33.496Z] [INFO   ] %s: %s Finding changed files 30.035ms
[2025-10-28T23:25:33.497Z] [INFO   ] %s: %s Reading changed files 0.011ms
[2025-10-28T23:25:33.497Z] [INFO   ] %s: %s Sorting candidates 0.005ms
[2025-10-28T23:25:33.497Z] [INFO   ] %s: %s Generate rules 0.063ms
[2025-10-28T23:25:33.497Z] [INFO   ] %s: %s Build stylesheet 0ms
[2025-10-28T23:25:33.525Z] [INFO   ] Potential classes:  1
[2025-10-28T23:25:33.525Z] [INFO   ] Active contexts:  1
[2025-10-28T23:25:33.649Z] [INFO   ] %s: %s JIT TOTAL 186.387ms
[2025-10-28T23:25:33.649Z] [INFO   ] 

[2025-10-28T23:25:33.969Z] [INFO   ]  ✓ Compiled in 573ms (925 modules)
[2025-10-28T23:25:34.387Z] [INFO   ] 2025-10-28T23:25:34.387Z [DEBUG] [Middleware] Username check: {"path":"/workflows/builder/6c1232a4-6244-484a-b4cd-f970c22c0536","userId":"a3e3a51a-175c-4b59-ad03-227ba12a18b0","provider":"email","role":"free","username":"nstoddard17","hasUsername":true,"isBetaTester":false,"isNewBetaUser":false,"accountAge":13127246988}
[2025-10-28T23:25:34.460Z] [INFO   ] 2025-10-28T23:25:34.460Z [DEBUG] [Username Check] {"userId":"a3e3a51a-175c-4b59-ad03-227ba12a18b0","hasEmail":true,"provider":"email","hasUsername":true,"isGoogleUser":false}
[2025-10-28T23:36:32.906Z] [INFO   ] 2025-10-28T23:36:32.905Z [DEBUG] [Middleware] Username check: {"path":"/workflows/builder/6c1232a4-6244-484a-b4cd-f970c22c0536","userId":"a3e3a51a-175c-4b59-ad03-227ba12a18b0","provider":"email","role":"free","username":"nstoddard17","hasUsername":true,"isBetaTester":false,"isNewBetaUser":false,"accountAge":13127905506}
[2025-10-28T23:36:33.203Z] [INFO   ] 2025-10-28T23:36:33.196Z [DEBUG] 💧 [AUTH] Rehydrating auth state from storage {"hasState":true,"hasUser":false,"initialized":false,"timestamp":"2025-10-28T23:36:33.196Z"}
[2025-10-28T23:36:33.204Z] [INFO   ] 2025-10-28T23:36:33.204Z [DEBUG] 💧 [AUTH] State hydrated and reset {"hasUser":false,"initialized":false,"timestamp":"2025-10-28T23:36:33.204Z"}
[2025-10-28T23:36:33.204Z] [INFO   ] 2025-10-28T23:36:33.204Z [DEBUG] ⏭️ [AUTH] Skipping initialization {"hasState":true,"alreadyInitialized":false,"isClient":false,"timestamp":"2025-10-28T23:36:33.204Z"}
[2025-10-28T23:36:33.478Z] [INFO   ] 2025-10-28T23:36:33.478Z [DEBUG] [Username Check] {"userId":"a3e3a51a-175c-4b59-ad03-227ba12a18b0","hasEmail":true,"provider":"email","hasUsername":true,"isGoogleUser":false}
[2025-10-28T23:36:34.110Z] [INFO   ]  ○ Compiling /api/auth/profile ...
[2025-10-28T23:36:35.560Z] [INFO   ]  ✓ Compiled /api/integrations in 1997ms (3858 modules)
[2025-10-28T23:36:35.668Z] [INFO   ] 2025-10-28T23:36:35.668Z [DEBUG] [Middleware] Username check: {"path":"/workflows/v2/api/flows/6c1232a4-6244-484a-b4cd-f970c22c0536/revisions","userId":"a3e3a51a-175c-4b59-ad03-227ba12a18b0","provider":"email","role":"free","username":"nstoddard17","hasUsername":true,"isBetaTester":false,"isNewBetaUser":false,"accountAge":13127908269}
[2025-10-28T23:36:35.969Z] [INFO   ]  ✓ Compiled /workflows/v2/api/flows/[flowId]/revisions in 0ms (3862 modules)
[2025-10-28T23:36:36.640Z] [INFO   ]  ✓ Compiled in 0ms (3865 modules)
[2025-10-28T23:36:37.064Z] [INFO   ]  ✓ Compiled in 0ms (3865 modules)
[2025-10-28T23:36:37.387Z] [INFO   ]  ✓ Compiled in 0ms (3865 modules)
[2025-10-28T23:36:37.434Z] [INFO   ] 2025-10-28T23:36:37.434Z [DEBUG] 📍 [API /api/integrations] GET request received {"timestamp":"2025-10-28T23:36:37.434Z","headers":{"referer":"check-console"}}
[2025-10-28T23:36:37.578Z] [INFO   ] 2025-10-28T23:36:37.578Z [DEBUG] ✅ [API /api/integrations] User authenticated {"userId":"a3e3a51a-175c-4b59-ad03-227ba12a18b0"}
[2025-10-28T23:36:37.925Z] [INFO   ] 2025-10-28T23:36:37.925Z [DEBUG] 📊 [API /api/integrations] Query result {"count":14,"error":null,"firstFew":[{"provider":"notion","status":"connected"},{"provider":"mailchimp","status":"connected"}]}
[2025-10-28T23:36:38.324Z] [INFO   ] 2025-10-28T23:36:38.323Z [DEBUG] [Middleware] Username check: {"path":"/workflows/v2/api/flows/6c1232a4-6244-484a-b4cd-f970c22c0536/revisions/99c64826-da17-41da-8f15-5786277e46a9","userId":"a3e3a51a-175c-4b59-ad03-227ba12a18b0","provider":"email","role":"free","username":"nstoddard17","hasUsername":true,"isBetaTester":false,"isNewBetaUser":false,"accountAge":13127910924}
[2025-10-28T23:36:38.327Z] [INFO   ] 2025-10-28T23:36:38.327Z [DEBUG] [Middleware] Username check: {"path":"/workflows/v2/api/flows/6c1232a4-6244-484a-b4cd-f970c22c0536/revisions","userId":"a3e3a51a-175c-4b59-ad03-227ba12a18b0","provider":"email","role":"free","username":"nstoddard17","hasUsername":true,"isBetaTester":false,"isNewBetaUser":false,"accountAge":13127910928}
[2025-10-28T23:36:38.613Z] [INFO   ]  ✓ Compiled /workflows/v2/api/flows/[flowId]/revisions/[revisionId] in 255ms (3867 modules)
[2025-10-28T23:36:39.797Z] [INFO   ] 2025-10-28T23:36:39.797Z [DEBUG] [Middleware] Username check: {"path":"/workflows/v2/api/flows/6c1232a4-6244-484a-b4cd-f970c22c0536/revisions/99c64826-da17-41da-8f15-5786277e46a9","userId":"a3e3a51a-175c-4b59-ad03-227ba12a18b0","provider":"email","role":"free","username":"nstoddard17","hasUsername":true,"isBetaTester":false,"isNewBetaUser":false,"accountAge":13127912398}

=== Log Session Ended: 2025-10-28T23:36:42.005Z ===
