=== Log Session Started: 2025-10-22T20:24:59.045Z ===
Node Version: v23.7.0
Platform: darwin
Working Directory: /Users/nathanielstoddard/chainreact-app/chainreact-app-9e
================================================================================

[2025-10-22T20:24:59.046Z] [INFO   ] File logging initialized
[2025-10-22T20:24:59.046Z] [INFO   ] Log file: /Users/nathanielstoddard/chainreact-app/chainreact-app-9e/logs/workflow_2025-10-22_15-24-59.log
[2025-10-22T20:24:59.049Z] [INFO   ] 📁 File logging enabled
[2025-10-22T20:24:59.049Z] [INFO   ] 📝 Logs will be written to: /Users/nathanielstoddard/chainreact-app/chainreact-app-9e/logs/workflow_2025-10-22_15-24-59.log
[2025-10-22T20:24:59.049Z] [INFO   ] 💡 To view logs in real-time: tail -f /Users/nathanielstoddard/chainreact-app/chainreact-app-9e/logs/workflow_2025-10-22_15-24-59.log
[2025-10-22T20:24:59.049Z] [INFO   ] 💡 To view all logs: cat /Users/nathanielstoddard/chainreact-app/chainreact-app-9e/logs/workflow_2025-10-22_15-24-59.log
[2025-10-22T20:24:59.049Z] [INFO   ] 💡 To share logs: Copy the file at /Users/nathanielstoddard/chainreact-app/chainreact-app-9e/logs/workflow_2025-10-22_15-24-59.log
[2025-10-22T20:24:59.049Z] [INFO   ] --------------------------------------------------------------------------------
[2025-10-22T20:24:59.049Z] [DEBUG  ] 📁 File logging system initialized
[2025-10-22T20:24:59.055Z] [INFO   ]  [32m[1m✓[22m[39m Ready in 3.1s
[2025-10-22T20:24:59.075Z] [WARN   ]  [33m[1m⚠[22m[39m Fast Refresh had to perform a full reload due to a runtime error.
[2025-10-22T20:24:59.195Z] [INFO   ]  [32m[1m✓[22m[39m Compiled /middleware in 112ms (233 modules)
[2025-10-22T20:24:59.553Z] [INFO   ] 2025-10-22T20:24:59.553Z [DEBUG] [Middleware] Username check: {"path":"/workflows/builder/bb9c7281-19df-4c2e-b2d4-7ea7bff1ef2a","userId":"a3e3a51a-175c-4b59-ad03-227ba12a18b0","provider":"email","role":"admin","username":"nstoddard17","hasUsername":true,"isBetaTester":false,"isNewBetaUser":false,"accountAge":12598012154}
[2025-10-22T20:25:00.056Z] [INFO   ] 2025-10-22T20:25:00.056Z [DEBUG] 🤖 Discord bot configured, initializing gateway connection in background...
[2025-10-22T20:25:02.149Z] [INFO   ] 2025-10-22T20:25:02.148Z [DEBUG] Initializing Discord Gateway connection (singleton)...
[2025-10-22T20:25:02.149Z] [INFO   ] 2025-10-22T20:25:02.149Z [DEBUG] 🔑 Discord bot token loaded
[2025-10-22T20:25:02.153Z] [INFO   ]  [37m[1m○[22m[39m Compiling /workflows/builder/[id] ...
[2025-10-22T20:25:02.379Z] [INFO   ] 2025-10-22T20:25:02.379Z [DEBUG] Discord Gateway initialization complete
[2025-10-22T20:25:02.381Z] [INFO   ] 2025-10-22T20:25:02.381Z [DEBUG] ✅ Discord bot gateway connection initialized
[2025-10-22T20:25:02.573Z] [INFO   ] 2025-10-22T20:25:02.573Z [DEBUG] Discord Gateway WebSocket connection established
[2025-10-22T20:25:02.574Z] [INFO   ] 2025-10-22T20:25:02.574Z [DEBUG] 🔑 Sending identify with intents: {"GUILDS":true,"GUILD_MEMBERS":true,"GUILD_INVITES":true,"GUILD_MESSAGES":true,"MESSAGE_CONTENT":true,"intentsValue":33347}
[2025-10-22T20:25:02.751Z] [INFO   ] 2025-10-22T20:25:02.750Z [DEBUG] 🎉 Discord bot ready! {"sessionId":"d5723a281cfe0119a105ee09f79b2f2f","username":"ChainReact-Bot","userId":"1378595955212812308","guildCount":2}
[2025-10-22T20:25:02.751Z] [INFO   ] 2025-10-22T20:25:02.751Z [DEBUG] 📋 Initializing invite cache...
[2025-10-22T20:25:02.751Z] [INFO   ] 2025-10-22T20:25:02.751Z [DEBUG] 📡 Discord event received: GUILD_CREATE
[2025-10-22T20:25:02.752Z] [INFO   ] 2025-10-22T20:25:02.752Z [DEBUG] 📡 Discord event received: GUILD_CREATE
[2025-10-22T20:25:03.077Z] [INFO   ] 2025-10-22T20:25:03.076Z [DEBUG] ✅ Cached 3 invites for guild 1378950884045623406
[2025-10-22T20:25:07.641Z] [INFO   ]  [32m[1m✓[22m[39m Compiled /workflows/builder/[id] in 8.1s (5827 modules)
[2025-10-22T20:25:07.733Z] [WARN   ]  [33m[1m⚠[22m[39m Fast Refresh had to perform a full reload due to a runtime error.
[2025-10-22T20:25:08.300Z] [INFO   ]  [32m[1m✓[22m[39m Compiled in 632ms (1636 modules)
[2025-10-22T20:25:08.323Z] [WARN   ]  [33m[1m⚠[22m[39m Fast Refresh had to perform a full reload due to a runtime error.
[2025-10-22T20:25:08.683Z] [INFO   ] 2025-10-22T20:25:08.683Z [DEBUG] 💧 [AUTH] Rehydrating auth state from storage {"hasState":true,"hasUser":false,"initialized":false,"timestamp":"2025-10-22T20:25:08.683Z"}
[2025-10-22T20:25:08.696Z] [INFO   ] 2025-10-22T20:25:08.696Z [DEBUG] 💧 [AUTH] State hydrated and reset {"hasUser":false,"initialized":false,"timestamp":"2025-10-22T20:25:08.696Z"}
[2025-10-22T20:25:08.696Z] [INFO   ] 2025-10-22T20:25:08.696Z [DEBUG] ⏭️ [AUTH] Skipping initialization {"hasState":true,"alreadyInitialized":false,"isClient":false,"timestamp":"2025-10-22T20:25:08.696Z"}
[2025-10-22T20:25:08.756Z] [INFO   ] 2025-10-22T20:25:08.756Z [DEBUG] [Middleware] Username check: {"path":"/workflows/builder/bb9c7281-19df-4c2e-b2d4-7ea7bff1ef2a","userId":"a3e3a51a-175c-4b59-ad03-227ba12a18b0","provider":"email","role":"admin","username":"nstoddard17","hasUsername":true,"isBetaTester":false,"isNewBetaUser":false,"accountAge":12598021357}
[2025-10-22T20:25:08.757Z] [INFO   ] 2025-10-22T20:25:08.757Z [DEBUG] [Middleware] Username check: {"path":"/workflows/builder/bb9c7281-19df-4c2e-b2d4-7ea7bff1ef2a","userId":"a3e3a51a-175c-4b59-ad03-227ba12a18b0","provider":"email","role":"admin","username":"nstoddard17","hasUsername":true,"isBetaTester":false,"isNewBetaUser":false,"accountAge":12598021358}
[2025-10-22T20:25:08.757Z] [INFO   ] 2025-10-22T20:25:08.757Z [DEBUG] [Middleware] Username check: {"path":"/workflows/builder/bb9c7281-19df-4c2e-b2d4-7ea7bff1ef2a","userId":"a3e3a51a-175c-4b59-ad03-227ba12a18b0","provider":"email","role":"admin","username":"nstoddard17","hasUsername":true,"isBetaTester":false,"isNewBetaUser":false,"accountAge":12598021358}
[2025-10-22T20:25:09.043Z] [INFO   ] 2025-10-22T20:25:09.041Z [DEBUG] [Username Check] {"userId":"a3e3a51a-175c-4b59-ad03-227ba12a18b0","hasEmail":true,"provider":"email","hasUsername":true,"isGoogleUser":false}
[2025-10-22T20:25:09.610Z] [INFO   ] 2025-10-22T20:25:09.610Z [DEBUG] [Username Check] {"userId":"a3e3a51a-175c-4b59-ad03-227ba12a18b0","hasEmail":true,"provider":"email","hasUsername":true,"isGoogleUser":false}
[2025-10-22T20:25:10.479Z] [INFO   ]  [37m[1m○[22m[39m Compiling /api/collaboration/join ...
[2025-10-22T20:25:11.921Z] [INFO   ]  [32m[1m✓[22m[39m Compiled /api/collaboration/join in 1942ms (5839 modules)
[2025-10-22T20:25:12.065Z] [INFO   ] 2025-10-22T20:25:12.065Z [DEBUG] 📍 [API /api/integrations] GET request received {"timestamp":"2025-10-22T20:25:12.065Z","headers":{"referer":"check-console"}}
[2025-10-22T20:25:12.160Z] [INFO   ] 2025-10-22T20:25:12.160Z [DEBUG] ✅ [API /api/integrations] User authenticated {"userId":"a3e3a51a-175c-4b59-ad03-227ba12a18b0"}
[2025-10-22T20:25:12.289Z] [INFO   ] 2025-10-22T20:25:12.289Z [DEBUG] 📊 [API /api/integrations] Query result {"count":14,"error":null,"firstFew":[{"provider":"notion","status":"connected"},{"provider":"mailchimp","status":"connected"}]}
[2025-10-22T20:25:43.221Z] [INFO   ]  [32m[1m✓[22m[39m Compiled /api/collaboration/collaborators in 480ms (5841 modules)
[2025-10-22T20:49:21.602Z] [INFO   ] 2025-10-22T20:49:21.602Z [DEBUG] [Middleware] Username check: {"path":"/workflows/builder/bb9c7281-19df-4c2e-b2d4-7ea7bff1ef2a","userId":"a3e3a51a-175c-4b59-ad03-227ba12a18b0","provider":"email","role":"admin","username":"nstoddard17","hasUsername":true,"isBetaTester":false,"isNewBetaUser":false,"accountAge":12599474203}
[2025-10-22T20:49:21.632Z] [INFO   ]  [32m[1m✓[22m[39m Compiled in 1833ms (6065 modules)
[2025-10-22T20:49:22.206Z] [INFO   ]  [37m[1m○[22m[39m Compiling /_not-found ...
[2025-10-22T20:49:22.494Z] [INFO   ]  [32m[1m✓[22m[39m Compiled /_not-found in 804ms (5837 modules)
[2025-10-22T20:49:22.679Z] [ERROR  ]  [31m[1m⨯[22m[39m self is not defined
ReferenceError: self is not defined
    at Object.<anonymous> (/Users/nathanielstoddard/chainreact-app/chainreact-app-9e/.next/server/middleware.js:9:1)
    at Module._compile (node:internal/modules/cjs/loader:1723:14)
    at Object..js (node:internal/modules/cjs/loader:1888:10)
    at Module.load (node:internal/modules/cjs/loader:1458:32)
    at Function._load (node:internal/modules/cjs/loader:1275:12)
    at TracingChannel.traceSync (node:diagnostics_channel:322:14)
    at wrapModuleLoad (node:internal/modules/cjs/loader:234:24)
    at Module.<anonymous> (node:internal/modules/cjs/loader:1480:12)
    at mod.require (/Users/nathanielstoddard/chainreact-app/chainreact-app-9e/node_modules/next/dist/server/require-hook.js:68:28)
    at require (node:internal/modules/helpers:135:16)
    at DevServer.loadNodeMiddleware (/Users/nathanielstoddard/chainreact-app/chainreact-app-9e/node_modules/next/dist/server/next-server.js:1126:28)
    at DevServer.runMiddleware (/Users/nathanielstoddard/chainreact-app/chainreact-app-9e/node_modules/next/dist/server/next-server.js:1236:43)
    at async DevServer.runMiddleware (/Users/nathanielstoddard/chainreact-app/chainreact-app-9e/node_modules/next/dist/server/dev/next-dev-server.js:297:28)
    at async NextNodeServer.handleCatchallMiddlewareRequest (/Users/nathanielstoddard/chainreact-app/chainreact-app-9e/node_modules/next/dist/server/next-server.js:447:26)
    at async DevServer.handleRequestImpl (/Users/nathanielstoddard/chainreact-app/chainreact-app-9e/node_modules/next/dist/server/base-server.js:922:28)
    at async /Users/nathanielstoddard/chainreact-app/chainreact-app-9e/node_modules/next/dist/server/dev/next-dev-server.js:399:20
    at async Span.traceAsyncFn (/Users/nathanielstoddard/chainreact-app/chainreact-app-9e/node_modules/next/dist/trace/trace.js:157:20)
    at async DevServer.handleRequest (/Users/nathanielstoddard/chainreact-app/chainreact-app-9e/node_modules/next/dist/server/dev/next-dev-server.js:395:24)
    at async handleRoute (/Users/nathanielstoddard/chainreact-app/chainreact-app-9e/node_modules/next/dist/server/lib/router-utils/resolve-routes.js:323:33)
    at async resolveRoutes (/Users/nathanielstoddard/chainreact-app/chainreact-app-9e/node_modules/next/dist/server/lib/router-utils/resolve-routes.js:586:28)
    at async handleRequest (/Users/nathanielstoddard/chainreact-app/chainreact-app-9e/node_modules/next/dist/server/lib/router-server.js:288:96)
    at async requestHandlerImpl (/Users/nathanielstoddard/chainreact-app/chainreact-app-9e/node_modules/next/dist/server/lib/router-server.js:485:13)
    at async Server.requestListener (/Users/nathanielstoddard/chainreact-app/chainreact-app-9e/node_modules/next/dist/server/lib/start-server.js:226:13)
[2025-10-22T20:49:23.182Z] [INFO   ]  [37m[1m○[22m[39m Compiling /_error ...
[2025-10-22T20:49:23.383Z] [INFO   ]  [32m[1m✓[22m[39m Compiled /_error in 701ms (6177 modules)
[2025-10-22T20:49:23.488Z] [WARN   ]  [33m[1m⚠[22m[39m Fast Refresh had to perform a full reload when ?608e changed. Read more: https://nextjs.org/docs/messages/fast-refresh-reload
[2025-10-22T20:49:23.496Z] [ERROR  ]  [31m[1m⨯[22m[39m self is not defined
ReferenceError: self is not defined
    at Object.<anonymous> (/Users/nathanielstoddard/chainreact-app/chainreact-app-9e/.next/server/middleware.js:9:1)
    at Module._compile (node:internal/modules/cjs/loader:1723:14)
    at Object..js (node:internal/modules/cjs/loader:1888:10)
    at Module.load (node:internal/modules/cjs/loader:1458:32)
    at Function._load (node:internal/modules/cjs/loader:1275:12)
    at TracingChannel.traceSync (node:diagnostics_channel:322:14)
    at wrapModuleLoad (node:internal/modules/cjs/loader:234:24)
    at Module.<anonymous> (node:internal/modules/cjs/loader:1480:12)
    at mod.require (/Users/nathanielstoddard/chainreact-app/chainreact-app-9e/node_modules/next/dist/server/require-hook.js:68:28)
    at require (node:internal/modules/helpers:135:16)
    at DevServer.loadNodeMiddleware (/Users/nathanielstoddard/chainreact-app/chainreact-app-9e/node_modules/next/dist/server/next-server.js:1126:28)
    at DevServer.runMiddleware (/Users/nathanielstoddard/chainreact-app/chainreact-app-9e/node_modules/next/dist/server/next-server.js:1236:43)
    at async DevServer.runMiddleware (/Users/nathanielstoddard/chainreact-app/chainreact-app-9e/node_modules/next/dist/server/dev/next-dev-server.js:297:28)
    at async NextNodeServer.handleCatchallMiddlewareRequest (/Users/nathanielstoddard/chainreact-app/chainreact-app-9e/node_modules/next/dist/server/next-server.js:447:26)
    at async DevServer.handleRequestImpl (/Users/nathanielstoddard/chainreact-app/chainreact-app-9e/node_modules/next/dist/server/base-server.js:922:28)
    at async /Users/nathanielstoddard/chainreact-app/chainreact-app-9e/node_modules/next/dist/server/dev/next-dev-server.js:399:20
    at async Span.traceAsyncFn (/Users/nathanielstoddard/chainreact-app/chainreact-app-9e/node_modules/next/dist/trace/trace.js:157:20)
    at async DevServer.handleRequest (/Users/nathanielstoddard/chainreact-app/chainreact-app-9e/node_modules/next/dist/server/dev/next-dev-server.js:395:24)
    at async handleRoute (/Users/nathanielstoddard/chainreact-app/chainreact-app-9e/node_modules/next/dist/server/lib/router-utils/resolve-routes.js:323:33)
    at async resolveRoutes (/Users/nathanielstoddard/chainreact-app/chainreact-app-9e/node_modules/next/dist/server/lib/router-utils/resolve-routes.js:586:28)
    at async handleRequest (/Users/nathanielstoddard/chainreact-app/chainreact-app-9e/node_modules/next/dist/server/lib/router-server.js:288:96)
    at async requestHandlerImpl (/Users/nathanielstoddard/chainreact-app/chainreact-app-9e/node_modules/next/dist/server/lib/router-server.js:485:13)
    at async Server.requestListener (/Users/nathanielstoddard/chainreact-app/chainreact-app-9e/node_modules/next/dist/server/lib/start-server.js:226:13)
[2025-10-22T20:49:24.081Z] [INFO   ] 2025-10-22T20:49:24.081Z [DEBUG] 💧 [AUTH] Rehydrating auth state from storage {"hasState":true,"hasUser":false,"initialized":false,"timestamp":"2025-10-22T20:49:24.081Z"}
[2025-10-22T20:49:24.082Z] [INFO   ] 2025-10-22T20:49:24.082Z [DEBUG] 💧 [AUTH] State hydrated and reset {"hasUser":false,"initialized":false,"timestamp":"2025-10-22T20:49:24.082Z"}
[2025-10-22T20:49:24.082Z] [INFO   ] 2025-10-22T20:49:24.082Z [DEBUG] ⏭️ [AUTH] Skipping initialization {"hasState":true,"alreadyInitialized":false,"isClient":false,"timestamp":"2025-10-22T20:49:24.082Z"}
[2025-10-22T20:49:24.494Z] [ERROR  ]  [31m[1m⨯[22m[39m self is not defined
ReferenceError: self is not defined
    at Object.<anonymous> (/Users/nathanielstoddard/chainreact-app/chainreact-app-9e/.next/server/middleware.js:9:1)
    at Module._compile (node:internal/modules/cjs/loader:1723:14)
    at Object..js (node:internal/modules/cjs/loader:1888:10)
    at Module.load (node:internal/modules/cjs/loader:1458:32)
    at Function._load (node:internal/modules/cjs/loader:1275:12)
    at TracingChannel.traceSync (node:diagnostics_channel:322:14)
    at wrapModuleLoad (node:internal/modules/cjs/loader:234:24)
    at Module.<anonymous> (node:internal/modules/cjs/loader:1480:12)
    at mod.require (/Users/nathanielstoddard/chainreact-app/chainreact-app-9e/node_modules/next/dist/server/require-hook.js:68:28)
    at require (node:internal/modules/helpers:135:16)
    at DevServer.loadNodeMiddleware (/Users/nathanielstoddard/chainreact-app/chainreact-app-9e/node_modules/next/dist/server/next-server.js:1126:28)
    at DevServer.runMiddleware (/Users/nathanielstoddard/chainreact-app/chainreact-app-9e/node_modules/next/dist/server/next-server.js:1236:43)
    at async DevServer.runMiddleware (/Users/nathanielstoddard/chainreact-app/chainreact-app-9e/node_modules/next/dist/server/dev/next-dev-server.js:297:28)
    at async NextNodeServer.handleCatchallMiddlewareRequest (/Users/nathanielstoddard/chainreact-app/chainreact-app-9e/node_modules/next/dist/server/next-server.js:447:26)
    at async DevServer.handleRequestImpl (/Users/nathanielstoddard/chainreact-app/chainreact-app-9e/node_modules/next/dist/server/base-server.js:922:28)
    at async /Users/nathanielstoddard/chainreact-app/chainreact-app-9e/node_modules/next/dist/server/dev/next-dev-server.js:399:20
    at async Span.traceAsyncFn (/Users/nathanielstoddard/chainreact-app/chainreact-app-9e/node_modules/next/dist/trace/trace.js:157:20)
    at async DevServer.handleRequest (/Users/nathanielstoddard/chainreact-app/chainreact-app-9e/node_modules/next/dist/server/dev/next-dev-server.js:395:24)
    at async handleRoute (/Users/nathanielstoddard/chainreact-app/chainreact-app-9e/node_modules/next/dist/server/lib/router-utils/resolve-routes.js:323:33)
    at async resolveRoutes (/Users/nathanielstoddard/chainreact-app/chainreact-app-9e/node_modules/next/dist/server/lib/router-utils/resolve-routes.js:586:28)
    at async handleRequest (/Users/nathanielstoddard/chainreact-app/chainreact-app-9e/node_modules/next/dist/server/lib/router-server.js:288:96)
    at async requestHandlerImpl (/Users/nathanielstoddard/chainreact-app/chainreact-app-9e/node_modules/next/dist/server/lib/router-server.js:485:13)
    at async Server.requestListener (/Users/nathanielstoddard/chainreact-app/chainreact-app-9e/node_modules/next/dist/server/lib/start-server.js:226:13)
[2025-10-22T20:49:39.840Z] [ERROR  ]  [31m[1m⨯[22m[39m self is not defined
ReferenceError: self is not defined
    at Object.<anonymous> (/Users/nathanielstoddard/chainreact-app/chainreact-app-9e/.next/server/middleware.js:9:1)
    at Module._compile (node:internal/modules/cjs/loader:1723:14)
    at Object..js (node:internal/modules/cjs/loader:1888:10)
    at Module.load (node:internal/modules/cjs/loader:1458:32)
    at Function._load (node:internal/modules/cjs/loader:1275:12)
    at TracingChannel.traceSync (node:diagnostics_channel:322:14)
    at wrapModuleLoad (node:internal/modules/cjs/loader:234:24)
    at Module.<anonymous> (node:internal/modules/cjs/loader:1480:12)
    at mod.require (/Users/nathanielstoddard/chainreact-app/chainreact-app-9e/node_modules/next/dist/server/require-hook.js:68:28)
    at require (node:internal/modules/helpers:135:16)
    at DevServer.loadNodeMiddleware (/Users/nathanielstoddard/chainreact-app/chainreact-app-9e/node_modules/next/dist/server/next-server.js:1126:28)
    at DevServer.runMiddleware (/Users/nathanielstoddard/chainreact-app/chainreact-app-9e/node_modules/next/dist/server/next-server.js:1236:43)
    at async DevServer.runMiddleware (/Users/nathanielstoddard/chainreact-app/chainreact-app-9e/node_modules/next/dist/server/dev/next-dev-server.js:297:28)
    at async NextNodeServer.handleCatchallMiddlewareRequest (/Users/nathanielstoddard/chainreact-app/chainreact-app-9e/node_modules/next/dist/server/next-server.js:447:26)
    at async DevServer.handleRequestImpl (/Users/nathanielstoddard/chainreact-app/chainreact-app-9e/node_modules/next/dist/server/base-server.js:922:28)
    at async /Users/nathanielstoddard/chainreact-app/chainreact-app-9e/node_modules/next/dist/server/dev/next-dev-server.js:399:20
    at async Span.traceAsyncFn (/Users/nathanielstoddard/chainreact-app/chainreact-app-9e/node_modules/next/dist/trace/trace.js:157:20)
    at async DevServer.handleRequest (/Users/nathanielstoddard/chainreact-app/chainreact-app-9e/node_modules/next/dist/server/dev/next-dev-server.js:395:24)
    at async handleRoute (/Users/nathanielstoddard/chainreact-app/chainreact-app-9e/node_modules/next/dist/server/lib/router-utils/resolve-routes.js:323:33)
    at async resolveRoutes (/Users/nathanielstoddard/chainreact-app/chainreact-app-9e/node_modules/next/dist/server/lib/router-utils/resolve-routes.js:586:28)
    at async handleRequest (/Users/nathanielstoddard/chainreact-app/chainreact-app-9e/node_modules/next/dist/server/lib/router-server.js:288:96)
    at async requestHandlerImpl (/Users/nathanielstoddard/chainreact-app/chainreact-app-9e/node_modules/next/dist/server/lib/router-server.js:485:13)
    at async Server.requestListener (/Users/nathanielstoddard/chainreact-app/chainreact-app-9e/node_modules/next/dist/server/lib/start-server.js:226:13)
[2025-10-22T20:49:40.532Z] [WARN   ]  [33m[1m⚠[22m[39m Fast Refresh had to perform a full reload when ./node_modules/next/dist/shared/lib/router/router.js changed. Read more: https://nextjs.org/docs/messages/fast-refresh-reload
[2025-10-22T20:49:40.712Z] [INFO   ]  [32m[1m✓[22m[39m Compiled in 1367ms (6410 modules)
[2025-10-22T20:49:41.024Z] [INFO   ] 2025-10-22T20:49:41.024Z [DEBUG] [Middleware] Username check: {"path":"/workflows/builder/bb9c7281-19df-4c2e-b2d4-7ea7bff1ef2a","userId":"a3e3a51a-175c-4b59-ad03-227ba12a18b0","provider":"email","role":"admin","username":"nstoddard17","hasUsername":true,"isBetaTester":false,"isNewBetaUser":false,"accountAge":12599493624}
[2025-10-22T20:49:41.393Z] [INFO   ] 2025-10-22T20:49:41.393Z [DEBUG] 💧 [AUTH] Rehydrating auth state from storage {"hasState":true,"hasUser":false,"initialized":false,"timestamp":"2025-10-22T20:49:41.393Z"}
[2025-10-22T20:49:41.404Z] [INFO   ] 2025-10-22T20:49:41.403Z [DEBUG] 💧 [AUTH] State hydrated and reset {"hasUser":false,"initialized":false,"timestamp":"2025-10-22T20:49:41.403Z"}
[2025-10-22T20:49:41.404Z] [INFO   ] 2025-10-22T20:49:41.404Z [DEBUG] ⏭️ [AUTH] Skipping initialization {"hasState":true,"alreadyInitialized":false,"isClient":false,"timestamp":"2025-10-22T20:49:41.404Z"}
[2025-10-22T20:49:41.678Z] [INFO   ] 2025-10-22T20:49:41.678Z [DEBUG] [Username Check] {"userId":"a3e3a51a-175c-4b59-ad03-227ba12a18b0","hasEmail":true,"provider":"email","hasUsername":true,"isGoogleUser":false}
[2025-10-22T20:49:42.766Z] [INFO   ]  [37m[1m○[22m[39m Compiling /api/presence/count ...
[2025-10-22T20:49:42.986Z] [INFO   ]  [32m[1m✓[22m[39m Compiled /api/presence/count in 811ms (4402 modules)
[2025-10-22T20:49:43.374Z] [INFO   ]  [32m[1m✓[22m[39m Compiled (4404 modules)
[2025-10-22T20:49:47.131Z] [INFO   ]  [32m[1m✓[22m[39m Compiled /api/integrations in 234ms (4406 modules)
[2025-10-22T20:49:47.202Z] [INFO   ] 2025-10-22T20:49:47.202Z [DEBUG] 📍 [API /api/integrations] GET request received {"timestamp":"2025-10-22T20:49:47.202Z","headers":{"referer":"check-console"}}
[2025-10-22T20:49:47.356Z] [INFO   ] 2025-10-22T20:49:47.356Z [DEBUG] ✅ [API /api/integrations] User authenticated {"userId":"a3e3a51a-175c-4b59-ad03-227ba12a18b0"}
[2025-10-22T20:49:47.494Z] [INFO   ] 2025-10-22T20:49:47.494Z [DEBUG] 📊 [API /api/integrations] Query result {"count":14,"error":null,"firstFew":[{"provider":"notion","status":"connected"},{"provider":"mailchimp","status":"connected"}]}
[2025-10-22T20:50:21.932Z] [INFO   ]  [32m[1m✓[22m[39m Compiled in 1670ms (6195 modules)
[2025-10-22T20:50:22.225Z] [INFO   ] 2025-10-22T20:50:22.225Z [DEBUG] [Middleware] Username check: {"path":"/workflows/builder/bb9c7281-19df-4c2e-b2d4-7ea7bff1ef2a","userId":"a3e3a51a-175c-4b59-ad03-227ba12a18b0","provider":"email","role":"admin","username":"nstoddard17","hasUsername":true,"isBetaTester":false,"isNewBetaUser":false,"accountAge":12599534826}
[2025-10-22T20:50:22.521Z] [INFO   ] 2025-10-22T20:50:22.521Z [DEBUG] [Username Check] {"userId":"a3e3a51a-175c-4b59-ad03-227ba12a18b0","hasEmail":true,"provider":"email","hasUsername":true,"isGoogleUser":false}
[2025-10-22T20:50:23.346Z] [INFO   ]  [32m[1m✓[22m[39m Compiled /api/collaboration/join in 400ms (4407 modules)
[2025-10-22T20:50:37.073Z] [INFO   ]  [32m[1m✓[22m[39m Compiled in 916ms (6193 modules)
[2025-10-22T20:50:37.347Z] [INFO   ] 2025-10-22T20:50:37.347Z [DEBUG] [Middleware] Username check: {"path":"/workflows/builder/bb9c7281-19df-4c2e-b2d4-7ea7bff1ef2a","userId":"a3e3a51a-175c-4b59-ad03-227ba12a18b0","provider":"email","role":"admin","username":"nstoddard17","hasUsername":true,"isBetaTester":false,"isNewBetaUser":false,"accountAge":12599549948}
[2025-10-22T20:50:37.653Z] [INFO   ] 2025-10-22T20:50:37.652Z [DEBUG] [Username Check] {"userId":"a3e3a51a-175c-4b59-ad03-227ba12a18b0","hasEmail":true,"provider":"email","hasUsername":true,"isGoogleUser":false}
[2025-10-22T20:50:38.391Z] [INFO   ]  [37m[1m○[22m[39m Compiling /api/collaboration/leave ...
[2025-10-22T20:50:38.761Z] [INFO   ]  [32m[1m✓[22m[39m Compiled /api/collaboration/leave in 874ms (6181 modules)
[2025-10-22T20:50:39.305Z] [WARN   ]  [33m[1m⚠[22m[39m Fast Refresh had to perform a full reload due to a runtime error.
[2025-10-22T20:50:39.490Z] [INFO   ] 2025-10-22T20:50:39.490Z [DEBUG] [Middleware] Username check: {"path":"/workflows/builder/bb9c7281-19df-4c2e-b2d4-7ea7bff1ef2a","userId":"a3e3a51a-175c-4b59-ad03-227ba12a18b0","provider":"email","role":"admin","username":"nstoddard17","hasUsername":true,"isBetaTester":false,"isNewBetaUser":false,"accountAge":12599552091}
[2025-10-22T20:50:39.729Z] [INFO   ] 2025-10-22T20:50:39.729Z [DEBUG] 💧 [AUTH] Rehydrating auth state from storage {"hasState":true,"hasUser":false,"initialized":false,"timestamp":"2025-10-22T20:50:39.729Z"}
[2025-10-22T20:50:39.741Z] [INFO   ] 2025-10-22T20:50:39.741Z [DEBUG] 💧 [AUTH] State hydrated and reset {"hasUser":false,"initialized":false,"timestamp":"2025-10-22T20:50:39.741Z"}
[2025-10-22T20:50:39.741Z] [INFO   ] 2025-10-22T20:50:39.741Z [DEBUG] ⏭️ [AUTH] Skipping initialization {"hasState":true,"alreadyInitialized":false,"isClient":false,"timestamp":"2025-10-22T20:50:39.741Z"}
[2025-10-22T20:50:40.018Z] [INFO   ] 2025-10-22T20:50:40.018Z [DEBUG] [Username Check] {"userId":"a3e3a51a-175c-4b59-ad03-227ba12a18b0","hasEmail":true,"provider":"email","hasUsername":true,"isGoogleUser":false}
[2025-10-22T20:50:44.175Z] [ERROR  ]  [31m[1m⨯[22m[39m ENOENT: no such file or directory, open '/Users/nathanielstoddard/chainreact-app/chainreact-app-9e/.next/server/app-paths-manifest.json'
Error: ENOENT: no such file or directory, open '/Users/nathanielstoddard/chainreact-app/chainreact-app-9e/.next/server/app-paths-manifest.json'
    at readFileSync (node:fs:443:20)
    at loadManifest (/Users/nathanielstoddard/chainreact-app/chainreact-app-9e/node_modules/next/dist/server/load-manifest.external.js:41:41)
    at getMaybePagePath (/Users/nathanielstoddard/chainreact-app/chainreact-app-9e/node_modules/next/dist/server/require.js:51:67)
    at getPagePath (/Users/nathanielstoddard/chainreact-app/chainreact-app-9e/node_modules/next/dist/server/require.js:86:22)
    at requirePage (/Users/nathanielstoddard/chainreact-app/chainreact-app-9e/node_modules/next/dist/server/require.js:93:22)
    at loadComponentsImpl (/Users/nathanielstoddard/chainreact-app/chainreact-app-9e/node_modules/next/dist/server/load-components.js:132:57)
    at async DevServer.findPageComponentsImpl (/Users/nathanielstoddard/chainreact-app/chainreact-app-9e/node_modules/next/dist/server/next-server.js:899:36)
    at async DevServer.findPageComponents (/Users/nathanielstoddard/chainreact-app/chainreact-app-9e/node_modules/next/dist/server/dev/next-dev-server.js:705:16)
    at async DevServer.renderPageComponent (/Users/nathanielstoddard/chainreact-app/chainreact-app-9e/node_modules/next/dist/server/base-server.js:1460:24)
    at async DevServer.renderToResponseImpl (/Users/nathanielstoddard/chainreact-app/chainreact-app-9e/node_modules/next/dist/server/base-server.js:1514:32)
    at async DevServer.pipeImpl (/Users/nathanielstoddard/chainreact-app/chainreact-app-9e/node_modules/next/dist/server/base-server.js:1025:25)
    at async NextNodeServer.handleCatchallRenderRequest (/Users/nathanielstoddard/chainreact-app/chainreact-app-9e/node_modules/next/dist/server/next-server.js:393:17)
    at async DevServer.handleRequestImpl (/Users/nathanielstoddard/chainreact-app/chainreact-app-9e/node_modules/next/dist/server/base-server.js:916:17)
    at async /Users/nathanielstoddard/chainreact-app/chainreact-app-9e/node_modules/next/dist/server/dev/next-dev-server.js:399:20
    at async Span.traceAsyncFn (/Users/nathanielstoddard/chainreact-app/chainreact-app-9e/node_modules/next/dist/trace/trace.js:157:20)
    at async DevServer.handleRequest (/Users/nathanielstoddard/chainreact-app/chainreact-app-9e/node_modules/next/dist/server/dev/next-dev-server.js:395:24)
    at async invokeRender (/Users/nathanielstoddard/chainreact-app/chainreact-app-9e/node_modules/next/dist/server/lib/router-server.js:240:21)
    at async handleRequest (/Users/nathanielstoddard/chainreact-app/chainreact-app-9e/node_modules/next/dist/server/lib/router-server.js:437:24)
    at async requestHandlerImpl (/Users/nathanielstoddard/chainreact-app/chainreact-app-9e/node_modules/next/dist/server/lib/router-server.js:485:13)
    at async Server.requestListener (/Users/nathanielstoddard/chainreact-app/chainreact-app-9e/node_modules/next/dist/server/lib/start-server.js:226:13)
[2025-10-22T20:50:44.201Z] [ERROR  ]  [31m[1m⨯[22m[39m ENOENT: no such file or directory, open '/Users/nathanielstoddard/chainreact-app/chainreact-app-9e/.next/server/pages-manifest.json'
Error: ENOENT: no such file or directory, open '/Users/nathanielstoddard/chainreact-app/chainreact-app-9e/.next/server/pages-manifest.json'
    at readFileSync (node:fs:443:20)
    at loadManifest (/Users/nathanielstoddard/chainreact-app/chainreact-app-9e/node_modules/next/dist/server/load-manifest.external.js:41:41)
    at getMaybePagePath (/Users/nathanielstoddard/chainreact-app/chainreact-app-9e/node_modules/next/dist/server/require.js:53:66)
    at getPagePath (/Users/nathanielstoddard/chainreact-app/chainreact-app-9e/node_modules/next/dist/server/require.js:86:22)
    at requirePage (/Users/nathanielstoddard/chainreact-app/chainreact-app-9e/node_modules/next/dist/server/require.js:93:22)
    at loadComponentsImpl (/Users/nathanielstoddard/chainreact-app/chainreact-app-9e/node_modules/next/dist/server/load-components.js:86:38)
    at DevServer.findPageComponentsImpl (/Users/nathanielstoddard/chainreact-app/chainreact-app-9e/node_modules/next/dist/server/next-server.js:899:77)
    at /Users/nathanielstoddard/chainreact-app/chainreact-app-9e/node_modules/next/dist/server/next-server.js:877:21
    at /Users/nathanielstoddard/chainreact-app/chainreact-app-9e/node_modules/next/dist/server/lib/trace/tracer.js:170:36
    at NoopContextManager.with (/Users/nathanielstoddard/chainreact-app/chainreact-app-9e/node_modules/@opentelemetry/api/build/src/context/NoopContextManager.js:25:19)
    at ContextAPI.with (/Users/nathanielstoddard/chainreact-app/chainreact-app-9e/node_modules/@opentelemetry/api/build/src/api/context.js:60:46)
    at NoopTracer.startActiveSpan (/Users/nathanielstoddard/chainreact-app/chainreact-app-9e/node_modules/@opentelemetry/api/build/src/trace/NoopTracer.js:65:31)
    at ProxyTracer.startActiveSpan (/Users/nathanielstoddard/chainreact-app/chainreact-app-9e/node_modules/@opentelemetry/api/build/src/trace/ProxyTracer.js:36:24)
    at tracer.startActiveSpan (/Users/nathanielstoddard/chainreact-app/chainreact-app-9e/node_modules/next/dist/server/lib/router-utils/instrumentation-node-extensions.js:65:48)
    at /Users/nathanielstoddard/chainreact-app/chainreact-app-9e/node_modules/next/dist/server/lib/trace/tracer.js:152:103
    at NoopContextManager.with (/Users/nathanielstoddard/chainreact-app/chainreact-app-9e/node_modules/@opentelemetry/api/build/src/context/NoopContextManager.js:25:19)
    at ContextAPI.with (/Users/nathanielstoddard/chainreact-app/chainreact-app-9e/node_modules/@opentelemetry/api/build/src/api/context.js:60:46)
    at NextTracerImpl.trace (/Users/nathanielstoddard/chainreact-app/chainreact-app-9e/node_modules/next/dist/server/lib/trace/tracer.js:152:28)
    at DevServer.findPageComponents (/Users/nathanielstoddard/chainreact-app/chainreact-app-9e/node_modules/next/dist/server/next-server.js:872:41)
    at DevServer.findPageComponents (/Users/nathanielstoddard/chainreact-app/chainreact-app-9e/node_modules/next/dist/server/dev/next-dev-server.js:705:28)
    at async DevServer.renderErrorToResponseImpl (/Users/nathanielstoddard/chainreact-app/chainreact-app-9e/node_modules/next/dist/server/base-server.js:1687:26)
    at async pipe.req.req (/Users/nathanielstoddard/chainreact-app/chainreact-app-9e/node_modules/next/dist/server/base-server.js:1610:30)
    at async DevServer.pipeImpl (/Users/nathanielstoddard/chainreact-app/chainreact-app-9e/node_modules/next/dist/server/base-server.js:1025:25)
    at async NextNodeServer.handleCatchallRenderRequest (/Users/nathanielstoddard/chainreact-app/chainreact-app-9e/node_modules/next/dist/server/next-server.js:408:21)
    at async DevServer.handleRequestImpl (/Users/nathanielstoddard/chainreact-app/chainreact-app-9e/node_modules/next/dist/server/base-server.js:916:17)
    at async /Users/nathanielstoddard/chainreact-app/chainreact-app-9e/node_modules/next/dist/server/dev/next-dev-server.js:399:20
    at async Span.traceAsyncFn (/Users/nathanielstoddard/chainreact-app/chainreact-app-9e/node_modules/next/dist/trace/trace.js:157:20)
    at async DevServer.handleRequest (/Users/nathanielstoddard/chainreact-app/chainreact-app-9e/node_modules/next/dist/server/dev/next-dev-server.js:395:24)
    at async invokeRender (/Users/nathanielstoddard/chainreact-app/chainreact-app-9e/node_modules/next/dist/server/lib/router-server.js:240:21)
    at async handleRequest (/Users/nathanielstoddard/chainreact-app/chainreact-app-9e/node_modules/next/dist/server/lib/router-server.js:437:24)
    at async requestHandlerImpl (/Users/nathanielstoddard/chainreact-app/chainreact-app-9e/node_modules/next/dist/server/lib/router-server.js:485:13)
    at async Server.requestListener (/Users/nathanielstoddard/chainreact-app/chainreact-app-9e/node_modules/next/dist/server/lib/start-server.js:226:13)
[2025-10-22T20:50:45.147Z] [ERROR  ] ENOENT: no such file or directory, open '/Users/nathanielstoddard/chainreact-app/chainreact-app-9e/.next/server/app-paths-manifest.json'
Error: ENOENT: no such file or directory, open '/Users/nathanielstoddard/chainreact-app/chainreact-app-9e/.next/server/app-paths-manifest.json'
    at readFileSync (node:fs:443:20)
    at loadManifest (/Users/nathanielstoddard/chainreact-app/chainreact-app-9e/node_modules/next/dist/server/load-manifest.external.js:41:41)
    at getMaybePagePath (/Users/nathanielstoddard/chainreact-app/chainreact-app-9e/node_modules/next/dist/server/require.js:51:67)
    at getPagePath (/Users/nathanielstoddard/chainreact-app/chainreact-app-9e/node_modules/next/dist/server/require.js:86:22)
    at requirePage (/Users/nathanielstoddard/chainreact-app/chainreact-app-9e/node_modules/next/dist/server/require.js:93:22)
    at loadComponentsImpl (/Users/nathanielstoddard/chainreact-app/chainreact-app-9e/node_modules/next/dist/server/load-components.js:132:57)
    at async DevServer.findPageComponentsImpl (/Users/nathanielstoddard/chainreact-app/chainreact-app-9e/node_modules/next/dist/server/next-server.js:899:36)
    at async DevServer.findPageComponents (/Users/nathanielstoddard/chainreact-app/chainreact-app-9e/node_modules/next/dist/server/dev/next-dev-server.js:705:16)
    at async DevServer.renderPageComponent (/Users/nathanielstoddard/chainreact-app/chainreact-app-9e/node_modules/next/dist/server/base-server.js:1460:24)
    at async DevServer.renderToResponseImpl (/Users/nathanielstoddard/chainreact-app/chainreact-app-9e/node_modules/next/dist/server/base-server.js:1514:32)
    at async DevServer.pipeImpl (/Users/nathanielstoddard/chainreact-app/chainreact-app-9e/node_modules/next/dist/server/base-server.js:1025:25)
    at async NextNodeServer.handleCatchallRenderRequest (/Users/nathanielstoddard/chainreact-app/chainreact-app-9e/node_modules/next/dist/server/next-server.js:393:17)
    at async DevServer.handleRequestImpl (/Users/nathanielstoddard/chainreact-app/chainreact-app-9e/node_modules/next/dist/server/base-server.js:916:17)
    at async /Users/nathanielstoddard/chainreact-app/chainreact-app-9e/node_modules/next/dist/server/dev/next-dev-server.js:399:20
    at async Span.traceAsyncFn (/Users/nathanielstoddard/chainreact-app/chainreact-app-9e/node_modules/next/dist/trace/trace.js:157:20)
    at async DevServer.handleRequest (/Users/nathanielstoddard/chainreact-app/chainreact-app-9e/node_modules/next/dist/server/dev/next-dev-server.js:395:24)
    at async invokeRender (/Users/nathanielstoddard/chainreact-app/chainreact-app-9e/node_modules/next/dist/server/lib/router-server.js:240:21)
    at async handleRequest (/Users/nathanielstoddard/chainreact-app/chainreact-app-9e/node_modules/next/dist/server/lib/router-server.js:437:24)
    at async requestHandlerImpl (/Users/nathanielstoddard/chainreact-app/chainreact-app-9e/node_modules/next/dist/server/lib/router-server.js:485:13)
    at async Server.requestListener (/Users/nathanielstoddard/chainreact-app/chainreact-app-9e/node_modules/next/dist/server/lib/start-server.js:226:13)
[2025-10-22T20:50:45.159Z] [ERROR  ]  [31m[1m⨯[22m[39m ENOENT: no such file or directory, open '/Users/nathanielstoddard/chainreact-app/chainreact-app-9e/.next/server/pages-manifest.json'
Error: ENOENT: no such file or directory, open '/Users/nathanielstoddard/chainreact-app/chainreact-app-9e/.next/server/pages-manifest.json'
    at readFileSync (node:fs:443:20)
    at loadManifest (/Users/nathanielstoddard/chainreact-app/chainreact-app-9e/node_modules/next/dist/server/load-manifest.external.js:41:41)
    at getMaybePagePath (/Users/nathanielstoddard/chainreact-app/chainreact-app-9e/node_modules/next/dist/server/require.js:53:66)
    at getPagePath (/Users/nathanielstoddard/chainreact-app/chainreact-app-9e/node_modules/next/dist/server/require.js:86:22)
    at requirePage (/Users/nathanielstoddard/chainreact-app/chainreact-app-9e/node_modules/next/dist/server/require.js:93:22)
    at loadComponentsImpl (/Users/nathanielstoddard/chainreact-app/chainreact-app-9e/node_modules/next/dist/server/load-components.js:86:38)
    at DevServer.findPageComponentsImpl (/Users/nathanielstoddard/chainreact-app/chainreact-app-9e/node_modules/next/dist/server/next-server.js:899:77)
    at /Users/nathanielstoddard/chainreact-app/chainreact-app-9e/node_modules/next/dist/server/next-server.js:877:21
    at /Users/nathanielstoddard/chainreact-app/chainreact-app-9e/node_modules/next/dist/server/lib/trace/tracer.js:170:36
    at NoopContextManager.with (/Users/nathanielstoddard/chainreact-app/chainreact-app-9e/node_modules/@opentelemetry/api/build/src/context/NoopContextManager.js:25:19)
    at ContextAPI.with (/Users/nathanielstoddard/chainreact-app/chainreact-app-9e/node_modules/@opentelemetry/api/build/src/api/context.js:60:46)
    at NoopTracer.startActiveSpan (/Users/nathanielstoddard/chainreact-app/chainreact-app-9e/node_modules/@opentelemetry/api/build/src/trace/NoopTracer.js:65:31)
    at ProxyTracer.startActiveSpan (/Users/nathanielstoddard/chainreact-app/chainreact-app-9e/node_modules/@opentelemetry/api/build/src/trace/ProxyTracer.js:36:24)
    at tracer.startActiveSpan (/Users/nathanielstoddard/chainreact-app/chainreact-app-9e/node_modules/next/dist/server/lib/router-utils/instrumentation-node-extensions.js:65:48)
    at /Users/nathanielstoddard/chainreact-app/chainreact-app-9e/node_modules/next/dist/server/lib/trace/tracer.js:152:103
    at NoopContextManager.with (/Users/nathanielstoddard/chainreact-app/chainreact-app-9e/node_modules/@opentelemetry/api/build/src/context/NoopContextManager.js:25:19)
    at ContextAPI.with (/Users/nathanielstoddard/chainreact-app/chainreact-app-9e/node_modules/@opentelemetry/api/build/src/api/context.js:60:46)
    at NextTracerImpl.trace (/Users/nathanielstoddard/chainreact-app/chainreact-app-9e/node_modules/next/dist/server/lib/trace/tracer.js:152:28)
    at DevServer.findPageComponents (/Users/nathanielstoddard/chainreact-app/chainreact-app-9e/node_modules/next/dist/server/next-server.js:872:41)
    at DevServer.findPageComponents (/Users/nathanielstoddard/chainreact-app/chainreact-app-9e/node_modules/next/dist/server/dev/next-dev-server.js:705:28)
    at async DevServer.renderErrorToResponseImpl (/Users/nathanielstoddard/chainreact-app/chainreact-app-9e/node_modules/next/dist/server/base-server.js:1687:26)
    at async pipe.req.req (/Users/nathanielstoddard/chainreact-app/chainreact-app-9e/node_modules/next/dist/server/base-server.js:1610:30)
    at async DevServer.pipeImpl (/Users/nathanielstoddard/chainreact-app/chainreact-app-9e/node_modules/next/dist/server/base-server.js:1025:25)
    at async /Users/nathanielstoddard/chainreact-app/chainreact-app-9e/node_modules/next/dist/server/dev/next-dev-server.js:399:20
    at async Span.traceAsyncFn (/Users/nathanielstoddard/chainreact-app/chainreact-app-9e/node_modules/next/dist/trace/trace.js:157:20)
    at async DevServer.handleRequest (/Users/nathanielstoddard/chainreact-app/chainreact-app-9e/node_modules/next/dist/server/dev/next-dev-server.js:395:24)
    at async invokeRender (/Users/nathanielstoddard/chainreact-app/chainreact-app-9e/node_modules/next/dist/server/lib/router-server.js:240:21)
    at async requestHandlerImpl (/Users/nathanielstoddard/chainreact-app/chainreact-app-9e/node_modules/next/dist/server/lib/router-server.js:497:24)
    at async Server.requestListener (/Users/nathanielstoddard/chainreact-app/chainreact-app-9e/node_modules/next/dist/server/lib/start-server.js:226:13)
[2025-10-22T20:50:45.179Z] [ERROR  ] ENOENT: no such file or directory, open '/Users/nathanielstoddard/chainreact-app/chainreact-app-9e/.next/routes-manifest.json'
Error: ENOENT: no such file or directory, open '/Users/nathanielstoddard/chainreact-app/chainreact-app-9e/.next/routes-manifest.json'
    at readFileSync (node:fs:443:20)
    at loadManifest (/Users/nathanielstoddard/chainreact-app/chainreact-app-9e/node_modules/next/dist/server/load-manifest.external.js:41:41)
    at loadManifestFromRelativePath (/Users/nathanielstoddard/chainreact-app/chainreact-app-9e/node_modules/next/dist/server/load-manifest.external.js:84:16)
    at PagesRouteModule.loadManifests (/Users/nathanielstoddard/chainreact-app/chainreact-app-9e/node_modules/next/dist/server/route-modules/route-module.js:115:17)
    at PagesRouteModule.prepare (/Users/nathanielstoddard/chainreact-app/chainreact-app-9e/node_modules/next/dist/server/route-modules/route-module.js:285:38)
    at async handler (/Users/nathanielstoddard/chainreact-app/chainreact-app-9e/node_modules/next/dist/server/route-modules/pages/pages-handler.js:52:31)
    at async DevServer.renderToResponseWithComponentsImpl (/Users/nathanielstoddard/chainreact-app/chainreact-app-9e/node_modules/next/dist/server/base-server.js:1422:9)
    at async pipe.req.req (/Users/nathanielstoddard/chainreact-app/chainreact-app-9e/node_modules/next/dist/server/base-server.js:1610:30)
    at async DevServer.pipeImpl (/Users/nathanielstoddard/chainreact-app/chainreact-app-9e/node_modules/next/dist/server/base-server.js:1025:25)
    at async /Users/nathanielstoddard/chainreact-app/chainreact-app-9e/node_modules/next/dist/server/dev/next-dev-server.js:399:20
    at async Span.traceAsyncFn (/Users/nathanielstoddard/chainreact-app/chainreact-app-9e/node_modules/next/dist/trace/trace.js:157:20)
    at async DevServer.handleRequest (/Users/nathanielstoddard/chainreact-app/chainreact-app-9e/node_modules/next/dist/server/dev/next-dev-server.js:395:24)
    at async invokeRender (/Users/nathanielstoddard/chainreact-app/chainreact-app-9e/node_modules/next/dist/server/lib/router-server.js:240:21)
    at async requestHandlerImpl (/Users/nathanielstoddard/chainreact-app/chainreact-app-9e/node_modules/next/dist/server/lib/router-server.js:497:24)
    at async Server.requestListener (/Users/nathanielstoddard/chainreact-app/chainreact-app-9e/node_modules/next/dist/server/lib/start-server.js:226:13)
[2025-10-22T20:52:37.234Z] [INFO   ]  [32m[1m✓[22m[39m Compiled in 520ms (1786 modules)
[2025-10-22T20:52:37.850Z] [INFO   ] 2025-10-22T20:52:37.850Z [DEBUG] [Middleware] Username check: {"path":"/workflows/builder/bb9c7281-19df-4c2e-b2d4-7ea7bff1ef2a","userId":"a3e3a51a-175c-4b59-ad03-227ba12a18b0","provider":"email","role":"admin","username":"nstoddard17","hasUsername":true,"isBetaTester":false,"isNewBetaUser":false,"accountAge":12599670450}
[2025-10-22T20:52:37.972Z] [INFO   ] 2025-10-22T20:52:37.971Z [DEBUG] [Username Check] {"userId":"a3e3a51a-175c-4b59-ad03-227ba12a18b0","hasEmail":true,"provider":"email","hasUsername":true,"isGoogleUser":false}
[2025-10-22T20:53:56.867Z] [INFO   ]  [32m[1m✓[22m[39m Compiled in 547ms (1786 modules)
[2025-10-22T20:53:57.200Z] [INFO   ] 2025-10-22T20:53:57.200Z [DEBUG] [Middleware] Username check: {"path":"/workflows/builder/bb9c7281-19df-4c2e-b2d4-7ea7bff1ef2a","userId":"a3e3a51a-175c-4b59-ad03-227ba12a18b0","provider":"email","role":"admin","username":"nstoddard17","hasUsername":true,"isBetaTester":false,"isNewBetaUser":false,"accountAge":12599749801}
[2025-10-22T20:53:57.269Z] [INFO   ] 2025-10-22T20:53:57.268Z [DEBUG] [Username Check] {"userId":"a3e3a51a-175c-4b59-ad03-227ba12a18b0","hasEmail":true,"provider":"email","hasUsername":true,"isGoogleUser":false}

=== Log Session Ended: 2025-10-22T20:53:58.260Z ===
