=== Log Session Started: 2025-10-15T20:44:55.364Z ===
Node Version: v23.7.0
Platform: darwin
Working Directory: /Users/nathanielstoddard/chainreact-app/chainreact-app-9e
================================================================================

[2025-10-15T20:44:55.364Z] [INFO   ] File logging initialized
[2025-10-15T20:44:55.364Z] [INFO   ] Log file: /Users/nathanielstoddard/chainreact-app/chainreact-app-9e/logs/workflow_2025-10-15_15-44-55.log
[2025-10-15T20:44:55.371Z] [INFO   ] Deleted old log file: workflow_2025-10-08_15-19-46.log
[2025-10-15T20:44:55.384Z] [INFO   ] Deleted old log file: workflow_2025-10-08_14-38-01.log
[2025-10-15T20:44:55.385Z] [INFO   ] ðŸ“ File logging enabled
[2025-10-15T20:44:55.385Z] [INFO   ] ðŸ“ Logs will be written to: /Users/nathanielstoddard/chainreact-app/chainreact-app-9e/logs/workflow_2025-10-15_15-44-55.log
[2025-10-15T20:44:55.385Z] [INFO   ] ðŸ’¡ To view logs in real-time: tail -f /Users/nathanielstoddard/chainreact-app/chainreact-app-9e/logs/workflow_2025-10-15_15-44-55.log
[2025-10-15T20:44:55.385Z] [INFO   ] ðŸ’¡ To view all logs: cat /Users/nathanielstoddard/chainreact-app/chainreact-app-9e/logs/workflow_2025-10-15_15-44-55.log
[2025-10-15T20:44:55.385Z] [INFO   ] ðŸ’¡ To share logs: Copy the file at /Users/nathanielstoddard/chainreact-app/chainreact-app-9e/logs/workflow_2025-10-15_15-44-55.log
[2025-10-15T20:44:55.385Z] [INFO   ] --------------------------------------------------------------------------------
[2025-10-15T20:44:55.385Z] [DEBUG  ] ðŸ“ File logging system initialized
[2025-10-15T20:44:55.392Z] [INFO   ]  [32m[1mâœ“[22m[39m Ready in 3.2s
[2025-10-15T20:44:55.515Z] [WARN   ]  [33m[1mâš [22m[39m Fast Refresh had to perform a full reload due to a runtime error.
[2025-10-15T20:44:55.515Z] [WARN   ]  [33m[1mâš [22m[39m Fast Refresh had to perform a full reload. Read more: https://nextjs.org/docs/messages/fast-refresh-reload
[2025-10-15T20:44:56.011Z] [INFO   ]  [37m[1mâ—‹[22m[39m Compiling /home-light ...
[2025-10-15T20:44:58.311Z] [WARN   ]  [33m[1mâš [22m[39m Fast Refresh had to perform a full reload due to a runtime error.
[2025-10-15T20:44:58.322Z] [WARN   ]  [33m[1mâš [22m[39m Fast Refresh had to perform a full reload. Read more: https://nextjs.org/docs/messages/fast-refresh-reload
[2025-10-15T20:44:58.360Z] [WARN   ]  [33m[1mâš [22m[39m Fast Refresh had to perform a full reload due to a runtime error.
[2025-10-15T20:45:01.150Z] [WARN   ]  [33m[1mâš [22m[39m Fast Refresh had to perform a full reload due to a runtime error.
[2025-10-15T20:45:01.182Z] [WARN   ]  [33m[1mâš [22m[39m Fast Refresh had to perform a full reload due to a runtime error.
[2025-10-15T20:45:01.224Z] [WARN   ]  [33m[1mâš [22m[39m Fast Refresh had to perform a full reload. Read more: https://nextjs.org/docs/messages/fast-refresh-reload
[2025-10-15T20:45:03.441Z] [WARN   ]  [33m[1mâš [22m[39m Fast Refresh had to perform a full reload due to a runtime error.
[2025-10-15T20:45:03.622Z] [WARN   ]  [33m[1mâš [22m[39m Fast Refresh had to perform a full reload due to a runtime error.
[2025-10-15T20:45:03.757Z] [WARN   ]  [33m[1mâš [22m[39m Fast Refresh had to perform a full reload. Read more: https://nextjs.org/docs/messages/fast-refresh-reload
[2025-10-15T20:45:04.233Z] [ERROR  ]  [31m[1mâ¨¯[22m[39m ./components/homepage-light/LightHomepage.tsx:8:1
[31m[1mModule not found[22m[39m: Can't resolve '[32m./LightHowItWorks[39m'
[0m [90m  6 |[39m [36mimport[39m { [33mLightFeaturesGrid[39m } [36mfrom[39m [32m'./LightFeaturesGrid'[39m
 [90m  7 |[39m [36mimport[39m { [33mLightIntegrationsShowcase[39m } [36mfrom[39m [32m'./LightIntegrationsShowcase'[39m
[31m[1m>[22m[39m[90m  8 |[39m [36mimport[39m { [33mLightHowItWorks[39m } [36mfrom[39m [32m'./LightHowItWorks'[39m
 [90m    |[39m [31m[1m^[22m[39m
 [90m  9 |[39m [36mimport[39m { [33mLightFooter[39m } [36mfrom[39m [32m'./LightFooter'[39m
 [90m 10 |[39m [36mimport[39m { [33mLightChainReactLogo[39m } [36mfrom[39m [32m'./LightChainReactLogo'[39m
 [90m 11 |[39m[0m

https://nextjs.org/docs/messages/module-not-found
[2025-10-15T20:45:07.419Z] [ERROR  ]  [31m[1mâ¨¯[22m[39m ./components/homepage-light/LightHomepage.tsx:8:1
[31m[1mModule not found[22m[39m: Can't resolve '[32m./LightHowItWorks[39m'
[0m [90m  6 |[39m [36mimport[39m { [33mLightFeaturesGrid[39m } [36mfrom[39m [32m'./LightFeaturesGrid'[39m
 [90m  7 |[39m [36mimport[39m { [33mLightIntegrationsShowcase[39m } [36mfrom[39m [32m'./LightIntegrationsShowcase'[39m
[31m[1m>[22m[39m[90m  8 |[39m [36mimport[39m { [33mLightHowItWorks[39m } [36mfrom[39m [32m'./LightHowItWorks'[39m
 [90m    |[39m [31m[1m^[22m[39m
 [90m  9 |[39m [36mimport[39m { [33mLightFooter[39m } [36mfrom[39m [32m'./LightFooter'[39m
 [90m 10 |[39m [36mimport[39m { [33mLightChainReactLogo[39m } [36mfrom[39m [32m'./LightChainReactLogo'[39m
 [90m 11 |[39m[0m

https://nextjs.org/docs/messages/module-not-found
[2025-10-15T20:45:59.488Z] [ERROR  ]  [31m[1mâ¨¯[22m[39m ./components/homepage-light/LightHomepage.tsx:9:1
[31m[1mModule not found[22m[39m: Can't resolve '[32m./LightFooter[39m'
[0m [90m  7 |[39m [36mimport[39m { [33mLightIntegrationsShowcase[39m } [36mfrom[39m [32m'./LightIntegrationsShowcase'[39m
 [90m  8 |[39m [36mimport[39m { [33mLightHowItWorks[39m } [36mfrom[39m [32m'./LightHowItWorks'[39m
[31m[1m>[22m[39m[90m  9 |[39m [36mimport[39m { [33mLightFooter[39m } [36mfrom[39m [32m'./LightFooter'[39m
 [90m    |[39m [31m[1m^[22m[39m
 [90m 10 |[39m [36mimport[39m { [33mLightChainReactLogo[39m } [36mfrom[39m [32m'./LightChainReactLogo'[39m
 [90m 11 |[39m
 [90m 12 |[39m [36mexport[39m [36mfunction[39m [33mLightHomepage[39m() {[0m

https://nextjs.org/docs/messages/module-not-found
[2025-10-15T20:46:31.123Z] [WARN   ]  [33m[1mâš [22m[39m Fast Refresh had to perform a full reload. Read more: https://nextjs.org/docs/messages/fast-refresh-reload
[2025-10-15T20:46:31.170Z] [WARN   ]  [33m[1mâš [22m[39m Fast Refresh had to perform a full reload due to a runtime error.
[2025-10-15T20:46:31.220Z] [WARN   ]  [33m[1mâš [22m[39m Fast Refresh had to perform a full reload. Read more: https://nextjs.org/docs/messages/fast-refresh-reload
[2025-10-15T20:46:31.616Z] [WARN   ]  [33m[1mâš [22m[39m Fast Refresh had to perform a full reload due to a runtime error.
[2025-10-15T20:46:31.643Z] [WARN   ]  [33m[1mâš [22m[39m Fast Refresh had to perform a full reload. Read more: https://nextjs.org/docs/messages/fast-refresh-reload
[2025-10-15T20:46:31.691Z] [WARN   ]  [33m[1mâš [22m[39m Fast Refresh had to perform a full reload. Read more: https://nextjs.org/docs/messages/fast-refresh-reload
[2025-10-15T20:46:31.903Z] [INFO   ]  [32m[1mâœ“[22m[39m Compiled /workflows/builder in 1868ms (5363 modules)
[2025-10-15T20:46:32.321Z] [INFO   ]  [32m[1mâœ“[22m[39m Compiled (6030 modules)
[2025-10-15T20:46:35.585Z] [INFO   ]  [37m[1mâ—‹[22m[39m Compiling /api/auth/profile ...
[2025-10-15T20:46:36.073Z] [INFO   ]  [32m[1mâœ“[22m[39m Compiled /api/auth/profile in 1017ms (6035 modules)
[2025-10-15T20:46:36.986Z] [INFO   ]  [32m[1mâœ“[22m[39m Compiled /api/presence/count in 430ms (6037 modules)
[2025-10-15T20:46:40.100Z] [INFO   ]  [37m[1mâ—‹[22m[39m Compiling /api/integrations ...
[2025-10-15T20:46:40.194Z] [INFO   ]  [32m[1mâœ“[22m[39m Compiled /api/integrations in 597ms (6039 modules)
[2025-10-15T20:47:58.674Z] [INFO   ]  [37m[1mâ—‹[22m[39m Compiling /home ...
[2025-10-15T20:48:00.318Z] [INFO   ]  [32m[1mâœ“[22m[39m Compiled /home in 2.4s (6038 modules)
[2025-10-15T20:49:24.474Z] [INFO   ]  [32m[1mâœ“[22m[39m Compiled in 2.2s (6052 modules)
[2025-10-15T20:49:33.778Z] [INFO   ]  [32m[1mâœ“[22m[39m Compiled in 743ms (6052 modules)
[2025-10-15T20:49:58.669Z] [INFO   ]  [32m[1mâœ“[22m[39m Compiled in 934ms (6052 modules)
[2025-10-15T20:50:13.859Z] [INFO   ]  [32m[1mâœ“[22m[39m Compiled in 1026ms (6052 modules)
[2025-10-15T20:50:24.974Z] [INFO   ]  [32m[1mâœ“[22m[39m Compiled in 650ms (6052 modules)
[2025-10-15T20:50:37.459Z] [INFO   ]  [32m[1mâœ“[22m[39m Compiled in 992ms (6052 modules)
[2025-10-15T20:50:52.198Z] [INFO   ]  [32m[1mâœ“[22m[39m Compiled in 692ms (6052 modules)
[2025-10-15T20:51:06.585Z] [INFO   ]  [32m[1mâœ“[22m[39m Compiled in 838ms (6052 modules)
[2025-10-15T20:51:21.175Z] [INFO   ]  [32m[1mâœ“[22m[39m Compiled in 1001ms (6052 modules)
[2025-10-15T20:51:33.866Z] [INFO   ]  [32m[1mâœ“[22m[39m Compiled in 738ms (6052 modules)
[2025-10-15T20:51:37.230Z] [INFO   ]  [37m[1mâ—‹[22m[39m Compiling /api/presence/count ...
[2025-10-15T20:51:37.313Z] [INFO   ]  [32m[1mâœ“[22m[39m Compiled /api/presence/count in 727ms (4338 modules)
[2025-10-15T20:51:43.787Z] [INFO   ]  [32m[1mâœ“[22m[39m Compiled in 808ms (6069 modules)
[2025-10-15T20:56:37.321Z] [INFO   ]  [37m[1mâ—‹[22m[39m Compiling /_not-found ...
[2025-10-15T20:56:38.285Z] [INFO   ]  [32m[1mâœ“[22m[39m Compiled /_not-found in 1601ms (6060 modules)
[2025-10-15T21:04:32.358Z] [INFO   ]  [32m[1mâœ“[22m[39m Compiled in 2.1s (6052 modules)
[2025-10-15T21:04:40.864Z] [INFO   ]  [32m[1mâœ“[22m[39m Compiled in 880ms (6052 modules)
[2025-10-15T21:04:55.467Z] [INFO   ]  [32m[1mâœ“[22m[39m Compiled in 1270ms (6052 modules)
[2025-10-15T21:05:01.112Z] [INFO   ]  [32m[1mâœ“[22m[39m Compiled in 1314ms (6052 modules)
[2025-10-15T21:05:05.478Z] [INFO   ]  [32m[1mâœ“[22m[39m Compiled in 738ms (6052 modules)
[2025-10-15T21:05:12.956Z] [INFO   ]  [32m[1mâœ“[22m[39m Compiled in 708ms (6052 modules)
[2025-10-15T21:05:28.283Z] [INFO   ]  [32m[1mâœ“[22m[39m Compiled in 1015ms (6052 modules)
[2025-10-15T21:05:41.059Z] [INFO   ]  [32m[1mâœ“[22m[39m Compiled in 1211ms (6052 modules)
[2025-10-15T21:06:37.110Z] [INFO   ]  [37m[1mâ—‹[22m[39m Compiling /api/presence/count ...
[2025-10-15T21:06:37.637Z] [INFO   ]  [32m[1mâœ“[22m[39m Compiled /api/presence/count in 1041ms (4338 modules)
[2025-10-15T22:37:41.239Z] [INFO   ]  [37m[1mâ—‹[22m[39m Compiling /api/auth/profile ...
[2025-10-15T22:37:42.411Z] [INFO   ]  [32m[1mâœ“[22m[39m Compiled /api/auth/profile in 2.3s (4342 modules)
[2025-10-15T22:37:46.145Z] [INFO   ]  [32m[1mâœ“[22m[39m Compiled /api/integrations in 357ms (4344 modules)
[2025-10-15T22:38:53.683Z] [WARN   ]  [33m[1mâš [22m[39m Fast Refresh had to perform a full reload due to a runtime error.
[2025-10-15T22:38:55.425Z] [WARN   ]  [33m[1mâš [22m[39m Fast Refresh had to perform a full reload due to a runtime error.
[2025-10-15T22:38:55.718Z] [INFO   ]  [32m[1mâœ“[22m[39m Compiled in 3.2s (6052 modules)
[2025-10-15T22:38:58.666Z] [INFO   ]  [37m[1mâ—‹[22m[39m Compiling /api/auth/profile ...
[2025-10-15T22:39:00.168Z] [INFO   ]  [32m[1mâœ“[22m[39m Compiled /api/auth/profile in 2s (6071 modules)
[2025-10-15T22:39:01.224Z] [INFO   ]  [37m[1mâ—‹[22m[39m Compiling /api/presence/count ...
[2025-10-15T22:39:01.753Z] [INFO   ]  [32m[1mâœ“[22m[39m Compiled /api/presence/count in 1116ms (4342 modules)
[2025-10-15T22:39:03.224Z] [INFO   ]  [37m[1mâ—‹[22m[39m Compiling /api/integrations ...
[2025-10-15T22:39:06.206Z] [INFO   ]  [32m[1mâœ“[22m[39m Compiled /api/templates/[id]/setup in 3.7s (6069 modules)
[2025-10-15T22:39:07.160Z] [ERROR  ]  [31m[1mâ¨¯[22m[39m Cannot read properties of undefined (reading 'call')
TypeError: Cannot read properties of undefined (reading 'call')
    at __webpack_require__ (/Users/nathanielstoddard/chainreact-app/chainreact-app-9e/.next/server/webpack-runtime.js:25:43)
    at eval (webpack-internal:///(rsc)/./utils/supabase/server.ts:8:71)
    at (rsc)/./utils/supabase/server.ts (/Users/nathanielstoddard/chainreact-app/chainreact-app-9e/.next/server/app/api/templates/[id]/setup/route.js:98:1)
    at __webpack_require__ (/Users/nathanielstoddard/chainreact-app/chainreact-app-9e/.next/server/webpack-runtime.js:25:43)
    at eval (webpack-internal:///(rsc)/./app/api/templates/[id]/setup/route.ts:9:80)
    at (rsc)/./app/api/templates/[id]/setup/route.ts (/Users/nathanielstoddard/chainreact-app/chainreact-app-9e/.next/server/app/api/templates/[id]/setup/route.js:22:1)
    at __webpack_require__ (/Users/nathanielstoddard/chainreact-app/chainreact-app-9e/.next/server/webpack-runtime.js:25:43)
    at eval (webpack-internal:///(rsc)/./node_modules/next/dist/build/webpack/loaders/next-app-loader/index.js?name=app%2Fapi%2Ftemplates%2F%5Bid%5D%2Fsetup%2Froute&page=%2Fapi%2Ftemplates%2F%5Bid%5D%2Fsetup%2Froute&appPaths=&pagePath=private-next-app-dir%2Fapi%2Ftemplates%2F%5Bid%5D%2Fsetup%2Froute.ts&appDir=%2FUsers%2Fnathanielstoddard%2Fchainreact-app%2Fchainreact-app-9e%2Fapp&pageExtensions=tsx&pageExtensions=ts&pageExtensions=jsx&pageExtensions=js&rootDir=%2FUsers%2Fnathanielstoddard%2Fchainreact-app%2Fchainreact-app-9e&isDev=true&tsconfigPath=tsconfig.json&basePath=&assetPrefix=&nextConfigOutput=&preferredRegion=&middlewareConfig=e30%3D&isGlobalNotFoundEnabled=!:38:152)
    at (rsc)/./node_modules/next/dist/build/webpack/loaders/next-app-loader/index.js?name=app%2Fapi%2Ftemplates%2F%5Bid%5D%2Fsetup%2Froute&page=%2Fapi%2Ftemplates%2F%5Bid%5D%2Fsetup%2Froute&appPaths=&pagePath=private-next-app-dir%2Fapi%2Ftemplates%2F%5Bid%5D%2Fsetup%2Froute.ts&appDir=%2FUsers%2Fnathanielstoddard%2Fchainreact-app%2Fchainreact-app-9e%2Fapp&pageExtensions=tsx&pageExtensions=ts&pageExtensions=jsx&pageExtensions=js&rootDir=%2FUsers%2Fnathanielstoddard%2Fchainreact-app%2Fchainreact-app-9e&isDev=true&tsconfigPath=tsconfig.json&basePath=&assetPrefix=&nextConfigOutput=&preferredRegion=&middlewareConfig=e30%3D&isGlobalNotFoundEnabled=! (/Users/nathanielstoddard/chainreact-app/chainreact-app-9e/.next/server/app/api/templates/[id]/setup/route.js:77:1)
    at __webpack_require__ (/Users/nathanielstoddard/chainreact-app/chainreact-app-9e/.next/server/webpack-runtime.js:25:43)
[2025-10-15T22:39:08.539Z] [INFO   ]  [37m[1mâ—‹[22m[39m Compiling /api/collaboration/leave ...
[2025-10-15T22:39:24.334Z] [INFO   ]  [32m[1mâœ“[22m[39m Compiled /api/collaboration/leave in 16.3s (8231 modules)
[2025-10-15T22:39:25.056Z] [WARN   ]  [33m[1mâš [22m[39m Fast Refresh had to perform a full reload due to a runtime error.
[2025-10-15T22:39:25.091Z] [ERROR  ]  [31m[1mâ¨¯[22m[39m Cannot read properties of undefined (reading 'call')
TypeError: Cannot read properties of undefined (reading 'call')
    at __webpack_require__ (/Users/nathanielstoddard/chainreact-app/chainreact-app-9e/.next/server/webpack-runtime.js:25:43)
    at eval (webpack-internal:///(rsc)/./utils/supabase/server.ts:8:71)
    at (rsc)/./utils/supabase/server.ts (/Users/nathanielstoddard/chainreact-app/chainreact-app-9e/.next/server/app/api/workflows/[id]/route.js:76:1)
    at __webpack_require__ (/Users/nathanielstoddard/chainreact-app/chainreact-app-9e/.next/server/webpack-runtime.js:25:43)
    at eval (webpack-internal:///(rsc)/./app/api/workflows/[id]/route.ts:7:80)
    at (rsc)/./app/api/workflows/[id]/route.ts (/Users/nathanielstoddard/chainreact-app/chainreact-app-9e/.next/server/app/api/workflows/[id]/route.js:22:1)
    at __webpack_require__ (/Users/nathanielstoddard/chainreact-app/chainreact-app-9e/.next/server/webpack-runtime.js:25:43)
    at eval (webpack-internal:///(rsc)/./node_modules/next/dist/build/webpack/loaders/next-app-loader/index.js?name=app%2Fapi%2Fworkflows%2F%5Bid%5D%2Froute&page=%2Fapi%2Fworkflows%2F%5Bid%5D%2Froute&appPaths=&pagePath=private-next-app-dir%2Fapi%2Fworkflows%2F%5Bid%5D%2Froute.ts&appDir=%2FUsers%2Fnathanielstoddard%2Fchainreact-app%2Fchainreact-app-9e%2Fapp&pageExtensions=tsx&pageExtensions=ts&pageExtensions=jsx&pageExtensions=js&rootDir=%2FUsers%2Fnathanielstoddard%2Fchainreact-app%2Fchainreact-app-9e&isDev=true&tsconfigPath=tsconfig.json&basePath=&assetPrefix=&nextConfigOutput=&preferredRegion=&middlewareConfig=e30%3D&isGlobalNotFoundEnabled=!:38:146)
    at (rsc)/./node_modules/next/dist/build/webpack/loaders/next-app-loader/index.js?name=app%2Fapi%2Fworkflows%2F%5Bid%5D%2Froute&page=%2Fapi%2Fworkflows%2F%5Bid%5D%2Froute&appPaths=&pagePath=private-next-app-dir%2Fapi%2Fworkflows%2F%5Bid%5D%2Froute.ts&appDir=%2FUsers%2Fnathanielstoddard%2Fchainreact-app%2Fchainreact-app-9e%2Fapp&pageExtensions=tsx&pageExtensions=ts&pageExtensions=jsx&pageExtensions=js&rootDir=%2FUsers%2Fnathanielstoddard%2Fchainreact-app%2Fchainreact-app-9e&isDev=true&tsconfigPath=tsconfig.json&basePath=&assetPrefix=&nextConfigOutput=&preferredRegion=&middlewareConfig=e30%3D&isGlobalNotFoundEnabled=! (/Users/nathanielstoddard/chainreact-app/chainreact-app-9e/.next/server/app/api/workflows/[id]/route.js:55:1)
    at __webpack_require__ (/Users/nathanielstoddard/chainreact-app/chainreact-app-9e/.next/server/webpack-runtime.js:25:43)
[2025-10-15T22:39:25.102Z] [ERROR  ]  [31m[1mâ¨¯[22m[39m Cannot read properties of undefined (reading 'call')
TypeError: Cannot read properties of undefined (reading 'call')
    at __webpack_require__ (/Users/nathanielstoddard/chainreact-app/chainreact-app-9e/.next/server/webpack-runtime.js:25:43)
    at eval (webpack-internal:///(rsc)/./utils/supabase/server.ts:8:71)
    at (rsc)/./utils/supabase/server.ts (/Users/nathanielstoddard/chainreact-app/chainreact-app-9e/.next/server/app/api/templates/[id]/setup/route.js:98:1)
    at __webpack_require__ (/Users/nathanielstoddard/chainreact-app/chainreact-app-9e/.next/server/webpack-runtime.js:25:43)
    at eval (webpack-internal:///(rsc)/./app/api/templates/[id]/setup/route.ts:9:80)
    at (rsc)/./app/api/templates/[id]/setup/route.ts (/Users/nathanielstoddard/chainreact-app/chainreact-app-9e/.next/server/app/api/templates/[id]/setup/route.js:22:1)
    at __webpack_require__ (/Users/nathanielstoddard/chainreact-app/chainreact-app-9e/.next/server/webpack-runtime.js:25:43)
    at eval (webpack-internal:///(rsc)/./node_modules/next/dist/build/webpack/loaders/next-app-loader/index.js?name=app%2Fapi%2Ftemplates%2F%5Bid%5D%2Fsetup%2Froute&page=%2Fapi%2Ftemplates%2F%5Bid%5D%2Fsetup%2Froute&appPaths=&pagePath=private-next-app-dir%2Fapi%2Ftemplates%2F%5Bid%5D%2Fsetup%2Froute.ts&appDir=%2FUsers%2Fnathanielstoddard%2Fchainreact-app%2Fchainreact-app-9e%2Fapp&pageExtensions=tsx&pageExtensions=ts&pageExtensions=jsx&pageExtensions=js&rootDir=%2FUsers%2Fnathanielstoddard%2Fchainreact-app%2Fchainreact-app-9e&isDev=true&tsconfigPath=tsconfig.json&basePath=&assetPrefix=&nextConfigOutput=&preferredRegion=&middlewareConfig=e30%3D&isGlobalNotFoundEnabled=!:38:152)
    at (rsc)/./node_modules/next/dist/build/webpack/loaders/next-app-loader/index.js?name=app%2Fapi%2Ftemplates%2F%5Bid%5D%2Fsetup%2Froute&page=%2Fapi%2Ftemplates%2F%5Bid%5D%2Fsetup%2Froute&appPaths=&pagePath=private-next-app-dir%2Fapi%2Ftemplates%2F%5Bid%5D%2Fsetup%2Froute.ts&appDir=%2FUsers%2Fnathanielstoddard%2Fchainreact-app%2Fchainreact-app-9e%2Fapp&pageExtensions=tsx&pageExtensions=ts&pageExtensions=jsx&pageExtensions=js&rootDir=%2FUsers%2Fnathanielstoddard%2Fchainreact-app%2Fchainreact-app-9e&isDev=true&tsconfigPath=tsconfig.json&basePath=&assetPrefix=&nextConfigOutput=&preferredRegion=&middlewareConfig=e30%3D&isGlobalNotFoundEnabled=! (/Users/nathanielstoddard/chainreact-app/chainreact-app-9e/.next/server/app/api/templates/[id]/setup/route.js:77:1)
    at __webpack_require__ (/Users/nathanielstoddard/chainreact-app/chainreact-app-9e/.next/server/webpack-runtime.js:25:43)
[2025-10-15T22:39:30.722Z] [ERROR  ]  [31m[1mâ¨¯[22m[39m Cannot read properties of undefined (reading 'call')
TypeError: Cannot read properties of undefined (reading 'call')
    at __webpack_require__ (/Users/nathanielstoddard/chainreact-app/chainreact-app-9e/.next/server/webpack-runtime.js:25:43)
    at eval (webpack-internal:///(rsc)/./utils/supabase/server.ts:8:71)
    at (rsc)/./utils/supabase/server.ts (/Users/nathanielstoddard/chainreact-app/chainreact-app-9e/.next/server/app/api/templates/[id]/setup/route.js:98:1)
    at __webpack_require__ (/Users/nathanielstoddard/chainreact-app/chainreact-app-9e/.next/server/webpack-runtime.js:25:43)
    at eval (webpack-internal:///(rsc)/./app/api/templates/[id]/setup/route.ts:9:80)
    at (rsc)/./app/api/templates/[id]/setup/route.ts (/Users/nathanielstoddard/chainreact-app/chainreact-app-9e/.next/server/app/api/templates/[id]/setup/route.js:22:1)
    at __webpack_require__ (/Users/nathanielstoddard/chainreact-app/chainreact-app-9e/.next/server/webpack-runtime.js:25:43)
    at eval (webpack-internal:///(rsc)/./node_modules/next/dist/build/webpack/loaders/next-app-loader/index.js?name=app%2Fapi%2Ftemplates%2F%5Bid%5D%2Fsetup%2Froute&page=%2Fapi%2Ftemplates%2F%5Bid%5D%2Fsetup%2Froute&appPaths=&pagePath=private-next-app-dir%2Fapi%2Ftemplates%2F%5Bid%5D%2Fsetup%2Froute.ts&appDir=%2FUsers%2Fnathanielstoddard%2Fchainreact-app%2Fchainreact-app-9e%2Fapp&pageExtensions=tsx&pageExtensions=ts&pageExtensions=jsx&pageExtensions=js&rootDir=%2FUsers%2Fnathanielstoddard%2Fchainreact-app%2Fchainreact-app-9e&isDev=true&tsconfigPath=tsconfig.json&basePath=&assetPrefix=&nextConfigOutput=&preferredRegion=&middlewareConfig=e30%3D&isGlobalNotFoundEnabled=!:38:152)
    at (rsc)/./node_modules/next/dist/build/webpack/loaders/next-app-loader/index.js?name=app%2Fapi%2Ftemplates%2F%5Bid%5D%2Fsetup%2Froute&page=%2Fapi%2Ftemplates%2F%5Bid%5D%2Fsetup%2Froute&appPaths=&pagePath=private-next-app-dir%2Fapi%2Ftemplates%2F%5Bid%5D%2Fsetup%2Froute.ts&appDir=%2FUsers%2Fnathanielstoddard%2Fchainreact-app%2Fchainreact-app-9e%2Fapp&pageExtensions=tsx&pageExtensions=ts&pageExtensions=jsx&pageExtensions=js&rootDir=%2FUsers%2Fnathanielstoddard%2Fchainreact-app%2Fchainreact-app-9e&isDev=true&tsconfigPath=tsconfig.json&basePath=&assetPrefix=&nextConfigOutput=&preferredRegion=&middlewareConfig=e30%3D&isGlobalNotFoundEnabled=! (/Users/nathanielstoddard/chainreact-app/chainreact-app-9e/.next/server/app/api/templates/[id]/setup/route.js:77:1)
    at __webpack_require__ (/Users/nathanielstoddard/chainreact-app/chainreact-app-9e/.next/server/webpack-runtime.js:25:43)
[2025-10-15T22:39:41.484Z] [INFO   ]  [32m[1mâœ“[22m[39m Compiled in 9.2s (8245 modules)
[2025-10-15T22:39:43.055Z] [ERROR  ]  [31m[1mâ¨¯[22m[39m Cannot read properties of undefined (reading 'call')
TypeError: Cannot read properties of undefined (reading 'call')
    at __webpack_require__ (/Users/nathanielstoddard/chainreact-app/chainreact-app-9e/.next/server/webpack-runtime.js:25:43)
    at eval (webpack-internal:///(rsc)/./utils/supabase/server.ts:8:71)
    at (rsc)/./utils/supabase/server.ts (/Users/nathanielstoddard/chainreact-app/chainreact-app-9e/.next/server/app/api/templates/[id]/setup/route.js:98:1)
    at __webpack_require__ (/Users/nathanielstoddard/chainreact-app/chainreact-app-9e/.next/server/webpack-runtime.js:25:43)
    at eval (webpack-internal:///(rsc)/./app/api/templates/[id]/setup/route.ts:9:80)
    at (rsc)/./app/api/templates/[id]/setup/route.ts (/Users/nathanielstoddard/chainreact-app/chainreact-app-9e/.next/server/app/api/templates/[id]/setup/route.js:22:1)
    at __webpack_require__ (/Users/nathanielstoddard/chainreact-app/chainreact-app-9e/.next/server/webpack-runtime.js:25:43)
    at eval (webpack-internal:///(rsc)/./node_modules/next/dist/build/webpack/loaders/next-app-loader/index.js?name=app%2Fapi%2Ftemplates%2F%5Bid%5D%2Fsetup%2Froute&page=%2Fapi%2Ftemplates%2F%5Bid%5D%2Fsetup%2Froute&appPaths=&pagePath=private-next-app-dir%2Fapi%2Ftemplates%2F%5Bid%5D%2Fsetup%2Froute.ts&appDir=%2FUsers%2Fnathanielstoddard%2Fchainreact-app%2Fchainreact-app-9e%2Fapp&pageExtensions=tsx&pageExtensions=ts&pageExtensions=jsx&pageExtensions=js&rootDir=%2FUsers%2Fnathanielstoddard%2Fchainreact-app%2Fchainreact-app-9e&isDev=true&tsconfigPath=tsconfig.json&basePath=&assetPrefix=&nextConfigOutput=&preferredRegion=&middlewareConfig=e30%3D&isGlobalNotFoundEnabled=!:38:152)
    at (rsc)/./node_modules/next/dist/build/webpack/loaders/next-app-loader/index.js?name=app%2Fapi%2Ftemplates%2F%5Bid%5D%2Fsetup%2Froute&page=%2Fapi%2Ftemplates%2F%5Bid%5D%2Fsetup%2Froute&appPaths=&pagePath=private-next-app-dir%2Fapi%2Ftemplates%2F%5Bid%5D%2Fsetup%2Froute.ts&appDir=%2FUsers%2Fnathanielstoddard%2Fchainreact-app%2Fchainreact-app-9e%2Fapp&pageExtensions=tsx&pageExtensions=ts&pageExtensions=jsx&pageExtensions=js&rootDir=%2FUsers%2Fnathanielstoddard%2Fchainreact-app%2Fchainreact-app-9e&isDev=true&tsconfigPath=tsconfig.json&basePath=&assetPrefix=&nextConfigOutput=&preferredRegion=&middlewareConfig=e30%3D&isGlobalNotFoundEnabled=! (/Users/nathanielstoddard/chainreact-app/chainreact-app-9e/.next/server/app/api/templates/[id]/setup/route.js:77:1)
    at __webpack_require__ (/Users/nathanielstoddard/chainreact-app/chainreact-app-9e/.next/server/webpack-runtime.js:25:43)
[2025-10-15T22:39:43.609Z] [ERROR  ]  [31m[1mâ¨¯[22m[39m Cannot read properties of undefined (reading 'call')
TypeError: Cannot read properties of undefined (reading 'call')
    at __webpack_require__ (/Users/nathanielstoddard/chainreact-app/chainreact-app-9e/.next/server/webpack-runtime.js:25:43)
    at eval (webpack-internal:///(rsc)/./utils/supabase/server.ts:8:71)
    at (rsc)/./utils/supabase/server.ts (/Users/nathanielstoddard/chainreact-app/chainreact-app-9e/.next/server/app/api/templates/[id]/setup/route.js:98:1)
    at __webpack_require__ (/Users/nathanielstoddard/chainreact-app/chainreact-app-9e/.next/server/webpack-runtime.js:25:43)
    at eval (webpack-internal:///(rsc)/./app/api/templates/[id]/setup/route.ts:9:80)
    at (rsc)/./app/api/templates/[id]/setup/route.ts (/Users/nathanielstoddard/chainreact-app/chainreact-app-9e/.next/server/app/api/templates/[id]/setup/route.js:22:1)
    at __webpack_require__ (/Users/nathanielstoddard/chainreact-app/chainreact-app-9e/.next/server/webpack-runtime.js:25:43)
    at eval (webpack-internal:///(rsc)/./node_modules/next/dist/build/webpack/loaders/next-app-loader/index.js?name=app%2Fapi%2Ftemplates%2F%5Bid%5D%2Fsetup%2Froute&page=%2Fapi%2Ftemplates%2F%5Bid%5D%2Fsetup%2Froute&appPaths=&pagePath=private-next-app-dir%2Fapi%2Ftemplates%2F%5Bid%5D%2Fsetup%2Froute.ts&appDir=%2FUsers%2Fnathanielstoddard%2Fchainreact-app%2Fchainreact-app-9e%2Fapp&pageExtensions=tsx&pageExtensions=ts&pageExtensions=jsx&pageExtensions=js&rootDir=%2FUsers%2Fnathanielstoddard%2Fchainreact-app%2Fchainreact-app-9e&isDev=true&tsconfigPath=tsconfig.json&basePath=&assetPrefix=&nextConfigOutput=&preferredRegion=&middlewareConfig=e30%3D&isGlobalNotFoundEnabled=!:38:152)
    at (rsc)/./node_modules/next/dist/build/webpack/loaders/next-app-loader/index.js?name=app%2Fapi%2Ftemplates%2F%5Bid%5D%2Fsetup%2Froute&page=%2Fapi%2Ftemplates%2F%5Bid%5D%2Fsetup%2Froute&appPaths=&pagePath=private-next-app-dir%2Fapi%2Ftemplates%2F%5Bid%5D%2Fsetup%2Froute.ts&appDir=%2FUsers%2Fnathanielstoddard%2Fchainreact-app%2Fchainreact-app-9e%2Fapp&pageExtensions=tsx&pageExtensions=ts&pageExtensions=jsx&pageExtensions=js&rootDir=%2FUsers%2Fnathanielstoddard%2Fchainreact-app%2Fchainreact-app-9e&isDev=true&tsconfigPath=tsconfig.json&basePath=&assetPrefix=&nextConfigOutput=&preferredRegion=&middlewareConfig=e30%3D&isGlobalNotFoundEnabled=! (/Users/nathanielstoddard/chainreact-app/chainreact-app-9e/.next/server/app/api/templates/[id]/setup/route.js:77:1)
    at __webpack_require__ (/Users/nathanielstoddard/chainreact-app/chainreact-app-9e/.next/server/webpack-runtime.js:25:43)
[2025-10-15T22:39:45.053Z] [INFO   ]  [32m[1mâœ“[22m[39m Compiled in 1254ms (8245 modules)
[2025-10-15T22:39:47.157Z] [ERROR  ]  [31m[1mâ¨¯[22m[39m Cannot read properties of undefined (reading 'call')
TypeError: Cannot read properties of undefined (reading 'call')
    at __webpack_require__ (/Users/nathanielstoddard/chainreact-app/chainreact-app-9e/.next/server/webpack-runtime.js:25:43)
    at eval (webpack-internal:///(rsc)/./utils/supabase/server.ts:8:71)
    at (rsc)/./utils/supabase/server.ts (/Users/nathanielstoddard/chainreact-app/chainreact-app-9e/.next/server/app/api/templates/[id]/setup/route.js:98:1)
    at __webpack_require__ (/Users/nathanielstoddard/chainreact-app/chainreact-app-9e/.next/server/webpack-runtime.js:25:43)
    at eval (webpack-internal:///(rsc)/./app/api/templates/[id]/setup/route.ts:9:80)
    at (rsc)/./app/api/templates/[id]/setup/route.ts (/Users/nathanielstoddard/chainreact-app/chainreact-app-9e/.next/server/app/api/templates/[id]/setup/route.js:22:1)
    at __webpack_require__ (/Users/nathanielstoddard/chainreact-app/chainreact-app-9e/.next/server/webpack-runtime.js:25:43)
    at eval (webpack-internal:///(rsc)/./node_modules/next/dist/build/webpack/loaders/next-app-loader/index.js?name=app%2Fapi%2Ftemplates%2F%5Bid%5D%2Fsetup%2Froute&page=%2Fapi%2Ftemplates%2F%5Bid%5D%2Fsetup%2Froute&appPaths=&pagePath=private-next-app-dir%2Fapi%2Ftemplates%2F%5Bid%5D%2Fsetup%2Froute.ts&appDir=%2FUsers%2Fnathanielstoddard%2Fchainreact-app%2Fchainreact-app-9e%2Fapp&pageExtensions=tsx&pageExtensions=ts&pageExtensions=jsx&pageExtensions=js&rootDir=%2FUsers%2Fnathanielstoddard%2Fchainreact-app%2Fchainreact-app-9e&isDev=true&tsconfigPath=tsconfig.json&basePath=&assetPrefix=&nextConfigOutput=&preferredRegion=&middlewareConfig=e30%3D&isGlobalNotFoundEnabled=!:38:152)
    at (rsc)/./node_modules/next/dist/build/webpack/loaders/next-app-loader/index.js?name=app%2Fapi%2Ftemplates%2F%5Bid%5D%2Fsetup%2Froute&page=%2Fapi%2Ftemplates%2F%5Bid%5D%2Fsetup%2Froute&appPaths=&pagePath=private-next-app-dir%2Fapi%2Ftemplates%2F%5Bid%5D%2Fsetup%2Froute.ts&appDir=%2FUsers%2Fnathanielstoddard%2Fchainreact-app%2Fchainreact-app-9e%2Fapp&pageExtensions=tsx&pageExtensions=ts&pageExtensions=jsx&pageExtensions=js&rootDir=%2FUsers%2Fnathanielstoddard%2Fchainreact-app%2Fchainreact-app-9e&isDev=true&tsconfigPath=tsconfig.json&basePath=&assetPrefix=&nextConfigOutput=&preferredRegion=&middlewareConfig=e30%3D&isGlobalNotFoundEnabled=! (/Users/nathanielstoddard/chainreact-app/chainreact-app-9e/.next/server/app/api/templates/[id]/setup/route.js:77:1)
    at __webpack_require__ (/Users/nathanielstoddard/chainreact-app/chainreact-app-9e/.next/server/webpack-runtime.js:25:43)
[2025-10-15T22:39:47.379Z] [WARN   ] Could not find files for /_error in .next/build-manifest.json
[2025-10-15T22:39:47.381Z] [WARN   ] Could not find files for /_error in .next/build-manifest.json
[2025-10-15T22:39:48.215Z] [ERROR  ]  [31m[1mâ¨¯[22m[39m Cannot read properties of undefined (reading 'call')
TypeError: Cannot read properties of undefined (reading 'call')
    at __webpack_require__ (/Users/nathanielstoddard/chainreact-app/chainreact-app-9e/.next/server/webpack-runtime.js:25:43)
    at eval (webpack-internal:///(rsc)/./utils/supabase/server.ts:8:71)
    at (rsc)/./utils/supabase/server.ts (/Users/nathanielstoddard/chainreact-app/chainreact-app-9e/.next/server/app/api/templates/[id]/setup/route.js:98:1)
    at __webpack_require__ (/Users/nathanielstoddard/chainreact-app/chainreact-app-9e/.next/server/webpack-runtime.js:25:43)
    at eval (webpack-internal:///(rsc)/./app/api/templates/[id]/setup/route.ts:9:80)
    at (rsc)/./app/api/templates/[id]/setup/route.ts (/Users/nathanielstoddard/chainreact-app/chainreact-app-9e/.next/server/app/api/templates/[id]/setup/route.js:22:1)
    at __webpack_require__ (/Users/nathanielstoddard/chainreact-app/chainreact-app-9e/.next/server/webpack-runtime.js:25:43)
    at eval (webpack-internal:///(rsc)/./node_modules/next/dist/build/webpack/loaders/next-app-loader/index.js?name=app%2Fapi%2Ftemplates%2F%5Bid%5D%2Fsetup%2Froute&page=%2Fapi%2Ftemplates%2F%5Bid%5D%2Fsetup%2Froute&appPaths=&pagePath=private-next-app-dir%2Fapi%2Ftemplates%2F%5Bid%5D%2Fsetup%2Froute.ts&appDir=%2FUsers%2Fnathanielstoddard%2Fchainreact-app%2Fchainreact-app-9e%2Fapp&pageExtensions=tsx&pageExtensions=ts&pageExtensions=jsx&pageExtensions=js&rootDir=%2FUsers%2Fnathanielstoddard%2Fchainreact-app%2Fchainreact-app-9e&isDev=true&tsconfigPath=tsconfig.json&basePath=&assetPrefix=&nextConfigOutput=&preferredRegion=&middlewareConfig=e30%3D&isGlobalNotFoundEnabled=!:38:152)
    at (rsc)/./node_modules/next/dist/build/webpack/loaders/next-app-loader/index.js?name=app%2Fapi%2Ftemplates%2F%5Bid%5D%2Fsetup%2Froute&page=%2Fapi%2Ftemplates%2F%5Bid%5D%2Fsetup%2Froute&appPaths=&pagePath=private-next-app-dir%2Fapi%2Ftemplates%2F%5Bid%5D%2Fsetup%2Froute.ts&appDir=%2FUsers%2Fnathanielstoddard%2Fchainreact-app%2Fchainreact-app-9e%2Fapp&pageExtensions=tsx&pageExtensions=ts&pageExtensions=jsx&pageExtensions=js&rootDir=%2FUsers%2Fnathanielstoddard%2Fchainreact-app%2Fchainreact-app-9e&isDev=true&tsconfigPath=tsconfig.json&basePath=&assetPrefix=&nextConfigOutput=&preferredRegion=&middlewareConfig=e30%3D&isGlobalNotFoundEnabled=! (/Users/nathanielstoddard/chainreact-app/chainreact-app-9e/.next/server/app/api/templates/[id]/setup/route.js:77:1)
    at __webpack_require__ (/Users/nathanielstoddard/chainreact-app/chainreact-app-9e/.next/server/webpack-runtime.js:25:43)
[2025-10-15T22:39:48.425Z] [WARN   ] Could not find files for /_error in .next/build-manifest.json
[2025-10-15T22:39:48.427Z] [WARN   ] Could not find files for /_error in .next/build-manifest.json
[2025-10-15T22:39:57.637Z] [WARN   ]  [33m[1mâš [22m[39m Fast Refresh had to perform a full reload due to a runtime error.
[2025-10-15T22:39:58.526Z] [INFO   ]  [32m[1mâœ“[22m[39m Compiled in 1780ms (8245 modules)
[2025-10-15T22:39:59.422Z] [INFO   ]  [32m[1mâœ“[22m[39m Compiled in 0ms (6514 modules)
[2025-10-15T22:40:00.104Z] [INFO   ]  [32m[1mâœ“[22m[39m Compiled in 0ms (6514 modules)
[2025-10-15T22:40:00.877Z] [INFO   ]  [32m[1mâœ“[22m[39m Compiled in 1ms (6514 modules)
[2025-10-15T22:40:03.906Z] [INFO   ]  [32m[1mâœ“[22m[39m Compiled in 1999ms (8245 modules)
[2025-10-15T22:40:06.267Z] [INFO   ]  [32m[1mâœ“[22m[39m Compiled in 1ms (6514 modules)
[2025-10-15T22:40:09.120Z] [WARN   ]  [33m[1mâš [22m[39m Fast Refresh had to perform a full reload. Read more: https://nextjs.org/docs/messages/fast-refresh-reload
[2025-10-15T22:40:09.840Z] [INFO   ]  [32m[1mâœ“[22m[39m Compiled in 2.5s (8245 modules)
[2025-10-15T22:40:22.658Z] [INFO   ]  [32m[1mâœ“[22m[39m Compiled in 1955ms (8245 modules)
[2025-10-15T22:40:24.418Z] [ERROR  ]  [31m[1mâ¨¯[22m[39m Cannot read properties of undefined (reading 'call')
TypeError: Cannot read properties of undefined (reading 'call')
    at __webpack_require__ (/Users/nathanielstoddard/chainreact-app/chainreact-app-9e/.next/server/webpack-runtime.js:25:43)
    at eval (webpack-internal:///(rsc)/./utils/supabase/server.ts:8:71)
    at (rsc)/./utils/supabase/server.ts (/Users/nathanielstoddard/chainreact-app/chainreact-app-9e/.next/server/app/api/templates/[id]/setup/route.js:98:1)
    at __webpack_require__ (/Users/nathanielstoddard/chainreact-app/chainreact-app-9e/.next/server/webpack-runtime.js:25:43)
    at eval (webpack-internal:///(rsc)/./app/api/templates/[id]/setup/route.ts:9:80)
    at (rsc)/./app/api/templates/[id]/setup/route.ts (/Users/nathanielstoddard/chainreact-app/chainreact-app-9e/.next/server/app/api/templates/[id]/setup/route.js:22:1)
    at __webpack_require__ (/Users/nathanielstoddard/chainreact-app/chainreact-app-9e/.next/server/webpack-runtime.js:25:43)
    at eval (webpack-internal:///(rsc)/./node_modules/next/dist/build/webpack/loaders/next-app-loader/index.js?name=app%2Fapi%2Ftemplates%2F%5Bid%5D%2Fsetup%2Froute&page=%2Fapi%2Ftemplates%2F%5Bid%5D%2Fsetup%2Froute&appPaths=&pagePath=private-next-app-dir%2Fapi%2Ftemplates%2F%5Bid%5D%2Fsetup%2Froute.ts&appDir=%2FUsers%2Fnathanielstoddard%2Fchainreact-app%2Fchainreact-app-9e%2Fapp&pageExtensions=tsx&pageExtensions=ts&pageExtensions=jsx&pageExtensions=js&rootDir=%2FUsers%2Fnathanielstoddard%2Fchainreact-app%2Fchainreact-app-9e&isDev=true&tsconfigPath=tsconfig.json&basePath=&assetPrefix=&nextConfigOutput=&preferredRegion=&middlewareConfig=e30%3D&isGlobalNotFoundEnabled=!:38:152)
    at (rsc)/./node_modules/next/dist/build/webpack/loaders/next-app-loader/index.js?name=app%2Fapi%2Ftemplates%2F%5Bid%5D%2Fsetup%2Froute&page=%2Fapi%2Ftemplates%2F%5Bid%5D%2Fsetup%2Froute&appPaths=&pagePath=private-next-app-dir%2Fapi%2Ftemplates%2F%5Bid%5D%2Fsetup%2Froute.ts&appDir=%2FUsers%2Fnathanielstoddard%2Fchainreact-app%2Fchainreact-app-9e%2Fapp&pageExtensions=tsx&pageExtensions=ts&pageExtensions=jsx&pageExtensions=js&rootDir=%2FUsers%2Fnathanielstoddard%2Fchainreact-app%2Fchainreact-app-9e&isDev=true&tsconfigPath=tsconfig.json&basePath=&assetPrefix=&nextConfigOutput=&preferredRegion=&middlewareConfig=e30%3D&isGlobalNotFoundEnabled=! (/Users/nathanielstoddard/chainreact-app/chainreact-app-9e/.next/server/app/api/templates/[id]/setup/route.js:77:1)
    at __webpack_require__ (/Users/nathanielstoddard/chainreact-app/chainreact-app-9e/.next/server/webpack-runtime.js:25:43)
[2025-10-15T22:40:25.026Z] [ERROR  ]  [31m[1mâ¨¯[22m[39m Cannot read properties of undefined (reading 'call')
TypeError: Cannot read properties of undefined (reading 'call')
    at __webpack_require__ (/Users/nathanielstoddard/chainreact-app/chainreact-app-9e/.next/server/webpack-runtime.js:25:43)
    at eval (webpack-internal:///(rsc)/./utils/supabase/server.ts:8:71)
    at (rsc)/./utils/supabase/server.ts (/Users/nathanielstoddard/chainreact-app/chainreact-app-9e/.next/server/app/api/templates/[id]/setup/route.js:98:1)
    at __webpack_require__ (/Users/nathanielstoddard/chainreact-app/chainreact-app-9e/.next/server/webpack-runtime.js:25:43)
    at eval (webpack-internal:///(rsc)/./app/api/templates/[id]/setup/route.ts:9:80)
    at (rsc)/./app/api/templates/[id]/setup/route.ts (/Users/nathanielstoddard/chainreact-app/chainreact-app-9e/.next/server/app/api/templates/[id]/setup/route.js:22:1)
    at __webpack_require__ (/Users/nathanielstoddard/chainreact-app/chainreact-app-9e/.next/server/webpack-runtime.js:25:43)
    at eval (webpack-internal:///(rsc)/./node_modules/next/dist/build/webpack/loaders/next-app-loader/index.js?name=app%2Fapi%2Ftemplates%2F%5Bid%5D%2Fsetup%2Froute&page=%2Fapi%2Ftemplates%2F%5Bid%5D%2Fsetup%2Froute&appPaths=&pagePath=private-next-app-dir%2Fapi%2Ftemplates%2F%5Bid%5D%2Fsetup%2Froute.ts&appDir=%2FUsers%2Fnathanielstoddard%2Fchainreact-app%2Fchainreact-app-9e%2Fapp&pageExtensions=tsx&pageExtensions=ts&pageExtensions=jsx&pageExtensions=js&rootDir=%2FUsers%2Fnathanielstoddard%2Fchainreact-app%2Fchainreact-app-9e&isDev=true&tsconfigPath=tsconfig.json&basePath=&assetPrefix=&nextConfigOutput=&preferredRegion=&middlewareConfig=e30%3D&isGlobalNotFoundEnabled=!:38:152)
    at (rsc)/./node_modules/next/dist/build/webpack/loaders/next-app-loader/index.js?name=app%2Fapi%2Ftemplates%2F%5Bid%5D%2Fsetup%2Froute&page=%2Fapi%2Ftemplates%2F%5Bid%5D%2Fsetup%2Froute&appPaths=&pagePath=private-next-app-dir%2Fapi%2Ftemplates%2F%5Bid%5D%2Fsetup%2Froute.ts&appDir=%2FUsers%2Fnathanielstoddard%2Fchainreact-app%2Fchainreact-app-9e%2Fapp&pageExtensions=tsx&pageExtensions=ts&pageExtensions=jsx&pageExtensions=js&rootDir=%2FUsers%2Fnathanielstoddard%2Fchainreact-app%2Fchainreact-app-9e&isDev=true&tsconfigPath=tsconfig.json&basePath=&assetPrefix=&nextConfigOutput=&preferredRegion=&middlewareConfig=e30%3D&isGlobalNotFoundEnabled=! (/Users/nathanielstoddard/chainreact-app/chainreact-app-9e/.next/server/app/api/templates/[id]/setup/route.js:77:1)
    at __webpack_require__ (/Users/nathanielstoddard/chainreact-app/chainreact-app-9e/.next/server/webpack-runtime.js:25:43)
[2025-10-15T22:40:28.616Z] [INFO   ]  [32m[1mâœ“[22m[39m Compiled in 1325ms (8245 modules)
[2025-10-15T22:40:29.939Z] [ERROR  ]  [31m[1mâ¨¯[22m[39m Cannot read properties of undefined (reading 'call')
TypeError: Cannot read properties of undefined (reading 'call')
    at __webpack_require__ (/Users/nathanielstoddard/chainreact-app/chainreact-app-9e/.next/server/webpack-runtime.js:25:43)
    at eval (webpack-internal:///(rsc)/./utils/supabase/server.ts:8:71)
    at (rsc)/./utils/supabase/server.ts (/Users/nathanielstoddard/chainreact-app/chainreact-app-9e/.next/server/app/api/templates/[id]/setup/route.js:98:1)
    at __webpack_require__ (/Users/nathanielstoddard/chainreact-app/chainreact-app-9e/.next/server/webpack-runtime.js:25:43)
    at eval (webpack-internal:///(rsc)/./app/api/templates/[id]/setup/route.ts:9:80)
    at (rsc)/./app/api/templates/[id]/setup/route.ts (/Users/nathanielstoddard/chainreact-app/chainreact-app-9e/.next/server/app/api/templates/[id]/setup/route.js:22:1)
    at __webpack_require__ (/Users/nathanielstoddard/chainreact-app/chainreact-app-9e/.next/server/webpack-runtime.js:25:43)
    at eval (webpack-internal:///(rsc)/./node_modules/next/dist/build/webpack/loaders/next-app-loader/index.js?name=app%2Fapi%2Ftemplates%2F%5Bid%5D%2Fsetup%2Froute&page=%2Fapi%2Ftemplates%2F%5Bid%5D%2Fsetup%2Froute&appPaths=&pagePath=private-next-app-dir%2Fapi%2Ftemplates%2F%5Bid%5D%2Fsetup%2Froute.ts&appDir=%2FUsers%2Fnathanielstoddard%2Fchainreact-app%2Fchainreact-app-9e%2Fapp&pageExtensions=tsx&pageExtensions=ts&pageExtensions=jsx&pageExtensions=js&rootDir=%2FUsers%2Fnathanielstoddard%2Fchainreact-app%2Fchainreact-app-9e&isDev=true&tsconfigPath=tsconfig.json&basePath=&assetPrefix=&nextConfigOutput=&preferredRegion=&middlewareConfig=e30%3D&isGlobalNotFoundEnabled=!:38:152)
    at (rsc)/./node_modules/next/dist/build/webpack/loaders/next-app-loader/index.js?name=app%2Fapi%2Ftemplates%2F%5Bid%5D%2Fsetup%2Froute&page=%2Fapi%2Ftemplates%2F%5Bid%5D%2Fsetup%2Froute&appPaths=&pagePath=private-next-app-dir%2Fapi%2Ftemplates%2F%5Bid%5D%2Fsetup%2Froute.ts&appDir=%2FUsers%2Fnathanielstoddard%2Fchainreact-app%2Fchainreact-app-9e%2Fapp&pageExtensions=tsx&pageExtensions=ts&pageExtensions=jsx&pageExtensions=js&rootDir=%2FUsers%2Fnathanielstoddard%2Fchainreact-app%2Fchainreact-app-9e&isDev=true&tsconfigPath=tsconfig.json&basePath=&assetPrefix=&nextConfigOutput=&preferredRegion=&middlewareConfig=e30%3D&isGlobalNotFoundEnabled=! (/Users/nathanielstoddard/chainreact-app/chainreact-app-9e/.next/server/app/api/templates/[id]/setup/route.js:77:1)
    at __webpack_require__ (/Users/nathanielstoddard/chainreact-app/chainreact-app-9e/.next/server/webpack-runtime.js:25:43)
[2025-10-15T22:40:30.569Z] [ERROR  ]  [31m[1mâ¨¯[22m[39m Cannot read properties of undefined (reading 'call')
TypeError: Cannot read properties of undefined (reading 'call')
    at __webpack_require__ (/Users/nathanielstoddard/chainreact-app/chainreact-app-9e/.next/server/webpack-runtime.js:25:43)
    at eval (webpack-internal:///(rsc)/./utils/supabase/server.ts:8:71)
    at (rsc)/./utils/supabase/server.ts (/Users/nathanielstoddard/chainreact-app/chainreact-app-9e/.next/server/app/api/templates/[id]/setup/route.js:98:1)
    at __webpack_require__ (/Users/nathanielstoddard/chainreact-app/chainreact-app-9e/.next/server/webpack-runtime.js:25:43)
    at eval (webpack-internal:///(rsc)/./app/api/templates/[id]/setup/route.ts:9:80)
    at (rsc)/./app/api/templates/[id]/setup/route.ts (/Users/nathanielstoddard/chainreact-app/chainreact-app-9e/.next/server/app/api/templates/[id]/setup/route.js:22:1)
    at __webpack_require__ (/Users/nathanielstoddard/chainreact-app/chainreact-app-9e/.next/server/webpack-runtime.js:25:43)
    at eval (webpack-internal:///(rsc)/./node_modules/next/dist/build/webpack/loaders/next-app-loader/index.js?name=app%2Fapi%2Ftemplates%2F%5Bid%5D%2Fsetup%2Froute&page=%2Fapi%2Ftemplates%2F%5Bid%5D%2Fsetup%2Froute&appPaths=&pagePath=private-next-app-dir%2Fapi%2Ftemplates%2F%5Bid%5D%2Fsetup%2Froute.ts&appDir=%2FUsers%2Fnathanielstoddard%2Fchainreact-app%2Fchainreact-app-9e%2Fapp&pageExtensions=tsx&pageExtensions=ts&pageExtensions=jsx&pageExtensions=js&rootDir=%2FUsers%2Fnathanielstoddard%2Fchainreact-app%2Fchainreact-app-9e&isDev=true&tsconfigPath=tsconfig.json&basePath=&assetPrefix=&nextConfigOutput=&preferredRegion=&middlewareConfig=e30%3D&isGlobalNotFoundEnabled=!:38:152)
    at (rsc)/./node_modules/next/dist/build/webpack/loaders/next-app-loader/index.js?name=app%2Fapi%2Ftemplates%2F%5Bid%5D%2Fsetup%2Froute&page=%2Fapi%2Ftemplates%2F%5Bid%5D%2Fsetup%2Froute&appPaths=&pagePath=private-next-app-dir%2Fapi%2Ftemplates%2F%5Bid%5D%2Fsetup%2Froute.ts&appDir=%2FUsers%2Fnathanielstoddard%2Fchainreact-app%2Fchainreact-app-9e%2Fapp&pageExtensions=tsx&pageExtensions=ts&pageExtensions=jsx&pageExtensions=js&rootDir=%2FUsers%2Fnathanielstoddard%2Fchainreact-app%2Fchainreact-app-9e&isDev=true&tsconfigPath=tsconfig.json&basePath=&assetPrefix=&nextConfigOutput=&preferredRegion=&middlewareConfig=e30%3D&isGlobalNotFoundEnabled=! (/Users/nathanielstoddard/chainreact-app/chainreact-app-9e/.next/server/app/api/templates/[id]/setup/route.js:77:1)
    at __webpack_require__ (/Users/nathanielstoddard/chainreact-app/chainreact-app-9e/.next/server/webpack-runtime.js:25:43)
[2025-10-15T22:40:33.422Z] [WARN   ]  [33m[1mâš [22m[39m Fast Refresh had to perform a full reload due to a runtime error.
[2025-10-15T22:40:34.315Z] [INFO   ]  [32m[1mâœ“[22m[39m Compiled in 1670ms (8245 modules)
[2025-10-15T22:40:35.018Z] [INFO   ]  [32m[1mâœ“[22m[39m Compiled in 0ms (6514 modules)
[2025-10-15T22:40:35.655Z] [INFO   ]  [32m[1mâœ“[22m[39m Compiled in 1ms (6514 modules)
[2025-10-15T22:40:36.289Z] [INFO   ]  [32m[1mâœ“[22m[39m Compiled in 0ms (6514 modules)
[2025-10-15T22:40:56.103Z] [INFO   ]  [32m[1mâœ“[22m[39m Compiled in 9.8s (6085 modules)
[2025-10-15T22:40:58.147Z] [ERROR  ]  [31m[1mâ¨¯[22m[39m Cannot read properties of undefined (reading 'call')
TypeError: Cannot read properties of undefined (reading 'call')
    at __webpack_require__ (/Users/nathanielstoddard/chainreact-app/chainreact-app-9e/.next/server/webpack-runtime.js:25:43)
    at eval (webpack-internal:///(rsc)/./utils/supabase/server.ts:8:71)
    at (rsc)/./utils/supabase/server.ts (/Users/nathanielstoddard/chainreact-app/chainreact-app-9e/.next/server/app/api/templates/[id]/setup/route.js:98:1)
    at __webpack_require__ (/Users/nathanielstoddard/chainreact-app/chainreact-app-9e/.next/server/webpack-runtime.js:25:43)
    at eval (webpack-internal:///(rsc)/./app/api/templates/[id]/setup/route.ts:9:80)
    at (rsc)/./app/api/templates/[id]/setup/route.ts (/Users/nathanielstoddard/chainreact-app/chainreact-app-9e/.next/server/app/api/templates/[id]/setup/route.js:22:1)
    at __webpack_require__ (/Users/nathanielstoddard/chainreact-app/chainreact-app-9e/.next/server/webpack-runtime.js:25:43)
    at eval (webpack-internal:///(rsc)/./node_modules/next/dist/build/webpack/loaders/next-app-loader/index.js?name=app%2Fapi%2Ftemplates%2F%5Bid%5D%2Fsetup%2Froute&page=%2Fapi%2Ftemplates%2F%5Bid%5D%2Fsetup%2Froute&appPaths=&pagePath=private-next-app-dir%2Fapi%2Ftemplates%2F%5Bid%5D%2Fsetup%2Froute.ts&appDir=%2FUsers%2Fnathanielstoddard%2Fchainreact-app%2Fchainreact-app-9e%2Fapp&pageExtensions=tsx&pageExtensions=ts&pageExtensions=jsx&pageExtensions=js&rootDir=%2FUsers%2Fnathanielstoddard%2Fchainreact-app%2Fchainreact-app-9e&isDev=true&tsconfigPath=tsconfig.json&basePath=&assetPrefix=&nextConfigOutput=&preferredRegion=&middlewareConfig=e30%3D&isGlobalNotFoundEnabled=!:38:152)
    at (rsc)/./node_modules/next/dist/build/webpack/loaders/next-app-loader/index.js?name=app%2Fapi%2Ftemplates%2F%5Bid%5D%2Fsetup%2Froute&page=%2Fapi%2Ftemplates%2F%5Bid%5D%2Fsetup%2Froute&appPaths=&pagePath=private-next-app-dir%2Fapi%2Ftemplates%2F%5Bid%5D%2Fsetup%2Froute.ts&appDir=%2FUsers%2Fnathanielstoddard%2Fchainreact-app%2Fchainreact-app-9e%2Fapp&pageExtensions=tsx&pageExtensions=ts&pageExtensions=jsx&pageExtensions=js&rootDir=%2FUsers%2Fnathanielstoddard%2Fchainreact-app%2Fchainreact-app-9e&isDev=true&tsconfigPath=tsconfig.json&basePath=&assetPrefix=&nextConfigOutput=&preferredRegion=&middlewareConfig=e30%3D&isGlobalNotFoundEnabled=! (/Users/nathanielstoddard/chainreact-app/chainreact-app-9e/.next/server/app/api/templates/[id]/setup/route.js:77:1)
    at __webpack_require__ (/Users/nathanielstoddard/chainreact-app/chainreact-app-9e/.next/server/webpack-runtime.js:25:43)
[2025-10-15T22:40:58.719Z] [ERROR  ]  [31m[1mâ¨¯[22m[39m Cannot read properties of undefined (reading 'call')
TypeError: Cannot read properties of undefined (reading 'call')
    at __webpack_require__ (/Users/nathanielstoddard/chainreact-app/chainreact-app-9e/.next/server/webpack-runtime.js:25:43)
    at eval (webpack-internal:///(rsc)/./utils/supabase/server.ts:8:71)
    at (rsc)/./utils/supabase/server.ts (/Users/nathanielstoddard/chainreact-app/chainreact-app-9e/.next/server/app/api/templates/[id]/setup/route.js:98:1)
    at __webpack_require__ (/Users/nathanielstoddard/chainreact-app/chainreact-app-9e/.next/server/webpack-runtime.js:25:43)
    at eval (webpack-internal:///(rsc)/./app/api/templates/[id]/setup/route.ts:9:80)
    at (rsc)/./app/api/templates/[id]/setup/route.ts (/Users/nathanielstoddard/chainreact-app/chainreact-app-9e/.next/server/app/api/templates/[id]/setup/route.js:22:1)
    at __webpack_require__ (/Users/nathanielstoddard/chainreact-app/chainreact-app-9e/.next/server/webpack-runtime.js:25:43)
    at eval (webpack-internal:///(rsc)/./node_modules/next/dist/build/webpack/loaders/next-app-loader/index.js?name=app%2Fapi%2Ftemplates%2F%5Bid%5D%2Fsetup%2Froute&page=%2Fapi%2Ftemplates%2F%5Bid%5D%2Fsetup%2Froute&appPaths=&pagePath=private-next-app-dir%2Fapi%2Ftemplates%2F%5Bid%5D%2Fsetup%2Froute.ts&appDir=%2FUsers%2Fnathanielstoddard%2Fchainreact-app%2Fchainreact-app-9e%2Fapp&pageExtensions=tsx&pageExtensions=ts&pageExtensions=jsx&pageExtensions=js&rootDir=%2FUsers%2Fnathanielstoddard%2Fchainreact-app%2Fchainreact-app-9e&isDev=true&tsconfigPath=tsconfig.json&basePath=&assetPrefix=&nextConfigOutput=&preferredRegion=&middlewareConfig=e30%3D&isGlobalNotFoundEnabled=!:38:152)
    at (rsc)/./node_modules/next/dist/build/webpack/loaders/next-app-loader/index.js?name=app%2Fapi%2Ftemplates%2F%5Bid%5D%2Fsetup%2Froute&page=%2Fapi%2Ftemplates%2F%5Bid%5D%2Fsetup%2Froute&appPaths=&pagePath=private-next-app-dir%2Fapi%2Ftemplates%2F%5Bid%5D%2Fsetup%2Froute.ts&appDir=%2FUsers%2Fnathanielstoddard%2Fchainreact-app%2Fchainreact-app-9e%2Fapp&pageExtensions=tsx&pageExtensions=ts&pageExtensions=jsx&pageExtensions=js&rootDir=%2FUsers%2Fnathanielstoddard%2Fchainreact-app%2Fchainreact-app-9e&isDev=true&tsconfigPath=tsconfig.json&basePath=&assetPrefix=&nextConfigOutput=&preferredRegion=&middlewareConfig=e30%3D&isGlobalNotFoundEnabled=! (/Users/nathanielstoddard/chainreact-app/chainreact-app-9e/.next/server/app/api/templates/[id]/setup/route.js:77:1)
    at __webpack_require__ (/Users/nathanielstoddard/chainreact-app/chainreact-app-9e/.next/server/webpack-runtime.js:25:43)
[2025-10-15T22:41:00.361Z] [INFO   ]  [32m[1mâœ“[22m[39m Compiled in 1258ms (6085 modules)
[2025-10-15T22:41:02.082Z] [ERROR  ]  [31m[1mâ¨¯[22m[39m Cannot read properties of undefined (reading 'call')
TypeError: Cannot read properties of undefined (reading 'call')
    at __webpack_require__ (/Users/nathanielstoddard/chainreact-app/chainreact-app-9e/.next/server/webpack-runtime.js:25:43)
    at eval (webpack-internal:///(rsc)/./utils/supabase/server.ts:8:71)
    at (rsc)/./utils/supabase/server.ts (/Users/nathanielstoddard/chainreact-app/chainreact-app-9e/.next/server/app/api/templates/[id]/setup/route.js:98:1)
    at __webpack_require__ (/Users/nathanielstoddard/chainreact-app/chainreact-app-9e/.next/server/webpack-runtime.js:25:43)
    at eval (webpack-internal:///(rsc)/./app/api/templates/[id]/setup/route.ts:9:80)
    at (rsc)/./app/api/templates/[id]/setup/route.ts (/Users/nathanielstoddard/chainreact-app/chainreact-app-9e/.next/server/app/api/templates/[id]/setup/route.js:22:1)
    at __webpack_require__ (/Users/nathanielstoddard/chainreact-app/chainreact-app-9e/.next/server/webpack-runtime.js:25:43)
    at eval (webpack-internal:///(rsc)/./node_modules/next/dist/build/webpack/loaders/next-app-loader/index.js?name=app%2Fapi%2Ftemplates%2F%5Bid%5D%2Fsetup%2Froute&page=%2Fapi%2Ftemplates%2F%5Bid%5D%2Fsetup%2Froute&appPaths=&pagePath=private-next-app-dir%2Fapi%2Ftemplates%2F%5Bid%5D%2Fsetup%2Froute.ts&appDir=%2FUsers%2Fnathanielstoddard%2Fchainreact-app%2Fchainreact-app-9e%2Fapp&pageExtensions=tsx&pageExtensions=ts&pageExtensions=jsx&pageExtensions=js&rootDir=%2FUsers%2Fnathanielstoddard%2Fchainreact-app%2Fchainreact-app-9e&isDev=true&tsconfigPath=tsconfig.json&basePath=&assetPrefix=&nextConfigOutput=&preferredRegion=&middlewareConfig=e30%3D&isGlobalNotFoundEnabled=!:38:152)
    at (rsc)/./node_modules/next/dist/build/webpack/loaders/next-app-loader/index.js?name=app%2Fapi%2Ftemplates%2F%5Bid%5D%2Fsetup%2Froute&page=%2Fapi%2Ftemplates%2F%5Bid%5D%2Fsetup%2Froute&appPaths=&pagePath=private-next-app-dir%2Fapi%2Ftemplates%2F%5Bid%5D%2Fsetup%2Froute.ts&appDir=%2FUsers%2Fnathanielstoddard%2Fchainreact-app%2Fchainreact-app-9e%2Fapp&pageExtensions=tsx&pageExtensions=ts&pageExtensions=jsx&pageExtensions=js&rootDir=%2FUsers%2Fnathanielstoddard%2Fchainreact-app%2Fchainreact-app-9e&isDev=true&tsconfigPath=tsconfig.json&basePath=&assetPrefix=&nextConfigOutput=&preferredRegion=&middlewareConfig=e30%3D&isGlobalNotFoundEnabled=! (/Users/nathanielstoddard/chainreact-app/chainreact-app-9e/.next/server/app/api/templates/[id]/setup/route.js:77:1)
    at __webpack_require__ (/Users/nathanielstoddard/chainreact-app/chainreact-app-9e/.next/server/webpack-runtime.js:25:43)
[2025-10-15T22:41:02.683Z] [ERROR  ]  [31m[1mâ¨¯[22m[39m Cannot read properties of undefined (reading 'call')
TypeError: Cannot read properties of undefined (reading 'call')
    at __webpack_require__ (/Users/nathanielstoddard/chainreact-app/chainreact-app-9e/.next/server/webpack-runtime.js:25:43)
    at eval (webpack-internal:///(rsc)/./utils/supabase/server.ts:8:71)
    at (rsc)/./utils/supabase/server.ts (/Users/nathanielstoddard/chainreact-app/chainreact-app-9e/.next/server/app/api/templates/[id]/setup/route.js:98:1)
    at __webpack_require__ (/Users/nathanielstoddard/chainreact-app/chainreact-app-9e/.next/server/webpack-runtime.js:25:43)
    at eval (webpack-internal:///(rsc)/./app/api/templates/[id]/setup/route.ts:9:80)
    at (rsc)/./app/api/templates/[id]/setup/route.ts (/Users/nathanielstoddard/chainreact-app/chainreact-app-9e/.next/server/app/api/templates/[id]/setup/route.js:22:1)
    at __webpack_require__ (/Users/nathanielstoddard/chainreact-app/chainreact-app-9e/.next/server/webpack-runtime.js:25:43)
    at eval (webpack-internal:///(rsc)/./node_modules/next/dist/build/webpack/loaders/next-app-loader/index.js?name=app%2Fapi%2Ftemplates%2F%5Bid%5D%2Fsetup%2Froute&page=%2Fapi%2Ftemplates%2F%5Bid%5D%2Fsetup%2Froute&appPaths=&pagePath=private-next-app-dir%2Fapi%2Ftemplates%2F%5Bid%5D%2Fsetup%2Froute.ts&appDir=%2FUsers%2Fnathanielstoddard%2Fchainreact-app%2Fchainreact-app-9e%2Fapp&pageExtensions=tsx&pageExtensions=ts&pageExtensions=jsx&pageExtensions=js&rootDir=%2FUsers%2Fnathanielstoddard%2Fchainreact-app%2Fchainreact-app-9e&isDev=true&tsconfigPath=tsconfig.json&basePath=&assetPrefix=&nextConfigOutput=&preferredRegion=&middlewareConfig=e30%3D&isGlobalNotFoundEnabled=!:38:152)
    at (rsc)/./node_modules/next/dist/build/webpack/loaders/next-app-loader/index.js?name=app%2Fapi%2Ftemplates%2F%5Bid%5D%2Fsetup%2Froute&page=%2Fapi%2Ftemplates%2F%5Bid%5D%2Fsetup%2Froute&appPaths=&pagePath=private-next-app-dir%2Fapi%2Ftemplates%2F%5Bid%5D%2Fsetup%2Froute.ts&appDir=%2FUsers%2Fnathanielstoddard%2Fchainreact-app%2Fchainreact-app-9e%2Fapp&pageExtensions=tsx&pageExtensions=ts&pageExtensions=jsx&pageExtensions=js&rootDir=%2FUsers%2Fnathanielstoddard%2Fchainreact-app%2Fchainreact-app-9e&isDev=true&tsconfigPath=tsconfig.json&basePath=&assetPrefix=&nextConfigOutput=&preferredRegion=&middlewareConfig=e30%3D&isGlobalNotFoundEnabled=! (/Users/nathanielstoddard/chainreact-app/chainreact-app-9e/.next/server/app/api/templates/[id]/setup/route.js:77:1)
    at __webpack_require__ (/Users/nathanielstoddard/chainreact-app/chainreact-app-9e/.next/server/webpack-runtime.js:25:43)
[2025-10-15T23:11:36.132Z] [WARN   ]  [33m[1mâš [22m[39m Fast Refresh had to perform a full reload due to a runtime error.
[2025-10-15T23:11:37.814Z] [INFO   ]  [32m[1mâœ“[22m[39m Compiled in 4s (6075 modules)
[2025-10-15T23:11:38.217Z] [INFO   ]  [32m[1mâœ“[22m[39m Compiled in 0ms (4344 modules)
[2025-10-15T23:11:38.586Z] [INFO   ]  [32m[1mâœ“[22m[39m Compiled in 0ms (4344 modules)
[2025-10-15T23:11:38.947Z] [INFO   ]  [32m[1mâœ“[22m[39m Compiled in 1ms (4344 modules)
[2025-10-15T23:13:32.519Z] [INFO   ]  [32m[1mâœ“[22m[39m Compiled in 4.4s (6052 modules)
[2025-10-15T23:13:34.862Z] [INFO   ]  [37m[1mâ—‹[22m[39m Compiling /api/collaboration/join ...
[2025-10-15T23:13:38.144Z] [INFO   ]  [32m[1mâœ“[22m[39m Compiled /api/templates/[id]/setup in 4.2s (6076 modules)
[2025-10-15T23:13:39.248Z] [ERROR  ]  [31m[1mâ¨¯[22m[39m Cannot read properties of undefined (reading 'call')
TypeError: Cannot read properties of undefined (reading 'call')
    at __webpack_require__ (/Users/nathanielstoddard/chainreact-app/chainreact-app-9e/.next/server/webpack-runtime.js:25:43)
    at eval (webpack-internal:///(rsc)/./utils/supabase/server.ts:8:71)
    at (rsc)/./utils/supabase/server.ts (/Users/nathanielstoddard/chainreact-app/chainreact-app-9e/.next/server/app/api/templates/[id]/setup/route.js:98:1)
    at __webpack_require__ (/Users/nathanielstoddard/chainreact-app/chainreact-app-9e/.next/server/webpack-runtime.js:25:43)
    at eval (webpack-internal:///(rsc)/./app/api/templates/[id]/setup/route.ts:9:80)
    at (rsc)/./app/api/templates/[id]/setup/route.ts (/Users/nathanielstoddard/chainreact-app/chainreact-app-9e/.next/server/app/api/templates/[id]/setup/route.js:22:1)
    at __webpack_require__ (/Users/nathanielstoddard/chainreact-app/chainreact-app-9e/.next/server/webpack-runtime.js:25:43)
    at eval (webpack-internal:///(rsc)/./node_modules/next/dist/build/webpack/loaders/next-app-loader/index.js?name=app%2Fapi%2Ftemplates%2F%5Bid%5D%2Fsetup%2Froute&page=%2Fapi%2Ftemplates%2F%5Bid%5D%2Fsetup%2Froute&appPaths=&pagePath=private-next-app-dir%2Fapi%2Ftemplates%2F%5Bid%5D%2Fsetup%2Froute.ts&appDir=%2FUsers%2Fnathanielstoddard%2Fchainreact-app%2Fchainreact-app-9e%2Fapp&pageExtensions=tsx&pageExtensions=ts&pageExtensions=jsx&pageExtensions=js&rootDir=%2FUsers%2Fnathanielstoddard%2Fchainreact-app%2Fchainreact-app-9e&isDev=true&tsconfigPath=tsconfig.json&basePath=&assetPrefix=&nextConfigOutput=&preferredRegion=&middlewareConfig=e30%3D&isGlobalNotFoundEnabled=!:38:152)
    at (rsc)/./node_modules/next/dist/build/webpack/loaders/next-app-loader/index.js?name=app%2Fapi%2Ftemplates%2F%5Bid%5D%2Fsetup%2Froute&page=%2Fapi%2Ftemplates%2F%5Bid%5D%2Fsetup%2Froute&appPaths=&pagePath=private-next-app-dir%2Fapi%2Ftemplates%2F%5Bid%5D%2Fsetup%2Froute.ts&appDir=%2FUsers%2Fnathanielstoddard%2Fchainreact-app%2Fchainreact-app-9e%2Fapp&pageExtensions=tsx&pageExtensions=ts&pageExtensions=jsx&pageExtensions=js&rootDir=%2FUsers%2Fnathanielstoddard%2Fchainreact-app%2Fchainreact-app-9e&isDev=true&tsconfigPath=tsconfig.json&basePath=&assetPrefix=&nextConfigOutput=&preferredRegion=&middlewareConfig=e30%3D&isGlobalNotFoundEnabled=! (/Users/nathanielstoddard/chainreact-app/chainreact-app-9e/.next/server/app/api/templates/[id]/setup/route.js:77:1)
    at __webpack_require__ (/Users/nathanielstoddard/chainreact-app/chainreact-app-9e/.next/server/webpack-runtime.js:25:43)
[2025-10-15T23:13:39.873Z] [ERROR  ]  [31m[1mâ¨¯[22m[39m Cannot read properties of undefined (reading 'call')
TypeError: Cannot read properties of undefined (reading 'call')
    at __webpack_require__ (/Users/nathanielstoddard/chainreact-app/chainreact-app-9e/.next/server/webpack-runtime.js:25:43)
    at eval (webpack-internal:///(rsc)/./utils/supabase/server.ts:8:71)
    at (rsc)/./utils/supabase/server.ts (/Users/nathanielstoddard/chainreact-app/chainreact-app-9e/.next/server/app/api/templates/[id]/setup/route.js:98:1)
    at __webpack_require__ (/Users/nathanielstoddard/chainreact-app/chainreact-app-9e/.next/server/webpack-runtime.js:25:43)
    at eval (webpack-internal:///(rsc)/./app/api/templates/[id]/setup/route.ts:9:80)
    at (rsc)/./app/api/templates/[id]/setup/route.ts (/Users/nathanielstoddard/chainreact-app/chainreact-app-9e/.next/server/app/api/templates/[id]/setup/route.js:22:1)
    at __webpack_require__ (/Users/nathanielstoddard/chainreact-app/chainreact-app-9e/.next/server/webpack-runtime.js:25:43)
    at eval (webpack-internal:///(rsc)/./node_modules/next/dist/build/webpack/loaders/next-app-loader/index.js?name=app%2Fapi%2Ftemplates%2F%5Bid%5D%2Fsetup%2Froute&page=%2Fapi%2Ftemplates%2F%5Bid%5D%2Fsetup%2Froute&appPaths=&pagePath=private-next-app-dir%2Fapi%2Ftemplates%2F%5Bid%5D%2Fsetup%2Froute.ts&appDir=%2FUsers%2Fnathanielstoddard%2Fchainreact-app%2Fchainreact-app-9e%2Fapp&pageExtensions=tsx&pageExtensions=ts&pageExtensions=jsx&pageExtensions=js&rootDir=%2FUsers%2Fnathanielstoddard%2Fchainreact-app%2Fchainreact-app-9e&isDev=true&tsconfigPath=tsconfig.json&basePath=&assetPrefix=&nextConfigOutput=&preferredRegion=&middlewareConfig=e30%3D&isGlobalNotFoundEnabled=!:38:152)
    at (rsc)/./node_modules/next/dist/build/webpack/loaders/next-app-loader/index.js?name=app%2Fapi%2Ftemplates%2F%5Bid%5D%2Fsetup%2Froute&page=%2Fapi%2Ftemplates%2F%5Bid%5D%2Fsetup%2Froute&appPaths=&pagePath=private-next-app-dir%2Fapi%2Ftemplates%2F%5Bid%5D%2Fsetup%2Froute.ts&appDir=%2FUsers%2Fnathanielstoddard%2Fchainreact-app%2Fchainreact-app-9e%2Fapp&pageExtensions=tsx&pageExtensions=ts&pageExtensions=jsx&pageExtensions=js&rootDir=%2FUsers%2Fnathanielstoddard%2Fchainreact-app%2Fchainreact-app-9e&isDev=true&tsconfigPath=tsconfig.json&basePath=&assetPrefix=&nextConfigOutput=&preferredRegion=&middlewareConfig=e30%3D&isGlobalNotFoundEnabled=! (/Users/nathanielstoddard/chainreact-app/chainreact-app-9e/.next/server/app/api/templates/[id]/setup/route.js:77:1)
    at __webpack_require__ (/Users/nathanielstoddard/chainreact-app/chainreact-app-9e/.next/server/webpack-runtime.js:25:43)
[2025-10-15T23:13:40.491Z] [ERROR  ]  [31m[1mâ¨¯[22m[39m Cannot read properties of undefined (reading 'call')
TypeError: Cannot read properties of undefined (reading 'call')
    at __webpack_require__ (/Users/nathanielstoddard/chainreact-app/chainreact-app-9e/.next/server/webpack-runtime.js:25:43)
    at eval (webpack-internal:///(rsc)/./utils/supabase/server.ts:8:71)
    at (rsc)/./utils/supabase/server.ts (/Users/nathanielstoddard/chainreact-app/chainreact-app-9e/.next/server/app/api/templates/[id]/setup/route.js:98:1)
    at __webpack_require__ (/Users/nathanielstoddard/chainreact-app/chainreact-app-9e/.next/server/webpack-runtime.js:25:43)
    at eval (webpack-internal:///(rsc)/./app/api/templates/[id]/setup/route.ts:9:80)
    at (rsc)/./app/api/templates/[id]/setup/route.ts (/Users/nathanielstoddard/chainreact-app/chainreact-app-9e/.next/server/app/api/templates/[id]/setup/route.js:22:1)
    at __webpack_require__ (/Users/nathanielstoddard/chainreact-app/chainreact-app-9e/.next/server/webpack-runtime.js:25:43)
    at eval (webpack-internal:///(rsc)/./node_modules/next/dist/build/webpack/loaders/next-app-loader/index.js?name=app%2Fapi%2Ftemplates%2F%5Bid%5D%2Fsetup%2Froute&page=%2Fapi%2Ftemplates%2F%5Bid%5D%2Fsetup%2Froute&appPaths=&pagePath=private-next-app-dir%2Fapi%2Ftemplates%2F%5Bid%5D%2Fsetup%2Froute.ts&appDir=%2FUsers%2Fnathanielstoddard%2Fchainreact-app%2Fchainreact-app-9e%2Fapp&pageExtensions=tsx&pageExtensions=ts&pageExtensions=jsx&pageExtensions=js&rootDir=%2FUsers%2Fnathanielstoddard%2Fchainreact-app%2Fchainreact-app-9e&isDev=true&tsconfigPath=tsconfig.json&basePath=&assetPrefix=&nextConfigOutput=&preferredRegion=&middlewareConfig=e30%3D&isGlobalNotFoundEnabled=!:38:152)
    at (rsc)/./node_modules/next/dist/build/webpack/loaders/next-app-loader/index.js?name=app%2Fapi%2Ftemplates%2F%5Bid%5D%2Fsetup%2Froute&page=%2Fapi%2Ftemplates%2F%5Bid%5D%2Fsetup%2Froute&appPaths=&pagePath=private-next-app-dir%2Fapi%2Ftemplates%2F%5Bid%5D%2Fsetup%2Froute.ts&appDir=%2FUsers%2Fnathanielstoddard%2Fchainreact-app%2Fchainreact-app-9e%2Fapp&pageExtensions=tsx&pageExtensions=ts&pageExtensions=jsx&pageExtensions=js&rootDir=%2FUsers%2Fnathanielstoddard%2Fchainreact-app%2Fchainreact-app-9e&isDev=true&tsconfigPath=tsconfig.json&basePath=&assetPrefix=&nextConfigOutput=&preferredRegion=&middlewareConfig=e30%3D&isGlobalNotFoundEnabled=! (/Users/nathanielstoddard/chainreact-app/chainreact-app-9e/.next/server/app/api/templates/[id]/setup/route.js:77:1)
    at __webpack_require__ (/Users/nathanielstoddard/chainreact-app/chainreact-app-9e/.next/server/webpack-runtime.js:25:43)
[2025-10-15T23:13:41.016Z] [ERROR  ]  [31m[1mâ¨¯[22m[39m Cannot read properties of undefined (reading 'call')
TypeError: Cannot read properties of undefined (reading 'call')
    at __webpack_require__ (/Users/nathanielstoddard/chainreact-app/chainreact-app-9e/.next/server/webpack-runtime.js:25:43)
    at eval (webpack-internal:///(rsc)/./utils/supabase/server.ts:8:71)
    at (rsc)/./utils/supabase/server.ts (/Users/nathanielstoddard/chainreact-app/chainreact-app-9e/.next/server/app/api/templates/[id]/setup/route.js:98:1)
    at __webpack_require__ (/Users/nathanielstoddard/chainreact-app/chainreact-app-9e/.next/server/webpack-runtime.js:25:43)
    at eval (webpack-internal:///(rsc)/./app/api/templates/[id]/setup/route.ts:9:80)
    at (rsc)/./app/api/templates/[id]/setup/route.ts (/Users/nathanielstoddard/chainreact-app/chainreact-app-9e/.next/server/app/api/templates/[id]/setup/route.js:22:1)
    at __webpack_require__ (/Users/nathanielstoddard/chainreact-app/chainreact-app-9e/.next/server/webpack-runtime.js:25:43)
    at eval (webpack-internal:///(rsc)/./node_modules/next/dist/build/webpack/loaders/next-app-loader/index.js?name=app%2Fapi%2Ftemplates%2F%5Bid%5D%2Fsetup%2Froute&page=%2Fapi%2Ftemplates%2F%5Bid%5D%2Fsetup%2Froute&appPaths=&pagePath=private-next-app-dir%2Fapi%2Ftemplates%2F%5Bid%5D%2Fsetup%2Froute.ts&appDir=%2FUsers%2Fnathanielstoddard%2Fchainreact-app%2Fchainreact-app-9e%2Fapp&pageExtensions=tsx&pageExtensions=ts&pageExtensions=jsx&pageExtensions=js&rootDir=%2FUsers%2Fnathanielstoddard%2Fchainreact-app%2Fchainreact-app-9e&isDev=true&tsconfigPath=tsconfig.json&basePath=&assetPrefix=&nextConfigOutput=&preferredRegion=&middlewareConfig=e30%3D&isGlobalNotFoundEnabled=!:38:152)
    at (rsc)/./node_modules/next/dist/build/webpack/loaders/next-app-loader/index.js?name=app%2Fapi%2Ftemplates%2F%5Bid%5D%2Fsetup%2Froute&page=%2Fapi%2Ftemplates%2F%5Bid%5D%2Fsetup%2Froute&appPaths=&pagePath=private-next-app-dir%2Fapi%2Ftemplates%2F%5Bid%5D%2Fsetup%2Froute.ts&appDir=%2FUsers%2Fnathanielstoddard%2Fchainreact-app%2Fchainreact-app-9e%2Fapp&pageExtensions=tsx&pageExtensions=ts&pageExtensions=jsx&pageExtensions=js&rootDir=%2FUsers%2Fnathanielstoddard%2Fchainreact-app%2Fchainreact-app-9e&isDev=true&tsconfigPath=tsconfig.json&basePath=&assetPrefix=&nextConfigOutput=&preferredRegion=&middlewareConfig=e30%3D&isGlobalNotFoundEnabled=! (/Users/nathanielstoddard/chainreact-app/chainreact-app-9e/.next/server/app/api/templates/[id]/setup/route.js:77:1)
    at __webpack_require__ (/Users/nathanielstoddard/chainreact-app/chainreact-app-9e/.next/server/webpack-runtime.js:25:43)
[2025-10-15T23:13:46.855Z] [WARN   ]  [33m[1mâš [22m[39m Fast Refresh had to perform a full reload due to a runtime error.
[2025-10-15T23:13:47.242Z] [INFO   ]  [32m[1mâœ“[22m[39m Compiled in 1107ms (6076 modules)
[2025-10-15T23:13:51.520Z] [INFO   ]  [37m[1mâ—‹[22m[39m Compiling /api/auth/profile ...
[2025-10-15T23:13:52.352Z] [INFO   ]  [32m[1mâœ“[22m[39m Compiled /api/auth/profile in 1810ms (4348 modules)
[2025-10-15T23:13:53.137Z] [INFO   ]  [32m[1mâœ“[22m[39m Compiled /api/presence/count in 484ms (4350 modules)
[2025-10-15T23:13:56.921Z] [INFO   ]  [32m[1mâœ“[22m[39m Compiled /api/integrations in 392ms (4352 modules)
[2025-10-15T23:13:58.745Z] [INFO   ]  [32m[1mâœ“[22m[39m Compiled in 1133ms (6083 modules)
[2025-10-15T23:14:00.418Z] [ERROR  ]  [31m[1mâ¨¯[22m[39m Cannot read properties of undefined (reading 'call')
TypeError: Cannot read properties of undefined (reading 'call')
    at __webpack_require__ (/Users/nathanielstoddard/chainreact-app/chainreact-app-9e/.next/server/webpack-runtime.js:25:43)
    at eval (webpack-internal:///(rsc)/./utils/supabase/server.ts:8:71)
    at (rsc)/./utils/supabase/server.ts (/Users/nathanielstoddard/chainreact-app/chainreact-app-9e/.next/server/app/api/templates/[id]/setup/route.js:98:1)
    at __webpack_require__ (/Users/nathanielstoddard/chainreact-app/chainreact-app-9e/.next/server/webpack-runtime.js:25:43)
    at eval (webpack-internal:///(rsc)/./app/api/templates/[id]/setup/route.ts:9:80)
    at (rsc)/./app/api/templates/[id]/setup/route.ts (/Users/nathanielstoddard/chainreact-app/chainreact-app-9e/.next/server/app/api/templates/[id]/setup/route.js:22:1)
    at __webpack_require__ (/Users/nathanielstoddard/chainreact-app/chainreact-app-9e/.next/server/webpack-runtime.js:25:43)
    at eval (webpack-internal:///(rsc)/./node_modules/next/dist/build/webpack/loaders/next-app-loader/index.js?name=app%2Fapi%2Ftemplates%2F%5Bid%5D%2Fsetup%2Froute&page=%2Fapi%2Ftemplates%2F%5Bid%5D%2Fsetup%2Froute&appPaths=&pagePath=private-next-app-dir%2Fapi%2Ftemplates%2F%5Bid%5D%2Fsetup%2Froute.ts&appDir=%2FUsers%2Fnathanielstoddard%2Fchainreact-app%2Fchainreact-app-9e%2Fapp&pageExtensions=tsx&pageExtensions=ts&pageExtensions=jsx&pageExtensions=js&rootDir=%2FUsers%2Fnathanielstoddard%2Fchainreact-app%2Fchainreact-app-9e&isDev=true&tsconfigPath=tsconfig.json&basePath=&assetPrefix=&nextConfigOutput=&preferredRegion=&middlewareConfig=e30%3D&isGlobalNotFoundEnabled=!:38:152)
    at (rsc)/./node_modules/next/dist/build/webpack/loaders/next-app-loader/index.js?name=app%2Fapi%2Ftemplates%2F%5Bid%5D%2Fsetup%2Froute&page=%2Fapi%2Ftemplates%2F%5Bid%5D%2Fsetup%2Froute&appPaths=&pagePath=private-next-app-dir%2Fapi%2Ftemplates%2F%5Bid%5D%2Fsetup%2Froute.ts&appDir=%2FUsers%2Fnathanielstoddard%2Fchainreact-app%2Fchainreact-app-9e%2Fapp&pageExtensions=tsx&pageExtensions=ts&pageExtensions=jsx&pageExtensions=js&rootDir=%2FUsers%2Fnathanielstoddard%2Fchainreact-app%2Fchainreact-app-9e&isDev=true&tsconfigPath=tsconfig.json&basePath=&assetPrefix=&nextConfigOutput=&preferredRegion=&middlewareConfig=e30%3D&isGlobalNotFoundEnabled=! (/Users/nathanielstoddard/chainreact-app/chainreact-app-9e/.next/server/app/api/templates/[id]/setup/route.js:77:1)
    at __webpack_require__ (/Users/nathanielstoddard/chainreact-app/chainreact-app-9e/.next/server/webpack-runtime.js:25:43)
[2025-10-15T23:14:00.977Z] [ERROR  ]  [31m[1mâ¨¯[22m[39m Cannot read properties of undefined (reading 'call')
TypeError: Cannot read properties of undefined (reading 'call')
    at __webpack_require__ (/Users/nathanielstoddard/chainreact-app/chainreact-app-9e/.next/server/webpack-runtime.js:25:43)
    at eval (webpack-internal:///(rsc)/./utils/supabase/server.ts:8:71)
    at (rsc)/./utils/supabase/server.ts (/Users/nathanielstoddard/chainreact-app/chainreact-app-9e/.next/server/app/api/templates/[id]/setup/route.js:98:1)
    at __webpack_require__ (/Users/nathanielstoddard/chainreact-app/chainreact-app-9e/.next/server/webpack-runtime.js:25:43)
    at eval (webpack-internal:///(rsc)/./app/api/templates/[id]/setup/route.ts:9:80)
    at (rsc)/./app/api/templates/[id]/setup/route.ts (/Users/nathanielstoddard/chainreact-app/chainreact-app-9e/.next/server/app/api/templates/[id]/setup/route.js:22:1)
    at __webpack_require__ (/Users/nathanielstoddard/chainreact-app/chainreact-app-9e/.next/server/webpack-runtime.js:25:43)
    at eval (webpack-internal:///(rsc)/./node_modules/next/dist/build/webpack/loaders/next-app-loader/index.js?name=app%2Fapi%2Ftemplates%2F%5Bid%5D%2Fsetup%2Froute&page=%2Fapi%2Ftemplates%2F%5Bid%5D%2Fsetup%2Froute&appPaths=&pagePath=private-next-app-dir%2Fapi%2Ftemplates%2F%5Bid%5D%2Fsetup%2Froute.ts&appDir=%2FUsers%2Fnathanielstoddard%2Fchainreact-app%2Fchainreact-app-9e%2Fapp&pageExtensions=tsx&pageExtensions=ts&pageExtensions=jsx&pageExtensions=js&rootDir=%2FUsers%2Fnathanielstoddard%2Fchainreact-app%2Fchainreact-app-9e&isDev=true&tsconfigPath=tsconfig.json&basePath=&assetPrefix=&nextConfigOutput=&preferredRegion=&middlewareConfig=e30%3D&isGlobalNotFoundEnabled=!:38:152)
    at (rsc)/./node_modules/next/dist/build/webpack/loaders/next-app-loader/index.js?name=app%2Fapi%2Ftemplates%2F%5Bid%5D%2Fsetup%2Froute&page=%2Fapi%2Ftemplates%2F%5Bid%5D%2Fsetup%2Froute&appPaths=&pagePath=private-next-app-dir%2Fapi%2Ftemplates%2F%5Bid%5D%2Fsetup%2Froute.ts&appDir=%2FUsers%2Fnathanielstoddard%2Fchainreact-app%2Fchainreact-app-9e%2Fapp&pageExtensions=tsx&pageExtensions=ts&pageExtensions=jsx&pageExtensions=js&rootDir=%2FUsers%2Fnathanielstoddard%2Fchainreact-app%2Fchainreact-app-9e&isDev=true&tsconfigPath=tsconfig.json&basePath=&assetPrefix=&nextConfigOutput=&preferredRegion=&middlewareConfig=e30%3D&isGlobalNotFoundEnabled=! (/Users/nathanielstoddard/chainreact-app/chainreact-app-9e/.next/server/app/api/templates/[id]/setup/route.js:77:1)
    at __webpack_require__ (/Users/nathanielstoddard/chainreact-app/chainreact-app-9e/.next/server/webpack-runtime.js:25:43)
[2025-10-15T23:14:07.356Z] [INFO   ]  [32m[1mâœ“[22m[39m Compiled in 1163ms (6083 modules)
[2025-10-15T23:14:08.883Z] [INFO   ]  [37m[1mâ—‹[22m[39m Compiling /api/collaboration/leave ...
[2025-10-15T23:14:10.677Z] [INFO   ]  [32m[1mâœ“[22m[39m Compiled /api/collaboration/leave in 2.4s (4354 modules)
[2025-10-15T23:14:12.629Z] [ERROR  ]  [31m[1mâ¨¯[22m[39m Cannot read properties of undefined (reading 'call')
TypeError: Cannot read properties of undefined (reading 'call')
    at __webpack_require__ (/Users/nathanielstoddard/chainreact-app/chainreact-app-9e/.next/server/webpack-runtime.js:25:43)
    at eval (webpack-internal:///(rsc)/./utils/supabase/server.ts:8:71)
    at (rsc)/./utils/supabase/server.ts (/Users/nathanielstoddard/chainreact-app/chainreact-app-9e/.next/server/app/api/templates/[id]/setup/route.js:98:1)
    at __webpack_require__ (/Users/nathanielstoddard/chainreact-app/chainreact-app-9e/.next/server/webpack-runtime.js:25:43)
    at eval (webpack-internal:///(rsc)/./app/api/templates/[id]/setup/route.ts:9:80)
    at (rsc)/./app/api/templates/[id]/setup/route.ts (/Users/nathanielstoddard/chainreact-app/chainreact-app-9e/.next/server/app/api/templates/[id]/setup/route.js:22:1)
    at __webpack_require__ (/Users/nathanielstoddard/chainreact-app/chainreact-app-9e/.next/server/webpack-runtime.js:25:43)
    at eval (webpack-internal:///(rsc)/./node_modules/next/dist/build/webpack/loaders/next-app-loader/index.js?name=app%2Fapi%2Ftemplates%2F%5Bid%5D%2Fsetup%2Froute&page=%2Fapi%2Ftemplates%2F%5Bid%5D%2Fsetup%2Froute&appPaths=&pagePath=private-next-app-dir%2Fapi%2Ftemplates%2F%5Bid%5D%2Fsetup%2Froute.ts&appDir=%2FUsers%2Fnathanielstoddard%2Fchainreact-app%2Fchainreact-app-9e%2Fapp&pageExtensions=tsx&pageExtensions=ts&pageExtensions=jsx&pageExtensions=js&rootDir=%2FUsers%2Fnathanielstoddard%2Fchainreact-app%2Fchainreact-app-9e&isDev=true&tsconfigPath=tsconfig.json&basePath=&assetPrefix=&nextConfigOutput=&preferredRegion=&middlewareConfig=e30%3D&isGlobalNotFoundEnabled=!:38:152)
    at (rsc)/./node_modules/next/dist/build/webpack/loaders/next-app-loader/index.js?name=app%2Fapi%2Ftemplates%2F%5Bid%5D%2Fsetup%2Froute&page=%2Fapi%2Ftemplates%2F%5Bid%5D%2Fsetup%2Froute&appPaths=&pagePath=private-next-app-dir%2Fapi%2Ftemplates%2F%5Bid%5D%2Fsetup%2Froute.ts&appDir=%2FUsers%2Fnathanielstoddard%2Fchainreact-app%2Fchainreact-app-9e%2Fapp&pageExtensions=tsx&pageExtensions=ts&pageExtensions=jsx&pageExtensions=js&rootDir=%2FUsers%2Fnathanielstoddard%2Fchainreact-app%2Fchainreact-app-9e&isDev=true&tsconfigPath=tsconfig.json&basePath=&assetPrefix=&nextConfigOutput=&preferredRegion=&middlewareConfig=e30%3D&isGlobalNotFoundEnabled=! (/Users/nathanielstoddard/chainreact-app/chainreact-app-9e/.next/server/app/api/templates/[id]/setup/route.js:77:1)
    at __webpack_require__ (/Users/nathanielstoddard/chainreact-app/chainreact-app-9e/.next/server/webpack-runtime.js:25:43)
[2025-10-15T23:14:13.471Z] [ERROR  ]  [31m[1mâ¨¯[22m[39m Cannot read properties of undefined (reading 'call')
TypeError: Cannot read properties of undefined (reading 'call')
    at __webpack_require__ (/Users/nathanielstoddard/chainreact-app/chainreact-app-9e/.next/server/webpack-runtime.js:25:43)
    at eval (webpack-internal:///(rsc)/./utils/supabase/server.ts:8:71)
    at (rsc)/./utils/supabase/server.ts (/Users/nathanielstoddard/chainreact-app/chainreact-app-9e/.next/server/app/api/templates/[id]/setup/route.js:98:1)
    at __webpack_require__ (/Users/nathanielstoddard/chainreact-app/chainreact-app-9e/.next/server/webpack-runtime.js:25:43)
    at eval (webpack-internal:///(rsc)/./app/api/templates/[id]/setup/route.ts:9:80)
    at (rsc)/./app/api/templates/[id]/setup/route.ts (/Users/nathanielstoddard/chainreact-app/chainreact-app-9e/.next/server/app/api/templates/[id]/setup/route.js:22:1)
    at __webpack_require__ (/Users/nathanielstoddard/chainreact-app/chainreact-app-9e/.next/server/webpack-runtime.js:25:43)
    at eval (webpack-internal:///(rsc)/./node_modules/next/dist/build/webpack/loaders/next-app-loader/index.js?name=app%2Fapi%2Ftemplates%2F%5Bid%5D%2Fsetup%2Froute&page=%2Fapi%2Ftemplates%2F%5Bid%5D%2Fsetup%2Froute&appPaths=&pagePath=private-next-app-dir%2Fapi%2Ftemplates%2F%5Bid%5D%2Fsetup%2Froute.ts&appDir=%2FUsers%2Fnathanielstoddard%2Fchainreact-app%2Fchainreact-app-9e%2Fapp&pageExtensions=tsx&pageExtensions=ts&pageExtensions=jsx&pageExtensions=js&rootDir=%2FUsers%2Fnathanielstoddard%2Fchainreact-app%2Fchainreact-app-9e&isDev=true&tsconfigPath=tsconfig.json&basePath=&assetPrefix=&nextConfigOutput=&preferredRegion=&middlewareConfig=e30%3D&isGlobalNotFoundEnabled=!:38:152)
    at (rsc)/./node_modules/next/dist/build/webpack/loaders/next-app-loader/index.js?name=app%2Fapi%2Ftemplates%2F%5Bid%5D%2Fsetup%2Froute&page=%2Fapi%2Ftemplates%2F%5Bid%5D%2Fsetup%2Froute&appPaths=&pagePath=private-next-app-dir%2Fapi%2Ftemplates%2F%5Bid%5D%2Fsetup%2Froute.ts&appDir=%2FUsers%2Fnathanielstoddard%2Fchainreact-app%2Fchainreact-app-9e%2Fapp&pageExtensions=tsx&pageExtensions=ts&pageExtensions=jsx&pageExtensions=js&rootDir=%2FUsers%2Fnathanielstoddard%2Fchainreact-app%2Fchainreact-app-9e&isDev=true&tsconfigPath=tsconfig.json&basePath=&assetPrefix=&nextConfigOutput=&preferredRegion=&middlewareConfig=e30%3D&isGlobalNotFoundEnabled=! (/Users/nathanielstoddard/chainreact-app/chainreact-app-9e/.next/server/app/api/templates/[id]/setup/route.js:77:1)
    at __webpack_require__ (/Users/nathanielstoddard/chainreact-app/chainreact-app-9e/.next/server/webpack-runtime.js:25:43)
[2025-10-15T23:14:14.101Z] [WARN   ]  [33m[1mâš [22m[39m Fast Refresh had to perform a full reload due to a runtime error.
[2025-10-15T23:14:14.719Z] [INFO   ]  [32m[1mâœ“[22m[39m Compiled in 1435ms (6071 modules)

=== Log Session Ended: 2025-10-15T23:15:06.566Z ===
