=== Log Session Started: 2025-10-20T12:30:53.850Z ===
Node Version: v23.7.0
Platform: darwin
Working Directory: /Users/nathanielstoddard/chainreact-app/chainreact-app-9e
================================================================================

[2025-10-20T12:30:53.850Z] [INFO   ] File logging initialized
[2025-10-20T12:30:53.850Z] [INFO   ] Log file: /Users/nathanielstoddard/chainreact-app/chainreact-app-9e/logs/workflow_2025-10-20_07-30-53.log
[2025-10-20T12:30:53.855Z] [INFO   ] Deleted old log file: workflow_2025-10-13_07-30-35.log
[2025-10-20T12:30:53.857Z] [INFO   ] Deleted old log file: workflow_2025-10-12_21-21-36.log
[2025-10-20T12:30:53.858Z] [INFO   ] 📁 File logging enabled
[2025-10-20T12:30:53.858Z] [INFO   ] 📝 Logs will be written to: /Users/nathanielstoddard/chainreact-app/chainreact-app-9e/logs/workflow_2025-10-20_07-30-53.log
[2025-10-20T12:30:53.858Z] [INFO   ] 💡 To view logs in real-time: tail -f /Users/nathanielstoddard/chainreact-app/chainreact-app-9e/logs/workflow_2025-10-20_07-30-53.log
[2025-10-20T12:30:53.858Z] [INFO   ] 💡 To view all logs: cat /Users/nathanielstoddard/chainreact-app/chainreact-app-9e/logs/workflow_2025-10-20_07-30-53.log
[2025-10-20T12:30:53.858Z] [INFO   ] 💡 To share logs: Copy the file at /Users/nathanielstoddard/chainreact-app/chainreact-app-9e/logs/workflow_2025-10-20_07-30-53.log
[2025-10-20T12:30:53.858Z] [INFO   ] --------------------------------------------------------------------------------
[2025-10-20T12:30:53.858Z] [DEBUG  ] 📁 File logging system initialized
[2025-10-20T12:30:53.870Z] [INFO   ]  [32m[1m✓[22m[39m Ready in 2.6s
[2025-10-20T12:30:54.911Z] [INFO   ] 2025-10-20T12:30:54.911Z [DEBUG] 🤖 Discord bot configured, initializing gateway connection in background...
[2025-10-20T12:30:56.522Z] [INFO   ] 2025-10-20T12:30:56.522Z [DEBUG] Initializing Discord Gateway connection (singleton)...
[2025-10-20T12:30:56.522Z] [INFO   ] 2025-10-20T12:30:56.522Z [DEBUG] 🔑 Discord bot token loaded
[2025-10-20T12:30:56.908Z] [INFO   ] 2025-10-20T12:30:56.908Z [DEBUG] Discord Gateway initialization complete
[2025-10-20T12:30:56.910Z] [INFO   ] 2025-10-20T12:30:56.910Z [DEBUG] ✅ Discord bot gateway connection initialized
[2025-10-20T12:30:57.142Z] [INFO   ] 2025-10-20T12:30:57.142Z [DEBUG] Discord Gateway WebSocket connection established
[2025-10-20T12:30:57.142Z] [INFO   ] 2025-10-20T12:30:57.142Z [DEBUG] 🔑 Sending identify with intents: {"GUILDS":true,"GUILD_MEMBERS":true,"GUILD_INVITES":true,"GUILD_MESSAGES":true,"MESSAGE_CONTENT":true,"intentsValue":33347}
[2025-10-20T12:30:57.313Z] [INFO   ] 2025-10-20T12:30:57.313Z [DEBUG] 🎉 Discord bot ready! {"sessionId":"5fb6f38ef8d0a4aa7785d7b527f18696","username":"ChainReact-Bot","userId":"1378595955212812308","guildCount":2}
[2025-10-20T12:30:57.313Z] [INFO   ] 2025-10-20T12:30:57.313Z [DEBUG] 📋 Initializing invite cache...
[2025-10-20T12:30:57.314Z] [INFO   ] 2025-10-20T12:30:57.314Z [DEBUG] 📡 Discord event received: GUILD_CREATE
[2025-10-20T12:30:57.326Z] [INFO   ] 2025-10-20T12:30:57.326Z [DEBUG] 📡 Discord event received: GUILD_CREATE
[2025-10-20T12:30:57.479Z] [INFO   ] 2025-10-20T12:30:57.479Z [DEBUG] ✅ Cached 3 invites for guild 1378950884045623406
[2025-10-20T12:30:59.741Z] [INFO   ]  [32m[1m✓[22m[39m Compiled /middleware in 197ms (233 modules)
[2025-10-20T12:31:00.130Z] [INFO   ] 2025-10-20T12:31:00.129Z [DEBUG] [Middleware] Username check: {"path":"/workflows/builder/8340b576-0b3d-4af6-8e9b-8769b61147d1","userId":"a3e3a51a-175c-4b59-ad03-227ba12a18b0","provider":"email","role":"admin","username":"nstoddard17","hasUsername":true,"isBetaTester":false,"isNewBetaUser":false,"accountAge":12396772730}
[2025-10-20T12:31:00.743Z] [INFO   ]  [37m[1m○[22m[39m Compiling /workflows/builder/[id] ...
[2025-10-20T12:31:06.191Z] [INFO   ]  [32m[1m✓[22m[39m Compiled /workflows/builder/[id] in 6s (5696 modules)
[2025-10-20T12:31:06.894Z] [INFO   ]  [32m[1m✓[22m[39m Compiled in 675ms (1576 modules)
[2025-10-20T12:31:07.317Z] [INFO   ] 2025-10-20T12:31:07.317Z [DEBUG] 💧 [AUTH] Rehydrating auth state from storage {"hasState":true,"hasUser":false,"initialized":false,"timestamp":"2025-10-20T12:31:07.317Z"}
[2025-10-20T12:31:07.328Z] [INFO   ] 2025-10-20T12:31:07.328Z [DEBUG] 💧 [AUTH] State hydrated and reset {"hasUser":false,"initialized":false,"timestamp":"2025-10-20T12:31:07.328Z"}
[2025-10-20T12:31:07.328Z] [INFO   ] 2025-10-20T12:31:07.328Z [DEBUG] ⏭️ [AUTH] Skipping initialization {"hasState":true,"alreadyInitialized":false,"isClient":false,"timestamp":"2025-10-20T12:31:07.328Z"}
[2025-10-20T12:31:07.629Z] [INFO   ] 2025-10-20T12:31:07.629Z [DEBUG] [Username Check] {"userId":"a3e3a51a-175c-4b59-ad03-227ba12a18b0","hasEmail":true,"provider":"email","hasUsername":true,"isGoogleUser":false}
[2025-10-20T12:31:08.127Z] [INFO   ] 🧪 [useWorkflowBuilder] Returning - testModeDialogOpen: false
[2025-10-20T12:31:08.871Z] [INFO   ]  [37m[1m○[22m[39m Compiling /api/presence/count ...
[2025-10-20T12:31:09.708Z] [INFO   ]  [32m[1m✓[22m[39m Compiled /api/presence/count in 1337ms (5703 modules)
[2025-10-20T12:31:13.725Z] [INFO   ]  [32m[1m✓[22m[39m Compiled /api/integrations in 340ms (5705 modules)
[2025-10-20T12:31:13.805Z] [INFO   ] 2025-10-20T12:31:13.804Z [DEBUG] 📍 [API /api/integrations] GET request received {"timestamp":"2025-10-20T12:31:13.804Z","headers":{"referer":"check-console"}}
[2025-10-20T12:31:13.932Z] [INFO   ] 2025-10-20T12:31:13.932Z [DEBUG] ✅ [API /api/integrations] User authenticated {"userId":"a3e3a51a-175c-4b59-ad03-227ba12a18b0"}
[2025-10-20T12:31:14.022Z] [INFO   ] 2025-10-20T12:31:14.022Z [DEBUG] 📊 [API /api/integrations] Query result {"count":14,"error":null,"firstFew":[{"provider":"notion","status":"connected"},{"provider":"mailchimp","status":"connected"}]}
