=== Log Session Started: 2025-10-17T20:46:00.918Z ===
Node Version: v23.7.0
Platform: darwin
Working Directory: /Users/nathanielstoddard/chainreact-app/chainreact-app-9e
================================================================================

[2025-10-17T20:46:00.918Z] [INFO   ] File logging initialized
[2025-10-17T20:46:00.918Z] [INFO   ] Log file: /Users/nathanielstoddard/chainreact-app/chainreact-app-9e/logs/workflow_2025-10-17_15-46-00.log
[2025-10-17T20:46:00.919Z] [INFO   ] 📁 File logging enabled
[2025-10-17T20:46:00.920Z] [INFO   ] 📝 Logs will be written to: /Users/nathanielstoddard/chainreact-app/chainreact-app-9e/logs/workflow_2025-10-17_15-46-00.log
[2025-10-17T20:46:00.920Z] [INFO   ] 💡 To view logs in real-time: tail -f /Users/nathanielstoddard/chainreact-app/chainreact-app-9e/logs/workflow_2025-10-17_15-46-00.log
[2025-10-17T20:46:00.920Z] [INFO   ] 💡 To view all logs: cat /Users/nathanielstoddard/chainreact-app/chainreact-app-9e/logs/workflow_2025-10-17_15-46-00.log
[2025-10-17T20:46:00.920Z] [INFO   ] 💡 To share logs: Copy the file at /Users/nathanielstoddard/chainreact-app/chainreact-app-9e/logs/workflow_2025-10-17_15-46-00.log
[2025-10-17T20:46:00.920Z] [INFO   ] --------------------------------------------------------------------------------
[2025-10-17T20:46:00.920Z] [DEBUG  ] 📁 File logging system initialized
[2025-10-17T20:46:00.933Z] [INFO   ]  [32m[1m✓[22m[39m Ready in 2.7s
[2025-10-17T20:46:01.620Z] [INFO   ]  [37m[1m○[22m[39m Compiling /new ...
[2025-10-17T20:46:06.015Z] [INFO   ]  [32m[1m✓[22m[39m Compiled /new in 5.1s (3881 modules)
[2025-10-17T20:46:06.565Z] [INFO   ]  [32m[1m✓[22m[39m Compiled in 533ms (673 modules)
[2025-10-17T20:46:07.509Z] [INFO   ]  [32m[1m✓[22m[39m Compiled /middleware in 187ms (233 modules)
[2025-10-17T20:46:08.381Z] [INFO   ]  [37m[1m○[22m[39m Compiling /api/auth/profile ...
[2025-10-17T20:46:08.921Z] [INFO   ]  [32m[1m✓[22m[39m Compiled /api/auth/profile in 1163ms (3889 modules)
[2025-10-17T20:46:09.820Z] [INFO   ]  [37m[1m○[22m[39m Compiling /api/teams ...
[2025-10-17T20:46:10.126Z] [INFO   ]  [32m[1m✓[22m[39m Compiled /api/teams in 805ms (3897 modules)
[2025-10-17T20:46:10.483Z] [ERROR  ] Error fetching teams: {
  "code": "42P17",
  "details": null,
  "hint": null,
  "message": "infinite recursion detected in policy for relation \"team_members\""
}
[2025-10-17T20:46:12.592Z] [INFO   ]  [32m[1m✓[22m[39m Compiled /api/integrations in 267ms (3899 modules)
[2025-10-17T20:46:46.789Z] [INFO   ]  [37m[1m○[22m[39m Compiling /new/library ...
[2025-10-17T20:46:46.938Z] [INFO   ]  [32m[1m✓[22m[39m Compiled /new/library in 648ms (3915 modules)
[2025-10-17T20:46:48.012Z] [INFO   ]  [37m[1m○[22m[39m Compiling /api/templates/predefined ...
[2025-10-17T20:46:48.135Z] [INFO   ]  [32m[1m✓[22m[39m Compiled /api/templates/predefined in 624ms (3917 modules)
[2025-10-17T20:46:49.023Z] [ERROR  ] Error fetching teams: {
  "code": "42P17",
  "details": null,
  "hint": null,
  "message": "infinite recursion detected in policy for relation \"team_members\""
}
[2025-10-17T20:46:49.268Z] [ERROR  ] Error fetching teams: {
  "code": "42P17",
  "details": null,
  "hint": null,
  "message": "infinite recursion detected in policy for relation \"team_members\""
}
[2025-10-17T20:47:47.191Z] [INFO   ]  [32m[1m✓[22m[39m Compiled in 404ms (680 modules)
[2025-10-17T20:49:45.063Z] [INFO   ]  [32m[1m✓[22m[39m Compiled in 1263ms (3919 modules)
[2025-10-17T20:49:45.238Z] [WARN   ]  [33m[1m⚠[22m[39m Fast Refresh had to perform a full reload. Read more: https://nextjs.org/docs/messages/fast-refresh-reload
[2025-10-17T20:49:54.328Z] [INFO   ]  [32m[1m✓[22m[39m Compiled in 818ms (3919 modules)
