=== Log Session Started: 2025-10-20T04:13:44.506Z ===
Node Version: v23.7.0
Platform: darwin
Working Directory: /Users/nathanielstoddard/chainreact-app/chainreact-app-9e
================================================================================

[2025-10-20T04:13:44.506Z] [INFO   ] File logging initialized
[2025-10-20T04:13:44.506Z] [INFO   ] Log file: /Users/nathanielstoddard/chainreact-app/chainreact-app-9e/logs/workflow_2025-10-19_23-13-44.log
[2025-10-20T04:13:44.508Z] [INFO   ] 📁 File logging enabled
[2025-10-20T04:13:44.508Z] [INFO   ] 📝 Logs will be written to: /Users/nathanielstoddard/chainreact-app/chainreact-app-9e/logs/workflow_2025-10-19_23-13-44.log
[2025-10-20T04:13:44.509Z] [INFO   ] 💡 To view logs in real-time: tail -f /Users/nathanielstoddard/chainreact-app/chainreact-app-9e/logs/workflow_2025-10-19_23-13-44.log
[2025-10-20T04:13:44.509Z] [INFO   ] 💡 To view all logs: cat /Users/nathanielstoddard/chainreact-app/chainreact-app-9e/logs/workflow_2025-10-19_23-13-44.log
[2025-10-20T04:13:44.509Z] [INFO   ] 💡 To share logs: Copy the file at /Users/nathanielstoddard/chainreact-app/chainreact-app-9e/logs/workflow_2025-10-19_23-13-44.log
[2025-10-20T04:13:44.509Z] [INFO   ] --------------------------------------------------------------------------------
[2025-10-20T04:13:44.509Z] [DEBUG  ] 📁 File logging system initialized
[2025-10-20T04:13:44.523Z] [INFO   ]  [32m[1m✓[22m[39m Ready in 3s
[2025-10-20T04:13:44.652Z] [INFO   ]  [32m[1m✓[22m[39m Compiled /middleware in 105ms (233 modules)
[2025-10-20T04:13:45.306Z] [INFO   ] 2025-10-20T04:13:45.306Z [DEBUG] [Middleware] Username check: {"path":"/workflows/builder/8340b576-0b3d-4af6-8e9b-8769b61147d1","userId":"a3e3a51a-175c-4b59-ad03-227ba12a18b0","provider":"email","role":"admin","username":"nstoddard17","hasUsername":true,"isBetaTester":false,"isNewBetaUser":false,"accountAge":12366937907}
[2025-10-20T04:13:45.536Z] [INFO   ] 2025-10-20T04:13:45.536Z [DEBUG] 🤖 Discord bot configured, initializing gateway connection in background...
[2025-10-20T04:13:47.420Z] [INFO   ] 2025-10-20T04:13:47.420Z [DEBUG] Initializing Discord Gateway connection (singleton)...
[2025-10-20T04:13:47.420Z] [INFO   ] 2025-10-20T04:13:47.420Z [DEBUG] 🔑 Discord bot token loaded
[2025-10-20T04:13:47.428Z] [INFO   ]  [37m[1m○[22m[39m Compiling /workflows/builder/[id] ...
[2025-10-20T04:13:47.630Z] [INFO   ] 2025-10-20T04:13:47.630Z [DEBUG] Discord Gateway initialization complete
[2025-10-20T04:13:47.631Z] [INFO   ] 2025-10-20T04:13:47.631Z [DEBUG] ✅ Discord bot gateway connection initialized
[2025-10-20T04:13:47.852Z] [INFO   ] 2025-10-20T04:13:47.852Z [DEBUG] Discord Gateway WebSocket connection established
[2025-10-20T04:13:47.852Z] [INFO   ] 2025-10-20T04:13:47.852Z [DEBUG] 🔑 Sending identify with intents: {"GUILDS":true,"GUILD_MEMBERS":true,"GUILD_INVITES":true,"GUILD_MESSAGES":true,"MESSAGE_CONTENT":true,"intentsValue":33347}
[2025-10-20T04:13:48.118Z] [INFO   ] 2025-10-20T04:13:48.118Z [DEBUG] 🎉 Discord bot ready! {"sessionId":"a95c338fe8dc119eb13c7eb75ff85af9","username":"ChainReact-Bot","userId":"1378595955212812308","guildCount":2}
[2025-10-20T04:13:48.118Z] [INFO   ] 2025-10-20T04:13:48.118Z [DEBUG] 📋 Initializing invite cache...
[2025-10-20T04:13:48.119Z] [INFO   ] 2025-10-20T04:13:48.119Z [DEBUG] 📡 Discord event received: GUILD_CREATE
[2025-10-20T04:13:48.121Z] [INFO   ] 2025-10-20T04:13:48.121Z [DEBUG] 📡 Discord event received: GUILD_CREATE
[2025-10-20T04:13:48.356Z] [INFO   ] 2025-10-20T04:13:48.356Z [DEBUG] ✅ Cached 3 invites for guild 1378950884045623406
[2025-10-20T04:13:52.058Z] [INFO   ]  [32m[1m✓[22m[39m Compiled /workflows/builder/[id] in 6.7s (5696 modules)
[2025-10-20T04:13:52.639Z] [INFO   ]  [32m[1m✓[22m[39m Compiled in 560ms (1576 modules)
[2025-10-20T04:13:53.036Z] [INFO   ] 2025-10-20T04:13:53.035Z [DEBUG] 💧 [AUTH] Rehydrating auth state from storage {"hasState":true,"hasUser":false,"initialized":false,"timestamp":"2025-10-20T04:13:53.035Z"}
[2025-10-20T04:13:53.053Z] [INFO   ] 2025-10-20T04:13:53.053Z [DEBUG] 💧 [AUTH] State hydrated and reset {"hasUser":false,"initialized":false,"timestamp":"2025-10-20T04:13:53.053Z"}
[2025-10-20T04:13:53.053Z] [INFO   ] 2025-10-20T04:13:53.053Z [DEBUG] ⏭️ [AUTH] Skipping initialization {"hasState":true,"alreadyInitialized":false,"isClient":false,"timestamp":"2025-10-20T04:13:53.053Z"}
[2025-10-20T04:13:53.323Z] [INFO   ] 2025-10-20T04:13:53.322Z [DEBUG] [Username Check] {"userId":"a3e3a51a-175c-4b59-ad03-227ba12a18b0","hasEmail":true,"provider":"email","hasUsername":true,"isGoogleUser":false}
[2025-10-20T04:13:53.674Z] [INFO   ] 🧪 [useWorkflowBuilder] Returning - testModeDialogOpen: false
[2025-10-20T04:13:54.421Z] [INFO   ]  [37m[1m○[22m[39m Compiling /api/integrations ...
[2025-10-20T04:13:56.381Z] [INFO   ]  [32m[1m✓[22m[39m Compiled /api/collaboration/join in 2.5s (5708 modules)
[2025-10-20T04:13:56.597Z] [INFO   ] 2025-10-20T04:13:56.597Z [DEBUG] 📍 [API /api/integrations] GET request received {"timestamp":"2025-10-20T04:13:56.597Z","headers":{"referer":"check-console"}}
[2025-10-20T04:13:56.737Z] [INFO   ] 2025-10-20T04:13:56.737Z [DEBUG] ✅ [API /api/integrations] User authenticated {"userId":"a3e3a51a-175c-4b59-ad03-227ba12a18b0"}
[2025-10-20T04:13:56.902Z] [INFO   ] 2025-10-20T04:13:56.902Z [DEBUG] 📊 [API /api/integrations] Query result {"count":19,"error":null,"firstFew":[{"provider":"notion","status":"connected"},{"provider":"mailchimp","status":"connected"}]}
[2025-10-20T04:14:00.810Z] [INFO   ]  [37m[1m○[22m[39m Compiling /api/workflows/execute ...
[2025-10-20T04:14:04.011Z] [INFO   ]  [32m[1m✓[22m[39m Compiled /api/workflows/execute in 3.7s (7720 modules)
[2025-10-20T04:14:06.949Z] [INFO   ] 2025-10-20T04:14:06.949Z [DEBUG] === Workflow Execution Started (Refactored) ===
[2025-10-20T04:14:06.949Z] [INFO   ] 2025-10-20T04:14:06.949Z [DEBUG] 📊 [Execute Route] Request content-length: 46930
[2025-10-20T04:14:06.950Z] [INFO   ] 2025-10-20T04:14:06.950Z [DEBUG] 📊 [Execute Route] Request body text length: 46914
[2025-10-20T04:14:06.950Z] [INFO   ] 2025-10-20T04:14:06.950Z [DEBUG] 📊 [Execute Route] Workflow data received: {"workflowId":"8340b576-0b3d-4af6-8e9b-8769b61147d1","hasWorkflowData":true,"nodesCount":4,"nodeTypes":[{"id":"trigger-1760813764735","type":"gmail_trigger_new_email"},{"id":"action-1760841495900","type":"hitl_conversation"},{"id":"action-1760841551096","type":"discord_action_send_message"},{"id":"add-action-action-1760841551096"}],"hasTestModeConfig":true,"testModeConfig":{"triggerMode":"use_mock_data","actionMode":"intercept_writes","showDetailedSteps":true,"captureStepData":true}}
[2025-10-20T04:14:06.950Z] [INFO   ] 2025-10-20T04:14:06.950Z [DEBUG] Execution parameters: {"workflowId":"8340b576-0b3d-4af6-8e9b-8769b61147d1","testMode":true,"executionMode":"sandbox","effectiveTestMode":true,"skipTriggers":true,"hasInputData":true,"hasWorkflowData":true}
[2025-10-20T04:14:07.146Z] [INFO   ] 2025-10-20T04:14:07.146Z [DEBUG] Workflow found: {"id":"8340b576-0b3d-4af6-8e9b-8769b61147d1","name":"test","nodesCount":3}
[2025-10-20T04:14:07.235Z] [INFO   ] 2025-10-20T04:14:07.234Z [DEBUG] User authenticated: a3e3a51a-175c-4b59-ad03-227ba12a18b0
[2025-10-20T04:14:07.235Z] [INFO   ] 2025-10-20T04:14:07.235Z [DEBUG] Skipping trigger node: trigger-1760813764735 (gmail_trigger_new_email)
[2025-10-20T04:14:07.235Z] [INFO   ] 2025-10-20T04:14:07.235Z [DEBUG] Workflow structure: {"originalNodesCount":4,"filteredNodesCount":2,"skippedUINodes":2,"edgesCount":1,"nodeTypes":["hitl_conversation","discord_action_send_message"]}
[2025-10-20T04:14:07.235Z] [INFO   ] 2025-10-20T04:14:07.235Z [DEBUG] Action nodes found (triggers skipped): 2
[2025-10-20T04:14:07.235Z] [INFO   ] 2025-10-20T04:14:07.235Z [DEBUG] Starting workflow execution with effectiveTestMode: true
[2025-10-20T04:14:07.236Z] [INFO   ] 2025-10-20T04:14:07.236Z [DEBUG] 🚀 Starting workflow execution service {"testMode":true,"testModeConfig":{"triggerMode":"use_mock_data","actionMode":"intercept_writes"}}
[2025-10-20T04:14:07.236Z] [INFO   ] 2025-10-20T04:14:07.236Z [DEBUG] Executing workflow with: {"originalNodesCount":2,"validNodesCount":2,"skippedNodes":0,"connectionsCount":1,"usingWorkflowData":true,"nodeTypes":["hitl_conversation","discord_action_send_message"]}
[2025-10-20T04:14:07.237Z] [INFO   ] 2025-10-20T04:14:07.237Z [DEBUG] ⚙️ Fallback: starting from 1 root action node(s) (no triggers present)
[2025-10-20T04:14:07.438Z] [INFO   ] 2025-10-20T04:14:07.438Z [DEBUG] 🔄 ExecutionProgressTracker.initialize called {"executionId":"a9bf1506-479a-4cd3-9d59-77ffa277bd36","workflowId":"8340b576-0b3d-4af6-8e9b-8769b61147d1","userId":"a3e3a51a-175c-4b59-ad03-227ba12a18b0","totalNodes":2}
[2025-10-20T04:14:07.547Z] [INFO   ] 2025-10-20T04:14:07.547Z [DEBUG] ✅ Execution progress tracker initialized: 086c55a4-4eb0-4c0b-bbd6-84aac227fa01
[2025-10-20T04:14:07.734Z] [INFO   ] 2025-10-20T04:14:07.734Z [DEBUG] 📝 Started execution history tracking: 09013c41-ebb3-4eb2-8ab5-a187574f6375
[2025-10-20T04:14:07.735Z] [INFO   ] 2025-10-20T04:14:07.735Z [DEBUG] 🔧 Creating execution context with userId: a3e3a51a-175c-4b59-ad03-227ba12a18b0
[2025-10-20T04:14:07.848Z] [INFO   ] 2025-10-20T04:14:07.848Z [DEBUG] 📊 Loaded 0 workflow variables
[2025-10-20T04:14:07.849Z] [INFO   ] 2025-10-20T04:14:07.849Z [DEBUG] ✅ Created execution context with userId: a3e3a51a-175c-4b59-ad03-227ba12a18b0
[2025-10-20T04:14:07.849Z] [INFO   ] 2025-10-20T04:14:07.849Z [DEBUG] 📍 Starting execution with 1 starting nodes
[2025-10-20T04:14:07.849Z] [INFO   ] 2025-10-20T04:14:07.849Z [DEBUG] 🎯 Executing action node: action-1760841495900 (hitl_conversation)
[2025-10-20T04:14:07.850Z] [INFO   ] 2025-10-20T04:14:07.849Z [DEBUG] Updating execution progress: {"currentNodeId":"action-1760841495900","currentNodeName":"Ask Human via Chat","progressPercentage":0}
[2025-10-20T04:14:07.939Z] [INFO   ] 2025-10-20T04:14:07.939Z [DEBUG] 🔧 Executing node: action-1760841495900 (hitl_conversation)
[2025-10-20T04:14:08.104Z] [INFO   ] 2025-10-20T04:14:08.104Z [DEBUG] 📝 Recorded step 1: hitl_conversation (action-1760841495900)
[2025-10-20T04:14:08.106Z] [INFO   ] 2025-10-20T04:14:08.105Z [DEBUG] 💬 Executing HITL conversation node
[2025-10-20T04:14:08.109Z] [INFO   ] 2025-10-20T04:14:08.108Z [DEBUG] 🔍 Resolving variable: {{*}}
[2025-10-20T04:14:08.109Z] [INFO   ] 2025-10-20T04:14:08.109Z [DEBUG] 🔍 Available input keys: 
[2025-10-20T04:14:08.109Z] [INFO   ] 2025-10-20T04:14:08.109Z [DEBUG] [HITL] No external memory document configured
[2025-10-20T04:14:08.110Z] [INFO   ] 2025-10-20T04:14:08.110Z [DEBUG] 🔍 Resolving variable: **Workflow Paused for Review**

Here's the data from the previous step:
{{*}}

Let me know when you're ready to continue!
[2025-10-20T04:14:08.110Z] [INFO   ] 2025-10-20T04:14:08.110Z [DEBUG] 🔍 Available input keys: 
[2025-10-20T04:14:08.322Z] [INFO   ] 2025-10-20T04:14:08.322Z [DEBUG] 🔵 Discord MESSAGE_CREATE received: {"messageId":"1429684085772652678","channelId":"1378950885044125758","guildId":"1378950884045623406","content":"**Workflow Paused for Review**\n\nHere's the data from the previous step:\n\n\nLet me know when you're re","author":"ChainReact-Bot","isBot":true}
[2025-10-20T04:14:08.323Z] [INFO   ] 2025-10-20T04:14:08.323Z [DEBUG] 🤖 Ignoring bot message
[2025-10-20T04:14:08.499Z] [INFO   ] 2025-10-20T04:14:08.499Z [DEBUG] 📡 Discord event received: MESSAGE_UPDATE
[2025-10-20T04:14:08.516Z] [INFO   ] 2025-10-20T04:14:08.515Z [DEBUG] 📡 Discord event received: THREAD_CREATE
[2025-10-20T04:14:08.518Z] [INFO   ] 2025-10-20T04:14:08.518Z [DEBUG] 📡 Discord event received: THREAD_MEMBER_UPDATE
[2025-10-20T04:14:08.522Z] [INFO   ] 2025-10-20T04:14:08.522Z [DEBUG] 🔵 Discord MESSAGE_CREATE received: {"messageId":"1429684086624096256","channelId":"1429684085772652678","guildId":"1378950884045623406","content":"","author":"ChainReact-Bot","isBot":true}
[2025-10-20T04:14:08.522Z] [INFO   ] 2025-10-20T04:14:08.522Z [DEBUG] 🤖 Ignoring bot message
[2025-10-20T04:14:08.590Z] [INFO   ] 2025-10-20T04:14:08.590Z [INFO] HITL Discord message sent with thread {"messageId":"1429684085772652678","threadId":"1429684085772652678","conversationId":"hitl_a9bf1506-479a-4cd3-9d59-77ffa277bd36_action-1760841495900_1760933648110"}
[2025-10-20T04:14:08.669Z] [ERROR  ] 2025-10-20T04:14:08.669Z [ERROR] Failed to create HITL conversation {"error":{"code":"42501","details":null,"hint":null,"message":"new row violates row-level security policy for table \"hitl_conversations\""}}
[2025-10-20T04:14:08.670Z] [ERROR  ] 2025-10-20T04:14:08.670Z [ERROR] HITL execution error {"error":"Failed to create conversation record: new row violates row-level security policy for table \"hitl_conversations\""}
[2025-10-20T04:14:08.670Z] [INFO   ] 2025-10-20T04:14:08.670Z [DEBUG] 💾 Stored output for node action-1760841495900: {"success":false,"dataKeys":["success","error","message"]}
[2025-10-20T04:14:08.670Z] [WARN   ] 2025-10-20T04:14:08.670Z [WARN] ⚠️ Node action-1760841495900 failed, stopping execution of connected nodes {"error":"Failed to create conversation record: new row violates row-level security policy for table \"hitl_conversations\"","message":"HITL failed: Failed to create conversation record: new row violates row-level security policy for table \"hitl_conversations\""}
[2025-10-20T04:14:08.670Z] [INFO   ] 2025-10-20T04:14:08.670Z [DEBUG] ✅ Node action-1760841495900 completed in 732ms
[2025-10-20T04:14:08.846Z] [INFO   ] 2025-10-20T04:14:08.846Z [DEBUG] ✅ Step action-1760841495900 completed (730ms)
[2025-10-20T04:14:08.847Z] [INFO   ] 2025-10-20T04:14:08.846Z [DEBUG]    Node action-1760841495900 execution result: {"success":false,"hasError":true,"hasResults":false}
[2025-10-20T04:14:08.847Z] [INFO   ] 2025-10-20T04:14:08.847Z [DEBUG] Updating execution progress: {"completedNodes":[],"failedNodes":[{"nodeId":"action-1760841495900","error":"Failed to create conversation record: new row violates row-level security policy for table \"hitl_conversations\""}],"progressPercentage":0}
[2025-10-20T04:14:08.934Z] [INFO   ] 2025-10-20T04:14:08.933Z [DEBUG] ✅ Workflow execution completed with 1 results
[2025-10-20T04:14:08.936Z] [INFO   ] 2025-10-20T04:14:08.936Z [DEBUG] Updating execution progress: {"status":"failed","errorMessage":"Workflow execution completed with errors","progressPercentage":100}
[2025-10-20T04:14:09.019Z] [INFO   ] 2025-10-20T04:14:09.018Z [DEBUG] ✅ Execution failed
[2025-10-20T04:14:09.200Z] [INFO   ] 2025-10-20T04:14:09.200Z [DEBUG] ❌ Execution 09013c41-ebb3-4eb2-8ab5-a187574f6375 failed
[2025-10-20T04:14:09.201Z] [INFO   ] 2025-10-20T04:14:09.201Z [DEBUG] Workflow execution completed successfully
[2025-10-20T04:14:19.084Z] [INFO   ] 2025-10-20T04:14:19.083Z [DEBUG] 📡 Discord event received: MESSAGE_DELETE
[2025-10-20T04:14:19.856Z] [INFO   ] 2025-10-20T04:14:19.856Z [DEBUG] 📡 Discord event received: MESSAGE_DELETE
[2025-10-20T04:14:27.761Z] [INFO   ]  [37m[1m○[22m[39m Compiling /api/collaboration/collaborators ...
[2025-10-20T04:14:27.764Z] [INFO   ]  [32m[1m✓[22m[39m Compiled /api/collaboration/collaborators in 516ms (7722 modules)
[2025-10-20T04:14:28.161Z] [INFO   ] 2025-10-20T04:14:28.161Z [DEBUG] 📡 Discord event received: THREAD_MEMBERS_UPDATE
[2025-10-20T04:14:28.180Z] [INFO   ] 2025-10-20T04:14:28.180Z [DEBUG] 🔵 Discord MESSAGE_CREATE received: {"messageId":"1429684168618545285","channelId":"1429684085772652678","guildId":"1378950884045623406","content":"there is no data?","author":"fpsrookie"}
[2025-10-20T04:14:28.180Z] [INFO   ] 2025-10-20T04:14:28.180Z [DEBUG] 💬 Processing user message for workflows
[2025-10-20T04:14:28.181Z] [INFO   ] 2025-10-20T04:14:28.181Z [DEBUG] 📍 Using development URL: https://9b7007881520.ngrok-free.app (NEXT_PUBLIC_WEBHOOK_HTTPS_URL)
[2025-10-20T04:14:28.181Z] [INFO   ] 2025-10-20T04:14:28.181Z [DEBUG] 📤 Sending Discord message to workflow endpoint: https://9b7007881520.ngrok-free.app/api/workflow/discord
[2025-10-20T04:14:28.181Z] [INFO   ] 2025-10-20T04:14:28.181Z [DEBUG] 📨 Message details: {"messageId":"1429684168618545285","channelId":"1429684085772652678","guildId":"1378950884045623406","content":"there is no data?...","author":"fpsrookie"}
[2025-10-20T04:14:28.357Z] [ERROR  ] 2025-10-20T04:14:28.356Z [ERROR] Failed to process Discord message for workflows: 404
[2025-10-20T04:16:56.992Z] [INFO   ]  [32m[1m✓[22m[39m Compiled in 2.6s (5715 modules)
[2025-10-20T04:16:57.357Z] [INFO   ] 2025-10-20T04:16:57.357Z [DEBUG] [Middleware] Username check: {"path":"/workflows/builder/8340b576-0b3d-4af6-8e9b-8769b61147d1","userId":"a3e3a51a-175c-4b59-ad03-227ba12a18b0","provider":"email","role":"admin","username":"nstoddard17","hasUsername":true,"isBetaTester":false,"isNewBetaUser":false,"accountAge":12367129958}
[2025-10-20T04:16:57.628Z] [INFO   ] 2025-10-20T04:16:57.628Z [DEBUG] [Username Check] {"userId":"a3e3a51a-175c-4b59-ad03-227ba12a18b0","hasEmail":true,"provider":"email","hasUsername":true,"isGoogleUser":false}
[2025-10-20T04:16:58.400Z] [INFO   ]  [37m[1m○[22m[39m Compiling /api/collaboration/leave ...
[2025-10-20T04:16:58.644Z] [INFO   ]  [32m[1m✓[22m[39m Compiled /api/collaboration/leave in 892ms (5703 modules)
[2025-10-20T04:16:58.791Z] [WARN   ]  [33m[1m⚠[22m[39m Fast Refresh had to perform a full reload due to a runtime error.
[2025-10-20T04:16:59.035Z] [INFO   ] 2025-10-20T04:16:59.034Z [DEBUG] [Middleware] Username check: {"path":"/workflows/builder/8340b576-0b3d-4af6-8e9b-8769b61147d1","userId":"a3e3a51a-175c-4b59-ad03-227ba12a18b0","provider":"email","role":"admin","username":"nstoddard17","hasUsername":true,"isBetaTester":false,"isNewBetaUser":false,"accountAge":12367131635}
[2025-10-20T04:16:59.306Z] [INFO   ] 2025-10-20T04:16:59.306Z [DEBUG] 💧 [AUTH] Rehydrating auth state from storage {"hasState":true,"hasUser":false,"initialized":false,"timestamp":"2025-10-20T04:16:59.306Z"}
[2025-10-20T04:16:59.316Z] [INFO   ] 2025-10-20T04:16:59.316Z [DEBUG] 💧 [AUTH] State hydrated and reset {"hasUser":false,"initialized":false,"timestamp":"2025-10-20T04:16:59.316Z"}
[2025-10-20T04:16:59.316Z] [INFO   ] 2025-10-20T04:16:59.316Z [DEBUG] ⏭️ [AUTH] Skipping initialization {"hasState":true,"alreadyInitialized":false,"isClient":false,"timestamp":"2025-10-20T04:16:59.316Z"}
[2025-10-20T04:16:59.547Z] [INFO   ] 2025-10-20T04:16:59.546Z [DEBUG] [Username Check] {"userId":"a3e3a51a-175c-4b59-ad03-227ba12a18b0","hasEmail":true,"provider":"email","hasUsername":true,"isGoogleUser":false}
[2025-10-20T04:16:59.928Z] [INFO   ] 🧪 [useWorkflowBuilder] Returning - testModeDialogOpen: false
[2025-10-20T04:17:00.797Z] [INFO   ]  [37m[1m○[22m[39m Compiling /api/collaboration/join ...
[2025-10-20T04:17:00.808Z] [INFO   ]  [32m[1m✓[22m[39m Compiled /api/collaboration/join in 515ms (4143 modules)
[2025-10-20T04:17:01.082Z] [INFO   ]  [32m[1m✓[22m[39m Compiled (4150 modules)
[2025-10-20T04:17:01.165Z] [INFO   ] 2025-10-20T04:17:01.165Z [DEBUG] 📍 [API /api/integrations] GET request received {"timestamp":"2025-10-20T04:17:01.165Z","headers":{"referer":"check-console"}}
[2025-10-20T04:17:01.258Z] [INFO   ] 2025-10-20T04:17:01.258Z [DEBUG] ✅ [API /api/integrations] User authenticated {"userId":"a3e3a51a-175c-4b59-ad03-227ba12a18b0"}
[2025-10-20T04:17:01.404Z] [INFO   ] 2025-10-20T04:17:01.404Z [DEBUG] 📊 [API /api/integrations] Query result {"count":19,"error":null,"firstFew":[{"provider":"notion","status":"connected"},{"provider":"mailchimp","status":"connected"}]}
[2025-10-20T04:17:03.092Z] [INFO   ]  [32m[1m✓[22m[39m Compiled in 628ms (5726 modules)
[2025-10-20T04:17:03.312Z] [INFO   ] 2025-10-20T04:17:03.312Z [DEBUG] [Middleware] Username check: {"path":"/workflows/builder/8340b576-0b3d-4af6-8e9b-8769b61147d1","userId":"a3e3a51a-175c-4b59-ad03-227ba12a18b0","provider":"email","role":"admin","username":"nstoddard17","hasUsername":true,"isBetaTester":false,"isNewBetaUser":false,"accountAge":12367135913}
[2025-10-20T04:17:03.521Z] [INFO   ] 2025-10-20T04:17:03.521Z [DEBUG] [Username Check] {"userId":"a3e3a51a-175c-4b59-ad03-227ba12a18b0","hasEmail":true,"provider":"email","hasUsername":true,"isGoogleUser":false}
[2025-10-20T04:17:22.313Z] [INFO   ]  [32m[1m✓[22m[39m Compiled in 1209ms (5726 modules)
[2025-10-20T04:17:22.418Z] [WARN   ]  [33m[1m⚠[22m[39m Fast Refresh had to perform a full reload due to a runtime error.
[2025-10-20T04:17:22.639Z] [INFO   ] 2025-10-20T04:17:22.639Z [DEBUG] [Middleware] Username check: {"path":"/workflows/builder/8340b576-0b3d-4af6-8e9b-8769b61147d1","userId":"a3e3a51a-175c-4b59-ad03-227ba12a18b0","provider":"email","role":"admin","username":"nstoddard17","hasUsername":true,"isBetaTester":false,"isNewBetaUser":false,"accountAge":12367155240}
[2025-10-20T04:17:22.909Z] [INFO   ] 2025-10-20T04:17:22.909Z [DEBUG] 💧 [AUTH] Rehydrating auth state from storage {"hasState":true,"hasUser":false,"initialized":false,"timestamp":"2025-10-20T04:17:22.909Z"}
[2025-10-20T04:17:22.910Z] [INFO   ] 2025-10-20T04:17:22.910Z [DEBUG] 💧 [AUTH] State hydrated and reset {"hasUser":false,"initialized":false,"timestamp":"2025-10-20T04:17:22.910Z"}
[2025-10-20T04:17:22.910Z] [INFO   ] 2025-10-20T04:17:22.910Z [DEBUG] ⏭️ [AUTH] Skipping initialization {"hasState":true,"alreadyInitialized":false,"isClient":false,"timestamp":"2025-10-20T04:17:22.910Z"}
[2025-10-20T04:17:23.129Z] [INFO   ] 2025-10-20T04:17:23.129Z [DEBUG] [Username Check] {"userId":"a3e3a51a-175c-4b59-ad03-227ba12a18b0","hasEmail":true,"provider":"email","hasUsername":true,"isGoogleUser":false}
[2025-10-20T04:17:23.364Z] [INFO   ] 🧪 [useWorkflowBuilder] Returning - testModeDialogOpen: false
[2025-10-20T04:17:23.692Z] [INFO   ] 2025-10-20T04:17:23.692Z [DEBUG] 📍 [API /api/integrations] GET request received {"timestamp":"2025-10-20T04:17:23.692Z","headers":{"referer":"check-console"}}
[2025-10-20T04:17:23.843Z] [INFO   ] 2025-10-20T04:17:23.843Z [DEBUG] ✅ [API /api/integrations] User authenticated {"userId":"a3e3a51a-175c-4b59-ad03-227ba12a18b0"}
[2025-10-20T04:17:23.974Z] [INFO   ] 2025-10-20T04:17:23.974Z [DEBUG] 📊 [API /api/integrations] Query result {"count":19,"error":null,"firstFew":[{"provider":"notion","status":"connected"},{"provider":"mailchimp","status":"connected"}]}
[2025-10-20T04:18:19.500Z] [INFO   ]  [32m[1m✓[22m[39m Compiled in 435ms (1576 modules)
[2025-10-20T04:18:19.722Z] [INFO   ] 2025-10-20T04:18:19.722Z [DEBUG] [Middleware] Username check: {"path":"/workflows/builder/8340b576-0b3d-4af6-8e9b-8769b61147d1","userId":"a3e3a51a-175c-4b59-ad03-227ba12a18b0","provider":"email","role":"admin","username":"nstoddard17","hasUsername":true,"isBetaTester":false,"isNewBetaUser":false,"accountAge":12367212323}
[2025-10-20T04:18:19.801Z] [INFO   ] 2025-10-20T04:18:19.801Z [DEBUG] [Username Check] {"userId":"a3e3a51a-175c-4b59-ad03-227ba12a18b0","hasEmail":true,"provider":"email","hasUsername":true,"isGoogleUser":false}
[2025-10-20T04:18:37.155Z] [INFO   ]  [32m[1m✓[22m[39m Compiled in 954ms (1576 modules)
[2025-10-20T04:18:37.196Z] [WARN   ]  [33m[1m⚠[22m[39m Fast Refresh had to perform a full reload due to a runtime error.
[2025-10-20T04:18:37.399Z] [INFO   ] 2025-10-20T04:18:37.399Z [DEBUG] [Middleware] Username check: {"path":"/workflows/builder/8340b576-0b3d-4af6-8e9b-8769b61147d1","userId":"a3e3a51a-175c-4b59-ad03-227ba12a18b0","provider":"email","role":"admin","username":"nstoddard17","hasUsername":true,"isBetaTester":false,"isNewBetaUser":false,"accountAge":12367230000}
[2025-10-20T04:18:37.679Z] [INFO   ] 2025-10-20T04:18:37.679Z [DEBUG] [Username Check] {"userId":"a3e3a51a-175c-4b59-ad03-227ba12a18b0","hasEmail":true,"provider":"email","hasUsername":true,"isGoogleUser":false}
[2025-10-20T04:18:37.688Z] [INFO   ] 🧪 [useWorkflowBuilder] Returning - testModeDialogOpen: false
[2025-10-20T04:18:38.025Z] [INFO   ] 2025-10-20T04:18:38.025Z [DEBUG] 📍 [API /api/integrations] GET request received {"timestamp":"2025-10-20T04:18:38.025Z","headers":{"referer":"check-console"}}
[2025-10-20T04:18:38.160Z] [INFO   ] 2025-10-20T04:18:38.160Z [DEBUG] ✅ [API /api/integrations] User authenticated {"userId":"a3e3a51a-175c-4b59-ad03-227ba12a18b0"}
[2025-10-20T04:18:38.261Z] [INFO   ] 2025-10-20T04:18:38.261Z [DEBUG] 📊 [API /api/integrations] Query result {"count":19,"error":null,"firstFew":[{"provider":"notion","status":"connected"},{"provider":"mailchimp","status":"connected"}]}
[2025-10-20T04:19:14.120Z] [INFO   ]  [32m[1m✓[22m[39m Compiled in 2s (5726 modules)
[2025-10-20T04:19:14.422Z] [INFO   ] 2025-10-20T04:19:14.422Z [DEBUG] [Middleware] Username check: {"path":"/workflows/builder/8340b576-0b3d-4af6-8e9b-8769b61147d1","userId":"a3e3a51a-175c-4b59-ad03-227ba12a18b0","provider":"email","role":"admin","username":"nstoddard17","hasUsername":true,"isBetaTester":false,"isNewBetaUser":false,"accountAge":12367267023}
[2025-10-20T04:19:14.606Z] [INFO   ] 2025-10-20T04:19:14.606Z [DEBUG] [Username Check] {"userId":"a3e3a51a-175c-4b59-ad03-227ba12a18b0","hasEmail":true,"provider":"email","hasUsername":true,"isGoogleUser":false}
[2025-10-20T04:47:11.350Z] [INFO   ] 2025-10-20T04:47:11.349Z [DEBUG] 🔑 Discord bot token loaded
[2025-10-20T04:47:11.404Z] [INFO   ] 2025-10-20T04:47:11.404Z [DEBUG] Discord Gateway closed, persistent reconnect disabled
[2025-10-20T04:47:11.739Z] [INFO   ] 2025-10-20T04:47:11.739Z [DEBUG] Discord Gateway WebSocket connection established
[2025-10-20T04:47:11.743Z] [INFO   ] 2025-10-20T04:47:11.743Z [DEBUG] 🔑 Sending identify with intents: {"GUILDS":true,"GUILD_MEMBERS":true,"GUILD_INVITES":true,"GUILD_MESSAGES":true,"MESSAGE_CONTENT":true,"intentsValue":33347}
[2025-10-20T04:47:11.965Z] [INFO   ] 2025-10-20T04:47:11.965Z [DEBUG] 🎉 Discord bot ready! {"sessionId":"34264b011be2eae645150f78a1658ab2","username":"ChainReact-Bot","userId":"1378595955212812308","guildCount":2}
[2025-10-20T04:47:11.966Z] [INFO   ] 2025-10-20T04:47:11.966Z [DEBUG] 📋 Initializing invite cache...
[2025-10-20T04:47:11.970Z] [INFO   ] 2025-10-20T04:47:11.970Z [DEBUG] 📡 Discord event received: GUILD_CREATE
[2025-10-20T04:47:11.972Z] [INFO   ] 2025-10-20T04:47:11.972Z [DEBUG] 📡 Discord event received: GUILD_CREATE
[2025-10-20T04:47:12.125Z] [INFO   ] 2025-10-20T04:47:12.125Z [DEBUG] ✅ Cached 3 invites for guild 1378950884045623406
[2025-10-20T05:13:44.210Z] [INFO   ] 2025-10-20T05:13:44.209Z [DEBUG] 🔑 Discord bot token loaded
[2025-10-20T05:13:44.278Z] [INFO   ] 2025-10-20T05:13:44.276Z [DEBUG] Discord Gateway closed, persistent reconnect disabled
[2025-10-20T05:13:44.586Z] [INFO   ] 2025-10-20T05:13:44.586Z [DEBUG] Discord Gateway WebSocket connection established
[2025-10-20T05:13:44.587Z] [INFO   ] 2025-10-20T05:13:44.587Z [DEBUG] 🔑 Sending identify with intents: {"GUILDS":true,"GUILD_MEMBERS":true,"GUILD_INVITES":true,"GUILD_MESSAGES":true,"MESSAGE_CONTENT":true,"intentsValue":33347}
[2025-10-20T05:13:44.969Z] [INFO   ] 2025-10-20T05:13:44.968Z [DEBUG] 🎉 Discord bot ready! {"sessionId":"bbd8c17f656b6da4a80bab60962893b5","username":"ChainReact-Bot","userId":"1378595955212812308","guildCount":2}
[2025-10-20T05:13:44.969Z] [INFO   ] 2025-10-20T05:13:44.969Z [DEBUG] 📋 Initializing invite cache...
[2025-10-20T05:13:44.972Z] [INFO   ] 2025-10-20T05:13:44.972Z [DEBUG] 📡 Discord event received: GUILD_CREATE
[2025-10-20T05:13:44.979Z] [INFO   ] 2025-10-20T05:13:44.979Z [DEBUG] 📡 Discord event received: GUILD_CREATE
[2025-10-20T05:13:45.149Z] [INFO   ] 2025-10-20T05:13:45.149Z [DEBUG] ✅ Cached 3 invites for guild 1378950884045623406
[2025-10-20T05:42:43.457Z] [INFO   ] 2025-10-20T05:42:43.455Z [DEBUG] Discord Gateway closed, persistent reconnect disabled
[2025-10-20T12:29:50.393Z] [INFO   ] 2025-10-20T12:29:50.390Z [DEBUG] [Middleware] Username check: {"path":"/workflows/builder/8340b576-0b3d-4af6-8e9b-8769b61147d1","userId":"a3e3a51a-175c-4b59-ad03-227ba12a18b0","provider":"email","role":"admin","username":"nstoddard17","hasUsername":true,"isBetaTester":false,"isNewBetaUser":false,"accountAge":12396702991}
[2025-10-20T12:29:50.691Z] [INFO   ] 2025-10-20T12:29:50.690Z [DEBUG] 💧 [AUTH] Rehydrating auth state from storage {"hasState":true,"hasUser":false,"initialized":false,"timestamp":"2025-10-20T12:29:50.690Z"}
[2025-10-20T12:29:50.766Z] [INFO   ] 2025-10-20T12:29:50.765Z [DEBUG] 💧 [AUTH] State hydrated and reset {"hasUser":false,"initialized":false,"timestamp":"2025-10-20T12:29:50.765Z"}
[2025-10-20T12:29:50.766Z] [INFO   ] 2025-10-20T12:29:50.766Z [DEBUG] ⏭️ [AUTH] Skipping initialization {"hasState":true,"alreadyInitialized":false,"isClient":false,"timestamp":"2025-10-20T12:29:50.766Z"}
[2025-10-20T12:29:51.033Z] [INFO   ] 2025-10-20T12:29:51.033Z [DEBUG] [Username Check] {"userId":"a3e3a51a-175c-4b59-ad03-227ba12a18b0","hasEmail":true,"provider":"email","hasUsername":true,"isGoogleUser":false}
[2025-10-20T12:29:51.406Z] [INFO   ] 🧪 [useWorkflowBuilder] Returning - testModeDialogOpen: false
[2025-10-20T12:29:52.365Z] [INFO   ] 2025-10-20T12:29:52.365Z [DEBUG] 📍 [API /api/integrations] GET request received {"timestamp":"2025-10-20T12:29:52.365Z","headers":{"referer":"check-console"}}
[2025-10-20T12:29:52.439Z] [INFO   ] 2025-10-20T12:29:52.439Z [DEBUG] ✅ [API /api/integrations] User authenticated {"userId":"a3e3a51a-175c-4b59-ad03-227ba12a18b0"}
[2025-10-20T12:29:52.615Z] [INFO   ] 2025-10-20T12:29:52.615Z [DEBUG] 📊 [API /api/integrations] Query result {"count":14,"error":null,"firstFew":[{"provider":"notion","status":"connected"},{"provider":"mailchimp","status":"connected"}]}
[2025-10-20T12:30:00.722Z] [INFO   ]  [37m[1m○[22m[39m Compiling /api/workflows/execute ...
[2025-10-20T12:30:05.910Z] [INFO   ]  [32m[1m✓[22m[39m Compiled /api/workflows/execute in 5.9s (6158 modules)
[2025-10-20T12:30:10.100Z] [INFO   ] 2025-10-20T12:30:10.099Z [DEBUG] === Workflow Execution Started (Refactored) ===
[2025-10-20T12:30:10.101Z] [INFO   ] 2025-10-20T12:30:10.101Z [DEBUG] 📊 [Execute Route] Request content-length: 46930
[2025-10-20T12:30:10.102Z] [INFO   ] 2025-10-20T12:30:10.102Z [DEBUG] 📊 [Execute Route] Request body text length: 46914
[2025-10-20T12:30:10.103Z] [INFO   ] 2025-10-20T12:30:10.103Z [DEBUG] 📊 [Execute Route] Workflow data received: {"workflowId":"8340b576-0b3d-4af6-8e9b-8769b61147d1","hasWorkflowData":true,"nodesCount":4,"nodeTypes":[{"id":"trigger-1760813764735","type":"gmail_trigger_new_email"},{"id":"action-1760841495900","type":"hitl_conversation"},{"id":"action-1760841551096","type":"discord_action_send_message"},{"id":"add-action-action-1760841551096"}],"hasTestModeConfig":true,"testModeConfig":{"triggerMode":"use_mock_data","actionMode":"intercept_writes","showDetailedSteps":true,"captureStepData":true}}
[2025-10-20T12:30:10.103Z] [INFO   ] 2025-10-20T12:30:10.103Z [DEBUG] Execution parameters: {"workflowId":"8340b576-0b3d-4af6-8e9b-8769b61147d1","testMode":true,"executionMode":"sandbox","effectiveTestMode":true,"skipTriggers":true,"hasInputData":true,"hasWorkflowData":true}
[2025-10-20T12:30:10.277Z] [INFO   ] 2025-10-20T12:30:10.277Z [DEBUG] Workflow found: {"id":"8340b576-0b3d-4af6-8e9b-8769b61147d1","name":"test","nodesCount":3}
[2025-10-20T12:30:10.350Z] [INFO   ] 2025-10-20T12:30:10.350Z [DEBUG] [Middleware] Username check: {"path":"/workflows/builder/8340b576-0b3d-4af6-8e9b-8769b61147d1","userId":"a3e3a51a-175c-4b59-ad03-227ba12a18b0","provider":"email","role":"admin","username":"nstoddard17","hasUsername":true,"isBetaTester":false,"isNewBetaUser":false,"accountAge":12396722951}
[2025-10-20T12:30:10.374Z] [INFO   ] 2025-10-20T12:30:10.373Z [DEBUG] User authenticated: a3e3a51a-175c-4b59-ad03-227ba12a18b0
[2025-10-20T12:30:10.374Z] [INFO   ] 2025-10-20T12:30:10.374Z [DEBUG] Skipping trigger node: trigger-1760813764735 (gmail_trigger_new_email)
[2025-10-20T12:30:10.374Z] [INFO   ] 2025-10-20T12:30:10.374Z [DEBUG] Workflow structure: {"originalNodesCount":4,"filteredNodesCount":2,"skippedUINodes":2,"edgesCount":1,"nodeTypes":["hitl_conversation","discord_action_send_message"]}
[2025-10-20T12:30:10.374Z] [INFO   ] 2025-10-20T12:30:10.374Z [DEBUG] Action nodes found (triggers skipped): 2
[2025-10-20T12:30:10.374Z] [INFO   ] 2025-10-20T12:30:10.374Z [DEBUG] Starting workflow execution with effectiveTestMode: true
[2025-10-20T12:30:10.374Z] [INFO   ] 2025-10-20T12:30:10.374Z [DEBUG] 📦 Generating mock trigger data for: gmail_trigger_new_email
[2025-10-20T12:30:10.375Z] [INFO   ] 2025-10-20T12:30:10.375Z [DEBUG] 🚀 Starting workflow execution service {"testMode":true,"testModeConfig":{"triggerMode":"use_mock_data","actionMode":"intercept_writes"}}
[2025-10-20T12:30:10.375Z] [INFO   ] 2025-10-20T12:30:10.375Z [DEBUG] Executing workflow with: {"originalNodesCount":2,"validNodesCount":2,"skippedNodes":0,"connectionsCount":1,"usingWorkflowData":true,"nodeTypes":["hitl_conversation","discord_action_send_message"]}
[2025-10-20T12:30:10.375Z] [INFO   ] 2025-10-20T12:30:10.375Z [DEBUG] ⚙️ Fallback: starting from 1 root action node(s) (no triggers present)
[2025-10-20T12:30:10.617Z] [INFO   ] 2025-10-20T12:30:10.616Z [DEBUG] [Username Check] {"userId":"a3e3a51a-175c-4b59-ad03-227ba12a18b0","hasEmail":true,"provider":"email","hasUsername":true,"isGoogleUser":false}
[2025-10-20T12:30:10.627Z] [INFO   ] 2025-10-20T12:30:10.627Z [DEBUG] 🔄 ExecutionProgressTracker.initialize called {"executionId":"98011586-6309-49dd-8760-597effa44134","workflowId":"8340b576-0b3d-4af6-8e9b-8769b61147d1","userId":"a3e3a51a-175c-4b59-ad03-227ba12a18b0","totalNodes":2}
[2025-10-20T12:30:10.740Z] [INFO   ] 2025-10-20T12:30:10.740Z [DEBUG] ✅ Execution progress tracker initialized: 0662d6d9-0bf6-41f8-9de8-d181a423e176
[2025-10-20T12:30:11.012Z] [INFO   ] 2025-10-20T12:30:11.012Z [DEBUG] 📝 Started execution history tracking: cce01816-6ca0-445e-a6ac-ea12cfeb919b
[2025-10-20T12:30:11.013Z] [INFO   ] 2025-10-20T12:30:11.013Z [DEBUG] 🔧 Creating execution context with userId: a3e3a51a-175c-4b59-ad03-227ba12a18b0
[2025-10-20T12:30:11.115Z] [INFO   ] 2025-10-20T12:30:11.114Z [DEBUG] 📊 Loaded 0 workflow variables
[2025-10-20T12:30:11.116Z] [INFO   ] 2025-10-20T12:30:11.116Z [DEBUG] ✅ Created execution context with userId: a3e3a51a-175c-4b59-ad03-227ba12a18b0
[2025-10-20T12:30:11.116Z] [INFO   ] 2025-10-20T12:30:11.116Z [DEBUG] 📍 Starting execution with 1 starting nodes
[2025-10-20T12:30:11.116Z] [INFO   ] 2025-10-20T12:30:11.116Z [DEBUG] 🎯 Executing action node: action-1760841495900 (hitl_conversation)
[2025-10-20T12:30:11.116Z] [INFO   ] 2025-10-20T12:30:11.116Z [DEBUG] Updating execution progress: {"currentNodeId":"action-1760841495900","currentNodeName":"Ask Human via Chat","progressPercentage":0}
[2025-10-20T12:30:11.225Z] [INFO   ] 2025-10-20T12:30:11.224Z [DEBUG] 🔧 Executing node: action-1760841495900 (hitl_conversation)
[2025-10-20T12:30:11.336Z] [INFO   ]  [37m[1m○[22m[39m Compiling /api/collaboration/leave ...
[2025-10-20T12:30:11.388Z] [INFO   ] 2025-10-20T12:30:11.387Z [DEBUG] 📝 Recorded step 1: hitl_conversation (action-1760841495900)
[2025-10-20T12:30:11.388Z] [INFO   ] 2025-10-20T12:30:11.388Z [DEBUG] 💬 Executing HITL conversation node
[2025-10-20T12:30:11.389Z] [INFO   ] 2025-10-20T12:30:11.389Z [DEBUG] 🔍 Resolving variable: {{*}}
[2025-10-20T12:30:11.389Z] [INFO   ] 2025-10-20T12:30:11.389Z [DEBUG] 🔍 Available input keys: email
[2025-10-20T12:30:11.390Z] [INFO   ] 2025-10-20T12:30:11.390Z [DEBUG] [HITL] No external memory document configured
[2025-10-20T12:30:11.390Z] [INFO   ] 2025-10-20T12:30:11.390Z [DEBUG] 🔍 Resolving variable: **Workflow Paused for Review**

Here's the data from the previous step:
{{*}}

Let me know when you're ready to continue!
[2025-10-20T12:30:11.390Z] [INFO   ] 2025-10-20T12:30:11.390Z [DEBUG] 🔍 Available input keys: email
[2025-10-20T12:30:11.725Z] [INFO   ]  [32m[1m✓[22m[39m Compiled /api/collaboration/leave in 921ms (6160 modules)
[2025-10-20T12:30:12.309Z] [INFO   ] 2025-10-20T12:30:12.309Z [INFO] HITL Discord message sent with thread {"messageId":"1429808923149471817","threadId":"1429808923149471817","conversationId":"hitl_98011586-6309-49dd-8760-597effa44134_action-1760841495900_1760963411390"}
[2025-10-20T12:30:12.532Z] [INFO   ] 2025-10-20T12:30:12.532Z [INFO] HITL conversation initiated {"executionId":"98011586-6309-49dd-8760-597effa44134","conversationId":"fbcef6ac-67f6-4b5f-b243-d6e91afc50fc","channelType":"discord","channelId":"1429808923149471817","timeoutAt":"2025-10-20T13:30:11.390Z","timeoutMinutes":60}
[2025-10-20T12:30:12.537Z] [INFO   ] 2025-10-20T12:30:12.537Z [DEBUG] 💾 Stored output for node action-1760841495900: {"success":true,"dataKeys":["email","hitlInitiated","conversationId","channelType","channelId","threadId","timeoutAt","timeoutMinutes","hasTimeout","status"]}
[2025-10-20T12:30:12.543Z] [INFO   ] 2025-10-20T12:30:12.542Z [DEBUG] 🔗 Node action-1760841495900 has 1 connected nodes
[2025-10-20T12:30:12.543Z] [INFO   ] 2025-10-20T12:30:12.543Z [DEBUG] 📌 Original context userId: a3e3a51a-175c-4b59-ad03-227ba12a18b0
[2025-10-20T12:30:12.544Z] [INFO   ] 2025-10-20T12:30:12.544Z [DEBUG] 📌 Updated context userId for node action-1760841551096: a3e3a51a-175c-4b59-ad03-227ba12a18b0
[2025-10-20T12:30:12.544Z] [INFO   ] 2025-10-20T12:30:12.544Z [DEBUG] 🔧 Executing node: action-1760841551096 (discord_action_send_message)
[2025-10-20T12:30:12.545Z] [INFO   ] 2025-10-20T12:30:12.544Z [DEBUG]    Discord node config: {"providerId":"discord","hasConfig":true,"configKeys":["guildId","message","channelId","messageId","__dynamicOptions","__validationState"]}
[2025-10-20T12:30:12.645Z] [INFO   ] 2025-10-20T12:30:12.645Z [DEBUG] 📝 Recorded step 2: discord_action_send_message (action-1760841551096)
[2025-10-20T12:30:12.649Z] [INFO   ] 2025-10-20T12:30:12.648Z [DEBUG] 🔌 Executing integration node: discord_action_send_message
[2025-10-20T12:30:12.649Z] [INFO   ] 2025-10-20T12:30:12.649Z [DEBUG] 📌 IntegrationHandlers - Context userId: a3e3a51a-175c-4b59-ad03-227ba12a18b0
[2025-10-20T12:30:12.649Z] [INFO   ] 2025-10-20T12:30:12.649Z [DEBUG] 💬 Executing Discord action
[2025-10-20T12:30:12.649Z] [INFO   ] 2025-10-20T12:30:12.649Z [DEBUG]    Node type: "discord_action_send_message"
[2025-10-20T12:30:12.650Z] [INFO   ] 2025-10-20T12:30:12.650Z [DEBUG]    User ID: a3e3a51a-175c-4b59-ad03-227ba12a18b0
[2025-10-20T12:30:12.650Z] [INFO   ] 2025-10-20T12:30:12.650Z [DEBUG] 🔍 [INTEGRATION DEBUG] Full context:
[2025-10-20T12:30:12.650Z] [INFO   ] 2025-10-20T12:30:12.650Z [DEBUG]    context.userId: a3e3a51a-175c-4b59-ad03-227ba12a18b0
[2025-10-20T12:30:12.650Z] [INFO   ] 2025-10-20T12:30:12.650Z [DEBUG]    context.data: {
  "email": {
    "id": "mock_email_1760963410374",
    "subject": "Test Email Subject",
    "from": "test@example.com",
    "to": "user-a3e3a51a-175c-4b59-ad03-227ba12a18b0@example.com",
    "body": "This is a test email body for workflow execution.",
    "timestamp": "2025-10-20T12:30:10.374Z",
    "labels": [
      "INBOX"
    ],
    "unread": true
  },
  "hitlInitiated": true,
  "conversationId": "fbcef6ac-67f6-4b5f-b243-d6e91afc50fc",
  "channelType": "discord",
  "channelId": "1429808923149471817",
  "threadId": "1429808923149471817",
  "timeoutAt": "2025-10-20T13:30:11.390Z",
  "timeoutMinutes": 60,
  "hasTimeout": true,
  "status": "waiting_for_input"
}
[2025-10-20T12:30:12.650Z] [INFO   ] 2025-10-20T12:30:12.650Z [DEBUG] 🔍 [INTEGRATION DEBUG] Node config:
[2025-10-20T12:30:12.651Z] [INFO   ] 2025-10-20T12:30:12.650Z [DEBUG] {
  "guildId": "1378950884045623406",
  "message": "Test",
  "channelId": "1378950885044125758",
  "messageId": "",
  "__dynamicOptions": {
    "guildId": [
      {
        "label": "ChainReact",
        "value": "1378950884045623406"
      },
      {
        "label": "chainreactapp's server",
        "value": "1391236319807541270"
      }
    ],
    "channelId": [
      {
        "type": 0,
        "label": "rules",
        "value": "1415172962788573316",
        "position": 0
      },
      {
        "type": 2,
        "label": "general-voice",
        "value": "1415310483979899042",
        "position": 0
      },
      {
        "type": 0,
        "label": "general",
        "value": "1378950885044125758",
        "position": 2
      },
      {
        "type": 5,
        "label": "welcome",
        "value": "1415174831183499415",
        "position": 3
      },
      {
        "type": 5,
        "label": "announcements",
        "value": "1415175144451739790",
        "position": 4
      },
      {
        "type": 0,
        "label": "faq",
        "value": "1415175175237799986",
        "position": 5
      },
      {
        "type": 0,
        "label": "general",
        "value": "1415309693282287687",
        "position": 6
      },
      {
        "type": 0,
        "label": "introductions",
        "value": "1415309737880195142",
        "position": 7
      },
      {
        "type": 15,
        "label": "feedback",
        "value": "1415309773989085205",
        "position": 8
      },
      {
        "type": 0,
        "label": "showcase",
        "value": "1415309842733862972",
        "position": 9
      },
      {
        "type": 15,
        "label": "support-questions",
        "value": "1415310146183106560",
        "position": 10
      },
      {
        "type": 15,
        "label": "bug-reports",
        "value": "1415310187820220426",
        "position": 11
      },
      {
        "type": 0,
        "label": "off-topic",
        "value": "1415310845092691988",
        "position": 12
      },
      {
        "type": 5,
        "label": "resources",
        "value": "1415310890940502077",
        "position": 13
      }
    ]
  },
  "__validationState": {
    "isValid": true,
    "lastUpdatedAt": "2025-10-19T02:39:11.096Z",
    "lastValidatedAt": "2025-10-19T02:39:11.096Z",
    "missingRequired": [],
    "allRequiredFields": [
      "guildId",
      "channelId",
      "message"
    ]
  }
}
[2025-10-20T12:30:12.651Z] [INFO   ] 2025-10-20T12:30:12.651Z [DEBUG] 📤 Sending Discord channel message...
[2025-10-20T12:30:12.651Z] [INFO   ] 2025-10-20T12:30:12.651Z [DEBUG]    Channel ID: 1378950885044125758
[2025-10-20T12:30:12.651Z] [INFO   ] 2025-10-20T12:30:12.651Z [DEBUG]    Has message: true
[2025-10-20T12:30:12.652Z] [INFO   ] 2025-10-20T12:30:12.651Z [DEBUG] 🔍 [INTEGRATION DEBUG] About to call sendDiscordMessage with userId: a3e3a51a-175c-4b59-ad03-227ba12a18b0
[2025-10-20T12:30:12.652Z] [INFO   ] 2025-10-20T12:30:12.652Z [DEBUG] 🔍 [DISCORD DEBUG] sendDiscordMessage called with:
[2025-10-20T12:30:12.652Z] [INFO   ] 2025-10-20T12:30:12.652Z [DEBUG]    userId: a3e3a51a-175c-4b59-ad03-227ba12a18b0
[2025-10-20T12:30:12.653Z] [INFO   ] 2025-10-20T12:30:12.653Z [DEBUG]    config keys: ["guildId","message","channelId","messageId","__dynamicOptions","__validationState"]
[2025-10-20T12:30:12.653Z] [INFO   ] 2025-10-20T12:30:12.653Z [DEBUG]    input keys: ["email","hitlInitiated","conversationId","channelType","channelId","threadId","timeoutAt","timeoutMinutes","hasTimeout","status"]
[2025-10-20T12:30:12.654Z] [INFO   ] 2025-10-20T12:30:12.654Z [DEBUG] 🔍 [DISCORD DEBUG] Resolved config:
[2025-10-20T12:30:12.654Z] [INFO   ] 2025-10-20T12:30:12.654Z [DEBUG]    guildId: 1378950884045623406
[2025-10-20T12:30:12.654Z] [INFO   ] 2025-10-20T12:30:12.654Z [DEBUG]    channelId: 1378950885044125758
[2025-10-20T12:30:12.654Z] [INFO   ] 2025-10-20T12:30:12.654Z [DEBUG]    message: SET
[2025-10-20T12:30:12.654Z] [INFO   ] 2025-10-20T12:30:12.654Z [DEBUG] 🔍 [DISCORD DEBUG] Querying Discord integration for userId: a3e3a51a-175c-4b59-ad03-227ba12a18b0
[2025-10-20T12:30:12.737Z] [INFO   ] 2025-10-20T12:30:12.737Z [DEBUG] 🔍 [DISCORD DEBUG] Integration query result:
[2025-10-20T12:30:12.738Z] [INFO   ] 2025-10-20T12:30:12.738Z [DEBUG]    error: null
[2025-10-20T12:30:12.738Z] [INFO   ] 2025-10-20T12:30:12.738Z [DEBUG]    integration found: true
[2025-10-20T12:30:12.738Z] [INFO   ] 2025-10-20T12:30:12.738Z [DEBUG]    integration id: 67c08136-3021-4b5a-ba37-343adefeb40e
[2025-10-20T12:30:12.738Z] [INFO   ] 2025-10-20T12:30:12.738Z [DEBUG]    integration provider: discord
[2025-10-20T12:30:12.739Z] [INFO   ] 2025-10-20T12:30:12.738Z [DEBUG]    integration status: connected
[2025-10-20T12:30:12.739Z] [INFO   ] 2025-10-20T12:30:12.739Z [DEBUG]    integration userId: a3e3a51a-175c-4b59-ad03-227ba12a18b0
[2025-10-20T12:30:12.981Z] [INFO   ] 2025-10-20T12:30:12.980Z [DEBUG] ✅ Bot verified as member of guild 1378950884045623406
[2025-10-20T12:30:13.408Z] [INFO   ] 2025-10-20T12:30:13.408Z [DEBUG]    Discord send result: ✅ Success
[2025-10-20T12:30:13.410Z] [INFO   ] 2025-10-20T12:30:13.409Z [DEBUG] 🛡️ Intercepting write action: discord_action_send_message
[2025-10-20T12:30:13.411Z] [INFO   ] 2025-10-20T12:30:13.411Z [DEBUG] 💾 Stored output for node action-1760841551096: {"success":true,"dataKeys":["messageId","channelId","guildId","content","timestamp","author","embed","discordResponse","intercepted"]}
[2025-10-20T12:30:13.412Z] [INFO   ] 2025-10-20T12:30:13.412Z [DEBUG] 🔗 Node action-1760841551096 has 0 connected nodes
[2025-10-20T12:30:13.412Z] [INFO   ] 2025-10-20T12:30:13.412Z [DEBUG] 📌 Original context userId: a3e3a51a-175c-4b59-ad03-227ba12a18b0
[2025-10-20T12:30:13.412Z] [INFO   ] 2025-10-20T12:30:13.412Z [DEBUG] ✅ Node action-1760841551096 completed in 868ms
[2025-10-20T12:30:13.576Z] [INFO   ] 2025-10-20T12:30:13.576Z [DEBUG] ✅ Step action-1760841551096 completed (866ms)
[2025-10-20T12:30:13.576Z] [INFO   ] 2025-10-20T12:30:13.576Z [DEBUG] ✅ Node action-1760841495900 completed in 2352ms
[2025-10-20T12:30:13.734Z] [INFO   ] 2025-10-20T12:30:13.734Z [DEBUG] ✅ Step action-1760841495900 completed (2351ms)
[2025-10-20T12:30:13.734Z] [INFO   ] 2025-10-20T12:30:13.734Z [DEBUG]    Node action-1760841495900 execution result: {"success":true,"hasError":false,"hasResults":false,"pauseExecution":true}
[2025-10-20T12:30:13.734Z] [INFO   ] 2025-10-20T12:30:13.734Z [INFO] ⏸️  Workflow paused at node action-1760841495900 (HITL conversation initiated)
[2025-10-20T12:30:13.820Z] [INFO   ] 2025-10-20T12:30:13.820Z [DEBUG] Updating execution progress: {"status":"running","currentNodeId":"action-1760841495900","currentNodeName":"Ask Human via Chat"}
[2025-10-20T12:30:13.898Z] [INFO   ] 2025-10-20T12:30:13.898Z [DEBUG] ⏸️  Execution paused at node action-1760841495900
[2025-10-20T12:30:13.982Z] [INFO   ] 2025-10-20T12:30:13.982Z [DEBUG] ⏸️  Execution cce01816-6ca0-445e-a6ac-ea12cfeb919b paused at node action-1760841495900
[2025-10-20T12:30:13.984Z] [INFO   ] 2025-10-20T12:30:13.984Z [DEBUG] Workflow execution completed successfully

=== Log Session Ended: 2025-10-20T12:30:47.812Z ===
