=== Log Session Started: 2025-11-02T03:21:31.293Z ===
Node Version: v23.7.0
Platform: darwin
Working Directory: /Users/nathanielstoddard/chainreact-app/chainreact-app-9e
================================================================================

[2025-11-02T03:21:31.294Z] [INFO   ] File logging initialized
[2025-11-02T03:21:31.294Z] [INFO   ] Log file: /Users/nathanielstoddard/chainreact-app/chainreact-app-9e/logs/workflow_2025-11-01_22-21-31.log
[2025-11-02T03:21:31.297Z] [INFO   ] 📁 File logging enabled
[2025-11-02T03:21:31.297Z] [INFO   ] 📝 Logs will be written to: /Users/nathanielstoddard/chainreact-app/chainreact-app-9e/logs/workflow_2025-11-01_22-21-31.log
[2025-11-02T03:21:31.297Z] [INFO   ] 💡 To view logs in real-time: tail -f /Users/nathanielstoddard/chainreact-app/chainreact-app-9e/logs/workflow_2025-11-01_22-21-31.log
[2025-11-02T03:21:31.297Z] [INFO   ] 💡 To view all logs: cat /Users/nathanielstoddard/chainreact-app/chainreact-app-9e/logs/workflow_2025-11-01_22-21-31.log
[2025-11-02T03:21:31.297Z] [INFO   ] 💡 To share logs: Copy the file at /Users/nathanielstoddard/chainreact-app/chainreact-app-9e/logs/workflow_2025-11-01_22-21-31.log
[2025-11-02T03:21:31.297Z] [INFO   ] --------------------------------------------------------------------------------
[2025-11-02T03:21:31.297Z] [DEBUG  ] 📁 File logging system initialized
[2025-11-02T03:21:31.305Z] [INFO   ]  ✓ Ready in 7.6s
[2025-11-02T03:21:32.506Z] [INFO   ] 2025-11-02T03:21:32.506Z [DEBUG] 🤖 Discord bot configured, initializing gateway connection in background...
[2025-11-02T03:21:34.473Z] [INFO   ] 2025-11-02T03:21:34.473Z [DEBUG] Initializing Discord Gateway connection (singleton)...
[2025-11-02T03:21:34.473Z] [INFO   ] 2025-11-02T03:21:34.473Z [DEBUG] 🔑 Discord bot token loaded
[2025-11-02T03:21:34.801Z] [INFO   ] 2025-11-02T03:21:34.801Z [DEBUG] Discord Gateway initialization complete
[2025-11-02T03:21:34.803Z] [INFO   ] 2025-11-02T03:21:34.803Z [DEBUG] ✅ Discord bot gateway connection initialized
[2025-11-02T03:21:35.177Z] [INFO   ] 2025-11-02T03:21:35.177Z [DEBUG] Discord Gateway WebSocket connection established
[2025-11-02T03:21:35.178Z] [INFO   ] 2025-11-02T03:21:35.178Z [DEBUG] 🔑 Sending identify with intents: {"GUILDS":true,"GUILD_MEMBERS":true,"GUILD_INVITES":true,"GUILD_MESSAGES":true,"MESSAGE_CONTENT":true,"intentsValue":33347}
[2025-11-02T03:21:35.378Z] [INFO   ] 2025-11-02T03:21:35.378Z [DEBUG] 🎉 Discord bot ready! {"sessionId":"4319d7aa4e14ad562cbe9643e6d33b78","username":"ChainReact-Bot","userId":"1378595955212812308","guildCount":2}
[2025-11-02T03:21:35.378Z] [INFO   ] 2025-11-02T03:21:35.378Z [DEBUG] 📋 Initializing invite cache...
[2025-11-02T03:21:35.379Z] [INFO   ] 2025-11-02T03:21:35.379Z [DEBUG] 📡 Discord event received: GUILD_CREATE
[2025-11-02T03:21:35.392Z] [INFO   ] 2025-11-02T03:21:35.392Z [DEBUG] 📡 Discord event received: GUILD_CREATE
[2025-11-02T03:21:35.583Z] [INFO   ] 2025-11-02T03:21:35.583Z [DEBUG] ✅ Cached 3 invites for guild 1378950884045623406

=== Log Session Ended: 2025-11-02T03:25:15.949Z ===
