=== Log Session Started: 2025-10-23T18:40:24.394Z ===
Node Version: v23.7.0
Platform: darwin
Working Directory: /Users/nathanielstoddard/chainreact-app/chainreact-app-9e
================================================================================

[2025-10-23T18:40:24.394Z] [INFO   ] File logging initialized
[2025-10-23T18:40:24.394Z] [INFO   ] Log file: /Users/nathanielstoddard/chainreact-app/chainreact-app-9e/logs/workflow_2025-10-23_13-40-24.log
[2025-10-23T18:40:24.410Z] [INFO   ] Deleted old log file: workflow_2025-10-16_09-48-03.log
[2025-10-23T18:40:24.411Z] [INFO   ] 📁 File logging enabled
[2025-10-23T18:40:24.411Z] [INFO   ] 📝 Logs will be written to: /Users/nathanielstoddard/chainreact-app/chainreact-app-9e/logs/workflow_2025-10-23_13-40-24.log
[2025-10-23T18:40:24.411Z] [INFO   ] 💡 To view logs in real-time: tail -f /Users/nathanielstoddard/chainreact-app/chainreact-app-9e/logs/workflow_2025-10-23_13-40-24.log
[2025-10-23T18:40:24.411Z] [INFO   ] 💡 To view all logs: cat /Users/nathanielstoddard/chainreact-app/chainreact-app-9e/logs/workflow_2025-10-23_13-40-24.log
[2025-10-23T18:40:24.411Z] [INFO   ] 💡 To share logs: Copy the file at /Users/nathanielstoddard/chainreact-app/chainreact-app-9e/logs/workflow_2025-10-23_13-40-24.log
[2025-10-23T18:40:24.411Z] [INFO   ] --------------------------------------------------------------------------------
[2025-10-23T18:40:24.411Z] [DEBUG  ] 📁 File logging system initialized
[2025-10-23T18:40:24.418Z] [INFO   ]  [32m[1m✓[22m[39m Ready in 13.2s
[2025-10-23T18:40:24.524Z] [INFO   ]  [32m[1m✓[22m[39m Compiled /middleware in 102ms (233 modules)
[2025-10-23T18:40:25.432Z] [INFO   ] 2025-10-23T18:40:25.432Z [DEBUG] 🤖 Discord bot configured, initializing gateway connection in background...
[2025-10-23T18:40:27.192Z] [INFO   ] 2025-10-23T18:40:27.192Z [DEBUG] Initializing Discord Gateway connection (singleton)...
[2025-10-23T18:40:27.192Z] [INFO   ] 2025-10-23T18:40:27.192Z [DEBUG] 🔑 Discord bot token loaded
[2025-10-23T18:40:32.197Z] [WARN   ] 2025-10-23T18:40:32.197Z [WARN] Discord API network error (attempt 1/3). Retrying in 1000ms...
[2025-10-23T18:40:36.946Z] [ERROR  ] Error: fetch failed
    at context.fetch (/Users/nathanielstoddard/chainreact-app/chainreact-app-9e/node_modules/next/dist/server/web/sandbox/context.js:321:60)
    at eval (webpack-internal:///(middleware)/./node_modules/@supabase/auth-js/dist/module/lib/helpers.js:114:25)
    at _handleRequest (webpack-internal:///(middleware)/./node_modules/@supabase/auth-js/dist/module/lib/fetch.js:115:24)
    at _request (webpack-internal:///(middleware)/./node_modules/@supabase/auth-js/dist/module/lib/fetch.js:105:24)
    at eval (webpack-internal:///(middleware)/./node_modules/@supabase/auth-js/dist/module/GoTrueClient.js:1543:82)
    at eval (webpack-internal:///(middleware)/./node_modules/@supabase/auth-js/dist/module/lib/helpers.js:204:42)
    at eval (webpack-internal:///(middleware)/./node_modules/@supabase/auth-js/dist/module/lib/helpers.js:217:11)
    at new Promise (<anonymous>)
    at retryable (webpack-internal:///(middleware)/./node_modules/@supabase/auth-js/dist/module/lib/helpers.js:198:21)
    at SupabaseAuthClient._refreshAccessToken (webpack-internal:///(middleware)/./node_modules/@supabase/auth-js/dist/module/GoTrueClient.js:1538:81)
    at SupabaseAuthClient._callRefreshToken (webpack-internal:///(middleware)/./node_modules/@supabase/auth-js/dist/module/GoTrueClient.js:1649:48)
    at SupabaseAuthClient.__loadSession (webpack-internal:///(middleware)/./node_modules/@supabase/auth-js/dist/module/GoTrueClient.js:1014:51)
    at async SupabaseAuthClient._useSession (webpack-internal:///(middleware)/./node_modules/@supabase/auth-js/dist/module/GoTrueClient.js:954:28)
    at async SupabaseAuthClient._emitInitialSession (webpack-internal:///(middleware)/./node_modules/@supabase/auth-js/dist/module/GoTrueClient.js:1399:16) {
  
}
[2025-10-23T18:40:36.949Z] [ERROR  ] Error: fetch failed
    at context.fetch (/Users/nathanielstoddard/chainreact-app/chainreact-app-9e/node_modules/next/dist/server/web/sandbox/context.js:321:60)
    at eval (webpack-internal:///(middleware)/./node_modules/@supabase/auth-js/dist/module/lib/helpers.js:114:25)
    at _handleRequest (webpack-internal:///(middleware)/./node_modules/@supabase/auth-js/dist/module/lib/fetch.js:115:24)
    at _request (webpack-internal:///(middleware)/./node_modules/@supabase/auth-js/dist/module/lib/fetch.js:105:24)
    at eval (webpack-internal:///(middleware)/./node_modules/@supabase/auth-js/dist/module/GoTrueClient.js:1543:82)
    at eval (webpack-internal:///(middleware)/./node_modules/@supabase/auth-js/dist/module/lib/helpers.js:204:42)
    at eval (webpack-internal:///(middleware)/./node_modules/@supabase/auth-js/dist/module/lib/helpers.js:217:11)
    at new Promise (<anonymous>)
    at retryable (webpack-internal:///(middleware)/./node_modules/@supabase/auth-js/dist/module/lib/helpers.js:198:21)
    at SupabaseAuthClient._refreshAccessToken (webpack-internal:///(middleware)/./node_modules/@supabase/auth-js/dist/module/GoTrueClient.js:1538:81)
    at SupabaseAuthClient._callRefreshToken (webpack-internal:///(middleware)/./node_modules/@supabase/auth-js/dist/module/GoTrueClient.js:1649:48)
    at SupabaseAuthClient.__loadSession (webpack-internal:///(middleware)/./node_modules/@supabase/auth-js/dist/module/GoTrueClient.js:1014:51)
    at async SupabaseAuthClient._useSession (webpack-internal:///(middleware)/./node_modules/@supabase/auth-js/dist/module/GoTrueClient.js:954:28)
    at async SupabaseAuthClient._emitInitialSession (webpack-internal:///(middleware)/./node_modules/@supabase/auth-js/dist/module/GoTrueClient.js:1399:16) {
  
}
[2025-10-23T18:40:38.205Z] [WARN   ] 2025-10-23T18:40:38.204Z [WARN] Discord API network error (attempt 2/3). Retrying in 2000ms...
[2025-10-23T18:40:45.208Z] [ERROR  ] 2025-10-23T18:40:45.208Z [ERROR] Discord API failed after 3 attempts: {}
[2025-10-23T18:40:45.209Z] [ERROR  ] 2025-10-23T18:40:45.209Z [ERROR] Failed to connect to Discord Gateway: {}
[2025-10-23T18:40:45.210Z] [INFO   ] 2025-10-23T18:40:45.210Z [DEBUG] Discord Gateway: Scheduling reconnection attempt 1 in 30s
[2025-10-23T18:40:45.210Z] [INFO   ] 2025-10-23T18:40:45.210Z [DEBUG] Discord Gateway initialization complete
[2025-10-23T18:40:45.210Z] [INFO   ] 2025-10-23T18:40:45.210Z [DEBUG] ✅ Discord bot gateway connection initialized
[2025-10-23T18:40:47.442Z] [ERROR  ] Error: fetch failed
    at context.fetch (/Users/nathanielstoddard/chainreact-app/chainreact-app-9e/node_modules/next/dist/server/web/sandbox/context.js:321:60)
    at eval (webpack-internal:///(middleware)/./node_modules/@supabase/auth-js/dist/module/lib/helpers.js:114:25)
    at _handleRequest (webpack-internal:///(middleware)/./node_modules/@supabase/auth-js/dist/module/lib/fetch.js:115:24)
    at _request (webpack-internal:///(middleware)/./node_modules/@supabase/auth-js/dist/module/lib/fetch.js:105:24)
    at eval (webpack-internal:///(middleware)/./node_modules/@supabase/auth-js/dist/module/GoTrueClient.js:1543:82)
    at async eval (webpack-internal:///(middleware)/./node_modules/@supabase/auth-js/dist/module/lib/helpers.js:204:36) {
  
}
[2025-10-23T18:40:47.444Z] [ERROR  ] Error: fetch failed
    at context.fetch (/Users/nathanielstoddard/chainreact-app/chainreact-app-9e/node_modules/next/dist/server/web/sandbox/context.js:321:60)
    at eval (webpack-internal:///(middleware)/./node_modules/@supabase/auth-js/dist/module/lib/helpers.js:114:25)
    at _handleRequest (webpack-internal:///(middleware)/./node_modules/@supabase/auth-js/dist/module/lib/fetch.js:115:24)
    at _request (webpack-internal:///(middleware)/./node_modules/@supabase/auth-js/dist/module/lib/fetch.js:105:24)
    at eval (webpack-internal:///(middleware)/./node_modules/@supabase/auth-js/dist/module/GoTrueClient.js:1543:82)
    at runNextTicks (node:internal/process/task_queues:65:5)
    at listOnTimeout (node:internal/timers:575:9)
    at process.processTimers (node:internal/timers:549:7)
    at async eval (webpack-internal:///(middleware)/./node_modules/@supabase/auth-js/dist/module/lib/helpers.js:204:36) {
  
}
[2025-10-23T18:40:53.958Z] [INFO   ]  [37m[1m○[22m[39m Compiling /api/presence/count ...
[2025-10-23T18:40:54.162Z] [INFO   ]  [32m[1m✓[22m[39m Compiled /api/presence/count in 703ms (2707 modules)
[2025-10-23T18:40:57.950Z] [ERROR  ] Error: fetch failed
    at context.fetch (/Users/nathanielstoddard/chainreact-app/chainreact-app-9e/node_modules/next/dist/server/web/sandbox/context.js:321:60)
    at eval (webpack-internal:///(middleware)/./node_modules/@supabase/auth-js/dist/module/lib/helpers.js:114:25)
    at _handleRequest (webpack-internal:///(middleware)/./node_modules/@supabase/auth-js/dist/module/lib/fetch.js:115:24)
    at _request (webpack-internal:///(middleware)/./node_modules/@supabase/auth-js/dist/module/lib/fetch.js:105:24)
    at eval (webpack-internal:///(middleware)/./node_modules/@supabase/auth-js/dist/module/GoTrueClient.js:1543:82)
    at async eval (webpack-internal:///(middleware)/./node_modules/@supabase/auth-js/dist/module/lib/helpers.js:204:36) {
  
}
[2025-10-23T18:40:57.972Z] [ERROR  ] AuthRetryableFetchError: fetch failed {
  __isAuthError: true,
  status: 0,
  code: undefined
}
[2025-10-23T18:40:57.977Z] [ERROR  ] AuthRetryableFetchError: fetch failed {
  __isAuthError: true,
  status: 0,
  code: undefined
}
[2025-10-23T18:40:57.985Z] [ERROR  ] Error: fetch failed
    at context.fetch (/Users/nathanielstoddard/chainreact-app/chainreact-app-9e/node_modules/next/dist/server/web/sandbox/context.js:321:60)
    at eval (webpack-internal:///(middleware)/./node_modules/@supabase/auth-js/dist/module/lib/helpers.js:114:25)
    at _handleRequest (webpack-internal:///(middleware)/./node_modules/@supabase/auth-js/dist/module/lib/fetch.js:115:24)
    at _request (webpack-internal:///(middleware)/./node_modules/@supabase/auth-js/dist/module/lib/fetch.js:105:24)
    at eval (webpack-internal:///(middleware)/./node_modules/@supabase/auth-js/dist/module/GoTrueClient.js:1543:82)
    at async eval (webpack-internal:///(middleware)/./node_modules/@supabase/auth-js/dist/module/lib/helpers.js:204:36) {
  
}
[2025-10-23T18:40:57.996Z] [ERROR  ] AuthRetryableFetchError: fetch failed {
  __isAuthError: true,
  status: 0,
  code: undefined
}
[2025-10-23T18:40:58.008Z] [ERROR  ] AuthRetryableFetchError: fetch failed {
  __isAuthError: true,
  status: 0,
  code: undefined
}
[2025-10-23T18:40:58.573Z] [INFO   ]  [37m[1m○[22m[39m Compiling /auth/login ...
[2025-10-23T18:41:00.734Z] [INFO   ]  [32m[1m✓[22m[39m Compiled /auth/login in 2.7s (3730 modules)
[2025-10-23T18:41:00.999Z] [INFO   ] 2025-10-23T18:41:00.999Z [DEBUG] 💧 [AUTH] Rehydrating auth state from storage {"hasState":true,"hasUser":false,"initialized":false,"timestamp":"2025-10-23T18:41:00.999Z"}
[2025-10-23T18:41:01.000Z] [INFO   ] 2025-10-23T18:41:01.000Z [DEBUG] 💧 [AUTH] State hydrated and reset {"hasUser":false,"initialized":false,"timestamp":"2025-10-23T18:41:01.000Z"}
[2025-10-23T18:41:01.000Z] [INFO   ] 2025-10-23T18:41:01.000Z [DEBUG] ⏭️ [AUTH] Skipping initialization {"hasState":true,"alreadyInitialized":false,"isClient":false,"timestamp":"2025-10-23T18:41:01.000Z"}
[2025-10-23T18:41:01.567Z] [INFO   ]  [32m[1m✓[22m[39m Compiled in 819ms (577 modules)
[2025-10-23T18:41:05.535Z] [ERROR  ] fetch failed
TypeError: fetch failed
    at node:internal/deps/undici/undici:13502:13
    at process.processTicksAndRejections (node:internal/process/task_queues:105:5)
    at async _handleRequest (webpack-internal:///(rsc)/./node_modules/@supabase/auth-js/dist/module/lib/fetch.js:115:18)
    at async _request (webpack-internal:///(rsc)/./node_modules/@supabase/auth-js/dist/module/lib/fetch.js:105:18)
    at async eval (webpack-internal:///(rsc)/./node_modules/@supabase/auth-js/dist/module/GoTrueClient.js:1543:24)
    at async eval (webpack-internal:///(rsc)/./node_modules/@supabase/auth-js/dist/module/lib/helpers.js:204:36)
[2025-10-23T18:41:15.212Z] [INFO   ] 2025-10-23T18:41:15.212Z [DEBUG] 🔑 Discord bot token loaded
[2025-10-23T18:41:16.250Z] [ERROR  ] fetch failed
TypeError: fetch failed
    at node:internal/deps/undici/undici:13502:13
    at process.processTicksAndRejections (node:internal/process/task_queues:105:5)
    at async _handleRequest (webpack-internal:///(rsc)/./node_modules/@supabase/auth-js/dist/module/lib/fetch.js:115:18)
    at async _request (webpack-internal:///(rsc)/./node_modules/@supabase/auth-js/dist/module/lib/fetch.js:105:18)
    at async eval (webpack-internal:///(rsc)/./node_modules/@supabase/auth-js/dist/module/GoTrueClient.js:1543:24)
    at async eval (webpack-internal:///(rsc)/./node_modules/@supabase/auth-js/dist/module/lib/helpers.js:204:36)
[2025-10-23T18:41:20.214Z] [WARN   ] 2025-10-23T18:41:20.214Z [WARN] Discord API network error (attempt 1/3). Retrying in 1000ms...
[2025-10-23T18:41:26.218Z] [WARN   ] 2025-10-23T18:41:26.217Z [WARN] Discord API network error (attempt 2/3). Retrying in 2000ms...
[2025-10-23T18:41:26.763Z] [ERROR  ] fetch failed
TypeError: fetch failed
    at node:internal/deps/undici/undici:13502:13
    at process.processTicksAndRejections (node:internal/process/task_queues:105:5)
    at async _handleRequest (webpack-internal:///(rsc)/./node_modules/@supabase/auth-js/dist/module/lib/fetch.js:115:18)
    at async _request (webpack-internal:///(rsc)/./node_modules/@supabase/auth-js/dist/module/lib/fetch.js:105:18)
    at async eval (webpack-internal:///(rsc)/./node_modules/@supabase/auth-js/dist/module/GoTrueClient.js:1543:24)
    at async eval (webpack-internal:///(rsc)/./node_modules/@supabase/auth-js/dist/module/lib/helpers.js:204:36)
[2025-10-23T18:41:26.772Z] [ERROR  ] fetch failed
AuthRetryableFetchError: fetch failed
    at _handleRequest (webpack-internal:///(rsc)/./node_modules/@supabase/auth-js/dist/module/lib/fetch.js:120:15)
    at process.processTicksAndRejections (node:internal/process/task_queues:105:5)
    at async _request (webpack-internal:///(rsc)/./node_modules/@supabase/auth-js/dist/module/lib/fetch.js:105:18)
    at async eval (webpack-internal:///(rsc)/./node_modules/@supabase/auth-js/dist/module/GoTrueClient.js:1543:24)
    at async eval (webpack-internal:///(rsc)/./node_modules/@supabase/auth-js/dist/module/lib/helpers.js:204:36)
[2025-10-23T18:41:26.772Z] [ERROR  ] fetch failed
AuthRetryableFetchError: fetch failed
    at _handleRequest (webpack-internal:///(rsc)/./node_modules/@supabase/auth-js/dist/module/lib/fetch.js:120:15)
    at process.processTicksAndRejections (node:internal/process/task_queues:105:5)
    at async _request (webpack-internal:///(rsc)/./node_modules/@supabase/auth-js/dist/module/lib/fetch.js:105:18)
    at async eval (webpack-internal:///(rsc)/./node_modules/@supabase/auth-js/dist/module/GoTrueClient.js:1543:24)
    at async eval (webpack-internal:///(rsc)/./node_modules/@supabase/auth-js/dist/module/lib/helpers.js:204:36)
[2025-10-23T18:41:33.223Z] [ERROR  ] 2025-10-23T18:41:33.222Z [ERROR] Discord API failed after 3 attempts: {}
[2025-10-23T18:41:33.224Z] [ERROR  ] 2025-10-23T18:41:33.223Z [ERROR] Failed to connect to Discord Gateway: {}
[2025-10-23T18:41:33.224Z] [INFO   ] 2025-10-23T18:41:33.224Z [DEBUG] Discord Gateway: Scheduling reconnection attempt 2 in 60s
[2025-10-23T18:41:47.755Z] [ERROR  ] fetch failed
TypeError: fetch failed
    at node:internal/deps/undici/undici:13502:13
    at process.processTicksAndRejections (node:internal/process/task_queues:105:5)
    at async _handleRequest (webpack-internal:///(rsc)/./node_modules/@supabase/auth-js/dist/module/lib/fetch.js:115:18)
    at async _request (webpack-internal:///(rsc)/./node_modules/@supabase/auth-js/dist/module/lib/fetch.js:105:18)
    at async eval (webpack-internal:///(rsc)/./node_modules/@supabase/auth-js/dist/module/GoTrueClient.js:1543:24)
    at async eval (webpack-internal:///(rsc)/./node_modules/@supabase/auth-js/dist/module/lib/helpers.js:204:36)
[2025-10-23T18:41:58.472Z] [ERROR  ] fetch failed
TypeError: fetch failed
    at node:internal/deps/undici/undici:13502:13
    at process.processTicksAndRejections (node:internal/process/task_queues:105:5)
    at async _handleRequest (webpack-internal:///(rsc)/./node_modules/@supabase/auth-js/dist/module/lib/fetch.js:115:18)
    at async _request (webpack-internal:///(rsc)/./node_modules/@supabase/auth-js/dist/module/lib/fetch.js:105:18)
    at async eval (webpack-internal:///(rsc)/./node_modules/@supabase/auth-js/dist/module/GoTrueClient.js:1543:24)
    at async eval (webpack-internal:///(rsc)/./node_modules/@supabase/auth-js/dist/module/lib/helpers.js:204:36)
[2025-10-23T18:42:09.463Z] [ERROR  ] fetch failed
TypeError: fetch failed
    at node:internal/deps/undici/undici:13502:13
    at process.processTicksAndRejections (node:internal/process/task_queues:105:5)
    at async _handleRequest (webpack-internal:///(rsc)/./node_modules/@supabase/auth-js/dist/module/lib/fetch.js:115:18)
    at async _request (webpack-internal:///(rsc)/./node_modules/@supabase/auth-js/dist/module/lib/fetch.js:105:18)
    at async eval (webpack-internal:///(rsc)/./node_modules/@supabase/auth-js/dist/module/GoTrueClient.js:1543:24)
    at async eval (webpack-internal:///(rsc)/./node_modules/@supabase/auth-js/dist/module/lib/helpers.js:204:36)
[2025-10-23T18:42:33.227Z] [INFO   ] 2025-10-23T18:42:33.227Z [DEBUG] 🔑 Discord bot token loaded
[2025-10-23T18:42:38.231Z] [WARN   ] 2025-10-23T18:42:38.230Z [WARN] Discord API network error (attempt 1/3). Retrying in 1000ms...
[2025-10-23T18:42:44.235Z] [WARN   ] 2025-10-23T18:42:44.234Z [WARN] Discord API network error (attempt 2/3). Retrying in 2000ms...
[2025-10-23T18:42:51.238Z] [ERROR  ] 2025-10-23T18:42:51.238Z [ERROR] Discord API failed after 3 attempts: {}
[2025-10-23T18:42:51.239Z] [ERROR  ] 2025-10-23T18:42:51.239Z [ERROR] Failed to connect to Discord Gateway: {}
[2025-10-23T18:42:51.239Z] [INFO   ] 2025-10-23T18:42:51.239Z [DEBUG] Discord Gateway: Scheduling reconnection attempt 3 in 120s
[2025-10-23T18:44:51.243Z] [INFO   ] 2025-10-23T18:44:51.242Z [DEBUG] 🔑 Discord bot token loaded
[2025-10-23T18:44:56.246Z] [WARN   ] 2025-10-23T18:44:56.246Z [WARN] Discord API network error (attempt 1/3). Retrying in 1000ms...
[2025-10-23T18:45:02.249Z] [WARN   ] 2025-10-23T18:45:02.249Z [WARN] Discord API network error (attempt 2/3). Retrying in 2000ms...
[2025-10-23T18:45:09.251Z] [ERROR  ] 2025-10-23T18:45:09.250Z [ERROR] Discord API failed after 3 attempts: {}
[2025-10-23T18:45:09.252Z] [ERROR  ] 2025-10-23T18:45:09.252Z [ERROR] Failed to connect to Discord Gateway: {}
[2025-10-23T18:45:09.252Z] [INFO   ] 2025-10-23T18:45:09.252Z [DEBUG] Discord Gateway: Scheduling reconnection attempt 4 in 240s
[2025-10-23T18:47:14.607Z] [INFO   ]  [37m[1m○[22m[39m Compiling /api/presence/count ...
[2025-10-23T18:47:14.925Z] [INFO   ]  [32m[1m✓[22m[39m Compiled /api/presence/count in 823ms (3720 modules)
[2025-10-23T18:47:18.996Z] [INFO   ]  [32m[1m✓[22m[39m Compiled /api/integrations in 287ms (3722 modules)
[2025-10-23T18:47:19.092Z] [INFO   ] 2025-10-23T18:47:19.092Z [DEBUG] 📍 [API /api/integrations] GET request received {"timestamp":"2025-10-23T18:47:19.092Z","headers":{"referer":"check-console"}}
[2025-10-23T18:47:19.360Z] [INFO   ] 2025-10-23T18:47:19.360Z [DEBUG] ✅ [API /api/integrations] User authenticated {"userId":"a3e3a51a-175c-4b59-ad03-227ba12a18b0"}
[2025-10-23T18:47:19.569Z] [INFO   ] 2025-10-23T18:47:19.569Z [DEBUG] 📊 [API /api/integrations] Query result {"count":14,"error":null,"firstFew":[{"provider":"notion","status":"connected"},{"provider":"mailchimp","status":"connected"}]}
[2025-10-23T18:47:23.809Z] [INFO   ] 2025-10-23T18:47:23.809Z [DEBUG] [Middleware] Username check: {"path":"/workflows","userId":"a3e3a51a-175c-4b59-ad03-227ba12a18b0","provider":"email","role":"admin","username":"nstoddard17","hasUsername":true,"isBetaTester":false,"isNewBetaUser":false,"accountAge":12678556410}
[2025-10-23T18:47:24.554Z] [INFO   ]  [37m[1m○[22m[39m Compiling /workflows ...
[2025-10-23T18:47:25.066Z] [INFO   ]  [32m[1m✓[22m[39m Compiled /workflows in 1206ms (4077 modules)
[2025-10-23T18:47:25.377Z] [INFO   ] 2025-10-23T18:47:25.377Z [DEBUG] 💧 [AUTH] Rehydrating auth state from storage {"hasState":true,"hasUser":false,"initialized":false,"timestamp":"2025-10-23T18:47:25.377Z"}
[2025-10-23T18:47:25.380Z] [INFO   ] 2025-10-23T18:47:25.380Z [DEBUG] 💧 [AUTH] State hydrated and reset {"hasUser":false,"initialized":false,"timestamp":"2025-10-23T18:47:25.380Z"}
[2025-10-23T18:47:25.380Z] [INFO   ] 2025-10-23T18:47:25.380Z [DEBUG] ⏭️ [AUTH] Skipping initialization {"hasState":true,"alreadyInitialized":false,"isClient":false,"timestamp":"2025-10-23T18:47:25.380Z"}
[2025-10-23T18:47:25.709Z] [INFO   ] 2025-10-23T18:47:25.708Z [DEBUG] [Username Check] {"userId":"a3e3a51a-175c-4b59-ad03-227ba12a18b0","hasEmail":true,"provider":"email","hasUsername":true,"isGoogleUser":false}
[2025-10-23T18:47:26.126Z] [INFO   ] 2025-10-23T18:47:26.126Z [DEBUG] 📍 [API /api/integrations] GET request received {"timestamp":"2025-10-23T18:47:26.126Z","headers":{"referer":"check-console"}}
[2025-10-23T18:47:26.571Z] [INFO   ] 2025-10-23T18:47:26.570Z [DEBUG] ✅ [API /api/integrations] User authenticated {"userId":"a3e3a51a-175c-4b59-ad03-227ba12a18b0"}
[2025-10-23T18:47:26.711Z] [INFO   ] 2025-10-23T18:47:26.711Z [DEBUG] 📊 [API /api/integrations] Query result {"count":14,"error":null,"firstFew":[{"provider":"notion","status":"connected"},{"provider":"mailchimp","status":"connected"}]}
[2025-10-23T18:47:28.657Z] [INFO   ]  [37m[1m○[22m[39m Compiling /api/analytics/workflow-stats ...
[2025-10-23T18:47:28.742Z] [INFO   ]  [32m[1m✓[22m[39m Compiled /api/analytics/workflow-stats in 620ms (4085 modules)
[2025-10-23T18:47:46.638Z] [INFO   ]  [37m[1m○[22m[39m Compiling /api/workflows/[id] ...
[2025-10-23T18:47:53.352Z] [INFO   ]  [32m[1m✓[22m[39m Compiled /api/workflows/[id] in 7.2s (6284 modules)
[2025-10-23T18:47:57.614Z] [INFO   ] 2025-10-23T18:47:57.614Z [DEBUG] 📝 Registered trigger provider: microsoft
[2025-10-23T18:47:57.615Z] [INFO   ] 2025-10-23T18:47:57.615Z [DEBUG] 📝 Registered trigger provider: microsoft-outlook
[2025-10-23T18:47:57.615Z] [INFO   ] 2025-10-23T18:47:57.615Z [DEBUG] 📝 Registered trigger provider: teams
[2025-10-23T18:47:57.615Z] [INFO   ] 2025-10-23T18:47:57.615Z [DEBUG] 📝 Registered trigger provider: microsoft-onenote
[2025-10-23T18:47:57.615Z] [INFO   ] 2025-10-23T18:47:57.615Z [DEBUG] 📝 Registered trigger provider: onedrive
[2025-10-23T18:47:57.615Z] [INFO   ] 2025-10-23T18:47:57.615Z [DEBUG] 📝 Registered trigger provider: airtable
[2025-10-23T18:47:57.615Z] [INFO   ] 2025-10-23T18:47:57.615Z [DEBUG] 📝 Registered trigger provider: discord
[2025-10-23T18:47:57.615Z] [INFO   ] 2025-10-23T18:47:57.615Z [DEBUG] 📝 Registered trigger provider: slack
[2025-10-23T18:47:57.615Z] [INFO   ] 2025-10-23T18:47:57.615Z [DEBUG] 📝 Registered trigger provider: gmail
[2025-10-23T18:47:57.615Z] [INFO   ] 2025-10-23T18:47:57.615Z [DEBUG] 📝 Registered trigger provider: google-calendar
[2025-10-23T18:47:57.615Z] [INFO   ] 2025-10-23T18:47:57.615Z [DEBUG] 📝 Registered trigger provider: google-drive
[2025-10-23T18:47:57.615Z] [INFO   ] 2025-10-23T18:47:57.615Z [DEBUG] 📝 Registered trigger provider: google-sheets
[2025-10-23T18:47:57.615Z] [INFO   ] 2025-10-23T18:47:57.615Z [DEBUG] 📝 Registered trigger provider: google-docs
[2025-10-23T18:47:57.617Z] [INFO   ] 2025-10-23T18:47:57.615Z [DEBUG] 📝 Registered trigger provider: stripe
[2025-10-23T18:47:57.617Z] [INFO   ] 2025-10-23T18:47:57.617Z [DEBUG] 📝 Registered trigger provider: shopify
[2025-10-23T18:47:57.617Z] [INFO   ] 2025-10-23T18:47:57.617Z [DEBUG] 📝 Registered trigger provider: notion
[2025-10-23T18:47:57.617Z] [INFO   ] 2025-10-23T18:47:57.617Z [DEBUG] 📝 Registered trigger provider: hubspot
[2025-10-23T18:47:57.617Z] [INFO   ] 2025-10-23T18:47:57.617Z [DEBUG] 📝 Registered trigger provider: utility
[2025-10-23T18:47:57.617Z] [INFO   ] 2025-10-23T18:47:57.617Z [DEBUG] ✅ Trigger lifecycle providers registered: ["microsoft","microsoft-outlook","teams","microsoft-onenote","onedrive","airtable","discord","slack","gmail","google-calendar","google-drive","google-sheets","google-docs","stripe","shopify","notion","hubspot","utility"]
[2025-10-23T18:47:57.795Z] [INFO   ] 2025-10-23T18:47:57.795Z [DEBUG] ℹ️ No trigger resources found for workflow 1139c850-c067-4165-b2f4-98bf00bf799b
[2025-10-23T18:47:57.795Z] [INFO   ] 2025-10-23T18:47:57.795Z [DEBUG] ♻️ Deleted lifecycle-managed triggers before deleting workflow {"workflowId":"1139c850-c067-4165-b2f4-98bf00bf799b"}
[2025-10-23T18:47:57.868Z] [INFO   ] 2025-10-23T18:47:57.868Z [DEBUG] 🔗 Unregistering all webhooks for workflow 1139c850-c067-4165-b2f4-98bf00bf799b
[2025-10-23T18:47:57.869Z] [INFO   ] 2025-10-23T18:47:57.869Z [DEBUG] ℹ️ No trigger resources found for workflow 419d7cb8-2458-4da0-ae44-b1be6ecbe82a
[2025-10-23T18:47:57.869Z] [INFO   ] 2025-10-23T18:47:57.869Z [DEBUG] ♻️ Deleted lifecycle-managed triggers before deleting workflow {"workflowId":"419d7cb8-2458-4da0-ae44-b1be6ecbe82a"}
[2025-10-23T18:47:57.869Z] [INFO   ] 2025-10-23T18:47:57.869Z [DEBUG] 🔗 Unregistering all webhooks for workflow 419d7cb8-2458-4da0-ae44-b1be6ecbe82a
[2025-10-23T18:47:58.005Z] [INFO   ] 2025-10-23T18:47:58.005Z [DEBUG] No webhooks found for this workflow
[2025-10-23T18:47:58.006Z] [INFO   ] 2025-10-23T18:47:58.006Z [DEBUG] ♻️ Unregistered legacy webhooks before deleting workflow {"workflowId":"1139c850-c067-4165-b2f4-98bf00bf799b"}
[2025-10-23T18:47:58.017Z] [INFO   ] 2025-10-23T18:47:58.017Z [DEBUG] No webhooks found for this workflow
[2025-10-23T18:47:58.017Z] [INFO   ] 2025-10-23T18:47:58.017Z [DEBUG] ♻️ Unregistered legacy webhooks before deleting workflow {"workflowId":"419d7cb8-2458-4da0-ae44-b1be6ecbe82a"}
[2025-10-23T18:49:09.230Z] [INFO   ] 2025-10-23T18:49:09.229Z [DEBUG] 🔑 Discord bot token loaded
[2025-10-23T18:49:10.145Z] [INFO   ] 2025-10-23T18:49:10.145Z [DEBUG] Discord Gateway WebSocket connection established
[2025-10-23T18:49:10.149Z] [INFO   ] 2025-10-23T18:49:10.149Z [DEBUG] 🔑 Sending identify with intents: {"GUILDS":true,"GUILD_MEMBERS":true,"GUILD_INVITES":true,"GUILD_MESSAGES":true,"MESSAGE_CONTENT":true,"intentsValue":33347}
[2025-10-23T18:49:12.300Z] [INFO   ] 2025-10-23T18:49:12.300Z [DEBUG] 🎉 Discord bot ready! {"sessionId":"51336f7daf4c60e3b1e4d6509a83d4de","username":"ChainReact-Bot","userId":"1378595955212812308","guildCount":2}
[2025-10-23T18:49:12.301Z] [INFO   ] 2025-10-23T18:49:12.301Z [DEBUG] 📋 Initializing invite cache...
[2025-10-23T18:49:12.307Z] [INFO   ] 2025-10-23T18:49:12.307Z [DEBUG] 📡 Discord event received: GUILD_CREATE
[2025-10-23T18:49:12.385Z] [INFO   ] 2025-10-23T18:49:12.385Z [DEBUG] 📡 Discord event received: GUILD_CREATE
[2025-10-23T18:49:12.742Z] [INFO   ] 2025-10-23T18:49:12.742Z [DEBUG] ✅ Cached 3 invites for guild 1378950884045623406
[2025-10-23T18:49:18.685Z] [INFO   ]  [32m[1m✓[22m[39m Compiled in 1691ms (4068 modules)
[2025-10-23T18:49:18.726Z] [WARN   ]  [33m[1m⚠[22m[39m Fast Refresh had to perform a full reload. Read more: https://nextjs.org/docs/messages/fast-refresh-reload
[2025-10-23T18:49:19.246Z] [INFO   ] 2025-10-23T18:49:19.246Z [DEBUG] [Middleware] Username check: {"path":"/workflows","userId":"a3e3a51a-175c-4b59-ad03-227ba12a18b0","provider":"email","role":"admin","username":"nstoddard17","hasUsername":true,"isBetaTester":false,"isNewBetaUser":false,"accountAge":12678671846}
[2025-10-23T18:49:19.273Z] [INFO   ] 2025-10-23T18:49:19.273Z [DEBUG] [Middleware] Username check: {"path":"/workflows","userId":"a3e3a51a-175c-4b59-ad03-227ba12a18b0","provider":"email","role":"admin","username":"nstoddard17","hasUsername":true,"isBetaTester":false,"isNewBetaUser":false,"accountAge":12678671874}
[2025-10-23T18:49:19.521Z] [INFO   ] 2025-10-23T18:49:19.520Z [DEBUG] [Username Check] {"userId":"a3e3a51a-175c-4b59-ad03-227ba12a18b0","hasEmail":true,"provider":"email","hasUsername":true,"isGoogleUser":false}
[2025-10-23T18:49:19.654Z] [INFO   ] 2025-10-23T18:49:19.654Z [DEBUG] 💧 [AUTH] Rehydrating auth state from storage {"hasState":true,"hasUser":false,"initialized":false,"timestamp":"2025-10-23T18:49:19.654Z"}
[2025-10-23T18:49:19.658Z] [INFO   ] 2025-10-23T18:49:19.658Z [DEBUG] 💧 [AUTH] State hydrated and reset {"hasUser":false,"initialized":false,"timestamp":"2025-10-23T18:49:19.658Z"}
[2025-10-23T18:49:19.658Z] [INFO   ] 2025-10-23T18:49:19.658Z [DEBUG] ⏭️ [AUTH] Skipping initialization {"hasState":true,"alreadyInitialized":false,"isClient":false,"timestamp":"2025-10-23T18:49:19.658Z"}
[2025-10-23T18:49:19.969Z] [INFO   ] 2025-10-23T18:49:19.969Z [DEBUG] [Username Check] {"userId":"a3e3a51a-175c-4b59-ad03-227ba12a18b0","hasEmail":true,"provider":"email","hasUsername":true,"isGoogleUser":false}
[2025-10-23T18:49:20.480Z] [INFO   ]  [32m[1m✓[22m[39m Compiled /api/integrations in 336ms (3342 modules)
[2025-10-23T18:49:20.686Z] [INFO   ]  [32m[1m✓[22m[39m Compiled (3346 modules)
[2025-10-23T18:49:20.818Z] [INFO   ] 2025-10-23T18:49:20.818Z [DEBUG] 📍 [API /api/integrations] GET request received {"timestamp":"2025-10-23T18:49:20.818Z","headers":{"referer":"check-console"}}
[2025-10-23T18:49:21.020Z] [INFO   ] 2025-10-23T18:49:21.020Z [DEBUG] ✅ [API /api/integrations] User authenticated {"userId":"a3e3a51a-175c-4b59-ad03-227ba12a18b0"}
[2025-10-23T18:49:21.185Z] [INFO   ] 2025-10-23T18:49:21.185Z [DEBUG] 📊 [API /api/integrations] Query result {"count":14,"error":null,"firstFew":[{"provider":"notion","status":"connected"},{"provider":"mailchimp","status":"connected"}]}
[2025-10-23T18:49:22.784Z] [INFO   ]  [32m[1m✓[22m[39m Compiled /api/workflows/folders in 245ms (3348 modules)
[2025-10-23T18:49:23.186Z] [INFO   ]  [32m[1m✓[22m[39m Compiled (3354 modules)
[2025-10-23T18:49:29.906Z] [INFO   ]  [32m[1m✓[22m[39m Compiled in 842ms (4099 modules)
[2025-10-23T18:49:29.934Z] [WARN   ]  [33m[1m⚠[22m[39m Fast Refresh had to perform a full reload. Read more: https://nextjs.org/docs/messages/fast-refresh-reload
[2025-10-23T18:49:30.375Z] [INFO   ] 2025-10-23T18:49:30.374Z [DEBUG] [Middleware] Username check: {"path":"/workflows","userId":"a3e3a51a-175c-4b59-ad03-227ba12a18b0","provider":"email","role":"admin","username":"nstoddard17","hasUsername":true,"isBetaTester":false,"isNewBetaUser":false,"accountAge":12678682975}
[2025-10-23T18:49:30.562Z] [INFO   ] 2025-10-23T18:49:30.561Z [DEBUG] [Username Check] {"userId":"a3e3a51a-175c-4b59-ad03-227ba12a18b0","hasEmail":true,"provider":"email","hasUsername":true,"isGoogleUser":false}
[2025-10-23T18:49:30.564Z] [INFO   ] 2025-10-23T18:49:30.564Z [DEBUG] [Middleware] Username check: {"path":"/workflows","userId":"a3e3a51a-175c-4b59-ad03-227ba12a18b0","provider":"email","role":"admin","username":"nstoddard17","hasUsername":true,"isBetaTester":false,"isNewBetaUser":false,"accountAge":12678683165}
[2025-10-23T18:49:30.706Z] [INFO   ] 2025-10-23T18:49:30.706Z [DEBUG] 💧 [AUTH] Rehydrating auth state from storage {"hasState":true,"hasUser":false,"initialized":false,"timestamp":"2025-10-23T18:49:30.706Z"}
[2025-10-23T18:49:30.709Z] [INFO   ] 2025-10-23T18:49:30.709Z [DEBUG] 💧 [AUTH] State hydrated and reset {"hasUser":false,"initialized":false,"timestamp":"2025-10-23T18:49:30.709Z"}
[2025-10-23T18:49:30.709Z] [INFO   ] 2025-10-23T18:49:30.709Z [DEBUG] ⏭️ [AUTH] Skipping initialization {"hasState":true,"alreadyInitialized":false,"isClient":false,"timestamp":"2025-10-23T18:49:30.709Z"}
[2025-10-23T18:49:31.017Z] [INFO   ] 2025-10-23T18:49:31.016Z [DEBUG] [Username Check] {"userId":"a3e3a51a-175c-4b59-ad03-227ba12a18b0","hasEmail":true,"provider":"email","hasUsername":true,"isGoogleUser":false}
[2025-10-23T18:49:31.446Z] [INFO   ] 2025-10-23T18:49:31.446Z [DEBUG] 📍 [API /api/integrations] GET request received {"timestamp":"2025-10-23T18:49:31.446Z","headers":{"referer":"check-console"}}
[2025-10-23T18:49:31.731Z] [INFO   ] 2025-10-23T18:49:31.731Z [DEBUG] ✅ [API /api/integrations] User authenticated {"userId":"a3e3a51a-175c-4b59-ad03-227ba12a18b0"}
[2025-10-23T18:49:31.885Z] [INFO   ] 2025-10-23T18:49:31.885Z [DEBUG] 📊 [API /api/integrations] Query result {"count":14,"error":null,"firstFew":[{"provider":"notion","status":"connected"},{"provider":"mailchimp","status":"connected"}]}
[2025-10-23T18:49:41.913Z] [INFO   ]  [32m[1m✓[22m[39m Compiled in 542ms (4099 modules)
[2025-10-23T18:49:41.937Z] [WARN   ]  [33m[1m⚠[22m[39m Fast Refresh had to perform a full reload. Read more: https://nextjs.org/docs/messages/fast-refresh-reload
[2025-10-23T18:49:42.294Z] [INFO   ] 2025-10-23T18:49:42.294Z [DEBUG] [Middleware] Username check: {"path":"/workflows","userId":"a3e3a51a-175c-4b59-ad03-227ba12a18b0","provider":"email","role":"admin","username":"nstoddard17","hasUsername":true,"isBetaTester":false,"isNewBetaUser":false,"accountAge":12678694895}
[2025-10-23T18:49:42.489Z] [INFO   ] 2025-10-23T18:49:42.489Z [DEBUG] [Username Check] {"userId":"a3e3a51a-175c-4b59-ad03-227ba12a18b0","hasEmail":true,"provider":"email","hasUsername":true,"isGoogleUser":false}
[2025-10-23T18:49:42.622Z] [INFO   ] 2025-10-23T18:49:42.621Z [DEBUG] [Middleware] Username check: {"path":"/workflows","userId":"a3e3a51a-175c-4b59-ad03-227ba12a18b0","provider":"email","role":"admin","username":"nstoddard17","hasUsername":true,"isBetaTester":false,"isNewBetaUser":false,"accountAge":12678695222}
[2025-10-23T18:49:42.771Z] [INFO   ] 2025-10-23T18:49:42.770Z [DEBUG] 💧 [AUTH] Rehydrating auth state from storage {"hasState":true,"hasUser":false,"initialized":false,"timestamp":"2025-10-23T18:49:42.770Z"}
[2025-10-23T18:49:42.774Z] [INFO   ] 2025-10-23T18:49:42.774Z [DEBUG] 💧 [AUTH] State hydrated and reset {"hasUser":false,"initialized":false,"timestamp":"2025-10-23T18:49:42.774Z"}
[2025-10-23T18:49:42.774Z] [INFO   ] 2025-10-23T18:49:42.774Z [DEBUG] ⏭️ [AUTH] Skipping initialization {"hasState":true,"alreadyInitialized":false,"isClient":false,"timestamp":"2025-10-23T18:49:42.774Z"}
[2025-10-23T18:49:43.174Z] [INFO   ] 2025-10-23T18:49:43.174Z [DEBUG] [Username Check] {"userId":"a3e3a51a-175c-4b59-ad03-227ba12a18b0","hasEmail":true,"provider":"email","hasUsername":true,"isGoogleUser":false}
[2025-10-23T18:49:43.741Z] [INFO   ] 2025-10-23T18:49:43.741Z [DEBUG] 📍 [API /api/integrations] GET request received {"timestamp":"2025-10-23T18:49:43.741Z","headers":{"referer":"check-console"}}
[2025-10-23T18:49:43.865Z] [INFO   ] 2025-10-23T18:49:43.865Z [DEBUG] ✅ [API /api/integrations] User authenticated {"userId":"a3e3a51a-175c-4b59-ad03-227ba12a18b0"}
[2025-10-23T18:49:44.005Z] [INFO   ] 2025-10-23T18:49:44.005Z [DEBUG] 📊 [API /api/integrations] Query result {"count":14,"error":null,"firstFew":[{"provider":"notion","status":"connected"},{"provider":"mailchimp","status":"connected"}]}
[2025-10-23T18:52:02.888Z] [INFO   ] 2025-10-23T18:52:02.888Z [DEBUG] [Middleware] Username check: {"path":"/workflows","userId":"a3e3a51a-175c-4b59-ad03-227ba12a18b0","provider":"email","role":"admin","username":"nstoddard17","hasUsername":true,"isBetaTester":false,"isNewBetaUser":false,"accountAge":12678835488}
[2025-10-23T18:52:03.138Z] [ERROR  ]  [31m[1m⨯[22m[39m Could not find the module "/Users/nathanielstoddard/chainreact-app/chainreact-app-9e/node_modules/next/dist/next-devtools/userspace/app/segment-explorer-node.js#SegmentViewNode" in the React Client Manifest. This is probably a bug in the React Server Components bundler.
Error: Could not find the module "/Users/nathanielstoddard/chainreact-app/chainreact-app-9e/node_modules/next/dist/next-devtools/userspace/app/segment-explorer-node.js#SegmentViewNode" in the React Client Manifest. This is probably a bug in the React Server Components bundler.
    at resolveClientReferenceMetadata (/Users/nathanielstoddard/chainreact-app/chainreact-app-9e/node_modules/next/dist/compiled/next-server/app-page.runtime.dev.js:23:66176)
    at serializeClientReference (/Users/nathanielstoddard/chainreact-app/chainreact-app-9e/node_modules/next/dist/compiled/next-server/app-page.runtime.dev.js:23:100999)
    at renderModelDestructive (/Users/nathanielstoddard/chainreact-app/chainreact-app-9e/node_modules/next/dist/compiled/next-server/app-page.runtime.dev.js:23:118836)
    at /Users/nathanielstoddard/chainreact-app/chainreact-app-9e/node_modules/next/dist/compiled/next-server/app-page.runtime.dev.js:23:98406
    at Array.toJSON (/Users/nathanielstoddard/chainreact-app/chainreact-app-9e/node_modules/next/dist/compiled/next-server/app-page.runtime.dev.js:23:99536)
    at stringify (<anonymous>)
    at emitChunk (/Users/nathanielstoddard/chainreact-app/chainreact-app-9e/node_modules/next/dist/compiled/next-server/app-page.runtime.dev.js:23:141249)
    at retryTask (/Users/nathanielstoddard/chainreact-app/chainreact-app-9e/node_modules/next/dist/compiled/next-server/app-page.runtime.dev.js:23:142352)
    at performWork (/Users/nathanielstoddard/chainreact-app/chainreact-app-9e/node_modules/next/dist/compiled/next-server/app-page.runtime.dev.js:23:143770)
    at AsyncLocalStorage.run (node:internal/async_local_storage/async_hooks:91:14)
    at /Users/nathanielstoddard/chainreact-app/chainreact-app-9e/node_modules/next/dist/compiled/next-server/app-page.runtime.dev.js:23:148010
    at node:internal/process/task_queues:151:7
    at AsyncResource.runInAsyncScope (node:async_hooks:211:14)
    at AsyncResource.runMicrotask (node:internal/process/task_queues:148:8)
[2025-10-23T18:52:03.248Z] [ERROR  ]  [31m[1m⨯[22m[39m Could not find the module "/Users/nathanielstoddard/chainreact-app/chainreact-app-9e/node_modules/next/dist/next-devtools/userspace/app/segment-explorer-node.js#SegmentViewNode" in the React Client Manifest. This is probably a bug in the React Server Components bundler.
Error: Could not find the module "/Users/nathanielstoddard/chainreact-app/chainreact-app-9e/node_modules/next/dist/next-devtools/userspace/app/segment-explorer-node.js#SegmentViewNode" in the React Client Manifest. This is probably a bug in the React Server Components bundler.
    at resolveClientReferenceMetadata (/Users/nathanielstoddard/chainreact-app/chainreact-app-9e/node_modules/next/dist/compiled/next-server/app-page.runtime.dev.js:23:66176)
    at serializeClientReference (/Users/nathanielstoddard/chainreact-app/chainreact-app-9e/node_modules/next/dist/compiled/next-server/app-page.runtime.dev.js:23:100999)
    at renderModelDestructive (/Users/nathanielstoddard/chainreact-app/chainreact-app-9e/node_modules/next/dist/compiled/next-server/app-page.runtime.dev.js:23:118836)
    at /Users/nathanielstoddard/chainreact-app/chainreact-app-9e/node_modules/next/dist/compiled/next-server/app-page.runtime.dev.js:23:98406
    at Array.toJSON (/Users/nathanielstoddard/chainreact-app/chainreact-app-9e/node_modules/next/dist/compiled/next-server/app-page.runtime.dev.js:23:99536)
    at stringify (<anonymous>)
    at emitChunk (/Users/nathanielstoddard/chainreact-app/chainreact-app-9e/node_modules/next/dist/compiled/next-server/app-page.runtime.dev.js:23:141249)
    at retryTask (/Users/nathanielstoddard/chainreact-app/chainreact-app-9e/node_modules/next/dist/compiled/next-server/app-page.runtime.dev.js:23:142352)
    at outlineTask (/Users/nathanielstoddard/chainreact-app/chainreact-app-9e/node_modules/next/dist/compiled/next-server/app-page.runtime.dev.js:23:93315)
    at renderFunctionComponent (/Users/nathanielstoddard/chainreact-app/chainreact-app-9e/node_modules/next/dist/compiled/next-server/app-page.runtime.dev.js:23:87241)
    at renderElement (/Users/nathanielstoddard/chainreact-app/chainreact-app-9e/node_modules/next/dist/compiled/next-server/app-page.runtime.dev.js:23:105170)
    at renderModelDestructive (/Users/nathanielstoddard/chainreact-app/chainreact-app-9e/node_modules/next/dist/compiled/next-server/app-page.runtime.dev.js:23:106790)
    at /Users/nathanielstoddard/chainreact-app/chainreact-app-9e/node_modules/next/dist/compiled/next-server/app-page.runtime.dev.js:23:98406
    at Array.toJSON (/Users/nathanielstoddard/chainreact-app/chainreact-app-9e/node_modules/next/dist/compiled/next-server/app-page.runtime.dev.js:23:99536)
    at stringify (<anonymous>)
    at emitChunk (/Users/nathanielstoddard/chainreact-app/chainreact-app-9e/node_modules/next/dist/compiled/next-server/app-page.runtime.dev.js:23:141249)
    at retryTask (/Users/nathanielstoddard/chainreact-app/chainreact-app-9e/node_modules/next/dist/compiled/next-server/app-page.runtime.dev.js:23:142352)
    at performWork (/Users/nathanielstoddard/chainreact-app/chainreact-app-9e/node_modules/next/dist/compiled/next-server/app-page.runtime.dev.js:23:143770)
    at AsyncLocalStorage.run (node:internal/async_local_storage/async_hooks:91:14)
    at /Users/nathanielstoddard/chainreact-app/chainreact-app-9e/node_modules/next/dist/compiled/next-server/app-page.runtime.dev.js:23:148010
    at node:internal/process/task_queues:151:7
    at AsyncResource.runInAsyncScope (node:async_hooks:211:14)
    at AsyncResource.runMicrotask (node:internal/process/task_queues:148:8)
[2025-10-23T18:52:03.248Z] [ERROR  ]  [31m[1m⨯[22m[39m Could not find the module "/Users/nathanielstoddard/chainreact-app/chainreact-app-9e/node_modules/next/dist/next-devtools/userspace/app/segment-explorer-node.js#SegmentViewNode" in the React Client Manifest. This is probably a bug in the React Server Components bundler.
Error: Could not find the module "/Users/nathanielstoddard/chainreact-app/chainreact-app-9e/node_modules/next/dist/next-devtools/userspace/app/segment-explorer-node.js#SegmentViewNode" in the React Client Manifest. This is probably a bug in the React Server Components bundler.
    at resolveClientReferenceMetadata (/Users/nathanielstoddard/chainreact-app/chainreact-app-9e/node_modules/next/dist/compiled/next-server/app-page.runtime.dev.js:23:66176)
    at serializeClientReference (/Users/nathanielstoddard/chainreact-app/chainreact-app-9e/node_modules/next/dist/compiled/next-server/app-page.runtime.dev.js:23:100999)
    at renderModelDestructive (/Users/nathanielstoddard/chainreact-app/chainreact-app-9e/node_modules/next/dist/compiled/next-server/app-page.runtime.dev.js:23:118836)
    at /Users/nathanielstoddard/chainreact-app/chainreact-app-9e/node_modules/next/dist/compiled/next-server/app-page.runtime.dev.js:23:98406
    at Array.toJSON (/Users/nathanielstoddard/chainreact-app/chainreact-app-9e/node_modules/next/dist/compiled/next-server/app-page.runtime.dev.js:23:99536)
    at stringify (<anonymous>)
    at emitChunk (/Users/nathanielstoddard/chainreact-app/chainreact-app-9e/node_modules/next/dist/compiled/next-server/app-page.runtime.dev.js:23:141249)
    at retryTask (/Users/nathanielstoddard/chainreact-app/chainreact-app-9e/node_modules/next/dist/compiled/next-server/app-page.runtime.dev.js:23:142352)
    at outlineTask (/Users/nathanielstoddard/chainreact-app/chainreact-app-9e/node_modules/next/dist/compiled/next-server/app-page.runtime.dev.js:23:93315)
    at renderFunctionComponent (/Users/nathanielstoddard/chainreact-app/chainreact-app-9e/node_modules/next/dist/compiled/next-server/app-page.runtime.dev.js:23:87241)
    at renderElement (/Users/nathanielstoddard/chainreact-app/chainreact-app-9e/node_modules/next/dist/compiled/next-server/app-page.runtime.dev.js:23:105170)
    at renderModelDestructive (/Users/nathanielstoddard/chainreact-app/chainreact-app-9e/node_modules/next/dist/compiled/next-server/app-page.runtime.dev.js:23:106790)
    at /Users/nathanielstoddard/chainreact-app/chainreact-app-9e/node_modules/next/dist/compiled/next-server/app-page.runtime.dev.js:23:98406
    at Array.toJSON (/Users/nathanielstoddard/chainreact-app/chainreact-app-9e/node_modules/next/dist/compiled/next-server/app-page.runtime.dev.js:23:99536)
    at stringify (<anonymous>)
    at emitChunk (/Users/nathanielstoddard/chainreact-app/chainreact-app-9e/node_modules/next/dist/compiled/next-server/app-page.runtime.dev.js:23:141249)
    at retryTask (/Users/nathanielstoddard/chainreact-app/chainreact-app-9e/node_modules/next/dist/compiled/next-server/app-page.runtime.dev.js:23:142352)
    at performWork (/Users/nathanielstoddard/chainreact-app/chainreact-app-9e/node_modules/next/dist/compiled/next-server/app-page.runtime.dev.js:23:143770)
    at AsyncLocalStorage.run (node:internal/async_local_storage/async_hooks:91:14)
    at /Users/nathanielstoddard/chainreact-app/chainreact-app-9e/node_modules/next/dist/compiled/next-server/app-page.runtime.dev.js:23:148010
    at node:internal/process/task_queues:151:7
    at AsyncResource.runInAsyncScope (node:async_hooks:211:14)
    at AsyncResource.runMicrotask (node:internal/process/task_queues:148:8)
[2025-10-23T18:52:03.248Z] [ERROR  ]  [31m[1m⨯[22m[39m Could not find the module "/Users/nathanielstoddard/chainreact-app/chainreact-app-9e/node_modules/next/dist/next-devtools/userspace/app/segment-explorer-node.js#SegmentViewNode" in the React Client Manifest. This is probably a bug in the React Server Components bundler.
Error: Could not find the module "/Users/nathanielstoddard/chainreact-app/chainreact-app-9e/node_modules/next/dist/next-devtools/userspace/app/segment-explorer-node.js#SegmentViewNode" in the React Client Manifest. This is probably a bug in the React Server Components bundler.
    at resolveClientReferenceMetadata (/Users/nathanielstoddard/chainreact-app/chainreact-app-9e/node_modules/next/dist/compiled/next-server/app-page.runtime.dev.js:23:66176)
    at serializeClientReference (/Users/nathanielstoddard/chainreact-app/chainreact-app-9e/node_modules/next/dist/compiled/next-server/app-page.runtime.dev.js:23:100999)
    at renderModelDestructive (/Users/nathanielstoddard/chainreact-app/chainreact-app-9e/node_modules/next/dist/compiled/next-server/app-page.runtime.dev.js:23:118836)
    at /Users/nathanielstoddard/chainreact-app/chainreact-app-9e/node_modules/next/dist/compiled/next-server/app-page.runtime.dev.js:23:98406
    at Array.toJSON (/Users/nathanielstoddard/chainreact-app/chainreact-app-9e/node_modules/next/dist/compiled/next-server/app-page.runtime.dev.js:23:99536)
    at stringify (<anonymous>)
    at emitChunk (/Users/nathanielstoddard/chainreact-app/chainreact-app-9e/node_modules/next/dist/compiled/next-server/app-page.runtime.dev.js:23:141249)
    at retryTask (/Users/nathanielstoddard/chainreact-app/chainreact-app-9e/node_modules/next/dist/compiled/next-server/app-page.runtime.dev.js:23:142352)
    at outlineTask (/Users/nathanielstoddard/chainreact-app/chainreact-app-9e/node_modules/next/dist/compiled/next-server/app-page.runtime.dev.js:23:93315)
    at renderFunctionComponent (/Users/nathanielstoddard/chainreact-app/chainreact-app-9e/node_modules/next/dist/compiled/next-server/app-page.runtime.dev.js:23:87241)
    at renderElement (/Users/nathanielstoddard/chainreact-app/chainreact-app-9e/node_modules/next/dist/compiled/next-server/app-page.runtime.dev.js:23:105170)
    at renderModelDestructive (/Users/nathanielstoddard/chainreact-app/chainreact-app-9e/node_modules/next/dist/compiled/next-server/app-page.runtime.dev.js:23:106790)
    at /Users/nathanielstoddard/chainreact-app/chainreact-app-9e/node_modules/next/dist/compiled/next-server/app-page.runtime.dev.js:23:98406
    at Array.toJSON (/Users/nathanielstoddard/chainreact-app/chainreact-app-9e/node_modules/next/dist/compiled/next-server/app-page.runtime.dev.js:23:99536)
    at stringify (<anonymous>)
    at emitChunk (/Users/nathanielstoddard/chainreact-app/chainreact-app-9e/node_modules/next/dist/compiled/next-server/app-page.runtime.dev.js:23:141249)
    at retryTask (/Users/nathanielstoddard/chainreact-app/chainreact-app-9e/node_modules/next/dist/compiled/next-server/app-page.runtime.dev.js:23:142352)
    at performWork (/Users/nathanielstoddard/chainreact-app/chainreact-app-9e/node_modules/next/dist/compiled/next-server/app-page.runtime.dev.js:23:143770)
    at AsyncLocalStorage.run (node:internal/async_local_storage/async_hooks:91:14)
    at /Users/nathanielstoddard/chainreact-app/chainreact-app-9e/node_modules/next/dist/compiled/next-server/app-page.runtime.dev.js:23:148010
    at node:internal/process/task_queues:151:7
    at AsyncResource.runInAsyncScope (node:async_hooks:211:14)
    at AsyncResource.runMicrotask (node:internal/process/task_queues:148:8)
[2025-10-23T18:52:03.248Z] [ERROR  ]  [31m[1m⨯[22m[39m Could not find the module "/Users/nathanielstoddard/chainreact-app/chainreact-app-9e/node_modules/next/dist/next-devtools/userspace/app/segment-explorer-node.js#SegmentViewNode" in the React Client Manifest. This is probably a bug in the React Server Components bundler.
Error: Could not find the module "/Users/nathanielstoddard/chainreact-app/chainreact-app-9e/node_modules/next/dist/next-devtools/userspace/app/segment-explorer-node.js#SegmentViewNode" in the React Client Manifest. This is probably a bug in the React Server Components bundler.
    at resolveClientReferenceMetadata (/Users/nathanielstoddard/chainreact-app/chainreact-app-9e/node_modules/next/dist/compiled/next-server/app-page.runtime.dev.js:23:66176)
    at serializeClientReference (/Users/nathanielstoddard/chainreact-app/chainreact-app-9e/node_modules/next/dist/compiled/next-server/app-page.runtime.dev.js:23:100999)
    at renderModelDestructive (/Users/nathanielstoddard/chainreact-app/chainreact-app-9e/node_modules/next/dist/compiled/next-server/app-page.runtime.dev.js:23:118836)
    at /Users/nathanielstoddard/chainreact-app/chainreact-app-9e/node_modules/next/dist/compiled/next-server/app-page.runtime.dev.js:23:98406
    at Array.toJSON (/Users/nathanielstoddard/chainreact-app/chainreact-app-9e/node_modules/next/dist/compiled/next-server/app-page.runtime.dev.js:23:99536)
    at stringify (<anonymous>)
    at emitChunk (/Users/nathanielstoddard/chainreact-app/chainreact-app-9e/node_modules/next/dist/compiled/next-server/app-page.runtime.dev.js:23:141249)
    at retryTask (/Users/nathanielstoddard/chainreact-app/chainreact-app-9e/node_modules/next/dist/compiled/next-server/app-page.runtime.dev.js:23:142352)
    at performWork (/Users/nathanielstoddard/chainreact-app/chainreact-app-9e/node_modules/next/dist/compiled/next-server/app-page.runtime.dev.js:23:143770)
    at AsyncLocalStorage.run (node:internal/async_local_storage/async_hooks:91:14)
    at /Users/nathanielstoddard/chainreact-app/chainreact-app-9e/node_modules/next/dist/compiled/next-server/app-page.runtime.dev.js:23:148010
    at node:internal/process/task_queues:151:7
    at AsyncResource.runInAsyncScope (node:async_hooks:211:14)
    at AsyncResource.runMicrotask (node:internal/process/task_queues:148:8)
[2025-10-23T18:52:03.248Z] [ERROR  ]  [31m[1m⨯[22m[39m Could not find the module "/Users/nathanielstoddard/chainreact-app/chainreact-app-9e/node_modules/next/dist/next-devtools/userspace/app/segment-explorer-node.js#SegmentViewNode" in the React Client Manifest. This is probably a bug in the React Server Components bundler.
Error: Could not find the module "/Users/nathanielstoddard/chainreact-app/chainreact-app-9e/node_modules/next/dist/next-devtools/userspace/app/segment-explorer-node.js#SegmentViewNode" in the React Client Manifest. This is probably a bug in the React Server Components bundler.
    at resolveClientReferenceMetadata (/Users/nathanielstoddard/chainreact-app/chainreact-app-9e/node_modules/next/dist/compiled/next-server/app-page.runtime.dev.js:23:66176)
    at serializeClientReference (/Users/nathanielstoddard/chainreact-app/chainreact-app-9e/node_modules/next/dist/compiled/next-server/app-page.runtime.dev.js:23:100999)
    at renderModelDestructive (/Users/nathanielstoddard/chainreact-app/chainreact-app-9e/node_modules/next/dist/compiled/next-server/app-page.runtime.dev.js:23:118836)
    at /Users/nathanielstoddard/chainreact-app/chainreact-app-9e/node_modules/next/dist/compiled/next-server/app-page.runtime.dev.js:23:98406
    at Array.toJSON (/Users/nathanielstoddard/chainreact-app/chainreact-app-9e/node_modules/next/dist/compiled/next-server/app-page.runtime.dev.js:23:99536)
    at stringify (<anonymous>)
    at emitChunk (/Users/nathanielstoddard/chainreact-app/chainreact-app-9e/node_modules/next/dist/compiled/next-server/app-page.runtime.dev.js:23:141249)
    at retryTask (/Users/nathanielstoddard/chainreact-app/chainreact-app-9e/node_modules/next/dist/compiled/next-server/app-page.runtime.dev.js:23:142352)
    at performWork (/Users/nathanielstoddard/chainreact-app/chainreact-app-9e/node_modules/next/dist/compiled/next-server/app-page.runtime.dev.js:23:143770)
    at AsyncLocalStorage.run (node:internal/async_local_storage/async_hooks:91:14)
    at /Users/nathanielstoddard/chainreact-app/chainreact-app-9e/node_modules/next/dist/compiled/next-server/app-page.runtime.dev.js:23:148010
    at node:internal/process/task_queues:151:7
    at AsyncResource.runInAsyncScope (node:async_hooks:211:14)
    at AsyncResource.runMicrotask (node:internal/process/task_queues:148:8)
[2025-10-23T18:52:03.248Z] [ERROR  ]  [31m[1m⨯[22m[39m Could not find the module "/Users/nathanielstoddard/chainreact-app/chainreact-app-9e/node_modules/next/dist/next-devtools/userspace/app/segment-explorer-node.js#SegmentViewNode" in the React Client Manifest. This is probably a bug in the React Server Components bundler.
Error: Could not find the module "/Users/nathanielstoddard/chainreact-app/chainreact-app-9e/node_modules/next/dist/next-devtools/userspace/app/segment-explorer-node.js#SegmentViewNode" in the React Client Manifest. This is probably a bug in the React Server Components bundler.
    at resolveClientReferenceMetadata (/Users/nathanielstoddard/chainreact-app/chainreact-app-9e/node_modules/next/dist/compiled/next-server/app-page.runtime.dev.js:23:66176)
    at serializeClientReference (/Users/nathanielstoddard/chainreact-app/chainreact-app-9e/node_modules/next/dist/compiled/next-server/app-page.runtime.dev.js:23:100999)
    at renderModelDestructive (/Users/nathanielstoddard/chainreact-app/chainreact-app-9e/node_modules/next/dist/compiled/next-server/app-page.runtime.dev.js:23:118836)
    at /Users/nathanielstoddard/chainreact-app/chainreact-app-9e/node_modules/next/dist/compiled/next-server/app-page.runtime.dev.js:23:98406
    at Array.toJSON (/Users/nathanielstoddard/chainreact-app/chainreact-app-9e/node_modules/next/dist/compiled/next-server/app-page.runtime.dev.js:23:99536)
    at stringify (<anonymous>)
    at emitChunk (/Users/nathanielstoddard/chainreact-app/chainreact-app-9e/node_modules/next/dist/compiled/next-server/app-page.runtime.dev.js:23:141249)
    at retryTask (/Users/nathanielstoddard/chainreact-app/chainreact-app-9e/node_modules/next/dist/compiled/next-server/app-page.runtime.dev.js:23:142352)
    at performWork (/Users/nathanielstoddard/chainreact-app/chainreact-app-9e/node_modules/next/dist/compiled/next-server/app-page.runtime.dev.js:23:143770)
    at AsyncLocalStorage.run (node:internal/async_local_storage/async_hooks:91:14)
    at /Users/nathanielstoddard/chainreact-app/chainreact-app-9e/node_modules/next/dist/compiled/next-server/app-page.runtime.dev.js:23:148010
    at node:internal/process/task_queues:151:7
    at AsyncResource.runInAsyncScope (node:async_hooks:211:14)
    at AsyncResource.runMicrotask (node:internal/process/task_queues:148:8)
[2025-10-23T18:52:03.248Z] [ERROR  ]  [31m[1m⨯[22m[39m Could not find the module "/Users/nathanielstoddard/chainreact-app/chainreact-app-9e/node_modules/next/dist/next-devtools/userspace/app/segment-explorer-node.js#SegmentViewNode" in the React Client Manifest. This is probably a bug in the React Server Components bundler.
Error: Could not find the module "/Users/nathanielstoddard/chainreact-app/chainreact-app-9e/node_modules/next/dist/next-devtools/userspace/app/segment-explorer-node.js#SegmentViewNode" in the React Client Manifest. This is probably a bug in the React Server Components bundler.
    at resolveClientReferenceMetadata (/Users/nathanielstoddard/chainreact-app/chainreact-app-9e/node_modules/next/dist/compiled/next-server/app-page.runtime.dev.js:23:66176)
    at serializeClientReference (/Users/nathanielstoddard/chainreact-app/chainreact-app-9e/node_modules/next/dist/compiled/next-server/app-page.runtime.dev.js:23:100999)
    at renderModelDestructive (/Users/nathanielstoddard/chainreact-app/chainreact-app-9e/node_modules/next/dist/compiled/next-server/app-page.runtime.dev.js:23:118836)
    at /Users/nathanielstoddard/chainreact-app/chainreact-app-9e/node_modules/next/dist/compiled/next-server/app-page.runtime.dev.js:23:98406
    at Array.toJSON (/Users/nathanielstoddard/chainreact-app/chainreact-app-9e/node_modules/next/dist/compiled/next-server/app-page.runtime.dev.js:23:99536)
    at stringify (<anonymous>)
    at emitChunk (/Users/nathanielstoddard/chainreact-app/chainreact-app-9e/node_modules/next/dist/compiled/next-server/app-page.runtime.dev.js:23:141249)
    at retryTask (/Users/nathanielstoddard/chainreact-app/chainreact-app-9e/node_modules/next/dist/compiled/next-server/app-page.runtime.dev.js:23:142352)
    at performWork (/Users/nathanielstoddard/chainreact-app/chainreact-app-9e/node_modules/next/dist/compiled/next-server/app-page.runtime.dev.js:23:143770)
    at AsyncLocalStorage.run (node:internal/async_local_storage/async_hooks:91:14)
    at /Users/nathanielstoddard/chainreact-app/chainreact-app-9e/node_modules/next/dist/compiled/next-server/app-page.runtime.dev.js:23:148010
    at node:internal/process/task_queues:151:7
    at AsyncResource.runInAsyncScope (node:async_hooks:211:14)
    at AsyncResource.runMicrotask (node:internal/process/task_queues:148:8)
[2025-10-23T18:52:03.354Z] [ERROR  ]  [31m[1m⨯[22m[39m Cannot read properties of undefined (reading 'call')
TypeError: Cannot read properties of undefined (reading 'call')
    at Object.__webpack_require__ [as require] (/Users/nathanielstoddard/chainreact-app/chainreact-app-9e/.next/server/webpack-runtime.js:25:43)
    at Object.require (/Users/nathanielstoddard/chainreact-app/chainreact-app-9e/node_modules/next/dist/compiled/next-server/app-page.runtime.dev.js:38:28541)
    at globalThis.__next_require__ (/Users/nathanielstoddard/chainreact-app/chainreact-app-9e/node_modules/next/dist/compiled/next-server/app-page.runtime.dev.js:38:29364)
    at requireModule (/Users/nathanielstoddard/chainreact-app/chainreact-app-9e/node_modules/next/dist/compiled/next-server/app-page.runtime.dev.js:2:318257)
    at initializeModuleChunk (/Users/nathanielstoddard/chainreact-app/chainreact-app-9e/node_modules/next/dist/compiled/next-server/app-page.runtime.dev.js:2:346827)
    at getOutlinedModel (/Users/nathanielstoddard/chainreact-app/chainreact-app-9e/node_modules/next/dist/compiled/next-server/app-page.runtime.dev.js:2:356069)
    at /Users/nathanielstoddard/chainreact-app/chainreact-app-9e/node_modules/next/dist/compiled/next-server/app-page.runtime.dev.js:2:363908
    at ResponseInstance._fromJSON (/Users/nathanielstoddard/chainreact-app/chainreact-app-9e/node_modules/next/dist/compiled/next-server/app-page.runtime.dev.js:2:363999)
    at JSON.parse (<anonymous>)
    at initializeModelChunk (/Users/nathanielstoddard/chainreact-app/chainreact-app-9e/node_modules/next/dist/compiled/next-server/app-page.runtime.dev.js:2:346268)
    at resolveModelChunk (/Users/nathanielstoddard/chainreact-app/chainreact-app-9e/node_modules/next/dist/compiled/next-server/app-page.runtime.dev.js:2:344574)
    at processFullStringRow (/Users/nathanielstoddard/chainreact-app/chainreact-app-9e/node_modules/next/dist/compiled/next-server/app-page.runtime.dev.js:2:382926)
    at /Users/nathanielstoddard/chainreact-app/chainreact-app-9e/node_modules/next/dist/compiled/next-server/app-page.runtime.dev.js:2:385329
    at processBinaryChunk (/Users/nathanielstoddard/chainreact-app/chainreact-app-9e/node_modules/next/dist/compiled/next-server/app-page.runtime.dev.js:2:385401)
    at progress (/Users/nathanielstoddard/chainreact-app/chainreact-app-9e/node_modules/next/dist/compiled/next-server/app-page.runtime.dev.js:2:386929)
[2025-10-23T18:52:03.357Z] [ERROR  ]  [31m[1m⨯[22m[39m Could not find the module "/Users/nathanielstoddard/chainreact-app/chainreact-app-9e/node_modules/next/dist/next-devtools/userspace/app/segment-explorer-node.js#SegmentViewNode" in the React Client Manifest. This is probably a bug in the React Server Components bundler.
Error: Could not find the module "/Users/nathanielstoddard/chainreact-app/chainreact-app-9e/node_modules/next/dist/next-devtools/userspace/app/segment-explorer-node.js#SegmentViewNode" in the React Client Manifest. This is probably a bug in the React Server Components bundler.
    at resolveClientReferenceMetadata (/Users/nathanielstoddard/chainreact-app/chainreact-app-9e/node_modules/next/dist/compiled/next-server/app-page.runtime.dev.js:23:66176)
    at serializeClientReference (/Users/nathanielstoddard/chainreact-app/chainreact-app-9e/node_modules/next/dist/compiled/next-server/app-page.runtime.dev.js:23:100999)
    at renderModelDestructive (/Users/nathanielstoddard/chainreact-app/chainreact-app-9e/node_modules/next/dist/compiled/next-server/app-page.runtime.dev.js:23:118836)
    at /Users/nathanielstoddard/chainreact-app/chainreact-app-9e/node_modules/next/dist/compiled/next-server/app-page.runtime.dev.js:23:98406
    at Array.toJSON (/Users/nathanielstoddard/chainreact-app/chainreact-app-9e/node_modules/next/dist/compiled/next-server/app-page.runtime.dev.js:23:99536)
    at stringify (<anonymous>)
    at emitChunk (/Users/nathanielstoddard/chainreact-app/chainreact-app-9e/node_modules/next/dist/compiled/next-server/app-page.runtime.dev.js:23:141249)
    at retryTask (/Users/nathanielstoddard/chainreact-app/chainreact-app-9e/node_modules/next/dist/compiled/next-server/app-page.runtime.dev.js:23:142352)
    at performWork (/Users/nathanielstoddard/chainreact-app/chainreact-app-9e/node_modules/next/dist/compiled/next-server/app-page.runtime.dev.js:23:143770)
    at AsyncLocalStorage.run (node:internal/async_local_storage/async_hooks:91:14)
    at /Users/nathanielstoddard/chainreact-app/chainreact-app-9e/node_modules/next/dist/compiled/next-server/app-page.runtime.dev.js:23:148010
    at node:internal/process/task_queues:151:7
    at AsyncResource.runInAsyncScope (node:async_hooks:211:14)
    at AsyncResource.runMicrotask (node:internal/process/task_queues:148:8)
[2025-10-23T18:52:03.453Z] [ERROR  ] Cannot read properties of undefined (reading 'call')
TypeError: Cannot read properties of undefined (reading 'call')
    at Object.__webpack_require__ [as require] (/Users/nathanielstoddard/chainreact-app/chainreact-app-9e/.next/server/webpack-runtime.js:25:43)
    at Object.require (/Users/nathanielstoddard/chainreact-app/chainreact-app-9e/node_modules/next/dist/compiled/next-server/app-page.runtime.dev.js:38:28541)
    at globalThis.__next_require__ (/Users/nathanielstoddard/chainreact-app/chainreact-app-9e/node_modules/next/dist/compiled/next-server/app-page.runtime.dev.js:38:29364)
    at requireModule (/Users/nathanielstoddard/chainreact-app/chainreact-app-9e/node_modules/next/dist/compiled/next-server/app-page.runtime.dev.js:2:318257)
    at initializeModuleChunk (/Users/nathanielstoddard/chainreact-app/chainreact-app-9e/node_modules/next/dist/compiled/next-server/app-page.runtime.dev.js:2:346827)
    at getOutlinedModel (/Users/nathanielstoddard/chainreact-app/chainreact-app-9e/node_modules/next/dist/compiled/next-server/app-page.runtime.dev.js:2:356069)
    at /Users/nathanielstoddard/chainreact-app/chainreact-app-9e/node_modules/next/dist/compiled/next-server/app-page.runtime.dev.js:2:363908
    at ResponseInstance._fromJSON (/Users/nathanielstoddard/chainreact-app/chainreact-app-9e/node_modules/next/dist/compiled/next-server/app-page.runtime.dev.js:2:363999)
    at JSON.parse (<anonymous>)
    at initializeModelChunk (/Users/nathanielstoddard/chainreact-app/chainreact-app-9e/node_modules/next/dist/compiled/next-server/app-page.runtime.dev.js:2:346268)
    at resolveModelChunk (/Users/nathanielstoddard/chainreact-app/chainreact-app-9e/node_modules/next/dist/compiled/next-server/app-page.runtime.dev.js:2:344574)
    at processFullStringRow (/Users/nathanielstoddard/chainreact-app/chainreact-app-9e/node_modules/next/dist/compiled/next-server/app-page.runtime.dev.js:2:382926)
    at /Users/nathanielstoddard/chainreact-app/chainreact-app-9e/node_modules/next/dist/compiled/next-server/app-page.runtime.dev.js:2:385329
    at processBinaryChunk (/Users/nathanielstoddard/chainreact-app/chainreact-app-9e/node_modules/next/dist/compiled/next-server/app-page.runtime.dev.js:2:385401)
    at progress (/Users/nathanielstoddard/chainreact-app/chainreact-app-9e/node_modules/next/dist/compiled/next-server/app-page.runtime.dev.js:2:386929)
[2025-10-23T18:52:03.550Z] [ERROR  ]  [31m[1m⨯[22m[39m Cannot read properties of undefined (reading 'call')
TypeError: Cannot read properties of undefined (reading 'call')
    at Object.__webpack_require__ [as require] (/Users/nathanielstoddard/chainreact-app/chainreact-app-9e/.next/server/webpack-runtime.js:25:43)
    at Object.require (/Users/nathanielstoddard/chainreact-app/chainreact-app-9e/node_modules/next/dist/compiled/next-server/app-page.runtime.dev.js:38:28541)
    at globalThis.__next_require__ (/Users/nathanielstoddard/chainreact-app/chainreact-app-9e/node_modules/next/dist/compiled/next-server/app-page.runtime.dev.js:38:29364)
    at requireModule (/Users/nathanielstoddard/chainreact-app/chainreact-app-9e/node_modules/next/dist/compiled/next-server/app-page.runtime.dev.js:2:318257)
    at initializeModuleChunk (/Users/nathanielstoddard/chainreact-app/chainreact-app-9e/node_modules/next/dist/compiled/next-server/app-page.runtime.dev.js:2:346827)
    at getOutlinedModel (/Users/nathanielstoddard/chainreact-app/chainreact-app-9e/node_modules/next/dist/compiled/next-server/app-page.runtime.dev.js:2:356069)
    at /Users/nathanielstoddard/chainreact-app/chainreact-app-9e/node_modules/next/dist/compiled/next-server/app-page.runtime.dev.js:2:363908
    at ResponseInstance._fromJSON (/Users/nathanielstoddard/chainreact-app/chainreact-app-9e/node_modules/next/dist/compiled/next-server/app-page.runtime.dev.js:2:363999)
    at JSON.parse (<anonymous>)
    at initializeModelChunk (/Users/nathanielstoddard/chainreact-app/chainreact-app-9e/node_modules/next/dist/compiled/next-server/app-page.runtime.dev.js:2:346268)
    at resolveModelChunk (/Users/nathanielstoddard/chainreact-app/chainreact-app-9e/node_modules/next/dist/compiled/next-server/app-page.runtime.dev.js:2:344574)
    at processFullStringRow (/Users/nathanielstoddard/chainreact-app/chainreact-app-9e/node_modules/next/dist/compiled/next-server/app-page.runtime.dev.js:2:382926)
    at /Users/nathanielstoddard/chainreact-app/chainreact-app-9e/node_modules/next/dist/compiled/next-server/app-page.runtime.dev.js:2:385329
    at processBinaryChunk (/Users/nathanielstoddard/chainreact-app/chainreact-app-9e/node_modules/next/dist/compiled/next-server/app-page.runtime.dev.js:2:385401)
    at progress (/Users/nathanielstoddard/chainreact-app/chainreact-app-9e/node_modules/next/dist/compiled/next-server/app-page.runtime.dev.js:2:386929)
[2025-10-23T18:52:03.649Z] [ERROR  ]  [31m[1m⨯[22m[39m Cannot read properties of undefined (reading 'call')
TypeError: Cannot read properties of undefined (reading 'call')
    at Object.__webpack_require__ [as require] (/Users/nathanielstoddard/chainreact-app/chainreact-app-9e/.next/server/webpack-runtime.js:25:43)
    at Object.require (/Users/nathanielstoddard/chainreact-app/chainreact-app-9e/node_modules/next/dist/compiled/next-server/app-page.runtime.dev.js:38:28541)
    at globalThis.__next_require__ (/Users/nathanielstoddard/chainreact-app/chainreact-app-9e/node_modules/next/dist/compiled/next-server/app-page.runtime.dev.js:38:29364)
    at requireModule (/Users/nathanielstoddard/chainreact-app/chainreact-app-9e/node_modules/next/dist/compiled/next-server/app-page.runtime.dev.js:2:318257)
    at initializeModuleChunk (/Users/nathanielstoddard/chainreact-app/chainreact-app-9e/node_modules/next/dist/compiled/next-server/app-page.runtime.dev.js:2:346827)
    at getOutlinedModel (/Users/nathanielstoddard/chainreact-app/chainreact-app-9e/node_modules/next/dist/compiled/next-server/app-page.runtime.dev.js:2:356069)
    at /Users/nathanielstoddard/chainreact-app/chainreact-app-9e/node_modules/next/dist/compiled/next-server/app-page.runtime.dev.js:2:363908
    at ResponseInstance._fromJSON (/Users/nathanielstoddard/chainreact-app/chainreact-app-9e/node_modules/next/dist/compiled/next-server/app-page.runtime.dev.js:2:363999)
    at JSON.parse (<anonymous>)
    at initializeModelChunk (/Users/nathanielstoddard/chainreact-app/chainreact-app-9e/node_modules/next/dist/compiled/next-server/app-page.runtime.dev.js:2:346268)
    at resolveModelChunk (/Users/nathanielstoddard/chainreact-app/chainreact-app-9e/node_modules/next/dist/compiled/next-server/app-page.runtime.dev.js:2:344574)
    at processFullStringRow (/Users/nathanielstoddard/chainreact-app/chainreact-app-9e/node_modules/next/dist/compiled/next-server/app-page.runtime.dev.js:2:382926)
    at /Users/nathanielstoddard/chainreact-app/chainreact-app-9e/node_modules/next/dist/compiled/next-server/app-page.runtime.dev.js:2:385329
    at processBinaryChunk (/Users/nathanielstoddard/chainreact-app/chainreact-app-9e/node_modules/next/dist/compiled/next-server/app-page.runtime.dev.js:2:385401)
    at progress (/Users/nathanielstoddard/chainreact-app/chainreact-app-9e/node_modules/next/dist/compiled/next-server/app-page.runtime.dev.js:2:386929)
[2025-10-23T18:52:04.182Z] [INFO   ]  [37m[1m○[22m[39m Compiling /_error ...
[2025-10-23T18:52:04.208Z] [INFO   ] 2025-10-23T18:52:04.208Z [DEBUG] [Username Check] {"userId":"a3e3a51a-175c-4b59-ad03-227ba12a18b0","hasEmail":true,"provider":"email","hasUsername":true,"isGoogleUser":false}
[2025-10-23T18:52:04.565Z] [INFO   ]  [32m[1m✓[22m[39m Compiled /_error in 911ms (4394 modules)
[2025-10-23T18:52:04.635Z] [WARN   ]  [33m[1m⚠[22m[39m Fast Refresh had to perform a full reload when ?608e changed. Read more: https://nextjs.org/docs/messages/fast-refresh-reload
[2025-10-23T18:52:04.735Z] [INFO   ] 2025-10-23T18:52:04.735Z [DEBUG] [Middleware] Username check: {"path":"/workflows","userId":"a3e3a51a-175c-4b59-ad03-227ba12a18b0","provider":"email","role":"admin","username":"nstoddard17","hasUsername":true,"isBetaTester":false,"isNewBetaUser":false,"accountAge":12678837336}
[2025-10-23T18:52:04.879Z] [INFO   ] 2025-10-23T18:52:04.879Z [DEBUG] [Username Check] {"userId":"a3e3a51a-175c-4b59-ad03-227ba12a18b0","hasEmail":true,"provider":"email","hasUsername":true,"isGoogleUser":false}

=== Log Session Ended: 2025-10-23T18:52:11.110Z ===
