=== Log Session Started: 2025-10-24T00:08:19.666Z ===
Node Version: v23.7.0
Platform: darwin
Working Directory: /Users/nathanielstoddard/chainreact-app/chainreact-app-9e
================================================================================

[2025-10-24T00:08:19.666Z] [INFO   ] File logging initialized
[2025-10-24T00:08:19.666Z] [INFO   ] Log file: /Users/nathanielstoddard/chainreact-app/chainreact-app-9e/logs/workflow_2025-10-23_19-08-19.log
[2025-10-24T00:08:19.669Z] [INFO   ] 📁 File logging enabled
[2025-10-24T00:08:19.669Z] [INFO   ] 📝 Logs will be written to: /Users/nathanielstoddard/chainreact-app/chainreact-app-9e/logs/workflow_2025-10-23_19-08-19.log
[2025-10-24T00:08:19.669Z] [INFO   ] 💡 To view logs in real-time: tail -f /Users/nathanielstoddard/chainreact-app/chainreact-app-9e/logs/workflow_2025-10-23_19-08-19.log
[2025-10-24T00:08:19.669Z] [INFO   ] 💡 To view all logs: cat /Users/nathanielstoddard/chainreact-app/chainreact-app-9e/logs/workflow_2025-10-23_19-08-19.log
[2025-10-24T00:08:19.669Z] [INFO   ] 💡 To share logs: Copy the file at /Users/nathanielstoddard/chainreact-app/chainreact-app-9e/logs/workflow_2025-10-23_19-08-19.log
[2025-10-24T00:08:19.669Z] [INFO   ] --------------------------------------------------------------------------------
[2025-10-24T00:08:19.670Z] [DEBUG  ] 📁 File logging system initialized
[2025-10-24T00:08:19.681Z] [INFO   ]  [32m[1m✓[22m[39m Ready in 5.9s
[2025-10-24T00:08:19.903Z] [INFO   ]  [32m[1m✓[22m[39m Compiled /middleware in 216ms (233 modules)
[2025-10-24T00:08:20.556Z] [INFO   ] 2025-10-24T00:08:20.556Z [DEBUG] [Middleware] Username check: {"path":"/workflows/ai-agent","userId":"a3e3a51a-175c-4b59-ad03-227ba12a18b0","provider":"email","role":"admin","username":"nstoddard17","hasUsername":true,"isBetaTester":false,"isNewBetaUser":false,"accountAge":12697813157}
[2025-10-24T00:08:20.671Z] [INFO   ] 2025-10-24T00:08:20.671Z [DEBUG] 🤖 Discord bot configured, initializing gateway connection in background...
[2025-10-24T00:08:22.448Z] [INFO   ] 2025-10-24T00:08:22.448Z [DEBUG] Initializing Discord Gateway connection (singleton)...
[2025-10-24T00:08:22.448Z] [INFO   ] 2025-10-24T00:08:22.448Z [DEBUG] 🔑 Discord bot token loaded
[2025-10-24T00:08:22.457Z] [INFO   ]  [37m[1m○[22m[39m Compiling /workflows/ai-agent ...
[2025-10-24T00:08:22.739Z] [INFO   ] 2025-10-24T00:08:22.739Z [DEBUG] Discord Gateway initialization complete
[2025-10-24T00:08:22.740Z] [INFO   ] 2025-10-24T00:08:22.740Z [DEBUG] ✅ Discord bot gateway connection initialized
[2025-10-24T00:08:22.954Z] [INFO   ] 2025-10-24T00:08:22.954Z [DEBUG] Discord Gateway WebSocket connection established
[2025-10-24T00:08:22.954Z] [INFO   ] 2025-10-24T00:08:22.954Z [DEBUG] 🔑 Sending identify with intents: {"GUILDS":true,"GUILD_MEMBERS":true,"GUILD_INVITES":true,"GUILD_MESSAGES":true,"MESSAGE_CONTENT":true,"intentsValue":33347}
[2025-10-24T00:08:23.116Z] [INFO   ] 2025-10-24T00:08:23.116Z [DEBUG] 🎉 Discord bot ready! {"sessionId":"b6b18bde46402da35c6a701b3377b1cb","username":"ChainReact-Bot","userId":"1378595955212812308","guildCount":2}
[2025-10-24T00:08:23.116Z] [INFO   ] 2025-10-24T00:08:23.116Z [DEBUG] 📋 Initializing invite cache...
[2025-10-24T00:08:23.119Z] [INFO   ] 2025-10-24T00:08:23.119Z [DEBUG] 📡 Discord event received: GUILD_CREATE
[2025-10-24T00:08:23.139Z] [INFO   ] 2025-10-24T00:08:23.139Z [DEBUG] 📡 Discord event received: GUILD_CREATE
[2025-10-24T00:08:23.452Z] [INFO   ] 2025-10-24T00:08:23.452Z [DEBUG] ✅ Cached 3 invites for guild 1378950884045623406
[2025-10-24T00:08:26.785Z] [INFO   ]  [32m[1m✓[22m[39m Compiled /workflows/ai-agent in 6.2s (3734 modules)
[2025-10-24T00:08:27.216Z] [INFO   ] 2025-10-24T00:08:27.216Z [DEBUG] 💧 [AUTH] Rehydrating auth state from storage {"hasState":true,"hasUser":false,"initialized":false,"timestamp":"2025-10-24T00:08:27.216Z"}
[2025-10-24T00:08:27.219Z] [INFO   ] 2025-10-24T00:08:27.219Z [DEBUG] 💧 [AUTH] State hydrated and reset {"hasUser":false,"initialized":false,"timestamp":"2025-10-24T00:08:27.219Z"}
[2025-10-24T00:08:27.219Z] [INFO   ] 2025-10-24T00:08:27.219Z [DEBUG] ⏭️ [AUTH] Skipping initialization {"hasState":true,"alreadyInitialized":false,"isClient":false,"timestamp":"2025-10-24T00:08:27.219Z"}
[2025-10-24T00:08:27.591Z] [INFO   ]  [32m[1m✓[22m[39m Compiled in 780ms (597 modules)
[2025-10-24T00:08:28.461Z] [INFO   ] 2025-10-24T00:08:28.460Z [DEBUG] [Username Check] {"userId":"a3e3a51a-175c-4b59-ad03-227ba12a18b0","hasEmail":true,"provider":"email","hasUsername":true,"isGoogleUser":false}
[2025-10-24T00:08:29.831Z] [INFO   ]  [37m[1m○[22m[39m Compiling /api/presence/count ...
[2025-10-24T00:08:32.190Z] [INFO   ]  [32m[1m✓[22m[39m Compiled /api/presence/count in 2.9s (3732 modules)
[2025-10-24T00:08:35.894Z] [INFO   ]  [32m[1m✓[22m[39m Compiled /api/integrations in 233ms (3734 modules)
[2025-10-24T00:08:35.977Z] [INFO   ] 2025-10-24T00:08:35.977Z [DEBUG] 📍 [API /api/integrations] GET request received {"timestamp":"2025-10-24T00:08:35.977Z","headers":{"referer":"check-console"}}
[2025-10-24T00:08:36.108Z] [INFO   ] 2025-10-24T00:08:36.108Z [DEBUG] ✅ [API /api/integrations] User authenticated {"userId":"a3e3a51a-175c-4b59-ad03-227ba12a18b0"}
[2025-10-24T00:08:36.255Z] [INFO   ] 2025-10-24T00:08:36.254Z [DEBUG] 📊 [API /api/integrations] Query result {"count":14,"error":null,"firstFew":[{"provider":"notion","status":"connected"},{"provider":"mailchimp","status":"connected"}]}
[2025-10-24T00:08:38.668Z] [INFO   ] 2025-10-24T00:08:38.668Z [DEBUG] [Middleware] Username check: {"path":"/workflows/builder/e4a61fb4-7822-429e-b615-c265d13f1c3d","userId":"a3e3a51a-175c-4b59-ad03-227ba12a18b0","provider":"email","role":"admin","username":"nstoddard17","hasUsername":true,"isBetaTester":false,"isNewBetaUser":false,"accountAge":12697831268}
[2025-10-24T00:08:39.243Z] [INFO   ]  [37m[1m○[22m[39m Compiling /workflows/builder/[id] ...
[2025-10-24T00:08:43.770Z] [INFO   ]  [32m[1m✓[22m[39m Compiled /workflows/builder/[id] in 5s (5935 modules)
[2025-10-24T00:08:44.860Z] [INFO   ] 2025-10-24T00:08:44.859Z [DEBUG] [Username Check] {"userId":"a3e3a51a-175c-4b59-ad03-227ba12a18b0","hasEmail":true,"provider":"email","hasUsername":true,"isGoogleUser":false}
[2025-10-24T00:08:45.865Z] [INFO   ] 2025-10-24T00:08:45.865Z [DEBUG] [Middleware] Username check: {"path":"/workflows/builder/e4a61fb4-7822-429e-b615-c265d13f1c3d","userId":"a3e3a51a-175c-4b59-ad03-227ba12a18b0","provider":"email","role":"admin","username":"nstoddard17","hasUsername":true,"isBetaTester":false,"isNewBetaUser":false,"accountAge":12697838466}
[2025-10-24T00:08:46.045Z] [INFO   ] 2025-10-24T00:08:46.045Z [DEBUG] 💧 [AUTH] Rehydrating auth state from storage {"hasState":true,"hasUser":false,"initialized":false,"timestamp":"2025-10-24T00:08:46.045Z"}
[2025-10-24T00:08:46.057Z] [INFO   ] 2025-10-24T00:08:46.057Z [DEBUG] 💧 [AUTH] State hydrated and reset {"hasUser":false,"initialized":false,"timestamp":"2025-10-24T00:08:46.057Z"}
[2025-10-24T00:08:46.057Z] [INFO   ] 2025-10-24T00:08:46.057Z [DEBUG] ⏭️ [AUTH] Skipping initialization {"hasState":true,"alreadyInitialized":false,"isClient":false,"timestamp":"2025-10-24T00:08:46.057Z"}
[2025-10-24T00:08:46.338Z] [INFO   ] 2025-10-24T00:08:46.337Z [DEBUG] [Username Check] {"userId":"a3e3a51a-175c-4b59-ad03-227ba12a18b0","hasEmail":true,"provider":"email","hasUsername":true,"isGoogleUser":false}
[2025-10-24T00:08:46.760Z] [INFO   ] 2025-10-24T00:08:46.760Z [INFO] [NewWorkflowBuilderContent] URL params: {"aiChat":"true","hasInitialPrompt":true,"initialPrompt":"When I get an email send it to slack"}
[2025-10-24T00:08:47.999Z] [INFO   ] 2025-10-24T00:08:47.999Z [DEBUG] 📍 [API /api/integrations] GET request received {"timestamp":"2025-10-24T00:08:47.999Z","headers":{"referer":"check-console"}}
[2025-10-24T00:08:48.165Z] [INFO   ] 2025-10-24T00:08:48.165Z [DEBUG] ✅ [API /api/integrations] User authenticated {"userId":"a3e3a51a-175c-4b59-ad03-227ba12a18b0"}
[2025-10-24T00:08:48.368Z] [INFO   ] 2025-10-24T00:08:48.368Z [DEBUG] 📊 [API /api/integrations] Query result {"count":14,"error":null,"firstFew":[{"provider":"notion","status":"connected"},{"provider":"mailchimp","status":"connected"}]}
[2025-10-24T00:08:48.574Z] [INFO   ]  [37m[1m○[22m[39m Compiling /api/collaboration/join ...
[2025-10-24T00:08:48.577Z] [INFO   ]  [32m[1m✓[22m[39m Compiled /api/collaboration/join in 542ms (5924 modules)
[2025-10-24T00:08:49.220Z] [INFO   ]  [37m[1m○[22m[39m Compiling /api/ai/stream-workflow ...
[2025-10-24T00:08:49.702Z] [INFO   ]  [32m[1m✓[22m[39m Compiled /api/ai/stream-workflow in 984ms (2364 modules)
[2025-10-24T00:09:19.778Z] [INFO   ]  [32m[1m✓[22m[39m Compiled /api/collaboration/collaborators in 440ms (5926 modules)
[2025-10-24T00:12:07.934Z] [ERROR  ] 2025-10-24T00:12:07.932Z [ERROR] AI call failed: {}
[2025-10-24T00:12:31.159Z] [ERROR  ] 2025-10-24T00:12:31.157Z [ERROR] AI call failed: {}
[2025-10-24T00:13:02.276Z] [INFO   ]  [32m[1m✓[22m[39m Compiled in 1639ms (5931 modules)
[2025-10-24T00:13:02.755Z] [INFO   ] 2025-10-24T00:13:02.755Z [DEBUG] [Middleware] Username check: {"path":"/workflows/builder/e4a61fb4-7822-429e-b615-c265d13f1c3d","userId":"a3e3a51a-175c-4b59-ad03-227ba12a18b0","provider":"email","role":"admin","username":"nstoddard17","hasUsername":true,"isBetaTester":false,"isNewBetaUser":false,"accountAge":12698095356}
[2025-10-24T00:13:03.122Z] [INFO   ]  [37m[1m○[22m[39m Compiling /api/collaboration/leave ...
[2025-10-24T00:13:03.399Z] [INFO   ]  [32m[1m✓[22m[39m Compiled /api/collaboration/leave in 808ms (5919 modules)
[2025-10-24T00:13:03.684Z] [INFO   ] 2025-10-24T00:13:03.684Z [DEBUG] [Username Check] {"userId":"a3e3a51a-175c-4b59-ad03-227ba12a18b0","hasEmail":true,"provider":"email","hasUsername":true,"isGoogleUser":false}
[2025-10-24T00:13:03.921Z] [WARN   ]  [33m[1m⚠[22m[39m Fast Refresh had to perform a full reload due to a runtime error.
[2025-10-24T00:13:04.270Z] [WARN   ]  [33m[1m⚠[22m[39m Fast Refresh had to perform a full reload due to a runtime error.
[2025-10-24T00:13:04.439Z] [INFO   ] 2025-10-24T00:13:04.439Z [DEBUG] [Middleware] Username check: {"path":"/workflows/builder/e4a61fb4-7822-429e-b615-c265d13f1c3d","userId":"a3e3a51a-175c-4b59-ad03-227ba12a18b0","provider":"email","role":"admin","username":"nstoddard17","hasUsername":true,"isBetaTester":false,"isNewBetaUser":false,"accountAge":12698097040}
[2025-10-24T00:13:04.641Z] [INFO   ] 2025-10-24T00:13:04.641Z [DEBUG] 💧 [AUTH] Rehydrating auth state from storage {"hasState":true,"hasUser":false,"initialized":false,"timestamp":"2025-10-24T00:13:04.641Z"}
[2025-10-24T00:13:04.653Z] [INFO   ] 2025-10-24T00:13:04.653Z [DEBUG] 💧 [AUTH] State hydrated and reset {"hasUser":false,"initialized":false,"timestamp":"2025-10-24T00:13:04.653Z"}
[2025-10-24T00:13:04.653Z] [INFO   ] 2025-10-24T00:13:04.653Z [DEBUG] ⏭️ [AUTH] Skipping initialization {"hasState":true,"alreadyInitialized":false,"isClient":false,"timestamp":"2025-10-24T00:13:04.653Z"}
[2025-10-24T00:13:04.736Z] [ERROR  ] aborted
Error: aborted
    at abortIncoming (node:_http_server:809:17)
    at socketOnClose (node:_http_server:803:3)
    at Socket.emit (node:events:519:35)
    at TCP.<anonymous> (node:net:351:12)
    at TCP.callbackTrampoline (node:internal/async_hooks:130:17)
[2025-10-24T00:13:04.739Z] [ERROR  ]  [31m[1m⨯[22m[39m uncaughtException: aborted
Error: aborted
    at abortIncoming (node:_http_server:809:17)
    at socketOnClose (node:_http_server:803:3)
    at Socket.emit (node:events:519:35)
    at TCP.<anonymous> (node:net:351:12)
    at TCP.callbackTrampoline (node:internal/async_hooks:130:17)
[2025-10-24T00:13:04.740Z] [ERROR  ]  [31m[1m⨯[22m[39m uncaughtException:  aborted
Error: aborted
    at abortIncoming (node:_http_server:809:17)
    at socketOnClose (node:_http_server:803:3)
    at Socket.emit (node:events:519:35)
    at TCP.<anonymous> (node:net:351:12)
    at TCP.callbackTrampoline (node:internal/async_hooks:130:17)
[2025-10-24T00:13:04.741Z] [ERROR  ] aborted
Error: aborted
    at abortIncoming (node:_http_server:809:17)
    at socketOnClose (node:_http_server:803:3)
    at Socket.emit (node:events:519:35)
    at TCP.<anonymous> (node:net:351:12)
    at TCP.callbackTrampoline (node:internal/async_hooks:130:17)
[2025-10-24T00:13:04.742Z] [ERROR  ]  [31m[1m⨯[22m[39m uncaughtException: aborted
Error: aborted
    at abortIncoming (node:_http_server:809:17)
    at socketOnClose (node:_http_server:803:3)
    at Socket.emit (node:events:519:35)
    at TCP.<anonymous> (node:net:351:12)
    at TCP.callbackTrampoline (node:internal/async_hooks:130:17)
[2025-10-24T00:13:04.742Z] [ERROR  ]  [31m[1m⨯[22m[39m uncaughtException:  aborted
Error: aborted
    at abortIncoming (node:_http_server:809:17)
    at socketOnClose (node:_http_server:803:3)
    at Socket.emit (node:events:519:35)
    at TCP.<anonymous> (node:net:351:12)
    at TCP.callbackTrampoline (node:internal/async_hooks:130:17)
[2025-10-24T00:13:05.010Z] [INFO   ] 2025-10-24T00:13:05.010Z [DEBUG] [Username Check] {"userId":"a3e3a51a-175c-4b59-ad03-227ba12a18b0","hasEmail":true,"provider":"email","hasUsername":true,"isGoogleUser":false}
[2025-10-24T00:13:05.453Z] [INFO   ] 2025-10-24T00:13:05.453Z [INFO] [NewWorkflowBuilderContent] URL params: {"aiChat":"true","hasInitialPrompt":true,"initialPrompt":"When I get an email send it to slack"}
[2025-10-24T00:13:06.864Z] [INFO   ]  [37m[1m○[22m[39m Compiling /api/presence/count ...
[2025-10-24T00:13:06.945Z] [INFO   ]  [32m[1m✓[22m[39m Compiled /api/integrations in 1432ms (4270 modules)
[2025-10-24T00:13:07.868Z] [INFO   ]  [37m[1m○[22m[39m Compiling /api/collaboration/join ...
[2025-10-24T00:13:07.971Z] [INFO   ]  [32m[1m✓[22m[39m Compiled /api/collaboration/join in 637ms (5939 modules)
[2025-10-24T00:13:09.297Z] [ERROR  ] 2025-10-24T00:13:09.297Z [ERROR] Stream workflow error: {"code":"ERR_INVALID_STATE"}
[2025-10-24T00:13:09.581Z] [INFO   ]  [32m[1m✓[22m[39m Compiled in 0ms (4277 modules)
[2025-10-24T00:13:09.927Z] [INFO   ] 2025-10-24T00:13:09.927Z [DEBUG] 📍 [API /api/integrations] GET request received {"timestamp":"2025-10-24T00:13:09.927Z","headers":{"referer":"check-console"}}
[2025-10-24T00:13:10.108Z] [INFO   ] 2025-10-24T00:13:10.108Z [DEBUG] ✅ [API /api/integrations] User authenticated {"userId":"a3e3a51a-175c-4b59-ad03-227ba12a18b0"}
[2025-10-24T00:13:10.249Z] [INFO   ] 2025-10-24T00:13:10.248Z [DEBUG] 📊 [API /api/integrations] Query result {"count":14,"error":null,"firstFew":[{"provider":"notion","status":"connected"},{"provider":"mailchimp","status":"connected"}]}
[2025-10-24T00:13:10.454Z] [INFO   ] 2025-10-24T00:13:10.454Z [DEBUG] [Middleware] Username check: {"path":"/workflows/builder/e4a61fb4-7822-429e-b615-c265d13f1c3d","userId":"a3e3a51a-175c-4b59-ad03-227ba12a18b0","provider":"email","role":"admin","username":"nstoddard17","hasUsername":true,"isBetaTester":false,"isNewBetaUser":false,"accountAge":12698103055}
[2025-10-24T00:13:10.702Z] [INFO   ] 2025-10-24T00:13:10.702Z [DEBUG] [Username Check] {"userId":"a3e3a51a-175c-4b59-ad03-227ba12a18b0","hasEmail":true,"provider":"email","hasUsername":true,"isGoogleUser":false}
[2025-10-24T00:13:22.651Z] [INFO   ]  [32m[1m✓[22m[39m Compiled in 1946ms (5942 modules)
[2025-10-24T00:13:22.943Z] [INFO   ] 2025-10-24T00:13:22.942Z [DEBUG] [Middleware] Username check: {"path":"/workflows/builder/e4a61fb4-7822-429e-b615-c265d13f1c3d","userId":"a3e3a51a-175c-4b59-ad03-227ba12a18b0","provider":"email","role":"admin","username":"nstoddard17","hasUsername":true,"isBetaTester":false,"isNewBetaUser":false,"accountAge":12698115543}
[2025-10-24T00:13:23.405Z] [INFO   ] 2025-10-24T00:13:23.404Z [DEBUG] 💧 [AUTH] Rehydrating auth state from storage {"hasState":true,"hasUser":false,"initialized":false,"timestamp":"2025-10-24T00:13:23.404Z"}
[2025-10-24T00:13:23.418Z] [INFO   ] 2025-10-24T00:13:23.418Z [DEBUG] 💧 [AUTH] State hydrated and reset {"hasUser":false,"initialized":false,"timestamp":"2025-10-24T00:13:23.418Z"}
[2025-10-24T00:13:23.418Z] [INFO   ] 2025-10-24T00:13:23.418Z [DEBUG] ⏭️ [AUTH] Skipping initialization {"hasState":true,"alreadyInitialized":false,"isClient":false,"timestamp":"2025-10-24T00:13:23.418Z"}
[2025-10-24T00:13:23.787Z] [INFO   ] 2025-10-24T00:13:23.787Z [DEBUG] [Username Check] {"userId":"a3e3a51a-175c-4b59-ad03-227ba12a18b0","hasEmail":true,"provider":"email","hasUsername":true,"isGoogleUser":false}
[2025-10-24T00:13:24.085Z] [INFO   ] 2025-10-24T00:13:24.085Z [INFO] [NewWorkflowBuilderContent] URL params: {"aiChat":"true","hasInitialPrompt":true,"initialPrompt":"When I get an email send it to slack"}
[2025-10-24T00:13:24.296Z] [WARN   ]  [33m[1m⚠[22m[39m Fast Refresh had to perform a full reload due to a runtime error.
[2025-10-24T00:13:24.309Z] [ERROR  ] aborted
Error: aborted
    at abortIncoming (node:_http_server:809:17)
    at socketOnClose (node:_http_server:803:3)
    at Socket.emit (node:events:519:35)
    at TCP.<anonymous> (node:net:351:12)
    at TCP.callbackTrampoline (node:internal/async_hooks:130:17)
[2025-10-24T00:13:24.310Z] [ERROR  ]  [31m[1m⨯[22m[39m uncaughtException: aborted
Error: aborted
    at abortIncoming (node:_http_server:809:17)
    at socketOnClose (node:_http_server:803:3)
    at Socket.emit (node:events:519:35)
    at TCP.<anonymous> (node:net:351:12)
    at TCP.callbackTrampoline (node:internal/async_hooks:130:17)
[2025-10-24T00:13:24.310Z] [ERROR  ]  [31m[1m⨯[22m[39m uncaughtException:  aborted
Error: aborted
    at abortIncoming (node:_http_server:809:17)
    at socketOnClose (node:_http_server:803:3)
    at Socket.emit (node:events:519:35)
    at TCP.<anonymous> (node:net:351:12)
    at TCP.callbackTrampoline (node:internal/async_hooks:130:17)
[2025-10-24T00:13:24.317Z] [ERROR  ] aborted
Error: aborted
    at abortIncoming (node:_http_server:809:17)
    at socketOnClose (node:_http_server:803:3)
    at Socket.emit (node:events:519:35)
    at TCP.<anonymous> (node:net:351:12)
    at TCP.callbackTrampoline (node:internal/async_hooks:130:17)
[2025-10-24T00:13:24.317Z] [ERROR  ]  [31m[1m⨯[22m[39m uncaughtException: aborted
Error: aborted
    at abortIncoming (node:_http_server:809:17)
    at socketOnClose (node:_http_server:803:3)
    at Socket.emit (node:events:519:35)
    at TCP.<anonymous> (node:net:351:12)
    at TCP.callbackTrampoline (node:internal/async_hooks:130:17)
[2025-10-24T00:13:24.317Z] [ERROR  ]  [31m[1m⨯[22m[39m uncaughtException:  aborted
Error: aborted
    at abortIncoming (node:_http_server:809:17)
    at socketOnClose (node:_http_server:803:3)
    at Socket.emit (node:events:519:35)
    at TCP.<anonymous> (node:net:351:12)
    at TCP.callbackTrampoline (node:internal/async_hooks:130:17)
[2025-10-24T00:13:24.318Z] [ERROR  ] aborted
Error: aborted
    at abortIncoming (node:_http_server:809:17)
    at socketOnClose (node:_http_server:803:3)
    at Socket.emit (node:events:519:35)
    at TCP.<anonymous> (node:net:351:12)
    at TCP.callbackTrampoline (node:internal/async_hooks:130:17)
[2025-10-24T00:13:24.318Z] [ERROR  ]  [31m[1m⨯[22m[39m uncaughtException: aborted
Error: aborted
    at abortIncoming (node:_http_server:809:17)
    at socketOnClose (node:_http_server:803:3)
    at Socket.emit (node:events:519:35)
    at TCP.<anonymous> (node:net:351:12)
    at TCP.callbackTrampoline (node:internal/async_hooks:130:17)
[2025-10-24T00:13:24.318Z] [ERROR  ]  [31m[1m⨯[22m[39m uncaughtException:  aborted
Error: aborted
    at abortIncoming (node:_http_server:809:17)
    at socketOnClose (node:_http_server:803:3)
    at Socket.emit (node:events:519:35)
    at TCP.<anonymous> (node:net:351:12)
    at TCP.callbackTrampoline (node:internal/async_hooks:130:17)
[2025-10-24T00:13:25.600Z] [INFO   ] 2025-10-24T00:13:25.599Z [DEBUG] 📍 [API /api/integrations] GET request received {"timestamp":"2025-10-24T00:13:25.599Z","headers":{"referer":"check-console"}}
[2025-10-24T00:13:25.713Z] [INFO   ] 2025-10-24T00:13:25.713Z [DEBUG] ✅ [API /api/integrations] User authenticated {"userId":"a3e3a51a-175c-4b59-ad03-227ba12a18b0"}
[2025-10-24T00:13:25.819Z] [INFO   ] 2025-10-24T00:13:25.819Z [DEBUG] 📊 [API /api/integrations] Query result {"count":14,"error":null,"firstFew":[{"provider":"notion","status":"connected"},{"provider":"mailchimp","status":"connected"}]}
[2025-10-24T00:13:41.470Z] [INFO   ]  [32m[1m✓[22m[39m Compiled in 442ms (1665 modules)
[2025-10-24T00:13:41.740Z] [INFO   ] 2025-10-24T00:13:41.740Z [DEBUG] [Middleware] Username check: {"path":"/workflows/builder/e4a61fb4-7822-429e-b615-c265d13f1c3d","userId":"a3e3a51a-175c-4b59-ad03-227ba12a18b0","provider":"email","role":"admin","username":"nstoddard17","hasUsername":true,"isBetaTester":false,"isNewBetaUser":false,"accountAge":12698134341}
[2025-10-24T00:13:41.877Z] [INFO   ] 2025-10-24T00:13:41.876Z [DEBUG] [Username Check] {"userId":"a3e3a51a-175c-4b59-ad03-227ba12a18b0","hasEmail":true,"provider":"email","hasUsername":true,"isGoogleUser":false}
[2025-10-24T00:15:37.021Z] [WARN   ]  [33m[1m⚠[22m[39m Fast Refresh had to perform a full reload due to a runtime error.
[2025-10-24T00:15:37.031Z] [INFO   ]  [32m[1m✓[22m[39m Compiled in 834ms (1898 modules)
[2025-10-24T00:15:37.520Z] [INFO   ] 2025-10-24T00:15:37.520Z [DEBUG] [Middleware] Username check: {"path":"/workflows/builder/e4a61fb4-7822-429e-b615-c265d13f1c3d","userId":"a3e3a51a-175c-4b59-ad03-227ba12a18b0","provider":"email","role":"admin","username":"nstoddard17","hasUsername":true,"isBetaTester":false,"isNewBetaUser":false,"accountAge":12698250121}
[2025-10-24T00:15:37.670Z] [ERROR  ] aborted
Error: aborted
    at abortIncoming (node:_http_server:809:17)
    at socketOnClose (node:_http_server:803:3)
    at Socket.emit (node:events:519:35)
    at TCP.<anonymous> (node:net:351:12)
    at TCP.callbackTrampoline (node:internal/async_hooks:130:17)
[2025-10-24T00:15:37.670Z] [ERROR  ]  [31m[1m⨯[22m[39m uncaughtException: aborted
Error: aborted
    at abortIncoming (node:_http_server:809:17)
    at socketOnClose (node:_http_server:803:3)
    at Socket.emit (node:events:519:35)
    at TCP.<anonymous> (node:net:351:12)
    at TCP.callbackTrampoline (node:internal/async_hooks:130:17)
[2025-10-24T00:15:37.670Z] [ERROR  ]  [31m[1m⨯[22m[39m uncaughtException:  aborted
Error: aborted
    at abortIncoming (node:_http_server:809:17)
    at socketOnClose (node:_http_server:803:3)
    at Socket.emit (node:events:519:35)
    at TCP.<anonymous> (node:net:351:12)
    at TCP.callbackTrampoline (node:internal/async_hooks:130:17)
[2025-10-24T00:15:37.911Z] [INFO   ] 2025-10-24T00:15:37.910Z [DEBUG] [Username Check] {"userId":"a3e3a51a-175c-4b59-ad03-227ba12a18b0","hasEmail":true,"provider":"email","hasUsername":true,"isGoogleUser":false}
[2025-10-24T00:15:37.918Z] [INFO   ] 2025-10-24T00:15:37.918Z [INFO] [NewWorkflowBuilderContent] URL params: {"aiChat":"true","hasInitialPrompt":true,"initialPrompt":"When I get an email send it to slack"}
[2025-10-24T00:15:42.186Z] [ERROR  ] 2025-10-24T00:15:42.186Z [ERROR] AI call failed: {}
[2025-10-24T00:15:42.187Z] [ERROR  ] 2025-10-24T00:15:42.187Z [ERROR] Stream workflow error: {"code":"ERR_INVALID_STATE"}
[2025-10-24T00:15:57.647Z] [INFO   ]  [32m[1m✓[22m[39m Compiled in 454ms (1665 modules)
[2025-10-24T00:16:13.596Z] [ERROR  ] 2025-10-24T00:16:13.589Z [ERROR] AI call failed: {}
[2025-10-24T00:16:13.598Z] [ERROR  ] 2025-10-24T00:16:13.598Z [ERROR] Stream workflow error: {"code":"ERR_INVALID_STATE"}
[2025-10-24T00:16:34.533Z] [ERROR  ] 2025-10-24T00:16:34.532Z [ERROR] AI call failed: {}
[2025-10-24T00:16:34.533Z] [ERROR  ] 2025-10-24T00:16:34.533Z [ERROR] Stream workflow error: {"code":"ERR_INVALID_STATE"}
[2025-10-24T00:16:45.406Z] [INFO   ]  [32m[1m✓[22m[39m Compiled in 1502ms (5912 modules)
[2025-10-24T00:16:51.958Z] [INFO   ]  [32m[1m✓[22m[39m Compiled in 641ms (5912 modules)
[2025-10-24T00:17:09.872Z] [ERROR  ] 2025-10-24T00:17:09.872Z [ERROR] AI call failed: {}
[2025-10-24T00:17:09.872Z] [ERROR  ] 2025-10-24T00:17:09.872Z [ERROR] Stream workflow error: {"code":"ERR_INVALID_STATE"}
[2025-10-24T00:17:11.388Z] [INFO   ]  [32m[1m✓[22m[39m Compiled in 753ms (5912 modules)
[2025-10-24T00:17:23.022Z] [ERROR  ] 2025-10-24T00:17:23.022Z [ERROR] AI call failed: {}
[2025-10-24T00:17:23.022Z] [ERROR  ] 2025-10-24T00:17:23.022Z [ERROR] Stream workflow error: {"code":"ERR_INVALID_STATE"}
[2025-10-24T00:17:32.670Z] [INFO   ]  [32m[1m✓[22m[39m Compiled in 957ms (5912 modules)
[2025-10-24T00:17:58.077Z] [INFO   ]  [32m[1m✓[22m[39m Compiled in 1877ms (5914 modules)
[2025-10-24T00:18:48.913Z] [INFO   ]  [32m[1m✓[22m[39m Compiled in 434ms (1666 modules)
[2025-10-24T00:19:13.575Z] [INFO   ]  [32m[1m✓[22m[39m Compiled in 395ms (1666 modules)
[2025-10-24T01:13:49.551Z] [INFO   ] 2025-10-24T01:13:49.550Z [DEBUG] 🔑 Discord bot token loaded
[2025-10-24T01:13:49.603Z] [INFO   ] 2025-10-24T01:13:49.603Z [DEBUG] Discord Gateway closed, persistent reconnect disabled
[2025-10-24T01:13:49.937Z] [INFO   ] 2025-10-24T01:13:49.936Z [DEBUG] Discord Gateway WebSocket connection established
[2025-10-24T01:13:49.940Z] [INFO   ] 2025-10-24T01:13:49.940Z [DEBUG] 🔑 Sending identify with intents: {"GUILDS":true,"GUILD_MEMBERS":true,"GUILD_INVITES":true,"GUILD_MESSAGES":true,"MESSAGE_CONTENT":true,"intentsValue":33347}
[2025-10-24T01:13:50.204Z] [INFO   ] 2025-10-24T01:13:50.204Z [DEBUG] 🎉 Discord bot ready! {"sessionId":"ccd7743540b7b807f8797ece3e3732bb","username":"ChainReact-Bot","userId":"1378595955212812308","guildCount":2}
[2025-10-24T01:13:50.205Z] [INFO   ] 2025-10-24T01:13:50.205Z [DEBUG] 📋 Initializing invite cache...
[2025-10-24T01:13:50.209Z] [INFO   ] 2025-10-24T01:13:50.208Z [DEBUG] 📡 Discord event received: GUILD_CREATE
[2025-10-24T01:13:50.211Z] [INFO   ] 2025-10-24T01:13:50.211Z [DEBUG] 📡 Discord event received: GUILD_CREATE
[2025-10-24T01:13:50.382Z] [INFO   ] 2025-10-24T01:13:50.381Z [DEBUG] ✅ Cached 3 invites for guild 1378950884045623406
[2025-10-24T01:16:47.670Z] [INFO   ]  [32m[1m✓[22m[39m Compiled in 722ms (1666 modules)
[2025-10-24T01:16:57.899Z] [INFO   ]  [32m[1m✓[22m[39m Compiled in 357ms (1666 modules)
[2025-10-24T01:17:04.692Z] [INFO   ]  [32m[1m✓[22m[39m Compiled in 324ms (1666 modules)
[2025-10-24T01:17:18.210Z] [INFO   ]  [32m[1m✓[22m[39m Compiled in 420ms (1666 modules)
[2025-10-24T01:17:26.700Z] [INFO   ]  [32m[1m✓[22m[39m Compiled in 1409ms (5914 modules)
[2025-10-24T01:17:35.512Z] [INFO   ]  [32m[1m✓[22m[39m Compiled in 602ms (5914 modules)
[2025-10-24T01:17:52.408Z] [INFO   ]  [32m[1m✓[22m[39m Compiled in 614ms (5914 modules)
[2025-10-24T01:18:10.597Z] [INFO   ]  [32m[1m✓[22m[39m Compiled in 1138ms (5914 modules)
[2025-10-24T01:26:22.886Z] [INFO   ]  [32m[1m✓[22m[39m Compiled in 716ms (1666 modules)
[2025-10-24T01:26:38.053Z] [INFO   ]  [32m[1m✓[22m[39m Compiled in 445ms (1666 modules)
[2025-10-24T01:26:55.277Z] [INFO   ]  [32m[1m✓[22m[39m Compiled in 1255ms (5914 modules)
[2025-10-24T01:27:18.260Z] [INFO   ]  [32m[1m✓[22m[39m Compiled in 720ms (5914 modules)
[2025-10-24T01:28:11.210Z] [INFO   ]  [32m[1m✓[22m[39m Compiled in 399ms (1666 modules)
[2025-10-24T01:28:28.790Z] [INFO   ]  [32m[1m✓[22m[39m Compiled in 366ms (1666 modules)
[2025-10-24T01:37:51.812Z] [INFO   ]  [32m[1m✓[22m[39m Compiled in 489ms (1666 modules)
[2025-10-24T01:37:57.982Z] [INFO   ]  [32m[1m✓[22m[39m Compiled in 348ms (1666 modules)
[2025-10-24T01:38:23.539Z] [INFO   ]  [32m[1m✓[22m[39m Compiled in 399ms (1666 modules)
[2025-10-24T01:39:21.170Z] [INFO   ]  [32m[1m✓[22m[39m Compiled in 494ms (1666 modules)

=== Log Session Ended: 2025-10-24T01:42:45.644Z ===
