=== Log Session Started: 2025-11-23T14:13:11.969Z ===
Node Version: v23.7.0
Platform: darwin
Working Directory: /Users/nathanielstoddard/chainreact-app/chainreact-app-9e
================================================================================

[2025-11-23T14:13:11.969Z] [INFO   ] File logging initialized
[2025-11-23T14:13:11.970Z] [INFO   ] Log file: /Users/nathanielstoddard/chainreact-app/chainreact-app-9e/logs/workflow_2025-11-23_08-13-11.log
[2025-11-23T14:13:11.973Z] [INFO   ] 📁 File logging enabled
[2025-11-23T14:13:11.973Z] [INFO   ] 📝 Logs will be written to: /Users/nathanielstoddard/chainreact-app/chainreact-app-9e/logs/workflow_2025-11-23_08-13-11.log
[2025-11-23T14:13:11.973Z] [INFO   ] 💡 To view logs in real-time: tail -f /Users/nathanielstoddard/chainreact-app/chainreact-app-9e/logs/workflow_2025-11-23_08-13-11.log
[2025-11-23T14:13:11.973Z] [INFO   ] 💡 To view all logs: cat /Users/nathanielstoddard/chainreact-app/chainreact-app-9e/logs/workflow_2025-11-23_08-13-11.log
[2025-11-23T14:13:11.973Z] [INFO   ] 💡 To share logs: Copy the file at /Users/nathanielstoddard/chainreact-app/chainreact-app-9e/logs/workflow_2025-11-23_08-13-11.log
[2025-11-23T14:13:11.973Z] [INFO   ] --------------------------------------------------------------------------------
[2025-11-23T14:13:11.973Z] [DEBUG  ] 📁 File logging system initialized
[2025-11-23T14:13:11.997Z] [INFO   ]  [32m[1m✓[22m[39m Ready in 4.1s
[2025-11-23T14:13:12.991Z] [INFO   ] 2025-11-23T14:13:12.991Z [DEBUG] 🤖 Discord bot configured, initializing gateway connection in background...
[2025-11-23T14:13:15.098Z] [INFO   ] 2025-11-23T14:13:15.098Z [DEBUG] Initializing Discord Gateway connection (singleton)...
[2025-11-23T14:13:15.098Z] [INFO   ] 2025-11-23T14:13:15.098Z [DEBUG] 🔑 Discord bot token loaded
[2025-11-23T14:13:15.641Z] [INFO   ] 2025-11-23T14:13:15.641Z [DEBUG] Discord Gateway initialization complete
[2025-11-23T14:13:15.643Z] [INFO   ] 2025-11-23T14:13:15.643Z [DEBUG] ✅ Discord bot gateway connection initialized
[2025-11-23T14:13:15.835Z] [INFO   ] 2025-11-23T14:13:15.835Z [DEBUG] Discord Gateway WebSocket connection established
[2025-11-23T14:13:15.835Z] [INFO   ] 2025-11-23T14:13:15.835Z [DEBUG] 🔑 Sending identify with intents: {"GUILDS":true,"GUILD_MEMBERS":true,"GUILD_INVITES":true,"GUILD_MESSAGES":true,"MESSAGE_CONTENT":true,"intentsValue":33347}
[2025-11-23T14:14:33.791Z] [INFO   ]  [32m[1m✓[22m[39m Compiled in 673ms (2903 modules)
[2025-11-23T14:16:30.740Z] [INFO   ]  [32m[1m✓[22m[39m Compiled in 466ms (2903 modules)
[2025-11-23T14:16:43.704Z] [INFO   ]  [32m[1m✓[22m[39m Compiled in 158ms (2903 modules)
[2025-11-23T14:17:19.615Z] [INFO   ]  [37m[1m○[22m[39m Compiling /api/presence/count ...
[2025-11-23T14:17:20.347Z] [INFO   ]  [32m[1m✓[22m[39m Compiled /api/presence/count in 1235ms (3333 modules)
[2025-11-23T14:23:20.061Z] [INFO   ]  [32m[1m✓[22m[39m Compiled /middleware in 297ms (232 modules)
[2025-11-23T14:23:20.442Z] [INFO   ] 2025-11-23T14:23:20.442Z [DEBUG] [Middleware] Username check: {"path":"/workflows/builder/2ce8458c-3ab3-4d99-a71c-a3c95da238c7","userId":"a3e3a51a-175c-4b59-ad03-227ba12a18b0","provider":"email","role":"free","username":"nstoddard17","hasUsername":true,"isBetaTester":false,"isNewBetaUser":false,"accountAge":15341113043}
[2025-11-23T14:23:21.227Z] [INFO   ]  [37m[1m○[22m[39m Compiling /workflows/builder/[id] ...
[2025-11-23T14:23:26.972Z] [INFO   ]  [32m[1m✓[22m[39m Compiled /workflows/builder/[id] in 6.5s (6928 modules)
[2025-11-23T14:23:27.726Z] [INFO   ]  [32m[1m✓[22m[39m Compiled in 704ms (1834 modules)
[2025-11-23T14:23:28.406Z] [INFO   ] 2025-11-23T14:23:28.406Z [DEBUG] 💧 [AUTH] Rehydrating auth state from storage {"hasState":true,"hasUser":false,"initialized":false,"timestamp":"2025-11-23T14:23:28.405Z"}
[2025-11-23T14:23:28.424Z] [INFO   ] 2025-11-23T14:23:28.424Z [DEBUG] 💧 [AUTH] State hydrated and reset {"hasUser":false,"initialized":false,"timestamp":"2025-11-23T14:23:28.424Z"}
[2025-11-23T14:23:28.424Z] [INFO   ] 2025-11-23T14:23:28.424Z [DEBUG] ⏭️ [AUTH] Skipping initialization {"hasState":true,"alreadyInitialized":false,"isClient":false,"timestamp":"2025-11-23T14:23:28.424Z"}
[2025-11-23T14:23:29.616Z] [INFO   ] 2025-11-23T14:23:29.615Z [DEBUG] [Username Check] {"userId":"a3e3a51a-175c-4b59-ad03-227ba12a18b0","hasEmail":true,"provider":"email","hasUsername":true,"isGoogleUser":false}
[2025-11-23T14:23:30.363Z] [INFO   ] [PhantomEdgeOverlay] No nodes found
[2025-11-23T14:23:30.364Z] [INFO   ] [PhantomEdgeOverlay] Not rendering - no last node info
[2025-11-23T14:23:31.051Z] [INFO   ]  [37m[1m○[22m[39m Compiling /api/presence/count ...
[2025-11-23T14:23:32.572Z] [INFO   ]  [32m[1m✓[22m[39m Compiled /api/workflows/cached-outputs in 2.1s (6904 modules)
[2025-11-23T14:23:32.640Z] [INFO   ] 2025-11-23T14:23:32.640Z [DEBUG] [Middleware] Username check: {"path":"/workflows/v2/api/flows/2ce8458c-3ab3-4d99-a71c-a3c95da238c7/runs/latest","userId":"a3e3a51a-175c-4b59-ad03-227ba12a18b0","provider":"email","role":"free","username":"nstoddard17","hasUsername":true,"isBetaTester":false,"isNewBetaUser":false,"accountAge":15341125241}
[2025-11-23T14:23:32.658Z] [INFO   ] 2025-11-23T14:23:32.658Z [DEBUG] [Middleware] Username check: {"path":"/workflows/v2/api/flows/2ce8458c-3ab3-4d99-a71c-a3c95da238c7/revisions","userId":"a3e3a51a-175c-4b59-ad03-227ba12a18b0","provider":"email","role":"free","username":"nstoddard17","hasUsername":true,"isBetaTester":false,"isNewBetaUser":false,"accountAge":15341125259}
[2025-11-23T14:23:33.266Z] [INFO   ]  [37m[1m○[22m[39m Compiling /workflows/v2/api/flows/[flowId]/revisions ...
[2025-11-23T14:23:33.474Z] [INFO   ]  [32m[1m✓[22m[39m Compiled /workflows/v2/api/flows/[flowId]/revisions in 749ms (6913 modules)
[2025-11-23T14:23:34.194Z] [INFO   ]  [37m[1m○[22m[39m Compiling /api/workflows ...
[2025-11-23T14:23:35.288Z] [INFO   ]  [32m[1m✓[22m[39m Compiled /api/integrations in 1594ms (6922 modules)
[2025-11-23T14:23:35.387Z] [INFO   ] 2025-11-23T14:23:35.387Z [DEBUG] 📍 [API /api/integrations] GET request received {"timestamp":"2025-11-23T14:23:35.386Z","url":"http://localhost:3000/api/integrations"}
[2025-11-23T14:23:35.475Z] [INFO   ] 2025-11-23T14:23:35.475Z [DEBUG] ✅ [API /api/integrations] User authenticated {"userId":"a3e3a51a-175c-4b59-ad03-227ba12a18b0"}
[2025-11-23T14:23:35.475Z] [INFO   ] 2025-11-23T14:23:35.475Z [DEBUG] 🏠 [API /api/integrations] Workspace context {"workspaceType":"personal","workspaceId":null}
[2025-11-23T14:23:35.478Z] [INFO   ] 2025-11-23T14:23:35.478Z [DEBUG] [API /api/workflows] GET request {"filterContext":"ALL (unified view)","workspaceId":null,"userId":"a3e3a51a-175c-4b59-ad03-227ba12a18b0"}
[2025-11-23T14:23:35.608Z] [INFO   ] 2025-11-23T14:23:35.608Z [DEBUG] [Middleware] Username check: {"path":"/workflows/v2/api/flows/2ce8458c-3ab3-4d99-a71c-a3c95da238c7/revisions/71fc468f-7f05-4dc2-a6dd-5f7f872d64c2","userId":"a3e3a51a-175c-4b59-ad03-227ba12a18b0","provider":"email","role":"free","username":"nstoddard17","hasUsername":true,"isBetaTester":false,"isNewBetaUser":false,"accountAge":15341128209}
[2025-11-23T14:23:35.636Z] [INFO   ] 2025-11-23T14:23:35.636Z [DEBUG] 📊 [API /api/integrations] Parallel query results {"workspaceType":"personal","workspaceId":null,"integrationsCount":15,"permissionsCount":4,"integrationsError":null,"permissionsError":null}
[2025-11-23T14:23:35.636Z] [INFO   ] 2025-11-23T14:23:35.636Z [DEBUG] 📋 [API /api/integrations] Using explicit permission {"integrationId":"580105eb-df9a-4b0a-a934-43e5a99f9bb8","provider":"discord","permission":"admin"}
[2025-11-23T14:23:35.636Z] [INFO   ] 2025-11-23T14:23:35.636Z [DEBUG] 📋 [API /api/integrations] Using implicit permission {"integrationId":"0e7c83e0-6c16-48f6-b7d8-77d3592dca01","provider":"github","permission":"admin","reason":"connected_by"}
[2025-11-23T14:23:35.636Z] [INFO   ] 2025-11-23T14:23:35.636Z [DEBUG] 📋 [API /api/integrations] Using implicit permission {"integrationId":"c61c89e4-4f78-4069-8bfe-d36dd81cf6fc","provider":"dropbox","permission":"admin","reason":"connected_by"}
[2025-11-23T14:23:35.636Z] [INFO   ] 2025-11-23T14:23:35.636Z [DEBUG] 📋 [API /api/integrations] Using implicit permission {"integrationId":"cb175247-1caa-430b-85c0-dd7ca5ca370b","provider":"google-drive","permission":"admin","reason":"connected_by"}
[2025-11-23T14:23:35.636Z] [INFO   ] 2025-11-23T14:23:35.636Z [DEBUG] 📋 [API /api/integrations] Using implicit permission {"integrationId":"f172e387-ab0c-4c6a-975e-1767b2fd37be","provider":"notion","permission":"admin","reason":"default"}
[2025-11-23T14:23:35.636Z] [INFO   ] 2025-11-23T14:23:35.636Z [DEBUG] 📋 [API /api/integrations] Using implicit permission {"integrationId":"f367c75b-b4ea-4d0e-96ba-76368f0525a6","provider":"slack","permission":"admin","reason":"connected_by"}
[2025-11-23T14:23:35.636Z] [INFO   ] 2025-11-23T14:23:35.636Z [DEBUG] 📋 [API /api/integrations] Using implicit permission {"integrationId":"f0476067-a30a-4ab4-b9fb-1f5a647a7be7","provider":"facebook","permission":"admin","reason":"connected_by"}
[2025-11-23T14:23:35.636Z] [INFO   ] 2025-11-23T14:23:35.636Z [DEBUG] 📋 [API /api/integrations] Using implicit permission {"integrationId":"a6595fc9-22fe-43dc-82a9-a3301cb3b373","provider":"google-docs","permission":"admin","reason":"connected_by"}
[2025-11-23T14:23:35.636Z] [INFO   ] 2025-11-23T14:23:35.636Z [DEBUG] 📋 [API /api/integrations] Using explicit permission {"integrationId":"15a626c1-ecf2-4635-a287-1ddc3967a6ce","provider":"gmail","permission":"admin"}
[2025-11-23T14:23:35.636Z] [INFO   ] 2025-11-23T14:23:35.636Z [DEBUG] 📋 [API /api/integrations] Using implicit permission {"integrationId":"6f959e59-18c3-47f0-a20f-cc8a268ceb21","provider":"hubspot","permission":"admin","reason":"connected_by"}
[2025-11-23T14:23:35.636Z] [INFO   ] 2025-11-23T14:23:35.636Z [DEBUG] 📋 [API /api/integrations] Using explicit permission {"integrationId":"dc6cd712-ac50-45b5-86b6-4ff9963c7aa8","provider":"google-sheets","permission":"admin"}
[2025-11-23T14:23:35.636Z] [INFO   ] 2025-11-23T14:23:35.636Z [DEBUG] 📋 [API /api/integrations] Using implicit permission {"integrationId":"dd542556-581b-4711-ae40-304c81619938","provider":"airtable","permission":"admin","reason":"connected_by"}
[2025-11-23T14:23:35.636Z] [INFO   ] 2025-11-23T14:23:35.636Z [DEBUG] 📋 [API /api/integrations] Using explicit permission {"integrationId":"8ef5c519-18a9-4a81-829e-b7a48b58f668","provider":"gumroad","permission":"admin"}
[2025-11-23T14:23:35.636Z] [INFO   ] 2025-11-23T14:23:35.636Z [DEBUG] 📋 [API /api/integrations] Using implicit permission {"integrationId":"3d77fbe9-de84-47a8-ba84-a80981ffd516","provider":"google-calendar","permission":"admin","reason":"connected_by"}
[2025-11-23T14:23:35.636Z] [INFO   ] 2025-11-23T14:23:35.636Z [DEBUG] 📋 [API /api/integrations] Using implicit permission {"integrationId":"91c85768-928a-445d-89ae-28521f5ee7f2","provider":"google-analytics","permission":"admin","reason":"connected_by"}
[2025-11-23T14:23:35.637Z] [INFO   ] 2025-11-23T14:23:35.636Z [DEBUG] ✅ [API /api/integrations] Returning integrations {"count":15,"workspaceType":"personal"}
[2025-11-23T14:23:35.762Z] [INFO   ] 2025-11-23T14:23:35.762Z [DEBUG] [API /api/workflows] Query result {"filterContext":"ALL","count":0,"error":null}
[2025-11-23T14:23:36.160Z] [INFO   ]  [37m[1m○[22m[39m Compiling /workflows/v2/api/flows/[flowId]/revisions/[revisionId] ...
[2025-11-23T14:23:36.472Z] [INFO   ]  [32m[1m✓[22m[39m Compiled /workflows/v2/api/flows/[flowId]/revisions/[revisionId] in 813ms (6924 modules)
[2025-11-23T14:23:36.565Z] [INFO   ] 2025-11-23T14:23:36.565Z [DEBUG] 📍 [API /api/integrations] GET request received {"timestamp":"2025-11-23T14:23:36.565Z","url":"http://localhost:3000/api/integrations"}
[2025-11-23T14:23:36.650Z] [INFO   ] 2025-11-23T14:23:36.650Z [DEBUG] ✅ [API /api/integrations] User authenticated {"userId":"a3e3a51a-175c-4b59-ad03-227ba12a18b0"}
[2025-11-23T14:23:36.650Z] [INFO   ] 2025-11-23T14:23:36.650Z [DEBUG] 🏠 [API /api/integrations] Workspace context {"workspaceType":"personal","workspaceId":null}
[2025-11-23T14:23:36.731Z] [INFO   ] 2025-11-23T14:23:36.731Z [DEBUG] 📊 [API /api/integrations] Parallel query results {"workspaceType":"personal","workspaceId":null,"integrationsCount":15,"permissionsCount":4,"integrationsError":null,"permissionsError":null}
[2025-11-23T14:23:36.731Z] [INFO   ] 2025-11-23T14:23:36.731Z [DEBUG] 📋 [API /api/integrations] Using explicit permission {"integrationId":"580105eb-df9a-4b0a-a934-43e5a99f9bb8","provider":"discord","permission":"admin"}
[2025-11-23T14:23:36.731Z] [INFO   ] 2025-11-23T14:23:36.731Z [DEBUG] 📋 [API /api/integrations] Using implicit permission {"integrationId":"0e7c83e0-6c16-48f6-b7d8-77d3592dca01","provider":"github","permission":"admin","reason":"connected_by"}
[2025-11-23T14:23:36.731Z] [INFO   ] 2025-11-23T14:23:36.731Z [DEBUG] 📋 [API /api/integrations] Using implicit permission {"integrationId":"c61c89e4-4f78-4069-8bfe-d36dd81cf6fc","provider":"dropbox","permission":"admin","reason":"connected_by"}
[2025-11-23T14:23:36.731Z] [INFO   ] 2025-11-23T14:23:36.731Z [DEBUG] 📋 [API /api/integrations] Using implicit permission {"integrationId":"cb175247-1caa-430b-85c0-dd7ca5ca370b","provider":"google-drive","permission":"admin","reason":"connected_by"}
[2025-11-23T14:23:36.731Z] [INFO   ] 2025-11-23T14:23:36.731Z [DEBUG] 📋 [API /api/integrations] Using implicit permission {"integrationId":"f172e387-ab0c-4c6a-975e-1767b2fd37be","provider":"notion","permission":"admin","reason":"default"}
[2025-11-23T14:23:36.731Z] [INFO   ] 2025-11-23T14:23:36.731Z [DEBUG] 📋 [API /api/integrations] Using implicit permission {"integrationId":"f367c75b-b4ea-4d0e-96ba-76368f0525a6","provider":"slack","permission":"admin","reason":"connected_by"}
[2025-11-23T14:23:36.732Z] [INFO   ] 2025-11-23T14:23:36.731Z [DEBUG] 📋 [API /api/integrations] Using implicit permission {"integrationId":"f0476067-a30a-4ab4-b9fb-1f5a647a7be7","provider":"facebook","permission":"admin","reason":"connected_by"}
[2025-11-23T14:23:36.732Z] [INFO   ] 2025-11-23T14:23:36.732Z [DEBUG] 📋 [API /api/integrations] Using implicit permission {"integrationId":"a6595fc9-22fe-43dc-82a9-a3301cb3b373","provider":"google-docs","permission":"admin","reason":"connected_by"}
[2025-11-23T14:23:36.732Z] [INFO   ] 2025-11-23T14:23:36.732Z [DEBUG] 📋 [API /api/integrations] Using explicit permission {"integrationId":"15a626c1-ecf2-4635-a287-1ddc3967a6ce","provider":"gmail","permission":"admin"}
[2025-11-23T14:23:36.732Z] [INFO   ] 2025-11-23T14:23:36.732Z [DEBUG] 📋 [API /api/integrations] Using implicit permission {"integrationId":"6f959e59-18c3-47f0-a20f-cc8a268ceb21","provider":"hubspot","permission":"admin","reason":"connected_by"}
[2025-11-23T14:23:36.732Z] [INFO   ] 2025-11-23T14:23:36.732Z [DEBUG] 📋 [API /api/integrations] Using explicit permission {"integrationId":"dc6cd712-ac50-45b5-86b6-4ff9963c7aa8","provider":"google-sheets","permission":"admin"}
[2025-11-23T14:23:36.732Z] [INFO   ] 2025-11-23T14:23:36.732Z [DEBUG] 📋 [API /api/integrations] Using implicit permission {"integrationId":"dd542556-581b-4711-ae40-304c81619938","provider":"airtable","permission":"admin","reason":"connected_by"}
[2025-11-23T14:23:36.732Z] [INFO   ] 2025-11-23T14:23:36.732Z [DEBUG] 📋 [API /api/integrations] Using explicit permission {"integrationId":"8ef5c519-18a9-4a81-829e-b7a48b58f668","provider":"gumroad","permission":"admin"}
[2025-11-23T14:23:36.732Z] [INFO   ] 2025-11-23T14:23:36.732Z [DEBUG] 📋 [API /api/integrations] Using implicit permission {"integrationId":"3d77fbe9-de84-47a8-ba84-a80981ffd516","provider":"google-calendar","permission":"admin","reason":"connected_by"}
[2025-11-23T14:23:36.732Z] [INFO   ] 2025-11-23T14:23:36.732Z [DEBUG] 📋 [API /api/integrations] Using implicit permission {"integrationId":"91c85768-928a-445d-89ae-28521f5ee7f2","provider":"google-analytics","permission":"admin","reason":"connected_by"}
[2025-11-23T14:23:36.732Z] [INFO   ] 2025-11-23T14:23:36.732Z [DEBUG] ✅ [API /api/integrations] Returning integrations {"count":15,"workspaceType":"personal"}
[2025-11-23T14:23:37.301Z] [INFO   ] 2025-11-23T14:23:37.301Z [DEBUG] 📍 [API /api/integrations] GET request received {"timestamp":"2025-11-23T14:23:37.301Z","url":"http://localhost:3000/api/integrations"}
[2025-11-23T14:23:37.311Z] [INFO   ] 2025-11-23T14:23:37.311Z [DEBUG] [Middleware] Username check: {"path":"/workflows/v2/api/flows/2ce8458c-3ab3-4d99-a71c-a3c95da238c7/runs/latest","userId":"a3e3a51a-175c-4b59-ad03-227ba12a18b0","provider":"email","role":"free","username":"nstoddard17","hasUsername":true,"isBetaTester":false,"isNewBetaUser":false,"accountAge":15341129912}
[2025-11-23T14:23:37.391Z] [INFO   ] 2025-11-23T14:23:37.391Z [DEBUG] ✅ [API /api/integrations] User authenticated {"userId":"a3e3a51a-175c-4b59-ad03-227ba12a18b0"}
[2025-11-23T14:23:37.391Z] [INFO   ] 2025-11-23T14:23:37.391Z [DEBUG] 🏠 [API /api/integrations] Workspace context {"workspaceType":"personal","workspaceId":null}
[2025-11-23T14:23:37.478Z] [INFO   ] 2025-11-23T14:23:37.478Z [DEBUG] 📊 [API /api/integrations] Parallel query results {"workspaceType":"personal","workspaceId":null,"integrationsCount":15,"permissionsCount":4,"integrationsError":null,"permissionsError":null}
[2025-11-23T14:23:37.479Z] [INFO   ] 2025-11-23T14:23:37.479Z [DEBUG] 📋 [API /api/integrations] Using explicit permission {"integrationId":"580105eb-df9a-4b0a-a934-43e5a99f9bb8","provider":"discord","permission":"admin"}
[2025-11-23T14:23:37.479Z] [INFO   ] 2025-11-23T14:23:37.479Z [DEBUG] 📋 [API /api/integrations] Using implicit permission {"integrationId":"0e7c83e0-6c16-48f6-b7d8-77d3592dca01","provider":"github","permission":"admin","reason":"connected_by"}
[2025-11-23T14:23:37.479Z] [INFO   ] 2025-11-23T14:23:37.479Z [DEBUG] 📋 [API /api/integrations] Using implicit permission {"integrationId":"c61c89e4-4f78-4069-8bfe-d36dd81cf6fc","provider":"dropbox","permission":"admin","reason":"connected_by"}
[2025-11-23T14:23:37.479Z] [INFO   ] 2025-11-23T14:23:37.479Z [DEBUG] 📋 [API /api/integrations] Using implicit permission {"integrationId":"cb175247-1caa-430b-85c0-dd7ca5ca370b","provider":"google-drive","permission":"admin","reason":"connected_by"}
[2025-11-23T14:23:37.479Z] [INFO   ] 2025-11-23T14:23:37.479Z [DEBUG] 📋 [API /api/integrations] Using implicit permission {"integrationId":"f172e387-ab0c-4c6a-975e-1767b2fd37be","provider":"notion","permission":"admin","reason":"default"}
[2025-11-23T14:23:37.479Z] [INFO   ] 2025-11-23T14:23:37.479Z [DEBUG] 📋 [API /api/integrations] Using implicit permission {"integrationId":"f367c75b-b4ea-4d0e-96ba-76368f0525a6","provider":"slack","permission":"admin","reason":"connected_by"}
[2025-11-23T14:23:37.479Z] [INFO   ] 2025-11-23T14:23:37.479Z [DEBUG] 📋 [API /api/integrations] Using implicit permission {"integrationId":"f0476067-a30a-4ab4-b9fb-1f5a647a7be7","provider":"facebook","permission":"admin","reason":"connected_by"}
[2025-11-23T14:23:37.479Z] [INFO   ] 2025-11-23T14:23:37.479Z [DEBUG] 📋 [API /api/integrations] Using implicit permission {"integrationId":"a6595fc9-22fe-43dc-82a9-a3301cb3b373","provider":"google-docs","permission":"admin","reason":"connected_by"}
[2025-11-23T14:23:37.479Z] [INFO   ] 2025-11-23T14:23:37.479Z [DEBUG] 📋 [API /api/integrations] Using explicit permission {"integrationId":"15a626c1-ecf2-4635-a287-1ddc3967a6ce","provider":"gmail","permission":"admin"}
[2025-11-23T14:23:37.479Z] [INFO   ] 2025-11-23T14:23:37.479Z [DEBUG] 📋 [API /api/integrations] Using implicit permission {"integrationId":"6f959e59-18c3-47f0-a20f-cc8a268ceb21","provider":"hubspot","permission":"admin","reason":"connected_by"}
[2025-11-23T14:23:37.479Z] [INFO   ] 2025-11-23T14:23:37.479Z [DEBUG] 📋 [API /api/integrations] Using explicit permission {"integrationId":"dc6cd712-ac50-45b5-86b6-4ff9963c7aa8","provider":"google-sheets","permission":"admin"}
[2025-11-23T14:23:37.479Z] [INFO   ] 2025-11-23T14:23:37.479Z [DEBUG] 📋 [API /api/integrations] Using implicit permission {"integrationId":"dd542556-581b-4711-ae40-304c81619938","provider":"airtable","permission":"admin","reason":"connected_by"}
[2025-11-23T14:23:37.479Z] [INFO   ] 2025-11-23T14:23:37.479Z [DEBUG] 📋 [API /api/integrations] Using explicit permission {"integrationId":"8ef5c519-18a9-4a81-829e-b7a48b58f668","provider":"gumroad","permission":"admin"}
[2025-11-23T14:23:37.479Z] [INFO   ] 2025-11-23T14:23:37.479Z [DEBUG] 📋 [API /api/integrations] Using implicit permission {"integrationId":"3d77fbe9-de84-47a8-ba84-a80981ffd516","provider":"google-calendar","permission":"admin","reason":"connected_by"}
[2025-11-23T14:23:37.479Z] [INFO   ] 2025-11-23T14:23:37.479Z [DEBUG] 📋 [API /api/integrations] Using implicit permission {"integrationId":"91c85768-928a-445d-89ae-28521f5ee7f2","provider":"google-analytics","permission":"admin","reason":"connected_by"}
[2025-11-23T14:23:37.479Z] [INFO   ] 2025-11-23T14:23:37.479Z [DEBUG] ✅ [API /api/integrations] Returning integrations {"count":15,"workspaceType":"personal"}
[2025-11-23T14:23:37.538Z] [INFO   ] 2025-11-23T14:23:37.538Z [DEBUG] 📍 [API /api/integrations] GET request received {"timestamp":"2025-11-23T14:23:37.538Z","url":"http://localhost:3000/api/integrations"}
[2025-11-23T14:23:37.619Z] [INFO   ] 2025-11-23T14:23:37.619Z [DEBUG] ✅ [API /api/integrations] User authenticated {"userId":"a3e3a51a-175c-4b59-ad03-227ba12a18b0"}
[2025-11-23T14:23:37.619Z] [INFO   ] 2025-11-23T14:23:37.619Z [DEBUG] 🏠 [API /api/integrations] Workspace context {"workspaceType":"personal","workspaceId":null}
[2025-11-23T14:23:37.706Z] [INFO   ] 2025-11-23T14:23:37.706Z [DEBUG] 📊 [API /api/integrations] Parallel query results {"workspaceType":"personal","workspaceId":null,"integrationsCount":15,"permissionsCount":4,"integrationsError":null,"permissionsError":null}
[2025-11-23T14:23:37.706Z] [INFO   ] 2025-11-23T14:23:37.706Z [DEBUG] 📋 [API /api/integrations] Using explicit permission {"integrationId":"580105eb-df9a-4b0a-a934-43e5a99f9bb8","provider":"discord","permission":"admin"}
[2025-11-23T14:23:37.706Z] [INFO   ] 2025-11-23T14:23:37.706Z [DEBUG] 📋 [API /api/integrations] Using implicit permission {"integrationId":"0e7c83e0-6c16-48f6-b7d8-77d3592dca01","provider":"github","permission":"admin","reason":"connected_by"}
[2025-11-23T14:23:37.706Z] [INFO   ] 2025-11-23T14:23:37.706Z [DEBUG] 📋 [API /api/integrations] Using implicit permission {"integrationId":"c61c89e4-4f78-4069-8bfe-d36dd81cf6fc","provider":"dropbox","permission":"admin","reason":"connected_by"}
[2025-11-23T14:23:37.706Z] [INFO   ] 2025-11-23T14:23:37.706Z [DEBUG] 📋 [API /api/integrations] Using implicit permission {"integrationId":"cb175247-1caa-430b-85c0-dd7ca5ca370b","provider":"google-drive","permission":"admin","reason":"connected_by"}
[2025-11-23T14:23:37.706Z] [INFO   ] 2025-11-23T14:23:37.706Z [DEBUG] 📋 [API /api/integrations] Using implicit permission {"integrationId":"f172e387-ab0c-4c6a-975e-1767b2fd37be","provider":"notion","permission":"admin","reason":"default"}
[2025-11-23T14:23:37.706Z] [INFO   ] 2025-11-23T14:23:37.706Z [DEBUG] 📋 [API /api/integrations] Using implicit permission {"integrationId":"f367c75b-b4ea-4d0e-96ba-76368f0525a6","provider":"slack","permission":"admin","reason":"connected_by"}
[2025-11-23T14:23:37.706Z] [INFO   ] 2025-11-23T14:23:37.706Z [DEBUG] 📋 [API /api/integrations] Using implicit permission {"integrationId":"f0476067-a30a-4ab4-b9fb-1f5a647a7be7","provider":"facebook","permission":"admin","reason":"connected_by"}
[2025-11-23T14:23:37.706Z] [INFO   ] 2025-11-23T14:23:37.706Z [DEBUG] 📋 [API /api/integrations] Using implicit permission {"integrationId":"a6595fc9-22fe-43dc-82a9-a3301cb3b373","provider":"google-docs","permission":"admin","reason":"connected_by"}
[2025-11-23T14:23:37.706Z] [INFO   ] 2025-11-23T14:23:37.706Z [DEBUG] 📋 [API /api/integrations] Using explicit permission {"integrationId":"15a626c1-ecf2-4635-a287-1ddc3967a6ce","provider":"gmail","permission":"admin"}
[2025-11-23T14:23:37.706Z] [INFO   ] 2025-11-23T14:23:37.706Z [DEBUG] 📋 [API /api/integrations] Using implicit permission {"integrationId":"6f959e59-18c3-47f0-a20f-cc8a268ceb21","provider":"hubspot","permission":"admin","reason":"connected_by"}
[2025-11-23T14:23:37.706Z] [INFO   ] 2025-11-23T14:23:37.706Z [DEBUG] 📋 [API /api/integrations] Using explicit permission {"integrationId":"dc6cd712-ac50-45b5-86b6-4ff9963c7aa8","provider":"google-sheets","permission":"admin"}
[2025-11-23T14:23:37.706Z] [INFO   ] 2025-11-23T14:23:37.706Z [DEBUG] 📋 [API /api/integrations] Using implicit permission {"integrationId":"dd542556-581b-4711-ae40-304c81619938","provider":"airtable","permission":"admin","reason":"connected_by"}
[2025-11-23T14:23:37.706Z] [INFO   ] 2025-11-23T14:23:37.706Z [DEBUG] 📋 [API /api/integrations] Using explicit permission {"integrationId":"8ef5c519-18a9-4a81-829e-b7a48b58f668","provider":"gumroad","permission":"admin"}
[2025-11-23T14:23:37.706Z] [INFO   ] 2025-11-23T14:23:37.706Z [DEBUG] 📋 [API /api/integrations] Using implicit permission {"integrationId":"3d77fbe9-de84-47a8-ba84-a80981ffd516","provider":"google-calendar","permission":"admin","reason":"connected_by"}
[2025-11-23T14:23:37.706Z] [INFO   ] 2025-11-23T14:23:37.706Z [DEBUG] 📋 [API /api/integrations] Using implicit permission {"integrationId":"91c85768-928a-445d-89ae-28521f5ee7f2","provider":"google-analytics","permission":"admin","reason":"connected_by"}
[2025-11-23T14:23:37.706Z] [INFO   ] 2025-11-23T14:23:37.706Z [DEBUG] ✅ [API /api/integrations] Returning integrations {"count":15,"workspaceType":"personal"}
[2025-11-23T14:23:38.228Z] [INFO   ] 2025-11-23T14:23:38.228Z [DEBUG] 📍 [API /api/integrations] GET request received {"timestamp":"2025-11-23T14:23:38.228Z","url":"http://localhost:3000/api/integrations?workspace_type=personal"}
[2025-11-23T14:23:38.310Z] [INFO   ] 2025-11-23T14:23:38.310Z [DEBUG] ✅ [API /api/integrations] User authenticated {"userId":"a3e3a51a-175c-4b59-ad03-227ba12a18b0"}
[2025-11-23T14:23:38.310Z] [INFO   ] 2025-11-23T14:23:38.310Z [DEBUG] 🏠 [API /api/integrations] Workspace context {"workspaceType":"personal","workspaceId":null}
[2025-11-23T14:23:38.398Z] [INFO   ] 2025-11-23T14:23:38.398Z [DEBUG] 📊 [API /api/integrations] Parallel query results {"workspaceType":"personal","workspaceId":null,"integrationsCount":15,"permissionsCount":4,"integrationsError":null,"permissionsError":null}
[2025-11-23T14:23:38.398Z] [INFO   ] 2025-11-23T14:23:38.398Z [DEBUG] 📋 [API /api/integrations] Using explicit permission {"integrationId":"580105eb-df9a-4b0a-a934-43e5a99f9bb8","provider":"discord","permission":"admin"}
[2025-11-23T14:23:38.398Z] [INFO   ] 2025-11-23T14:23:38.398Z [DEBUG] 📋 [API /api/integrations] Using implicit permission {"integrationId":"0e7c83e0-6c16-48f6-b7d8-77d3592dca01","provider":"github","permission":"admin","reason":"connected_by"}
[2025-11-23T14:23:38.398Z] [INFO   ] 2025-11-23T14:23:38.398Z [DEBUG] 📋 [API /api/integrations] Using implicit permission {"integrationId":"c61c89e4-4f78-4069-8bfe-d36dd81cf6fc","provider":"dropbox","permission":"admin","reason":"connected_by"}
[2025-11-23T14:23:38.398Z] [INFO   ] 2025-11-23T14:23:38.398Z [DEBUG] 📋 [API /api/integrations] Using implicit permission {"integrationId":"cb175247-1caa-430b-85c0-dd7ca5ca370b","provider":"google-drive","permission":"admin","reason":"connected_by"}
[2025-11-23T14:23:38.398Z] [INFO   ] 2025-11-23T14:23:38.398Z [DEBUG] 📋 [API /api/integrations] Using implicit permission {"integrationId":"f172e387-ab0c-4c6a-975e-1767b2fd37be","provider":"notion","permission":"admin","reason":"default"}
[2025-11-23T14:23:38.398Z] [INFO   ] 2025-11-23T14:23:38.398Z [DEBUG] 📋 [API /api/integrations] Using implicit permission {"integrationId":"f367c75b-b4ea-4d0e-96ba-76368f0525a6","provider":"slack","permission":"admin","reason":"connected_by"}
[2025-11-23T14:23:38.398Z] [INFO   ] 2025-11-23T14:23:38.398Z [DEBUG] 📋 [API /api/integrations] Using implicit permission {"integrationId":"f0476067-a30a-4ab4-b9fb-1f5a647a7be7","provider":"facebook","permission":"admin","reason":"connected_by"}
[2025-11-23T14:23:38.398Z] [INFO   ] 2025-11-23T14:23:38.398Z [DEBUG] 📋 [API /api/integrations] Using implicit permission {"integrationId":"a6595fc9-22fe-43dc-82a9-a3301cb3b373","provider":"google-docs","permission":"admin","reason":"connected_by"}
[2025-11-23T14:23:38.398Z] [INFO   ] 2025-11-23T14:23:38.398Z [DEBUG] 📋 [API /api/integrations] Using explicit permission {"integrationId":"15a626c1-ecf2-4635-a287-1ddc3967a6ce","provider":"gmail","permission":"admin"}
[2025-11-23T14:23:38.398Z] [INFO   ] 2025-11-23T14:23:38.398Z [DEBUG] 📋 [API /api/integrations] Using implicit permission {"integrationId":"6f959e59-18c3-47f0-a20f-cc8a268ceb21","provider":"hubspot","permission":"admin","reason":"connected_by"}
[2025-11-23T14:23:38.398Z] [INFO   ] 2025-11-23T14:23:38.398Z [DEBUG] 📋 [API /api/integrations] Using explicit permission {"integrationId":"dc6cd712-ac50-45b5-86b6-4ff9963c7aa8","provider":"google-sheets","permission":"admin"}
[2025-11-23T14:23:38.398Z] [INFO   ] 2025-11-23T14:23:38.398Z [DEBUG] 📋 [API /api/integrations] Using implicit permission {"integrationId":"dd542556-581b-4711-ae40-304c81619938","provider":"airtable","permission":"admin","reason":"connected_by"}
[2025-11-23T14:23:38.398Z] [INFO   ] 2025-11-23T14:23:38.398Z [DEBUG] 📋 [API /api/integrations] Using explicit permission {"integrationId":"8ef5c519-18a9-4a81-829e-b7a48b58f668","provider":"gumroad","permission":"admin"}
[2025-11-23T14:23:38.398Z] [INFO   ] 2025-11-23T14:23:38.398Z [DEBUG] 📋 [API /api/integrations] Using implicit permission {"integrationId":"3d77fbe9-de84-47a8-ba84-a80981ffd516","provider":"google-calendar","permission":"admin","reason":"connected_by"}
[2025-11-23T14:23:38.398Z] [INFO   ] 2025-11-23T14:23:38.398Z [DEBUG] 📋 [API /api/integrations] Using implicit permission {"integrationId":"91c85768-928a-445d-89ae-28521f5ee7f2","provider":"google-analytics","permission":"admin","reason":"connected_by"}
[2025-11-23T14:23:38.398Z] [INFO   ] 2025-11-23T14:23:38.398Z [DEBUG] ✅ [API /api/integrations] Returning integrations {"count":15,"workspaceType":"personal"}
[2025-11-23T14:23:51.487Z] [INFO   ]  [37m[1m○[22m[39m Compiling /api/integrations/google/data ...
[2025-11-23T14:23:52.316Z] [INFO   ]  [32m[1m✓[22m[39m Compiled /api/integrations/google/data in 1333ms (6962 modules)
[2025-11-23T14:23:52.422Z] [INFO   ] 2025-11-23T14:23:52.422Z [DEBUG] 🚀 [Google Data API] POST handler invoked
[2025-11-23T14:23:52.423Z] [INFO   ] 2025-11-23T14:23:52.423Z [DEBUG] 🚀 [Google Data API] POST handler invoked
[2025-11-23T14:23:52.423Z] [INFO   ] 2025-11-23T14:23:52.423Z [DEBUG] 🚀 [Google Data API] POST handler invoked
[2025-11-23T14:23:52.423Z] [INFO   ] 2025-11-23T14:23:52.423Z [DEBUG] 🚀 [Google Data API] POST handler invoked
[2025-11-23T14:23:52.424Z] [INFO   ] 2025-11-23T14:23:52.424Z [DEBUG] 🔍 [Google Data API] Request received: {"integrationId":"3d77fbe9-de84-47a8-ba84-a80981ffd516","dataType":"google-calendars","options":{},"fullRequestBody":{"integrationId":"3d77fbe9-de84-47a8-ba84-a80981ffd516","dataType":"google-calendars"}}
[2025-11-23T14:23:52.424Z] [INFO   ] 2025-11-23T14:23:52.424Z [DEBUG] 🔍 [Google Data API] Request received: {"integrationId":"3d77fbe9-de84-47a8-ba84-a80981ffd516","dataType":"google-calendars","options":{},"fullRequestBody":{"integrationId":"3d77fbe9-de84-47a8-ba84-a80981ffd516","dataType":"google-calendars"}}
[2025-11-23T14:23:52.424Z] [INFO   ] 2025-11-23T14:23:52.424Z [DEBUG] 🔍 [Google Data API] Request received: {"integrationId":"3d77fbe9-de84-47a8-ba84-a80981ffd516","dataType":"google-calendars","options":{},"fullRequestBody":{"integrationId":"3d77fbe9-de84-47a8-ba84-a80981ffd516","dataType":"google-calendars"}}
[2025-11-23T14:23:52.424Z] [INFO   ] 2025-11-23T14:23:52.424Z [DEBUG] 🔍 [Google Data API] Request received: {"integrationId":"3d77fbe9-de84-47a8-ba84-a80981ffd516","dataType":"google-calendars","options":{},"fullRequestBody":{"integrationId":"3d77fbe9-de84-47a8-ba84-a80981ffd516","dataType":"google-calendars"}}
[2025-11-23T14:23:52.502Z] [INFO   ] 2025-11-23T14:23:52.502Z [DEBUG] 📊 [Google API] Integration provider check: {"integrationId":"3d77fbe9-de84-47a8-ba84-a80981ffd516","actualProvider":"google-calendar","dataType":"google-calendars","providerLowerCase":"google-calendar"}
[2025-11-23T14:23:52.503Z] [INFO   ] 2025-11-23T14:23:52.503Z [DEBUG] 🔍 [Google API] Processing request: {"integrationId":"3d77fbe9-de84-47a8-ba84-a80981ffd516","dataType":"google-calendars","provider":"google-calendar","status":"connected","hasToken":true}
[2025-11-23T14:23:52.503Z] [INFO   ] 2025-11-23T14:23:52.503Z [DEBUG] 📅 [Google Calendar] Fetching calendars
[2025-11-23T14:23:52.551Z] [INFO   ] 2025-11-23T14:23:52.551Z [DEBUG] 📊 [Google API] Integration provider check: {"integrationId":"3d77fbe9-de84-47a8-ba84-a80981ffd516","actualProvider":"google-calendar","dataType":"google-calendars","providerLowerCase":"google-calendar"}
[2025-11-23T14:23:52.552Z] [INFO   ] 2025-11-23T14:23:52.552Z [DEBUG] 🔍 [Google API] Processing request: {"integrationId":"3d77fbe9-de84-47a8-ba84-a80981ffd516","dataType":"google-calendars","provider":"google-calendar","status":"connected","hasToken":true}
[2025-11-23T14:23:52.552Z] [INFO   ] 2025-11-23T14:23:52.552Z [DEBUG] 📅 [Google Calendar] Fetching calendars
[2025-11-23T14:23:52.554Z] [INFO   ] 2025-11-23T14:23:52.554Z [DEBUG] 📊 [Google API] Integration provider check: {"integrationId":"3d77fbe9-de84-47a8-ba84-a80981ffd516","actualProvider":"google-calendar","dataType":"google-calendars","providerLowerCase":"google-calendar"}
[2025-11-23T14:23:52.554Z] [INFO   ] 2025-11-23T14:23:52.554Z [DEBUG] 🔍 [Google API] Processing request: {"integrationId":"3d77fbe9-de84-47a8-ba84-a80981ffd516","dataType":"google-calendars","provider":"google-calendar","status":"connected","hasToken":true}
[2025-11-23T14:23:52.554Z] [INFO   ] 2025-11-23T14:23:52.554Z [DEBUG] 📅 [Google Calendar] Fetching calendars
[2025-11-23T14:23:52.575Z] [INFO   ] 2025-11-23T14:23:52.575Z [DEBUG] 📊 [Google API] Integration provider check: {"integrationId":"3d77fbe9-de84-47a8-ba84-a80981ffd516","actualProvider":"google-calendar","dataType":"google-calendars","providerLowerCase":"google-calendar"}
[2025-11-23T14:23:52.576Z] [INFO   ] 2025-11-23T14:23:52.576Z [DEBUG] 🔍 [Google API] Processing request: {"integrationId":"3d77fbe9-de84-47a8-ba84-a80981ffd516","dataType":"google-calendars","provider":"google-calendar","status":"connected","hasToken":true}
[2025-11-23T14:23:52.576Z] [INFO   ] 2025-11-23T14:23:52.576Z [DEBUG] 📅 [Google Calendar] Fetching calendars
[2025-11-23T14:23:52.809Z] [INFO   ] 2025-11-23T14:23:52.809Z [DEBUG] ✅ [Google Calendar] Retrieved 3 calendars
[2025-11-23T14:23:52.810Z] [INFO   ] 2025-11-23T14:23:52.810Z [DEBUG] ✅ [Google API] Successfully processed google-calendars: {"integrationId":"3d77fbe9-de84-47a8-ba84-a80981ffd516","resultCount":3}
[2025-11-23T14:23:52.813Z] [INFO   ] 2025-11-23T14:23:52.813Z [DEBUG] ✅ [Google Calendar] Retrieved 3 calendars
[2025-11-23T14:23:52.814Z] [INFO   ] 2025-11-23T14:23:52.814Z [DEBUG] ✅ [Google API] Successfully processed google-calendars: {"integrationId":"3d77fbe9-de84-47a8-ba84-a80981ffd516","resultCount":3}
[2025-11-23T14:23:52.822Z] [INFO   ] 2025-11-23T14:23:52.822Z [DEBUG] ✅ [Google Calendar] Retrieved 3 calendars
[2025-11-23T14:23:52.823Z] [INFO   ] 2025-11-23T14:23:52.823Z [DEBUG] ✅ [Google API] Successfully processed google-calendars: {"integrationId":"3d77fbe9-de84-47a8-ba84-a80981ffd516","resultCount":3}
[2025-11-23T14:23:52.854Z] [INFO   ] 2025-11-23T14:23:52.854Z [DEBUG] ✅ [Google Calendar] Retrieved 3 calendars
[2025-11-23T14:23:52.855Z] [INFO   ] 2025-11-23T14:23:52.855Z [DEBUG] ✅ [Google API] Successfully processed google-calendars: {"integrationId":"3d77fbe9-de84-47a8-ba84-a80981ffd516","resultCount":3}
[2025-11-23T14:24:53.600Z] [INFO   ] 2025-11-23T14:24:53.600Z [DEBUG] 🚀 [Google Data API] POST handler invoked
[2025-11-23T14:24:53.600Z] [INFO   ] 2025-11-23T14:24:53.600Z [DEBUG] 🚀 [Google Data API] POST handler invoked
[2025-11-23T14:24:53.600Z] [INFO   ] 2025-11-23T14:24:53.600Z [DEBUG] 🚀 [Google Data API] POST handler invoked
[2025-11-23T14:24:53.600Z] [INFO   ] 2025-11-23T14:24:53.600Z [DEBUG] 🚀 [Google Data API] POST handler invoked
[2025-11-23T14:24:53.601Z] [INFO   ] 2025-11-23T14:24:53.601Z [DEBUG] 🔍 [Google Data API] Request received: {"integrationId":"3d77fbe9-de84-47a8-ba84-a80981ffd516","dataType":"google-calendars","options":{},"fullRequestBody":{"integrationId":"3d77fbe9-de84-47a8-ba84-a80981ffd516","dataType":"google-calendars"}}
[2025-11-23T14:24:53.601Z] [INFO   ] 2025-11-23T14:24:53.601Z [DEBUG] 🔍 [Google Data API] Request received: {"integrationId":"3d77fbe9-de84-47a8-ba84-a80981ffd516","dataType":"google-calendars","options":{},"fullRequestBody":{"integrationId":"3d77fbe9-de84-47a8-ba84-a80981ffd516","dataType":"google-calendars"}}
[2025-11-23T14:24:53.601Z] [INFO   ] 2025-11-23T14:24:53.601Z [DEBUG] 🔍 [Google Data API] Request received: {"integrationId":"3d77fbe9-de84-47a8-ba84-a80981ffd516","dataType":"google-calendars","options":{},"fullRequestBody":{"integrationId":"3d77fbe9-de84-47a8-ba84-a80981ffd516","dataType":"google-calendars"}}
[2025-11-23T14:24:53.601Z] [INFO   ] 2025-11-23T14:24:53.601Z [DEBUG] 🔍 [Google Data API] Request received: {"integrationId":"3d77fbe9-de84-47a8-ba84-a80981ffd516","dataType":"google-calendars","options":{},"fullRequestBody":{"integrationId":"3d77fbe9-de84-47a8-ba84-a80981ffd516","dataType":"google-calendars"}}
[2025-11-23T14:24:53.831Z] [INFO   ] 2025-11-23T14:24:53.831Z [DEBUG] 📊 [Google API] Integration provider check: {"integrationId":"3d77fbe9-de84-47a8-ba84-a80981ffd516","actualProvider":"google-calendar","dataType":"google-calendars","providerLowerCase":"google-calendar"}
[2025-11-23T14:24:53.831Z] [INFO   ] 2025-11-23T14:24:53.831Z [DEBUG] 🔍 [Google API] Processing request: {"integrationId":"3d77fbe9-de84-47a8-ba84-a80981ffd516","dataType":"google-calendars","provider":"google-calendar","status":"connected","hasToken":true}
[2025-11-23T14:24:53.831Z] [INFO   ] 2025-11-23T14:24:53.831Z [DEBUG] 📅 [Google Calendar] Fetching calendars
[2025-11-23T14:24:53.835Z] [INFO   ] 2025-11-23T14:24:53.835Z [DEBUG] 📊 [Google API] Integration provider check: {"integrationId":"3d77fbe9-de84-47a8-ba84-a80981ffd516","actualProvider":"google-calendar","dataType":"google-calendars","providerLowerCase":"google-calendar"}
[2025-11-23T14:24:53.835Z] [INFO   ] 2025-11-23T14:24:53.835Z [DEBUG] 🔍 [Google API] Processing request: {"integrationId":"3d77fbe9-de84-47a8-ba84-a80981ffd516","dataType":"google-calendars","provider":"google-calendar","status":"connected","hasToken":true}
[2025-11-23T14:24:53.835Z] [INFO   ] 2025-11-23T14:24:53.835Z [DEBUG] 📅 [Google Calendar] Fetching calendars
[2025-11-23T14:24:53.840Z] [INFO   ] 2025-11-23T14:24:53.840Z [DEBUG] 📊 [Google API] Integration provider check: {"integrationId":"3d77fbe9-de84-47a8-ba84-a80981ffd516","actualProvider":"google-calendar","dataType":"google-calendars","providerLowerCase":"google-calendar"}
[2025-11-23T14:24:53.841Z] [INFO   ] 2025-11-23T14:24:53.841Z [DEBUG] 🔍 [Google API] Processing request: {"integrationId":"3d77fbe9-de84-47a8-ba84-a80981ffd516","dataType":"google-calendars","provider":"google-calendar","status":"connected","hasToken":true}
[2025-11-23T14:24:53.841Z] [INFO   ] 2025-11-23T14:24:53.841Z [DEBUG] 📅 [Google Calendar] Fetching calendars
[2025-11-23T14:24:53.848Z] [INFO   ] 2025-11-23T14:24:53.848Z [DEBUG] 📊 [Google API] Integration provider check: {"integrationId":"3d77fbe9-de84-47a8-ba84-a80981ffd516","actualProvider":"google-calendar","dataType":"google-calendars","providerLowerCase":"google-calendar"}
[2025-11-23T14:24:53.848Z] [INFO   ] 2025-11-23T14:24:53.848Z [DEBUG] 🔍 [Google API] Processing request: {"integrationId":"3d77fbe9-de84-47a8-ba84-a80981ffd516","dataType":"google-calendars","provider":"google-calendar","status":"connected","hasToken":true}
[2025-11-23T14:24:53.848Z] [INFO   ] 2025-11-23T14:24:53.848Z [DEBUG] 📅 [Google Calendar] Fetching calendars
[2025-11-23T14:24:54.110Z] [INFO   ] 2025-11-23T14:24:54.110Z [DEBUG] ✅ [Google Calendar] Retrieved 3 calendars
[2025-11-23T14:24:54.111Z] [INFO   ] 2025-11-23T14:24:54.111Z [DEBUG] ✅ [Google API] Successfully processed google-calendars: {"integrationId":"3d77fbe9-de84-47a8-ba84-a80981ffd516","resultCount":3}
[2025-11-23T14:24:54.125Z] [INFO   ] 2025-11-23T14:24:54.125Z [DEBUG] ✅ [Google Calendar] Retrieved 3 calendars
[2025-11-23T14:24:54.125Z] [INFO   ] 2025-11-23T14:24:54.125Z [DEBUG] ✅ [Google API] Successfully processed google-calendars: {"integrationId":"3d77fbe9-de84-47a8-ba84-a80981ffd516","resultCount":3}
[2025-11-23T14:24:54.132Z] [INFO   ] 2025-11-23T14:24:54.131Z [DEBUG] ✅ [Google Calendar] Retrieved 3 calendars
[2025-11-23T14:24:54.132Z] [INFO   ] 2025-11-23T14:24:54.132Z [DEBUG] ✅ [Google API] Successfully processed google-calendars: {"integrationId":"3d77fbe9-de84-47a8-ba84-a80981ffd516","resultCount":3}
[2025-11-23T14:24:54.134Z] [INFO   ] 2025-11-23T14:24:54.134Z [DEBUG] ✅ [Google Calendar] Retrieved 3 calendars
[2025-11-23T14:24:54.134Z] [INFO   ] 2025-11-23T14:24:54.134Z [DEBUG] ✅ [Google API] Successfully processed google-calendars: {"integrationId":"3d77fbe9-de84-47a8-ba84-a80981ffd516","resultCount":3}
[2025-11-23T14:26:52.419Z] [INFO   ]  [32m[1m✓[22m[39m Compiled in 3.2s (6909 modules)
[2025-11-23T14:26:52.801Z] [INFO   ] 2025-11-23T14:26:52.800Z [DEBUG] [Middleware] Username check: {"path":"/workflows/builder/2ce8458c-3ab3-4d99-a71c-a3c95da238c7","userId":"a3e3a51a-175c-4b59-ad03-227ba12a18b0","provider":"email","role":"free","username":"nstoddard17","hasUsername":true,"isBetaTester":false,"isNewBetaUser":false,"accountAge":15341325401}
[2025-11-23T14:26:53.224Z] [INFO   ] 2025-11-23T14:26:53.224Z [DEBUG] [Username Check] {"userId":"a3e3a51a-175c-4b59-ad03-227ba12a18b0","hasEmail":true,"provider":"email","hasUsername":true,"isGoogleUser":false}
[2025-11-23T14:27:01.726Z] [INFO   ]  [32m[1m✓[22m[39m Compiled in 914ms (6909 modules)
[2025-11-23T14:27:01.975Z] [INFO   ] 2025-11-23T14:27:01.975Z [DEBUG] [Middleware] Username check: {"path":"/workflows/builder/2ce8458c-3ab3-4d99-a71c-a3c95da238c7","userId":"a3e3a51a-175c-4b59-ad03-227ba12a18b0","provider":"email","role":"free","username":"nstoddard17","hasUsername":true,"isBetaTester":false,"isNewBetaUser":false,"accountAge":15341334576}
[2025-11-23T14:27:02.344Z] [INFO   ] 2025-11-23T14:27:02.343Z [DEBUG] [Username Check] {"userId":"a3e3a51a-175c-4b59-ad03-227ba12a18b0","hasEmail":true,"provider":"email","hasUsername":true,"isGoogleUser":false}
[2025-11-23T14:27:51.385Z] [INFO   ]  [32m[1m✓[22m[39m Compiled in 1152ms (6909 modules)
[2025-11-23T14:27:51.926Z] [INFO   ] 2025-11-23T14:27:51.926Z [DEBUG] [Middleware] Username check: {"path":"/workflows/v2/api/flows/2ce8458c-3ab3-4d99-a71c-a3c95da238c7/revisions","userId":"a3e3a51a-175c-4b59-ad03-227ba12a18b0","provider":"email","role":"free","username":"nstoddard17","hasUsername":true,"isBetaTester":false,"isNewBetaUser":false,"accountAge":15341384527}
[2025-11-23T14:27:51.929Z] [INFO   ] 2025-11-23T14:27:51.929Z [DEBUG] [Middleware] Username check: {"path":"/workflows/builder/2ce8458c-3ab3-4d99-a71c-a3c95da238c7","userId":"a3e3a51a-175c-4b59-ad03-227ba12a18b0","provider":"email","role":"free","username":"nstoddard17","hasUsername":true,"isBetaTester":false,"isNewBetaUser":false,"accountAge":15341384530}
[2025-11-23T14:27:52.392Z] [INFO   ]  [32m[1m✓[22m[39m Compiled /workflows/v2/api/flows/[flowId]/revisions in 389ms (5080 modules)
[2025-11-23T14:27:53.590Z] [INFO   ] 2025-11-23T14:27:53.590Z [DEBUG] [Username Check] {"userId":"a3e3a51a-175c-4b59-ad03-227ba12a18b0","hasEmail":true,"provider":"email","hasUsername":true,"isGoogleUser":false}
[2025-11-23T14:27:53.904Z] [INFO   ] 2025-11-23T14:27:53.904Z [DEBUG] [Middleware] Username check: {"path":"/workflows/v2/api/flows/2ce8458c-3ab3-4d99-a71c-a3c95da238c7/revisions/71fc468f-7f05-4dc2-a6dd-5f7f872d64c2","userId":"a3e3a51a-175c-4b59-ad03-227ba12a18b0","provider":"email","role":"free","username":"nstoddard17","hasUsername":true,"isBetaTester":false,"isNewBetaUser":false,"accountAge":15341386505}
[2025-11-23T14:27:54.481Z] [INFO   ]  [37m[1m○[22m[39m Compiling /workflows/v2/api/flows/[flowId]/revisions/[revisionId] ...
[2025-11-23T14:27:55.124Z] [INFO   ]  [32m[1m✓[22m[39m Compiled /workflows/v2/api/flows/[flowId]/revisions/[revisionId] in 1179ms (5082 modules)
[2025-11-23T14:27:55.762Z] [INFO   ] 2025-11-23T14:27:55.762Z [DEBUG] [Middleware] Username check: {"path":"/workflows/v2/api/flows/2ce8458c-3ab3-4d99-a71c-a3c95da238c7/runs/latest","userId":"a3e3a51a-175c-4b59-ad03-227ba12a18b0","provider":"email","role":"free","username":"nstoddard17","hasUsername":true,"isBetaTester":false,"isNewBetaUser":false,"accountAge":15341388363}
[2025-11-23T14:27:56.014Z] [INFO   ]  [37m[1m○[22m[39m Compiling /workflows/v2/api/flows/[flowId]/runs/latest ...
[2025-11-23T14:27:56.316Z] [INFO   ]  [32m[1m✓[22m[39m Compiled /workflows/v2/api/flows/[flowId]/runs/latest in 802ms (5085 modules)
[2025-11-23T14:27:57.146Z] [INFO   ]  [32m[1m✓[22m[39m Compiled (5130 modules)
[2025-11-23T14:27:57.277Z] [INFO   ] 2025-11-23T14:27:57.277Z [DEBUG] 🚀 [Google Data API] POST handler invoked
[2025-11-23T14:27:57.277Z] [INFO   ] 2025-11-23T14:27:57.277Z [DEBUG] 🚀 [Google Data API] POST handler invoked
[2025-11-23T14:27:57.277Z] [INFO   ] 2025-11-23T14:27:57.277Z [DEBUG] 🔍 [Google Data API] Request received: {"integrationId":"3d77fbe9-de84-47a8-ba84-a80981ffd516","dataType":"google-calendars","options":{},"fullRequestBody":{"integrationId":"3d77fbe9-de84-47a8-ba84-a80981ffd516","dataType":"google-calendars"}}
[2025-11-23T14:27:57.278Z] [INFO   ] 2025-11-23T14:27:57.277Z [DEBUG] 🔍 [Google Data API] Request received: {"integrationId":"3d77fbe9-de84-47a8-ba84-a80981ffd516","dataType":"google-calendars","options":{},"fullRequestBody":{"integrationId":"3d77fbe9-de84-47a8-ba84-a80981ffd516","dataType":"google-calendars"}}
[2025-11-23T14:27:57.384Z] [INFO   ] 2025-11-23T14:27:57.384Z [DEBUG] 📊 [Google API] Integration provider check: {"integrationId":"3d77fbe9-de84-47a8-ba84-a80981ffd516","actualProvider":"google-calendar","dataType":"google-calendars","providerLowerCase":"google-calendar"}
[2025-11-23T14:27:57.384Z] [INFO   ] 2025-11-23T14:27:57.384Z [DEBUG] 🔍 [Google API] Processing request: {"integrationId":"3d77fbe9-de84-47a8-ba84-a80981ffd516","dataType":"google-calendars","provider":"google-calendar","status":"connected","hasToken":true}
[2025-11-23T14:27:57.384Z] [INFO   ] 2025-11-23T14:27:57.384Z [DEBUG] 📅 [Google Calendar] Fetching calendars
[2025-11-23T14:27:57.406Z] [INFO   ] 2025-11-23T14:27:57.405Z [DEBUG] 🚀 [Google Data API] POST handler invoked
[2025-11-23T14:27:57.406Z] [INFO   ] 2025-11-23T14:27:57.406Z [DEBUG] 🔍 [Google Data API] Request received: {"integrationId":"3d77fbe9-de84-47a8-ba84-a80981ffd516","dataType":"google-calendars","options":{},"fullRequestBody":{"integrationId":"3d77fbe9-de84-47a8-ba84-a80981ffd516","dataType":"google-calendars"}}
[2025-11-23T14:27:57.467Z] [INFO   ] 2025-11-23T14:27:57.467Z [DEBUG] 📊 [Google API] Integration provider check: {"integrationId":"3d77fbe9-de84-47a8-ba84-a80981ffd516","actualProvider":"google-calendar","dataType":"google-calendars","providerLowerCase":"google-calendar"}
[2025-11-23T14:27:57.468Z] [INFO   ] 2025-11-23T14:27:57.468Z [DEBUG] 🔍 [Google API] Processing request: {"integrationId":"3d77fbe9-de84-47a8-ba84-a80981ffd516","dataType":"google-calendars","provider":"google-calendar","status":"connected","hasToken":true}
[2025-11-23T14:27:57.468Z] [INFO   ] 2025-11-23T14:27:57.468Z [DEBUG] 📅 [Google Calendar] Fetching calendars
[2025-11-23T14:27:57.471Z] [INFO   ] 2025-11-23T14:27:57.471Z [DEBUG] 🚀 [Google Data API] POST handler invoked
[2025-11-23T14:27:57.472Z] [INFO   ] 2025-11-23T14:27:57.472Z [DEBUG] 🔍 [Google Data API] Request received: {"integrationId":"3d77fbe9-de84-47a8-ba84-a80981ffd516","dataType":"google-calendars","options":{},"fullRequestBody":{"integrationId":"3d77fbe9-de84-47a8-ba84-a80981ffd516","dataType":"google-calendars"}}
[2025-11-23T14:27:57.487Z] [INFO   ] 2025-11-23T14:27:57.487Z [DEBUG] 📊 [Google API] Integration provider check: {"integrationId":"3d77fbe9-de84-47a8-ba84-a80981ffd516","actualProvider":"google-calendar","dataType":"google-calendars","providerLowerCase":"google-calendar"}
[2025-11-23T14:27:57.487Z] [INFO   ] 2025-11-23T14:27:57.487Z [DEBUG] 🔍 [Google API] Processing request: {"integrationId":"3d77fbe9-de84-47a8-ba84-a80981ffd516","dataType":"google-calendars","provider":"google-calendar","status":"connected","hasToken":true}
[2025-11-23T14:27:57.487Z] [INFO   ] 2025-11-23T14:27:57.487Z [DEBUG] 📅 [Google Calendar] Fetching calendars
[2025-11-23T14:27:57.563Z] [INFO   ] 2025-11-23T14:27:57.563Z [DEBUG] 📊 [Google API] Integration provider check: {"integrationId":"3d77fbe9-de84-47a8-ba84-a80981ffd516","actualProvider":"google-calendar","dataType":"google-calendars","providerLowerCase":"google-calendar"}
[2025-11-23T14:27:57.563Z] [INFO   ] 2025-11-23T14:27:57.563Z [DEBUG] 🔍 [Google API] Processing request: {"integrationId":"3d77fbe9-de84-47a8-ba84-a80981ffd516","dataType":"google-calendars","provider":"google-calendar","status":"connected","hasToken":true}
[2025-11-23T14:27:57.563Z] [INFO   ] 2025-11-23T14:27:57.563Z [DEBUG] 📅 [Google Calendar] Fetching calendars
[2025-11-23T14:27:57.680Z] [INFO   ] 2025-11-23T14:27:57.680Z [DEBUG] ✅ [Google Calendar] Retrieved 3 calendars
[2025-11-23T14:27:57.680Z] [INFO   ] 2025-11-23T14:27:57.680Z [DEBUG] ✅ [Google API] Successfully processed google-calendars: {"integrationId":"3d77fbe9-de84-47a8-ba84-a80981ffd516","resultCount":3}
[2025-11-23T14:27:57.689Z] [INFO   ] 2025-11-23T14:27:57.689Z [DEBUG] ✅ [Google Calendar] Retrieved 3 calendars
[2025-11-23T14:27:57.689Z] [INFO   ] 2025-11-23T14:27:57.689Z [DEBUG] ✅ [Google API] Successfully processed google-calendars: {"integrationId":"3d77fbe9-de84-47a8-ba84-a80981ffd516","resultCount":3}
[2025-11-23T14:27:57.825Z] [INFO   ] 2025-11-23T14:27:57.825Z [DEBUG] ✅ [Google Calendar] Retrieved 3 calendars
[2025-11-23T14:27:57.825Z] [INFO   ] 2025-11-23T14:27:57.825Z [DEBUG] ✅ [Google API] Successfully processed google-calendars: {"integrationId":"3d77fbe9-de84-47a8-ba84-a80981ffd516","resultCount":3}
[2025-11-23T14:27:57.828Z] [INFO   ] 2025-11-23T14:27:57.828Z [DEBUG] ✅ [Google Calendar] Retrieved 3 calendars
[2025-11-23T14:27:57.828Z] [INFO   ] 2025-11-23T14:27:57.828Z [DEBUG] ✅ [Google API] Successfully processed google-calendars: {"integrationId":"3d77fbe9-de84-47a8-ba84-a80981ffd516","resultCount":3}
[2025-11-23T14:27:58.179Z] [INFO   ]  [32m[1m✓[22m[39m Compiled /api/integrations in 387ms (5133 modules)
[2025-11-23T14:27:58.559Z] [INFO   ] 2025-11-23T14:27:58.559Z [DEBUG] 📍 [API /api/integrations] GET request received {"timestamp":"2025-11-23T14:27:58.559Z","url":"http://localhost:3000/api/integrations"}
[2025-11-23T14:27:58.642Z] [INFO   ] 2025-11-23T14:27:58.642Z [DEBUG] ✅ [API /api/integrations] User authenticated {"userId":"a3e3a51a-175c-4b59-ad03-227ba12a18b0"}
[2025-11-23T14:27:58.643Z] [INFO   ] 2025-11-23T14:27:58.643Z [DEBUG] 🏠 [API /api/integrations] Workspace context {"workspaceType":"personal","workspaceId":null}
[2025-11-23T14:27:58.749Z] [INFO   ] 2025-11-23T14:27:58.749Z [DEBUG] 📊 [API /api/integrations] Parallel query results {"workspaceType":"personal","workspaceId":null,"integrationsCount":15,"permissionsCount":4,"integrationsError":null,"permissionsError":null}
[2025-11-23T14:27:58.749Z] [INFO   ] 2025-11-23T14:27:58.749Z [DEBUG] 📋 [API /api/integrations] Using explicit permission {"integrationId":"580105eb-df9a-4b0a-a934-43e5a99f9bb8","provider":"discord","permission":"admin"}
[2025-11-23T14:27:58.749Z] [INFO   ] 2025-11-23T14:27:58.749Z [DEBUG] 📋 [API /api/integrations] Using implicit permission {"integrationId":"0e7c83e0-6c16-48f6-b7d8-77d3592dca01","provider":"github","permission":"admin","reason":"connected_by"}
[2025-11-23T14:27:58.749Z] [INFO   ] 2025-11-23T14:27:58.749Z [DEBUG] 📋 [API /api/integrations] Using implicit permission {"integrationId":"c61c89e4-4f78-4069-8bfe-d36dd81cf6fc","provider":"dropbox","permission":"admin","reason":"connected_by"}
[2025-11-23T14:27:58.749Z] [INFO   ] 2025-11-23T14:27:58.749Z [DEBUG] 📋 [API /api/integrations] Using implicit permission {"integrationId":"cb175247-1caa-430b-85c0-dd7ca5ca370b","provider":"google-drive","permission":"admin","reason":"connected_by"}
[2025-11-23T14:27:58.749Z] [INFO   ] 2025-11-23T14:27:58.749Z [DEBUG] 📋 [API /api/integrations] Using implicit permission {"integrationId":"f172e387-ab0c-4c6a-975e-1767b2fd37be","provider":"notion","permission":"admin","reason":"default"}
[2025-11-23T14:27:58.749Z] [INFO   ] 2025-11-23T14:27:58.749Z [DEBUG] 📋 [API /api/integrations] Using implicit permission {"integrationId":"f367c75b-b4ea-4d0e-96ba-76368f0525a6","provider":"slack","permission":"admin","reason":"connected_by"}
[2025-11-23T14:27:58.749Z] [INFO   ] 2025-11-23T14:27:58.749Z [DEBUG] 📋 [API /api/integrations] Using implicit permission {"integrationId":"f0476067-a30a-4ab4-b9fb-1f5a647a7be7","provider":"facebook","permission":"admin","reason":"connected_by"}
[2025-11-23T14:27:58.749Z] [INFO   ] 2025-11-23T14:27:58.749Z [DEBUG] 📋 [API /api/integrations] Using implicit permission {"integrationId":"a6595fc9-22fe-43dc-82a9-a3301cb3b373","provider":"google-docs","permission":"admin","reason":"connected_by"}
[2025-11-23T14:27:58.749Z] [INFO   ] 2025-11-23T14:27:58.749Z [DEBUG] 📋 [API /api/integrations] Using explicit permission {"integrationId":"15a626c1-ecf2-4635-a287-1ddc3967a6ce","provider":"gmail","permission":"admin"}
[2025-11-23T14:27:58.749Z] [INFO   ] 2025-11-23T14:27:58.749Z [DEBUG] 📋 [API /api/integrations] Using implicit permission {"integrationId":"6f959e59-18c3-47f0-a20f-cc8a268ceb21","provider":"hubspot","permission":"admin","reason":"connected_by"}
[2025-11-23T14:27:58.749Z] [INFO   ] 2025-11-23T14:27:58.749Z [DEBUG] 📋 [API /api/integrations] Using explicit permission {"integrationId":"dc6cd712-ac50-45b5-86b6-4ff9963c7aa8","provider":"google-sheets","permission":"admin"}
[2025-11-23T14:27:58.749Z] [INFO   ] 2025-11-23T14:27:58.749Z [DEBUG] 📋 [API /api/integrations] Using implicit permission {"integrationId":"dd542556-581b-4711-ae40-304c81619938","provider":"airtable","permission":"admin","reason":"connected_by"}
[2025-11-23T14:27:58.749Z] [INFO   ] 2025-11-23T14:27:58.749Z [DEBUG] 📋 [API /api/integrations] Using explicit permission {"integrationId":"8ef5c519-18a9-4a81-829e-b7a48b58f668","provider":"gumroad","permission":"admin"}
[2025-11-23T14:27:58.749Z] [INFO   ] 2025-11-23T14:27:58.749Z [DEBUG] 📋 [API /api/integrations] Using implicit permission {"integrationId":"3d77fbe9-de84-47a8-ba84-a80981ffd516","provider":"google-calendar","permission":"admin","reason":"connected_by"}
[2025-11-23T14:27:58.749Z] [INFO   ] 2025-11-23T14:27:58.749Z [DEBUG] 📋 [API /api/integrations] Using implicit permission {"integrationId":"91c85768-928a-445d-89ae-28521f5ee7f2","provider":"google-analytics","permission":"admin","reason":"connected_by"}
[2025-11-23T14:27:58.750Z] [INFO   ] 2025-11-23T14:27:58.750Z [DEBUG] ✅ [API /api/integrations] Returning integrations {"count":15,"workspaceType":"personal"}
[2025-11-23T14:27:58.802Z] [INFO   ] 2025-11-23T14:27:58.802Z [DEBUG] 📍 [API /api/integrations] GET request received {"timestamp":"2025-11-23T14:27:58.802Z","url":"http://localhost:3000/api/integrations"}
[2025-11-23T14:27:58.882Z] [INFO   ] 2025-11-23T14:27:58.882Z [DEBUG] ✅ [API /api/integrations] User authenticated {"userId":"a3e3a51a-175c-4b59-ad03-227ba12a18b0"}
[2025-11-23T14:27:58.882Z] [INFO   ] 2025-11-23T14:27:58.882Z [DEBUG] 🏠 [API /api/integrations] Workspace context {"workspaceType":"personal","workspaceId":null}
[2025-11-23T14:27:58.979Z] [INFO   ] 2025-11-23T14:27:58.979Z [DEBUG] 📊 [API /api/integrations] Parallel query results {"workspaceType":"personal","workspaceId":null,"integrationsCount":15,"permissionsCount":4,"integrationsError":null,"permissionsError":null}
[2025-11-23T14:27:58.979Z] [INFO   ] 2025-11-23T14:27:58.979Z [DEBUG] 📋 [API /api/integrations] Using explicit permission {"integrationId":"580105eb-df9a-4b0a-a934-43e5a99f9bb8","provider":"discord","permission":"admin"}
[2025-11-23T14:27:58.979Z] [INFO   ] 2025-11-23T14:27:58.979Z [DEBUG] 📋 [API /api/integrations] Using implicit permission {"integrationId":"0e7c83e0-6c16-48f6-b7d8-77d3592dca01","provider":"github","permission":"admin","reason":"connected_by"}
[2025-11-23T14:27:58.979Z] [INFO   ] 2025-11-23T14:27:58.979Z [DEBUG] 📋 [API /api/integrations] Using implicit permission {"integrationId":"c61c89e4-4f78-4069-8bfe-d36dd81cf6fc","provider":"dropbox","permission":"admin","reason":"connected_by"}
[2025-11-23T14:27:58.979Z] [INFO   ] 2025-11-23T14:27:58.979Z [DEBUG] 📋 [API /api/integrations] Using implicit permission {"integrationId":"cb175247-1caa-430b-85c0-dd7ca5ca370b","provider":"google-drive","permission":"admin","reason":"connected_by"}
[2025-11-23T14:27:58.979Z] [INFO   ] 2025-11-23T14:27:58.979Z [DEBUG] 📋 [API /api/integrations] Using implicit permission {"integrationId":"f172e387-ab0c-4c6a-975e-1767b2fd37be","provider":"notion","permission":"admin","reason":"default"}
[2025-11-23T14:27:58.979Z] [INFO   ] 2025-11-23T14:27:58.979Z [DEBUG] 📋 [API /api/integrations] Using implicit permission {"integrationId":"f367c75b-b4ea-4d0e-96ba-76368f0525a6","provider":"slack","permission":"admin","reason":"connected_by"}
[2025-11-23T14:27:58.979Z] [INFO   ] 2025-11-23T14:27:58.979Z [DEBUG] 📋 [API /api/integrations] Using implicit permission {"integrationId":"f0476067-a30a-4ab4-b9fb-1f5a647a7be7","provider":"facebook","permission":"admin","reason":"connected_by"}
[2025-11-23T14:27:58.979Z] [INFO   ] 2025-11-23T14:27:58.979Z [DEBUG] 📋 [API /api/integrations] Using implicit permission {"integrationId":"a6595fc9-22fe-43dc-82a9-a3301cb3b373","provider":"google-docs","permission":"admin","reason":"connected_by"}
[2025-11-23T14:27:58.979Z] [INFO   ] 2025-11-23T14:27:58.979Z [DEBUG] 📋 [API /api/integrations] Using explicit permission {"integrationId":"15a626c1-ecf2-4635-a287-1ddc3967a6ce","provider":"gmail","permission":"admin"}
[2025-11-23T14:27:58.979Z] [INFO   ] 2025-11-23T14:27:58.979Z [DEBUG] 📋 [API /api/integrations] Using implicit permission {"integrationId":"6f959e59-18c3-47f0-a20f-cc8a268ceb21","provider":"hubspot","permission":"admin","reason":"connected_by"}
[2025-11-23T14:27:58.979Z] [INFO   ] 2025-11-23T14:27:58.979Z [DEBUG] 📋 [API /api/integrations] Using explicit permission {"integrationId":"dc6cd712-ac50-45b5-86b6-4ff9963c7aa8","provider":"google-sheets","permission":"admin"}
[2025-11-23T14:27:58.979Z] [INFO   ] 2025-11-23T14:27:58.979Z [DEBUG] 📋 [API /api/integrations] Using implicit permission {"integrationId":"dd542556-581b-4711-ae40-304c81619938","provider":"airtable","permission":"admin","reason":"connected_by"}
[2025-11-23T14:27:58.980Z] [INFO   ] 2025-11-23T14:27:58.979Z [DEBUG] 📋 [API /api/integrations] Using explicit permission {"integrationId":"8ef5c519-18a9-4a81-829e-b7a48b58f668","provider":"gumroad","permission":"admin"}
[2025-11-23T14:27:58.980Z] [INFO   ] 2025-11-23T14:27:58.980Z [DEBUG] 📋 [API /api/integrations] Using implicit permission {"integrationId":"3d77fbe9-de84-47a8-ba84-a80981ffd516","provider":"google-calendar","permission":"admin","reason":"connected_by"}
[2025-11-23T14:27:58.980Z] [INFO   ] 2025-11-23T14:27:58.980Z [DEBUG] 📋 [API /api/integrations] Using implicit permission {"integrationId":"91c85768-928a-445d-89ae-28521f5ee7f2","provider":"google-analytics","permission":"admin","reason":"connected_by"}
[2025-11-23T14:27:58.980Z] [INFO   ] 2025-11-23T14:27:58.980Z [DEBUG] ✅ [API /api/integrations] Returning integrations {"count":15,"workspaceType":"personal"}
[2025-11-23T14:28:12.591Z] [INFO   ] 2025-11-23T14:28:12.591Z [DEBUG] [Middleware] Username check: {"path":"/workflows/builder/2ce8458c-3ab3-4d99-a71c-a3c95da238c7","userId":"a3e3a51a-175c-4b59-ad03-227ba12a18b0","provider":"email","role":"free","username":"nstoddard17","hasUsername":true,"isBetaTester":false,"isNewBetaUser":false,"accountAge":15341405192}
[2025-11-23T14:28:13.092Z] [INFO   ] 2025-11-23T14:28:13.092Z [DEBUG] 💧 [AUTH] Rehydrating auth state from storage {"hasState":true,"hasUser":false,"initialized":false,"timestamp":"2025-11-23T14:28:13.092Z"}
[2025-11-23T14:28:13.110Z] [INFO   ] 2025-11-23T14:28:13.110Z [DEBUG] 💧 [AUTH] State hydrated and reset {"hasUser":false,"initialized":false,"timestamp":"2025-11-23T14:28:13.110Z"}
[2025-11-23T14:28:13.110Z] [INFO   ] 2025-11-23T14:28:13.110Z [DEBUG] ⏭️ [AUTH] Skipping initialization {"hasState":true,"alreadyInitialized":false,"isClient":false,"timestamp":"2025-11-23T14:28:13.110Z"}
[2025-11-23T14:28:13.561Z] [INFO   ] 2025-11-23T14:28:13.560Z [DEBUG] [Username Check] {"userId":"a3e3a51a-175c-4b59-ad03-227ba12a18b0","hasEmail":true,"provider":"email","hasUsername":true,"isGoogleUser":false}
[2025-11-23T14:28:14.370Z] [INFO   ] [PhantomEdgeOverlay] No nodes found
[2025-11-23T14:28:14.371Z] [INFO   ] [PhantomEdgeOverlay] Not rendering - no last node info
[2025-11-23T14:28:14.964Z] [INFO   ]  [37m[1m○[22m[39m Compiling /api/presence/count ...
[2025-11-23T14:28:15.024Z] [INFO   ]  [32m[1m✓[22m[39m Compiled /api/presence/count in 564ms (5136 modules)
[2025-11-23T14:28:15.553Z] [INFO   ]  [32m[1m✓[22m[39m Compiled (5138 modules)
[2025-11-23T14:28:16.903Z] [INFO   ]  [37m[1m○[22m[39m Compiling /icon.png ...
[2025-11-23T14:28:16.912Z] [INFO   ] 2025-11-23T14:28:16.912Z [DEBUG] [Middleware] Username check: {"path":"/workflows/v2/api/flows/2ce8458c-3ab3-4d99-a71c-a3c95da238c7/revisions","userId":"a3e3a51a-175c-4b59-ad03-227ba12a18b0","provider":"email","role":"free","username":"nstoddard17","hasUsername":true,"isBetaTester":false,"isNewBetaUser":false,"accountAge":15341409513}
[2025-11-23T14:28:16.913Z] [INFO   ] 2025-11-23T14:28:16.913Z [DEBUG] [Middleware] Username check: {"path":"/workflows/v2/api/flows/2ce8458c-3ab3-4d99-a71c-a3c95da238c7/runs/latest","userId":"a3e3a51a-175c-4b59-ad03-227ba12a18b0","provider":"email","role":"free","username":"nstoddard17","hasUsername":true,"isBetaTester":false,"isNewBetaUser":false,"accountAge":15341409514}
[2025-11-23T14:28:17.269Z] [INFO   ]  [32m[1m✓[22m[39m Compiled /icon.png in 876ms (5140 modules)
[2025-11-23T14:28:18.343Z] [INFO   ]  [37m[1m○[22m[39m Compiling /api/workflows ...
[2025-11-23T14:28:18.389Z] [INFO   ]  [32m[1m✓[22m[39m Compiled /api/workflows in 552ms (5142 modules)
[2025-11-23T14:28:18.545Z] [INFO   ] 2025-11-23T14:28:18.545Z [DEBUG] [Middleware] Username check: {"path":"/workflows/v2/api/flows/2ce8458c-3ab3-4d99-a71c-a3c95da238c7/revisions/71fc468f-7f05-4dc2-a6dd-5f7f872d64c2","userId":"a3e3a51a-175c-4b59-ad03-227ba12a18b0","provider":"email","role":"free","username":"nstoddard17","hasUsername":true,"isBetaTester":false,"isNewBetaUser":false,"accountAge":15341411146}
[2025-11-23T14:28:18.778Z] [INFO   ]  [32m[1m✓[22m[39m Compiled in 0ms (5142 modules)
[2025-11-23T14:28:19.159Z] [INFO   ]  [32m[1m✓[22m[39m Compiled in 0ms (5142 modules)
[2025-11-23T14:28:19.572Z] [INFO   ]  [32m[1m✓[22m[39m Compiled in 0ms (5142 modules)
[2025-11-23T14:28:19.606Z] [INFO   ] 2025-11-23T14:28:19.606Z [DEBUG] 📍 [API /api/integrations] GET request received {"timestamp":"2025-11-23T14:28:19.606Z","url":"http://localhost:3000/api/integrations"}
[2025-11-23T14:28:19.755Z] [INFO   ] 2025-11-23T14:28:19.755Z [DEBUG] [API /api/workflows] GET request {"filterContext":"ALL (unified view)","workspaceId":null,"userId":"a3e3a51a-175c-4b59-ad03-227ba12a18b0"}
[2025-11-23T14:28:19.757Z] [INFO   ] 2025-11-23T14:28:19.757Z [DEBUG] ✅ [API /api/integrations] User authenticated {"userId":"a3e3a51a-175c-4b59-ad03-227ba12a18b0"}
[2025-11-23T14:28:19.757Z] [INFO   ] 2025-11-23T14:28:19.757Z [DEBUG] 🏠 [API /api/integrations] Workspace context {"workspaceType":"personal","workspaceId":null}
[2025-11-23T14:28:19.889Z] [INFO   ] 2025-11-23T14:28:19.889Z [DEBUG] 📊 [API /api/integrations] Parallel query results {"workspaceType":"personal","workspaceId":null,"integrationsCount":15,"permissionsCount":4,"integrationsError":null,"permissionsError":null}
[2025-11-23T14:28:19.890Z] [INFO   ] 2025-11-23T14:28:19.890Z [DEBUG] 📋 [API /api/integrations] Using explicit permission {"integrationId":"580105eb-df9a-4b0a-a934-43e5a99f9bb8","provider":"discord","permission":"admin"}
[2025-11-23T14:28:19.890Z] [INFO   ] 2025-11-23T14:28:19.890Z [DEBUG] 📋 [API /api/integrations] Using implicit permission {"integrationId":"0e7c83e0-6c16-48f6-b7d8-77d3592dca01","provider":"github","permission":"admin","reason":"connected_by"}
[2025-11-23T14:28:19.890Z] [INFO   ] 2025-11-23T14:28:19.890Z [DEBUG] 📋 [API /api/integrations] Using implicit permission {"integrationId":"c61c89e4-4f78-4069-8bfe-d36dd81cf6fc","provider":"dropbox","permission":"admin","reason":"connected_by"}
[2025-11-23T14:28:19.890Z] [INFO   ] 2025-11-23T14:28:19.890Z [DEBUG] 📋 [API /api/integrations] Using implicit permission {"integrationId":"cb175247-1caa-430b-85c0-dd7ca5ca370b","provider":"google-drive","permission":"admin","reason":"connected_by"}
[2025-11-23T14:28:19.890Z] [INFO   ] 2025-11-23T14:28:19.890Z [DEBUG] 📋 [API /api/integrations] Using implicit permission {"integrationId":"f172e387-ab0c-4c6a-975e-1767b2fd37be","provider":"notion","permission":"admin","reason":"default"}
[2025-11-23T14:28:19.890Z] [INFO   ] 2025-11-23T14:28:19.890Z [DEBUG] 📋 [API /api/integrations] Using implicit permission {"integrationId":"f367c75b-b4ea-4d0e-96ba-76368f0525a6","provider":"slack","permission":"admin","reason":"connected_by"}
[2025-11-23T14:28:19.890Z] [INFO   ] 2025-11-23T14:28:19.890Z [DEBUG] 📋 [API /api/integrations] Using implicit permission {"integrationId":"f0476067-a30a-4ab4-b9fb-1f5a647a7be7","provider":"facebook","permission":"admin","reason":"connected_by"}
[2025-11-23T14:28:19.890Z] [INFO   ] 2025-11-23T14:28:19.890Z [DEBUG] 📋 [API /api/integrations] Using implicit permission {"integrationId":"a6595fc9-22fe-43dc-82a9-a3301cb3b373","provider":"google-docs","permission":"admin","reason":"connected_by"}
[2025-11-23T14:28:19.890Z] [INFO   ] 2025-11-23T14:28:19.890Z [DEBUG] 📋 [API /api/integrations] Using explicit permission {"integrationId":"15a626c1-ecf2-4635-a287-1ddc3967a6ce","provider":"gmail","permission":"admin"}
[2025-11-23T14:28:19.890Z] [INFO   ] 2025-11-23T14:28:19.890Z [DEBUG] 📋 [API /api/integrations] Using implicit permission {"integrationId":"6f959e59-18c3-47f0-a20f-cc8a268ceb21","provider":"hubspot","permission":"admin","reason":"connected_by"}
[2025-11-23T14:28:19.890Z] [INFO   ] 2025-11-23T14:28:19.890Z [DEBUG] 📋 [API /api/integrations] Using explicit permission {"integrationId":"dc6cd712-ac50-45b5-86b6-4ff9963c7aa8","provider":"google-sheets","permission":"admin"}
[2025-11-23T14:28:19.890Z] [INFO   ] 2025-11-23T14:28:19.890Z [DEBUG] 📋 [API /api/integrations] Using implicit permission {"integrationId":"dd542556-581b-4711-ae40-304c81619938","provider":"airtable","permission":"admin","reason":"connected_by"}
[2025-11-23T14:28:19.890Z] [INFO   ] 2025-11-23T14:28:19.890Z [DEBUG] 📋 [API /api/integrations] Using explicit permission {"integrationId":"8ef5c519-18a9-4a81-829e-b7a48b58f668","provider":"gumroad","permission":"admin"}
[2025-11-23T14:28:19.890Z] [INFO   ] 2025-11-23T14:28:19.890Z [DEBUG] 📋 [API /api/integrations] Using implicit permission {"integrationId":"3d77fbe9-de84-47a8-ba84-a80981ffd516","provider":"google-calendar","permission":"admin","reason":"connected_by"}
[2025-11-23T14:28:19.890Z] [INFO   ] 2025-11-23T14:28:19.890Z [DEBUG] 📋 [API /api/integrations] Using implicit permission {"integrationId":"91c85768-928a-445d-89ae-28521f5ee7f2","provider":"google-analytics","permission":"admin","reason":"connected_by"}
[2025-11-23T14:28:19.890Z] [INFO   ] 2025-11-23T14:28:19.890Z [DEBUG] ✅ [API /api/integrations] Returning integrations {"count":15,"workspaceType":"personal"}
[2025-11-23T14:28:20.143Z] [INFO   ] 2025-11-23T14:28:20.143Z [DEBUG] [API /api/workflows] Query result {"filterContext":"ALL","count":0,"error":null}
[2025-11-23T14:28:20.150Z] [INFO   ]  [32m[1m✓[22m[39m Compiled in 0ms (5142 modules)
[2025-11-23T14:28:20.778Z] [INFO   ]  [32m[1m✓[22m[39m Compiled in 0ms (5142 modules)
[2025-11-23T14:28:20.797Z] [INFO   ] 2025-11-23T14:28:20.797Z [DEBUG] 📍 [API /api/integrations] GET request received {"timestamp":"2025-11-23T14:28:20.797Z","url":"http://localhost:3000/api/integrations?workspace_type=personal"}
[2025-11-23T14:28:20.848Z] [INFO   ] 2025-11-23T14:28:20.848Z [DEBUG] [Middleware] Username check: {"path":"/workflows/v2/api/flows/2ce8458c-3ab3-4d99-a71c-a3c95da238c7/runs/latest","userId":"a3e3a51a-175c-4b59-ad03-227ba12a18b0","provider":"email","role":"free","username":"nstoddard17","hasUsername":true,"isBetaTester":false,"isNewBetaUser":false,"accountAge":15341413449}
[2025-11-23T14:28:20.898Z] [INFO   ] 2025-11-23T14:28:20.898Z [DEBUG] ✅ [API /api/integrations] User authenticated {"userId":"a3e3a51a-175c-4b59-ad03-227ba12a18b0"}
[2025-11-23T14:28:20.898Z] [INFO   ] 2025-11-23T14:28:20.898Z [DEBUG] 🏠 [API /api/integrations] Workspace context {"workspaceType":"personal","workspaceId":null}
[2025-11-23T14:28:20.992Z] [INFO   ] 2025-11-23T14:28:20.991Z [DEBUG] 📊 [API /api/integrations] Parallel query results {"workspaceType":"personal","workspaceId":null,"integrationsCount":15,"permissionsCount":4,"integrationsError":null,"permissionsError":null}
[2025-11-23T14:28:20.992Z] [INFO   ] 2025-11-23T14:28:20.992Z [DEBUG] 📋 [API /api/integrations] Using explicit permission {"integrationId":"580105eb-df9a-4b0a-a934-43e5a99f9bb8","provider":"discord","permission":"admin"}
[2025-11-23T14:28:20.992Z] [INFO   ] 2025-11-23T14:28:20.992Z [DEBUG] 📋 [API /api/integrations] Using implicit permission {"integrationId":"0e7c83e0-6c16-48f6-b7d8-77d3592dca01","provider":"github","permission":"admin","reason":"connected_by"}
[2025-11-23T14:28:20.992Z] [INFO   ] 2025-11-23T14:28:20.992Z [DEBUG] 📋 [API /api/integrations] Using implicit permission {"integrationId":"c61c89e4-4f78-4069-8bfe-d36dd81cf6fc","provider":"dropbox","permission":"admin","reason":"connected_by"}
[2025-11-23T14:28:20.992Z] [INFO   ] 2025-11-23T14:28:20.992Z [DEBUG] 📋 [API /api/integrations] Using implicit permission {"integrationId":"cb175247-1caa-430b-85c0-dd7ca5ca370b","provider":"google-drive","permission":"admin","reason":"connected_by"}
[2025-11-23T14:28:20.992Z] [INFO   ] 2025-11-23T14:28:20.992Z [DEBUG] 📋 [API /api/integrations] Using implicit permission {"integrationId":"f172e387-ab0c-4c6a-975e-1767b2fd37be","provider":"notion","permission":"admin","reason":"default"}
[2025-11-23T14:28:20.992Z] [INFO   ] 2025-11-23T14:28:20.992Z [DEBUG] 📋 [API /api/integrations] Using implicit permission {"integrationId":"f367c75b-b4ea-4d0e-96ba-76368f0525a6","provider":"slack","permission":"admin","reason":"connected_by"}
[2025-11-23T14:28:20.992Z] [INFO   ] 2025-11-23T14:28:20.992Z [DEBUG] 📋 [API /api/integrations] Using implicit permission {"integrationId":"f0476067-a30a-4ab4-b9fb-1f5a647a7be7","provider":"facebook","permission":"admin","reason":"connected_by"}
[2025-11-23T14:28:20.992Z] [INFO   ] 2025-11-23T14:28:20.992Z [DEBUG] 📋 [API /api/integrations] Using implicit permission {"integrationId":"a6595fc9-22fe-43dc-82a9-a3301cb3b373","provider":"google-docs","permission":"admin","reason":"connected_by"}
[2025-11-23T14:28:20.992Z] [INFO   ] 2025-11-23T14:28:20.992Z [DEBUG] 📋 [API /api/integrations] Using explicit permission {"integrationId":"15a626c1-ecf2-4635-a287-1ddc3967a6ce","provider":"gmail","permission":"admin"}
[2025-11-23T14:28:20.992Z] [INFO   ] 2025-11-23T14:28:20.992Z [DEBUG] 📋 [API /api/integrations] Using implicit permission {"integrationId":"6f959e59-18c3-47f0-a20f-cc8a268ceb21","provider":"hubspot","permission":"admin","reason":"connected_by"}
[2025-11-23T14:28:20.992Z] [INFO   ] 2025-11-23T14:28:20.992Z [DEBUG] 📋 [API /api/integrations] Using explicit permission {"integrationId":"dc6cd712-ac50-45b5-86b6-4ff9963c7aa8","provider":"google-sheets","permission":"admin"}
[2025-11-23T14:28:20.992Z] [INFO   ] 2025-11-23T14:28:20.992Z [DEBUG] 📋 [API /api/integrations] Using implicit permission {"integrationId":"dd542556-581b-4711-ae40-304c81619938","provider":"airtable","permission":"admin","reason":"connected_by"}
[2025-11-23T14:28:20.992Z] [INFO   ] 2025-11-23T14:28:20.992Z [DEBUG] 📋 [API /api/integrations] Using explicit permission {"integrationId":"8ef5c519-18a9-4a81-829e-b7a48b58f668","provider":"gumroad","permission":"admin"}
[2025-11-23T14:28:20.992Z] [INFO   ] 2025-11-23T14:28:20.992Z [DEBUG] 📋 [API /api/integrations] Using implicit permission {"integrationId":"3d77fbe9-de84-47a8-ba84-a80981ffd516","provider":"google-calendar","permission":"admin","reason":"connected_by"}
[2025-11-23T14:28:20.992Z] [INFO   ] 2025-11-23T14:28:20.992Z [DEBUG] 📋 [API /api/integrations] Using implicit permission {"integrationId":"91c85768-928a-445d-89ae-28521f5ee7f2","provider":"google-analytics","permission":"admin","reason":"connected_by"}
[2025-11-23T14:28:20.992Z] [INFO   ] 2025-11-23T14:28:20.992Z [DEBUG] ✅ [API /api/integrations] Returning integrations {"count":15,"workspaceType":"personal"}
[2025-11-23T14:28:21.212Z] [INFO   ]  [32m[1m✓[22m[39m Compiled in 1ms (5142 modules)
[2025-11-23T14:28:21.723Z] [INFO   ]  [32m[1m✓[22m[39m Compiled in 0ms (5142 modules)
[2025-11-23T14:28:21.745Z] [INFO   ] 2025-11-23T14:28:21.745Z [DEBUG] 📍 [API /api/integrations] GET request received {"timestamp":"2025-11-23T14:28:21.745Z","url":"http://localhost:3000/api/integrations"}
[2025-11-23T14:28:21.837Z] [INFO   ] 2025-11-23T14:28:21.836Z [DEBUG] ✅ [API /api/integrations] User authenticated {"userId":"a3e3a51a-175c-4b59-ad03-227ba12a18b0"}
[2025-11-23T14:28:21.837Z] [INFO   ] 2025-11-23T14:28:21.837Z [DEBUG] 🏠 [API /api/integrations] Workspace context {"workspaceType":"personal","workspaceId":null}
[2025-11-23T14:28:21.977Z] [INFO   ] 2025-11-23T14:28:21.977Z [DEBUG] 📊 [API /api/integrations] Parallel query results {"workspaceType":"personal","workspaceId":null,"integrationsCount":15,"permissionsCount":4,"integrationsError":null,"permissionsError":null}
[2025-11-23T14:28:21.978Z] [INFO   ] 2025-11-23T14:28:21.978Z [DEBUG] 📋 [API /api/integrations] Using explicit permission {"integrationId":"580105eb-df9a-4b0a-a934-43e5a99f9bb8","provider":"discord","permission":"admin"}
[2025-11-23T14:28:21.978Z] [INFO   ] 2025-11-23T14:28:21.978Z [DEBUG] 📋 [API /api/integrations] Using implicit permission {"integrationId":"0e7c83e0-6c16-48f6-b7d8-77d3592dca01","provider":"github","permission":"admin","reason":"connected_by"}
[2025-11-23T14:28:21.978Z] [INFO   ] 2025-11-23T14:28:21.978Z [DEBUG] 📋 [API /api/integrations] Using implicit permission {"integrationId":"c61c89e4-4f78-4069-8bfe-d36dd81cf6fc","provider":"dropbox","permission":"admin","reason":"connected_by"}
[2025-11-23T14:28:21.978Z] [INFO   ] 2025-11-23T14:28:21.978Z [DEBUG] 📋 [API /api/integrations] Using implicit permission {"integrationId":"cb175247-1caa-430b-85c0-dd7ca5ca370b","provider":"google-drive","permission":"admin","reason":"connected_by"}
[2025-11-23T14:28:21.978Z] [INFO   ] 2025-11-23T14:28:21.978Z [DEBUG] 📋 [API /api/integrations] Using implicit permission {"integrationId":"f172e387-ab0c-4c6a-975e-1767b2fd37be","provider":"notion","permission":"admin","reason":"default"}
[2025-11-23T14:28:21.978Z] [INFO   ] 2025-11-23T14:28:21.978Z [DEBUG] 📋 [API /api/integrations] Using implicit permission {"integrationId":"f367c75b-b4ea-4d0e-96ba-76368f0525a6","provider":"slack","permission":"admin","reason":"connected_by"}
[2025-11-23T14:28:21.978Z] [INFO   ] 2025-11-23T14:28:21.978Z [DEBUG] 📋 [API /api/integrations] Using implicit permission {"integrationId":"f0476067-a30a-4ab4-b9fb-1f5a647a7be7","provider":"facebook","permission":"admin","reason":"connected_by"}
[2025-11-23T14:28:21.978Z] [INFO   ] 2025-11-23T14:28:21.978Z [DEBUG] 📋 [API /api/integrations] Using implicit permission {"integrationId":"a6595fc9-22fe-43dc-82a9-a3301cb3b373","provider":"google-docs","permission":"admin","reason":"connected_by"}
[2025-11-23T14:28:21.978Z] [INFO   ] 2025-11-23T14:28:21.978Z [DEBUG] 📋 [API /api/integrations] Using explicit permission {"integrationId":"15a626c1-ecf2-4635-a287-1ddc3967a6ce","provider":"gmail","permission":"admin"}
[2025-11-23T14:28:21.978Z] [INFO   ] 2025-11-23T14:28:21.978Z [DEBUG] 📋 [API /api/integrations] Using implicit permission {"integrationId":"6f959e59-18c3-47f0-a20f-cc8a268ceb21","provider":"hubspot","permission":"admin","reason":"connected_by"}
[2025-11-23T14:28:21.978Z] [INFO   ] 2025-11-23T14:28:21.978Z [DEBUG] 📋 [API /api/integrations] Using explicit permission {"integrationId":"dc6cd712-ac50-45b5-86b6-4ff9963c7aa8","provider":"google-sheets","permission":"admin"}
[2025-11-23T14:28:21.978Z] [INFO   ] 2025-11-23T14:28:21.978Z [DEBUG] 📋 [API /api/integrations] Using implicit permission {"integrationId":"dd542556-581b-4711-ae40-304c81619938","provider":"airtable","permission":"admin","reason":"connected_by"}
[2025-11-23T14:28:21.978Z] [INFO   ] 2025-11-23T14:28:21.978Z [DEBUG] 📋 [API /api/integrations] Using explicit permission {"integrationId":"8ef5c519-18a9-4a81-829e-b7a48b58f668","provider":"gumroad","permission":"admin"}
[2025-11-23T14:28:21.978Z] [INFO   ] 2025-11-23T14:28:21.978Z [DEBUG] 📋 [API /api/integrations] Using implicit permission {"integrationId":"3d77fbe9-de84-47a8-ba84-a80981ffd516","provider":"google-calendar","permission":"admin","reason":"connected_by"}
[2025-11-23T14:28:21.978Z] [INFO   ] 2025-11-23T14:28:21.978Z [DEBUG] 📋 [API /api/integrations] Using implicit permission {"integrationId":"91c85768-928a-445d-89ae-28521f5ee7f2","provider":"google-analytics","permission":"admin","reason":"connected_by"}
[2025-11-23T14:28:21.978Z] [INFO   ] 2025-11-23T14:28:21.978Z [DEBUG] ✅ [API /api/integrations] Returning integrations {"count":15,"workspaceType":"personal"}
[2025-11-23T14:28:22.384Z] [INFO   ]  [32m[1m✓[22m[39m Compiled in 1ms (5142 modules)
[2025-11-23T14:28:23.048Z] [INFO   ]  [32m[1m✓[22m[39m Compiled in 0ms (5142 modules)
[2025-11-23T14:28:23.452Z] [INFO   ]  [32m[1m✓[22m[39m Compiled in 1ms (5142 modules)
[2025-11-23T14:28:23.876Z] [INFO   ]  [32m[1m✓[22m[39m Compiled in 0ms (5142 modules)
[2025-11-23T14:28:24.240Z] [INFO   ]  [32m[1m✓[22m[39m Compiled in 1ms (5142 modules)
[2025-11-23T14:28:24.277Z] [INFO   ] 2025-11-23T14:28:24.277Z [DEBUG] 🚀 [Google Data API] POST handler invoked
[2025-11-23T14:28:24.278Z] [INFO   ] 2025-11-23T14:28:24.278Z [DEBUG] 🚀 [Google Data API] POST handler invoked
[2025-11-23T14:28:24.278Z] [INFO   ] 2025-11-23T14:28:24.278Z [DEBUG] 📍 [API /api/integrations] GET request received {"timestamp":"2025-11-23T14:28:24.278Z","url":"http://localhost:3000/api/integrations"}
[2025-11-23T14:28:24.296Z] [INFO   ] 2025-11-23T14:28:24.296Z [DEBUG] 🔍 [Google Data API] Request received: {"integrationId":"3d77fbe9-de84-47a8-ba84-a80981ffd516","dataType":"google-calendars","options":{},"fullRequestBody":{"integrationId":"3d77fbe9-de84-47a8-ba84-a80981ffd516","dataType":"google-calendars"}}
[2025-11-23T14:28:24.296Z] [INFO   ] 2025-11-23T14:28:24.296Z [DEBUG] 🔍 [Google Data API] Request received: {"integrationId":"3d77fbe9-de84-47a8-ba84-a80981ffd516","dataType":"google-calendars","options":{},"fullRequestBody":{"integrationId":"3d77fbe9-de84-47a8-ba84-a80981ffd516","dataType":"google-calendars"}}
[2025-11-23T14:28:24.378Z] [INFO   ] 2025-11-23T14:28:24.378Z [DEBUG] 📊 [Google API] Integration provider check: {"integrationId":"3d77fbe9-de84-47a8-ba84-a80981ffd516","actualProvider":"google-calendar","dataType":"google-calendars","providerLowerCase":"google-calendar"}
[2025-11-23T14:28:24.378Z] [INFO   ] 2025-11-23T14:28:24.378Z [DEBUG] 🔍 [Google API] Processing request: {"integrationId":"3d77fbe9-de84-47a8-ba84-a80981ffd516","dataType":"google-calendars","provider":"google-calendar","status":"connected","hasToken":true}
[2025-11-23T14:28:24.378Z] [INFO   ] 2025-11-23T14:28:24.378Z [DEBUG] 📅 [Google Calendar] Fetching calendars
[2025-11-23T14:28:24.380Z] [INFO   ] 2025-11-23T14:28:24.380Z [DEBUG] 📊 [Google API] Integration provider check: {"integrationId":"3d77fbe9-de84-47a8-ba84-a80981ffd516","actualProvider":"google-calendar","dataType":"google-calendars","providerLowerCase":"google-calendar"}
[2025-11-23T14:28:24.380Z] [INFO   ] 2025-11-23T14:28:24.380Z [DEBUG] 🔍 [Google API] Processing request: {"integrationId":"3d77fbe9-de84-47a8-ba84-a80981ffd516","dataType":"google-calendars","provider":"google-calendar","status":"connected","hasToken":true}
[2025-11-23T14:28:24.380Z] [INFO   ] 2025-11-23T14:28:24.380Z [DEBUG] 📅 [Google Calendar] Fetching calendars
[2025-11-23T14:28:24.456Z] [INFO   ] 2025-11-23T14:28:24.456Z [DEBUG] ✅ [API /api/integrations] User authenticated {"userId":"a3e3a51a-175c-4b59-ad03-227ba12a18b0"}
[2025-11-23T14:28:24.456Z] [INFO   ] 2025-11-23T14:28:24.456Z [DEBUG] 🏠 [API /api/integrations] Workspace context {"workspaceType":"personal","workspaceId":null}
[2025-11-23T14:28:24.702Z] [INFO   ] 2025-11-23T14:28:24.702Z [DEBUG] 📊 [API /api/integrations] Parallel query results {"workspaceType":"personal","workspaceId":null,"integrationsCount":15,"permissionsCount":4,"integrationsError":null,"permissionsError":null}
[2025-11-23T14:28:24.703Z] [INFO   ] 2025-11-23T14:28:24.703Z [DEBUG] 📋 [API /api/integrations] Using explicit permission {"integrationId":"580105eb-df9a-4b0a-a934-43e5a99f9bb8","provider":"discord","permission":"admin"}
[2025-11-23T14:28:24.703Z] [INFO   ] 2025-11-23T14:28:24.703Z [DEBUG] 📋 [API /api/integrations] Using implicit permission {"integrationId":"0e7c83e0-6c16-48f6-b7d8-77d3592dca01","provider":"github","permission":"admin","reason":"connected_by"}
[2025-11-23T14:28:24.703Z] [INFO   ] 2025-11-23T14:28:24.703Z [DEBUG] 📋 [API /api/integrations] Using implicit permission {"integrationId":"c61c89e4-4f78-4069-8bfe-d36dd81cf6fc","provider":"dropbox","permission":"admin","reason":"connected_by"}
[2025-11-23T14:28:24.703Z] [INFO   ] 2025-11-23T14:28:24.703Z [DEBUG] 📋 [API /api/integrations] Using implicit permission {"integrationId":"cb175247-1caa-430b-85c0-dd7ca5ca370b","provider":"google-drive","permission":"admin","reason":"connected_by"}
[2025-11-23T14:28:24.703Z] [INFO   ] 2025-11-23T14:28:24.703Z [DEBUG] 📋 [API /api/integrations] Using implicit permission {"integrationId":"f172e387-ab0c-4c6a-975e-1767b2fd37be","provider":"notion","permission":"admin","reason":"default"}
[2025-11-23T14:28:24.703Z] [INFO   ] 2025-11-23T14:28:24.703Z [DEBUG] 📋 [API /api/integrations] Using implicit permission {"integrationId":"f367c75b-b4ea-4d0e-96ba-76368f0525a6","provider":"slack","permission":"admin","reason":"connected_by"}
[2025-11-23T14:28:24.703Z] [INFO   ] 2025-11-23T14:28:24.703Z [DEBUG] 📋 [API /api/integrations] Using implicit permission {"integrationId":"f0476067-a30a-4ab4-b9fb-1f5a647a7be7","provider":"facebook","permission":"admin","reason":"connected_by"}
[2025-11-23T14:28:24.703Z] [INFO   ] 2025-11-23T14:28:24.703Z [DEBUG] 📋 [API /api/integrations] Using implicit permission {"integrationId":"a6595fc9-22fe-43dc-82a9-a3301cb3b373","provider":"google-docs","permission":"admin","reason":"connected_by"}
[2025-11-23T14:28:24.703Z] [INFO   ] 2025-11-23T14:28:24.703Z [DEBUG] 📋 [API /api/integrations] Using explicit permission {"integrationId":"15a626c1-ecf2-4635-a287-1ddc3967a6ce","provider":"gmail","permission":"admin"}
[2025-11-23T14:28:24.703Z] [INFO   ] 2025-11-23T14:28:24.703Z [DEBUG] 📋 [API /api/integrations] Using implicit permission {"integrationId":"6f959e59-18c3-47f0-a20f-cc8a268ceb21","provider":"hubspot","permission":"admin","reason":"connected_by"}
[2025-11-23T14:28:24.703Z] [INFO   ] 2025-11-23T14:28:24.703Z [DEBUG] 📋 [API /api/integrations] Using explicit permission {"integrationId":"dc6cd712-ac50-45b5-86b6-4ff9963c7aa8","provider":"google-sheets","permission":"admin"}
[2025-11-23T14:28:24.703Z] [INFO   ] 2025-11-23T14:28:24.703Z [DEBUG] 📋 [API /api/integrations] Using implicit permission {"integrationId":"dd542556-581b-4711-ae40-304c81619938","provider":"airtable","permission":"admin","reason":"connected_by"}
[2025-11-23T14:28:24.703Z] [INFO   ] 2025-11-23T14:28:24.703Z [DEBUG] 📋 [API /api/integrations] Using explicit permission {"integrationId":"8ef5c519-18a9-4a81-829e-b7a48b58f668","provider":"gumroad","permission":"admin"}
[2025-11-23T14:28:24.703Z] [INFO   ] 2025-11-23T14:28:24.703Z [DEBUG] 📋 [API /api/integrations] Using implicit permission {"integrationId":"3d77fbe9-de84-47a8-ba84-a80981ffd516","provider":"google-calendar","permission":"admin","reason":"connected_by"}
[2025-11-23T14:28:24.703Z] [INFO   ] 2025-11-23T14:28:24.703Z [DEBUG] 📋 [API /api/integrations] Using implicit permission {"integrationId":"91c85768-928a-445d-89ae-28521f5ee7f2","provider":"google-analytics","permission":"admin","reason":"connected_by"}
[2025-11-23T14:28:24.703Z] [INFO   ] 2025-11-23T14:28:24.703Z [DEBUG] ✅ [API /api/integrations] Returning integrations {"count":15,"workspaceType":"personal"}
[2025-11-23T14:28:24.735Z] [INFO   ]  [32m[1m✓[22m[39m Compiled in 0ms (5142 modules)
[2025-11-23T14:28:24.830Z] [INFO   ] 2025-11-23T14:28:24.830Z [DEBUG] ✅ [Google Calendar] Retrieved 3 calendars
[2025-11-23T14:28:24.830Z] [INFO   ] 2025-11-23T14:28:24.830Z [DEBUG] ✅ [Google API] Successfully processed google-calendars: {"integrationId":"3d77fbe9-de84-47a8-ba84-a80981ffd516","resultCount":3}
[2025-11-23T14:28:24.851Z] [INFO   ] 2025-11-23T14:28:24.850Z [DEBUG] ✅ [Google Calendar] Retrieved 3 calendars
[2025-11-23T14:28:24.851Z] [INFO   ] 2025-11-23T14:28:24.851Z [DEBUG] ✅ [Google API] Successfully processed google-calendars: {"integrationId":"3d77fbe9-de84-47a8-ba84-a80981ffd516","resultCount":3}
[2025-11-23T14:28:25.142Z] [INFO   ] 2025-11-23T14:28:25.142Z [DEBUG] 🚀 [Google Data API] POST handler invoked
[2025-11-23T14:28:25.154Z] [INFO   ] 2025-11-23T14:28:25.154Z [DEBUG] 🔍 [Google Data API] Request received: {"integrationId":"3d77fbe9-de84-47a8-ba84-a80981ffd516","dataType":"google-calendars","options":{},"fullRequestBody":{"integrationId":"3d77fbe9-de84-47a8-ba84-a80981ffd516","dataType":"google-calendars"}}
[2025-11-23T14:28:25.207Z] [INFO   ] 2025-11-23T14:28:25.206Z [DEBUG] 🚀 [Google Data API] POST handler invoked
[2025-11-23T14:28:25.207Z] [INFO   ] 2025-11-23T14:28:25.207Z [DEBUG] 🔍 [Google Data API] Request received: {"integrationId":"3d77fbe9-de84-47a8-ba84-a80981ffd516","dataType":"google-calendars","options":{},"fullRequestBody":{"integrationId":"3d77fbe9-de84-47a8-ba84-a80981ffd516","dataType":"google-calendars"}}
[2025-11-23T14:28:25.211Z] [INFO   ] 2025-11-23T14:28:25.211Z [DEBUG] 📍 [API /api/integrations] GET request received {"timestamp":"2025-11-23T14:28:25.211Z","url":"http://localhost:3000/api/integrations"}
[2025-11-23T14:28:25.240Z] [INFO   ] 2025-11-23T14:28:25.240Z [DEBUG] 📊 [Google API] Integration provider check: {"integrationId":"3d77fbe9-de84-47a8-ba84-a80981ffd516","actualProvider":"google-calendar","dataType":"google-calendars","providerLowerCase":"google-calendar"}
[2025-11-23T14:28:25.240Z] [INFO   ] 2025-11-23T14:28:25.240Z [DEBUG] 🔍 [Google API] Processing request: {"integrationId":"3d77fbe9-de84-47a8-ba84-a80981ffd516","dataType":"google-calendars","provider":"google-calendar","status":"connected","hasToken":true}
[2025-11-23T14:28:25.240Z] [INFO   ] 2025-11-23T14:28:25.240Z [DEBUG] 📅 [Google Calendar] Fetching calendars
[2025-11-23T14:28:25.280Z] [INFO   ] 2025-11-23T14:28:25.280Z [DEBUG] 📊 [Google API] Integration provider check: {"integrationId":"3d77fbe9-de84-47a8-ba84-a80981ffd516","actualProvider":"google-calendar","dataType":"google-calendars","providerLowerCase":"google-calendar"}
[2025-11-23T14:28:25.280Z] [INFO   ] 2025-11-23T14:28:25.280Z [DEBUG] 🔍 [Google API] Processing request: {"integrationId":"3d77fbe9-de84-47a8-ba84-a80981ffd516","dataType":"google-calendars","provider":"google-calendar","status":"connected","hasToken":true}
[2025-11-23T14:28:25.280Z] [INFO   ] 2025-11-23T14:28:25.280Z [DEBUG] 📅 [Google Calendar] Fetching calendars
[2025-11-23T14:28:25.296Z] [INFO   ] 2025-11-23T14:28:25.296Z [DEBUG] ✅ [API /api/integrations] User authenticated {"userId":"a3e3a51a-175c-4b59-ad03-227ba12a18b0"}
[2025-11-23T14:28:25.296Z] [INFO   ] 2025-11-23T14:28:25.296Z [DEBUG] 🏠 [API /api/integrations] Workspace context {"workspaceType":"personal","workspaceId":null}
[2025-11-23T14:28:25.377Z] [INFO   ] 2025-11-23T14:28:25.377Z [DEBUG] 📊 [API /api/integrations] Parallel query results {"workspaceType":"personal","workspaceId":null,"integrationsCount":15,"permissionsCount":4,"integrationsError":null,"permissionsError":null}
[2025-11-23T14:28:25.377Z] [INFO   ] 2025-11-23T14:28:25.377Z [DEBUG] 📋 [API /api/integrations] Using explicit permission {"integrationId":"580105eb-df9a-4b0a-a934-43e5a99f9bb8","provider":"discord","permission":"admin"}
[2025-11-23T14:28:25.377Z] [INFO   ] 2025-11-23T14:28:25.377Z [DEBUG] 📋 [API /api/integrations] Using implicit permission {"integrationId":"0e7c83e0-6c16-48f6-b7d8-77d3592dca01","provider":"github","permission":"admin","reason":"connected_by"}
[2025-11-23T14:28:25.377Z] [INFO   ] 2025-11-23T14:28:25.377Z [DEBUG] 📋 [API /api/integrations] Using implicit permission {"integrationId":"c61c89e4-4f78-4069-8bfe-d36dd81cf6fc","provider":"dropbox","permission":"admin","reason":"connected_by"}
[2025-11-23T14:28:25.377Z] [INFO   ] 2025-11-23T14:28:25.377Z [DEBUG] 📋 [API /api/integrations] Using implicit permission {"integrationId":"cb175247-1caa-430b-85c0-dd7ca5ca370b","provider":"google-drive","permission":"admin","reason":"connected_by"}
[2025-11-23T14:28:25.377Z] [INFO   ] 2025-11-23T14:28:25.377Z [DEBUG] 📋 [API /api/integrations] Using implicit permission {"integrationId":"f172e387-ab0c-4c6a-975e-1767b2fd37be","provider":"notion","permission":"admin","reason":"default"}
[2025-11-23T14:28:25.377Z] [INFO   ] 2025-11-23T14:28:25.377Z [DEBUG] 📋 [API /api/integrations] Using implicit permission {"integrationId":"f367c75b-b4ea-4d0e-96ba-76368f0525a6","provider":"slack","permission":"admin","reason":"connected_by"}
[2025-11-23T14:28:25.377Z] [INFO   ] 2025-11-23T14:28:25.377Z [DEBUG] 📋 [API /api/integrations] Using implicit permission {"integrationId":"f0476067-a30a-4ab4-b9fb-1f5a647a7be7","provider":"facebook","permission":"admin","reason":"connected_by"}
[2025-11-23T14:28:25.377Z] [INFO   ] 2025-11-23T14:28:25.377Z [DEBUG] 📋 [API /api/integrations] Using implicit permission {"integrationId":"a6595fc9-22fe-43dc-82a9-a3301cb3b373","provider":"google-docs","permission":"admin","reason":"connected_by"}
[2025-11-23T14:28:25.377Z] [INFO   ] 2025-11-23T14:28:25.377Z [DEBUG] 📋 [API /api/integrations] Using explicit permission {"integrationId":"15a626c1-ecf2-4635-a287-1ddc3967a6ce","provider":"gmail","permission":"admin"}
[2025-11-23T14:28:25.377Z] [INFO   ] 2025-11-23T14:28:25.377Z [DEBUG] 📋 [API /api/integrations] Using implicit permission {"integrationId":"6f959e59-18c3-47f0-a20f-cc8a268ceb21","provider":"hubspot","permission":"admin","reason":"connected_by"}
[2025-11-23T14:28:25.377Z] [INFO   ] 2025-11-23T14:28:25.377Z [DEBUG] 📋 [API /api/integrations] Using explicit permission {"integrationId":"dc6cd712-ac50-45b5-86b6-4ff9963c7aa8","provider":"google-sheets","permission":"admin"}
[2025-11-23T14:28:25.377Z] [INFO   ] 2025-11-23T14:28:25.377Z [DEBUG] 📋 [API /api/integrations] Using implicit permission {"integrationId":"dd542556-581b-4711-ae40-304c81619938","provider":"airtable","permission":"admin","reason":"connected_by"}
[2025-11-23T14:28:25.377Z] [INFO   ] 2025-11-23T14:28:25.377Z [DEBUG] 📋 [API /api/integrations] Using explicit permission {"integrationId":"8ef5c519-18a9-4a81-829e-b7a48b58f668","provider":"gumroad","permission":"admin"}
[2025-11-23T14:28:25.377Z] [INFO   ] 2025-11-23T14:28:25.377Z [DEBUG] 📋 [API /api/integrations] Using implicit permission {"integrationId":"3d77fbe9-de84-47a8-ba84-a80981ffd516","provider":"google-calendar","permission":"admin","reason":"connected_by"}
[2025-11-23T14:28:25.377Z] [INFO   ] 2025-11-23T14:28:25.377Z [DEBUG] 📋 [API /api/integrations] Using implicit permission {"integrationId":"91c85768-928a-445d-89ae-28521f5ee7f2","provider":"google-analytics","permission":"admin","reason":"connected_by"}
[2025-11-23T14:28:25.377Z] [INFO   ] 2025-11-23T14:28:25.377Z [DEBUG] ✅ [API /api/integrations] Returning integrations {"count":15,"workspaceType":"personal"}
[2025-11-23T14:28:25.411Z] [INFO   ] 2025-11-23T14:28:25.411Z [DEBUG] ✅ [Google Calendar] Retrieved 3 calendars
[2025-11-23T14:28:25.412Z] [INFO   ] 2025-11-23T14:28:25.412Z [DEBUG] ✅ [Google API] Successfully processed google-calendars: {"integrationId":"3d77fbe9-de84-47a8-ba84-a80981ffd516","resultCount":3}
[2025-11-23T14:28:25.460Z] [INFO   ] 2025-11-23T14:28:25.460Z [DEBUG] ✅ [Google Calendar] Retrieved 3 calendars
[2025-11-23T14:28:25.460Z] [INFO   ] 2025-11-23T14:28:25.460Z [DEBUG] ✅ [Google API] Successfully processed google-calendars: {"integrationId":"3d77fbe9-de84-47a8-ba84-a80981ffd516","resultCount":3}
