=== Log Session Started: 2025-11-09T19:11:15.387Z ===
Node Version: v23.7.0
Platform: darwin
Working Directory: /Users/nathanielstoddard/chainreact-app/chainreact-app-9e
================================================================================

[2025-11-09T19:11:15.387Z] [INFO   ] File logging initialized
[2025-11-09T19:11:15.387Z] [INFO   ] Log file: /Users/nathanielstoddard/chainreact-app/chainreact-app-9e/logs/workflow_2025-11-09_13-11-15.log
[2025-11-09T19:11:15.390Z] [INFO   ] Deleted old log file: workflow_2025-11-02_12-48-48.log
[2025-11-09T19:11:15.390Z] [INFO   ] 📁 File logging enabled
[2025-11-09T19:11:15.390Z] [INFO   ] 📝 Logs will be written to: /Users/nathanielstoddard/chainreact-app/chainreact-app-9e/logs/workflow_2025-11-09_13-11-15.log
[2025-11-09T19:11:15.390Z] [INFO   ] 💡 To view logs in real-time: tail -f /Users/nathanielstoddard/chainreact-app/chainreact-app-9e/logs/workflow_2025-11-09_13-11-15.log
[2025-11-09T19:11:15.390Z] [INFO   ] 💡 To view all logs: cat /Users/nathanielstoddard/chainreact-app/chainreact-app-9e/logs/workflow_2025-11-09_13-11-15.log
[2025-11-09T19:11:15.390Z] [INFO   ] 💡 To share logs: Copy the file at /Users/nathanielstoddard/chainreact-app/chainreact-app-9e/logs/workflow_2025-11-09_13-11-15.log
[2025-11-09T19:11:15.390Z] [INFO   ] --------------------------------------------------------------------------------
[2025-11-09T19:11:15.390Z] [DEBUG  ] 📁 File logging system initialized
[2025-11-09T19:11:15.407Z] [INFO   ]  ✓ Ready in 7.2s
[2025-11-09T19:11:16.428Z] [INFO   ] 2025-11-09T19:11:16.423Z [DEBUG] 🤖 Discord bot configured, initializing gateway connection in background...
[2025-11-09T19:11:21.475Z] [INFO   ] 2025-11-09T19:11:21.474Z [DEBUG] Initializing Discord Gateway connection (singleton)...
[2025-11-09T19:11:21.476Z] [INFO   ] 2025-11-09T19:11:21.476Z [DEBUG] 🔑 Discord bot token loaded
[2025-11-09T19:11:23.709Z] [INFO   ] 2025-11-09T19:11:23.700Z [DEBUG] Discord Gateway initialization complete
[2025-11-09T19:11:23.710Z] [INFO   ] 2025-11-09T19:11:23.710Z [DEBUG] ✅ Discord bot gateway connection initialized
[2025-11-09T19:11:23.927Z] [INFO   ] 2025-11-09T19:11:23.927Z [DEBUG] Discord Gateway WebSocket connection established
[2025-11-09T19:11:23.934Z] [INFO   ] 2025-11-09T19:11:23.934Z [DEBUG] 🔑 Sending identify with intents: {"GUILDS":true,"GUILD_MEMBERS":true,"GUILD_INVITES":true,"GUILD_MESSAGES":true,"MESSAGE_CONTENT":true,"intentsValue":33347}
[2025-11-09T19:11:24.536Z] [INFO   ] 2025-11-09T19:11:24.536Z [DEBUG] 🎉 Discord bot ready! {"sessionId":"7b5689536335106e46e6708fe39c140b","username":"ChainReact-Bot","userId":"1378595955212812308","guildCount":2}
[2025-11-09T19:11:24.536Z] [INFO   ] 2025-11-09T19:11:24.536Z [DEBUG] 📋 Initializing invite cache...
[2025-11-09T19:11:24.540Z] [INFO   ] 2025-11-09T19:11:24.540Z [DEBUG] 📡 Discord event received: GUILD_CREATE
[2025-11-09T19:11:24.542Z] [INFO   ] 2025-11-09T19:11:24.542Z [DEBUG] 📡 Discord event received: GUILD_CREATE
[2025-11-09T19:11:24.812Z] [INFO   ] 2025-11-09T19:11:24.812Z [DEBUG] ✅ Cached 3 invites for guild 1378950884045623406
[2025-11-09T19:15:00.355Z] [INFO   ]  ✓ Compiled in 1517ms (2719 modules)
[2025-11-09T19:16:15.933Z] [INFO   ]  ✓ Compiled in 616ms (2719 modules)
[2025-11-09T19:24:06.438Z] [INFO   ]  ✓ Compiled in 2.3s (2719 modules)
[2025-11-09T19:28:41.511Z] [INFO   ]  ✓ Compiled in 2.5s (2719 modules)
[2025-11-09T19:29:15.004Z] [INFO   ]  ✓ Compiled in 476ms (2719 modules)
[2025-11-09T19:35:37.127Z] [INFO   ]  ✓ Compiled in 1585ms (2719 modules)
