=== Log Session Started: 2025-10-20T13:10:41.529Z ===
Node Version: v23.7.0
Platform: darwin
Working Directory: /Users/nathanielstoddard/chainreact-app/chainreact-app-9e
================================================================================

[2025-10-20T13:10:41.529Z] [INFO   ] File logging initialized
[2025-10-20T13:10:41.529Z] [INFO   ] Log file: /Users/nathanielstoddard/chainreact-app/chainreact-app-9e/logs/workflow_2025-10-20_08-10-41.log
[2025-10-20T13:10:41.531Z] [INFO   ] 📁 File logging enabled
[2025-10-20T13:10:41.531Z] [INFO   ] 📝 Logs will be written to: /Users/nathanielstoddard/chainreact-app/chainreact-app-9e/logs/workflow_2025-10-20_08-10-41.log
[2025-10-20T13:10:41.531Z] [INFO   ] 💡 To view logs in real-time: tail -f /Users/nathanielstoddard/chainreact-app/chainreact-app-9e/logs/workflow_2025-10-20_08-10-41.log
[2025-10-20T13:10:41.531Z] [INFO   ] 💡 To view all logs: cat /Users/nathanielstoddard/chainreact-app/chainreact-app-9e/logs/workflow_2025-10-20_08-10-41.log
[2025-10-20T13:10:41.532Z] [INFO   ] 💡 To share logs: Copy the file at /Users/nathanielstoddard/chainreact-app/chainreact-app-9e/logs/workflow_2025-10-20_08-10-41.log
[2025-10-20T13:10:41.532Z] [INFO   ] --------------------------------------------------------------------------------
[2025-10-20T13:10:41.532Z] [DEBUG  ] 📁 File logging system initialized
[2025-10-20T13:10:41.548Z] [INFO   ]  [32m[1m✓[22m[39m Ready in 3.6s
[2025-10-20T13:10:41.819Z] [INFO   ]  [32m[1m✓[22m[39m Compiled /middleware in 138ms (233 modules)
[2025-10-20T13:10:42.140Z] [INFO   ] 2025-10-20T13:10:42.140Z [DEBUG] [Middleware] Username check: {"path":"/workflows/builder/8340b576-0b3d-4af6-8e9b-8769b61147d1","userId":"a3e3a51a-175c-4b59-ad03-227ba12a18b0","provider":"email","role":"admin","username":"nstoddard17","hasUsername":true,"isBetaTester":false,"isNewBetaUser":false,"accountAge":12399154740}
[2025-10-20T13:10:42.560Z] [INFO   ] 2025-10-20T13:10:42.560Z [DEBUG] 🤖 Discord bot configured, initializing gateway connection in background...
[2025-10-20T13:10:44.800Z] [INFO   ] 2025-10-20T13:10:44.800Z [DEBUG] Initializing Discord Gateway connection (singleton)...
[2025-10-20T13:10:44.800Z] [INFO   ] 2025-10-20T13:10:44.800Z [DEBUG] 🔑 Discord bot token loaded
[2025-10-20T13:10:44.805Z] [INFO   ]  [37m[1m○[22m[39m Compiling /workflows/builder/[id] ...
[2025-10-20T13:10:44.964Z] [INFO   ] 2025-10-20T13:10:44.964Z [DEBUG] Discord Gateway initialization complete
[2025-10-20T13:10:44.965Z] [INFO   ] 2025-10-20T13:10:44.965Z [DEBUG] ✅ Discord bot gateway connection initialized
[2025-10-20T13:10:45.157Z] [INFO   ] 2025-10-20T13:10:45.156Z [DEBUG] Discord Gateway WebSocket connection established
[2025-10-20T13:10:45.157Z] [INFO   ] 2025-10-20T13:10:45.157Z [DEBUG] 🔑 Sending identify with intents: {"GUILDS":true,"GUILD_MEMBERS":true,"GUILD_INVITES":true,"GUILD_MESSAGES":true,"MESSAGE_CONTENT":true,"intentsValue":33347}
[2025-10-20T13:10:45.296Z] [INFO   ] 2025-10-20T13:10:45.296Z [DEBUG] 🎉 Discord bot ready! {"sessionId":"aa0144dc47c0d99b0e51904e52ef64e8","username":"ChainReact-Bot","userId":"1378595955212812308","guildCount":2}
[2025-10-20T13:10:45.297Z] [INFO   ] 2025-10-20T13:10:45.297Z [DEBUG] 📋 Initializing invite cache...
[2025-10-20T13:10:45.312Z] [INFO   ] 2025-10-20T13:10:45.311Z [DEBUG] 📡 Discord event received: GUILD_CREATE
[2025-10-20T13:10:45.312Z] [INFO   ] 2025-10-20T13:10:45.312Z [DEBUG] 📡 Discord event received: GUILD_CREATE
[2025-10-20T13:10:45.487Z] [INFO   ] 2025-10-20T13:10:45.487Z [DEBUG] ✅ Cached 3 invites for guild 1378950884045623406
[2025-10-20T13:10:45.792Z] [INFO   ] 2025-10-20T13:10:45.791Z [DEBUG] 📡 Discord event received: MESSAGE_DELETE
[2025-10-20T13:10:46.954Z] [INFO   ] 2025-10-20T13:10:46.954Z [DEBUG] 📡 Discord event received: MESSAGE_DELETE
[2025-10-20T13:10:48.319Z] [INFO   ] 2025-10-20T13:10:48.319Z [DEBUG] 📡 Discord event received: MESSAGE_DELETE
[2025-10-20T13:10:49.928Z] [INFO   ]  [32m[1m✓[22m[39m Compiled /workflows/builder/[id] in 7.8s (5696 modules)
[2025-10-20T13:10:50.532Z] [INFO   ]  [32m[1m✓[22m[39m Compiled in 578ms (1576 modules)
[2025-10-20T13:10:50.835Z] [INFO   ] 2025-10-20T13:10:50.835Z [DEBUG] 💧 [AUTH] Rehydrating auth state from storage {"hasState":true,"hasUser":false,"initialized":false,"timestamp":"2025-10-20T13:10:50.835Z"}
[2025-10-20T13:10:50.845Z] [INFO   ] 2025-10-20T13:10:50.845Z [DEBUG] 💧 [AUTH] State hydrated and reset {"hasUser":false,"initialized":false,"timestamp":"2025-10-20T13:10:50.845Z"}
[2025-10-20T13:10:50.845Z] [INFO   ] 2025-10-20T13:10:50.845Z [DEBUG] ⏭️ [AUTH] Skipping initialization {"hasState":true,"alreadyInitialized":false,"isClient":false,"timestamp":"2025-10-20T13:10:50.845Z"}
[2025-10-20T13:10:51.802Z] [INFO   ] 2025-10-20T13:10:51.801Z [DEBUG] [Username Check] {"userId":"a3e3a51a-175c-4b59-ad03-227ba12a18b0","hasEmail":true,"provider":"email","hasUsername":true,"isGoogleUser":false}
[2025-10-20T13:10:51.816Z] [INFO   ]  [37m[1m○[22m[39m Compiling /api/presence/count ...
[2025-10-20T13:10:53.704Z] [INFO   ]  [32m[1m✓[22m[39m Compiled /api/organizations in 2.4s (5705 modules)
[2025-10-20T13:10:54.778Z] [INFO   ]  [37m[1m○[22m[39m Compiling /api/collaboration/join ...
[2025-10-20T13:10:55.488Z] [INFO   ]  [32m[1m✓[22m[39m Compiled /api/collaboration/join in 1213ms (5710 modules)
[2025-10-20T13:10:55.578Z] [INFO   ] 2025-10-20T13:10:55.578Z [DEBUG] 📍 [API /api/integrations] GET request received {"timestamp":"2025-10-20T13:10:55.578Z","headers":{"referer":"check-console"}}
[2025-10-20T13:10:55.718Z] [INFO   ] 2025-10-20T13:10:55.718Z [DEBUG] ✅ [API /api/integrations] User authenticated {"userId":"a3e3a51a-175c-4b59-ad03-227ba12a18b0"}
[2025-10-20T13:10:55.845Z] [INFO   ] 2025-10-20T13:10:55.844Z [DEBUG] 📊 [API /api/integrations] Query result {"count":14,"error":null,"firstFew":[{"provider":"notion","status":"connected"},{"provider":"mailchimp","status":"connected"}]}
[2025-10-20T13:10:58.907Z] [INFO   ]  [37m[1m○[22m[39m Compiling /api/workflows/execute ...
[2025-10-20T13:11:01.547Z] [INFO   ]  [32m[1m✓[22m[39m Compiled /api/workflows/execute in 3.1s (7722 modules)
[2025-10-20T13:11:03.889Z] [INFO   ] 2025-10-20T13:11:03.889Z [DEBUG] === Workflow Execution Started (Refactored) ===
[2025-10-20T13:11:03.889Z] [INFO   ] 2025-10-20T13:11:03.889Z [DEBUG] 📊 [Execute Route] Request content-length: 47054
[2025-10-20T13:11:03.889Z] [INFO   ] 2025-10-20T13:11:03.889Z [DEBUG] 📊 [Execute Route] Request body text length: 47038
[2025-10-20T13:11:03.889Z] [INFO   ] 2025-10-20T13:11:03.889Z [DEBUG] 📊 [Execute Route] Workflow data received: {"workflowId":"8340b576-0b3d-4af6-8e9b-8769b61147d1","hasWorkflowData":true,"nodesCount":4,"nodeTypes":[{"id":"trigger-1760813764735","type":"gmail_trigger_new_email"},{"id":"action-1760841495900","type":"hitl_conversation"},{"id":"action-1760841551096","type":"discord_action_send_message"},{"id":"add-action-action-1760841551096"}],"hasTestModeConfig":true,"testModeConfig":{"triggerMode":"use_mock_data","actionMode":"intercept_writes","showDetailedSteps":true,"captureStepData":true}}
[2025-10-20T13:11:03.890Z] [INFO   ] 2025-10-20T13:11:03.889Z [DEBUG] Execution parameters: {"workflowId":"8340b576-0b3d-4af6-8e9b-8769b61147d1","testMode":true,"executionMode":"sandbox","effectiveTestMode":true,"skipTriggers":true,"hasInputData":true,"hasWorkflowData":true}
[2025-10-20T13:11:04.049Z] [INFO   ] 2025-10-20T13:11:04.049Z [DEBUG] Workflow found: {"id":"8340b576-0b3d-4af6-8e9b-8769b61147d1","name":"test","nodesCount":3}
[2025-10-20T13:11:04.139Z] [INFO   ] 2025-10-20T13:11:04.139Z [DEBUG] User authenticated: a3e3a51a-175c-4b59-ad03-227ba12a18b0
[2025-10-20T13:11:04.140Z] [INFO   ] 2025-10-20T13:11:04.140Z [DEBUG] Skipping trigger node: trigger-1760813764735 (gmail_trigger_new_email)
[2025-10-20T13:11:04.140Z] [INFO   ] 2025-10-20T13:11:04.140Z [DEBUG] Workflow structure: {"originalNodesCount":4,"filteredNodesCount":2,"skippedUINodes":2,"edgesCount":1,"nodeTypes":["hitl_conversation","discord_action_send_message"]}
[2025-10-20T13:11:04.140Z] [INFO   ] 2025-10-20T13:11:04.140Z [DEBUG] Action nodes found (triggers skipped): 2
[2025-10-20T13:11:04.140Z] [INFO   ] 2025-10-20T13:11:04.140Z [DEBUG] Starting workflow execution with effectiveTestMode: true
[2025-10-20T13:11:04.141Z] [INFO   ] 2025-10-20T13:11:04.141Z [DEBUG] 📦 Generating mock trigger data for: gmail_trigger_new_email
[2025-10-20T13:11:04.142Z] [INFO   ] 2025-10-20T13:11:04.142Z [DEBUG] 🚀 Starting workflow execution service {"testMode":true,"testModeConfig":{"triggerMode":"use_mock_data","actionMode":"intercept_writes"}}
[2025-10-20T13:11:04.143Z] [INFO   ] 2025-10-20T13:11:04.142Z [DEBUG] Executing workflow with: {"originalNodesCount":2,"validNodesCount":2,"skippedNodes":0,"connectionsCount":1,"usingWorkflowData":true,"nodeTypes":["hitl_conversation","discord_action_send_message"]}
[2025-10-20T13:11:04.143Z] [INFO   ] 2025-10-20T13:11:04.143Z [DEBUG] ⚙️ Fallback: starting from 1 root action node(s) (no triggers present)
[2025-10-20T13:11:04.281Z] [INFO   ] 2025-10-20T13:11:04.281Z [DEBUG] 🔄 ExecutionProgressTracker.initialize called {"executionId":"b9c06e75-b25a-4d1c-b27e-d67cc0758be7","workflowId":"8340b576-0b3d-4af6-8e9b-8769b61147d1","userId":"a3e3a51a-175c-4b59-ad03-227ba12a18b0","totalNodes":2}
[2025-10-20T13:11:04.400Z] [INFO   ] 2025-10-20T13:11:04.400Z [DEBUG] ✅ Execution progress tracker initialized: d9afe2a1-b408-4518-b63d-a6c75ec1d8fd
[2025-10-20T13:11:04.628Z] [INFO   ] 2025-10-20T13:11:04.628Z [DEBUG] 📝 Started execution history tracking: ab62dd1d-8a53-4500-9c24-1049c701582c
[2025-10-20T13:11:04.629Z] [INFO   ] 2025-10-20T13:11:04.629Z [DEBUG] 🔧 Creating execution context with userId: a3e3a51a-175c-4b59-ad03-227ba12a18b0
[2025-10-20T13:11:04.713Z] [INFO   ] 2025-10-20T13:11:04.713Z [DEBUG] 📊 Loaded 0 workflow variables
[2025-10-20T13:11:04.714Z] [INFO   ] 2025-10-20T13:11:04.714Z [DEBUG] ✅ Created execution context with userId: a3e3a51a-175c-4b59-ad03-227ba12a18b0
[2025-10-20T13:11:04.714Z] [INFO   ] 2025-10-20T13:11:04.714Z [DEBUG] 📍 Starting execution with 1 starting nodes
[2025-10-20T13:11:04.714Z] [INFO   ] 2025-10-20T13:11:04.714Z [DEBUG] 🎯 Executing action node: action-1760841495900 (hitl_conversation)
[2025-10-20T13:11:04.714Z] [INFO   ] 2025-10-20T13:11:04.714Z [DEBUG] Updating execution progress: {"currentNodeId":"action-1760841495900","currentNodeName":"Ask Human via Chat","progressPercentage":0}
[2025-10-20T13:11:04.820Z] [INFO   ] 2025-10-20T13:11:04.820Z [DEBUG] 🔧 Executing node: action-1760841495900 (hitl_conversation)
[2025-10-20T13:11:04.959Z] [INFO   ] 2025-10-20T13:11:04.959Z [DEBUG] 📝 Recorded step 1: hitl_conversation (action-1760841495900)
[2025-10-20T13:11:04.960Z] [INFO   ] 2025-10-20T13:11:04.960Z [DEBUG] 💬 Executing HITL conversation node
[2025-10-20T13:11:04.962Z] [INFO   ] 2025-10-20T13:11:04.962Z [DEBUG] 🔍 Resolving variable: {{*}}
[2025-10-20T13:11:04.962Z] [INFO   ] 2025-10-20T13:11:04.962Z [DEBUG] 🔍 Available input keys: email
[2025-10-20T13:11:04.963Z] [INFO   ] 2025-10-20T13:11:04.963Z [DEBUG] [HITL] No external memory document configured
[2025-10-20T13:11:04.963Z] [INFO   ] 2025-10-20T13:11:04.963Z [DEBUG] 🔍 Resolving variable: **Workflow Paused for Review**

Here's the data from the previous step:
{{*}}

Let me know when you're ready to continue!
[2025-10-20T13:11:04.963Z] [INFO   ] 2025-10-20T13:11:04.963Z [DEBUG] 🔍 Available input keys: email
[2025-10-20T13:11:05.199Z] [INFO   ] 2025-10-20T13:11:05.199Z [DEBUG] 🔵 Discord MESSAGE_CREATE received: {"messageId":"1429819213136007170","channelId":"1378950885044125758","guildId":"1378950884045623406","content":"**Workflow Paused for Review**\n\nHere's the data from the previous step:\n**Email:**\n  **Id:** mock_em","author":"ChainReact-Bot","isBot":true}
[2025-10-20T13:11:05.200Z] [INFO   ] 2025-10-20T13:11:05.200Z [DEBUG] 🤖 Ignoring bot message
[2025-10-20T13:11:05.505Z] [INFO   ] 2025-10-20T13:11:05.504Z [DEBUG] 📡 Discord event received: MESSAGE_UPDATE
[2025-10-20T13:11:05.515Z] [INFO   ] 2025-10-20T13:11:05.515Z [DEBUG] 📡 Discord event received: THREAD_CREATE
[2025-10-20T13:11:05.515Z] [INFO   ] 2025-10-20T13:11:05.515Z [DEBUG] 📡 Discord event received: THREAD_MEMBER_UPDATE
[2025-10-20T13:11:05.532Z] [INFO   ] 2025-10-20T13:11:05.532Z [DEBUG] 🔵 Discord MESSAGE_CREATE received: {"messageId":"1429819214776111184","channelId":"1429819213136007170","guildId":"1378950884045623406","content":"","author":"ChainReact-Bot","isBot":true}
[2025-10-20T13:11:05.532Z] [INFO   ] 2025-10-20T13:11:05.532Z [DEBUG] 🤖 Ignoring bot message
[2025-10-20T13:11:05.637Z] [INFO   ] 2025-10-20T13:11:05.637Z [INFO] HITL Discord message sent with thread {"messageId":"1429819213136007170","threadId":"1429819213136007170","conversationId":"hitl_b9c06e75-b25a-4d1c-b27e-d67cc0758be7_action-1760841495900_1760965864963"}
[2025-10-20T13:11:05.844Z] [INFO   ] 2025-10-20T13:11:05.844Z [INFO] HITL conversation initiated {"executionId":"b9c06e75-b25a-4d1c-b27e-d67cc0758be7","conversationId":"9d1d15ae-01a9-4102-ab2d-31292d6a7a00","channelType":"discord","channelId":"1429819213136007170","timeoutAt":"2025-10-20T14:11:04.963Z","timeoutMinutes":60}
[2025-10-20T13:11:05.844Z] [INFO   ] 2025-10-20T13:11:05.844Z [DEBUG] 💾 Stored output for node action-1760841495900: {"success":true,"dataKeys":["email","hitlInitiated","conversationId","channelType","channelId","threadId","timeoutAt","timeoutMinutes","hasTimeout","status"]}
[2025-10-20T13:11:05.844Z] [INFO   ] 2025-10-20T13:11:05.844Z [INFO] ⏸️  Node action-1760841495900 requesting workflow pause (HITL)
[2025-10-20T13:11:05.844Z] [INFO   ] 2025-10-20T13:11:05.844Z [DEBUG]    Will NOT execute connected nodes - workflow is pausing
[2025-10-20T13:11:05.845Z] [INFO   ] 2025-10-20T13:11:05.844Z [DEBUG] ✅ Node action-1760841495900 completed in 1024ms
[2025-10-20T13:11:06.039Z] [INFO   ] 2025-10-20T13:11:06.039Z [DEBUG] ✅ Step action-1760841495900 completed (1024ms)
[2025-10-20T13:11:06.040Z] [INFO   ] 2025-10-20T13:11:06.040Z [DEBUG]    Node action-1760841495900 execution result: {"success":true,"hasError":false,"hasResults":false,"pauseExecution":true}
[2025-10-20T13:11:06.040Z] [INFO   ] 2025-10-20T13:11:06.040Z [INFO] ⏸️  Workflow paused at node action-1760841495900 (HITL conversation initiated)
[2025-10-20T13:11:06.135Z] [INFO   ] 2025-10-20T13:11:06.134Z [DEBUG] Updating execution progress: {"status":"running","currentNodeId":"action-1760841495900","currentNodeName":"Ask Human via Chat"}
[2025-10-20T13:11:06.264Z] [INFO   ] 2025-10-20T13:11:06.264Z [DEBUG] ⏸️  Execution paused at node action-1760841495900
[2025-10-20T13:11:06.368Z] [INFO   ] 2025-10-20T13:11:06.367Z [DEBUG] ⏸️  Execution ab62dd1d-8a53-4500-9c24-1049c701582c paused at node action-1760841495900
[2025-10-20T13:11:06.368Z] [INFO   ] 2025-10-20T13:11:06.368Z [DEBUG] Workflow execution completed successfully
[2025-10-20T13:11:26.859Z] [INFO   ]  [37m[1m○[22m[39m Compiling /api/collaboration/collaborators ...
[2025-10-20T13:11:26.863Z] [INFO   ]  [32m[1m✓[22m[39m Compiled /api/collaboration/collaborators in 554ms (7724 modules)
[2025-10-20T13:12:51.396Z] [INFO   ] 2025-10-20T13:12:51.396Z [DEBUG] Discord Gateway closed, persistent reconnect disabled
[2025-10-20T13:16:04.478Z] [INFO   ]  [32m[1m✓[22m[39m Compiled in 1466ms (5717 modules)
[2025-10-20T13:16:04.769Z] [INFO   ] 2025-10-20T13:16:04.768Z [DEBUG] [Middleware] Username check: {"path":"/workflows/builder/8340b576-0b3d-4af6-8e9b-8769b61147d1","userId":"a3e3a51a-175c-4b59-ad03-227ba12a18b0","provider":"email","role":"admin","username":"nstoddard17","hasUsername":true,"isBetaTester":false,"isNewBetaUser":false,"accountAge":12399477369}
[2025-10-20T13:16:05.107Z] [INFO   ] 2025-10-20T13:16:05.107Z [DEBUG] [Username Check] {"userId":"a3e3a51a-175c-4b59-ad03-227ba12a18b0","hasEmail":true,"provider":"email","hasUsername":true,"isGoogleUser":false}
[2025-10-20T13:16:05.809Z] [INFO   ]  [37m[1m○[22m[39m Compiling /api/collaboration/leave ...
[2025-10-20T13:16:06.068Z] [INFO   ]  [32m[1m✓[22m[39m Compiled /api/collaboration/leave in 848ms (5705 modules)
[2025-10-20T13:16:06.233Z] [WARN   ]  [33m[1m⚠[22m[39m Fast Refresh had to perform a full reload due to a runtime error.
[2025-10-20T13:16:06.491Z] [INFO   ] 2025-10-20T13:16:06.491Z [DEBUG] [Middleware] Username check: {"path":"/workflows/builder/8340b576-0b3d-4af6-8e9b-8769b61147d1","userId":"a3e3a51a-175c-4b59-ad03-227ba12a18b0","provider":"email","role":"admin","username":"nstoddard17","hasUsername":true,"isBetaTester":false,"isNewBetaUser":false,"accountAge":12399479092}
[2025-10-20T13:16:06.774Z] [INFO   ] 2025-10-20T13:16:06.774Z [DEBUG] 💧 [AUTH] Rehydrating auth state from storage {"hasState":true,"hasUser":false,"initialized":false,"timestamp":"2025-10-20T13:16:06.774Z"}
[2025-10-20T13:16:06.785Z] [INFO   ] 2025-10-20T13:16:06.784Z [DEBUG] 💧 [AUTH] State hydrated and reset {"hasUser":false,"initialized":false,"timestamp":"2025-10-20T13:16:06.784Z"}
[2025-10-20T13:16:06.785Z] [INFO   ] 2025-10-20T13:16:06.785Z [DEBUG] ⏭️ [AUTH] Skipping initialization {"hasState":true,"alreadyInitialized":false,"isClient":false,"timestamp":"2025-10-20T13:16:06.785Z"}
[2025-10-20T13:16:07.001Z] [INFO   ] 2025-10-20T13:16:07.001Z [DEBUG] [Username Check] {"userId":"a3e3a51a-175c-4b59-ad03-227ba12a18b0","hasEmail":true,"provider":"email","hasUsername":true,"isGoogleUser":false}
[2025-10-20T13:16:08.323Z] [INFO   ]  [37m[1m○[22m[39m Compiling /api/collaboration/join ...
[2025-10-20T13:16:08.361Z] [INFO   ]  [32m[1m✓[22m[39m Compiled /api/collaboration/join in 568ms (4145 modules)
[2025-10-20T13:16:08.653Z] [INFO   ]  [32m[1m✓[22m[39m Compiled (4152 modules)
[2025-10-20T13:16:08.743Z] [INFO   ] 2025-10-20T13:16:08.743Z [DEBUG] 📍 [API /api/integrations] GET request received {"timestamp":"2025-10-20T13:16:08.743Z","headers":{"referer":"check-console"}}
[2025-10-20T13:16:08.875Z] [INFO   ] 2025-10-20T13:16:08.874Z [DEBUG] ✅ [API /api/integrations] User authenticated {"userId":"a3e3a51a-175c-4b59-ad03-227ba12a18b0"}
[2025-10-20T13:16:08.963Z] [INFO   ] 2025-10-20T13:16:08.963Z [DEBUG] 📊 [API /api/integrations] Query result {"count":14,"error":null,"firstFew":[{"provider":"notion","status":"connected"},{"provider":"mailchimp","status":"connected"}]}
[2025-10-20T13:16:18.371Z] [INFO   ]  [32m[1m✓[22m[39m Compiled in 357ms (1576 modules)
[2025-10-20T13:16:18.575Z] [INFO   ] 2025-10-20T13:16:18.575Z [DEBUG] [Middleware] Username check: {"path":"/workflows/builder/8340b576-0b3d-4af6-8e9b-8769b61147d1","userId":"a3e3a51a-175c-4b59-ad03-227ba12a18b0","provider":"email","role":"admin","username":"nstoddard17","hasUsername":true,"isBetaTester":false,"isNewBetaUser":false,"accountAge":12399491176}
[2025-10-20T13:16:18.736Z] [INFO   ] 2025-10-20T13:16:18.736Z [DEBUG] [Username Check] {"userId":"a3e3a51a-175c-4b59-ad03-227ba12a18b0","hasEmail":true,"provider":"email","hasUsername":true,"isGoogleUser":false}

=== Log Session Ended: 2025-10-20T13:21:37.258Z ===
