=== Log Session Started: 2025-10-18T03:00:35.322Z ===
Node Version: v23.7.0
Platform: darwin
Working Directory: /Users/nathanielstoddard/chainreact-app/chainreact-app-9e
================================================================================

[2025-10-18T03:00:35.322Z] [INFO   ] File logging initialized
[2025-10-18T03:00:35.322Z] [INFO   ] Log file: /Users/nathanielstoddard/chainreact-app/chainreact-app-9e/logs/workflow_2025-10-17_22-00-35.log
[2025-10-18T03:00:35.324Z] [INFO   ] 📁 File logging enabled
[2025-10-18T03:00:35.324Z] [INFO   ] 📝 Logs will be written to: /Users/nathanielstoddard/chainreact-app/chainreact-app-9e/logs/workflow_2025-10-17_22-00-35.log
[2025-10-18T03:00:35.324Z] [INFO   ] 💡 To view logs in real-time: tail -f /Users/nathanielstoddard/chainreact-app/chainreact-app-9e/logs/workflow_2025-10-17_22-00-35.log
[2025-10-18T03:00:35.324Z] [INFO   ] 💡 To view all logs: cat /Users/nathanielstoddard/chainreact-app/chainreact-app-9e/logs/workflow_2025-10-17_22-00-35.log
[2025-10-18T03:00:35.324Z] [INFO   ] 💡 To share logs: Copy the file at /Users/nathanielstoddard/chainreact-app/chainreact-app-9e/logs/workflow_2025-10-17_22-00-35.log
[2025-10-18T03:00:35.324Z] [INFO   ] --------------------------------------------------------------------------------
[2025-10-18T03:00:35.324Z] [DEBUG  ] 📁 File logging system initialized
[2025-10-18T03:00:35.331Z] [INFO   ]  ✓ Ready in 3.2s
[2025-10-18T03:12:57.594Z] [INFO   ]  ✓ Compiled in 1210ms (2241 modules)
[2025-10-18T04:24:59.452Z] [INFO   ]  ✓ Compiled in 822ms (2254 modules)
[2025-10-18T13:51:44.372Z] [INFO   ]  ✓ Compiled in 917ms (2254 modules)
[2025-10-18T13:51:54.892Z] [INFO   ]  ✓ Compiled in 625ms (2254 modules)
[2025-10-18T14:37:37.591Z] [INFO   ]  ✓ Compiled in 724ms (2254 modules)
[2025-10-18T15:52:37.066Z] [INFO   ]  ✓ Compiled in 379ms (2254 modules)
[2025-10-18T15:53:09.268Z] [INFO   ]  ✓ Compiled in 168ms (2254 modules)
[2025-10-18T15:53:19.079Z] [INFO   ]  ✓ Compiled in 178ms (2254 modules)

=== Log Session Ended: 2025-10-18T18:25:09.804Z ===
