=== Log Session Started: 2025-11-10T16:41:59.234Z ===
Node Version: v23.7.0
Platform: darwin
Working Directory: /Users/nathanielstoddard/chainreact-app/chainreact-app-9e
================================================================================

[2025-11-10T16:41:59.234Z] [INFO   ] File logging initialized
[2025-11-10T16:41:59.234Z] [INFO   ] Log file: /Users/nathanielstoddard/chainreact-app/chainreact-app-9e/logs/workflow_2025-11-10_10-41-59.log
[2025-11-10T16:41:59.236Z] [INFO   ] 📁 File logging enabled
[2025-11-10T16:41:59.236Z] [INFO   ] 📝 Logs will be written to: /Users/nathanielstoddard/chainreact-app/chainreact-app-9e/logs/workflow_2025-11-10_10-41-59.log
[2025-11-10T16:41:59.236Z] [INFO   ] 💡 To view logs in real-time: tail -f /Users/nathanielstoddard/chainreact-app/chainreact-app-9e/logs/workflow_2025-11-10_10-41-59.log
[2025-11-10T16:41:59.236Z] [INFO   ] 💡 To view all logs: cat /Users/nathanielstoddard/chainreact-app/chainreact-app-9e/logs/workflow_2025-11-10_10-41-59.log
[2025-11-10T16:41:59.236Z] [INFO   ] 💡 To share logs: Copy the file at /Users/nathanielstoddard/chainreact-app/chainreact-app-9e/logs/workflow_2025-11-10_10-41-59.log
[2025-11-10T16:41:59.236Z] [INFO   ] --------------------------------------------------------------------------------
[2025-11-10T16:41:59.236Z] [DEBUG  ] 📁 File logging system initialized
[2025-11-10T16:41:59.254Z] [INFO   ]  [32m[1m✓[22m[39m Ready in 3.3s
[2025-11-10T16:41:59.286Z] [WARN   ]  [33m[1m⚠[22m[39m ./lib/workflows/actions/registry.ts
Attempted import error: 'hubspotGetContacts' is not exported from './hubspot' (imported as 'hubspotGetContacts').

Import trace for requested module:
./lib/workflows/actions/registry.ts
./lib/workflows/executeNode.ts
./lib/execution/advancedExecutionEngine.ts
./lib/integrations/discordGateway.ts

./lib/workflows/actions/registry.ts
Attempted import error: 'hubspotGetCompanies' is not exported from './hubspot' (imported as 'hubspotGetCompanies').

Import trace for requested module:
./lib/workflows/actions/registry.ts
./lib/workflows/executeNode.ts
./lib/execution/advancedExecutionEngine.ts
./lib/integrations/discordGateway.ts

./lib/workflows/actions/registry.ts
Attempted import error: 'hubspotGetDeals' is not exported from './hubspot' (imported as 'hubspotGetDeals').

Import trace for requested module:
./lib/workflows/actions/registry.ts
./lib/workflows/executeNode.ts
./lib/execution/advancedExecutionEngine.ts
./lib/integrations/discordGateway.ts

./lib/workflows/actions/registry.ts
Attempted import error: 'hubspotGetTickets' is not exported from './hubspot' (imported as 'hubspotGetTickets').

Import trace for requested module:
./lib/workflows/actions/registry.ts
./lib/workflows/executeNode.ts
./lib/execution/advancedExecutionEngine.ts
./lib/integrations/discordGateway.ts

./lib/workflows/actions/registry.ts
Attempted import error: 'hubspotUpdateContact' is not exported from './hubspot' (imported as 'hubspotUpdateContact').

Import trace for requested module:
./lib/workflows/actions/registry.ts
./lib/workflows/executeNode.ts
./lib/execution/advancedExecutionEngine.ts
./lib/integrations/discordGateway.ts

./lib/workflows/actions/registry.ts
Attempted import error: 'hubspotUpdateCompany' is not exported from './hubspot' (imported as 'hubspotUpdateCompany').

Import trace for requested module:
./lib/workflows/actions/registry.ts
./lib/workflows/executeNode.ts
./lib/execution/advancedExecutionEngine.ts
./lib/integrations/discordGateway.ts

./lib/workflows/actions/registry.ts
Attempted import error: 'hubspotUpdateTicket' is not exported from './hubspot' (imported as 'hubspotUpdateTicket').

Import trace for requested module:
./lib/workflows/actions/registry.ts
./lib/workflows/executeNode.ts
./lib/execution/advancedExecutionEngine.ts
./lib/integrations/discordGateway.ts

./lib/workflows/actions/registry.ts
Attempted import error: 'hubspotCreateTicket' is not exported from './hubspot' (imported as 'hubspotCreateTicket').

Import trace for requested module:
./lib/workflows/actions/registry.ts
./lib/workflows/executeNode.ts
./lib/execution/advancedExecutionEngine.ts
./lib/integrations/discordGateway.ts

./lib/workflows/actions/registry.ts
Attempted import error: 'hubspotCreateNote' is not exported from './hubspot' (imported as 'hubspotCreateNote').

Import trace for requested module:
./lib/workflows/actions/registry.ts
./lib/workflows/executeNode.ts
./lib/execution/advancedExecutionEngine.ts
./lib/integrations/discordGateway.ts

./lib/workflows/actions/registry.ts
Attempted import error: 'hubspotCreateTask' is not exported from './hubspot' (imported as 'hubspotCreateTask').

Import trace for requested module:
./lib/workflows/actions/registry.ts
./lib/workflows/executeNode.ts
./lib/execution/advancedExecutionEngine.ts
./lib/integrations/discordGateway.ts

./lib/workflows/actions/registry.ts
Attempted import error: 'hubspotCreateCall' is not exported from './hubspot' (imported as 'hubspotCreateCall').

Import trace for requested module:
./lib/workflows/actions/registry.ts
./lib/workflows/executeNode.ts
./lib/execution/advancedExecutionEngine.ts
./lib/integrations/discordGateway.ts

./lib/workflows/actions/registry.ts
Attempted import error: 'hubspotCreateMeeting' is not exported from './hubspot' (imported as 'hubspotCreateMeeting').

Import trace for requested module:
./lib/workflows/actions/registry.ts
./lib/workflows/executeNode.ts
./lib/execution/advancedExecutionEngine.ts
./lib/integrations/discordGateway.ts

./lib/workflows/actions/registry.ts
Attempted import error: 'hubspotAddToWorkflow' is not exported from './hubspot' (imported as 'hubspotAddToWorkflow').

Import trace for requested module:
./lib/workflows/actions/registry.ts
./lib/workflows/executeNode.ts
./lib/execution/advancedExecutionEngine.ts
./lib/integrations/discordGateway.ts

./lib/workflows/actions/registry.ts
Attempted import error: 'hubspotRemoveFromWorkflow' is not exported from './hubspot' (imported as 'hubspotRemoveFromWorkflow').

Import trace for requested module:
./lib/workflows/actions/registry.ts
./lib/workflows/executeNode.ts
./lib/execution/advancedExecutionEngine.ts
./lib/integrations/discordGateway.ts

./lib/workflows/actions/registry.ts
Attempted import error: 'hubspotCreateProduct' is not exported from './hubspot' (imported as 'hubspotCreateProduct').

Import trace for requested module:
./lib/workflows/actions/registry.ts
./lib/workflows/executeNode.ts
./lib/execution/advancedExecutionEngine.ts
./lib/integrations/discordGateway.ts

./lib/workflows/actions/registry.ts
Attempted import error: 'hubspotUpdateProduct' is not exported from './hubspot' (imported as 'hubspotUpdateProduct').

Import trace for requested module:
./lib/workflows/actions/registry.ts
./lib/workflows/executeNode.ts
./lib/execution/advancedExecutionEngine.ts
./lib/integrations/discordGateway.ts

./lib/workflows/actions/registry.ts
Attempted import error: 'hubspotGetProducts' is not exported from './hubspot' (imported as 'hubspotGetProducts').

Import trace for requested module:
./lib/workflows/actions/registry.ts
./lib/workflows/executeNode.ts
./lib/execution/advancedExecutionEngine.ts
./lib/integrations/discordGateway.ts

./lib/workflows/actions/registry.ts
Attempted import error: 'hubspotRemoveFromList' is not exported from './hubspot' (imported as 'hubspotRemoveFromList').

Import trace for requested module:
./lib/workflows/actions/registry.ts
./lib/workflows/executeNode.ts
./lib/execution/advancedExecutionEngine.ts
./lib/integrations/discordGateway.ts

./lib/workflows/actions/registry.ts
Attempted import error: 'hubspotGetOwners' is not exported from './hubspot' (imported as 'hubspotGetOwners').

Import trace for requested module:
./lib/workflows/actions/registry.ts
./lib/workflows/executeNode.ts
./lib/execution/advancedExecutionEngine.ts
./lib/integrations/discordGateway.ts

./lib/workflows/actions/registry.ts
Attempted import error: 'hubspotGetForms' is not exported from './hubspot' (imported as 'hubspotGetForms').

Import trace for requested module:
./lib/workflows/actions/registry.ts
./lib/workflows/executeNode.ts
./lib/execution/advancedExecutionEngine.ts
./lib/integrations/discordGateway.ts

./lib/workflows/actions/registry.ts
Attempted import error: 'hubspotGetDealPipelines' is not exported from './hubspot' (imported as 'hubspotGetDealPipelines').

Import trace for requested module:
./lib/workflows/actions/registry.ts
./lib/workflows/executeNode.ts
./lib/execution/advancedExecutionEngine.ts
./lib/integrations/discordGateway.ts

./lib/workflows/actions/registry.ts
Attempted import error: 'hubspotCreateLineItem' is not exported from './hubspot' (imported as 'hubspotCreateLineItem').

Import trace for requested module:
./lib/workflows/actions/registry.ts
./lib/workflows/executeNode.ts
./lib/execution/advancedExecutionEngine.ts
./lib/integrations/discordGateway.ts

./lib/workflows/actions/registry.ts
Attempted import error: 'hubspotUpdateLineItem' is not exported from './hubspot' (imported as 'hubspotUpdateLineItem').

Import trace for requested module:
./lib/workflows/actions/registry.ts
./lib/workflows/executeNode.ts
./lib/execution/advancedExecutionEngine.ts
./lib/integrations/discordGateway.ts

./lib/workflows/actions/registry.ts
Attempted import error: 'hubspotRemoveLineItem' is not exported from './hubspot' (imported as 'hubspotRemoveLineItem').

Import trace for requested module:
./lib/workflows/actions/registry.ts
./lib/workflows/executeNode.ts
./lib/execution/advancedExecutionEngine.ts
./lib/integrations/discordGateway.ts

./lib/workflows/actions/registry.ts
Attempted import error: 'hubspotGetLineItems' is not exported from './hubspot' (imported as 'hubspotGetLineItems').

Import trace for requested module:
./lib/workflows/actions/registry.ts
./lib/workflows/executeNode.ts
./lib/execution/advancedExecutionEngine.ts
./lib/integrations/discordGateway.ts
[2025-11-10T16:42:00.246Z] [INFO   ] 2025-11-10T16:42:00.246Z [DEBUG] 🤖 Discord bot configured, initializing gateway connection in background...
[2025-11-10T16:42:02.148Z] [INFO   ] 2025-11-10T16:42:02.148Z [DEBUG] Initializing Discord Gateway connection (singleton)...
[2025-11-10T16:42:02.149Z] [INFO   ] 2025-11-10T16:42:02.149Z [DEBUG] 🔑 Discord bot token loaded
[2025-11-10T16:42:02.684Z] [INFO   ] 2025-11-10T16:42:02.684Z [DEBUG] Discord Gateway initialization complete
[2025-11-10T16:42:02.686Z] [INFO   ] 2025-11-10T16:42:02.686Z [DEBUG] ✅ Discord bot gateway connection initialized
[2025-11-10T16:42:02.935Z] [INFO   ] 2025-11-10T16:42:02.935Z [DEBUG] Discord Gateway WebSocket connection established
[2025-11-10T16:42:02.937Z] [INFO   ] 2025-11-10T16:42:02.936Z [DEBUG] 🔑 Sending identify with intents: {"GUILDS":true,"GUILD_MEMBERS":true,"GUILD_INVITES":true,"GUILD_MESSAGES":true,"MESSAGE_CONTENT":true,"intentsValue":33347}
[2025-11-10T16:42:03.202Z] [INFO   ] 2025-11-10T16:42:03.202Z [DEBUG] 🎉 Discord bot ready! {"sessionId":"6492859eec6ede22334e07db12ea5b6e","username":"ChainReact-Bot","userId":"1378595955212812308","guildCount":2}
[2025-11-10T16:42:03.202Z] [INFO   ] 2025-11-10T16:42:03.202Z [DEBUG] 📋 Initializing invite cache...
[2025-11-10T16:42:03.204Z] [INFO   ] 2025-11-10T16:42:03.204Z [DEBUG] 📡 Discord event received: GUILD_CREATE
[2025-11-10T16:42:03.208Z] [INFO   ] 2025-11-10T16:42:03.208Z [DEBUG] 📡 Discord event received: GUILD_CREATE
[2025-11-10T16:42:04.160Z] [INFO   ] 2025-11-10T16:42:04.160Z [DEBUG] ✅ Cached 3 invites for guild 1378950884045623406
[2025-11-10T16:42:05.995Z] [WARN   ]  [33m[1m⚠[22m[39m ./lib/workflows/actions/registry.ts
Attempted import error: 'hubspotGetContacts' is not exported from './hubspot' (imported as 'hubspotGetContacts').

Import trace for requested module:
./lib/workflows/actions/registry.ts
./lib/workflows/executeNode.ts
./lib/execution/advancedExecutionEngine.ts
./lib/integrations/discordGateway.ts

./lib/workflows/actions/registry.ts
Attempted import error: 'hubspotGetCompanies' is not exported from './hubspot' (imported as 'hubspotGetCompanies').

Import trace for requested module:
./lib/workflows/actions/registry.ts
./lib/workflows/executeNode.ts
./lib/execution/advancedExecutionEngine.ts
./lib/integrations/discordGateway.ts

./lib/workflows/actions/registry.ts
Attempted import error: 'hubspotGetDeals' is not exported from './hubspot' (imported as 'hubspotGetDeals').

Import trace for requested module:
./lib/workflows/actions/registry.ts
./lib/workflows/executeNode.ts
./lib/execution/advancedExecutionEngine.ts
./lib/integrations/discordGateway.ts

./lib/workflows/actions/registry.ts
Attempted import error: 'hubspotGetTickets' is not exported from './hubspot' (imported as 'hubspotGetTickets').

Import trace for requested module:
./lib/workflows/actions/registry.ts
./lib/workflows/executeNode.ts
./lib/execution/advancedExecutionEngine.ts
./lib/integrations/discordGateway.ts

./lib/workflows/actions/registry.ts
Attempted import error: 'hubspotUpdateContact' is not exported from './hubspot' (imported as 'hubspotUpdateContact').

Import trace for requested module:
./lib/workflows/actions/registry.ts
./lib/workflows/executeNode.ts
./lib/execution/advancedExecutionEngine.ts
./lib/integrations/discordGateway.ts

./lib/workflows/actions/registry.ts
Attempted import error: 'hubspotUpdateCompany' is not exported from './hubspot' (imported as 'hubspotUpdateCompany').

Import trace for requested module:
./lib/workflows/actions/registry.ts
./lib/workflows/executeNode.ts
./lib/execution/advancedExecutionEngine.ts
./lib/integrations/discordGateway.ts

./lib/workflows/actions/registry.ts
Attempted import error: 'hubspotUpdateTicket' is not exported from './hubspot' (imported as 'hubspotUpdateTicket').

Import trace for requested module:
./lib/workflows/actions/registry.ts
./lib/workflows/executeNode.ts
./lib/execution/advancedExecutionEngine.ts
./lib/integrations/discordGateway.ts

./lib/workflows/actions/registry.ts
Attempted import error: 'hubspotCreateTicket' is not exported from './hubspot' (imported as 'hubspotCreateTicket').

Import trace for requested module:
./lib/workflows/actions/registry.ts
./lib/workflows/executeNode.ts
./lib/execution/advancedExecutionEngine.ts
./lib/integrations/discordGateway.ts

./lib/workflows/actions/registry.ts
Attempted import error: 'hubspotCreateNote' is not exported from './hubspot' (imported as 'hubspotCreateNote').

Import trace for requested module:
./lib/workflows/actions/registry.ts
./lib/workflows/executeNode.ts
./lib/execution/advancedExecutionEngine.ts
./lib/integrations/discordGateway.ts

./lib/workflows/actions/registry.ts
Attempted import error: 'hubspotCreateTask' is not exported from './hubspot' (imported as 'hubspotCreateTask').

Import trace for requested module:
./lib/workflows/actions/registry.ts
./lib/workflows/executeNode.ts
./lib/execution/advancedExecutionEngine.ts
./lib/integrations/discordGateway.ts

./lib/workflows/actions/registry.ts
Attempted import error: 'hubspotCreateCall' is not exported from './hubspot' (imported as 'hubspotCreateCall').

Import trace for requested module:
./lib/workflows/actions/registry.ts
./lib/workflows/executeNode.ts
./lib/execution/advancedExecutionEngine.ts
./lib/integrations/discordGateway.ts

./lib/workflows/actions/registry.ts
Attempted import error: 'hubspotCreateMeeting' is not exported from './hubspot' (imported as 'hubspotCreateMeeting').

Import trace for requested module:
./lib/workflows/actions/registry.ts
./lib/workflows/executeNode.ts
./lib/execution/advancedExecutionEngine.ts
./lib/integrations/discordGateway.ts

./lib/workflows/actions/registry.ts
Attempted import error: 'hubspotAddToWorkflow' is not exported from './hubspot' (imported as 'hubspotAddToWorkflow').

Import trace for requested module:
./lib/workflows/actions/registry.ts
./lib/workflows/executeNode.ts
./lib/execution/advancedExecutionEngine.ts
./lib/integrations/discordGateway.ts

./lib/workflows/actions/registry.ts
Attempted import error: 'hubspotRemoveFromWorkflow' is not exported from './hubspot' (imported as 'hubspotRemoveFromWorkflow').

Import trace for requested module:
./lib/workflows/actions/registry.ts
./lib/workflows/executeNode.ts
./lib/execution/advancedExecutionEngine.ts
./lib/integrations/discordGateway.ts

./lib/workflows/actions/registry.ts
Attempted import error: 'hubspotCreateProduct' is not exported from './hubspot' (imported as 'hubspotCreateProduct').

Import trace for requested module:
./lib/workflows/actions/registry.ts
./lib/workflows/executeNode.ts
./lib/execution/advancedExecutionEngine.ts
./lib/integrations/discordGateway.ts

./lib/workflows/actions/registry.ts
Attempted import error: 'hubspotUpdateProduct' is not exported from './hubspot' (imported as 'hubspotUpdateProduct').

Import trace for requested module:
./lib/workflows/actions/registry.ts
./lib/workflows/executeNode.ts
./lib/execution/advancedExecutionEngine.ts
./lib/integrations/discordGateway.ts

./lib/workflows/actions/registry.ts
Attempted import error: 'hubspotGetProducts' is not exported from './hubspot' (imported as 'hubspotGetProducts').

Import trace for requested module:
./lib/workflows/actions/registry.ts
./lib/workflows/executeNode.ts
./lib/execution/advancedExecutionEngine.ts
./lib/integrations/discordGateway.ts

./lib/workflows/actions/registry.ts
Attempted import error: 'hubspotRemoveFromList' is not exported from './hubspot' (imported as 'hubspotRemoveFromList').

Import trace for requested module:
./lib/workflows/actions/registry.ts
./lib/workflows/executeNode.ts
./lib/execution/advancedExecutionEngine.ts
./lib/integrations/discordGateway.ts

./lib/workflows/actions/registry.ts
Attempted import error: 'hubspotGetOwners' is not exported from './hubspot' (imported as 'hubspotGetOwners').

Import trace for requested module:
./lib/workflows/actions/registry.ts
./lib/workflows/executeNode.ts
./lib/execution/advancedExecutionEngine.ts
./lib/integrations/discordGateway.ts

./lib/workflows/actions/registry.ts
Attempted import error: 'hubspotGetForms' is not exported from './hubspot' (imported as 'hubspotGetForms').

Import trace for requested module:
./lib/workflows/actions/registry.ts
./lib/workflows/executeNode.ts
./lib/execution/advancedExecutionEngine.ts
./lib/integrations/discordGateway.ts

./lib/workflows/actions/registry.ts
Attempted import error: 'hubspotGetDealPipelines' is not exported from './hubspot' (imported as 'hubspotGetDealPipelines').

Import trace for requested module:
./lib/workflows/actions/registry.ts
./lib/workflows/executeNode.ts
./lib/execution/advancedExecutionEngine.ts
./lib/integrations/discordGateway.ts

./lib/workflows/actions/registry.ts
Attempted import error: 'hubspotCreateLineItem' is not exported from './hubspot' (imported as 'hubspotCreateLineItem').

Import trace for requested module:
./lib/workflows/actions/registry.ts
./lib/workflows/executeNode.ts
./lib/execution/advancedExecutionEngine.ts
./lib/integrations/discordGateway.ts

./lib/workflows/actions/registry.ts
Attempted import error: 'hubspotUpdateLineItem' is not exported from './hubspot' (imported as 'hubspotUpdateLineItem').

Import trace for requested module:
./lib/workflows/actions/registry.ts
./lib/workflows/executeNode.ts
./lib/execution/advancedExecutionEngine.ts
./lib/integrations/discordGateway.ts

./lib/workflows/actions/registry.ts
Attempted import error: 'hubspotRemoveLineItem' is not exported from './hubspot' (imported as 'hubspotRemoveLineItem').

Import trace for requested module:
./lib/workflows/actions/registry.ts
./lib/workflows/executeNode.ts
./lib/execution/advancedExecutionEngine.ts
./lib/integrations/discordGateway.ts

./lib/workflows/actions/registry.ts
Attempted import error: 'hubspotGetLineItems' is not exported from './hubspot' (imported as 'hubspotGetLineItems').

Import trace for requested module:
./lib/workflows/actions/registry.ts
./lib/workflows/executeNode.ts
./lib/execution/advancedExecutionEngine.ts
./lib/integrations/discordGateway.ts
[2025-11-10T16:42:06.563Z] [INFO   ] 2025-11-10T16:42:06.563Z [DEBUG] 💧 [AUTH] Rehydrating auth state from storage {"hasState":true,"hasUser":false,"initialized":false,"timestamp":"2025-11-10T16:42:06.563Z"}
[2025-11-10T16:42:06.575Z] [INFO   ] 2025-11-10T16:42:06.575Z [DEBUG] 💧 [AUTH] State hydrated and reset {"hasUser":false,"initialized":false,"timestamp":"2025-11-10T16:42:06.575Z"}
[2025-11-10T16:42:06.575Z] [INFO   ] 2025-11-10T16:42:06.575Z [DEBUG] ⏭️ [AUTH] Skipping initialization {"hasState":true,"alreadyInitialized":false,"isClient":false,"timestamp":"2025-11-10T16:42:06.575Z"}
[2025-11-10T16:42:07.228Z] [WARN   ]  [33m[1m⚠[22m[39m ./lib/workflows/actions/registry.ts
Attempted import error: 'hubspotGetContacts' is not exported from './hubspot' (imported as 'hubspotGetContacts').

Import trace for requested module:
./lib/workflows/actions/registry.ts
./lib/workflows/executeNode.ts
./lib/execution/advancedExecutionEngine.ts
./lib/integrations/discordGateway.ts

./lib/workflows/actions/registry.ts
Attempted import error: 'hubspotGetCompanies' is not exported from './hubspot' (imported as 'hubspotGetCompanies').

Import trace for requested module:
./lib/workflows/actions/registry.ts
./lib/workflows/executeNode.ts
./lib/execution/advancedExecutionEngine.ts
./lib/integrations/discordGateway.ts

./lib/workflows/actions/registry.ts
Attempted import error: 'hubspotGetDeals' is not exported from './hubspot' (imported as 'hubspotGetDeals').

Import trace for requested module:
./lib/workflows/actions/registry.ts
./lib/workflows/executeNode.ts
./lib/execution/advancedExecutionEngine.ts
./lib/integrations/discordGateway.ts

./lib/workflows/actions/registry.ts
Attempted import error: 'hubspotGetTickets' is not exported from './hubspot' (imported as 'hubspotGetTickets').

Import trace for requested module:
./lib/workflows/actions/registry.ts
./lib/workflows/executeNode.ts
./lib/execution/advancedExecutionEngine.ts
./lib/integrations/discordGateway.ts

./lib/workflows/actions/registry.ts
Attempted import error: 'hubspotUpdateContact' is not exported from './hubspot' (imported as 'hubspotUpdateContact').

Import trace for requested module:
./lib/workflows/actions/registry.ts
./lib/workflows/executeNode.ts
./lib/execution/advancedExecutionEngine.ts
./lib/integrations/discordGateway.ts

./lib/workflows/actions/registry.ts
Attempted import error: 'hubspotUpdateCompany' is not exported from './hubspot' (imported as 'hubspotUpdateCompany').

Import trace for requested module:
./lib/workflows/actions/registry.ts
./lib/workflows/executeNode.ts
./lib/execution/advancedExecutionEngine.ts
./lib/integrations/discordGateway.ts

./lib/workflows/actions/registry.ts
Attempted import error: 'hubspotUpdateTicket' is not exported from './hubspot' (imported as 'hubspotUpdateTicket').

Import trace for requested module:
./lib/workflows/actions/registry.ts
./lib/workflows/executeNode.ts
./lib/execution/advancedExecutionEngine.ts
./lib/integrations/discordGateway.ts

./lib/workflows/actions/registry.ts
Attempted import error: 'hubspotCreateTicket' is not exported from './hubspot' (imported as 'hubspotCreateTicket').

Import trace for requested module:
./lib/workflows/actions/registry.ts
./lib/workflows/executeNode.ts
./lib/execution/advancedExecutionEngine.ts
./lib/integrations/discordGateway.ts

./lib/workflows/actions/registry.ts
Attempted import error: 'hubspotCreateNote' is not exported from './hubspot' (imported as 'hubspotCreateNote').

Import trace for requested module:
./lib/workflows/actions/registry.ts
./lib/workflows/executeNode.ts
./lib/execution/advancedExecutionEngine.ts
./lib/integrations/discordGateway.ts

./lib/workflows/actions/registry.ts
Attempted import error: 'hubspotCreateTask' is not exported from './hubspot' (imported as 'hubspotCreateTask').

Import trace for requested module:
./lib/workflows/actions/registry.ts
./lib/workflows/executeNode.ts
./lib/execution/advancedExecutionEngine.ts
./lib/integrations/discordGateway.ts

./lib/workflows/actions/registry.ts
Attempted import error: 'hubspotCreateCall' is not exported from './hubspot' (imported as 'hubspotCreateCall').

Import trace for requested module:
./lib/workflows/actions/registry.ts
./lib/workflows/executeNode.ts
./lib/execution/advancedExecutionEngine.ts
./lib/integrations/discordGateway.ts

./lib/workflows/actions/registry.ts
Attempted import error: 'hubspotCreateMeeting' is not exported from './hubspot' (imported as 'hubspotCreateMeeting').

Import trace for requested module:
./lib/workflows/actions/registry.ts
./lib/workflows/executeNode.ts
./lib/execution/advancedExecutionEngine.ts
./lib/integrations/discordGateway.ts

./lib/workflows/actions/registry.ts
Attempted import error: 'hubspotAddToWorkflow' is not exported from './hubspot' (imported as 'hubspotAddToWorkflow').

Import trace for requested module:
./lib/workflows/actions/registry.ts
./lib/workflows/executeNode.ts
./lib/execution/advancedExecutionEngine.ts
./lib/integrations/discordGateway.ts

./lib/workflows/actions/registry.ts
Attempted import error: 'hubspotRemoveFromWorkflow' is not exported from './hubspot' (imported as 'hubspotRemoveFromWorkflow').

Import trace for requested module:
./lib/workflows/actions/registry.ts
./lib/workflows/executeNode.ts
./lib/execution/advancedExecutionEngine.ts
./lib/integrations/discordGateway.ts

./lib/workflows/actions/registry.ts
Attempted import error: 'hubspotCreateProduct' is not exported from './hubspot' (imported as 'hubspotCreateProduct').

Import trace for requested module:
./lib/workflows/actions/registry.ts
./lib/workflows/executeNode.ts
./lib/execution/advancedExecutionEngine.ts
./lib/integrations/discordGateway.ts

./lib/workflows/actions/registry.ts
Attempted import error: 'hubspotUpdateProduct' is not exported from './hubspot' (imported as 'hubspotUpdateProduct').

Import trace for requested module:
./lib/workflows/actions/registry.ts
./lib/workflows/executeNode.ts
./lib/execution/advancedExecutionEngine.ts
./lib/integrations/discordGateway.ts

./lib/workflows/actions/registry.ts
Attempted import error: 'hubspotGetProducts' is not exported from './hubspot' (imported as 'hubspotGetProducts').

Import trace for requested module:
./lib/workflows/actions/registry.ts
./lib/workflows/executeNode.ts
./lib/execution/advancedExecutionEngine.ts
./lib/integrations/discordGateway.ts

./lib/workflows/actions/registry.ts
Attempted import error: 'hubspotRemoveFromList' is not exported from './hubspot' (imported as 'hubspotRemoveFromList').

Import trace for requested module:
./lib/workflows/actions/registry.ts
./lib/workflows/executeNode.ts
./lib/execution/advancedExecutionEngine.ts
./lib/integrations/discordGateway.ts

./lib/workflows/actions/registry.ts
Attempted import error: 'hubspotGetOwners' is not exported from './hubspot' (imported as 'hubspotGetOwners').

Import trace for requested module:
./lib/workflows/actions/registry.ts
./lib/workflows/executeNode.ts
./lib/execution/advancedExecutionEngine.ts
./lib/integrations/discordGateway.ts

./lib/workflows/actions/registry.ts
Attempted import error: 'hubspotGetForms' is not exported from './hubspot' (imported as 'hubspotGetForms').

Import trace for requested module:
./lib/workflows/actions/registry.ts
./lib/workflows/executeNode.ts
./lib/execution/advancedExecutionEngine.ts
./lib/integrations/discordGateway.ts

./lib/workflows/actions/registry.ts
Attempted import error: 'hubspotGetDealPipelines' is not exported from './hubspot' (imported as 'hubspotGetDealPipelines').

Import trace for requested module:
./lib/workflows/actions/registry.ts
./lib/workflows/executeNode.ts
./lib/execution/advancedExecutionEngine.ts
./lib/integrations/discordGateway.ts

./lib/workflows/actions/registry.ts
Attempted import error: 'hubspotCreateLineItem' is not exported from './hubspot' (imported as 'hubspotCreateLineItem').

Import trace for requested module:
./lib/workflows/actions/registry.ts
./lib/workflows/executeNode.ts
./lib/execution/advancedExecutionEngine.ts
./lib/integrations/discordGateway.ts

./lib/workflows/actions/registry.ts
Attempted import error: 'hubspotUpdateLineItem' is not exported from './hubspot' (imported as 'hubspotUpdateLineItem').

Import trace for requested module:
./lib/workflows/actions/registry.ts
./lib/workflows/executeNode.ts
./lib/execution/advancedExecutionEngine.ts
./lib/integrations/discordGateway.ts

./lib/workflows/actions/registry.ts
Attempted import error: 'hubspotRemoveLineItem' is not exported from './hubspot' (imported as 'hubspotRemoveLineItem').

Import trace for requested module:
./lib/workflows/actions/registry.ts
./lib/workflows/executeNode.ts
./lib/execution/advancedExecutionEngine.ts
./lib/integrations/discordGateway.ts

./lib/workflows/actions/registry.ts
Attempted import error: 'hubspotGetLineItems' is not exported from './hubspot' (imported as 'hubspotGetLineItems').

Import trace for requested module:
./lib/workflows/actions/registry.ts
./lib/workflows/executeNode.ts
./lib/execution/advancedExecutionEngine.ts
./lib/integrations/discordGateway.ts
[2025-11-10T16:42:07.628Z] [WARN   ]  [33m[1m⚠[22m[39m ./lib/workflows/actions/registry.ts
Attempted import error: 'hubspotGetContacts' is not exported from './hubspot' (imported as 'hubspotGetContacts').

Import trace for requested module:
./lib/workflows/actions/registry.ts
./lib/workflows/executeNode.ts
./lib/execution/advancedExecutionEngine.ts
./lib/integrations/discordGateway.ts

./lib/workflows/actions/registry.ts
Attempted import error: 'hubspotGetCompanies' is not exported from './hubspot' (imported as 'hubspotGetCompanies').

Import trace for requested module:
./lib/workflows/actions/registry.ts
./lib/workflows/executeNode.ts
./lib/execution/advancedExecutionEngine.ts
./lib/integrations/discordGateway.ts

./lib/workflows/actions/registry.ts
Attempted import error: 'hubspotGetDeals' is not exported from './hubspot' (imported as 'hubspotGetDeals').

Import trace for requested module:
./lib/workflows/actions/registry.ts
./lib/workflows/executeNode.ts
./lib/execution/advancedExecutionEngine.ts
./lib/integrations/discordGateway.ts

./lib/workflows/actions/registry.ts
Attempted import error: 'hubspotGetTickets' is not exported from './hubspot' (imported as 'hubspotGetTickets').

Import trace for requested module:
./lib/workflows/actions/registry.ts
./lib/workflows/executeNode.ts
./lib/execution/advancedExecutionEngine.ts
./lib/integrations/discordGateway.ts

./lib/workflows/actions/registry.ts
Attempted import error: 'hubspotUpdateContact' is not exported from './hubspot' (imported as 'hubspotUpdateContact').

Import trace for requested module:
./lib/workflows/actions/registry.ts
./lib/workflows/executeNode.ts
./lib/execution/advancedExecutionEngine.ts
./lib/integrations/discordGateway.ts

./lib/workflows/actions/registry.ts
Attempted import error: 'hubspotUpdateCompany' is not exported from './hubspot' (imported as 'hubspotUpdateCompany').

Import trace for requested module:
./lib/workflows/actions/registry.ts
./lib/workflows/executeNode.ts
./lib/execution/advancedExecutionEngine.ts
./lib/integrations/discordGateway.ts

./lib/workflows/actions/registry.ts
Attempted import error: 'hubspotUpdateTicket' is not exported from './hubspot' (imported as 'hubspotUpdateTicket').

Import trace for requested module:
./lib/workflows/actions/registry.ts
./lib/workflows/executeNode.ts
./lib/execution/advancedExecutionEngine.ts
./lib/integrations/discordGateway.ts

./lib/workflows/actions/registry.ts
Attempted import error: 'hubspotCreateTicket' is not exported from './hubspot' (imported as 'hubspotCreateTicket').

Import trace for requested module:
./lib/workflows/actions/registry.ts
./lib/workflows/executeNode.ts
./lib/execution/advancedExecutionEngine.ts
./lib/integrations/discordGateway.ts

./lib/workflows/actions/registry.ts
Attempted import error: 'hubspotCreateNote' is not exported from './hubspot' (imported as 'hubspotCreateNote').

Import trace for requested module:
./lib/workflows/actions/registry.ts
./lib/workflows/executeNode.ts
./lib/execution/advancedExecutionEngine.ts
./lib/integrations/discordGateway.ts

./lib/workflows/actions/registry.ts
Attempted import error: 'hubspotCreateTask' is not exported from './hubspot' (imported as 'hubspotCreateTask').

Import trace for requested module:
./lib/workflows/actions/registry.ts
./lib/workflows/executeNode.ts
./lib/execution/advancedExecutionEngine.ts
./lib/integrations/discordGateway.ts

./lib/workflows/actions/registry.ts
Attempted import error: 'hubspotCreateCall' is not exported from './hubspot' (imported as 'hubspotCreateCall').

Import trace for requested module:
./lib/workflows/actions/registry.ts
./lib/workflows/executeNode.ts
./lib/execution/advancedExecutionEngine.ts
./lib/integrations/discordGateway.ts

./lib/workflows/actions/registry.ts
Attempted import error: 'hubspotCreateMeeting' is not exported from './hubspot' (imported as 'hubspotCreateMeeting').

Import trace for requested module:
./lib/workflows/actions/registry.ts
./lib/workflows/executeNode.ts
./lib/execution/advancedExecutionEngine.ts
./lib/integrations/discordGateway.ts

./lib/workflows/actions/registry.ts
Attempted import error: 'hubspotAddToWorkflow' is not exported from './hubspot' (imported as 'hubspotAddToWorkflow').

Import trace for requested module:
./lib/workflows/actions/registry.ts
./lib/workflows/executeNode.ts
./lib/execution/advancedExecutionEngine.ts
./lib/integrations/discordGateway.ts

./lib/workflows/actions/registry.ts
Attempted import error: 'hubspotRemoveFromWorkflow' is not exported from './hubspot' (imported as 'hubspotRemoveFromWorkflow').

Import trace for requested module:
./lib/workflows/actions/registry.ts
./lib/workflows/executeNode.ts
./lib/execution/advancedExecutionEngine.ts
./lib/integrations/discordGateway.ts

./lib/workflows/actions/registry.ts
Attempted import error: 'hubspotCreateProduct' is not exported from './hubspot' (imported as 'hubspotCreateProduct').

Import trace for requested module:
./lib/workflows/actions/registry.ts
./lib/workflows/executeNode.ts
./lib/execution/advancedExecutionEngine.ts
./lib/integrations/discordGateway.ts

./lib/workflows/actions/registry.ts
Attempted import error: 'hubspotUpdateProduct' is not exported from './hubspot' (imported as 'hubspotUpdateProduct').

Import trace for requested module:
./lib/workflows/actions/registry.ts
./lib/workflows/executeNode.ts
./lib/execution/advancedExecutionEngine.ts
./lib/integrations/discordGateway.ts

./lib/workflows/actions/registry.ts
Attempted import error: 'hubspotGetProducts' is not exported from './hubspot' (imported as 'hubspotGetProducts').

Import trace for requested module:
./lib/workflows/actions/registry.ts
./lib/workflows/executeNode.ts
./lib/execution/advancedExecutionEngine.ts
./lib/integrations/discordGateway.ts

./lib/workflows/actions/registry.ts
Attempted import error: 'hubspotRemoveFromList' is not exported from './hubspot' (imported as 'hubspotRemoveFromList').

Import trace for requested module:
./lib/workflows/actions/registry.ts
./lib/workflows/executeNode.ts
./lib/execution/advancedExecutionEngine.ts
./lib/integrations/discordGateway.ts

./lib/workflows/actions/registry.ts
Attempted import error: 'hubspotGetOwners' is not exported from './hubspot' (imported as 'hubspotGetOwners').

Import trace for requested module:
./lib/workflows/actions/registry.ts
./lib/workflows/executeNode.ts
./lib/execution/advancedExecutionEngine.ts
./lib/integrations/discordGateway.ts

./lib/workflows/actions/registry.ts
Attempted import error: 'hubspotGetForms' is not exported from './hubspot' (imported as 'hubspotGetForms').

Import trace for requested module:
./lib/workflows/actions/registry.ts
./lib/workflows/executeNode.ts
./lib/execution/advancedExecutionEngine.ts
./lib/integrations/discordGateway.ts

./lib/workflows/actions/registry.ts
Attempted import error: 'hubspotGetDealPipelines' is not exported from './hubspot' (imported as 'hubspotGetDealPipelines').

Import trace for requested module:
./lib/workflows/actions/registry.ts
./lib/workflows/executeNode.ts
./lib/execution/advancedExecutionEngine.ts
./lib/integrations/discordGateway.ts

./lib/workflows/actions/registry.ts
Attempted import error: 'hubspotCreateLineItem' is not exported from './hubspot' (imported as 'hubspotCreateLineItem').

Import trace for requested module:
./lib/workflows/actions/registry.ts
./lib/workflows/executeNode.ts
./lib/execution/advancedExecutionEngine.ts
./lib/integrations/discordGateway.ts

./lib/workflows/actions/registry.ts
Attempted import error: 'hubspotUpdateLineItem' is not exported from './hubspot' (imported as 'hubspotUpdateLineItem').

Import trace for requested module:
./lib/workflows/actions/registry.ts
./lib/workflows/executeNode.ts
./lib/execution/advancedExecutionEngine.ts
./lib/integrations/discordGateway.ts

./lib/workflows/actions/registry.ts
Attempted import error: 'hubspotRemoveLineItem' is not exported from './hubspot' (imported as 'hubspotRemoveLineItem').

Import trace for requested module:
./lib/workflows/actions/registry.ts
./lib/workflows/executeNode.ts
./lib/execution/advancedExecutionEngine.ts
./lib/integrations/discordGateway.ts

./lib/workflows/actions/registry.ts
Attempted import error: 'hubspotGetLineItems' is not exported from './hubspot' (imported as 'hubspotGetLineItems').

Import trace for requested module:
./lib/workflows/actions/registry.ts
./lib/workflows/executeNode.ts
./lib/execution/advancedExecutionEngine.ts
./lib/integrations/discordGateway.ts
[2025-11-10T16:42:10.636Z] [WARN   ]  [33m[1m⚠[22m[39m ./lib/workflows/actions/registry.ts
Attempted import error: 'hubspotGetContacts' is not exported from './hubspot' (imported as 'hubspotGetContacts').

Import trace for requested module:
./lib/workflows/actions/registry.ts
./lib/workflows/executeNode.ts
./lib/execution/advancedExecutionEngine.ts
./lib/integrations/discordGateway.ts

./lib/workflows/actions/registry.ts
Attempted import error: 'hubspotGetCompanies' is not exported from './hubspot' (imported as 'hubspotGetCompanies').

Import trace for requested module:
./lib/workflows/actions/registry.ts
./lib/workflows/executeNode.ts
./lib/execution/advancedExecutionEngine.ts
./lib/integrations/discordGateway.ts

./lib/workflows/actions/registry.ts
Attempted import error: 'hubspotGetDeals' is not exported from './hubspot' (imported as 'hubspotGetDeals').

Import trace for requested module:
./lib/workflows/actions/registry.ts
./lib/workflows/executeNode.ts
./lib/execution/advancedExecutionEngine.ts
./lib/integrations/discordGateway.ts

./lib/workflows/actions/registry.ts
Attempted import error: 'hubspotGetTickets' is not exported from './hubspot' (imported as 'hubspotGetTickets').

Import trace for requested module:
./lib/workflows/actions/registry.ts
./lib/workflows/executeNode.ts
./lib/execution/advancedExecutionEngine.ts
./lib/integrations/discordGateway.ts

./lib/workflows/actions/registry.ts
Attempted import error: 'hubspotUpdateContact' is not exported from './hubspot' (imported as 'hubspotUpdateContact').

Import trace for requested module:
./lib/workflows/actions/registry.ts
./lib/workflows/executeNode.ts
./lib/execution/advancedExecutionEngine.ts
./lib/integrations/discordGateway.ts

./lib/workflows/actions/registry.ts
Attempted import error: 'hubspotUpdateCompany' is not exported from './hubspot' (imported as 'hubspotUpdateCompany').

Import trace for requested module:
./lib/workflows/actions/registry.ts
./lib/workflows/executeNode.ts
./lib/execution/advancedExecutionEngine.ts
./lib/integrations/discordGateway.ts

./lib/workflows/actions/registry.ts
Attempted import error: 'hubspotUpdateTicket' is not exported from './hubspot' (imported as 'hubspotUpdateTicket').

Import trace for requested module:
./lib/workflows/actions/registry.ts
./lib/workflows/executeNode.ts
./lib/execution/advancedExecutionEngine.ts
./lib/integrations/discordGateway.ts

./lib/workflows/actions/registry.ts
Attempted import error: 'hubspotCreateTicket' is not exported from './hubspot' (imported as 'hubspotCreateTicket').

Import trace for requested module:
./lib/workflows/actions/registry.ts
./lib/workflows/executeNode.ts
./lib/execution/advancedExecutionEngine.ts
./lib/integrations/discordGateway.ts

./lib/workflows/actions/registry.ts
Attempted import error: 'hubspotCreateNote' is not exported from './hubspot' (imported as 'hubspotCreateNote').

Import trace for requested module:
./lib/workflows/actions/registry.ts
./lib/workflows/executeNode.ts
./lib/execution/advancedExecutionEngine.ts
./lib/integrations/discordGateway.ts

./lib/workflows/actions/registry.ts
Attempted import error: 'hubspotCreateTask' is not exported from './hubspot' (imported as 'hubspotCreateTask').

Import trace for requested module:
./lib/workflows/actions/registry.ts
./lib/workflows/executeNode.ts
./lib/execution/advancedExecutionEngine.ts
./lib/integrations/discordGateway.ts

./lib/workflows/actions/registry.ts
Attempted import error: 'hubspotCreateCall' is not exported from './hubspot' (imported as 'hubspotCreateCall').

Import trace for requested module:
./lib/workflows/actions/registry.ts
./lib/workflows/executeNode.ts
./lib/execution/advancedExecutionEngine.ts
./lib/integrations/discordGateway.ts

./lib/workflows/actions/registry.ts
Attempted import error: 'hubspotCreateMeeting' is not exported from './hubspot' (imported as 'hubspotCreateMeeting').

Import trace for requested module:
./lib/workflows/actions/registry.ts
./lib/workflows/executeNode.ts
./lib/execution/advancedExecutionEngine.ts
./lib/integrations/discordGateway.ts

./lib/workflows/actions/registry.ts
Attempted import error: 'hubspotAddToWorkflow' is not exported from './hubspot' (imported as 'hubspotAddToWorkflow').

Import trace for requested module:
./lib/workflows/actions/registry.ts
./lib/workflows/executeNode.ts
./lib/execution/advancedExecutionEngine.ts
./lib/integrations/discordGateway.ts

./lib/workflows/actions/registry.ts
Attempted import error: 'hubspotRemoveFromWorkflow' is not exported from './hubspot' (imported as 'hubspotRemoveFromWorkflow').

Import trace for requested module:
./lib/workflows/actions/registry.ts
./lib/workflows/executeNode.ts
./lib/execution/advancedExecutionEngine.ts
./lib/integrations/discordGateway.ts

./lib/workflows/actions/registry.ts
Attempted import error: 'hubspotCreateProduct' is not exported from './hubspot' (imported as 'hubspotCreateProduct').

Import trace for requested module:
./lib/workflows/actions/registry.ts
./lib/workflows/executeNode.ts
./lib/execution/advancedExecutionEngine.ts
./lib/integrations/discordGateway.ts

./lib/workflows/actions/registry.ts
Attempted import error: 'hubspotUpdateProduct' is not exported from './hubspot' (imported as 'hubspotUpdateProduct').

Import trace for requested module:
./lib/workflows/actions/registry.ts
./lib/workflows/executeNode.ts
./lib/execution/advancedExecutionEngine.ts
./lib/integrations/discordGateway.ts

./lib/workflows/actions/registry.ts
Attempted import error: 'hubspotGetProducts' is not exported from './hubspot' (imported as 'hubspotGetProducts').

Import trace for requested module:
./lib/workflows/actions/registry.ts
./lib/workflows/executeNode.ts
./lib/execution/advancedExecutionEngine.ts
./lib/integrations/discordGateway.ts

./lib/workflows/actions/registry.ts
Attempted import error: 'hubspotRemoveFromList' is not exported from './hubspot' (imported as 'hubspotRemoveFromList').

Import trace for requested module:
./lib/workflows/actions/registry.ts
./lib/workflows/executeNode.ts
./lib/execution/advancedExecutionEngine.ts
./lib/integrations/discordGateway.ts

./lib/workflows/actions/registry.ts
Attempted import error: 'hubspotGetOwners' is not exported from './hubspot' (imported as 'hubspotGetOwners').

Import trace for requested module:
./lib/workflows/actions/registry.ts
./lib/workflows/executeNode.ts
./lib/execution/advancedExecutionEngine.ts
./lib/integrations/discordGateway.ts

./lib/workflows/actions/registry.ts
Attempted import error: 'hubspotGetForms' is not exported from './hubspot' (imported as 'hubspotGetForms').

Import trace for requested module:
./lib/workflows/actions/registry.ts
./lib/workflows/executeNode.ts
./lib/execution/advancedExecutionEngine.ts
./lib/integrations/discordGateway.ts

./lib/workflows/actions/registry.ts
Attempted import error: 'hubspotGetDealPipelines' is not exported from './hubspot' (imported as 'hubspotGetDealPipelines').

Import trace for requested module:
./lib/workflows/actions/registry.ts
./lib/workflows/executeNode.ts
./lib/execution/advancedExecutionEngine.ts
./lib/integrations/discordGateway.ts

./lib/workflows/actions/registry.ts
Attempted import error: 'hubspotCreateLineItem' is not exported from './hubspot' (imported as 'hubspotCreateLineItem').

Import trace for requested module:
./lib/workflows/actions/registry.ts
./lib/workflows/executeNode.ts
./lib/execution/advancedExecutionEngine.ts
./lib/integrations/discordGateway.ts

./lib/workflows/actions/registry.ts
Attempted import error: 'hubspotUpdateLineItem' is not exported from './hubspot' (imported as 'hubspotUpdateLineItem').

Import trace for requested module:
./lib/workflows/actions/registry.ts
./lib/workflows/executeNode.ts
./lib/execution/advancedExecutionEngine.ts
./lib/integrations/discordGateway.ts

./lib/workflows/actions/registry.ts
Attempted import error: 'hubspotRemoveLineItem' is not exported from './hubspot' (imported as 'hubspotRemoveLineItem').

Import trace for requested module:
./lib/workflows/actions/registry.ts
./lib/workflows/executeNode.ts
./lib/execution/advancedExecutionEngine.ts
./lib/integrations/discordGateway.ts

./lib/workflows/actions/registry.ts
Attempted import error: 'hubspotGetLineItems' is not exported from './hubspot' (imported as 'hubspotGetLineItems').

Import trace for requested module:
./lib/workflows/actions/registry.ts
./lib/workflows/executeNode.ts
./lib/execution/advancedExecutionEngine.ts
./lib/integrations/discordGateway.ts
[2025-11-10T16:42:10.912Z] [INFO   ] 2025-11-10T16:42:10.912Z [DEBUG] 📍 [API /api/integrations] GET request received {"timestamp":"2025-11-10T16:42:10.912Z","url":"http://localhost:3000/api/integrations?workspace_type=personal"}
[2025-11-10T16:42:11.230Z] [INFO   ] 2025-11-10T16:42:11.230Z [DEBUG] ✅ [API /api/integrations] User authenticated {"userId":"a3e3a51a-175c-4b59-ad03-227ba12a18b0"}
[2025-11-10T16:42:11.231Z] [INFO   ] 2025-11-10T16:42:11.231Z [DEBUG] 🏠 [API /api/integrations] Workspace context {"workspaceType":"personal","workspaceId":null}
[2025-11-10T16:42:11.414Z] [INFO   ] 2025-11-10T16:42:11.414Z [DEBUG] 📊 [API /api/integrations] Parallel query results {"workspaceType":"personal","workspaceId":null,"integrationsCount":10,"permissionsCount":9,"integrationsError":null,"permissionsError":null}
[2025-11-10T16:42:11.415Z] [INFO   ] 2025-11-10T16:42:11.415Z [DEBUG] 📋 [API /api/integrations] Using explicit permission {"integrationId":"aed260e3-7d87-4ea0-ba04-1ab6c35bbda5","provider":"discord","permission":"admin"}
[2025-11-10T16:42:11.415Z] [INFO   ] 2025-11-10T16:42:11.415Z [DEBUG] 📋 [API /api/integrations] Using explicit permission {"integrationId":"f7f6cf20-d078-40ef-a73c-bc7afd16ec14","provider":"hubspot","permission":"admin"}
[2025-11-10T16:42:11.415Z] [INFO   ] 2025-11-10T16:42:11.415Z [DEBUG] 📋 [API /api/integrations] Using implicit permission {"integrationId":"7015bddc-01e2-46ad-89bb-fd2385c7dbfc","provider":"gumroad","permission":"admin","reason":"connected_by"}
[2025-11-10T16:42:11.415Z] [INFO   ] 2025-11-10T16:42:11.415Z [DEBUG] 📋 [API /api/integrations] Using explicit permission {"integrationId":"cdcb4dfa-0de9-4b0c-b493-28dc16aa47cf","provider":"github","permission":"admin"}
[2025-11-10T16:42:11.415Z] [INFO   ] 2025-11-10T16:42:11.415Z [DEBUG] 📋 [API /api/integrations] Using explicit permission {"integrationId":"1cf3129a-cbcb-4df8-b59b-876edd75d137","provider":"google-analytics","permission":"admin"}
[2025-11-10T16:42:11.415Z] [INFO   ] 2025-11-10T16:42:11.415Z [DEBUG] 📋 [API /api/integrations] Using explicit permission {"integrationId":"fa4bc43d-e909-4b30-83ab-901e5d284a72","provider":"google-docs","permission":"admin"}
[2025-11-10T16:42:11.415Z] [INFO   ] 2025-11-10T16:42:11.415Z [DEBUG] 📋 [API /api/integrations] Using explicit permission {"integrationId":"f240f5c0-cb91-462a-bab9-51dcbb116331","provider":"gmail","permission":"admin"}
[2025-11-10T16:42:11.415Z] [INFO   ] 2025-11-10T16:42:11.415Z [DEBUG] 📋 [API /api/integrations] Using explicit permission {"integrationId":"61424f3b-166f-4d60-bf1c-b63cb9155549","provider":"google-drive","permission":"admin"}
[2025-11-10T16:42:11.415Z] [INFO   ] 2025-11-10T16:42:11.415Z [DEBUG] 📋 [API /api/integrations] Using explicit permission {"integrationId":"72c8e3d3-ae7f-464a-b167-ad1e4b7bcc20","provider":"google-calendar","permission":"admin"}
[2025-11-10T16:42:11.415Z] [INFO   ] 2025-11-10T16:42:11.415Z [DEBUG] 📋 [API /api/integrations] Using explicit permission {"integrationId":"8640a243-994f-47b4-b456-26844f408359","provider":"google-sheets","permission":"admin"}
[2025-11-10T16:42:11.415Z] [INFO   ] 2025-11-10T16:42:11.415Z [DEBUG] ✅ [API /api/integrations] Returning integrations {"count":10,"workspaceType":"personal"}
[2025-11-10T16:42:53.444Z] [INFO   ]  [32m[1m✓[22m[39m Compiled /api/integrations in 869ms (5431 modules)

=== Log Session Ended: 2025-11-10T16:44:39.880Z ===
