=== Log Session Started: 2025-10-18T13:13:27.096Z ===
Node Version: v23.7.0
Platform: darwin
Working Directory: /Users/nathanielstoddard/chainreact-app/chainreact-app-9e
================================================================================

[2025-10-18T13:13:27.096Z] [INFO   ] File logging initialized
[2025-10-18T13:13:27.096Z] [INFO   ] Log file: /Users/nathanielstoddard/chainreact-app/chainreact-app-9e/logs/workflow_2025-10-18_08-13-27.log
[2025-10-18T13:13:27.098Z] [INFO   ] 📁 File logging enabled
[2025-10-18T13:13:27.098Z] [INFO   ] 📝 Logs will be written to: /Users/nathanielstoddard/chainreact-app/chainreact-app-9e/logs/workflow_2025-10-18_08-13-27.log
[2025-10-18T13:13:27.098Z] [INFO   ] 💡 To view logs in real-time: tail -f /Users/nathanielstoddard/chainreact-app/chainreact-app-9e/logs/workflow_2025-10-18_08-13-27.log
[2025-10-18T13:13:27.098Z] [INFO   ] 💡 To view all logs: cat /Users/nathanielstoddard/chainreact-app/chainreact-app-9e/logs/workflow_2025-10-18_08-13-27.log
[2025-10-18T13:13:27.098Z] [INFO   ] 💡 To share logs: Copy the file at /Users/nathanielstoddard/chainreact-app/chainreact-app-9e/logs/workflow_2025-10-18_08-13-27.log
[2025-10-18T13:13:27.098Z] [INFO   ] --------------------------------------------------------------------------------
[2025-10-18T13:13:27.098Z] [DEBUG  ] 📁 File logging system initialized
[2025-10-18T13:13:27.110Z] [INFO   ]  [32m[1m✓[22m[39m Ready in 3s
[2025-10-18T13:13:27.711Z] [INFO   ]  [37m[1m○[22m[39m Compiling /new ...
[2025-10-18T13:13:28.122Z] [WARN   ] 2025-10-18T13:13:28.122Z [WARN] ⚠️ Discord bot initialization skipped (non-critical): {}
[2025-10-18T13:13:31.059Z] [INFO   ]  [32m[1m✓[22m[39m Compiled /new in 3.9s (4431 modules)
[2025-10-18T13:13:31.914Z] [INFO   ]  [32m[1m✓[22m[39m Compiled in 842ms (1005 modules)
[2025-10-18T13:13:32.499Z] [INFO   ]  [32m[1m✓[22m[39m Compiled /middleware in 204ms (233 modules)
[2025-10-18T13:13:33.185Z] [INFO   ]  [37m[1m○[22m[39m Compiling /api/auth/profile ...
[2025-10-18T13:13:33.993Z] [INFO   ]  [32m[1m✓[22m[39m Compiled /api/auth/profile in 1349ms (4543 modules)
[2025-10-18T13:13:35.053Z] [INFO   ]  [32m[1m✓[22m[39m Compiled /api/presence/count in 446ms (4545 modules)
[2025-10-18T13:13:38.121Z] [INFO   ]  [37m[1m○[22m[39m Compiling /api/integrations ...
[2025-10-18T13:13:38.125Z] [INFO   ]  [32m[1m✓[22m[39m Compiled /api/integrations in 517ms (4547 modules)
[2025-10-18T13:15:04.214Z] [INFO   ]  [32m[1m✓[22m[39m Compiled in 1111ms (4432 modules)
