=== Log Session Started: 2025-10-16T18:33:18.546Z ===
Node Version: v23.7.0
Platform: darwin
Working Directory: /Users/nathanielstoddard/chainreact-app/chainreact-app-9e
================================================================================

[2025-10-16T18:33:18.547Z] [INFO   ] File logging initialized
[2025-10-16T18:33:18.547Z] [INFO   ] Log file: /Users/nathanielstoddard/chainreact-app/chainreact-app-9e/logs/workflow_2025-10-16_13-33-18.log
[2025-10-16T18:33:18.550Z] [INFO   ] Deleted old log file: workflow_2025-10-09_07-41-04.log
[2025-10-16T18:33:18.551Z] [INFO   ] 📁 File logging enabled
[2025-10-16T18:33:18.551Z] [INFO   ] 📝 Logs will be written to: /Users/nathanielstoddard/chainreact-app/chainreact-app-9e/logs/workflow_2025-10-16_13-33-18.log
[2025-10-16T18:33:18.551Z] [INFO   ] 💡 To view logs in real-time: tail -f /Users/nathanielstoddard/chainreact-app/chainreact-app-9e/logs/workflow_2025-10-16_13-33-18.log
[2025-10-16T18:33:18.551Z] [INFO   ] 💡 To view all logs: cat /Users/nathanielstoddard/chainreact-app/chainreact-app-9e/logs/workflow_2025-10-16_13-33-18.log
[2025-10-16T18:33:18.551Z] [INFO   ] 💡 To share logs: Copy the file at /Users/nathanielstoddard/chainreact-app/chainreact-app-9e/logs/workflow_2025-10-16_13-33-18.log
[2025-10-16T18:33:18.551Z] [INFO   ] --------------------------------------------------------------------------------
[2025-10-16T18:33:18.551Z] [DEBUG  ] 📁 File logging system initialized
[2025-10-16T18:33:18.566Z] [INFO   ]  [32m[1m✓[22m[39m Ready in 2.5s
[2025-10-16T18:33:21.428Z] [WARN   ] 2025-10-16T18:33:21.427Z [WARN] Discord API network error (attempt 1/3). Retrying in 1000ms...
[2025-10-16T18:33:22.433Z] [WARN   ] 2025-10-16T18:33:22.433Z [WARN] Discord API network error (attempt 2/3). Retrying in 2000ms...
[2025-10-16T18:33:24.439Z] [ERROR  ] 2025-10-16T18:33:24.439Z [ERROR] Discord API failed after 3 attempts: {}
[2025-10-16T18:33:24.440Z] [ERROR  ] 2025-10-16T18:33:24.440Z [ERROR] Failed to connect to Discord Gateway: {}
[2025-10-16T18:33:27.314Z] [INFO   ]  [32m[1m✓[22m[39m Compiled /middleware in 205ms (233 modules)
[2025-10-16T18:33:29.321Z] [INFO   ]  [37m[1m○[22m[39m Compiling /workflows ...
[2025-10-16T18:33:33.021Z] [INFO   ]  [32m[1m✓[22m[39m Compiled /workflows in 4.3s (5080 modules)
[2025-10-16T18:33:33.817Z] [INFO   ]  [32m[1m✓[22m[39m Compiled in 778ms (1271 modules)
[2025-10-16T18:33:35.881Z] [INFO   ]  [32m[1m✓[22m[39m Compiled /api/auth/profile in 465ms (5085 modules)
[2025-10-16T18:33:39.739Z] [INFO   ]  [32m[1m✓[22m[39m Compiled /api/integrations in 287ms (5087 modules)
[2025-10-16T18:33:59.362Z] [INFO   ]  [37m[1m○[22m[39m Compiling /api/presence/count ...
[2025-10-16T18:33:59.725Z] [INFO   ]  [32m[1m✓[22m[39m Compiled /api/presence/count in 921ms (5091 modules)
[2025-10-16T18:41:53.837Z] [INFO   ]  [37m[1m○[22m[39m Compiling /api/templates/predefined ...
[2025-10-16T18:41:54.450Z] [INFO   ]  [32m[1m✓[22m[39m Compiled /api/templates/predefined in 1133ms (5085 modules)
[2025-10-16T18:42:06.622Z] [INFO   ]  [37m[1m○[22m[39m Compiling /workflows/builder ...
[2025-10-16T18:42:08.033Z] [INFO   ]  [32m[1m✓[22m[39m Compiled /workflows/builder in 1911ms (5788 modules)
[2025-10-16T18:42:09.489Z] [INFO   ]  [32m[1m✓[22m[39m Compiled /api/templates/[id] in 438ms (5790 modules)
[2025-10-16T18:42:10.841Z] [INFO   ]  [32m[1m✓[22m[39m Compiled /api/templates/[id]/draft in 394ms (5794 modules)
[2025-10-16T18:42:12.073Z] [INFO   ]  [32m[1m✓[22m[39m Compiled /api/templates/[id]/assets in 379ms (5796 modules)
[2025-10-16T18:42:13.817Z] [INFO   ]  [37m[1m○[22m[39m Compiling /api/templates/[id]/setup ...
[2025-10-16T18:42:13.847Z] [INFO   ]  [32m[1m✓[22m[39m Compiled /api/templates/[id]/setup in 563ms (5801 modules)
[2025-10-16T18:43:59.289Z] [INFO   ]  [37m[1m○[22m[39m Compiling /api/presence/count ...
[2025-10-16T18:43:59.337Z] [INFO   ]  [32m[1m✓[22m[39m Compiled /api/presence/count in 581ms (4181 modules)
[2025-10-16T18:45:29.326Z] [INFO   ]  [37m[1m○[22m[39m Compiling /api/templates/[id] ...
[2025-10-16T18:45:29.361Z] [INFO   ]  [32m[1m✓[22m[39m Compiled /api/templates/[id] in 607ms (4181 modules)
[2025-10-16T18:45:31.990Z] [INFO   ]  [32m[1m✓[22m[39m Compiled /api/templates/[id]/draft in 270ms (4185 modules)
[2025-10-16T18:45:37.518Z] [INFO   ]  [37m[1m○[22m[39m Compiling /api/integrations ...
[2025-10-16T18:45:37.723Z] [INFO   ]  [32m[1m✓[22m[39m Compiled /api/integrations in 976ms (4189 modules)
[2025-10-16T18:45:38.089Z] [INFO   ]  [32m[1m✓[22m[39m Compiled (4191 modules)
[2025-10-16T18:45:39.118Z] [INFO   ]  [32m[1m✓[22m[39m Compiled /api/presence/count in 430ms (4193 modules)
[2025-10-16T18:45:39.496Z] [INFO   ]  [32m[1m✓[22m[39m Compiled (4195 modules)
[2025-10-16T18:45:43.295Z] [INFO   ]  [32m[1m✓[22m[39m Compiled /api/templates/predefined in 307ms (4197 modules)
[2025-10-16T18:45:43.690Z] [INFO   ]  [32m[1m✓[22m[39m Compiled (4199 modules)
[2025-10-16T18:49:35.742Z] [INFO   ]  [37m[1m○[22m[39m Compiling / ...
[2025-10-16T18:49:37.069Z] [INFO   ]  [32m[1m✓[22m[39m Compiled / in 1899ms (5836 modules)
[2025-10-16T18:49:51.782Z] [INFO   ]  [37m[1m○[22m[39m Compiling /waitlist ...
[2025-10-16T18:49:52.921Z] [INFO   ]  [32m[1m✓[22m[39m Compiled /waitlist in 1644ms (5852 modules)
[2025-10-16T18:52:51.186Z] [INFO   ]  [32m[1m✓[22m[39m Compiled in 2.6s (5847 modules)
[2025-10-16T18:56:17.181Z] [INFO   ]  [37m[1m○[22m[39m Compiling /api/integrations ...
[2025-10-16T18:56:17.222Z] [INFO   ]  [32m[1m✓[22m[39m Compiled /api/integrations in 682ms (4217 modules)
[2025-10-16T18:56:21.195Z] [INFO   ]  [37m[1m○[22m[39m Compiling /api/auth/profile ...
[2025-10-16T18:56:21.970Z] [INFO   ]  [32m[1m✓[22m[39m Compiled /api/auth/profile in 1275ms (4221 modules)
[2025-10-16T18:56:23.377Z] [INFO   ]  [37m[1m○[22m[39m Compiling /api/presence/count ...
[2025-10-16T18:56:23.422Z] [INFO   ]  [32m[1m✓[22m[39m Compiled /api/presence/count in 569ms (4223 modules)
[2025-10-16T18:56:24.032Z] [INFO   ]  [32m[1m✓[22m[39m Compiled (4225 modules)
[2025-10-16T18:56:24.586Z] [INFO   ]  [32m[1m✓[22m[39m Compiled /api/templates in 353ms (4227 modules)
[2025-10-16T18:56:24.874Z] [INFO   ]  [32m[1m✓[22m[39m Compiled (4229 modules)
[2025-10-16T19:10:28.082Z] [INFO   ]  [37m[1m○[22m[39m Compiling /api/templates/[id] ...
[2025-10-16T19:10:28.571Z] [INFO   ]  [32m[1m✓[22m[39m Compiled /api/templates/[id] in 1063ms (4231 modules)
[2025-10-16T19:10:29.426Z] [INFO   ]  [32m[1m✓[22m[39m Compiled /api/templates/[id]/draft in 333ms (4235 modules)
[2025-10-16T19:10:30.462Z] [INFO   ]  [32m[1m✓[22m[39m Compiled /api/templates/[id]/assets in 363ms (4237 modules)
[2025-10-16T19:10:31.795Z] [INFO   ]  [37m[1m○[22m[39m Compiling /api/templates/[id]/setup ...
[2025-10-16T19:10:31.840Z] [INFO   ]  [32m[1m✓[22m[39m Compiled /api/templates/[id]/setup in 615ms (4242 modules)
[2025-10-16T19:12:06.126Z] [WARN   ] [TemplateSetup] Template not found: aa142717-3d7d-4b7c-b810-fac45e49a970. Check if this template exists in database or if a workflow is referencing a deleted template.
[2025-10-16T19:12:06.331Z] [WARN   ] [TemplateSetup] Template not found: aa142717-3d7d-4b7c-b810-fac45e49a970. Check if this template exists in database or if a workflow is referencing a deleted template.
[2025-10-16T19:23:22.126Z] [INFO   ]  [32m[1m✓[22m[39m Compiled in 3.5s (5847 modules)
[2025-10-16T19:23:24.140Z] [INFO   ]  [32m[1m✓[22m[39m Compiled /api/templates/[id] in 444ms (4217 modules)
[2025-10-16T19:23:25.281Z] [INFO   ]  [32m[1m✓[22m[39m Compiled /api/templates/[id]/draft in 350ms (4221 modules)
[2025-10-16T19:23:26.319Z] [INFO   ]  [32m[1m✓[22m[39m Compiled /api/templates/[id]/assets in 469ms (4223 modules)
[2025-10-16T19:23:28.051Z] [INFO   ]  [37m[1m○[22m[39m Compiling /api/templates/[id]/setup ...
[2025-10-16T19:23:28.400Z] [INFO   ]  [32m[1m✓[22m[39m Compiled /api/templates/[id]/setup in 874ms (4228 modules)
[2025-10-16T19:24:36.738Z] [INFO   ]  [32m[1m✓[22m[39m Compiled in 2.8s (5847 modules)
[2025-10-16T19:24:38.148Z] [INFO   ]  [32m[1m✓[22m[39m Compiled /api/templates/[id] in 437ms (4217 modules)
[2025-10-16T19:24:39.122Z] [INFO   ]  [32m[1m✓[22m[39m Compiled /api/templates/[id]/draft in 335ms (4221 modules)
[2025-10-16T19:24:40.357Z] [INFO   ]  [32m[1m✓[22m[39m Compiled /api/templates/[id]/assets in 392ms (4223 modules)
[2025-10-16T19:24:41.581Z] [INFO   ]  [37m[1m○[22m[39m Compiling /api/templates/[id]/setup ...
[2025-10-16T19:24:41.891Z] [INFO   ]  [32m[1m✓[22m[39m Compiled /api/templates/[id]/setup in 822ms (4228 modules)
[2025-10-16T19:24:52.112Z] [INFO   ]  [32m[1m✓[22m[39m Compiled in 1097ms (5875 modules)
[2025-10-16T19:27:04.723Z] [INFO   ]  [37m[1m○[22m[39m Compiling /api/presence/count ...
[2025-10-16T19:27:05.047Z] [INFO   ]  [32m[1m✓[22m[39m Compiled /api/presence/count in 824ms (4217 modules)
[2025-10-16T19:39:01.090Z] [WARN   ] 2025-10-16T19:39:01.086Z [WARN] Discord Gateway connection appears unhealthy, forcing reconnection
[2025-10-16T19:41:58.700Z] [INFO   ]  [32m[1m✓[22m[39m Compiled in 1536ms (1647 modules)
[2025-10-16T19:42:14.720Z] [INFO   ]  [32m[1m✓[22m[39m Compiled in 1574ms (5847 modules)
[2025-10-16T19:42:28.073Z] [INFO   ]  [32m[1m✓[22m[39m Compiled in 903ms (5847 modules)
[2025-10-16T19:42:29.867Z] [INFO   ]  [32m[1m✓[22m[39m Compiled /api/presence/count in 450ms (4217 modules)
[2025-10-16T19:42:39.073Z] [INFO   ]  [32m[1m✓[22m[39m Compiled in 913ms (5864 modules)
[2025-10-16T19:43:27.091Z] [INFO   ]  [32m[1m✓[22m[39m Compiled in 4.5s (5862 modules)
[2025-10-16T19:43:31.675Z] [INFO   ]  [32m[1m✓[22m[39m Compiled in 791ms (5845 modules)
[2025-10-16T19:45:00.033Z] [INFO   ]  [37m[1m○[22m[39m Compiling /templates ...
[2025-10-16T19:45:05.669Z] [INFO   ]  [32m[1m✓[22m[39m Compiled /terms in 6.3s (5879 modules)
[2025-10-16T19:45:08.784Z] [INFO   ]  [37m[1m○[22m[39m Compiling /api/templates/predefined ...
[2025-10-16T19:45:10.989Z] [INFO   ]  [32m[1m✓[22m[39m Compiled /api/templates/predefined in 2.8s (4249 modules)
[2025-10-16T19:46:09.795Z] [INFO   ]  [32m[1m✓[22m[39m Compiled in 2.6s (5639 modules)
[2025-10-16T19:47:29.956Z] [INFO   ]  [37m[1m○[22m[39m Compiling /api/presence/count ...
[2025-10-16T19:47:30.294Z] [INFO   ]  [32m[1m✓[22m[39m Compiled /api/presence/count in 847ms (3753 modules)
[2025-10-16T19:47:33.332Z] [INFO   ]  [32m[1m✓[22m[39m Compiled /workflows in 373ms (3877 modules)
[2025-10-16T19:47:55.045Z] [INFO   ]  [32m[1m✓[22m[39m Compiled in 3.4s (5537 modules)
[2025-10-16T19:47:57.656Z] [INFO   ]  [32m[1m✓[22m[39m Compiled in 1744ms (5537 modules)
[2025-10-16T19:47:59.203Z] [INFO   ]  [32m[1m✓[22m[39m Compiled in 1084ms (5537 modules)
[2025-10-16T19:48:01.335Z] [INFO   ]  [32m[1m✓[22m[39m Compiled in 1114ms (5537 modules)
[2025-10-16T19:48:04.147Z] [INFO   ]  [32m[1m✓[22m[39m Compiled in 1663ms (5537 modules)
[2025-10-16T19:48:06.944Z] [INFO   ]  [32m[1m✓[22m[39m Compiled in 1919ms (5537 modules)
[2025-10-16T19:48:08.978Z] [INFO   ]  [32m[1m✓[22m[39m Compiled in 1468ms (5537 modules)
[2025-10-16T19:48:13.820Z] [INFO   ]  [32m[1m✓[22m[39m Compiled in 2.9s (5537 modules)
[2025-10-16T19:48:27.516Z] [INFO   ]  [32m[1m✓[22m[39m Compiled in 720ms (5537 modules)
[2025-10-16T19:49:29.555Z] [INFO   ]  [37m[1m○[22m[39m Compiling /api/integrations ...
[2025-10-16T19:49:30.840Z] [INFO   ]  [32m[1m✓[22m[39m Compiled /api/integrations in 1785ms (3877 modules)
[2025-10-16T19:49:38.590Z] [INFO   ]  [37m[1m○[22m[39m Compiling /api/auth/profile ...
[2025-10-16T19:49:39.674Z] [INFO   ]  [32m[1m✓[22m[39m Compiled /api/auth/profile in 1585ms (3881 modules)
[2025-10-16T19:49:40.804Z] [INFO   ]  [37m[1m○[22m[39m Compiling /api/presence/count ...
[2025-10-16T19:49:41.102Z] [INFO   ]  [32m[1m✓[22m[39m Compiled /api/presence/count in 806ms (3883 modules)
[2025-10-16T19:49:41.966Z] [INFO   ]  [32m[1m✓[22m[39m Compiled (3885 modules)
[2025-10-16T19:49:43.621Z] [INFO   ]  [32m[1m✓[22m[39m Compiled /api/templates/predefined in 372ms (3887 modules)
[2025-10-16T19:49:44.450Z] [INFO   ]  [32m[1m✓[22m[39m Compiled in 0ms (3889 modules)
[2025-10-16T19:49:44.861Z] [INFO   ]  [32m[1m✓[22m[39m Compiled in 0ms (3889 modules)
[2025-10-16T19:49:45.230Z] [INFO   ]  [32m[1m✓[22m[39m Compiled in 0ms (3889 modules)
[2025-10-16T19:50:13.776Z] [INFO   ]  [32m[1m✓[22m[39m Compiled in 3.5s (5549 modules)
[2025-10-16T19:53:17.550Z] [INFO   ]  [32m[1m✓[22m[39m Compiled in 4.3s (5520 modules)
[2025-10-16T19:53:18.049Z] [INFO   ]  [32m[1m✓[22m[39m Compiled /api/integrations in 370ms (3877 modules)
[2025-10-16T19:53:22.386Z] [INFO   ]  [37m[1m○[22m[39m Compiling /api/templates/predefined ...
[2025-10-16T19:53:22.433Z] [INFO   ]  [32m[1m✓[22m[39m Compiled /api/templates/predefined in 897ms (3879 modules)
[2025-10-16T19:53:23.209Z] [INFO   ]  [32m[1m✓[22m[39m Compiled (3881 modules)
[2025-10-16T19:53:44.439Z] [INFO   ]  [37m[1m○[22m[39m Compiling /waitlist ...
[2025-10-16T19:53:46.692Z] [INFO   ]  [32m[1m✓[22m[39m Compiled /waitlist in 2.8s (3898 modules)
[2025-10-16T19:54:08.915Z] [INFO   ]  [37m[1m○[22m[39m Compiling /api/waitlist ...
[2025-10-16T19:54:12.262Z] [INFO   ]  [32m[1m✓[22m[39m Compiled /api/waitlist in 4.2s (5613 modules)
[2025-10-16T19:54:12.795Z] [INFO   ] 2025-10-16T19:54:12.794Z [INFO] [Waitlist] New signup: stoddard.nathaniel900@gmail.com
[2025-10-16T19:54:13.710Z] [INFO   ]  [37m[1m○[22m[39m Compiling /waitlist/success ...
[2025-10-16T19:54:13.711Z] [INFO   ] 2025-10-16T19:54:13.710Z [INFO] [Waitlist] Welcome email sent to: stoddard.nathaniel900@gmail.com
[2025-10-16T19:54:15.832Z] [INFO   ]  [32m[1m✓[22m[39m Compiled /waitlist/success in 2.9s (5627 modules)
[2025-10-16T19:55:36.969Z] [INFO   ]  [37m[1m○[22m[39m Compiling /api/ai/usage ...
[2025-10-16T19:55:37.843Z] [INFO   ]  [32m[1m✓[22m[39m Compiled /api/ai/usage in 2.1s (3869 modules)
[2025-10-16T19:55:38.680Z] [INFO   ]  [32m[1m✓[22m[39m Compiled (3871 modules)
[2025-10-16T19:59:12.108Z] [INFO   ]  [37m[1m○[22m[39m Compiling /admin ...
[2025-10-16T19:59:17.125Z] [INFO   ]  [32m[1m✓[22m[39m Compiled /admin in 6.3s (5617 modules)
[2025-10-16T19:59:19.433Z] [INFO   ]  [37m[1m○[22m[39m Compiling /api/admin/waitlist/list ...
[2025-10-16T19:59:19.439Z] [INFO   ]  [32m[1m✓[22m[39m Compiled /api/admin/waitlist/list in 572ms (5634 modules)
[2025-10-16T19:59:47.411Z] [INFO   ]  [32m[1m✓[22m[39m Compiled in 3.4s (5641 modules)
[2025-10-16T20:00:22.409Z] [INFO   ]  [37m[1m○[22m[39m Compiling /api/admin/waitlist/update ...
[2025-10-16T20:00:22.645Z] [INFO   ]  [32m[1m✓[22m[39m Compiled /api/admin/waitlist/update in 741ms (5627 modules)
[2025-10-16T20:00:23.095Z] [ERROR  ] 2025-10-16T20:00:23.094Z [ERROR] Error updating waitlist member: {"code":"PGRST204","details":null,"hint":null,"message":"Could not find the 'status' column of 'waitlist' in the schema cache"}
[2025-10-16T20:00:36.252Z] [INFO   ]  [37m[1m○[22m[39m Compiling /api/ai/usage ...
[2025-10-16T20:00:36.634Z] [INFO   ]  [32m[1m✓[22m[39m Compiled /api/ai/usage in 1077ms (3939 modules)
[2025-10-16T20:00:37.661Z] [INFO   ]  [32m[1m✓[22m[39m Compiled (3941 modules)
[2025-10-16T20:04:14.348Z] [INFO   ]  [32m[1m✓[22m[39m Compiled in 3.5s (5624 modules)
[2025-10-16T20:04:42.507Z] [INFO   ]  [32m[1m✓[22m[39m Compiled in 3.3s (5624 modules)
[2025-10-16T20:05:36.157Z] [INFO   ]  [37m[1m○[22m[39m Compiling /api/presence/count ...
[2025-10-16T20:05:36.279Z] [INFO   ]  [32m[1m✓[22m[39m Compiled /api/presence/count in 728ms (3937 modules)
[2025-10-16T20:05:38.900Z] [INFO   ]  [32m[1m✓[22m[39m Compiled /api/ai/usage in 341ms (3939 modules)
[2025-10-16T20:34:12.546Z] [INFO   ]  [32m[1m✓[22m[39m Compiled in 3.2s (5624 modules)
[2025-10-16T20:35:46.906Z] [INFO   ]  [37m[1m○[22m[39m Compiling /api/ai/usage ...
[2025-10-16T20:35:46.971Z] [INFO   ]  [32m[1m✓[22m[39m Compiled /api/ai/usage in 1360ms (3937 modules)
[2025-10-16T20:36:09.946Z] [INFO   ]  [32m[1m✓[22m[39m Compiled /api/presence/count in 361ms (3939 modules)
[2025-10-16T20:36:15.840Z] [INFO   ]  [37m[1m○[22m[39m Compiling /api/auth/profile ...
[2025-10-16T20:36:18.389Z] [INFO   ]  [32m[1m✓[22m[39m Compiled /api/auth/profile in 3.1s (3943 modules)
[2025-10-16T20:36:20.457Z] [INFO   ]  [37m[1m○[22m[39m Compiling /api/admin/user-stats ...
[2025-10-16T20:36:20.483Z] [INFO   ]  [32m[1m✓[22m[39m Compiled /api/admin/user-stats in 1188ms (5635 modules)
[2025-10-16T20:36:21.444Z] [INFO   ]  [37m[1m○[22m[39m Compiling /api/admin/waitlist/list ...
[2025-10-16T20:36:21.795Z] [INFO   ]  [32m[1m✓[22m[39m Compiled /api/admin/waitlist/list in 963ms (3947 modules)
[2025-10-16T20:36:22.592Z] [INFO   ]  [32m[1m✓[22m[39m Compiled /api/integrations in 428ms (3949 modules)
[2025-10-16T20:37:09.874Z] [INFO   ]  [32m[1m✓[22m[39m Compiled in 2.4s (5653 modules)
[2025-10-16T20:39:23.484Z] [INFO   ]  [32m[1m✓[22m[39m Compiled in 3.6s (5649 modules)
[2025-10-16T20:39:47.155Z] [INFO   ]  [32m[1m✓[22m[39m Compiled in 921ms (5624 modules)
[2025-10-16T20:39:59.938Z] [INFO   ]  [37m[1m○[22m[39m Compiling /api/admin/user-stats ...
[2025-10-16T20:39:59.994Z] [INFO   ]  [32m[1m✓[22m[39m Compiled /api/admin/user-stats in 1668ms (3937 modules)
[2025-10-16T20:40:02.006Z] [INFO   ]  [32m[1m✓[22m[39m Compiled /api/auth/profile in 468ms (3941 modules)
[2025-10-16T20:40:04.573Z] [INFO   ]  [37m[1m○[22m[39m Compiling /api/presence/count ...
[2025-10-16T20:40:09.781Z] [INFO   ]  [32m[1m✓[22m[39m Compiled /api/integrations in 7.1s (5882 modules)
[2025-10-16T20:40:42.390Z] [INFO   ]  [32m[1m✓[22m[39m Compiled in 8.5s (5474 modules)
[2025-10-16T20:42:00.072Z] [INFO   ]  [32m[1m✓[22m[39m Compiled in 4.2s (5449 modules)
[2025-10-16T20:42:20.888Z] [INFO   ]  [32m[1m✓[22m[39m Compiled in 881ms (5449 modules)
[2025-10-16T20:42:34.945Z] [INFO   ]  [32m[1m✓[22m[39m Compiled in 2.6s (5449 modules)
[2025-10-16T20:42:47.788Z] [INFO   ]  [32m[1m✓[22m[39m Compiled in 924ms (5449 modules)
[2025-10-16T20:43:06.584Z] [INFO   ]  [32m[1m✓[22m[39m Compiled in 3s (5449 modules)
[2025-10-16T20:43:16.119Z] [INFO   ]  [32m[1m✓[22m[39m Compiled in 2.9s (5449 modules)
[2025-10-16T20:43:18.541Z] [INFO   ]  [32m[1m✓[22m[39m Compiled /api/presence/count in 1284ms (5449 modules)
[2025-10-16T20:43:26.102Z] [INFO   ]  [32m[1m✓[22m[39m Compiled /api/ai/usage in 1ms (3764 modules)
[2025-10-16T20:43:26.580Z] [INFO   ]  [32m[1m✓[22m[39m Compiled in 0ms (3766 modules)
[2025-10-16T20:43:26.970Z] [INFO   ]  [32m[1m✓[22m[39m Compiled in 0ms (3766 modules)
[2025-10-16T20:43:27.497Z] [INFO   ]  [32m[1m✓[22m[39m Compiled in 0ms (3766 modules)
[2025-10-16T20:43:27.956Z] [INFO   ]  [32m[1m✓[22m[39m Compiled in 0ms (3766 modules)
[2025-10-16T20:51:16.847Z] [INFO   ]  [37m[1m○[22m[39m Compiling /workflows/templates ...
[2025-10-16T20:51:22.340Z] [INFO   ]  [32m[1m✓[22m[39m Compiled /workflows/templates in 7s (5617 modules)
[2025-10-16T20:51:23.705Z] [INFO   ]  [37m[1m○[22m[39m Compiling /api/templates/predefined ...
[2025-10-16T20:51:24.220Z] [INFO   ]  [32m[1m✓[22m[39m Compiled /api/templates/predefined in 1029ms (3943 modules)
[2025-10-16T20:51:24.561Z] [INFO   ]  [32m[1m✓[22m[39m Compiled (3945 modules)
[2025-10-16T20:52:33.169Z] [INFO   ]  [32m[1m✓[22m[39m Compiled in 8.7s (1705 modules)
[2025-10-16T20:52:46.624Z] [INFO   ]  [37m[1m○[22m[39m Compiling /api/auth/profile ...
[2025-10-16T20:52:50.738Z] [INFO   ]  [32m[1m✓[22m[39m Compiled /api/auth/profile in 5.6s (3937 modules)
[2025-10-16T20:52:52.130Z] [INFO   ]  [37m[1m○[22m[39m Compiling /api/templates ...
[2025-10-16T20:52:53.070Z] [INFO   ]  [32m[1m✓[22m[39m Compiled /api/templates in 1693ms (3939 modules)
[2025-10-16T20:52:54.037Z] [INFO   ]  [32m[1m✓[22m[39m Compiled (3945 modules)
[2025-10-16T20:52:56.156Z] [INFO   ]  [37m[1m○[22m[39m Compiling /api/integrations ...
[2025-10-16T20:52:56.187Z] [INFO   ]  [32m[1m✓[22m[39m Compiled /api/integrations in 1732ms (3947 modules)
[2025-10-16T20:53:27.497Z] [INFO   ]  [32m[1m✓[22m[39m Compiled in 888ms (1705 modules)
[2025-10-16T21:17:54.844Z] [INFO   ]  [32m[1m✓[22m[39m Compiled in 2.2s (1705 modules)
[2025-10-16T21:17:58.560Z] [INFO   ]  [32m[1m✓[22m[39m Compiled in 456ms (1705 modules)
[2025-10-16T21:18:10.487Z] [INFO   ]  [32m[1m✓[22m[39m Compiled in 799ms (1705 modules)
[2025-10-16T21:18:23.445Z] [INFO   ]  [32m[1m✓[22m[39m Compiled in 431ms (1705 modules)
[2025-10-16T21:18:31.036Z] [INFO   ]  [32m[1m✓[22m[39m Compiled in 453ms (1705 modules)
[2025-10-16T21:18:36.330Z] [INFO   ]  [32m[1m✓[22m[39m Compiled in 466ms (1705 modules)
[2025-10-16T21:18:42.591Z] [INFO   ]  [32m[1m✓[22m[39m Compiled in 461ms (1705 modules)
[2025-10-16T21:18:48.801Z] [INFO   ]  [32m[1m✓[22m[39m Compiled in 474ms (1705 modules)
[2025-10-16T21:19:01.363Z] [INFO   ]  [32m[1m✓[22m[39m Compiled in 461ms (1705 modules)
[2025-10-16T21:19:12.324Z] [INFO   ]  [32m[1m✓[22m[39m Compiled in 506ms (1705 modules)
[2025-10-16T21:19:20.120Z] [INFO   ]  [32m[1m✓[22m[39m Compiled in 481ms (1705 modules)
[2025-10-16T21:19:25.787Z] [INFO   ]  [32m[1m✓[22m[39m Compiled in 501ms (1705 modules)
[2025-10-16T21:20:07.611Z] [INFO   ]  [32m[1m✓[22m[39m Compiled in 3.3s (5842 modules)
[2025-10-16T21:20:09.975Z] [INFO   ]  [32m[1m✓[22m[39m Compiled /api/presence/count in 355ms (3935 modules)
[2025-10-16T21:20:10.612Z] [INFO   ]  [32m[1m✓[22m[39m Compiled in 450ms (1705 modules)
[2025-10-16T21:20:35.282Z] [INFO   ]  [32m[1m✓[22m[39m Compiled in 583ms (1705 modules)
[2025-10-16T21:20:39.139Z] [INFO   ]  [32m[1m✓[22m[39m Compiled in 473ms (1705 modules)
[2025-10-16T21:20:42.119Z] [INFO   ]  [32m[1m✓[22m[39m Compiled in 1402ms (5859 modules)
[2025-10-16T21:20:43.934Z] [INFO   ]  [32m[1m✓[22m[39m Compiled in 460ms (1705 modules)
[2025-10-16T21:21:06.915Z] [INFO   ]  [32m[1m✓[22m[39m Compiled in 498ms (1705 modules)
[2025-10-16T21:21:09.423Z] [INFO   ]  [32m[1m✓[22m[39m Compiled in 467ms (1705 modules)
[2025-10-16T21:21:12.594Z] [INFO   ]  [32m[1m✓[22m[39m Compiled in 1323ms (5859 modules)
[2025-10-16T21:21:14.779Z] [INFO   ]  [32m[1m✓[22m[39m Compiled in 430ms (1705 modules)
[2025-10-16T21:21:41.434Z] [INFO   ]  [32m[1m✓[22m[39m Compiled in 494ms (1705 modules)
[2025-10-16T21:21:44.938Z] [INFO   ]  [32m[1m✓[22m[39m Compiled in 479ms (1705 modules)
[2025-10-16T21:21:48.724Z] [INFO   ]  [32m[1m✓[22m[39m Compiled in 1405ms (5842 modules)
[2025-10-16T21:21:50.527Z] [INFO   ]  [32m[1m✓[22m[39m Compiled in 523ms (1705 modules)
[2025-10-16T21:22:12.332Z] [INFO   ]  [32m[1m✓[22m[39m Compiled in 478ms (1705 modules)
[2025-10-16T21:22:15.271Z] [INFO   ]  [32m[1m✓[22m[39m Compiled in 503ms (1705 modules)
[2025-10-16T21:22:18.787Z] [INFO   ]  [32m[1m✓[22m[39m Compiled in 1338ms (5842 modules)
[2025-10-16T21:22:27.849Z] [INFO   ]  [32m[1m✓[22m[39m Compiled in 441ms (1705 modules)
[2025-10-16T21:22:52.353Z] [INFO   ]  [37m[1m○[22m[39m Compiling /api/presence/count ...
[2025-10-16T21:22:56.383Z] [INFO   ]  [32m[1m✓[22m[39m Compiled /api/presence/count in 5.1s (3935 modules)
[2025-10-16T21:22:58.049Z] [INFO   ]  [32m[1m✓[22m[39m Compiled /api/ai/usage in 329ms (3937 modules)
[2025-10-16T21:35:02.876Z] [INFO   ]  [37m[1m○[22m[39m Compiling / ...
[2025-10-16T21:35:06.785Z] [INFO   ]  [32m[1m✓[22m[39m Compiled /api/presence/count in 6s (3942 modules)
[2025-10-16T21:35:07.237Z] [INFO   ]  [32m[1m✓[22m[39m Compiled (3959 modules)
[2025-10-16T21:37:52.615Z] [INFO   ]  [32m[1m✓[22m[39m Compiled in 1752ms (1705 modules)
[2025-10-16T21:37:59.824Z] [INFO   ]  [32m[1m✓[22m[39m Compiled in 2.1s (5859 modules)
[2025-10-16T21:38:02.277Z] [INFO   ]  [37m[1m○[22m[39m Compiling /api/ai/usage ...
[2025-10-16T21:38:02.665Z] [INFO   ]  [32m[1m✓[22m[39m Compiled /api/ai/usage in 1055ms (3937 modules)
[2025-10-16T21:38:09.585Z] [INFO   ]  [32m[1m✓[22m[39m Compiled in 378ms (1705 modules)
[2025-10-16T21:38:16.375Z] [INFO   ]  [32m[1m✓[22m[39m Compiled in 1555ms (5861 modules)
[2025-10-16T21:38:18.147Z] [INFO   ]  [32m[1m✓[22m[39m Compiled in 347ms (1705 modules)
[2025-10-16T21:38:23.031Z] [INFO   ]  [32m[1m✓[22m[39m Compiled in 1077ms (5861 modules)
[2025-10-16T21:38:25.044Z] [INFO   ]  [32m[1m✓[22m[39m Compiled in 340ms (1705 modules)
[2025-10-16T21:38:29.535Z] [INFO   ]  [32m[1m✓[22m[39m Compiled in 1230ms (5861 modules)
[2025-10-16T21:38:31.515Z] [INFO   ]  [32m[1m✓[22m[39m Compiled in 363ms (1705 modules)
[2025-10-16T21:38:36.540Z] [INFO   ]  [32m[1m✓[22m[39m Compiled in 1203ms (5861 modules)
[2025-10-16T21:38:39.109Z] [INFO   ]  [32m[1m✓[22m[39m Compiled in 376ms (1705 modules)
[2025-10-16T21:38:45.856Z] [INFO   ]  [32m[1m✓[22m[39m Compiled in 3.4s (5875 modules)
[2025-10-16T21:38:50.153Z] [INFO   ]  [32m[1m✓[22m[39m Compiled in 1418ms (5861 modules)
[2025-10-16T21:38:51.993Z] [INFO   ]  [32m[1m✓[22m[39m Compiled in 386ms (1705 modules)
[2025-10-16T21:38:56.318Z] [INFO   ]  [32m[1m✓[22m[39m Compiled in 1076ms (5861 modules)
[2025-10-16T21:38:59.063Z] [INFO   ]  [32m[1m✓[22m[39m Compiled in 384ms (1705 modules)
[2025-10-16T21:39:04.283Z] [INFO   ]  [32m[1m✓[22m[39m Compiled in 1752ms (5859 modules)
[2025-10-16T21:39:06.397Z] [INFO   ]  [32m[1m✓[22m[39m Compiled in 474ms (1705 modules)
[2025-10-16T21:39:14.308Z] [INFO   ]  [32m[1m✓[22m[39m Compiled in 4.8s (5856 modules)
[2025-10-16T21:39:17.886Z] [INFO   ]  [32m[1m✓[22m[39m Compiled in 1442ms (5842 modules)
[2025-10-16T21:39:19.831Z] [INFO   ]  [32m[1m✓[22m[39m Compiled in 421ms (1705 modules)
[2025-10-16T21:39:23.983Z] [INFO   ]  [32m[1m✓[22m[39m Compiled in 1259ms (5842 modules)
[2025-10-16T21:39:27.399Z] [INFO   ]  [32m[1m✓[22m[39m Compiled in 443ms (1705 modules)
[2025-10-16T21:39:32.070Z] [INFO   ]  [32m[1m✓[22m[39m Compiled in 1179ms (5842 modules)
[2025-10-16T21:39:34.652Z] [INFO   ]  [32m[1m✓[22m[39m Compiled in 388ms (1705 modules)
[2025-10-16T21:39:39.200Z] [INFO   ]  [32m[1m✓[22m[39m Compiled in 1227ms (5842 modules)
[2025-10-16T21:39:42.662Z] [INFO   ]  [32m[1m✓[22m[39m Compiled in 428ms (1705 modules)
[2025-10-16T21:39:47.579Z] [INFO   ]  [32m[1m✓[22m[39m Compiled in 1273ms (5842 modules)
[2025-10-16T21:39:51.406Z] [INFO   ]  [32m[1m✓[22m[39m Compiled in 403ms (1705 modules)
[2025-10-16T21:39:55.775Z] [INFO   ]  [32m[1m✓[22m[39m Compiled in 1426ms (5842 modules)
[2025-10-16T21:39:57.850Z] [INFO   ]  [32m[1m✓[22m[39m Compiled in 489ms (1705 modules)
[2025-10-16T21:40:02.537Z] [INFO   ]  [32m[1m✓[22m[39m Compiled in 1809ms (5842 modules)
[2025-10-16T21:40:04.477Z] [INFO   ]  [32m[1m✓[22m[39m Compiled in 523ms (1705 modules)
[2025-10-16T21:40:09.678Z] [INFO   ]  [32m[1m✓[22m[39m Compiled /api/presence/count in 1444ms (5842 modules)
[2025-10-16T21:40:21.163Z] [INFO   ]  [32m[1m✓[22m[39m Compiled in 8.6s (5873 modules)
[2025-10-16T21:40:25.124Z] [INFO   ]  [32m[1m✓[22m[39m Compiled in 1430ms (5859 modules)
[2025-10-16T21:40:28.043Z] [INFO   ]  [32m[1m✓[22m[39m Compiled in 367ms (1705 modules)
[2025-10-16T21:40:32.906Z] [INFO   ]  [32m[1m✓[22m[39m Compiled in 1161ms (5859 modules)
[2025-10-16T21:40:35.505Z] [INFO   ]  [32m[1m✓[22m[39m Compiled in 451ms (1705 modules)
[2025-10-16T21:40:49.299Z] [INFO   ]  [32m[1m✓[22m[39m Compiled in 1007ms (5859 modules)
[2025-10-16T21:40:51.901Z] [INFO   ]  [32m[1m✓[22m[39m Compiled in 420ms (1705 modules)
[2025-10-16T21:40:58.653Z] [INFO   ]  [32m[1m✓[22m[39m Compiled in 2.8s (5859 modules)
[2025-10-16T21:41:01.399Z] [INFO   ]  [32m[1m✓[22m[39m Compiled in 438ms (1705 modules)
[2025-10-16T21:41:05.772Z] [INFO   ]  [32m[1m✓[22m[39m Compiled in 405ms (1705 modules)
[2025-10-16T21:41:09.226Z] [INFO   ]  [32m[1m✓[22m[39m Compiled in 361ms (1705 modules)
[2025-10-16T21:41:14.743Z] [INFO   ]  [32m[1m✓[22m[39m Compiled in 1154ms (5859 modules)
[2025-10-16T21:41:17.191Z] [INFO   ]  [32m[1m✓[22m[39m Compiled in 356ms (1705 modules)
[2025-10-16T21:41:22.492Z] [INFO   ]  [32m[1m✓[22m[39m Compiled in 1189ms (5859 modules)
[2025-10-16T21:41:25.203Z] [INFO   ]  [32m[1m✓[22m[39m Compiled in 352ms (1705 modules)
[2025-10-16T21:41:29.778Z] [INFO   ]  [32m[1m✓[22m[39m Compiled in 1103ms (5842 modules)
[2025-10-16T21:41:32.535Z] [INFO   ]  [32m[1m✓[22m[39m Compiled in 514ms (1705 modules)
[2025-10-16T21:41:37.917Z] [INFO   ]  [32m[1m✓[22m[39m Compiled in 1358ms (5842 modules)
[2025-10-16T21:41:48.462Z] [INFO   ]  [32m[1m✓[22m[39m Compiled in 496ms (1705 modules)
[2025-10-16T21:41:53.598Z] [INFO   ]  [32m[1m✓[22m[39m Compiled in 556ms (1705 modules)
[2025-10-16T21:41:57.447Z] [INFO   ]  [32m[1m✓[22m[39m Compiled in 363ms (1705 modules)
[2025-10-16T21:42:02.955Z] [INFO   ]  [32m[1m✓[22m[39m Compiled in 1537ms (5842 modules)
[2025-10-16T21:42:05.532Z] [INFO   ]  [32m[1m✓[22m[39m Compiled in 609ms (1705 modules)
[2025-10-16T21:42:11.615Z] [INFO   ]  [32m[1m✓[22m[39m Compiled in 1548ms (5842 modules)
[2025-10-16T21:42:14.936Z] [INFO   ]  [32m[1m✓[22m[39m Compiled in 433ms (1705 modules)
[2025-10-16T21:42:21.118Z] [INFO   ]  [32m[1m✓[22m[39m Compiled in 1274ms (5842 modules)
[2025-10-16T21:42:25.547Z] [INFO   ]  [32m[1m✓[22m[39m Compiled in 363ms (1705 modules)
[2025-10-16T21:42:29.904Z] [INFO   ]  [32m[1m✓[22m[39m Compiled in 1137ms (5842 modules)
[2025-10-16T21:42:34.844Z] [INFO   ]  [32m[1m✓[22m[39m Compiled in 820ms (1705 modules)
[2025-10-16T21:42:40.201Z] [INFO   ]  [32m[1m✓[22m[39m Compiled in 1722ms (5842 modules)
[2025-10-16T21:42:42.585Z] [INFO   ]  [32m[1m✓[22m[39m Compiled in 468ms (1705 modules)
[2025-10-16T21:42:47.516Z] [INFO   ]  [32m[1m✓[22m[39m Compiled in 1669ms (5842 modules)
[2025-10-16T21:42:50.509Z] [INFO   ]  [32m[1m✓[22m[39m Compiled in 552ms (1705 modules)
[2025-10-16T21:42:52.000Z] [INFO   ]  [32m[1m✓[22m[39m Compiled /api/presence/count in 393ms (3935 modules)
[2025-10-16T21:42:56.125Z] [INFO   ]  [32m[1m✓[22m[39m Compiled in 1870ms (5859 modules)
[2025-10-16T21:42:59.371Z] [INFO   ]  [32m[1m✓[22m[39m Compiled in 451ms (1705 modules)
[2025-10-16T21:43:04.222Z] [INFO   ]  [37m[1m○[22m[39m Compiling /api/ai/usage ...
[2025-10-16T21:43:08.540Z] [INFO   ]  [32m[1m✓[22m[39m Compiled /api/ai/usage in 5s (5861 modules)
[2025-10-16T21:43:09.433Z] [INFO   ]  [32m[1m✓[22m[39m Compiled in 792ms (1705 modules)
[2025-10-16T21:43:13.962Z] [INFO   ]  [32m[1m✓[22m[39m Compiled in 1375ms (5861 modules)
[2025-10-16T21:43:17.363Z] [INFO   ]  [32m[1m✓[22m[39m Compiled in 423ms (1705 modules)
[2025-10-16T21:43:22.862Z] [INFO   ]  [32m[1m✓[22m[39m Compiled in 1422ms (5861 modules)
[2025-10-16T21:43:26.837Z] [INFO   ]  [32m[1m✓[22m[39m Compiled in 692ms (1705 modules)
[2025-10-16T21:43:31.494Z] [INFO   ]  [32m[1m✓[22m[39m Compiled in 1575ms (5861 modules)
[2025-10-16T21:43:37.700Z] [INFO   ]  [32m[1m✓[22m[39m Compiled in 514ms (1705 modules)
[2025-10-16T21:43:45.375Z] [INFO   ]  [32m[1m✓[22m[39m Compiled in 3.3s (5861 modules)
[2025-10-16T21:43:48.096Z] [INFO   ]  [32m[1m✓[22m[39m Compiled in 752ms (1705 modules)
[2025-10-16T21:43:55.049Z] [INFO   ]  [32m[1m✓[22m[39m Compiled in 2.4s (5861 modules)
[2025-10-16T21:43:59.286Z] [INFO   ]  [32m[1m✓[22m[39m Compiled in 943ms (1705 modules)
[2025-10-16T21:44:12.250Z] [INFO   ]  [32m[1m✓[22m[39m Compiled in 9.5s (5873 modules)
[2025-10-16T21:44:19.118Z] [INFO   ]  [37m[1m○[22m[39m Compiling /templates ...
[2025-10-16T21:44:19.181Z] [INFO   ]  [32m[1m✓[22m[39m Compiled /templates in 3.3s (5842 modules)
[2025-10-16T21:44:31.807Z] [INFO   ]  [32m[1m✓[22m[39m Compiled (5852 modules)
[2025-10-16T21:44:39.089Z] [INFO   ]  [37m[1m○[22m[39m Compiling /api/templates/predefined ...
[2025-10-16T21:44:44.846Z] [INFO   ]  [32m[1m✓[22m[39m Compiled /api/templates/predefined in 6.3s (3945 modules)
[2025-10-16T21:48:11.230Z] [INFO   ]  [37m[1m○[22m[39m Compiling /api/presence/count ...
[2025-10-16T21:48:13.345Z] [INFO   ]  [32m[1m✓[22m[39m Compiled /api/ai/usage in 3.4s (3929 modules)
[2025-10-16T21:48:13.980Z] [INFO   ]  [32m[1m✓[22m[39m Compiled (3931 modules)
[2025-10-16T22:01:00.624Z] [INFO   ]  [32m[1m✓[22m[39m Compiled in 13.5s (5619 modules)
[2025-10-16T22:03:12.080Z] [INFO   ]  [37m[1m○[22m[39m Compiling /api/presence/count ...
[2025-10-16T22:03:12.749Z] [INFO   ]  [32m[1m✓[22m[39m Compiled /api/presence/count in 5s (5869 modules)
[2025-10-16T22:03:18.369Z] [INFO   ]  [37m[1m○[22m[39m Compiling /api/ai/usage ...
[2025-10-16T22:03:18.931Z] [INFO   ]  [32m[1m✓[22m[39m Compiled /api/ai/usage in 1306ms (3931 modules)
[2025-10-16T22:03:40.067Z] [INFO   ]  [32m[1m✓[22m[39m Compiled in 512ms (1707 modules)
[2025-10-16T22:04:11.912Z] [INFO   ]  [32m[1m✓[22m[39m Compiled in 404ms (1707 modules)
[2025-10-16T22:38:13.765Z] [INFO   ]  [37m[1m○[22m[39m Compiling /api/templates/predefined ...
[2025-10-16T22:38:15.532Z] [INFO   ]  [32m[1m✓[22m[39m Compiled /temp in 3.7s (3931 modules)
[2025-10-16T22:38:21.910Z] [INFO   ]  [32m[1m✓[22m[39m Compiled in 5.3s (1743 modules)
[2025-10-16T22:38:25.955Z] [INFO   ]  [32m[1m✓[22m[39m Compiled /api/ai/usage in 336ms (3953 modules)
[2025-10-16T22:40:43.906Z] [INFO   ]  [37m[1m○[22m[39m Compiling /dashboard/temp ...
[2025-10-16T22:40:46.880Z] [INFO   ]  [32m[1m✓[22m[39m Compiled /dashboard/temp in 4.3s (5663 modules)
[2025-10-16T22:41:10.003Z] [INFO   ]  [37m[1m○[22m[39m Compiling /new ...
[2025-10-16T22:41:12.326Z] [INFO   ]  [32m[1m✓[22m[39m Compiled /new in 3.1s (5607 modules)
[2025-10-16T22:43:11.140Z] [INFO   ]  [37m[1m○[22m[39m Compiling /api/presence/count ...
[2025-10-16T22:43:11.199Z] [INFO   ]  [32m[1m✓[22m[39m Compiled /api/presence/count in 1528ms (3864 modules)
[2025-10-16T22:43:26.993Z] [INFO   ]  [32m[1m✓[22m[39m Compiled /api/ai/usage in 353ms (3866 modules)
[2025-10-16T22:48:53.008Z] [INFO   ]  [37m[1m○[22m[39m Compiling /workflows/templates/temp ...
[2025-10-16T22:48:55.397Z] [INFO   ]  [32m[1m✓[22m[39m Compiled /workflows/templates/temp in 4.2s (5609 modules)
[2025-10-16T22:48:56.879Z] [INFO   ]  [37m[1m○[22m[39m Compiling /api/auth/profile ...
[2025-10-16T22:49:01.428Z] [INFO   ]  [32m[1m✓[22m[39m Compiled /api/auth/profile in 5.2s (3876 modules)
[2025-10-16T22:49:05.344Z] [INFO   ]  [32m[1m✓[22m[39m Compiled /api/integrations in 357ms (3878 modules)
[2025-10-16T22:50:18.785Z] [INFO   ]  [37m[1m○[22m[39m Compiling /workflows/temp ...
[2025-10-16T22:50:22.916Z] [INFO   ]  [32m[1m✓[22m[39m Compiled /workflows/temp in 5.6s (5595 modules)
[2025-10-16T22:50:24.274Z] [INFO   ]  [32m[1m✓[22m[39m Compiled /api/auth/profile in 419ms (3872 modules)
[2025-10-16T22:50:26.090Z] [INFO   ]  [32m[1m✓[22m[39m Compiled /api/presence/count in 385ms (3874 modules)
[2025-10-16T22:50:29.018Z] [INFO   ]  [32m[1m✓[22m[39m Compiled /api/integrations in 342ms (3876 modules)
[2025-10-16T22:50:59.022Z] [INFO   ]  [37m[1m○[22m[39m Compiling /integrations/temp ...
[2025-10-16T22:51:01.221Z] [INFO   ]  [32m[1m✓[22m[39m Compiled /integrations/temp in 3.2s (5623 modules)
[2025-10-16T22:54:15.698Z] [INFO   ]  [32m[1m✓[22m[39m Compiled in 9.6s (5603 modules)
[2025-10-16T22:54:23.030Z] [INFO   ]  [32m[1m✓[22m[39m Compiled in 513ms (1761 modules)
[2025-10-16T22:54:41.609Z] [INFO   ]  [32m[1m✓[22m[39m Compiled in 634ms (1761 modules)
[2025-10-16T22:55:05.688Z] [INFO   ]  [32m[1m✓[22m[39m Compiled in 6.9s (5604 modules)
[2025-10-16T22:55:22.859Z] [INFO   ]  [32m[1m✓[22m[39m Compiled in 424ms (1761 modules)
[2025-10-16T22:55:35.150Z] [INFO   ]  [32m[1m✓[22m[39m Compiled in 362ms (1761 modules)
[2025-10-16T22:55:42.492Z] [INFO   ]  [32m[1m✓[22m[39m Compiled in 1774ms (5608 modules)
[2025-10-16T22:56:03.154Z] [INFO   ]  [37m[1m○[22m[39m Compiling /api/presence/count ...
[2025-10-16T22:56:12.481Z] [INFO   ]  [32m[1m✓[22m[39m Compiled /api/presence/count in 10.1s (3862 modules)
[2025-10-16T22:58:05.978Z] [INFO   ]  [32m[1m✓[22m[39m Compiled in 2.4s (1763 modules)
[2025-10-16T22:58:36.870Z] [INFO   ]  [32m[1m✓[22m[39m Compiled in 25.5s (5614 modules)
[2025-10-16T22:58:37.463Z] [WARN   ]  [33m[1m⚠[22m[39m Fast Refresh had to perform a full reload. Read more: https://nextjs.org/docs/messages/fast-refresh-reload
[2025-10-16T22:58:50.771Z] [INFO   ]  [37m[1m○[22m[39m Compiling /api/auth/profile ...
[2025-10-16T22:59:03.589Z] [INFO   ]  [32m[1m✓[22m[39m Compiled /api/auth/profile in 13.3s (5633 modules)
[2025-10-16T22:59:04.395Z] [INFO   ]  [32m[1m✓[22m[39m Compiled in 579ms (1765 modules)
[2025-10-16T22:59:04.830Z] [INFO   ]  [32m[1m✓[22m[39m Compiled /api/presence/count in 416ms (3870 modules)
[2025-10-16T22:59:07.672Z] [INFO   ]  [32m[1m✓[22m[39m Compiled /api/integrations in 312ms (3872 modules)
[2025-10-16T22:59:31.536Z] [INFO   ]  [32m[1m✓[22m[39m Compiled in 521ms (1765 modules)
[2025-10-16T22:59:51.166Z] [INFO   ]  [32m[1m✓[22m[39m Compiled in 473ms (1765 modules)
[2025-10-16T23:00:18.992Z] [INFO   ]  [32m[1m✓[22m[39m Compiled in 697ms (1765 modules)
[2025-10-16T23:00:42.651Z] [INFO   ]  [32m[1m✓[22m[39m Compiled in 9.4s (5614 modules)
[2025-10-16T23:00:46.240Z] [WARN   ]  [33m[1m⚠[22m[39m ./lib/workflows/actions/hitl/index.ts
export 'HITLConfig' (reexported as 'HITLConfig') was not found in './types' (module has no exports)

Import trace for requested module:
./lib/workflows/actions/hitl/index.ts
./lib/workflows/actions/registry.ts
./lib/workflows/executeNode.ts
./lib/execution/advancedExecutionEngine.ts
./lib/integrations/discordGateway.ts
[2025-10-16T23:01:35.904Z] [WARN   ]  [33m[1m⚠[22m[39m ./lib/workflows/actions/hitl/index.ts
export 'HITLConfig' (reexported as 'HITLConfig') was not found in './types' (module has no exports)

Import trace for requested module:
./lib/workflows/actions/hitl/index.ts
./lib/workflows/actions/registry.ts
./lib/workflows/executeNode.ts
./lib/execution/advancedExecutionEngine.ts
./lib/integrations/discordGateway.ts
[2025-10-16T23:04:04.443Z] [WARN   ]  [33m[1m⚠[22m[39m ./lib/workflows/actions/hitl/index.ts
export 'HITLConfig' (reexported as 'HITLConfig') was not found in './types' (module has no exports)

Import trace for requested module:
./lib/workflows/actions/hitl/index.ts
./lib/workflows/actions/registry.ts
./lib/workflows/executeNode.ts
./lib/execution/advancedExecutionEngine.ts
./lib/integrations/discordGateway.ts
[2025-10-16T23:04:06.734Z] [INFO   ]  [37m[1m○[22m[39m Compiling /api/presence/count ...
[2025-10-16T23:04:11.816Z] [WARN   ]  [33m[1m⚠[22m[39m ./lib/workflows/actions/hitl/index.ts
export 'HITLConfig' (reexported as 'HITLConfig') was not found in './types' (module has no exports)

Import trace for requested module:
./lib/workflows/actions/hitl/index.ts
./lib/workflows/actions/registry.ts
./lib/workflows/executeNode.ts
./lib/execution/advancedExecutionEngine.ts
./lib/integrations/discordGateway.ts
[2025-10-16T23:07:59.512Z] [WARN   ]  [33m[1m⚠[22m[39m ./lib/workflows/actions/hitl/index.ts
export 'HITLConfig' (reexported as 'HITLConfig') was not found in './types' (module has no exports)

Import trace for requested module:
./lib/workflows/actions/hitl/index.ts
./lib/workflows/actions/registry.ts
./lib/workflows/executeNode.ts
./lib/execution/advancedExecutionEngine.ts
./lib/integrations/discordGateway.ts
[2025-10-16T23:08:15.238Z] [WARN   ]  [33m[1m⚠[22m[39m ./lib/workflows/actions/hitl/index.ts
export 'HITLConfig' (reexported as 'HITLConfig') was not found in './types' (module has no exports)

Import trace for requested module:
./lib/workflows/actions/hitl/index.ts
./lib/workflows/actions/registry.ts
./lib/workflows/executeNode.ts
./lib/execution/advancedExecutionEngine.ts
./lib/integrations/discordGateway.ts
[2025-10-16T23:08:15.832Z] [WARN   ]  [33m[1m⚠[22m[39m ./lib/workflows/actions/hitl/index.ts
export 'HITLConfig' (reexported as 'HITLConfig') was not found in './types' (module has no exports)

Import trace for requested module:
./lib/workflows/actions/hitl/index.ts
./lib/workflows/actions/registry.ts
./lib/workflows/executeNode.ts
./lib/execution/advancedExecutionEngine.ts
./lib/integrations/discordGateway.ts
[2025-10-16T23:08:16.257Z] [WARN   ]  [33m[1m⚠[22m[39m ./lib/workflows/actions/hitl/index.ts
export 'HITLConfig' (reexported as 'HITLConfig') was not found in './types' (module has no exports)

Import trace for requested module:
./lib/workflows/actions/hitl/index.ts
./lib/workflows/actions/registry.ts
./lib/workflows/executeNode.ts
./lib/execution/advancedExecutionEngine.ts
./lib/integrations/discordGateway.ts
[2025-10-16T23:08:18.857Z] [WARN   ]  [33m[1m⚠[22m[39m ./lib/workflows/actions/hitl/index.ts
export 'HITLConfig' (reexported as 'HITLConfig') was not found in './types' (module has no exports)

Import trace for requested module:
./lib/workflows/actions/hitl/index.ts
./lib/workflows/actions/registry.ts
./lib/workflows/executeNode.ts
./lib/execution/advancedExecutionEngine.ts
./lib/integrations/discordGateway.ts
[2025-10-16T23:08:19.249Z] [WARN   ]  [33m[1m⚠[22m[39m ./lib/workflows/actions/hitl/index.ts
export 'HITLConfig' (reexported as 'HITLConfig') was not found in './types' (module has no exports)

Import trace for requested module:
./lib/workflows/actions/hitl/index.ts
./lib/workflows/actions/registry.ts
./lib/workflows/executeNode.ts
./lib/execution/advancedExecutionEngine.ts
./lib/integrations/discordGateway.ts
[2025-10-16T23:09:39.998Z] [WARN   ]  [33m[1m⚠[22m[39m ./lib/workflows/actions/hitl/index.ts
export 'HITLConfig' (reexported as 'HITLConfig') was not found in './types' (module has no exports)

Import trace for requested module:
./lib/workflows/actions/hitl/index.ts
./lib/workflows/actions/registry.ts
./lib/workflows/executeNode.ts
./lib/execution/advancedExecutionEngine.ts
./lib/integrations/discordGateway.ts
[2025-10-16T23:09:42.611Z] [WARN   ]  [33m[1m⚠[22m[39m ./lib/workflows/actions/hitl/index.ts
export 'HITLConfig' (reexported as 'HITLConfig') was not found in './types' (module has no exports)

Import trace for requested module:
./lib/workflows/actions/hitl/index.ts
./lib/workflows/actions/registry.ts
./lib/workflows/executeNode.ts
./lib/execution/advancedExecutionEngine.ts
./lib/integrations/discordGateway.ts
[2025-10-16T23:10:07.192Z] [WARN   ]  [33m[1m⚠[22m[39m ./lib/workflows/actions/hitl/index.ts
export 'HITLConfig' (reexported as 'HITLConfig') was not found in './types' (module has no exports)

Import trace for requested module:
./lib/workflows/actions/hitl/index.ts
./lib/workflows/actions/registry.ts
./lib/workflows/executeNode.ts
./lib/execution/advancedExecutionEngine.ts
./lib/integrations/discordGateway.ts
[2025-10-16T23:10:18.019Z] [WARN   ]  [33m[1m⚠[22m[39m ./lib/workflows/actions/hitl/index.ts
export 'HITLConfig' (reexported as 'HITLConfig') was not found in './types' (module has no exports)

Import trace for requested module:
./lib/workflows/actions/hitl/index.ts
./lib/workflows/actions/registry.ts
./lib/workflows/executeNode.ts
./lib/execution/advancedExecutionEngine.ts
./lib/integrations/discordGateway.ts
[2025-10-16T23:10:39.805Z] [WARN   ]  [33m[1m⚠[22m[39m ./lib/workflows/actions/hitl/index.ts
export 'HITLConfig' (reexported as 'HITLConfig') was not found in './types' (module has no exports)

Import trace for requested module:
./lib/workflows/actions/hitl/index.ts
./lib/workflows/actions/registry.ts
./lib/workflows/executeNode.ts
./lib/execution/advancedExecutionEngine.ts
./lib/integrations/discordGateway.ts
[2025-10-16T23:10:47.814Z] [WARN   ]  [33m[1m⚠[22m[39m ./lib/workflows/actions/hitl/index.ts
export 'HITLConfig' (reexported as 'HITLConfig') was not found in './types' (module has no exports)

Import trace for requested module:
./lib/workflows/actions/hitl/index.ts
./lib/workflows/actions/registry.ts
./lib/workflows/executeNode.ts
./lib/execution/advancedExecutionEngine.ts
./lib/integrations/discordGateway.ts
[2025-10-16T23:10:53.887Z] [WARN   ]  [33m[1m⚠[22m[39m ./lib/workflows/actions/hitl/index.ts
export 'HITLConfig' (reexported as 'HITLConfig') was not found in './types' (module has no exports)

Import trace for requested module:
./lib/workflows/actions/hitl/index.ts
./lib/workflows/actions/registry.ts
./lib/workflows/executeNode.ts
./lib/execution/advancedExecutionEngine.ts
./lib/integrations/discordGateway.ts
[2025-10-16T23:10:59.161Z] [WARN   ]  [33m[1m⚠[22m[39m Server is approaching the used memory threshold, restarting...
