=== Log Session Started: 2025-10-22T00:55:52.371Z ===
Node Version: v23.7.0
Platform: darwin
Working Directory: /Users/nathanielstoddard/chainreact-app/chainreact-app-9e
================================================================================

[2025-10-22T00:55:52.372Z] [INFO   ] File logging initialized
[2025-10-22T00:55:52.372Z] [INFO   ] Log file: /Users/nathanielstoddard/chainreact-app/chainreact-app-9e/logs/workflow_2025-10-21_19-55-52.log
[2025-10-22T00:55:52.376Z] [INFO   ] 📁 File logging enabled
[2025-10-22T00:55:52.376Z] [INFO   ] 📝 Logs will be written to: /Users/nathanielstoddard/chainreact-app/chainreact-app-9e/logs/workflow_2025-10-21_19-55-52.log
[2025-10-22T00:55:52.376Z] [INFO   ] 💡 To view logs in real-time: tail -f /Users/nathanielstoddard/chainreact-app/chainreact-app-9e/logs/workflow_2025-10-21_19-55-52.log
[2025-10-22T00:55:52.376Z] [INFO   ] 💡 To view all logs: cat /Users/nathanielstoddard/chainreact-app/chainreact-app-9e/logs/workflow_2025-10-21_19-55-52.log
[2025-10-22T00:55:52.376Z] [INFO   ] 💡 To share logs: Copy the file at /Users/nathanielstoddard/chainreact-app/chainreact-app-9e/logs/workflow_2025-10-21_19-55-52.log
[2025-10-22T00:55:52.376Z] [INFO   ] --------------------------------------------------------------------------------
[2025-10-22T00:55:52.376Z] [DEBUG  ] 📁 File logging system initialized
[2025-10-22T00:55:52.394Z] [INFO   ]  [32m[1m✓[22m[39m Ready in 4.1s
[2025-10-22T00:55:53.420Z] [INFO   ] 2025-10-22T00:55:53.420Z [DEBUG] 🤖 Discord bot configured, initializing gateway connection in background...
[2025-10-22T00:55:55.293Z] [INFO   ] 2025-10-22T00:55:55.293Z [DEBUG] Initializing Discord Gateway connection (singleton)...
[2025-10-22T00:55:55.293Z] [INFO   ] 2025-10-22T00:55:55.293Z [DEBUG] 🔑 Discord bot token loaded
[2025-10-22T00:55:55.886Z] [INFO   ] 2025-10-22T00:55:55.886Z [DEBUG] Discord Gateway initialization complete
[2025-10-22T00:55:55.887Z] [INFO   ] 2025-10-22T00:55:55.887Z [DEBUG] ✅ Discord bot gateway connection initialized
[2025-10-22T00:55:56.028Z] [INFO   ] 2025-10-22T00:55:56.027Z [DEBUG] Discord Gateway WebSocket connection established
[2025-10-22T00:55:56.028Z] [INFO   ] 2025-10-22T00:55:56.028Z [DEBUG] 🔑 Sending identify with intents: {"GUILDS":true,"GUILD_MEMBERS":true,"GUILD_INVITES":true,"GUILD_MESSAGES":true,"MESSAGE_CONTENT":true,"intentsValue":33347}
[2025-10-22T00:55:56.218Z] [INFO   ] 2025-10-22T00:55:56.218Z [DEBUG] 🎉 Discord bot ready! {"sessionId":"583ed9b57066596efbbf545a2fd900f8","username":"ChainReact-Bot","userId":"1378595955212812308","guildCount":2}
[2025-10-22T00:55:56.219Z] [INFO   ] 2025-10-22T00:55:56.219Z [DEBUG] 📋 Initializing invite cache...
[2025-10-22T00:55:56.224Z] [INFO   ] 2025-10-22T00:55:56.224Z [DEBUG] 📡 Discord event received: GUILD_CREATE
[2025-10-22T00:55:56.250Z] [INFO   ] 2025-10-22T00:55:56.249Z [DEBUG] 📡 Discord event received: GUILD_CREATE
[2025-10-22T00:55:56.367Z] [INFO   ] 2025-10-22T00:55:56.367Z [DEBUG] ✅ Cached 3 invites for guild 1378950884045623406
[2025-10-22T00:56:08.521Z] [INFO   ]  [32m[1m✓[22m[39m Compiled /middleware in 259ms (233 modules)
[2025-10-22T00:56:09.106Z] [INFO   ] 2025-10-22T00:56:09.105Z [DEBUG] [Middleware] Username check: {"path":"/workflows","userId":"a3e3a51a-175c-4b59-ad03-227ba12a18b0","provider":"email","role":"admin","username":"nstoddard17","hasUsername":true,"isBetaTester":false,"isNewBetaUser":false,"accountAge":12527881706}
[2025-10-22T00:56:09.631Z] [INFO   ]  [37m[1m○[22m[39m Compiling /workflows ...
[2025-10-22T00:56:13.730Z] [INFO   ]  [32m[1m✓[22m[39m Compiled /workflows in 4.6s (3997 modules)
[2025-10-22T00:56:14.164Z] [INFO   ] 2025-10-22T00:56:14.164Z [DEBUG] 💧 [AUTH] Rehydrating auth state from storage {"hasState":true,"hasUser":false,"initialized":false,"timestamp":"2025-10-22T00:56:14.164Z"}
[2025-10-22T00:56:14.168Z] [INFO   ] 2025-10-22T00:56:14.168Z [DEBUG] 💧 [AUTH] State hydrated and reset {"hasUser":false,"initialized":false,"timestamp":"2025-10-22T00:56:14.168Z"}
[2025-10-22T00:56:14.168Z] [INFO   ] 2025-10-22T00:56:14.168Z [DEBUG] ⏭️ [AUTH] Skipping initialization {"hasState":true,"alreadyInitialized":false,"isClient":false,"timestamp":"2025-10-22T00:56:14.168Z"}
[2025-10-22T00:56:14.566Z] [INFO   ]  [32m[1m✓[22m[39m Compiled in 813ms (720 modules)
[2025-10-22T00:56:14.797Z] [INFO   ] 2025-10-22T00:56:14.797Z [DEBUG] [Username Check] {"userId":"a3e3a51a-175c-4b59-ad03-227ba12a18b0","hasEmail":true,"provider":"email","hasUsername":true,"isGoogleUser":false}
[2025-10-22T00:56:15.525Z] [INFO   ]  [37m[1m○[22m[39m Compiling /api/presence/count ...
[2025-10-22T00:56:15.848Z] [INFO   ]  [32m[1m✓[22m[39m Compiled /api/presence/count in 823ms (4004 modules)
[2025-10-22T00:56:16.714Z] [INFO   ]  [37m[1m○[22m[39m Compiling /api/user/avatar ...
[2025-10-22T00:56:16.811Z] [INFO   ]  [32m[1m✓[22m[39m Compiled /api/user/avatar in 642ms (4010 modules)
[2025-10-22T00:56:16.903Z] [INFO   ] 2025-10-22T00:56:16.902Z [DEBUG] 📍 [API /api/integrations] GET request received {"timestamp":"2025-10-22T00:56:16.902Z","headers":{"referer":"check-console"}}
[2025-10-22T00:56:17.053Z] [INFO   ] 2025-10-22T00:56:17.053Z [DEBUG] ✅ [API /api/integrations] User authenticated {"userId":"a3e3a51a-175c-4b59-ad03-227ba12a18b0"}
[2025-10-22T00:56:17.410Z] [INFO   ] 2025-10-22T00:56:17.410Z [DEBUG] 📊 [API /api/integrations] Query result {"count":14,"error":null,"firstFew":[{"provider":"notion","status":"connected"},{"provider":"mailchimp","status":"connected"}]}
[2025-10-22T00:56:18.407Z] [INFO   ]  [37m[1m○[22m[39m Compiling /api/teams ...
[2025-10-22T00:56:19.433Z] [INFO   ]  [32m[1m✓[22m[39m Compiled /api/teams in 1621ms (4014 modules)
[2025-10-22T00:56:23.585Z] [INFO   ] 2025-10-22T00:56:23.584Z [DEBUG] [Middleware] Username check: {"path":"/workflows/new","userId":"a3e3a51a-175c-4b59-ad03-227ba12a18b0","provider":"email","role":"admin","username":"nstoddard17","hasUsername":true,"isBetaTester":false,"isNewBetaUser":false,"accountAge":12527896185}
[2025-10-22T00:56:24.265Z] [INFO   ]  [37m[1m○[22m[39m Compiling /workflows/new ...
[2025-10-22T00:56:24.269Z] [INFO   ]  [32m[1m✓[22m[39m Compiled /workflows/new in 612ms (4036 modules)
[2025-10-22T00:56:24.585Z] [INFO   ] 2025-10-22T00:56:24.585Z [DEBUG] [Username Check] {"userId":"a3e3a51a-175c-4b59-ad03-227ba12a18b0","hasEmail":true,"provider":"email","hasUsername":true,"isGoogleUser":false}
[2025-10-22T00:56:34.234Z] [INFO   ] 2025-10-22T00:56:34.234Z [DEBUG] [Middleware] Username check: {"path":"/workflows/ai-agent","userId":"a3e3a51a-175c-4b59-ad03-227ba12a18b0","provider":"email","role":"admin","username":"nstoddard17","hasUsername":true,"isBetaTester":false,"isNewBetaUser":false,"accountAge":12527906835}
[2025-10-22T00:56:34.771Z] [INFO   ]  [37m[1m○[22m[39m Compiling /workflows/ai-agent ...
[2025-10-22T00:56:34.940Z] [INFO   ]  [32m[1m✓[22m[39m Compiled /workflows/ai-agent in 669ms (4056 modules)
[2025-10-22T00:56:35.350Z] [INFO   ] 2025-10-22T00:56:35.349Z [DEBUG] [Username Check] {"userId":"a3e3a51a-175c-4b59-ad03-227ba12a18b0","hasEmail":true,"provider":"email","hasUsername":true,"isGoogleUser":false}
[2025-10-22T00:57:00.265Z] [INFO   ]  [32m[1m✓[22m[39m Compiled in 771ms (4070 modules)
[2025-10-22T00:57:00.633Z] [INFO   ] 2025-10-22T00:57:00.633Z [DEBUG] [Middleware] Username check: {"path":"/workflows","userId":"a3e3a51a-175c-4b59-ad03-227ba12a18b0","provider":"email","role":"admin","username":"nstoddard17","hasUsername":true,"isBetaTester":false,"isNewBetaUser":false,"accountAge":12527933234}
[2025-10-22T00:57:00.756Z] [INFO   ] 2025-10-22T00:57:00.755Z [DEBUG] [Username Check] {"userId":"a3e3a51a-175c-4b59-ad03-227ba12a18b0","hasEmail":true,"provider":"email","hasUsername":true,"isGoogleUser":false}
[2025-10-22T00:57:16.690Z] [INFO   ] 2025-10-22T00:57:16.689Z [DEBUG] [Middleware] Username check: {"path":"/workflows","userId":"a3e3a51a-175c-4b59-ad03-227ba12a18b0","provider":"email","role":"admin","username":"nstoddard17","hasUsername":true,"isBetaTester":false,"isNewBetaUser":false,"accountAge":12527949290}
[2025-10-22T00:57:16.942Z] [INFO   ] 2025-10-22T00:57:16.942Z [DEBUG] 💧 [AUTH] Rehydrating auth state from storage {"hasState":true,"hasUser":false,"initialized":false,"timestamp":"2025-10-22T00:57:16.942Z"}
[2025-10-22T00:57:16.946Z] [INFO   ] 2025-10-22T00:57:16.946Z [DEBUG] 💧 [AUTH] State hydrated and reset {"hasUser":false,"initialized":false,"timestamp":"2025-10-22T00:57:16.946Z"}
[2025-10-22T00:57:16.946Z] [INFO   ] 2025-10-22T00:57:16.946Z [DEBUG] ⏭️ [AUTH] Skipping initialization {"hasState":true,"alreadyInitialized":false,"isClient":false,"timestamp":"2025-10-22T00:57:16.946Z"}
[2025-10-22T00:57:17.181Z] [INFO   ] 2025-10-22T00:57:17.181Z [DEBUG] [Username Check] {"userId":"a3e3a51a-175c-4b59-ad03-227ba12a18b0","hasEmail":true,"provider":"email","hasUsername":true,"isGoogleUser":false}
[2025-10-22T00:57:17.908Z] [INFO   ] 2025-10-22T00:57:17.907Z [DEBUG] 📍 [API /api/integrations] GET request received {"timestamp":"2025-10-22T00:57:17.907Z","headers":{"referer":"check-console"}}
[2025-10-22T00:57:18.018Z] [INFO   ] 2025-10-22T00:57:18.017Z [DEBUG] ✅ [API /api/integrations] User authenticated {"userId":"a3e3a51a-175c-4b59-ad03-227ba12a18b0"}
[2025-10-22T00:57:18.113Z] [INFO   ] 2025-10-22T00:57:18.113Z [DEBUG] 📊 [API /api/integrations] Query result {"count":14,"error":null,"firstFew":[{"provider":"notion","status":"connected"},{"provider":"mailchimp","status":"connected"}]}
[2025-10-22T00:57:19.985Z] [INFO   ] 2025-10-22T00:57:19.984Z [DEBUG] [Middleware] Username check: {"path":"/workflows/ai-agent","userId":"a3e3a51a-175c-4b59-ad03-227ba12a18b0","provider":"email","role":"admin","username":"nstoddard17","hasUsername":true,"isBetaTester":false,"isNewBetaUser":false,"accountAge":12527952585}
[2025-10-22T00:57:20.261Z] [INFO   ] 2025-10-22T00:57:20.261Z [DEBUG] [Username Check] {"userId":"a3e3a51a-175c-4b59-ad03-227ba12a18b0","hasEmail":true,"provider":"email","hasUsername":true,"isGoogleUser":false}
[2025-10-22T00:57:23.232Z] [INFO   ] 2025-10-22T00:57:23.232Z [DEBUG] [Middleware] Username check: {"path":"/workflows/ai-agent","userId":"a3e3a51a-175c-4b59-ad03-227ba12a18b0","provider":"email","role":"admin","username":"nstoddard17","hasUsername":true,"isBetaTester":false,"isNewBetaUser":false,"accountAge":12527955833}
[2025-10-22T00:57:23.482Z] [INFO   ] 2025-10-22T00:57:23.482Z [DEBUG] [Username Check] {"userId":"a3e3a51a-175c-4b59-ad03-227ba12a18b0","hasEmail":true,"provider":"email","hasUsername":true,"isGoogleUser":false}
[2025-10-22T00:57:25.947Z] [INFO   ] 2025-10-22T00:57:25.947Z [DEBUG] [Middleware] Username check: {"path":"/workflows/ai-agent","userId":"a3e3a51a-175c-4b59-ad03-227ba12a18b0","provider":"email","role":"admin","username":"nstoddard17","hasUsername":true,"isBetaTester":false,"isNewBetaUser":false,"accountAge":12527958548}
[2025-10-22T00:57:26.211Z] [INFO   ] 2025-10-22T00:57:26.210Z [DEBUG] [Username Check] {"userId":"a3e3a51a-175c-4b59-ad03-227ba12a18b0","hasEmail":true,"provider":"email","hasUsername":true,"isGoogleUser":false}
[2025-10-22T00:57:29.321Z] [INFO   ] 2025-10-22T00:57:29.321Z [DEBUG] [Middleware] Username check: {"path":"/workflows/ai-agent","userId":"a3e3a51a-175c-4b59-ad03-227ba12a18b0","provider":"email","role":"admin","username":"nstoddard17","hasUsername":true,"isBetaTester":false,"isNewBetaUser":false,"accountAge":12527961922}
[2025-10-22T00:57:29.609Z] [INFO   ] 2025-10-22T00:57:29.609Z [DEBUG] [Username Check] {"userId":"a3e3a51a-175c-4b59-ad03-227ba12a18b0","hasEmail":true,"provider":"email","hasUsername":true,"isGoogleUser":false}
[2025-10-22T01:00:51.719Z] [INFO   ]  [32m[1m✓[22m[39m Compiled in 1733ms (4039 modules)
[2025-10-22T01:00:52.002Z] [INFO   ] 2025-10-22T01:00:52.002Z [DEBUG] [Middleware] Username check: {"path":"/workflows/ai-agent","userId":"a3e3a51a-175c-4b59-ad03-227ba12a18b0","provider":"email","role":"admin","username":"nstoddard17","hasUsername":true,"isBetaTester":false,"isNewBetaUser":false,"accountAge":12528164603}
[2025-10-22T01:00:52.232Z] [INFO   ] 2025-10-22T01:00:52.231Z [DEBUG] [Username Check] {"userId":"a3e3a51a-175c-4b59-ad03-227ba12a18b0","hasEmail":true,"provider":"email","hasUsername":true,"isGoogleUser":false}
[2025-10-22T01:00:59.315Z] [INFO   ]  [32m[1m✓[22m[39m Compiled in 634ms (4039 modules)
[2025-10-22T01:00:59.615Z] [INFO   ] 2025-10-22T01:00:59.615Z [DEBUG] [Middleware] Username check: {"path":"/workflows/ai-agent","userId":"a3e3a51a-175c-4b59-ad03-227ba12a18b0","provider":"email","role":"admin","username":"nstoddard17","hasUsername":true,"isBetaTester":false,"isNewBetaUser":false,"accountAge":12528172216}
[2025-10-22T01:00:59.870Z] [INFO   ] 2025-10-22T01:00:59.870Z [DEBUG] [Username Check] {"userId":"a3e3a51a-175c-4b59-ad03-227ba12a18b0","hasEmail":true,"provider":"email","hasUsername":true,"isGoogleUser":false}
[2025-10-22T01:02:17.630Z] [INFO   ]  [32m[1m✓[22m[39m Compiled /api/presence/count in 257ms (3319 modules)
[2025-10-22T01:04:03.057Z] [INFO   ]  [32m[1m✓[22m[39m Compiled in 987ms (4039 modules)
[2025-10-22T01:04:03.874Z] [INFO   ] 2025-10-22T01:04:03.874Z [DEBUG] [Middleware] Username check: {"path":"/workflows/ai-agent","userId":"a3e3a51a-175c-4b59-ad03-227ba12a18b0","provider":"email","role":"admin","username":"nstoddard17","hasUsername":true,"isBetaTester":false,"isNewBetaUser":false,"accountAge":12528356474}
[2025-10-22T01:04:04.144Z] [INFO   ] 2025-10-22T01:04:04.144Z [DEBUG] [Username Check] {"userId":"a3e3a51a-175c-4b59-ad03-227ba12a18b0","hasEmail":true,"provider":"email","hasUsername":true,"isGoogleUser":false}
[2025-10-22T01:04:12.517Z] [INFO   ]  [32m[1m✓[22m[39m Compiled in 795ms (4039 modules)
[2025-10-22T01:04:12.798Z] [INFO   ] 2025-10-22T01:04:12.798Z [DEBUG] [Middleware] Username check: {"path":"/workflows/ai-agent","userId":"a3e3a51a-175c-4b59-ad03-227ba12a18b0","provider":"email","role":"admin","username":"nstoddard17","hasUsername":true,"isBetaTester":false,"isNewBetaUser":false,"accountAge":12528365399}
[2025-10-22T01:04:12.981Z] [INFO   ] 2025-10-22T01:04:12.981Z [DEBUG] [Username Check] {"userId":"a3e3a51a-175c-4b59-ad03-227ba12a18b0","hasEmail":true,"provider":"email","hasUsername":true,"isGoogleUser":false}
