=== Log Session Started: 2025-11-09T20:10:51.794Z ===
Node Version: v23.7.0
Platform: darwin
Working Directory: /Users/nathanielstoddard/chainreact-app/chainreact-app-9e
================================================================================

[2025-11-09T20:10:51.794Z] [INFO   ] File logging initialized
[2025-11-09T20:10:51.794Z] [INFO   ] Log file: /Users/nathanielstoddard/chainreact-app/chainreact-app-9e/logs/workflow_2025-11-09_14-10-51.log
[2025-11-09T20:10:51.812Z] [INFO   ] Deleted old log file: workflow_2025-11-02_13-08-46.log
[2025-11-09T20:10:51.812Z] [INFO   ] 📁 File logging enabled
[2025-11-09T20:10:51.812Z] [INFO   ] 📝 Logs will be written to: /Users/nathanielstoddard/chainreact-app/chainreact-app-9e/logs/workflow_2025-11-09_14-10-51.log
[2025-11-09T20:10:51.812Z] [INFO   ] 💡 To view logs in real-time: tail -f /Users/nathanielstoddard/chainreact-app/chainreact-app-9e/logs/workflow_2025-11-09_14-10-51.log
[2025-11-09T20:10:51.812Z] [INFO   ] 💡 To view all logs: cat /Users/nathanielstoddard/chainreact-app/chainreact-app-9e/logs/workflow_2025-11-09_14-10-51.log
[2025-11-09T20:10:51.812Z] [INFO   ] 💡 To share logs: Copy the file at /Users/nathanielstoddard/chainreact-app/chainreact-app-9e/logs/workflow_2025-11-09_14-10-51.log
[2025-11-09T20:10:51.813Z] [INFO   ] --------------------------------------------------------------------------------
[2025-11-09T20:10:51.813Z] [DEBUG  ] 📁 File logging system initialized
[2025-11-09T20:10:51.832Z] [INFO   ]  ✓ Ready in 6.9s
[2025-11-09T20:10:52.815Z] [INFO   ] 2025-11-09T20:10:52.815Z [DEBUG] 🤖 Discord bot configured, initializing gateway connection in background...
[2025-11-09T20:10:54.653Z] [INFO   ] 2025-11-09T20:10:54.653Z [DEBUG] Initializing Discord Gateway connection (singleton)...
[2025-11-09T20:10:54.653Z] [INFO   ] 2025-11-09T20:10:54.653Z [DEBUG] 🔑 Discord bot token loaded
[2025-11-09T20:10:55.483Z] [INFO   ] 2025-11-09T20:10:55.483Z [DEBUG] Discord Gateway initialization complete
[2025-11-09T20:10:55.484Z] [INFO   ] 2025-11-09T20:10:55.484Z [DEBUG] ✅ Discord bot gateway connection initialized
[2025-11-09T20:10:55.673Z] [INFO   ] 2025-11-09T20:10:55.673Z [DEBUG] Discord Gateway WebSocket connection established
[2025-11-09T20:10:55.674Z] [INFO   ] 2025-11-09T20:10:55.674Z [DEBUG] 🔑 Sending identify with intents: {"GUILDS":true,"GUILD_MEMBERS":true,"GUILD_INVITES":true,"GUILD_MESSAGES":true,"MESSAGE_CONTENT":true,"intentsValue":33347}
[2025-11-09T20:10:55.922Z] [INFO   ] 2025-11-09T20:10:55.922Z [DEBUG] 🎉 Discord bot ready! {"sessionId":"5b715b24add31a6515fff2f1f22408f2","username":"ChainReact-Bot","userId":"1378595955212812308","guildCount":2}
[2025-11-09T20:10:55.922Z] [INFO   ] 2025-11-09T20:10:55.922Z [DEBUG] 📋 Initializing invite cache...
[2025-11-09T20:10:55.923Z] [INFO   ] 2025-11-09T20:10:55.923Z [DEBUG] 📡 Discord event received: GUILD_CREATE
[2025-11-09T20:10:55.936Z] [INFO   ] 2025-11-09T20:10:55.936Z [DEBUG] 📡 Discord event received: GUILD_CREATE
[2025-11-09T20:10:56.133Z] [INFO   ] 2025-11-09T20:10:56.133Z [DEBUG] ✅ Cached 3 invites for guild 1378950884045623406
[2025-11-09T20:11:30.947Z] [INFO   ]  ○ Compiling / ...
[2025-11-09T20:11:36.901Z] [INFO   ]  ✓ Compiled / in 6.5s (5235 modules)
[2025-11-09T20:11:37.336Z] [INFO   ] 2025-11-09T20:11:37.336Z [DEBUG] 💧 [AUTH] Rehydrating auth state from storage {"hasState":true,"hasUser":false,"initialized":false,"timestamp":"2025-11-09T20:11:37.336Z"}
[2025-11-09T20:11:37.340Z] [INFO   ] 2025-11-09T20:11:37.340Z [DEBUG] 💧 [AUTH] State hydrated and reset {"hasUser":false,"initialized":false,"timestamp":"2025-11-09T20:11:37.340Z"}
[2025-11-09T20:11:37.340Z] [INFO   ] 2025-11-09T20:11:37.340Z [DEBUG] ⏭️ [AUTH] Skipping initialization {"hasState":true,"alreadyInitialized":false,"isClient":false,"timestamp":"2025-11-09T20:11:37.340Z"}
[2025-11-09T20:11:37.833Z] [INFO   ]  ✓ Compiled in 906ms (1152 modules)
[2025-11-09T20:12:03.280Z] [INFO   ]  ○ Compiling /test/nodes ...
[2025-11-09T20:12:06.622Z] [INFO   ]  ✓ Compiled /test/nodes in 3.9s (5985 modules)
[2025-11-09T20:12:07.159Z] [INFO   ] 2025-11-09T20:12:07.159Z [DEBUG] 💧 [AUTH] Rehydrating auth state from storage {"hasState":true,"hasUser":false,"initialized":false,"timestamp":"2025-11-09T20:12:07.159Z"}
[2025-11-09T20:12:07.170Z] [INFO   ] 2025-11-09T20:12:07.170Z [DEBUG] 💧 [AUTH] State hydrated and reset {"hasUser":false,"initialized":false,"timestamp":"2025-11-09T20:12:07.170Z"}
[2025-11-09T20:12:07.170Z] [INFO   ] 2025-11-09T20:12:07.170Z [DEBUG] ⏭️ [AUTH] Skipping initialization {"hasState":true,"alreadyInitialized":false,"isClient":false,"timestamp":"2025-11-09T20:12:07.170Z"}
[2025-11-09T20:12:08.599Z] [INFO   ]  ○ Compiling /api/presence/count ...
[2025-11-09T20:12:09.612Z] [INFO   ]  ✓ Compiled /api/presence/count in 1527ms (6348 modules)
[2025-11-09T20:12:10.641Z] [INFO   ]  ○ Compiling /api/integrations ...

=== Log Session Ended: 2025-11-09T20:12:10.767Z ===
