=== Log Session Started: 2025-10-23T13:05:05.382Z ===
Node Version: v23.7.0
Platform: darwin
Working Directory: /Users/nathanielstoddard/chainreact-app/chainreact-app-9e
================================================================================

[2025-10-23T13:05:05.382Z] [INFO   ] File logging initialized
[2025-10-23T13:05:05.383Z] [INFO   ] Log file: /Users/nathanielstoddard/chainreact-app/chainreact-app-9e/logs/workflow_2025-10-23_08-05-05.log
[2025-10-23T13:05:05.386Z] [INFO   ] 📁 File logging enabled
[2025-10-23T13:05:05.386Z] [INFO   ] 📝 Logs will be written to: /Users/nathanielstoddard/chainreact-app/chainreact-app-9e/logs/workflow_2025-10-23_08-05-05.log
[2025-10-23T13:05:05.386Z] [INFO   ] 💡 To view logs in real-time: tail -f /Users/nathanielstoddard/chainreact-app/chainreact-app-9e/logs/workflow_2025-10-23_08-05-05.log
[2025-10-23T13:05:05.386Z] [INFO   ] 💡 To view all logs: cat /Users/nathanielstoddard/chainreact-app/chainreact-app-9e/logs/workflow_2025-10-23_08-05-05.log
[2025-10-23T13:05:05.386Z] [INFO   ] 💡 To share logs: Copy the file at /Users/nathanielstoddard/chainreact-app/chainreact-app-9e/logs/workflow_2025-10-23_08-05-05.log
[2025-10-23T13:05:05.386Z] [INFO   ] --------------------------------------------------------------------------------
[2025-10-23T13:05:05.386Z] [DEBUG  ] 📁 File logging system initialized
[2025-10-23T13:05:05.404Z] [INFO   ]  [32m[1m✓[22m[39m Ready in 3s
[2025-10-23T13:05:05.526Z] [INFO   ]  [32m[1m✓[22m[39m Compiled /middleware in 116ms (233 modules)
[2025-10-23T13:05:05.820Z] [INFO   ] 2025-10-23T13:05:05.820Z [DEBUG] [Middleware] Username check: {"path":"/workflows","userId":"a3e3a51a-175c-4b59-ad03-227ba12a18b0","provider":"email","role":"admin","username":"nstoddard17","hasUsername":true,"isBetaTester":false,"isNewBetaUser":false,"accountAge":12658018421}
[2025-10-23T13:05:06.351Z] [INFO   ]  [37m[1m○[22m[39m Compiling /workflows ...
[2025-10-23T13:05:06.388Z] [INFO   ] 2025-10-23T13:05:06.388Z [DEBUG] 🤖 Discord bot configured, initializing gateway connection in background...
[2025-10-23T13:05:08.234Z] [INFO   ] 2025-10-23T13:05:08.234Z [DEBUG] Initializing Discord Gateway connection (singleton)...
[2025-10-23T13:05:08.234Z] [INFO   ] 2025-10-23T13:05:08.234Z [DEBUG] 🔑 Discord bot token loaded
[2025-10-23T13:05:08.518Z] [INFO   ] 2025-10-23T13:05:08.518Z [DEBUG] Discord Gateway initialization complete
[2025-10-23T13:05:08.520Z] [INFO   ] 2025-10-23T13:05:08.520Z [DEBUG] ✅ Discord bot gateway connection initialized
[2025-10-23T13:05:08.851Z] [INFO   ] 2025-10-23T13:05:08.851Z [DEBUG] Discord Gateway WebSocket connection established
[2025-10-23T13:05:08.852Z] [INFO   ] 2025-10-23T13:05:08.852Z [DEBUG] 🔑 Sending identify with intents: {"GUILDS":true,"GUILD_MEMBERS":true,"GUILD_INVITES":true,"GUILD_MESSAGES":true,"MESSAGE_CONTENT":true,"intentsValue":33347}
[2025-10-23T13:05:09.064Z] [INFO   ] 2025-10-23T13:05:09.064Z [DEBUG] 🎉 Discord bot ready! {"sessionId":"02845afc31d2aa073730d21d4e2bed1a","username":"ChainReact-Bot","userId":"1378595955212812308","guildCount":2}
[2025-10-23T13:05:09.064Z] [INFO   ] 2025-10-23T13:05:09.064Z [DEBUG] 📋 Initializing invite cache...
[2025-10-23T13:05:09.065Z] [INFO   ] 2025-10-23T13:05:09.065Z [DEBUG] 📡 Discord event received: GUILD_CREATE
[2025-10-23T13:05:09.297Z] [INFO   ] 2025-10-23T13:05:09.297Z [DEBUG] 📡 Discord event received: GUILD_CREATE
[2025-10-23T13:05:09.878Z] [INFO   ] 2025-10-23T13:05:09.878Z [DEBUG] ✅ Cached 3 invites for guild 1378950884045623406
[2025-10-23T13:05:11.604Z] [INFO   ]  [32m[1m✓[22m[39m Compiled /workflows in 5.8s (4029 modules)
[2025-10-23T13:05:12.040Z] [INFO   ] 2025-10-23T13:05:12.040Z [DEBUG] 💧 [AUTH] Rehydrating auth state from storage {"hasState":true,"hasUser":false,"initialized":false,"timestamp":"2025-10-23T13:05:12.040Z"}
[2025-10-23T13:05:12.043Z] [INFO   ] 2025-10-23T13:05:12.043Z [DEBUG] 💧 [AUTH] State hydrated and reset {"hasUser":false,"initialized":false,"timestamp":"2025-10-23T13:05:12.043Z"}
[2025-10-23T13:05:12.043Z] [INFO   ] 2025-10-23T13:05:12.043Z [DEBUG] ⏭️ [AUTH] Skipping initialization {"hasState":true,"alreadyInitialized":false,"isClient":false,"timestamp":"2025-10-23T13:05:12.043Z"}
[2025-10-23T13:05:12.405Z] [INFO   ]  [32m[1m✓[22m[39m Compiled in 774ms (727 modules)
[2025-10-23T13:05:12.546Z] [INFO   ] 2025-10-23T13:05:12.545Z [DEBUG] [Username Check] {"userId":"a3e3a51a-175c-4b59-ad03-227ba12a18b0","hasEmail":true,"provider":"email","hasUsername":true,"isGoogleUser":false}
[2025-10-23T13:05:13.230Z] [INFO   ]  [37m[1m○[22m[39m Compiling /api/integrations ...
[2025-10-23T13:05:15.357Z] [INFO   ]  [32m[1m✓[22m[39m Compiled /api/integrations in 2.6s (4038 modules)
[2025-10-23T13:05:15.495Z] [INFO   ] 2025-10-23T13:05:15.495Z [DEBUG] 📍 [API /api/integrations] GET request received {"timestamp":"2025-10-23T13:05:15.495Z","headers":{"referer":"check-console"}}
[2025-10-23T13:05:15.641Z] [INFO   ] 2025-10-23T13:05:15.641Z [DEBUG] ✅ [API /api/integrations] User authenticated {"userId":"a3e3a51a-175c-4b59-ad03-227ba12a18b0"}
[2025-10-23T13:05:15.748Z] [INFO   ] 2025-10-23T13:05:15.748Z [DEBUG] 📊 [API /api/integrations] Query result {"count":14,"error":null,"firstFew":[{"provider":"notion","status":"connected"},{"provider":"mailchimp","status":"connected"}]}
[2025-10-23T13:05:16.839Z] [INFO   ]  [37m[1m○[22m[39m Compiling /api/analytics/workflow-stats ...
[2025-10-23T13:05:17.077Z] [INFO   ]  [32m[1m✓[22m[39m Compiled /api/analytics/workflow-stats in 743ms (4046 modules)
[2025-10-23T13:07:03.455Z] [INFO   ]  [32m[1m✓[22m[39m Compiled in 1453ms (4029 modules)
[2025-10-23T13:07:03.793Z] [INFO   ] 2025-10-23T13:07:03.793Z [DEBUG] [Middleware] Username check: {"path":"/workflows","userId":"a3e3a51a-175c-4b59-ad03-227ba12a18b0","provider":"email","role":"admin","username":"nstoddard17","hasUsername":true,"isBetaTester":false,"isNewBetaUser":false,"accountAge":12658136394}
[2025-10-23T13:07:04.100Z] [INFO   ] 2025-10-23T13:07:04.100Z [DEBUG] [Username Check] {"userId":"a3e3a51a-175c-4b59-ad03-227ba12a18b0","hasEmail":true,"provider":"email","hasUsername":true,"isGoogleUser":false}
[2025-10-23T13:10:01.749Z] [INFO   ]  [32m[1m✓[22m[39m Compiled in 1822ms (4029 modules)
[2025-10-23T13:10:01.787Z] [WARN   ]  [33m[1m⚠[22m[39m Fast Refresh had to perform a full reload. Read more: https://nextjs.org/docs/messages/fast-refresh-reload
[2025-10-23T13:10:02.052Z] [INFO   ] 2025-10-23T13:10:02.051Z [DEBUG] [Middleware] Username check: {"path":"/workflows","userId":"a3e3a51a-175c-4b59-ad03-227ba12a18b0","provider":"email","role":"admin","username":"nstoddard17","hasUsername":true,"isBetaTester":false,"isNewBetaUser":false,"accountAge":12658314652}
[2025-10-23T13:10:02.279Z] [INFO   ] 2025-10-23T13:10:02.279Z [DEBUG] [Username Check] {"userId":"a3e3a51a-175c-4b59-ad03-227ba12a18b0","hasEmail":true,"provider":"email","hasUsername":true,"isGoogleUser":false}
[2025-10-23T13:10:02.281Z] [INFO   ] 2025-10-23T13:10:02.281Z [DEBUG] [Middleware] Username check: {"path":"/workflows","userId":"a3e3a51a-175c-4b59-ad03-227ba12a18b0","provider":"email","role":"admin","username":"nstoddard17","hasUsername":true,"isBetaTester":false,"isNewBetaUser":false,"accountAge":12658314882}
[2025-10-23T13:10:02.444Z] [INFO   ] 2025-10-23T13:10:02.444Z [DEBUG] 💧 [AUTH] Rehydrating auth state from storage {"hasState":true,"hasUser":false,"initialized":false,"timestamp":"2025-10-23T13:10:02.444Z"}
[2025-10-23T13:10:02.448Z] [INFO   ] 2025-10-23T13:10:02.448Z [DEBUG] 💧 [AUTH] State hydrated and reset {"hasUser":false,"initialized":false,"timestamp":"2025-10-23T13:10:02.448Z"}
[2025-10-23T13:10:02.448Z] [INFO   ] 2025-10-23T13:10:02.448Z [DEBUG] ⏭️ [AUTH] Skipping initialization {"hasState":true,"alreadyInitialized":false,"isClient":false,"timestamp":"2025-10-23T13:10:02.448Z"}
[2025-10-23T13:10:02.669Z] [INFO   ] 2025-10-23T13:10:02.668Z [DEBUG] [Username Check] {"userId":"a3e3a51a-175c-4b59-ad03-227ba12a18b0","hasEmail":true,"provider":"email","hasUsername":true,"isGoogleUser":false}
[2025-10-23T13:10:03.213Z] [INFO   ]  [32m[1m✓[22m[39m Compiled /api/integrations in 346ms (3321 modules)
[2025-10-23T13:10:03.420Z] [INFO   ]  [32m[1m✓[22m[39m Compiled (3325 modules)
[2025-10-23T13:10:03.556Z] [INFO   ] 2025-10-23T13:10:03.556Z [DEBUG] 📍 [API /api/integrations] GET request received {"timestamp":"2025-10-23T13:10:03.556Z","headers":{"referer":"check-console"}}
[2025-10-23T13:10:03.645Z] [INFO   ] 2025-10-23T13:10:03.645Z [DEBUG] ✅ [API /api/integrations] User authenticated {"userId":"a3e3a51a-175c-4b59-ad03-227ba12a18b0"}
[2025-10-23T13:10:03.808Z] [INFO   ] 2025-10-23T13:10:03.808Z [DEBUG] 📊 [API /api/integrations] Query result {"count":14,"error":null,"firstFew":[{"provider":"notion","status":"connected"},{"provider":"mailchimp","status":"connected"}]}
[2025-10-23T13:10:04.738Z] [INFO   ]  [32m[1m✓[22m[39m Compiled /api/organizations in 379ms (3327 modules)
[2025-10-23T13:10:04.960Z] [INFO   ]  [32m[1m✓[22m[39m Compiled (3333 modules)
[2025-10-23T13:10:06.249Z] [INFO   ]  [32m[1m✓[22m[39m Compiled in 536ms (4060 modules)
[2025-10-23T13:10:06.273Z] [WARN   ]  [33m[1m⚠[22m[39m Fast Refresh had to perform a full reload. Read more: https://nextjs.org/docs/messages/fast-refresh-reload
[2025-10-23T13:10:06.474Z] [INFO   ] 2025-10-23T13:10:06.474Z [DEBUG] [Middleware] Username check: {"path":"/workflows","userId":"a3e3a51a-175c-4b59-ad03-227ba12a18b0","provider":"email","role":"admin","username":"nstoddard17","hasUsername":true,"isBetaTester":false,"isNewBetaUser":false,"accountAge":12658319075}
[2025-10-23T13:10:06.659Z] [INFO   ] 2025-10-23T13:10:06.659Z [DEBUG] [Username Check] {"userId":"a3e3a51a-175c-4b59-ad03-227ba12a18b0","hasEmail":true,"provider":"email","hasUsername":true,"isGoogleUser":false}
[2025-10-23T13:10:06.661Z] [INFO   ] 2025-10-23T13:10:06.661Z [DEBUG] [Middleware] Username check: {"path":"/workflows","userId":"a3e3a51a-175c-4b59-ad03-227ba12a18b0","provider":"email","role":"admin","username":"nstoddard17","hasUsername":true,"isBetaTester":false,"isNewBetaUser":false,"accountAge":12658319262}
[2025-10-23T13:10:06.817Z] [INFO   ] 2025-10-23T13:10:06.817Z [DEBUG] 💧 [AUTH] Rehydrating auth state from storage {"hasState":true,"hasUser":false,"initialized":false,"timestamp":"2025-10-23T13:10:06.817Z"}
[2025-10-23T13:10:06.821Z] [INFO   ] 2025-10-23T13:10:06.821Z [DEBUG] 💧 [AUTH] State hydrated and reset {"hasUser":false,"initialized":false,"timestamp":"2025-10-23T13:10:06.821Z"}
[2025-10-23T13:10:06.821Z] [INFO   ] 2025-10-23T13:10:06.821Z [DEBUG] ⏭️ [AUTH] Skipping initialization {"hasState":true,"alreadyInitialized":false,"isClient":false,"timestamp":"2025-10-23T13:10:06.821Z"}
[2025-10-23T13:10:07.123Z] [INFO   ] 2025-10-23T13:10:07.123Z [DEBUG] [Username Check] {"userId":"a3e3a51a-175c-4b59-ad03-227ba12a18b0","hasEmail":true,"provider":"email","hasUsername":true,"isGoogleUser":false}
[2025-10-23T13:10:07.483Z] [INFO   ] 2025-10-23T13:10:07.483Z [DEBUG] 📍 [API /api/integrations] GET request received {"timestamp":"2025-10-23T13:10:07.483Z","headers":{"referer":"check-console"}}
[2025-10-23T13:10:07.602Z] [INFO   ] 2025-10-23T13:10:07.602Z [DEBUG] ✅ [API /api/integrations] User authenticated {"userId":"a3e3a51a-175c-4b59-ad03-227ba12a18b0"}
[2025-10-23T13:10:07.690Z] [INFO   ] 2025-10-23T13:10:07.690Z [DEBUG] 📊 [API /api/integrations] Query result {"count":14,"error":null,"firstFew":[{"provider":"notion","status":"connected"},{"provider":"mailchimp","status":"connected"}]}
[2025-10-23T13:10:12.946Z] [INFO   ]  [32m[1m✓[22m[39m Compiled in 537ms (4060 modules)
[2025-10-23T13:10:12.970Z] [WARN   ]  [33m[1m⚠[22m[39m Fast Refresh had to perform a full reload. Read more: https://nextjs.org/docs/messages/fast-refresh-reload
[2025-10-23T13:10:13.246Z] [INFO   ] 2025-10-23T13:10:13.245Z [DEBUG] [Middleware] Username check: {"path":"/workflows","userId":"a3e3a51a-175c-4b59-ad03-227ba12a18b0","provider":"email","role":"admin","username":"nstoddard17","hasUsername":true,"isBetaTester":false,"isNewBetaUser":false,"accountAge":12658325846}
[2025-10-23T13:10:13.417Z] [INFO   ] 2025-10-23T13:10:13.417Z [DEBUG] [Username Check] {"userId":"a3e3a51a-175c-4b59-ad03-227ba12a18b0","hasEmail":true,"provider":"email","hasUsername":true,"isGoogleUser":false}
[2025-10-23T13:10:13.418Z] [INFO   ] 2025-10-23T13:10:13.418Z [DEBUG] [Middleware] Username check: {"path":"/workflows","userId":"a3e3a51a-175c-4b59-ad03-227ba12a18b0","provider":"email","role":"admin","username":"nstoddard17","hasUsername":true,"isBetaTester":false,"isNewBetaUser":false,"accountAge":12658326019}
[2025-10-23T13:10:13.551Z] [INFO   ] 2025-10-23T13:10:13.551Z [DEBUG] 💧 [AUTH] Rehydrating auth state from storage {"hasState":true,"hasUser":false,"initialized":false,"timestamp":"2025-10-23T13:10:13.550Z"}
[2025-10-23T13:10:13.554Z] [INFO   ] 2025-10-23T13:10:13.554Z [DEBUG] 💧 [AUTH] State hydrated and reset {"hasUser":false,"initialized":false,"timestamp":"2025-10-23T13:10:13.554Z"}
[2025-10-23T13:10:13.554Z] [INFO   ] 2025-10-23T13:10:13.554Z [DEBUG] ⏭️ [AUTH] Skipping initialization {"hasState":true,"alreadyInitialized":false,"isClient":false,"timestamp":"2025-10-23T13:10:13.554Z"}
[2025-10-23T13:10:13.759Z] [INFO   ] 2025-10-23T13:10:13.759Z [DEBUG] [Username Check] {"userId":"a3e3a51a-175c-4b59-ad03-227ba12a18b0","hasEmail":true,"provider":"email","hasUsername":true,"isGoogleUser":false}
[2025-10-23T13:10:14.077Z] [INFO   ] 2025-10-23T13:10:14.077Z [DEBUG] 📍 [API /api/integrations] GET request received {"timestamp":"2025-10-23T13:10:14.077Z","headers":{"referer":"check-console"}}
[2025-10-23T13:10:14.165Z] [INFO   ] 2025-10-23T13:10:14.165Z [DEBUG] ✅ [API /api/integrations] User authenticated {"userId":"a3e3a51a-175c-4b59-ad03-227ba12a18b0"}
[2025-10-23T13:10:14.260Z] [INFO   ] 2025-10-23T13:10:14.259Z [DEBUG] 📊 [API /api/integrations] Query result {"count":14,"error":null,"firstFew":[{"provider":"notion","status":"connected"},{"provider":"mailchimp","status":"connected"}]}
[2025-10-23T13:10:54.527Z] [INFO   ]  [32m[1m✓[22m[39m Compiled in 589ms (4060 modules)
[2025-10-23T13:10:54.550Z] [WARN   ]  [33m[1m⚠[22m[39m Fast Refresh had to perform a full reload. Read more: https://nextjs.org/docs/messages/fast-refresh-reload
[2025-10-23T13:10:54.765Z] [INFO   ] 2025-10-23T13:10:54.765Z [DEBUG] [Middleware] Username check: {"path":"/workflows","userId":"a3e3a51a-175c-4b59-ad03-227ba12a18b0","provider":"email","role":"admin","username":"nstoddard17","hasUsername":true,"isBetaTester":false,"isNewBetaUser":false,"accountAge":12658367366}
[2025-10-23T13:10:54.796Z] [INFO   ] 2025-10-23T13:10:54.796Z [DEBUG] [Middleware] Username check: {"path":"/workflows","userId":"a3e3a51a-175c-4b59-ad03-227ba12a18b0","provider":"email","role":"admin","username":"nstoddard17","hasUsername":true,"isBetaTester":false,"isNewBetaUser":false,"accountAge":12658367397}
[2025-10-23T13:10:55.047Z] [INFO   ] 2025-10-23T13:10:55.046Z [DEBUG] 💧 [AUTH] Rehydrating auth state from storage {"hasState":true,"hasUser":false,"initialized":false,"timestamp":"2025-10-23T13:10:55.046Z"}
[2025-10-23T13:10:55.050Z] [INFO   ] 2025-10-23T13:10:55.050Z [DEBUG] 💧 [AUTH] State hydrated and reset {"hasUser":false,"initialized":false,"timestamp":"2025-10-23T13:10:55.050Z"}
[2025-10-23T13:10:55.050Z] [INFO   ] 2025-10-23T13:10:55.050Z [DEBUG] ⏭️ [AUTH] Skipping initialization {"hasState":true,"alreadyInitialized":false,"isClient":false,"timestamp":"2025-10-23T13:10:55.050Z"}
[2025-10-23T13:10:55.203Z] [INFO   ] 2025-10-23T13:10:55.202Z [DEBUG] [Username Check] {"userId":"a3e3a51a-175c-4b59-ad03-227ba12a18b0","hasEmail":true,"provider":"email","hasUsername":true,"isGoogleUser":false}
[2025-10-23T13:10:55.300Z] [INFO   ] 2025-10-23T13:10:55.299Z [DEBUG] [Username Check] {"userId":"a3e3a51a-175c-4b59-ad03-227ba12a18b0","hasEmail":true,"provider":"email","hasUsername":true,"isGoogleUser":false}
[2025-10-23T13:10:56.151Z] [INFO   ] 2025-10-23T13:10:56.151Z [DEBUG] 📍 [API /api/integrations] GET request received {"timestamp":"2025-10-23T13:10:56.151Z","headers":{"referer":"check-console"}}
[2025-10-23T13:10:56.238Z] [INFO   ] 2025-10-23T13:10:56.238Z [DEBUG] ✅ [API /api/integrations] User authenticated {"userId":"a3e3a51a-175c-4b59-ad03-227ba12a18b0"}
[2025-10-23T13:10:56.317Z] [INFO   ] 2025-10-23T13:10:56.317Z [DEBUG] 📊 [API /api/integrations] Query result {"count":14,"error":null,"firstFew":[{"provider":"notion","status":"connected"},{"provider":"mailchimp","status":"connected"}]}
[2025-10-23T13:11:27.145Z] [INFO   ]  [32m[1m✓[22m[39m Compiled in 906ms (4060 modules)
[2025-10-23T13:11:27.167Z] [WARN   ]  [33m[1m⚠[22m[39m Fast Refresh had to perform a full reload. Read more: https://nextjs.org/docs/messages/fast-refresh-reload
[2025-10-23T13:11:27.382Z] [INFO   ] 2025-10-23T13:11:27.382Z [DEBUG] [Middleware] Username check: {"path":"/workflows","userId":"a3e3a51a-175c-4b59-ad03-227ba12a18b0","provider":"email","role":"admin","username":"nstoddard17","hasUsername":true,"isBetaTester":false,"isNewBetaUser":false,"accountAge":12658399983}
[2025-10-23T13:11:27.417Z] [INFO   ] 2025-10-23T13:11:27.417Z [DEBUG] [Middleware] Username check: {"path":"/workflows","userId":"a3e3a51a-175c-4b59-ad03-227ba12a18b0","provider":"email","role":"admin","username":"nstoddard17","hasUsername":true,"isBetaTester":false,"isNewBetaUser":false,"accountAge":12658400018}
[2025-10-23T13:11:27.599Z] [INFO   ] 2025-10-23T13:11:27.598Z [DEBUG] [Username Check] {"userId":"a3e3a51a-175c-4b59-ad03-227ba12a18b0","hasEmail":true,"provider":"email","hasUsername":true,"isGoogleUser":false}
[2025-10-23T13:11:27.699Z] [INFO   ] 2025-10-23T13:11:27.699Z [DEBUG] 💧 [AUTH] Rehydrating auth state from storage {"hasState":true,"hasUser":false,"initialized":false,"timestamp":"2025-10-23T13:11:27.699Z"}
[2025-10-23T13:11:27.703Z] [INFO   ] 2025-10-23T13:11:27.703Z [DEBUG] 💧 [AUTH] State hydrated and reset {"hasUser":false,"initialized":false,"timestamp":"2025-10-23T13:11:27.703Z"}
[2025-10-23T13:11:27.703Z] [INFO   ] 2025-10-23T13:11:27.703Z [DEBUG] ⏭️ [AUTH] Skipping initialization {"hasState":true,"alreadyInitialized":false,"isClient":false,"timestamp":"2025-10-23T13:11:27.703Z"}
[2025-10-23T13:11:27.903Z] [INFO   ] 2025-10-23T13:11:27.903Z [DEBUG] [Username Check] {"userId":"a3e3a51a-175c-4b59-ad03-227ba12a18b0","hasEmail":true,"provider":"email","hasUsername":true,"isGoogleUser":false}
[2025-10-23T13:11:28.351Z] [INFO   ] 2025-10-23T13:11:28.351Z [DEBUG] 📍 [API /api/integrations] GET request received {"timestamp":"2025-10-23T13:11:28.351Z","headers":{"referer":"check-console"}}
[2025-10-23T13:11:28.498Z] [INFO   ] 2025-10-23T13:11:28.498Z [DEBUG] ✅ [API /api/integrations] User authenticated {"userId":"a3e3a51a-175c-4b59-ad03-227ba12a18b0"}
[2025-10-23T13:11:28.583Z] [INFO   ] 2025-10-23T13:11:28.583Z [DEBUG] 📊 [API /api/integrations] Query result {"count":14,"error":null,"firstFew":[{"provider":"notion","status":"connected"},{"provider":"mailchimp","status":"connected"}]}
[2025-10-23T13:11:35.210Z] [INFO   ]  [32m[1m✓[22m[39m Compiled in 635ms (4060 modules)
[2025-10-23T13:11:35.227Z] [WARN   ]  [33m[1m⚠[22m[39m Fast Refresh had to perform a full reload. Read more: https://nextjs.org/docs/messages/fast-refresh-reload
[2025-10-23T13:11:35.436Z] [INFO   ] 2025-10-23T13:11:35.436Z [DEBUG] [Middleware] Username check: {"path":"/workflows","userId":"a3e3a51a-175c-4b59-ad03-227ba12a18b0","provider":"email","role":"admin","username":"nstoddard17","hasUsername":true,"isBetaTester":false,"isNewBetaUser":false,"accountAge":12658408037}
[2025-10-23T13:11:35.437Z] [INFO   ] 2025-10-23T13:11:35.437Z [DEBUG] [Middleware] Username check: {"path":"/workflows","userId":"a3e3a51a-175c-4b59-ad03-227ba12a18b0","provider":"email","role":"admin","username":"nstoddard17","hasUsername":true,"isBetaTester":false,"isNewBetaUser":false,"accountAge":12658408038}
[2025-10-23T13:11:35.652Z] [INFO   ] 2025-10-23T13:11:35.652Z [DEBUG] 💧 [AUTH] Rehydrating auth state from storage {"hasState":true,"hasUser":false,"initialized":false,"timestamp":"2025-10-23T13:11:35.652Z"}
[2025-10-23T13:11:35.655Z] [INFO   ] 2025-10-23T13:11:35.655Z [DEBUG] 💧 [AUTH] State hydrated and reset {"hasUser":false,"initialized":false,"timestamp":"2025-10-23T13:11:35.655Z"}
[2025-10-23T13:11:35.655Z] [INFO   ] 2025-10-23T13:11:35.655Z [DEBUG] ⏭️ [AUTH] Skipping initialization {"hasState":true,"alreadyInitialized":false,"isClient":false,"timestamp":"2025-10-23T13:11:35.655Z"}
[2025-10-23T13:11:35.681Z] [INFO   ] 2025-10-23T13:11:35.680Z [DEBUG] [Username Check] {"userId":"a3e3a51a-175c-4b59-ad03-227ba12a18b0","hasEmail":true,"provider":"email","hasUsername":true,"isGoogleUser":false}
[2025-10-23T13:11:35.853Z] [INFO   ] 2025-10-23T13:11:35.853Z [DEBUG] [Username Check] {"userId":"a3e3a51a-175c-4b59-ad03-227ba12a18b0","hasEmail":true,"provider":"email","hasUsername":true,"isGoogleUser":false}
[2025-10-23T13:11:36.133Z] [INFO   ] 2025-10-23T13:11:36.133Z [DEBUG] 📍 [API /api/integrations] GET request received {"timestamp":"2025-10-23T13:11:36.133Z","headers":{"referer":"check-console"}}
[2025-10-23T13:11:36.267Z] [INFO   ] 2025-10-23T13:11:36.267Z [DEBUG] ✅ [API /api/integrations] User authenticated {"userId":"a3e3a51a-175c-4b59-ad03-227ba12a18b0"}
[2025-10-23T13:11:36.378Z] [INFO   ] 2025-10-23T13:11:36.378Z [DEBUG] 📊 [API /api/integrations] Query result {"count":14,"error":null,"firstFew":[{"provider":"notion","status":"connected"},{"provider":"mailchimp","status":"connected"}]}
[2025-10-23T13:14:03.543Z] [WARN   ]  [33m[1m⚠[22m[39m Fast Refresh had to perform a full reload. Read more: https://nextjs.org/docs/messages/fast-refresh-reload
[2025-10-23T13:14:03.979Z] [INFO   ]  [32m[1m✓[22m[39m Compiled in 1024ms (4029 modules)
[2025-10-23T13:14:04.172Z] [INFO   ] 2025-10-23T13:14:04.172Z [DEBUG] [Middleware] Username check: {"path":"/workflows","userId":"a3e3a51a-175c-4b59-ad03-227ba12a18b0","provider":"email","role":"admin","username":"nstoddard17","hasUsername":true,"isBetaTester":false,"isNewBetaUser":false,"accountAge":12658556773}
[2025-10-23T13:14:04.450Z] [INFO   ] 2025-10-23T13:14:04.450Z [DEBUG] 💧 [AUTH] Rehydrating auth state from storage {"hasState":true,"hasUser":false,"initialized":false,"timestamp":"2025-10-23T13:14:04.450Z"}
[2025-10-23T13:14:04.454Z] [INFO   ] 2025-10-23T13:14:04.454Z [DEBUG] 💧 [AUTH] State hydrated and reset {"hasUser":false,"initialized":false,"timestamp":"2025-10-23T13:14:04.454Z"}
[2025-10-23T13:14:04.454Z] [INFO   ] 2025-10-23T13:14:04.454Z [DEBUG] ⏭️ [AUTH] Skipping initialization {"hasState":true,"alreadyInitialized":false,"isClient":false,"timestamp":"2025-10-23T13:14:04.454Z"}
[2025-10-23T13:14:04.489Z] [INFO   ] 2025-10-23T13:14:04.489Z [DEBUG] [Middleware] Username check: {"path":"/workflows","userId":"a3e3a51a-175c-4b59-ad03-227ba12a18b0","provider":"email","role":"admin","username":"nstoddard17","hasUsername":true,"isBetaTester":false,"isNewBetaUser":false,"accountAge":12658557090}
[2025-10-23T13:14:04.619Z] [INFO   ] 2025-10-23T13:14:04.619Z [DEBUG] [Username Check] {"userId":"a3e3a51a-175c-4b59-ad03-227ba12a18b0","hasEmail":true,"provider":"email","hasUsername":true,"isGoogleUser":false}
[2025-10-23T13:14:04.663Z] [INFO   ] 2025-10-23T13:14:04.663Z [DEBUG] [Username Check] {"userId":"a3e3a51a-175c-4b59-ad03-227ba12a18b0","hasEmail":true,"provider":"email","hasUsername":true,"isGoogleUser":false}
[2025-10-23T13:14:18.067Z] [INFO   ]  [32m[1m✓[22m[39m Compiled in 459ms (4029 modules)
[2025-10-23T13:14:31.298Z] [INFO   ]  [32m[1m✓[22m[39m Compiled in 448ms (4029 modules)

=== Log Session Ended: 2025-10-23T13:16:36.913Z ===
