=== Log Session Started: 2025-10-28T16:33:47.861Z ===
Node Version: v23.7.0
Platform: darwin
Working Directory: /Users/nathanielstoddard/chainreact-app/chainreact-app-9e
================================================================================

[2025-10-28T16:33:47.861Z] [INFO   ] File logging initialized
[2025-10-28T16:33:47.861Z] [INFO   ] Log file: /Users/nathanielstoddard/chainreact-app/chainreact-app-9e/logs/workflow_2025-10-28_11-33-47.log
[2025-10-28T16:33:47.865Z] [INFO   ] 📁 File logging enabled
[2025-10-28T16:33:47.865Z] [INFO   ] 📝 Logs will be written to: /Users/nathanielstoddard/chainreact-app/chainreact-app-9e/logs/workflow_2025-10-28_11-33-47.log
[2025-10-28T16:33:47.865Z] [INFO   ] 💡 To view logs in real-time: tail -f /Users/nathanielstoddard/chainreact-app/chainreact-app-9e/logs/workflow_2025-10-28_11-33-47.log
[2025-10-28T16:33:47.865Z] [INFO   ] 💡 To view all logs: cat /Users/nathanielstoddard/chainreact-app/chainreact-app-9e/logs/workflow_2025-10-28_11-33-47.log
[2025-10-28T16:33:47.865Z] [INFO   ] 💡 To share logs: Copy the file at /Users/nathanielstoddard/chainreact-app/chainreact-app-9e/logs/workflow_2025-10-28_11-33-47.log
[2025-10-28T16:33:47.865Z] [INFO   ] --------------------------------------------------------------------------------
[2025-10-28T16:33:47.865Z] [DEBUG  ] 📁 File logging system initialized
[2025-10-28T16:33:47.874Z] [INFO   ]  [32m[1m✓[22m[39m Ready in 3.8s
[2025-10-28T16:33:47.998Z] [INFO   ]  [32m[1m✓[22m[39m Compiled /middleware in 119ms (234 modules)
[2025-10-28T16:33:48.320Z] [INFO   ] 2025-10-28T16:33:48.320Z [DEBUG] [Middleware] Username check: {"path":"/workflows/ai-agent","userId":"a3e3a51a-175c-4b59-ad03-227ba12a18b0","provider":"email","role":"free","username":"nstoddard17","hasUsername":true,"isBetaTester":false,"isNewBetaUser":false,"accountAge":13102540921}
[2025-10-28T16:33:48.846Z] [INFO   ]  [37m[1m○[22m[39m Compiling /workflows/ai-agent ...
[2025-10-28T16:33:48.867Z] [INFO   ] 2025-10-28T16:33:48.867Z [DEBUG] 🤖 Discord bot configured, initializing gateway connection in background...
[2025-10-28T16:33:50.954Z] [INFO   ] 2025-10-28T16:33:50.954Z [DEBUG] Initializing Discord Gateway connection (singleton)...
[2025-10-28T16:33:50.954Z] [INFO   ] 2025-10-28T16:33:50.954Z [DEBUG] 🔑 Discord bot token loaded
[2025-10-28T16:33:51.234Z] [INFO   ] 2025-10-28T16:33:51.234Z [DEBUG] Discord Gateway initialization complete
[2025-10-28T16:33:51.235Z] [INFO   ] 2025-10-28T16:33:51.235Z [DEBUG] ✅ Discord bot gateway connection initialized
[2025-10-28T16:33:51.539Z] [INFO   ] 2025-10-28T16:33:51.539Z [DEBUG] Discord Gateway WebSocket connection established
[2025-10-28T16:33:51.541Z] [INFO   ] 2025-10-28T16:33:51.541Z [DEBUG] 🔑 Sending identify with intents: {"GUILDS":true,"GUILD_MEMBERS":true,"GUILD_INVITES":true,"GUILD_MESSAGES":true,"MESSAGE_CONTENT":true,"intentsValue":33347}
[2025-10-28T16:33:51.775Z] [INFO   ] 2025-10-28T16:33:51.775Z [DEBUG] 🎉 Discord bot ready! {"sessionId":"1f4b6be83c7704531bdfce8453c05c58","username":"ChainReact-Bot","userId":"1378595955212812308","guildCount":2}
[2025-10-28T16:33:51.775Z] [INFO   ] 2025-10-28T16:33:51.775Z [DEBUG] 📋 Initializing invite cache...
[2025-10-28T16:33:51.776Z] [INFO   ] 2025-10-28T16:33:51.776Z [DEBUG] 📡 Discord event received: GUILD_CREATE
[2025-10-28T16:33:51.776Z] [INFO   ] 2025-10-28T16:33:51.776Z [DEBUG] 📡 Discord event received: GUILD_CREATE
[2025-10-28T16:33:52.667Z] [INFO   ] 2025-10-28T16:33:52.667Z [DEBUG] ✅ Cached 3 invites for guild 1378950884045623406
[2025-10-28T16:33:54.373Z] [INFO   ]  [32m[1m✓[22m[39m Compiled /workflows/ai-agent in 6s (4049 modules)
[2025-10-28T16:33:54.761Z] [INFO   ] 2025-10-28T16:33:54.760Z [DEBUG] 💧 [AUTH] Rehydrating auth state from storage {"hasState":true,"hasUser":false,"initialized":false,"timestamp":"2025-10-28T16:33:54.760Z"}
[2025-10-28T16:33:54.763Z] [INFO   ] 2025-10-28T16:33:54.763Z [DEBUG] 💧 [AUTH] State hydrated and reset {"hasUser":false,"initialized":false,"timestamp":"2025-10-28T16:33:54.763Z"}
[2025-10-28T16:33:54.763Z] [INFO   ] 2025-10-28T16:33:54.763Z [DEBUG] ⏭️ [AUTH] Skipping initialization {"hasState":true,"alreadyInitialized":false,"isClient":false,"timestamp":"2025-10-28T16:33:54.763Z"}
[2025-10-28T16:33:55.109Z] [INFO   ]  [32m[1m✓[22m[39m Compiled in 706ms (597 modules)
[2025-10-28T16:33:55.240Z] [INFO   ] 2025-10-28T16:33:55.239Z [DEBUG] [Username Check] {"userId":"a3e3a51a-175c-4b59-ad03-227ba12a18b0","hasEmail":true,"provider":"email","hasUsername":true,"isGoogleUser":false}
[2025-10-28T16:33:55.888Z] [INFO   ]  [37m[1m○[22m[39m Compiling /icon.png ...
[2025-10-28T16:33:57.398Z] [INFO   ]  [32m[1m✓[22m[39m Compiled /icon.png in 2s (4058 modules)
[2025-10-28T16:34:01.320Z] [INFO   ]  [32m[1m✓[22m[39m Compiled /api/integrations in 427ms (4060 modules)
[2025-10-28T16:34:01.423Z] [INFO   ] 2025-10-28T16:34:01.423Z [DEBUG] 📍 [API /api/integrations] GET request received {"timestamp":"2025-10-28T16:34:01.423Z","headers":{"referer":"check-console"}}
[2025-10-28T16:34:01.632Z] [INFO   ] 2025-10-28T16:34:01.632Z [DEBUG] ✅ [API /api/integrations] User authenticated {"userId":"a3e3a51a-175c-4b59-ad03-227ba12a18b0"}
[2025-10-28T16:34:01.804Z] [INFO   ] 2025-10-28T16:34:01.804Z [DEBUG] 📊 [API /api/integrations] Query result {"count":14,"error":null,"firstFew":[{"provider":"notion","status":"connected"},{"provider":"mailchimp","status":"connected"}]}
[2025-10-28T16:34:09.336Z] [INFO   ] 2025-10-28T16:34:09.335Z [DEBUG] [Middleware] Username check: {"path":"/workflows/v2/api/flows","userId":"a3e3a51a-175c-4b59-ad03-227ba12a18b0","provider":"email","role":"free","username":"nstoddard17","hasUsername":true,"isBetaTester":false,"isNewBetaUser":false,"accountAge":13102561936}
[2025-10-28T16:34:09.921Z] [INFO   ]  [37m[1m○[22m[39m Compiling /workflows/v2/api/flows ...
[2025-10-28T16:34:09.994Z] [INFO   ]  [32m[1m✓[22m[39m Compiled /workflows/v2/api/flows in 611ms (4116 modules)
[2025-10-28T16:34:10.732Z] [INFO   ] 2025-10-28T16:34:10.732Z [DEBUG] [Middleware] Username check: {"path":"/workflows/builder/6c1232a4-6244-484a-b4cd-f970c22c0536","userId":"a3e3a51a-175c-4b59-ad03-227ba12a18b0","provider":"email","role":"free","username":"nstoddard17","hasUsername":true,"isBetaTester":false,"isNewBetaUser":false,"accountAge":13102563333}
[2025-10-28T16:34:11.264Z] [INFO   ]  [37m[1m○[22m[39m Compiling /workflows/builder/[id] ...
[2025-10-28T16:34:12.426Z] [INFO   ]  [32m[1m✓[22m[39m Compiled /workflows/builder/[id] in 1663ms (4795 modules)
[2025-10-28T16:34:13.331Z] [INFO   ] 2025-10-28T16:34:13.331Z [DEBUG] [Username Check] {"userId":"a3e3a51a-175c-4b59-ad03-227ba12a18b0","hasEmail":true,"provider":"email","hasUsername":true,"isGoogleUser":false}
[2025-10-28T16:34:13.907Z] [INFO   ] 2025-10-28T16:34:13.906Z [DEBUG] [Middleware] Username check: {"path":"/workflows/v2/api/flows/6c1232a4-6244-484a-b4cd-f970c22c0536/revisions","userId":"a3e3a51a-175c-4b59-ad03-227ba12a18b0","provider":"email","role":"free","username":"nstoddard17","hasUsername":true,"isBetaTester":false,"isNewBetaUser":false,"accountAge":13102566507}
[2025-10-28T16:34:14.319Z] [INFO   ]  [32m[1m✓[22m[39m Compiled /workflows/v2/api/flows/[flowId]/revisions in 350ms (4797 modules)
[2025-10-28T16:34:15.178Z] [INFO   ] 2025-10-28T16:34:15.178Z [DEBUG] [Middleware] Username check: {"path":"/workflows/v2/api/flows/6c1232a4-6244-484a-b4cd-f970c22c0536/revisions","userId":"a3e3a51a-175c-4b59-ad03-227ba12a18b0","provider":"email","role":"free","username":"nstoddard17","hasUsername":true,"isBetaTester":false,"isNewBetaUser":false,"accountAge":13102567779}
[2025-10-28T16:34:15.274Z] [INFO   ] 2025-10-28T16:34:15.274Z [DEBUG] [Middleware] Username check: {"path":"/workflows/v2/api/flows/6c1232a4-6244-484a-b4cd-f970c22c0536/revisions/1d91ba00-68ac-4f7c-a807-ad48e27db33d","userId":"a3e3a51a-175c-4b59-ad03-227ba12a18b0","provider":"email","role":"free","username":"nstoddard17","hasUsername":true,"isBetaTester":false,"isNewBetaUser":false,"accountAge":13102567875}
[2025-10-28T16:34:15.736Z] [INFO   ]  [32m[1m✓[22m[39m Compiled /workflows/v2/api/flows/[flowId]/revisions/[revisionId] in 438ms (4799 modules)
[2025-10-28T16:34:16.558Z] [INFO   ] 2025-10-28T16:34:16.558Z [DEBUG] [Middleware] Username check: {"path":"/workflows/v2/api/flows/6c1232a4-6244-484a-b4cd-f970c22c0536/revisions/1d91ba00-68ac-4f7c-a807-ad48e27db33d","userId":"a3e3a51a-175c-4b59-ad03-227ba12a18b0","provider":"email","role":"free","username":"nstoddard17","hasUsername":true,"isBetaTester":false,"isNewBetaUser":false,"accountAge":13102569159}
[2025-10-28T16:34:17.630Z] [INFO   ] 2025-10-28T16:34:17.630Z [DEBUG] [Middleware] Username check: {"path":"/workflows/v2/api/flows/6c1232a4-6244-484a-b4cd-f970c22c0536/edits","userId":"a3e3a51a-175c-4b59-ad03-227ba12a18b0","provider":"email","role":"free","username":"nstoddard17","hasUsername":true,"isBetaTester":false,"isNewBetaUser":false,"accountAge":13102570231}
[2025-10-28T16:34:18.066Z] [INFO   ]  [32m[1m✓[22m[39m Compiled /workflows/v2/api/flows/[flowId]/edits in 389ms (4802 modules)
[2025-10-28T16:35:55.984Z] [INFO   ]  [32m[1m✓[22m[39m Compiled in 1595ms (4791 modules)
[2025-10-28T16:35:56.341Z] [INFO   ] 2025-10-28T16:35:56.340Z [DEBUG] [Middleware] Username check: {"path":"/workflows/v2/api/flows/6c1232a4-6244-484a-b4cd-f970c22c0536/revisions","userId":"a3e3a51a-175c-4b59-ad03-227ba12a18b0","provider":"email","role":"free","username":"nstoddard17","hasUsername":true,"isBetaTester":false,"isNewBetaUser":false,"accountAge":13102668941}
[2025-10-28T16:35:56.465Z] [INFO   ] 2025-10-28T16:35:56.465Z [DEBUG] [Middleware] Username check: {"path":"/workflows/builder/6c1232a4-6244-484a-b4cd-f970c22c0536","userId":"a3e3a51a-175c-4b59-ad03-227ba12a18b0","provider":"email","role":"free","username":"nstoddard17","hasUsername":true,"isBetaTester":false,"isNewBetaUser":false,"accountAge":13102669066}
[2025-10-28T16:35:56.648Z] [INFO   ]  [32m[1m✓[22m[39m Compiled /workflows/v2/api/flows/[flowId]/revisions in 267ms (3865 modules)
[2025-10-28T16:35:57.155Z] [INFO   ] 2025-10-28T16:35:57.155Z [DEBUG] [Username Check] {"userId":"a3e3a51a-175c-4b59-ad03-227ba12a18b0","hasEmail":true,"provider":"email","hasUsername":true,"isGoogleUser":false}
[2025-10-28T16:35:57.794Z] [INFO   ] 2025-10-28T16:35:57.794Z [DEBUG] [Middleware] Username check: {"path":"/workflows/v2/api/flows/6c1232a4-6244-484a-b4cd-f970c22c0536/revisions/1d91ba00-68ac-4f7c-a807-ad48e27db33d","userId":"a3e3a51a-175c-4b59-ad03-227ba12a18b0","provider":"email","role":"free","username":"nstoddard17","hasUsername":true,"isBetaTester":false,"isNewBetaUser":false,"accountAge":13102670395}
[2025-10-28T16:35:58.286Z] [INFO   ]  [32m[1m✓[22m[39m Compiled /workflows/v2/api/flows/[flowId]/revisions/[revisionId] in 364ms (3867 modules)
[2025-10-28T16:36:04.988Z] [INFO   ]  [32m[1m✓[22m[39m Compiled in 946ms (4799 modules)
[2025-10-28T16:36:05.209Z] [INFO   ] 2025-10-28T16:36:05.209Z [DEBUG] [Middleware] Username check: {"path":"/workflows/builder/6c1232a4-6244-484a-b4cd-f970c22c0536","userId":"a3e3a51a-175c-4b59-ad03-227ba12a18b0","provider":"email","role":"free","username":"nstoddard17","hasUsername":true,"isBetaTester":false,"isNewBetaUser":false,"accountAge":13102677810}
[2025-10-28T16:36:05.422Z] [INFO   ] 2025-10-28T16:36:05.422Z [DEBUG] [Username Check] {"userId":"a3e3a51a-175c-4b59-ad03-227ba12a18b0","hasEmail":true,"provider":"email","hasUsername":true,"isGoogleUser":false}
[2025-10-28T16:36:05.430Z] [INFO   ] 2025-10-28T16:36:05.430Z [DEBUG] [Middleware] Username check: {"path":"/workflows/v2/api/flows/6c1232a4-6244-484a-b4cd-f970c22c0536/revisions","userId":"a3e3a51a-175c-4b59-ad03-227ba12a18b0","provider":"email","role":"free","username":"nstoddard17","hasUsername":true,"isBetaTester":false,"isNewBetaUser":false,"accountAge":13102678031}
[2025-10-28T16:36:05.936Z] [INFO   ] 2025-10-28T16:36:05.936Z [DEBUG] [Middleware] Username check: {"path":"/workflows/v2/api/flows/6c1232a4-6244-484a-b4cd-f970c22c0536/revisions/1d91ba00-68ac-4f7c-a807-ad48e27db33d","userId":"a3e3a51a-175c-4b59-ad03-227ba12a18b0","provider":"email","role":"free","username":"nstoddard17","hasUsername":true,"isBetaTester":false,"isNewBetaUser":false,"accountAge":13102678537}
[2025-10-28T16:36:21.056Z] [INFO   ]  [32m[1m✓[22m[39m Compiled in 877ms (4799 modules)
[2025-10-28T16:36:21.279Z] [INFO   ] 2025-10-28T16:36:21.279Z [DEBUG] [Middleware] Username check: {"path":"/workflows/builder/6c1232a4-6244-484a-b4cd-f970c22c0536","userId":"a3e3a51a-175c-4b59-ad03-227ba12a18b0","provider":"email","role":"free","username":"nstoddard17","hasUsername":true,"isBetaTester":false,"isNewBetaUser":false,"accountAge":13102693880}
[2025-10-28T16:36:21.468Z] [INFO   ] 2025-10-28T16:36:21.467Z [DEBUG] [Username Check] {"userId":"a3e3a51a-175c-4b59-ad03-227ba12a18b0","hasEmail":true,"provider":"email","hasUsername":true,"isGoogleUser":false}
[2025-10-28T16:36:21.474Z] [INFO   ] 2025-10-28T16:36:21.474Z [DEBUG] [Middleware] Username check: {"path":"/workflows/v2/api/flows/6c1232a4-6244-484a-b4cd-f970c22c0536/revisions","userId":"a3e3a51a-175c-4b59-ad03-227ba12a18b0","provider":"email","role":"free","username":"nstoddard17","hasUsername":true,"isBetaTester":false,"isNewBetaUser":false,"accountAge":13102694075}
[2025-10-28T16:36:21.988Z] [INFO   ] 2025-10-28T16:36:21.988Z [DEBUG] [Middleware] Username check: {"path":"/workflows/v2/api/flows/6c1232a4-6244-484a-b4cd-f970c22c0536/revisions/1d91ba00-68ac-4f7c-a807-ad48e27db33d","userId":"a3e3a51a-175c-4b59-ad03-227ba12a18b0","provider":"email","role":"free","username":"nstoddard17","hasUsername":true,"isBetaTester":false,"isNewBetaUser":false,"accountAge":13102694589}
[2025-10-28T16:36:37.532Z] [INFO   ]  [32m[1m✓[22m[39m Compiled in 692ms (4799 modules)
[2025-10-28T16:36:37.769Z] [INFO   ] 2025-10-28T16:36:37.769Z [DEBUG] [Middleware] Username check: {"path":"/workflows/builder/6c1232a4-6244-484a-b4cd-f970c22c0536","userId":"a3e3a51a-175c-4b59-ad03-227ba12a18b0","provider":"email","role":"free","username":"nstoddard17","hasUsername":true,"isBetaTester":false,"isNewBetaUser":false,"accountAge":13102710370}
[2025-10-28T16:36:37.972Z] [INFO   ] 2025-10-28T16:36:37.972Z [DEBUG] [Username Check] {"userId":"a3e3a51a-175c-4b59-ad03-227ba12a18b0","hasEmail":true,"provider":"email","hasUsername":true,"isGoogleUser":false}
[2025-10-28T16:36:37.979Z] [INFO   ] 2025-10-28T16:36:37.979Z [DEBUG] [Middleware] Username check: {"path":"/workflows/v2/api/flows/6c1232a4-6244-484a-b4cd-f970c22c0536/revisions","userId":"a3e3a51a-175c-4b59-ad03-227ba12a18b0","provider":"email","role":"free","username":"nstoddard17","hasUsername":true,"isBetaTester":false,"isNewBetaUser":false,"accountAge":13102710580}
[2025-10-28T16:36:38.456Z] [INFO   ] 2025-10-28T16:36:38.456Z [DEBUG] [Middleware] Username check: {"path":"/workflows/v2/api/flows/6c1232a4-6244-484a-b4cd-f970c22c0536/revisions/1d91ba00-68ac-4f7c-a807-ad48e27db33d","userId":"a3e3a51a-175c-4b59-ad03-227ba12a18b0","provider":"email","role":"free","username":"nstoddard17","hasUsername":true,"isBetaTester":false,"isNewBetaUser":false,"accountAge":13102711057}
[2025-10-28T16:36:58.071Z] [INFO   ]  [32m[1m✓[22m[39m Compiled in 640ms (4812 modules)
[2025-10-28T16:36:58.342Z] [INFO   ] 2025-10-28T16:36:58.342Z [DEBUG] [Middleware] Username check: {"path":"/workflows/builder/6c1232a4-6244-484a-b4cd-f970c22c0536","userId":"a3e3a51a-175c-4b59-ad03-227ba12a18b0","provider":"email","role":"free","username":"nstoddard17","hasUsername":true,"isBetaTester":false,"isNewBetaUser":false,"accountAge":13102730943}
[2025-10-28T16:36:58.556Z] [INFO   ] 2025-10-28T16:36:58.556Z [DEBUG] [Username Check] {"userId":"a3e3a51a-175c-4b59-ad03-227ba12a18b0","hasEmail":true,"provider":"email","hasUsername":true,"isGoogleUser":false}
[2025-10-28T16:37:11.020Z] [INFO   ]  [32m[1m✓[22m[39m Compiled in 660ms (4812 modules)
[2025-10-28T16:37:11.398Z] [INFO   ] 2025-10-28T16:37:11.398Z [DEBUG] [Middleware] Username check: {"path":"/workflows/builder/6c1232a4-6244-484a-b4cd-f970c22c0536","userId":"a3e3a51a-175c-4b59-ad03-227ba12a18b0","provider":"email","role":"free","username":"nstoddard17","hasUsername":true,"isBetaTester":false,"isNewBetaUser":false,"accountAge":13102743999}
[2025-10-28T16:37:11.591Z] [INFO   ] 2025-10-28T16:37:11.591Z [DEBUG] [Username Check] {"userId":"a3e3a51a-175c-4b59-ad03-227ba12a18b0","hasEmail":true,"provider":"email","hasUsername":true,"isGoogleUser":false}
[2025-10-28T16:37:17.536Z] [INFO   ]  [32m[1m✓[22m[39m Compiled in 544ms (4812 modules)
[2025-10-28T16:37:17.770Z] [INFO   ] 2025-10-28T16:37:17.770Z [DEBUG] [Middleware] Username check: {"path":"/workflows/builder/6c1232a4-6244-484a-b4cd-f970c22c0536","userId":"a3e3a51a-175c-4b59-ad03-227ba12a18b0","provider":"email","role":"free","username":"nstoddard17","hasUsername":true,"isBetaTester":false,"isNewBetaUser":false,"accountAge":13102750371}
[2025-10-28T16:37:17.989Z] [INFO   ] 2025-10-28T16:37:17.988Z [DEBUG] [Username Check] {"userId":"a3e3a51a-175c-4b59-ad03-227ba12a18b0","hasEmail":true,"provider":"email","hasUsername":true,"isGoogleUser":false}
[2025-10-28T16:38:08.065Z] [INFO   ] 2025-10-28T16:38:08.058Z [DEBUG] [Middleware] Username check: {"path":"/workflows/builder/6c1232a4-6244-484a-b4cd-f970c22c0536","userId":"a3e3a51a-175c-4b59-ad03-227ba12a18b0","provider":"email","role":"free","username":"nstoddard17","hasUsername":true,"isBetaTester":false,"isNewBetaUser":false,"accountAge":13102800659}
[2025-10-28T16:38:08.362Z] [INFO   ] 2025-10-28T16:38:08.361Z [DEBUG] 💧 [AUTH] Rehydrating auth state from storage {"hasState":true,"hasUser":false,"initialized":false,"timestamp":"2025-10-28T16:38:08.361Z"}
[2025-10-28T16:38:08.368Z] [INFO   ] 2025-10-28T16:38:08.368Z [DEBUG] 💧 [AUTH] State hydrated and reset {"hasUser":false,"initialized":false,"timestamp":"2025-10-28T16:38:08.368Z"}
[2025-10-28T16:38:08.368Z] [INFO   ] 2025-10-28T16:38:08.368Z [DEBUG] ⏭️ [AUTH] Skipping initialization {"hasState":true,"alreadyInitialized":false,"isClient":false,"timestamp":"2025-10-28T16:38:08.368Z"}
[2025-10-28T16:38:08.602Z] [INFO   ] 2025-10-28T16:38:08.601Z [DEBUG] [Username Check] {"userId":"a3e3a51a-175c-4b59-ad03-227ba12a18b0","hasEmail":true,"provider":"email","hasUsername":true,"isGoogleUser":false}
[2025-10-28T16:38:09.644Z] [INFO   ]  [37m[1m○[22m[39m Compiling /api/presence/count ...
[2025-10-28T16:38:10.032Z] [INFO   ]  [32m[1m✓[22m[39m Compiled /icon.png in 892ms (3867 modules)
[2025-10-28T16:38:10.128Z] [INFO   ] 2025-10-28T16:38:10.128Z [DEBUG] [Middleware] Username check: {"path":"/workflows/v2/api/flows/6c1232a4-6244-484a-b4cd-f970c22c0536/revisions","userId":"a3e3a51a-175c-4b59-ad03-227ba12a18b0","provider":"email","role":"free","username":"nstoddard17","hasUsername":true,"isBetaTester":false,"isNewBetaUser":false,"accountAge":13102802729}
[2025-10-28T16:38:10.333Z] [INFO   ]  [32m[1m✓[22m[39m Compiled /workflows/v2/api/flows/[flowId]/revisions in 0ms (3871 modules)
[2025-10-28T16:38:10.828Z] [INFO   ]  [32m[1m✓[22m[39m Compiled in 0ms (3876 modules)
[2025-10-28T16:38:11.116Z] [INFO   ]  [32m[1m✓[22m[39m Compiled in 1ms (3876 modules)
[2025-10-28T16:38:11.409Z] [INFO   ]  [32m[1m✓[22m[39m Compiled in 1ms (3876 modules)
[2025-10-28T16:38:11.702Z] [INFO   ] 2025-10-28T16:38:11.702Z [DEBUG] 📍 [API /api/integrations] GET request received {"timestamp":"2025-10-28T16:38:11.701Z","headers":{"referer":"check-console"}}
[2025-10-28T16:38:11.833Z] [INFO   ] 2025-10-28T16:38:11.833Z [DEBUG] ✅ [API /api/integrations] User authenticated {"userId":"a3e3a51a-175c-4b59-ad03-227ba12a18b0"}
[2025-10-28T16:38:11.994Z] [INFO   ] 2025-10-28T16:38:11.994Z [DEBUG] 📊 [API /api/integrations] Query result {"count":14,"error":null,"firstFew":[{"provider":"notion","status":"connected"},{"provider":"mailchimp","status":"connected"}]}
[2025-10-28T16:38:12.330Z] [INFO   ] 2025-10-28T16:38:12.330Z [DEBUG] [Middleware] Username check: {"path":"/workflows/v2/api/flows/6c1232a4-6244-484a-b4cd-f970c22c0536/revisions","userId":"a3e3a51a-175c-4b59-ad03-227ba12a18b0","provider":"email","role":"free","username":"nstoddard17","hasUsername":true,"isBetaTester":false,"isNewBetaUser":false,"accountAge":13102804931}
[2025-10-28T16:38:12.348Z] [INFO   ] 2025-10-28T16:38:12.348Z [DEBUG] [Middleware] Username check: {"path":"/workflows/v2/api/flows/6c1232a4-6244-484a-b4cd-f970c22c0536/revisions/1d91ba00-68ac-4f7c-a807-ad48e27db33d","userId":"a3e3a51a-175c-4b59-ad03-227ba12a18b0","provider":"email","role":"free","username":"nstoddard17","hasUsername":true,"isBetaTester":false,"isNewBetaUser":false,"accountAge":13102804949}
[2025-10-28T16:38:12.856Z] [INFO   ]  [32m[1m✓[22m[39m Compiled /workflows/v2/api/flows/[flowId]/revisions/[revisionId] in 462ms (3878 modules)
[2025-10-28T16:38:13.300Z] [INFO   ] 2025-10-28T16:38:13.300Z [DEBUG] [Middleware] Username check: {"path":"/workflows/v2/api/flows/6c1232a4-6244-484a-b4cd-f970c22c0536/revisions/1d91ba00-68ac-4f7c-a807-ad48e27db33d","userId":"a3e3a51a-175c-4b59-ad03-227ba12a18b0","provider":"email","role":"free","username":"nstoddard17","hasUsername":true,"isBetaTester":false,"isNewBetaUser":false,"accountAge":13102805901}
[2025-10-28T16:38:13.609Z] [INFO   ] 2025-10-28T16:38:13.609Z [DEBUG] [Middleware] Username check: {"path":"/workflows/v2/api/flows/6c1232a4-6244-484a-b4cd-f970c22c0536/edits","userId":"a3e3a51a-175c-4b59-ad03-227ba12a18b0","provider":"email","role":"free","username":"nstoddard17","hasUsername":true,"isBetaTester":false,"isNewBetaUser":false,"accountAge":13102806210}
[2025-10-28T16:38:14.011Z] [INFO   ]  [32m[1m✓[22m[39m Compiled /workflows/v2/api/flows/[flowId]/edits in 375ms (3881 modules)

=== Log Session Ended: 2025-10-28T16:38:18.165Z ===
