=== Log Session Started: 2025-11-10T20:24:50.336Z ===
Node Version: v23.7.0
Platform: darwin
Working Directory: /Users/nathanielstoddard/chainreact-app/chainreact-app-9e
================================================================================

[2025-11-10T20:24:50.336Z] [INFO   ] File logging initialized
[2025-11-10T20:24:50.336Z] [INFO   ] Log file: /Users/nathanielstoddard/chainreact-app/chainreact-app-9e/logs/workflow_2025-11-10_14-24-50.log
[2025-11-10T20:24:50.338Z] [INFO   ] 📁 File logging enabled
[2025-11-10T20:24:50.338Z] [INFO   ] 📝 Logs will be written to: /Users/nathanielstoddard/chainreact-app/chainreact-app-9e/logs/workflow_2025-11-10_14-24-50.log
[2025-11-10T20:24:50.338Z] [INFO   ] 💡 To view logs in real-time: tail -f /Users/nathanielstoddard/chainreact-app/chainreact-app-9e/logs/workflow_2025-11-10_14-24-50.log
[2025-11-10T20:24:50.338Z] [INFO   ] 💡 To view all logs: cat /Users/nathanielstoddard/chainreact-app/chainreact-app-9e/logs/workflow_2025-11-10_14-24-50.log
[2025-11-10T20:24:50.338Z] [INFO   ] 💡 To share logs: Copy the file at /Users/nathanielstoddard/chainreact-app/chainreact-app-9e/logs/workflow_2025-11-10_14-24-50.log
[2025-11-10T20:24:50.338Z] [INFO   ] --------------------------------------------------------------------------------
[2025-11-10T20:24:50.338Z] [DEBUG  ] 📁 File logging system initialized
[2025-11-10T20:24:50.356Z] [INFO   ]  [32m[1m✓[22m[39m Ready in 3.6s
[2025-11-10T20:24:51.399Z] [INFO   ] 2025-11-10T20:24:51.399Z [DEBUG] 🤖 Discord bot configured, initializing gateway connection in background...
[2025-11-10T20:24:53.456Z] [INFO   ] 2025-11-10T20:24:53.456Z [DEBUG] Initializing Discord Gateway connection (singleton)...
[2025-11-10T20:24:53.456Z] [INFO   ] 2025-11-10T20:24:53.456Z [DEBUG] 🔑 Discord bot token loaded
[2025-11-10T20:24:53.892Z] [INFO   ] 2025-11-10T20:24:53.892Z [DEBUG] Discord Gateway initialization complete
[2025-11-10T20:24:53.893Z] [INFO   ] 2025-11-10T20:24:53.893Z [DEBUG] ✅ Discord bot gateway connection initialized
[2025-11-10T20:24:54.117Z] [INFO   ] 2025-11-10T20:24:54.117Z [DEBUG] Discord Gateway WebSocket connection established
[2025-11-10T20:24:54.118Z] [INFO   ] 2025-11-10T20:24:54.118Z [DEBUG] 🔑 Sending identify with intents: {"GUILDS":true,"GUILD_MEMBERS":true,"GUILD_INVITES":true,"GUILD_MESSAGES":true,"MESSAGE_CONTENT":true,"intentsValue":33347}
[2025-11-10T20:24:54.315Z] [INFO   ] 2025-11-10T20:24:54.315Z [DEBUG] 🎉 Discord bot ready! {"sessionId":"6aed09c772d03b540f95569d6bfdbc7b","username":"ChainReact-Bot","userId":"1378595955212812308","guildCount":2}
[2025-11-10T20:24:54.315Z] [INFO   ] 2025-11-10T20:24:54.315Z [DEBUG] 📋 Initializing invite cache...
[2025-11-10T20:24:54.338Z] [INFO   ] 2025-11-10T20:24:54.337Z [DEBUG] 📡 Discord event received: GUILD_CREATE
[2025-11-10T20:24:54.338Z] [INFO   ] 2025-11-10T20:24:54.338Z [DEBUG] 📡 Discord event received: GUILD_CREATE
[2025-11-10T20:24:54.490Z] [INFO   ] 2025-11-10T20:24:54.490Z [DEBUG] ✅ Cached 3 invites for guild 1378950884045623406
[2025-11-10T20:25:09.842Z] [WARN   ]  [33m[1m⚠[22m[39m ./lib/workflows/actions/registry.ts
Attempted import error: 'findGoogleSheetsRow' is not exported from './googleSheets' (imported as 'findGoogleSheetsRow').

Import trace for requested module:
./lib/workflows/actions/registry.ts
./lib/workflows/executeNode.ts
./lib/execution/advancedExecutionEngine.ts
./lib/integrations/discordGateway.ts
[2025-11-10T20:25:16.615Z] [WARN   ]  [33m[1m⚠[22m[39m ./lib/workflows/actions/registry.ts
Attempted import error: 'findGoogleSheetsRow' is not exported from './googleSheets' (imported as 'findGoogleSheetsRow').

Import trace for requested module:
./lib/workflows/actions/registry.ts
./lib/workflows/executeNode.ts
./lib/execution/advancedExecutionEngine.ts
./lib/integrations/discordGateway.ts
[2025-11-10T20:25:17.206Z] [INFO   ] 2025-11-10T20:25:17.206Z [DEBUG] 💧 [AUTH] Rehydrating auth state from storage {"hasState":true,"hasUser":false,"initialized":false,"timestamp":"2025-11-10T20:25:17.206Z"}
[2025-11-10T20:25:17.219Z] [INFO   ] 2025-11-10T20:25:17.219Z [DEBUG] 💧 [AUTH] State hydrated and reset {"hasUser":false,"initialized":false,"timestamp":"2025-11-10T20:25:17.218Z"}
[2025-11-10T20:25:17.219Z] [INFO   ] 2025-11-10T20:25:17.219Z [DEBUG] ⏭️ [AUTH] Skipping initialization {"hasState":true,"alreadyInitialized":false,"isClient":false,"timestamp":"2025-11-10T20:25:17.219Z"}
[2025-11-10T20:25:17.857Z] [WARN   ]  [33m[1m⚠[22m[39m ./lib/workflows/actions/registry.ts
Attempted import error: 'findGoogleSheetsRow' is not exported from './googleSheets' (imported as 'findGoogleSheetsRow').

Import trace for requested module:
./lib/workflows/actions/registry.ts
./lib/workflows/executeNode.ts
./lib/execution/advancedExecutionEngine.ts
./lib/integrations/discordGateway.ts
[2025-11-10T20:25:19.465Z] [WARN   ]  [33m[1m⚠[22m[39m ./lib/workflows/actions/registry.ts
Attempted import error: 'findGoogleSheetsRow' is not exported from './googleSheets' (imported as 'findGoogleSheetsRow').

Import trace for requested module:
./lib/workflows/actions/registry.ts
./lib/workflows/executeNode.ts
./lib/execution/advancedExecutionEngine.ts
./lib/integrations/discordGateway.ts
[2025-11-10T20:25:19.903Z] [WARN   ]  [33m[1m⚠[22m[39m ./lib/workflows/actions/registry.ts
Attempted import error: 'findGoogleSheetsRow' is not exported from './googleSheets' (imported as 'findGoogleSheetsRow').

Import trace for requested module:
./lib/workflows/actions/registry.ts
./lib/workflows/executeNode.ts
./lib/execution/advancedExecutionEngine.ts
./lib/integrations/discordGateway.ts
[2025-11-10T20:25:21.298Z] [WARN   ]  [33m[1m⚠[22m[39m ./lib/workflows/actions/registry.ts
Attempted import error: 'findGoogleSheetsRow' is not exported from './googleSheets' (imported as 'findGoogleSheetsRow').

Import trace for requested module:
./lib/workflows/actions/registry.ts
./lib/workflows/executeNode.ts
./lib/execution/advancedExecutionEngine.ts
./lib/integrations/discordGateway.ts
[2025-11-10T20:25:21.623Z] [INFO   ] 2025-11-10T20:25:21.623Z [DEBUG] 📍 [API /api/integrations] GET request received {"timestamp":"2025-11-10T20:25:21.623Z","url":"http://localhost:3000/api/integrations?workspace_type=personal"}
[2025-11-10T20:25:21.979Z] [INFO   ] 2025-11-10T20:25:21.979Z [DEBUG] ✅ [API /api/integrations] User authenticated {"userId":"a3e3a51a-175c-4b59-ad03-227ba12a18b0"}
[2025-11-10T20:25:21.979Z] [INFO   ] 2025-11-10T20:25:21.979Z [DEBUG] 🏠 [API /api/integrations] Workspace context {"workspaceType":"personal","workspaceId":null}
[2025-11-10T20:25:22.138Z] [INFO   ] 2025-11-10T20:25:22.138Z [DEBUG] 📊 [API /api/integrations] Parallel query results {"workspaceType":"personal","workspaceId":null,"integrationsCount":1,"permissionsCount":1,"integrationsError":null,"permissionsError":null}
[2025-11-10T20:25:22.138Z] [INFO   ] 2025-11-10T20:25:22.138Z [DEBUG] 📋 [API /api/integrations] Using explicit permission {"integrationId":"dc6cd712-ac50-45b5-86b6-4ff9963c7aa8","provider":"google-sheets","permission":"admin"}
[2025-11-10T20:25:22.138Z] [INFO   ] 2025-11-10T20:25:22.138Z [DEBUG] ✅ [API /api/integrations] Returning integrations {"count":1,"workspaceType":"personal"}
[2025-11-10T20:25:22.204Z] [INFO   ] 2025-11-10T20:25:22.204Z [DEBUG] 📍 [API /api/integrations] GET request received {"timestamp":"2025-11-10T20:25:22.204Z","url":"http://localhost:3000/api/integrations?workspace_type=personal"}
[2025-11-10T20:25:22.328Z] [INFO   ] 2025-11-10T20:25:22.328Z [DEBUG] ✅ [API /api/integrations] User authenticated {"userId":"a3e3a51a-175c-4b59-ad03-227ba12a18b0"}
[2025-11-10T20:25:22.329Z] [INFO   ] 2025-11-10T20:25:22.329Z [DEBUG] 🏠 [API /api/integrations] Workspace context {"workspaceType":"personal","workspaceId":null}
[2025-11-10T20:25:22.471Z] [INFO   ] 2025-11-10T20:25:22.470Z [DEBUG] 📊 [API /api/integrations] Parallel query results {"workspaceType":"personal","workspaceId":null,"integrationsCount":1,"permissionsCount":1,"integrationsError":null,"permissionsError":null}
[2025-11-10T20:25:22.471Z] [INFO   ] 2025-11-10T20:25:22.471Z [DEBUG] 📋 [API /api/integrations] Using explicit permission {"integrationId":"dc6cd712-ac50-45b5-86b6-4ff9963c7aa8","provider":"google-sheets","permission":"admin"}
[2025-11-10T20:25:22.471Z] [INFO   ] 2025-11-10T20:25:22.471Z [DEBUG] ✅ [API /api/integrations] Returning integrations {"count":1,"workspaceType":"personal"}
