=== Log Session Started: 2025-11-01T19:34:05.551Z ===
Node Version: v23.7.0
Platform: darwin
Working Directory: /Users/nathanielstoddard/chainreact-app/chainreact-app-9e
================================================================================

[2025-11-01T19:34:05.551Z] [INFO   ] File logging initialized
[2025-11-01T19:34:05.551Z] [INFO   ] Log file: /Users/nathanielstoddard/chainreact-app/chainreact-app-9e/logs/workflow_2025-11-01_14-34-05.log
[2025-11-01T19:34:05.553Z] [INFO   ] 📁 File logging enabled
[2025-11-01T19:34:05.553Z] [INFO   ] 📝 Logs will be written to: /Users/nathanielstoddard/chainreact-app/chainreact-app-9e/logs/workflow_2025-11-01_14-34-05.log
[2025-11-01T19:34:05.553Z] [INFO   ] 💡 To view logs in real-time: tail -f /Users/nathanielstoddard/chainreact-app/chainreact-app-9e/logs/workflow_2025-11-01_14-34-05.log
[2025-11-01T19:34:05.554Z] [INFO   ] 💡 To view all logs: cat /Users/nathanielstoddard/chainreact-app/chainreact-app-9e/logs/workflow_2025-11-01_14-34-05.log
[2025-11-01T19:34:05.554Z] [INFO   ] 💡 To share logs: Copy the file at /Users/nathanielstoddard/chainreact-app/chainreact-app-9e/logs/workflow_2025-11-01_14-34-05.log
[2025-11-01T19:34:05.554Z] [INFO   ] --------------------------------------------------------------------------------
[2025-11-01T19:34:05.554Z] [DEBUG  ] 📁 File logging system initialized
[2025-11-01T19:34:05.570Z] [INFO   ]  [32m[1m✓[22m[39m Ready in 5.6s
[2025-11-01T19:34:05.691Z] [INFO   ]  [32m[1m✓[22m[39m Compiled /middleware in 115ms (233 modules)
[2025-11-01T19:34:06.337Z] [INFO   ] 2025-11-01T19:34:06.337Z [DEBUG] [Middleware] Username check: {"path":"/workflows/ai-agent","userId":"a3e3a51a-175c-4b59-ad03-227ba12a18b0","provider":"email","role":"free","username":"nstoddard17","hasUsername":true,"isBetaTester":false,"isNewBetaUser":false,"accountAge":13458958938}
[2025-11-01T19:34:06.556Z] [INFO   ] 2025-11-01T19:34:06.556Z [DEBUG] 🤖 Discord bot configured, initializing gateway connection in background...
[2025-11-01T19:34:08.601Z] [INFO   ] 2025-11-01T19:34:08.601Z [DEBUG] Initializing Discord Gateway connection (singleton)...
[2025-11-01T19:34:08.601Z] [INFO   ] 2025-11-01T19:34:08.601Z [DEBUG] 🔑 Discord bot token loaded
[2025-11-01T19:34:08.610Z] [INFO   ]  [37m[1m○[22m[39m Compiling /workflows/ai-agent ...
[2025-11-01T19:34:08.855Z] [INFO   ] 2025-11-01T19:34:08.855Z [DEBUG] Discord Gateway initialization complete
[2025-11-01T19:34:08.856Z] [INFO   ] 2025-11-01T19:34:08.856Z [DEBUG] ✅ Discord bot gateway connection initialized
[2025-11-01T19:34:09.024Z] [INFO   ] 2025-11-01T19:34:09.024Z [DEBUG] Discord Gateway WebSocket connection established
[2025-11-01T19:34:09.025Z] [INFO   ] 2025-11-01T19:34:09.025Z [DEBUG] 🔑 Sending identify with intents: {"GUILDS":true,"GUILD_MEMBERS":true,"GUILD_INVITES":true,"GUILD_MESSAGES":true,"MESSAGE_CONTENT":true,"intentsValue":33347}
[2025-11-01T19:34:09.556Z] [INFO   ] 2025-11-01T19:34:09.556Z [DEBUG] 🎉 Discord bot ready! {"sessionId":"6d36ab401bb165a8701805ed77f68909","username":"ChainReact-Bot","userId":"1378595955212812308","guildCount":2}
[2025-11-01T19:34:09.556Z] [INFO   ] 2025-11-01T19:34:09.556Z [DEBUG] 📋 Initializing invite cache...
[2025-11-01T19:34:09.557Z] [INFO   ] 2025-11-01T19:34:09.557Z [DEBUG] 📡 Discord event received: GUILD_CREATE
[2025-11-01T19:34:09.558Z] [INFO   ] 2025-11-01T19:34:09.558Z [DEBUG] 📡 Discord event received: GUILD_CREATE
[2025-11-01T19:34:09.729Z] [INFO   ] 2025-11-01T19:34:09.729Z [DEBUG] ✅ Cached 3 invites for guild 1378950884045623406
[2025-11-01T19:34:12.852Z] [INFO   ]  [32m[1m✓[22m[39m Compiled /workflows/ai-agent in 6.5s (4381 modules)
[2025-11-01T19:34:13.250Z] [INFO   ] 2025-11-01T19:34:13.250Z [DEBUG] 💧 [AUTH] Rehydrating auth state from storage {"hasState":true,"hasUser":false,"initialized":false,"timestamp":"2025-11-01T19:34:13.250Z"}
[2025-11-01T19:34:13.253Z] [INFO   ] 2025-11-01T19:34:13.253Z [DEBUG] 💧 [AUTH] State hydrated and reset {"hasUser":false,"initialized":false,"timestamp":"2025-11-01T19:34:13.253Z"}
[2025-11-01T19:34:13.253Z] [INFO   ] 2025-11-01T19:34:13.253Z [DEBUG] ⏭️ [AUTH] Skipping initialization {"hasState":true,"alreadyInitialized":false,"isClient":false,"timestamp":"2025-11-01T19:34:13.253Z"}
[2025-11-01T19:34:13.682Z] [INFO   ]  [32m[1m✓[22m[39m Compiled in 814ms (710 modules)
[2025-11-01T19:34:13.871Z] [INFO   ] 2025-11-01T19:34:13.871Z [DEBUG] [Username Check] {"userId":"a3e3a51a-175c-4b59-ad03-227ba12a18b0","hasEmail":true,"provider":"email","hasUsername":true,"isGoogleUser":false}
[2025-11-01T19:34:14.536Z] [INFO   ]  [37m[1m○[22m[39m Compiling /api/auth/profile ...
[2025-11-01T19:34:16.009Z] [INFO   ]  [32m[1m✓[22m[39m Compiled /api/auth/profile in 1974ms (4388 modules)
[2025-11-01T19:34:19.950Z] [INFO   ]  [32m[1m✓[22m[39m Compiled /api/integrations in 378ms (4390 modules)
[2025-11-01T19:34:20.083Z] [INFO   ] 2025-11-01T19:34:20.083Z [DEBUG] 📍 [API /api/integrations] GET request received {"timestamp":"2025-11-01T19:34:20.083Z","url":"http://localhost:3000/api/integrations?workspace_type=personal"}
[2025-11-01T19:34:20.287Z] [INFO   ] 2025-11-01T19:34:20.287Z [DEBUG] ✅ [API /api/integrations] User authenticated {"userId":"a3e3a51a-175c-4b59-ad03-227ba12a18b0"}
[2025-11-01T19:34:20.287Z] [INFO   ] 2025-11-01T19:34:20.287Z [DEBUG] 🏠 [API /api/integrations] Workspace context {"workspaceType":"personal","workspaceId":null}
[2025-11-01T19:34:20.435Z] [INFO   ] 2025-11-01T19:34:20.435Z [DEBUG] 📊 [API /api/integrations] Query result {"workspaceType":"personal","workspaceId":null,"count":14,"error":null}
[2025-11-01T19:34:20.436Z] [INFO   ] 2025-11-01T19:34:20.436Z [DEBUG] ✅ [API /api/integrations] Returning integrations {"count":14,"workspaceType":"personal"}
[2025-11-01T19:34:21.603Z] [INFO   ] 2025-11-01T19:34:21.602Z [DEBUG] [Middleware] Username check: {"path":"/workflows/v2/api/flows","userId":"a3e3a51a-175c-4b59-ad03-227ba12a18b0","provider":"email","role":"free","username":"nstoddard17","hasUsername":true,"isBetaTester":false,"isNewBetaUser":false,"accountAge":13458974203}
[2025-11-01T19:34:22.144Z] [INFO   ]  [37m[1m○[22m[39m Compiling /workflows/v2/api/flows ...
[2025-11-01T19:34:22.753Z] [INFO   ]  [32m[1m✓[22m[39m Compiled /workflows/v2/api/flows in 1109ms (4445 modules)
[2025-11-01T19:34:23.493Z] [INFO   ] 2025-11-01T19:34:23.493Z [DEBUG] [Middleware] Username check: {"path":"/workflows/builder/01c63486-9893-4432-978a-478a702101c4","userId":"a3e3a51a-175c-4b59-ad03-227ba12a18b0","provider":"email","role":"free","username":"nstoddard17","hasUsername":true,"isBetaTester":false,"isNewBetaUser":false,"accountAge":13458976094}
[2025-11-01T19:34:24.062Z] [INFO   ]  [37m[1m○[22m[39m Compiling /workflows/builder/[id] ...
[2025-11-01T19:34:25.332Z] [INFO   ]  [32m[1m✓[22m[39m Compiled /workflows/builder/[id] in 1796ms (5742 modules)
[2025-11-01T19:34:26.493Z] [INFO   ] 2025-11-01T19:34:26.493Z [DEBUG] [Username Check] {"userId":"a3e3a51a-175c-4b59-ad03-227ba12a18b0","hasEmail":true,"provider":"email","hasUsername":true,"isGoogleUser":false}
[2025-11-01T19:34:27.180Z] [INFO   ] 2025-11-01T19:34:27.180Z [DEBUG] [Middleware] Username check: {"path":"/workflows/v2/api/flows/01c63486-9893-4432-978a-478a702101c4/revisions","userId":"a3e3a51a-175c-4b59-ad03-227ba12a18b0","provider":"email","role":"free","username":"nstoddard17","hasUsername":true,"isBetaTester":false,"isNewBetaUser":false,"accountAge":13458979781}
[2025-11-01T19:34:27.533Z] [INFO   ]  [37m[1m○[22m[39m Compiling /workflows/v2/api/flows/[flowId]/revisions ...
[2025-11-01T19:34:27.927Z] [INFO   ]  [32m[1m✓[22m[39m Compiled /workflows/v2/api/flows/[flowId]/revisions in 945ms (5749 modules)
[2025-11-01T19:34:28.273Z] [INFO   ] 2025-11-01T19:34:28.273Z [DEBUG] [API /api/workflows] GET request {"workspaceType":"personal","workspaceId":null,"userId":"a3e3a51a-175c-4b59-ad03-227ba12a18b0"}
[2025-11-01T19:34:28.325Z] [INFO   ] 2025-11-01T19:34:28.325Z [DEBUG] 📍 [API /api/integrations] GET request received {"timestamp":"2025-11-01T19:34:28.325Z","url":"http://localhost:3000/api/integrations"}
[2025-11-01T19:34:28.375Z] [INFO   ] 2025-11-01T19:34:28.375Z [DEBUG] [API /api/workflows] Query result {"workspaceType":"personal","count":13,"error":null}
[2025-11-01T19:34:28.464Z] [INFO   ] 2025-11-01T19:34:28.464Z [DEBUG] ✅ [API /api/integrations] User authenticated {"userId":"a3e3a51a-175c-4b59-ad03-227ba12a18b0"}
[2025-11-01T19:34:28.465Z] [INFO   ] 2025-11-01T19:34:28.465Z [DEBUG] 🏠 [API /api/integrations] Workspace context {"workspaceType":"personal","workspaceId":null}
[2025-11-01T19:34:28.556Z] [INFO   ] 2025-11-01T19:34:28.556Z [DEBUG] 📊 [API /api/integrations] Query result {"workspaceType":"personal","workspaceId":null,"count":14,"error":null}
[2025-11-01T19:34:28.557Z] [INFO   ] 2025-11-01T19:34:28.557Z [DEBUG] ✅ [API /api/integrations] Returning integrations {"count":14,"workspaceType":"personal"}
[2025-11-01T19:34:28.614Z] [INFO   ] 2025-11-01T19:34:28.614Z [DEBUG] 📍 [API /api/integrations] GET request received {"timestamp":"2025-11-01T19:34:28.614Z","url":"http://localhost:3000/api/integrations"}
[2025-11-01T19:34:28.720Z] [INFO   ] 2025-11-01T19:34:28.720Z [DEBUG] ✅ [API /api/integrations] User authenticated {"userId":"a3e3a51a-175c-4b59-ad03-227ba12a18b0"}
[2025-11-01T19:34:28.720Z] [INFO   ] 2025-11-01T19:34:28.720Z [DEBUG] 🏠 [API /api/integrations] Workspace context {"workspaceType":"personal","workspaceId":null}
[2025-11-01T19:34:28.825Z] [INFO   ] 2025-11-01T19:34:28.825Z [DEBUG] 📊 [API /api/integrations] Query result {"workspaceType":"personal","workspaceId":null,"count":14,"error":null}
[2025-11-01T19:34:28.825Z] [INFO   ] 2025-11-01T19:34:28.825Z [DEBUG] ✅ [API /api/integrations] Returning integrations {"count":14,"workspaceType":"personal"}
[2025-11-01T19:34:29.007Z] [INFO   ] 2025-11-01T19:34:29.007Z [DEBUG] [Middleware] Username check: {"path":"/workflows/v2/api/flows/01c63486-9893-4432-978a-478a702101c4/revisions","userId":"a3e3a51a-175c-4b59-ad03-227ba12a18b0","provider":"email","role":"free","username":"nstoddard17","hasUsername":true,"isBetaTester":false,"isNewBetaUser":false,"accountAge":13458981608}
[2025-11-01T19:34:29.010Z] [INFO   ] 2025-11-01T19:34:29.010Z [DEBUG] [Middleware] Username check: {"path":"/workflows/v2/api/flows/01c63486-9893-4432-978a-478a702101c4/revisions/57f4ac2c-d755-4755-9c6a-aa0535566478","userId":"a3e3a51a-175c-4b59-ad03-227ba12a18b0","provider":"email","role":"free","username":"nstoddard17","hasUsername":true,"isBetaTester":false,"isNewBetaUser":false,"accountAge":13458981611}
[2025-11-01T19:34:29.517Z] [INFO   ]  [32m[1m✓[22m[39m Compiled /workflows/v2/api/flows/[flowId]/revisions/[revisionId] in 434ms (5751 modules)
[2025-11-01T19:34:30.264Z] [INFO   ] 2025-11-01T19:34:30.263Z [DEBUG] [Middleware] Username check: {"path":"/workflows/v2/api/flows/01c63486-9893-4432-978a-478a702101c4/revisions/57f4ac2c-d755-4755-9c6a-aa0535566478","userId":"a3e3a51a-175c-4b59-ad03-227ba12a18b0","provider":"email","role":"free","username":"nstoddard17","hasUsername":true,"isBetaTester":false,"isNewBetaUser":false,"accountAge":13458982864}
[2025-11-01T19:34:30.790Z] [INFO   ]  [37m[1m○[22m[39m Compiling /api/workflows/[id]/chat ...
[2025-11-01T19:34:31.007Z] [INFO   ] 2025-11-01T19:34:31.006Z [DEBUG] [Middleware] Username check: {"path":"/workflows/v2/api/flows/01c63486-9893-4432-978a-478a702101c4/edits","userId":"a3e3a51a-175c-4b59-ad03-227ba12a18b0","provider":"email","role":"free","username":"nstoddard17","hasUsername":true,"isBetaTester":false,"isNewBetaUser":false,"accountAge":13458983607}
[2025-11-01T19:34:31.369Z] [INFO   ]  [32m[1m✓[22m[39m Compiled /workflows/v2/api/flows/[flowId]/edits in 1114ms (5753 modules)
[2025-11-01T19:34:32.092Z] [INFO   ]  [32m[1m✓[22m[39m Compiled in 340ms (1343 modules)
[2025-11-01T19:34:32.419Z] [INFO   ] 2025-11-01T19:34:32.418Z [DEBUG] 📍 [API /api/integrations] GET request received {"timestamp":"2025-11-01T19:34:32.418Z","url":"http://localhost:3000/api/integrations"}
[2025-11-01T19:34:32.506Z] [INFO   ] 2025-11-01T19:34:32.505Z [DEBUG] ✅ [API /api/integrations] User authenticated {"userId":"a3e3a51a-175c-4b59-ad03-227ba12a18b0"}
[2025-11-01T19:34:32.506Z] [INFO   ] 2025-11-01T19:34:32.506Z [DEBUG] 🏠 [API /api/integrations] Workspace context {"workspaceType":"personal","workspaceId":null}
[2025-11-01T19:34:32.590Z] [INFO   ] 2025-11-01T19:34:32.590Z [DEBUG] 📊 [API /api/integrations] Query result {"workspaceType":"personal","workspaceId":null,"count":14,"error":null}
[2025-11-01T19:34:32.591Z] [INFO   ] 2025-11-01T19:34:32.591Z [DEBUG] ✅ [API /api/integrations] Returning integrations {"count":14,"workspaceType":"personal"}
[2025-11-01T19:34:32.679Z] [INFO   ] 2025-11-01T19:34:32.679Z [DEBUG] 📍 [API /api/integrations] GET request received {"timestamp":"2025-11-01T19:34:32.679Z","url":"http://localhost:3000/api/integrations"}
[2025-11-01T19:34:32.762Z] [INFO   ] 2025-11-01T19:34:32.762Z [DEBUG] ✅ [API /api/integrations] User authenticated {"userId":"a3e3a51a-175c-4b59-ad03-227ba12a18b0"}
[2025-11-01T19:34:32.763Z] [INFO   ] 2025-11-01T19:34:32.763Z [DEBUG] 🏠 [API /api/integrations] Workspace context {"workspaceType":"personal","workspaceId":null}
[2025-11-01T19:34:32.857Z] [INFO   ] 2025-11-01T19:34:32.857Z [DEBUG] 📊 [API /api/integrations] Query result {"workspaceType":"personal","workspaceId":null,"count":14,"error":null}
[2025-11-01T19:34:32.858Z] [INFO   ] 2025-11-01T19:34:32.858Z [DEBUG] ✅ [API /api/integrations] Returning integrations {"count":14,"workspaceType":"personal"}
[2025-11-01T19:34:37.139Z] [INFO   ] 2025-11-01T19:34:37.138Z [DEBUG] [Middleware] Username check: {"path":"/workflows/v2/api/flows/01c63486-9893-4432-978a-478a702101c4/apply-edits","userId":"a3e3a51a-175c-4b59-ad03-227ba12a18b0","provider":"email","role":"free","username":"nstoddard17","hasUsername":true,"isBetaTester":false,"isNewBetaUser":false,"accountAge":13458989739}
[2025-11-01T19:34:37.704Z] [INFO   ]  [37m[1m○[22m[39m Compiling /workflows/v2/api/flows/[flowId]/apply-edits ...
[2025-11-01T19:34:37.710Z] [INFO   ]  [32m[1m✓[22m[39m Compiled /workflows/v2/api/flows/[flowId]/apply-edits in 544ms (6010 modules)
[2025-11-01T19:39:30.534Z] [WARN   ]  [33m[1m⚠[22m[39m Fast Refresh had to perform a full reload due to a runtime error.
[2025-11-01T19:39:31.019Z] [INFO   ] 2025-11-01T19:39:31.018Z [DEBUG] [Middleware] Username check: {"path":"/workflows/builder/01c63486-9893-4432-978a-478a702101c4","userId":"a3e3a51a-175c-4b59-ad03-227ba12a18b0","provider":"email","role":"free","username":"nstoddard17","hasUsername":true,"isBetaTester":false,"isNewBetaUser":false,"accountAge":13459283619}
[2025-11-01T19:39:31.047Z] [INFO   ]  [32m[1m✓[22m[39m Compiled in 2.4s (5747 modules)
[2025-11-01T19:39:31.413Z] [INFO   ] 2025-11-01T19:39:31.413Z [DEBUG] 💧 [AUTH] Rehydrating auth state from storage {"hasState":true,"hasUser":false,"initialized":false,"timestamp":"2025-11-01T19:39:31.413Z"}
[2025-11-01T19:39:31.419Z] [INFO   ] 2025-11-01T19:39:31.419Z [DEBUG] 💧 [AUTH] State hydrated and reset {"hasUser":false,"initialized":false,"timestamp":"2025-11-01T19:39:31.419Z"}
[2025-11-01T19:39:31.419Z] [INFO   ] 2025-11-01T19:39:31.419Z [DEBUG] ⏭️ [AUTH] Skipping initialization {"hasState":true,"alreadyInitialized":false,"isClient":false,"timestamp":"2025-11-01T19:39:31.419Z"}
[2025-11-01T19:39:31.760Z] [INFO   ] 2025-11-01T19:39:31.760Z [DEBUG] [Username Check] {"userId":"a3e3a51a-175c-4b59-ad03-227ba12a18b0","hasEmail":true,"provider":"email","hasUsername":true,"isGoogleUser":false}
[2025-11-01T19:39:32.926Z] [INFO   ] 2025-11-01T19:39:32.926Z [DEBUG] [Middleware] Username check: {"path":"/workflows/v2/api/flows/01c63486-9893-4432-978a-478a702101c4/revisions","userId":"a3e3a51a-175c-4b59-ad03-227ba12a18b0","provider":"email","role":"free","username":"nstoddard17","hasUsername":true,"isBetaTester":false,"isNewBetaUser":false,"accountAge":13459285527}
[2025-11-01T19:39:33.151Z] [INFO   ]  [32m[1m✓[22m[39m Compiled /workflows/v2/api/flows/[flowId]/revisions in 350ms (4394 modules)
[2025-11-01T19:39:33.451Z] [INFO   ]  [32m[1m✓[22m[39m Compiled /icon.png in 0ms (4400 modules)
[2025-11-01T19:39:33.907Z] [INFO   ]  [32m[1m✓[22m[39m Compiled in 0ms (4402 modules)
[2025-11-01T19:39:34.193Z] [INFO   ]  [32m[1m✓[22m[39m Compiled in 0ms (4402 modules)
[2025-11-01T19:39:34.716Z] [INFO   ]  [32m[1m✓[22m[39m Compiled in 0ms (4402 modules)
[2025-11-01T19:39:34.787Z] [INFO   ] 2025-11-01T19:39:34.787Z [DEBUG] 📍 [API /api/integrations] GET request received {"timestamp":"2025-11-01T19:39:34.787Z","url":"http://localhost:3000/api/integrations?workspace_type=personal"}
[2025-11-01T19:39:34.876Z] [INFO   ] 2025-11-01T19:39:34.875Z [DEBUG] [API /api/workflows] GET request {"workspaceType":"personal","workspaceId":null,"userId":"a3e3a51a-175c-4b59-ad03-227ba12a18b0"}
[2025-11-01T19:39:34.938Z] [INFO   ] 2025-11-01T19:39:34.938Z [DEBUG] ✅ [API /api/integrations] User authenticated {"userId":"a3e3a51a-175c-4b59-ad03-227ba12a18b0"}
[2025-11-01T19:39:34.938Z] [INFO   ] 2025-11-01T19:39:34.938Z [DEBUG] 🏠 [API /api/integrations] Workspace context {"workspaceType":"personal","workspaceId":null}
[2025-11-01T19:39:35.101Z] [INFO   ] 2025-11-01T19:39:35.101Z [DEBUG] [API /api/workflows] Query result {"workspaceType":"personal","count":13,"error":null}
[2025-11-01T19:39:35.107Z] [INFO   ] 2025-11-01T19:39:35.107Z [DEBUG] 📊 [API /api/integrations] Query result {"workspaceType":"personal","workspaceId":null,"count":14,"error":null}
[2025-11-01T19:39:35.107Z] [INFO   ] 2025-11-01T19:39:35.107Z [DEBUG] ✅ [API /api/integrations] Returning integrations {"count":14,"workspaceType":"personal"}
[2025-11-01T19:39:35.358Z] [INFO   ] 2025-11-01T19:39:35.358Z [DEBUG] [Middleware] Username check: {"path":"/workflows/v2/api/flows/01c63486-9893-4432-978a-478a702101c4/revisions/d6fa3e61-5f9c-4af9-b4ba-4ad4ed45b461","userId":"a3e3a51a-175c-4b59-ad03-227ba12a18b0","provider":"email","role":"free","username":"nstoddard17","hasUsername":true,"isBetaTester":false,"isNewBetaUser":false,"accountAge":13459287959}
[2025-11-01T19:39:35.635Z] [INFO   ]  [32m[1m✓[22m[39m Compiled /workflows/v2/api/flows/[flowId]/revisions/[revisionId] in 253ms (4404 modules)
[2025-11-01T19:39:36.625Z] [INFO   ]  [37m[1m○[22m[39m Compiling /api/workflows/[id]/chat ...
[2025-11-01T19:39:36.672Z] [INFO   ]  [32m[1m✓[22m[39m Compiled /api/workflows/[id]/chat in 621ms (4407 modules)
[2025-11-01T19:39:37.137Z] [INFO   ]  [32m[1m✓[22m[39m Compiled (4409 modules)
[2025-11-01T19:39:37.353Z] [INFO   ] 2025-11-01T19:39:37.353Z [DEBUG] 📍 [API /api/integrations] GET request received {"timestamp":"2025-11-01T19:39:37.353Z","url":"http://localhost:3000/api/integrations"}
[2025-11-01T19:39:37.440Z] [INFO   ] 2025-11-01T19:39:37.440Z [DEBUG] ✅ [API /api/integrations] User authenticated {"userId":"a3e3a51a-175c-4b59-ad03-227ba12a18b0"}
[2025-11-01T19:39:37.440Z] [INFO   ] 2025-11-01T19:39:37.440Z [DEBUG] 🏠 [API /api/integrations] Workspace context {"workspaceType":"personal","workspaceId":null}
[2025-11-01T19:39:37.589Z] [INFO   ] 2025-11-01T19:39:37.589Z [DEBUG] 📊 [API /api/integrations] Query result {"workspaceType":"personal","workspaceId":null,"count":14,"error":null}
[2025-11-01T19:39:37.591Z] [INFO   ] 2025-11-01T19:39:37.591Z [DEBUG] ✅ [API /api/integrations] Returning integrations {"count":14,"workspaceType":"personal"}
[2025-11-01T19:39:37.676Z] [INFO   ] 2025-11-01T19:39:37.676Z [DEBUG] 📍 [API /api/integrations] GET request received {"timestamp":"2025-11-01T19:39:37.676Z","url":"http://localhost:3000/api/integrations"}
[2025-11-01T19:39:37.752Z] [INFO   ] 2025-11-01T19:39:37.752Z [DEBUG] ✅ [API /api/integrations] User authenticated {"userId":"a3e3a51a-175c-4b59-ad03-227ba12a18b0"}
[2025-11-01T19:39:37.752Z] [INFO   ] 2025-11-01T19:39:37.752Z [DEBUG] 🏠 [API /api/integrations] Workspace context {"workspaceType":"personal","workspaceId":null}
[2025-11-01T19:39:37.859Z] [INFO   ] 2025-11-01T19:39:37.859Z [DEBUG] 📊 [API /api/integrations] Query result {"workspaceType":"personal","workspaceId":null,"count":14,"error":null}
[2025-11-01T19:39:37.881Z] [INFO   ] 2025-11-01T19:39:37.869Z [DEBUG] ✅ [API /api/integrations] Returning integrations {"count":14,"workspaceType":"personal"}
[2025-11-01T19:39:38.672Z] [INFO   ] 2025-11-01T19:39:38.671Z [DEBUG] [Middleware] Username check: {"path":"/workflows/v2/api/flows/01c63486-9893-4432-978a-478a702101c4/edits","userId":"a3e3a51a-175c-4b59-ad03-227ba12a18b0","provider":"email","role":"free","username":"nstoddard17","hasUsername":true,"isBetaTester":false,"isNewBetaUser":false,"accountAge":13459291272}
[2025-11-01T19:39:39.205Z] [INFO   ]  [37m[1m○[22m[39m Compiling /workflows/v2/api/flows/[flowId]/edits ...
[2025-11-01T19:39:39.900Z] [INFO   ]  [32m[1m✓[22m[39m Compiled /workflows/v2/api/flows/[flowId]/edits in 1196ms (4664 modules)
[2025-11-01T19:40:23.126Z] [INFO   ]  [32m[1m✓[22m[39m Compiled in 1268ms (6021 modules)
[2025-11-01T19:40:23.631Z] [INFO   ] 2025-11-01T19:40:23.631Z [DEBUG] [Middleware] Username check: {"path":"/workflows/builder/01c63486-9893-4432-978a-478a702101c4","userId":"a3e3a51a-175c-4b59-ad03-227ba12a18b0","provider":"email","role":"free","username":"nstoddard17","hasUsername":true,"isBetaTester":false,"isNewBetaUser":false,"accountAge":13459336232}
[2025-11-01T19:40:23.815Z] [INFO   ] 2025-11-01T19:40:23.814Z [DEBUG] [Username Check] {"userId":"a3e3a51a-175c-4b59-ad03-227ba12a18b0","hasEmail":true,"provider":"email","hasUsername":true,"isGoogleUser":false}
