=== Log Session Started: 2025-10-20T18:13:32.761Z ===
Node Version: v23.7.0
Platform: darwin
Working Directory: /Users/nathanielstoddard/chainreact-app/chainreact-app-9e
================================================================================

[2025-10-20T18:13:32.761Z] [INFO   ] File logging initialized
[2025-10-20T18:13:32.761Z] [INFO   ] Log file: /Users/nathanielstoddard/chainreact-app/chainreact-app-9e/logs/workflow_2025-10-20_13-13-32.log
[2025-10-20T18:13:32.764Z] [INFO   ] 📁 File logging enabled
[2025-10-20T18:13:32.764Z] [INFO   ] 📝 Logs will be written to: /Users/nathanielstoddard/chainreact-app/chainreact-app-9e/logs/workflow_2025-10-20_13-13-32.log
[2025-10-20T18:13:32.764Z] [INFO   ] 💡 To view logs in real-time: tail -f /Users/nathanielstoddard/chainreact-app/chainreact-app-9e/logs/workflow_2025-10-20_13-13-32.log
[2025-10-20T18:13:32.764Z] [INFO   ] 💡 To view all logs: cat /Users/nathanielstoddard/chainreact-app/chainreact-app-9e/logs/workflow_2025-10-20_13-13-32.log
[2025-10-20T18:13:32.764Z] [INFO   ] 💡 To share logs: Copy the file at /Users/nathanielstoddard/chainreact-app/chainreact-app-9e/logs/workflow_2025-10-20_13-13-32.log
[2025-10-20T18:13:32.764Z] [INFO   ] --------------------------------------------------------------------------------
[2025-10-20T18:13:32.764Z] [DEBUG  ] 📁 File logging system initialized
[2025-10-20T18:13:32.778Z] [INFO   ]  [32m[1m✓[22m[39m Ready in 3.4s
[2025-10-20T18:13:33.795Z] [INFO   ] 2025-10-20T18:13:33.795Z [DEBUG] 🤖 Discord bot configured, initializing gateway connection in background...
[2025-10-20T18:13:35.593Z] [INFO   ] 2025-10-20T18:13:35.593Z [DEBUG] Initializing Discord Gateway connection (singleton)...
[2025-10-20T18:13:35.593Z] [INFO   ] 2025-10-20T18:13:35.593Z [DEBUG] 🔑 Discord bot token loaded
[2025-10-20T18:13:35.817Z] [INFO   ] 2025-10-20T18:13:35.817Z [DEBUG] Discord Gateway initialization complete
[2025-10-20T18:13:35.818Z] [INFO   ] 2025-10-20T18:13:35.818Z [DEBUG] ✅ Discord bot gateway connection initialized
[2025-10-20T18:13:36.023Z] [INFO   ] 2025-10-20T18:13:36.022Z [DEBUG] Discord Gateway WebSocket connection established
[2025-10-20T18:13:36.024Z] [INFO   ] 2025-10-20T18:13:36.024Z [DEBUG] 🔑 Sending identify with intents: {"GUILDS":true,"GUILD_MEMBERS":true,"GUILD_INVITES":true,"GUILD_MESSAGES":true,"MESSAGE_CONTENT":true,"intentsValue":33347}
[2025-10-20T18:13:36.204Z] [INFO   ] 2025-10-20T18:13:36.203Z [DEBUG] 🎉 Discord bot ready! {"sessionId":"84963de3f204eaaeb5e6c7d105a24249","username":"ChainReact-Bot","userId":"1378595955212812308","guildCount":2}
[2025-10-20T18:13:36.204Z] [INFO   ] 2025-10-20T18:13:36.204Z [DEBUG] 📋 Initializing invite cache...
[2025-10-20T18:13:36.206Z] [INFO   ] 2025-10-20T18:13:36.206Z [DEBUG] 📡 Discord event received: GUILD_CREATE
[2025-10-20T18:13:36.207Z] [INFO   ] 2025-10-20T18:13:36.207Z [DEBUG] 📡 Discord event received: GUILD_CREATE
[2025-10-20T18:13:36.380Z] [INFO   ] 2025-10-20T18:13:36.380Z [DEBUG] ✅ Cached 3 invites for guild 1378950884045623406
[2025-10-20T18:13:41.431Z] [INFO   ]  [37m[1m○[22m[39m Compiling /ai-assistant ...
[2025-10-20T18:13:44.694Z] [INFO   ]  [32m[1m✓[22m[39m Compiled /ai-assistant in 3.8s (3924 modules)
[2025-10-20T18:13:45.099Z] [INFO   ] 2025-10-20T18:13:45.099Z [DEBUG] 💧 [AUTH] Rehydrating auth state from storage {"hasState":true,"hasUser":false,"initialized":false,"timestamp":"2025-10-20T18:13:45.098Z"}
[2025-10-20T18:13:45.102Z] [INFO   ] 2025-10-20T18:13:45.102Z [DEBUG] 💧 [AUTH] State hydrated and reset {"hasUser":false,"initialized":false,"timestamp":"2025-10-20T18:13:45.102Z"}
[2025-10-20T18:13:45.102Z] [INFO   ] 2025-10-20T18:13:45.102Z [DEBUG] ⏭️ [AUTH] Skipping initialization {"hasState":true,"alreadyInitialized":false,"isClient":false,"timestamp":"2025-10-20T18:13:45.102Z"}
[2025-10-20T18:13:45.421Z] [INFO   ]  [32m[1m✓[22m[39m Compiled in 711ms (693 modules)
[2025-10-20T18:13:45.685Z] [INFO   ] 2025-10-20T18:13:45.685Z [DEBUG] [Username Check] {"userId":"a3e3a51a-175c-4b59-ad03-227ba12a18b0","hasEmail":true,"provider":"email","hasUsername":true,"isGoogleUser":false}
[2025-10-20T18:13:46.894Z] [INFO   ]  [37m[1m○[22m[39m Compiling /middleware ...
[2025-10-20T18:13:47.764Z] [INFO   ]  [32m[1m✓[22m[39m Compiled /middleware in 1383ms (4171 modules)
[2025-10-20T18:13:51.809Z] [INFO   ]  [32m[1m✓[22m[39m Compiled /api/integrations in 256ms (3940 modules)
[2025-10-20T18:13:51.886Z] [INFO   ] 2025-10-20T18:13:51.886Z [DEBUG] 📍 [API /api/integrations] GET request received {"timestamp":"2025-10-20T18:13:51.885Z","headers":{"referer":"check-console"}}
[2025-10-20T18:13:52.029Z] [INFO   ] 2025-10-20T18:13:52.029Z [DEBUG] ✅ [API /api/integrations] User authenticated {"userId":"a3e3a51a-175c-4b59-ad03-227ba12a18b0"}
[2025-10-20T18:13:52.129Z] [INFO   ] 2025-10-20T18:13:52.129Z [DEBUG] 📊 [API /api/integrations] Query result {"count":14,"error":null,"firstFew":[{"provider":"notion","status":"connected"},{"provider":"mailchimp","status":"connected"}]}
[2025-10-20T18:15:02.482Z] [INFO   ] 2025-10-20T18:15:02.482Z [DEBUG] 💧 [AUTH] Rehydrating auth state from storage {"hasState":true,"hasUser":false,"initialized":false,"timestamp":"2025-10-20T18:15:02.482Z"}
[2025-10-20T18:15:02.486Z] [INFO   ] 2025-10-20T18:15:02.486Z [DEBUG] 💧 [AUTH] State hydrated and reset {"hasUser":false,"initialized":false,"timestamp":"2025-10-20T18:15:02.486Z"}
[2025-10-20T18:15:02.486Z] [INFO   ] 2025-10-20T18:15:02.486Z [DEBUG] ⏭️ [AUTH] Skipping initialization {"hasState":true,"alreadyInitialized":false,"isClient":false,"timestamp":"2025-10-20T18:15:02.486Z"}
[2025-10-20T18:15:03.093Z] [WARN   ] 2025-10-20T18:15:03.093Z [WARN] Failed to set cookies in server client: {}
[2025-10-20T18:15:03.456Z] [INFO   ] 2025-10-20T18:15:03.456Z [DEBUG] [Username Check] {"userId":"a3e3a51a-175c-4b59-ad03-227ba12a18b0","hasEmail":true,"provider":"email","hasUsername":true,"isGoogleUser":false}
[2025-10-20T18:15:07.873Z] [INFO   ] 2025-10-20T18:15:07.873Z [DEBUG] 📍 [API /api/integrations] GET request received {"timestamp":"2025-10-20T18:15:07.873Z","headers":{"referer":"check-console"}}
[2025-10-20T18:15:07.998Z] [INFO   ] 2025-10-20T18:15:07.998Z [DEBUG] ✅ [API /api/integrations] User authenticated {"userId":"a3e3a51a-175c-4b59-ad03-227ba12a18b0"}
[2025-10-20T18:15:08.110Z] [INFO   ] 2025-10-20T18:15:08.110Z [DEBUG] 📊 [API /api/integrations] Query result {"count":14,"error":null,"firstFew":[{"provider":"notion","status":"connected"},{"provider":"mailchimp","status":"connected"}]}
[2025-10-20T18:19:16.138Z] [INFO   ] 2025-10-20T18:19:16.138Z [DEBUG] [Username Check] {"userId":"a3e3a51a-175c-4b59-ad03-227ba12a18b0","hasEmail":true,"provider":"email","hasUsername":true,"isGoogleUser":false}
[2025-10-20T18:19:20.279Z] [INFO   ] 2025-10-20T18:19:20.279Z [DEBUG] 📍 [API /api/integrations] GET request received {"timestamp":"2025-10-20T18:19:20.279Z","headers":{"referer":"check-console"}}
[2025-10-20T18:19:20.489Z] [INFO   ] 2025-10-20T18:19:20.488Z [DEBUG] ✅ [API /api/integrations] User authenticated {"userId":"a3e3a51a-175c-4b59-ad03-227ba12a18b0"}
[2025-10-20T18:19:20.653Z] [INFO   ] 2025-10-20T18:19:20.652Z [DEBUG] 📊 [API /api/integrations] Query result {"count":14,"error":null,"firstFew":[{"provider":"notion","status":"connected"},{"provider":"mailchimp","status":"connected"}]}
[2025-10-20T18:19:20.863Z] [INFO   ] 2025-10-20T18:19:20.862Z [DEBUG] [Username Check] {"userId":"a3e3a51a-175c-4b59-ad03-227ba12a18b0","hasEmail":true,"provider":"email","hasUsername":true,"isGoogleUser":false}
[2025-10-20T18:19:24.717Z] [INFO   ] 2025-10-20T18:19:24.717Z [DEBUG] 📍 [API /api/integrations] GET request received {"timestamp":"2025-10-20T18:19:24.717Z","headers":{"referer":"check-console"}}
[2025-10-20T18:19:24.863Z] [INFO   ] 2025-10-20T18:19:24.863Z [DEBUG] ✅ [API /api/integrations] User authenticated {"userId":"a3e3a51a-175c-4b59-ad03-227ba12a18b0"}
[2025-10-20T18:19:24.985Z] [INFO   ] 2025-10-20T18:19:24.985Z [DEBUG] 📊 [API /api/integrations] Query result {"count":14,"error":null,"firstFew":[{"provider":"notion","status":"connected"},{"provider":"mailchimp","status":"connected"}]}
[2025-10-20T18:31:01.730Z] [INFO   ] 2025-10-20T18:31:01.729Z [DEBUG] [Username Check] {"userId":"a3e3a51a-175c-4b59-ad03-227ba12a18b0","hasEmail":true,"provider":"email","hasUsername":true,"isGoogleUser":false}
[2025-10-20T18:31:05.692Z] [INFO   ] 2025-10-20T18:31:05.692Z [DEBUG] 📍 [API /api/integrations] GET request received {"timestamp":"2025-10-20T18:31:05.692Z","headers":{"referer":"check-console"}}
[2025-10-20T18:31:05.824Z] [INFO   ] 2025-10-20T18:31:05.824Z [DEBUG] ✅ [API /api/integrations] User authenticated {"userId":"a3e3a51a-175c-4b59-ad03-227ba12a18b0"}
[2025-10-20T18:31:05.942Z] [INFO   ] 2025-10-20T18:31:05.942Z [DEBUG] 📊 [API /api/integrations] Query result {"count":14,"error":null,"firstFew":[{"provider":"notion","status":"connected"},{"provider":"mailchimp","status":"connected"}]}
[2025-10-20T18:31:12.698Z] [INFO   ] 2025-10-20T18:31:12.698Z [DEBUG] [Username Check] {"userId":"a3e3a51a-175c-4b59-ad03-227ba12a18b0","hasEmail":true,"provider":"email","hasUsername":true,"isGoogleUser":false}
[2025-10-20T18:31:17.184Z] [INFO   ] 2025-10-20T18:31:17.184Z [DEBUG] 📍 [API /api/integrations] GET request received {"timestamp":"2025-10-20T18:31:17.184Z","headers":{"referer":"check-console"}}
[2025-10-20T18:31:17.503Z] [INFO   ] 2025-10-20T18:31:17.502Z [DEBUG] ✅ [API /api/integrations] User authenticated {"userId":"a3e3a51a-175c-4b59-ad03-227ba12a18b0"}
[2025-10-20T18:31:17.681Z] [INFO   ] 2025-10-20T18:31:17.681Z [DEBUG] 📊 [API /api/integrations] Query result {"count":14,"error":null,"firstFew":[{"provider":"notion","status":"connected"},{"provider":"mailchimp","status":"connected"}]}

=== Log Session Ended: 2025-10-20T18:32:18.525Z ===
