=== Log Session Started: 2025-11-01T20:01:43.870Z ===
Node Version: v23.7.0
Platform: darwin
Working Directory: /Users/nathanielstoddard/chainreact-app/chainreact-app-9e
================================================================================

[2025-11-01T20:01:43.870Z] [INFO   ] File logging initialized
[2025-11-01T20:01:43.870Z] [INFO   ] Log file: /Users/nathanielstoddard/chainreact-app/chainreact-app-9e/logs/workflow_2025-11-01_15-01-43.log
[2025-11-01T20:01:43.872Z] [INFO   ] 📁 File logging enabled
[2025-11-01T20:01:43.873Z] [INFO   ] 📝 Logs will be written to: /Users/nathanielstoddard/chainreact-app/chainreact-app-9e/logs/workflow_2025-11-01_15-01-43.log
[2025-11-01T20:01:43.873Z] [INFO   ] 💡 To view logs in real-time: tail -f /Users/nathanielstoddard/chainreact-app/chainreact-app-9e/logs/workflow_2025-11-01_15-01-43.log
[2025-11-01T20:01:43.873Z] [INFO   ] 💡 To view all logs: cat /Users/nathanielstoddard/chainreact-app/chainreact-app-9e/logs/workflow_2025-11-01_15-01-43.log
[2025-11-01T20:01:43.873Z] [INFO   ] 💡 To share logs: Copy the file at /Users/nathanielstoddard/chainreact-app/chainreact-app-9e/logs/workflow_2025-11-01_15-01-43.log
[2025-11-01T20:01:43.873Z] [INFO   ] --------------------------------------------------------------------------------
[2025-11-01T20:01:43.873Z] [DEBUG  ] 📁 File logging system initialized
[2025-11-01T20:01:43.888Z] [INFO   ]  [32m[1m✓[22m[39m Ready in 3.6s
[2025-11-01T20:01:44.889Z] [INFO   ] 2025-11-01T20:01:44.889Z [DEBUG] 🤖 Discord bot configured, initializing gateway connection in background...
[2025-11-01T20:01:46.778Z] [INFO   ] 2025-11-01T20:01:46.778Z [DEBUG] Initializing Discord Gateway connection (singleton)...
[2025-11-01T20:01:46.778Z] [INFO   ] 2025-11-01T20:01:46.778Z [DEBUG] 🔑 Discord bot token loaded
[2025-11-01T20:01:47.014Z] [INFO   ] 2025-11-01T20:01:47.014Z [DEBUG] Discord Gateway initialization complete
[2025-11-01T20:01:47.015Z] [INFO   ] 2025-11-01T20:01:47.015Z [DEBUG] ✅ Discord bot gateway connection initialized
[2025-11-01T20:01:47.045Z] [INFO   ]  [32m[1m✓[22m[39m Compiled /middleware in 206ms (233 modules)
[2025-11-01T20:01:47.275Z] [INFO   ] 2025-11-01T20:01:47.275Z [DEBUG] Discord Gateway WebSocket connection established
[2025-11-01T20:01:47.276Z] [INFO   ] 2025-11-01T20:01:47.276Z [DEBUG] 🔑 Sending identify with intents: {"GUILDS":true,"GUILD_MEMBERS":true,"GUILD_INVITES":true,"GUILD_MESSAGES":true,"MESSAGE_CONTENT":true,"intentsValue":33347}
[2025-11-01T20:01:47.998Z] [INFO   ] 2025-11-01T20:01:47.998Z [DEBUG] [Middleware] Username check: {"path":"/workflows/ai-agent","userId":"a3e3a51a-175c-4b59-ad03-227ba12a18b0","provider":"email","role":"free","username":"nstoddard17","hasUsername":true,"isBetaTester":false,"isNewBetaUser":false,"accountAge":13460620598}
[2025-11-01T20:01:48.539Z] [INFO   ]  [37m[1m○[22m[39m Compiling /workflows/ai-agent ...
[2025-11-01T20:01:48.709Z] [INFO   ] 2025-11-01T20:01:48.709Z [DEBUG] 🎉 Discord bot ready! {"sessionId":"f2919479355012b12bc32954ea0d98df","username":"ChainReact-Bot","userId":"1378595955212812308","guildCount":2}
[2025-11-01T20:01:48.709Z] [INFO   ] 2025-11-01T20:01:48.709Z [DEBUG] 📋 Initializing invite cache...
[2025-11-01T20:01:48.710Z] [INFO   ] 2025-11-01T20:01:48.710Z [DEBUG] 📡 Discord event received: GUILD_CREATE
[2025-11-01T20:01:48.711Z] [INFO   ] 2025-11-01T20:01:48.711Z [DEBUG] 📡 Discord event received: GUILD_CREATE
[2025-11-01T20:01:48.950Z] [INFO   ] 2025-11-01T20:01:48.950Z [DEBUG] ✅ Cached 3 invites for guild 1378950884045623406
[2025-11-01T20:01:51.880Z] [INFO   ]  [32m[1m✓[22m[39m Compiled /workflows/ai-agent in 3.8s (4381 modules)
[2025-11-01T20:01:52.275Z] [INFO   ] 2025-11-01T20:01:52.275Z [DEBUG] 💧 [AUTH] Rehydrating auth state from storage {"hasState":true,"hasUser":false,"initialized":false,"timestamp":"2025-11-01T20:01:52.275Z"}
[2025-11-01T20:01:52.279Z] [INFO   ] 2025-11-01T20:01:52.279Z [DEBUG] 💧 [AUTH] State hydrated and reset {"hasUser":false,"initialized":false,"timestamp":"2025-11-01T20:01:52.279Z"}
[2025-11-01T20:01:52.279Z] [INFO   ] 2025-11-01T20:01:52.279Z [DEBUG] ⏭️ [AUTH] Skipping initialization {"hasState":true,"alreadyInitialized":false,"isClient":false,"timestamp":"2025-11-01T20:01:52.279Z"}
[2025-11-01T20:01:52.746Z] [INFO   ]  [32m[1m✓[22m[39m Compiled in 846ms (710 modules)
[2025-11-01T20:01:53.032Z] [INFO   ] 2025-11-01T20:01:53.031Z [DEBUG] [Username Check] {"userId":"a3e3a51a-175c-4b59-ad03-227ba12a18b0","hasEmail":true,"provider":"email","hasUsername":true,"isGoogleUser":false}
[2025-11-01T20:01:54.236Z] [INFO   ]  [37m[1m○[22m[39m Compiling /api/presence/count ...
[2025-11-01T20:01:54.960Z] [INFO   ]  [32m[1m✓[22m[39m Compiled /api/presence/count in 1322ms (4388 modules)
[2025-11-01T20:01:58.750Z] [INFO   ]  [32m[1m✓[22m[39m Compiled /api/integrations in 279ms (4390 modules)
[2025-11-01T20:01:58.839Z] [INFO   ] 2025-11-01T20:01:58.838Z [DEBUG] 📍 [API /api/integrations] GET request received {"timestamp":"2025-11-01T20:01:58.838Z","url":"http://localhost:3000/api/integrations?workspace_type=personal"}
[2025-11-01T20:01:58.969Z] [INFO   ] 2025-11-01T20:01:58.969Z [DEBUG] ✅ [API /api/integrations] User authenticated {"userId":"a3e3a51a-175c-4b59-ad03-227ba12a18b0"}
[2025-11-01T20:01:58.970Z] [INFO   ] 2025-11-01T20:01:58.970Z [DEBUG] 🏠 [API /api/integrations] Workspace context {"workspaceType":"personal","workspaceId":null}
[2025-11-01T20:01:59.077Z] [INFO   ] 2025-11-01T20:01:59.077Z [DEBUG] 📊 [API /api/integrations] Query result {"workspaceType":"personal","workspaceId":null,"count":14,"error":null}
[2025-11-01T20:01:59.078Z] [INFO   ] 2025-11-01T20:01:59.078Z [DEBUG] ✅ [API /api/integrations] Returning integrations {"count":14,"workspaceType":"personal"}
[2025-11-01T20:02:01.443Z] [INFO   ] 2025-11-01T20:02:01.443Z [DEBUG] [Middleware] Username check: {"path":"/workflows/v2/api/flows","userId":"a3e3a51a-175c-4b59-ad03-227ba12a18b0","provider":"email","role":"free","username":"nstoddard17","hasUsername":true,"isBetaTester":false,"isNewBetaUser":false,"accountAge":13460634043}
[2025-11-01T20:02:01.999Z] [INFO   ]  [37m[1m○[22m[39m Compiling /workflows/v2/api/flows ...
[2025-11-01T20:02:02.638Z] [INFO   ]  [32m[1m✓[22m[39m Compiled /workflows/v2/api/flows in 1139ms (4445 modules)
[2025-11-01T20:02:03.330Z] [INFO   ] 2025-11-01T20:02:03.330Z [DEBUG] [Middleware] Username check: {"path":"/workflows/builder/bcf57751-6b1b-4168-bfab-66170948dc61","userId":"a3e3a51a-175c-4b59-ad03-227ba12a18b0","provider":"email","role":"free","username":"nstoddard17","hasUsername":true,"isBetaTester":false,"isNewBetaUser":false,"accountAge":13460635931}
[2025-11-01T20:02:03.877Z] [INFO   ]  [37m[1m○[22m[39m Compiling /workflows/builder/[id] ...
[2025-11-01T20:02:05.130Z] [INFO   ]  [32m[1m✓[22m[39m Compiled /workflows/builder/[id] in 1754ms (5742 modules)
[2025-11-01T20:02:06.187Z] [INFO   ] 2025-11-01T20:02:06.186Z [DEBUG] [Username Check] {"userId":"a3e3a51a-175c-4b59-ad03-227ba12a18b0","hasEmail":true,"provider":"email","hasUsername":true,"isGoogleUser":false}
[2025-11-01T20:02:07.207Z] [INFO   ]  [37m[1m○[22m[39m Compiling /api/workflows ...
[2025-11-01T20:02:07.242Z] [INFO   ] 2025-11-01T20:02:07.242Z [DEBUG] [Middleware] Username check: {"path":"/workflows/v2/api/flows/bcf57751-6b1b-4168-bfab-66170948dc61/revisions","userId":"a3e3a51a-175c-4b59-ad03-227ba12a18b0","provider":"email","role":"free","username":"nstoddard17","hasUsername":true,"isBetaTester":false,"isNewBetaUser":false,"accountAge":13460639842}
[2025-11-01T20:02:08.146Z] [INFO   ]  [32m[1m✓[22m[39m Compiled /workflows/v2/api/flows/[flowId]/revisions in 1489ms (5749 modules)
[2025-11-01T20:02:08.387Z] [INFO   ] 2025-11-01T20:02:08.387Z [DEBUG] [API /api/workflows] GET request {"workspaceType":"personal","workspaceId":null,"userId":"a3e3a51a-175c-4b59-ad03-227ba12a18b0"}
[2025-11-01T20:02:08.432Z] [INFO   ] 2025-11-01T20:02:08.432Z [DEBUG] 📍 [API /api/integrations] GET request received {"timestamp":"2025-11-01T20:02:08.432Z","url":"http://localhost:3000/api/integrations"}
[2025-11-01T20:02:08.487Z] [INFO   ] 2025-11-01T20:02:08.487Z [DEBUG] [API /api/workflows] Query result {"workspaceType":"personal","count":13,"error":null}
[2025-11-01T20:02:08.562Z] [INFO   ] 2025-11-01T20:02:08.562Z [DEBUG] ✅ [API /api/integrations] User authenticated {"userId":"a3e3a51a-175c-4b59-ad03-227ba12a18b0"}
[2025-11-01T20:02:08.562Z] [INFO   ] 2025-11-01T20:02:08.562Z [DEBUG] 🏠 [API /api/integrations] Workspace context {"workspaceType":"personal","workspaceId":null}
[2025-11-01T20:02:08.643Z] [INFO   ] 2025-11-01T20:02:08.643Z [DEBUG] 📊 [API /api/integrations] Query result {"workspaceType":"personal","workspaceId":null,"count":14,"error":null}
[2025-11-01T20:02:08.644Z] [INFO   ] 2025-11-01T20:02:08.644Z [DEBUG] ✅ [API /api/integrations] Returning integrations {"count":14,"workspaceType":"personal"}
[2025-11-01T20:02:08.720Z] [INFO   ] 2025-11-01T20:02:08.720Z [DEBUG] 📍 [API /api/integrations] GET request received {"timestamp":"2025-11-01T20:02:08.720Z","url":"http://localhost:3000/api/integrations"}
[2025-11-01T20:02:08.812Z] [INFO   ] 2025-11-01T20:02:08.811Z [DEBUG] ✅ [API /api/integrations] User authenticated {"userId":"a3e3a51a-175c-4b59-ad03-227ba12a18b0"}
[2025-11-01T20:02:08.812Z] [INFO   ] 2025-11-01T20:02:08.812Z [DEBUG] 🏠 [API /api/integrations] Workspace context {"workspaceType":"personal","workspaceId":null}
[2025-11-01T20:02:08.899Z] [INFO   ] 2025-11-01T20:02:08.899Z [DEBUG] 📊 [API /api/integrations] Query result {"workspaceType":"personal","workspaceId":null,"count":14,"error":null}
[2025-11-01T20:02:08.899Z] [INFO   ] 2025-11-01T20:02:08.899Z [DEBUG] ✅ [API /api/integrations] Returning integrations {"count":14,"workspaceType":"personal"}
[2025-11-01T20:02:09.126Z] [INFO   ] 2025-11-01T20:02:09.126Z [DEBUG] [Middleware] Username check: {"path":"/workflows/v2/api/flows/bcf57751-6b1b-4168-bfab-66170948dc61/revisions/5a9f9390-bbb6-4459-9a27-a9bae307d62c","userId":"a3e3a51a-175c-4b59-ad03-227ba12a18b0","provider":"email","role":"free","username":"nstoddard17","hasUsername":true,"isBetaTester":false,"isNewBetaUser":false,"accountAge":13460641727}
[2025-11-01T20:02:09.154Z] [INFO   ] 2025-11-01T20:02:09.154Z [DEBUG] [Middleware] Username check: {"path":"/workflows/v2/api/flows/bcf57751-6b1b-4168-bfab-66170948dc61/revisions","userId":"a3e3a51a-175c-4b59-ad03-227ba12a18b0","provider":"email","role":"free","username":"nstoddard17","hasUsername":true,"isBetaTester":false,"isNewBetaUser":false,"accountAge":13460641755}
[2025-11-01T20:02:09.679Z] [INFO   ]  [37m[1m○[22m[39m Compiling /workflows/v2/api/flows/[flowId]/revisions/[revisionId] ...
[2025-11-01T20:02:09.880Z] [INFO   ]  [32m[1m✓[22m[39m Compiled /workflows/v2/api/flows/[flowId]/revisions/[revisionId] in 714ms (5751 modules)
[2025-11-01T20:02:10.501Z] [INFO   ] 2025-11-01T20:02:10.501Z [DEBUG] [Middleware] Username check: {"path":"/workflows/v2/api/flows/bcf57751-6b1b-4168-bfab-66170948dc61/revisions","userId":"a3e3a51a-175c-4b59-ad03-227ba12a18b0","provider":"email","role":"free","username":"nstoddard17","hasUsername":true,"isBetaTester":false,"isNewBetaUser":false,"accountAge":13460643102}
[2025-11-01T20:02:10.805Z] [INFO   ] 2025-11-01T20:02:10.805Z [DEBUG] [Middleware] Username check: {"path":"/workflows/v2/api/flows/bcf57751-6b1b-4168-bfab-66170948dc61/revisions/5a9f9390-bbb6-4459-9a27-a9bae307d62c","userId":"a3e3a51a-175c-4b59-ad03-227ba12a18b0","provider":"email","role":"free","username":"nstoddard17","hasUsername":true,"isBetaTester":false,"isNewBetaUser":false,"accountAge":13460643406}
[2025-11-01T20:02:11.239Z] [INFO   ]  [37m[1m○[22m[39m Compiling /api/workflows/[id]/chat ...
[2025-11-01T20:02:11.866Z] [INFO   ]  [32m[1m✓[22m[39m Compiled /api/workflows/[id]/chat in 1127ms (5753 modules)
[2025-11-01T20:02:11.963Z] [INFO   ] 2025-11-01T20:02:11.963Z [DEBUG] 📍 [API /api/integrations] GET request received {"timestamp":"2025-11-01T20:02:11.963Z","url":"http://localhost:3000/api/integrations"}
[2025-11-01T20:02:12.071Z] [INFO   ] 2025-11-01T20:02:12.071Z [DEBUG] ✅ [API /api/integrations] User authenticated {"userId":"a3e3a51a-175c-4b59-ad03-227ba12a18b0"}
[2025-11-01T20:02:12.071Z] [INFO   ] 2025-11-01T20:02:12.071Z [DEBUG] 🏠 [API /api/integrations] Workspace context {"workspaceType":"personal","workspaceId":null}
[2025-11-01T20:02:12.148Z] [INFO   ] 2025-11-01T20:02:12.148Z [DEBUG] 📊 [API /api/integrations] Query result {"workspaceType":"personal","workspaceId":null,"count":14,"error":null}
[2025-11-01T20:02:12.148Z] [INFO   ] 2025-11-01T20:02:12.148Z [DEBUG] ✅ [API /api/integrations] Returning integrations {"count":14,"workspaceType":"personal"}
[2025-11-01T20:02:12.239Z] [INFO   ] 2025-11-01T20:02:12.239Z [DEBUG] 📍 [API /api/integrations] GET request received {"timestamp":"2025-11-01T20:02:12.239Z","url":"http://localhost:3000/api/integrations"}
[2025-11-01T20:02:12.312Z] [INFO   ] 2025-11-01T20:02:12.312Z [DEBUG] ✅ [API /api/integrations] User authenticated {"userId":"a3e3a51a-175c-4b59-ad03-227ba12a18b0"}
[2025-11-01T20:02:12.312Z] [INFO   ] 2025-11-01T20:02:12.312Z [DEBUG] 🏠 [API /api/integrations] Workspace context {"workspaceType":"personal","workspaceId":null}
[2025-11-01T20:02:12.390Z] [INFO   ] 2025-11-01T20:02:12.390Z [DEBUG] [Middleware] Username check: {"path":"/workflows/v2/api/flows/bcf57751-6b1b-4168-bfab-66170948dc61/revisions/5a9f9390-bbb6-4459-9a27-a9bae307d62c","userId":"a3e3a51a-175c-4b59-ad03-227ba12a18b0","provider":"email","role":"free","username":"nstoddard17","hasUsername":true,"isBetaTester":false,"isNewBetaUser":false,"accountAge":13460644991}
[2025-11-01T20:02:12.417Z] [INFO   ] 2025-11-01T20:02:12.417Z [DEBUG] 📊 [API /api/integrations] Query result {"workspaceType":"personal","workspaceId":null,"count":14,"error":null}
[2025-11-01T20:02:12.417Z] [INFO   ] 2025-11-01T20:02:12.417Z [DEBUG] ✅ [API /api/integrations] Returning integrations {"count":14,"workspaceType":"personal"}
[2025-11-01T20:02:12.783Z] [INFO   ] 2025-11-01T20:02:12.783Z [DEBUG] [Middleware] Username check: {"path":"/workflows/v2/api/flows/bcf57751-6b1b-4168-bfab-66170948dc61/edits","userId":"a3e3a51a-175c-4b59-ad03-227ba12a18b0","provider":"email","role":"free","username":"nstoddard17","hasUsername":true,"isBetaTester":false,"isNewBetaUser":false,"accountAge":13460645384}
[2025-11-01T20:02:13.475Z] [INFO   ]  [37m[1m○[22m[39m Compiling /workflows/v2/api/flows/[flowId]/edits ...
[2025-11-01T20:02:13.606Z] [INFO   ]  [32m[1m✓[22m[39m Compiled /workflows/v2/api/flows/[flowId]/edits in 784ms (6008 modules)
[2025-11-01T20:03:19.894Z] [INFO   ]  [32m[1m✓[22m[39m Compiled in 1653ms (5747 modules)
[2025-11-01T20:03:20.132Z] [WARN   ]  [33m[1m⚠[22m[39m Fast Refresh had to perform a full reload due to a runtime error.
[2025-11-01T20:03:20.268Z] [INFO   ] 2025-11-01T20:03:20.267Z [DEBUG] [Middleware] Username check: {"path":"/workflows/builder/bcf57751-6b1b-4168-bfab-66170948dc61","userId":"a3e3a51a-175c-4b59-ad03-227ba12a18b0","provider":"email","role":"free","username":"nstoddard17","hasUsername":true,"isBetaTester":false,"isNewBetaUser":false,"accountAge":13460712868}
[2025-11-01T20:03:20.560Z] [INFO   ] 2025-11-01T20:03:20.559Z [DEBUG] [Username Check] {"userId":"a3e3a51a-175c-4b59-ad03-227ba12a18b0","hasEmail":true,"provider":"email","hasUsername":true,"isGoogleUser":false}
[2025-11-01T20:03:20.567Z] [INFO   ] 2025-11-01T20:03:20.567Z [DEBUG] [Middleware] Username check: {"path":"/workflows/builder/bcf57751-6b1b-4168-bfab-66170948dc61","userId":"a3e3a51a-175c-4b59-ad03-227ba12a18b0","provider":"email","role":"free","username":"nstoddard17","hasUsername":true,"isBetaTester":false,"isNewBetaUser":false,"accountAge":13460713168}
[2025-11-01T20:03:20.736Z] [INFO   ] 2025-11-01T20:03:20.735Z [DEBUG] 💧 [AUTH] Rehydrating auth state from storage {"hasState":true,"hasUser":false,"initialized":false,"timestamp":"2025-11-01T20:03:20.735Z"}
[2025-11-01T20:03:20.742Z] [INFO   ] 2025-11-01T20:03:20.742Z [DEBUG] 💧 [AUTH] State hydrated and reset {"hasUser":false,"initialized":false,"timestamp":"2025-11-01T20:03:20.742Z"}
[2025-11-01T20:03:20.742Z] [INFO   ] 2025-11-01T20:03:20.742Z [DEBUG] ⏭️ [AUTH] Skipping initialization {"hasState":true,"alreadyInitialized":false,"isClient":false,"timestamp":"2025-11-01T20:03:20.742Z"}
[2025-11-01T20:03:21.098Z] [INFO   ] 2025-11-01T20:03:21.097Z [DEBUG] [Username Check] {"userId":"a3e3a51a-175c-4b59-ad03-227ba12a18b0","hasEmail":true,"provider":"email","hasUsername":true,"isGoogleUser":false}
[2025-11-01T20:03:22.631Z] [INFO   ]  [32m[1m✓[22m[39m Compiled /api/presence/count in 413ms (4394 modules)
[2025-11-01T20:03:22.990Z] [INFO   ]  [32m[1m✓[22m[39m Compiled /icon.png in 0ms (4396 modules)
[2025-11-01T20:03:23.480Z] [INFO   ] 2025-11-01T20:03:23.480Z [DEBUG] [Middleware] Username check: {"path":"/workflows/v2/api/flows/bcf57751-6b1b-4168-bfab-66170948dc61/revisions","userId":"a3e3a51a-175c-4b59-ad03-227ba12a18b0","provider":"email","role":"free","username":"nstoddard17","hasUsername":true,"isBetaTester":false,"isNewBetaUser":false,"accountAge":13460716081}
[2025-11-01T20:03:23.507Z] [INFO   ]  [32m[1m✓[22m[39m Compiled /api/integrations in 1ms (4398 modules)
[2025-11-01T20:03:23.940Z] [INFO   ]  [32m[1m✓[22m[39m Compiled /workflows/v2/api/flows/[flowId]/revisions in 0ms (4403 modules)
[2025-11-01T20:03:24.300Z] [INFO   ]  [32m[1m✓[22m[39m Compiled in 0ms (4405 modules)
[2025-11-01T20:03:24.659Z] [INFO   ]  [32m[1m✓[22m[39m Compiled /api/workflows in 1ms (4405 modules)
[2025-11-01T20:03:24.992Z] [INFO   ]  [32m[1m✓[22m[39m Compiled in 0ms (4407 modules)
[2025-11-01T20:03:25.046Z] [INFO   ] 2025-11-01T20:03:25.046Z [DEBUG] 📍 [API /api/integrations] GET request received {"timestamp":"2025-11-01T20:03:25.045Z","url":"http://localhost:3000/api/integrations?workspace_type=personal"}
[2025-11-01T20:03:25.220Z] [INFO   ] 2025-11-01T20:03:25.220Z [DEBUG] ✅ [API /api/integrations] User authenticated {"userId":"a3e3a51a-175c-4b59-ad03-227ba12a18b0"}
[2025-11-01T20:03:25.221Z] [INFO   ] 2025-11-01T20:03:25.221Z [DEBUG] 🏠 [API /api/integrations] Workspace context {"workspaceType":"personal","workspaceId":null}
[2025-11-01T20:03:25.380Z] [INFO   ] 2025-11-01T20:03:25.380Z [DEBUG] 📊 [API /api/integrations] Query result {"workspaceType":"personal","workspaceId":null,"count":14,"error":null}
[2025-11-01T20:03:25.380Z] [INFO   ] 2025-11-01T20:03:25.380Z [DEBUG] ✅ [API /api/integrations] Returning integrations {"count":14,"workspaceType":"personal"}
[2025-11-01T20:03:25.386Z] [INFO   ]  [32m[1m✓[22m[39m Compiled in 0ms (4407 modules)
[2025-11-01T20:03:25.807Z] [INFO   ]  [32m[1m✓[22m[39m Compiled in 0ms (4407 modules)
[2025-11-01T20:03:25.979Z] [INFO   ] 2025-11-01T20:03:25.979Z [DEBUG] [Middleware] Username check: {"path":"/workflows/v2/api/flows/bcf57751-6b1b-4168-bfab-66170948dc61/revisions","userId":"a3e3a51a-175c-4b59-ad03-227ba12a18b0","provider":"email","role":"free","username":"nstoddard17","hasUsername":true,"isBetaTester":false,"isNewBetaUser":false,"accountAge":13460718580}
[2025-11-01T20:03:26.148Z] [INFO   ] 2025-11-01T20:03:26.148Z [DEBUG] [Middleware] Username check: {"path":"/workflows/v2/api/flows/bcf57751-6b1b-4168-bfab-66170948dc61/revisions/5a9f9390-bbb6-4459-9a27-a9bae307d62c","userId":"a3e3a51a-175c-4b59-ad03-227ba12a18b0","provider":"email","role":"free","username":"nstoddard17","hasUsername":true,"isBetaTester":false,"isNewBetaUser":false,"accountAge":13460718749}
[2025-11-01T20:03:26.178Z] [INFO   ]  [32m[1m✓[22m[39m Compiled in 0ms (4407 modules)
[2025-11-01T20:03:26.503Z] [INFO   ] 2025-11-01T20:03:26.503Z [DEBUG] [API /api/workflows] GET request {"workspaceType":"personal","workspaceId":null,"userId":"a3e3a51a-175c-4b59-ad03-227ba12a18b0"}
[2025-11-01T20:03:26.510Z] [INFO   ]  [32m[1m✓[22m[39m Compiled /workflows/v2/api/flows/[flowId]/revisions/[revisionId] in 0ms (4407 modules)
[2025-11-01T20:03:26.559Z] [INFO   ] 2025-11-01T20:03:26.559Z [DEBUG] 📍 [API /api/integrations] GET request received {"timestamp":"2025-11-01T20:03:26.559Z","url":"http://localhost:3000/api/integrations"}
[2025-11-01T20:03:26.668Z] [INFO   ] 2025-11-01T20:03:26.668Z [DEBUG] [API /api/workflows] Query result {"workspaceType":"personal","count":13,"error":null}
[2025-11-01T20:03:26.728Z] [INFO   ] 2025-11-01T20:03:26.728Z [DEBUG] ✅ [API /api/integrations] User authenticated {"userId":"a3e3a51a-175c-4b59-ad03-227ba12a18b0"}
[2025-11-01T20:03:26.728Z] [INFO   ] 2025-11-01T20:03:26.728Z [DEBUG] 🏠 [API /api/integrations] Workspace context {"workspaceType":"personal","workspaceId":null}
[2025-11-01T20:03:26.933Z] [INFO   ] 2025-11-01T20:03:26.933Z [DEBUG] 📊 [API /api/integrations] Query result {"workspaceType":"personal","workspaceId":null,"count":14,"error":null}
[2025-11-01T20:03:26.933Z] [INFO   ] 2025-11-01T20:03:26.933Z [DEBUG] ✅ [API /api/integrations] Returning integrations {"count":14,"workspaceType":"personal"}
[2025-11-01T20:03:26.969Z] [INFO   ]  [32m[1m✓[22m[39m Compiled in 1ms (4409 modules)
[2025-11-01T20:03:27.622Z] [INFO   ]  [32m[1m✓[22m[39m Compiled in 0ms (4409 modules)
[2025-11-01T20:03:27.968Z] [INFO   ]  [32m[1m✓[22m[39m Compiled in 0ms (4409 modules)
[2025-11-01T20:03:27.992Z] [INFO   ] 2025-11-01T20:03:27.992Z [DEBUG] 📍 [API /api/integrations] GET request received {"timestamp":"2025-11-01T20:03:27.992Z","url":"http://localhost:3000/api/integrations"}
[2025-11-01T20:03:28.240Z] [INFO   ] 2025-11-01T20:03:28.240Z [DEBUG] ✅ [API /api/integrations] User authenticated {"userId":"a3e3a51a-175c-4b59-ad03-227ba12a18b0"}
[2025-11-01T20:03:28.240Z] [INFO   ] 2025-11-01T20:03:28.240Z [DEBUG] 🏠 [API /api/integrations] Workspace context {"workspaceType":"personal","workspaceId":null}
[2025-11-01T20:03:28.395Z] [INFO   ] 2025-11-01T20:03:28.395Z [DEBUG] 📊 [API /api/integrations] Query result {"workspaceType":"personal","workspaceId":null,"count":14,"error":null}
[2025-11-01T20:03:28.395Z] [INFO   ] 2025-11-01T20:03:28.395Z [DEBUG] ✅ [API /api/integrations] Returning integrations {"count":14,"workspaceType":"personal"}
[2025-11-01T20:03:28.790Z] [INFO   ] 2025-11-01T20:03:28.790Z [DEBUG] [Middleware] Username check: {"path":"/workflows/v2/api/flows/bcf57751-6b1b-4168-bfab-66170948dc61/revisions","userId":"a3e3a51a-175c-4b59-ad03-227ba12a18b0","provider":"email","role":"free","username":"nstoddard17","hasUsername":true,"isBetaTester":false,"isNewBetaUser":false,"accountAge":13460721391}
[2025-11-01T20:03:29.046Z] [INFO   ] 2025-11-01T20:03:29.046Z [DEBUG] [Middleware] Username check: {"path":"/workflows/v2/api/flows/bcf57751-6b1b-4168-bfab-66170948dc61/revisions/5a9f9390-bbb6-4459-9a27-a9bae307d62c","userId":"a3e3a51a-175c-4b59-ad03-227ba12a18b0","provider":"email","role":"free","username":"nstoddard17","hasUsername":true,"isBetaTester":false,"isNewBetaUser":false,"accountAge":13460721647}
[2025-11-01T20:03:29.201Z] [INFO   ] 2025-11-01T20:03:29.201Z [DEBUG] 📍 [API /api/integrations] GET request received {"timestamp":"2025-11-01T20:03:29.200Z","url":"http://localhost:3000/api/integrations"}
[2025-11-01T20:03:29.355Z] [INFO   ] 2025-11-01T20:03:29.355Z [DEBUG] ✅ [API /api/integrations] User authenticated {"userId":"a3e3a51a-175c-4b59-ad03-227ba12a18b0"}
[2025-11-01T20:03:29.356Z] [INFO   ] 2025-11-01T20:03:29.355Z [DEBUG] 🏠 [API /api/integrations] Workspace context {"workspaceType":"personal","workspaceId":null}
[2025-11-01T20:03:29.538Z] [INFO   ] 2025-11-01T20:03:29.538Z [DEBUG] 📊 [API /api/integrations] Query result {"workspaceType":"personal","workspaceId":null,"count":14,"error":null}
[2025-11-01T20:03:29.538Z] [INFO   ] 2025-11-01T20:03:29.538Z [DEBUG] ✅ [API /api/integrations] Returning integrations {"count":14,"workspaceType":"personal"}
[2025-11-01T20:03:29.589Z] [INFO   ] 2025-11-01T20:03:29.589Z [DEBUG] 📍 [API /api/integrations] GET request received {"timestamp":"2025-11-01T20:03:29.589Z","url":"http://localhost:3000/api/integrations"}
[2025-11-01T20:03:29.752Z] [INFO   ] 2025-11-01T20:03:29.752Z [DEBUG] ✅ [API /api/integrations] User authenticated {"userId":"a3e3a51a-175c-4b59-ad03-227ba12a18b0"}
[2025-11-01T20:03:29.752Z] [INFO   ] 2025-11-01T20:03:29.752Z [DEBUG] 🏠 [API /api/integrations] Workspace context {"workspaceType":"personal","workspaceId":null}
[2025-11-01T20:03:29.767Z] [INFO   ] 2025-11-01T20:03:29.767Z [DEBUG] [Middleware] Username check: {"path":"/workflows/v2/api/flows/bcf57751-6b1b-4168-bfab-66170948dc61/revisions/5a9f9390-bbb6-4459-9a27-a9bae307d62c","userId":"a3e3a51a-175c-4b59-ad03-227ba12a18b0","provider":"email","role":"free","username":"nstoddard17","hasUsername":true,"isBetaTester":false,"isNewBetaUser":false,"accountAge":13460722368}
[2025-11-01T20:03:29.902Z] [INFO   ] 2025-11-01T20:03:29.902Z [DEBUG] 📊 [API /api/integrations] Query result {"workspaceType":"personal","workspaceId":null,"count":14,"error":null}
[2025-11-01T20:03:29.902Z] [INFO   ] 2025-11-01T20:03:29.902Z [DEBUG] ✅ [API /api/integrations] Returning integrations {"count":14,"workspaceType":"personal"}
[2025-11-01T20:03:30.565Z] [INFO   ] 2025-11-01T20:03:30.565Z [DEBUG] [Middleware] Username check: {"path":"/workflows/v2/api/flows/bcf57751-6b1b-4168-bfab-66170948dc61/edits","userId":"a3e3a51a-175c-4b59-ad03-227ba12a18b0","provider":"email","role":"free","username":"nstoddard17","hasUsername":true,"isBetaTester":false,"isNewBetaUser":false,"accountAge":13460723166}
[2025-11-01T20:03:31.096Z] [INFO   ]  [37m[1m○[22m[39m Compiling /workflows/v2/api/flows/[flowId]/edits ...
[2025-11-01T20:03:31.327Z] [INFO   ]  [32m[1m✓[22m[39m Compiled /workflows/v2/api/flows/[flowId]/edits in 734ms (4664 modules)

=== Log Session Ended: 2025-11-01T20:06:28.063Z ===
