=== Log Session Started: 2025-10-28T21:42:41.532Z ===
Node Version: v23.7.0
Platform: darwin
Working Directory: /Users/nathanielstoddard/chainreact-app/chainreact-app-9e
================================================================================

[2025-10-28T21:42:41.533Z] [INFO   ] File logging initialized
[2025-10-28T21:42:41.533Z] [INFO   ] Log file: /Users/nathanielstoddard/chainreact-app/chainreact-app-9e/logs/workflow_2025-10-28_16-42-41.log
[2025-10-28T21:42:41.540Z] [INFO   ] Deleted old log file: workflow_2025-10-21_15-29-21.log
[2025-10-28T21:42:41.540Z] [INFO   ] Deleted old log file: workflow_2025-10-21_15-27-21.log
[2025-10-28T21:42:41.541Z] [INFO   ] Deleted old log file: workflow_2025-10-21_15-24-37.log
[2025-10-28T21:42:41.541Z] [INFO   ] Deleted old log file: workflow_2025-10-21_15-18-29.log
[2025-10-28T21:42:41.543Z] [INFO   ] Deleted old log file: workflow_2025-10-21_14-51-33.log
[2025-10-28T21:42:41.544Z] [INFO   ] Deleted old log file: workflow_2025-10-21_14-18-51.log
[2025-10-28T21:42:41.545Z] [INFO   ] Deleted old log file: workflow_2025-10-21_14-12-23.log
[2025-10-28T21:42:41.545Z] [INFO   ] Deleted old log file: workflow_2025-10-21_14-06-20.log
[2025-10-28T21:42:41.546Z] [INFO   ] Deleted old log file: workflow_2025-10-21_13-32-24.log
[2025-10-28T21:42:41.547Z] [INFO   ] Deleted old log file: workflow_2025-10-21_13-11-31.log
[2025-10-28T21:42:41.548Z] [INFO   ] Deleted old log file: workflow_2025-10-21_13-03-52.log
[2025-10-28T21:42:41.549Z] [INFO   ] Deleted old log file: workflow_2025-10-21_08-45-04.log
[2025-10-28T21:42:41.549Z] [INFO   ] 📁 File logging enabled
[2025-10-28T21:42:41.550Z] [INFO   ] 📝 Logs will be written to: /Users/nathanielstoddard/chainreact-app/chainreact-app-9e/logs/workflow_2025-10-28_16-42-41.log
[2025-10-28T21:42:41.550Z] [INFO   ] 💡 To view logs in real-time: tail -f /Users/nathanielstoddard/chainreact-app/chainreact-app-9e/logs/workflow_2025-10-28_16-42-41.log
[2025-10-28T21:42:41.550Z] [INFO   ] 💡 To view all logs: cat /Users/nathanielstoddard/chainreact-app/chainreact-app-9e/logs/workflow_2025-10-28_16-42-41.log
[2025-10-28T21:42:41.550Z] [INFO   ] 💡 To share logs: Copy the file at /Users/nathanielstoddard/chainreact-app/chainreact-app-9e/logs/workflow_2025-10-28_16-42-41.log
[2025-10-28T21:42:41.550Z] [INFO   ] --------------------------------------------------------------------------------
[2025-10-28T21:42:41.550Z] [DEBUG  ] 📁 File logging system initialized
[2025-10-28T21:42:41.576Z] [INFO   ]  [32m[1m✓[22m[39m Ready in 4.6s
[2025-10-28T21:42:41.734Z] [INFO   ]  [32m[1m✓[22m[39m Compiled /middleware in 152ms (234 modules)
[2025-10-28T21:42:42.364Z] [INFO   ] 2025-10-28T21:42:42.364Z [DEBUG] [Middleware] Username check: {"path":"/workflows/builder/6c1232a4-6244-484a-b4cd-f970c22c0536","userId":"a3e3a51a-175c-4b59-ad03-227ba12a18b0","provider":"email","role":"free","username":"nstoddard17","hasUsername":true,"isBetaTester":false,"isNewBetaUser":false,"accountAge":13121074965}
[2025-10-28T21:42:42.551Z] [INFO   ] 2025-10-28T21:42:42.551Z [DEBUG] 🤖 Discord bot configured, initializing gateway connection in background...
[2025-10-28T21:42:44.788Z] [INFO   ] 2025-10-28T21:42:44.788Z [DEBUG] Initializing Discord Gateway connection (singleton)...
[2025-10-28T21:42:44.788Z] [INFO   ] 2025-10-28T21:42:44.788Z [DEBUG] 🔑 Discord bot token loaded
[2025-10-28T21:42:44.792Z] [INFO   ]  [37m[1m○[22m[39m Compiling /workflows/builder/[id] ...
[2025-10-28T21:42:45.120Z] [INFO   ] 2025-10-28T21:42:45.120Z [DEBUG] Discord Gateway initialization complete
[2025-10-28T21:42:45.122Z] [INFO   ] 2025-10-28T21:42:45.122Z [DEBUG] ✅ Discord bot gateway connection initialized
[2025-10-28T21:42:45.378Z] [INFO   ] 2025-10-28T21:42:45.378Z [DEBUG] Discord Gateway WebSocket connection established
[2025-10-28T21:42:45.378Z] [INFO   ] 2025-10-28T21:42:45.378Z [DEBUG] 🔑 Sending identify with intents: {"GUILDS":true,"GUILD_MEMBERS":true,"GUILD_INVITES":true,"GUILD_MESSAGES":true,"MESSAGE_CONTENT":true,"intentsValue":33347}
[2025-10-28T21:42:45.588Z] [INFO   ] 2025-10-28T21:42:45.587Z [DEBUG] 🎉 Discord bot ready! {"sessionId":"93fdbdfebb1851e64df0374950fb0293","username":"ChainReact-Bot","userId":"1378595955212812308","guildCount":2}
[2025-10-28T21:42:45.588Z] [INFO   ] 2025-10-28T21:42:45.588Z [DEBUG] 📋 Initializing invite cache...
[2025-10-28T21:42:45.589Z] [INFO   ] 2025-10-28T21:42:45.589Z [DEBUG] 📡 Discord event received: GUILD_CREATE
[2025-10-28T21:42:45.589Z] [INFO   ] 2025-10-28T21:42:45.589Z [DEBUG] 📡 Discord event received: GUILD_CREATE
[2025-10-28T21:42:45.841Z] [INFO   ] 2025-10-28T21:42:45.841Z [DEBUG] ✅ Cached 3 invites for guild 1378950884045623406
[2025-10-28T21:42:49.552Z] [INFO   ]  [32m[1m✓[22m[39m Compiled /workflows/builder/[id] in 7.2s (4773 modules)
[2025-10-28T21:42:50.064Z] [INFO   ]  [32m[1m✓[22m[39m Compiled in 498ms (925 modules)
[2025-10-28T21:42:50.446Z] [INFO   ] 2025-10-28T21:42:50.446Z [DEBUG] 💧 [AUTH] Rehydrating auth state from storage {"hasState":true,"hasUser":false,"initialized":false,"timestamp":"2025-10-28T21:42:50.446Z"}
[2025-10-28T21:42:50.450Z] [INFO   ] 2025-10-28T21:42:50.450Z [DEBUG] 💧 [AUTH] State hydrated and reset {"hasUser":false,"initialized":false,"timestamp":"2025-10-28T21:42:50.450Z"}
[2025-10-28T21:42:50.450Z] [INFO   ] 2025-10-28T21:42:50.450Z [DEBUG] ⏭️ [AUTH] Skipping initialization {"hasState":true,"alreadyInitialized":false,"isClient":false,"timestamp":"2025-10-28T21:42:50.450Z"}
[2025-10-28T21:42:50.818Z] [INFO   ] 2025-10-28T21:42:50.817Z [DEBUG] [Username Check] {"userId":"a3e3a51a-175c-4b59-ad03-227ba12a18b0","hasEmail":true,"provider":"email","hasUsername":true,"isGoogleUser":false}
[2025-10-28T21:42:52.422Z] [INFO   ] 2025-10-28T21:42:52.422Z [DEBUG] [Middleware] Username check: {"path":"/workflows/v2/api/flows/6c1232a4-6244-484a-b4cd-f970c22c0536/revisions","userId":"a3e3a51a-175c-4b59-ad03-227ba12a18b0","provider":"email","role":"free","username":"nstoddard17","hasUsername":true,"isBetaTester":false,"isNewBetaUser":false,"accountAge":13121085023}
[2025-10-28T21:42:52.447Z] [INFO   ]  [37m[1m○[22m[39m Compiling /api/integrations ...
[2025-10-28T21:42:54.098Z] [INFO   ]  [32m[1m✓[22m[39m Compiled /workflows/v2/api/flows/[flowId]/revisions in 2.2s (4776 modules)
[2025-10-28T21:42:54.288Z] [INFO   ] 2025-10-28T21:42:54.287Z [DEBUG] 📍 [API /api/integrations] GET request received {"timestamp":"2025-10-28T21:42:54.287Z","headers":{"referer":"check-console"}}
[2025-10-28T21:42:54.591Z] [INFO   ] 2025-10-28T21:42:54.591Z [DEBUG] ✅ [API /api/integrations] User authenticated {"userId":"a3e3a51a-175c-4b59-ad03-227ba12a18b0"}
[2025-10-28T21:42:54.724Z] [INFO   ] 2025-10-28T21:42:54.724Z [DEBUG] 📊 [API /api/integrations] Query result {"count":14,"error":null,"firstFew":[{"provider":"notion","status":"connected"},{"provider":"mailchimp","status":"connected"}]}
[2025-10-28T21:42:55.280Z] [INFO   ] 2025-10-28T21:42:55.280Z [DEBUG] [Middleware] Username check: {"path":"/workflows/v2/api/flows/6c1232a4-6244-484a-b4cd-f970c22c0536/revisions/99c64826-da17-41da-8f15-5786277e46a9","userId":"a3e3a51a-175c-4b59-ad03-227ba12a18b0","provider":"email","role":"free","username":"nstoddard17","hasUsername":true,"isBetaTester":false,"isNewBetaUser":false,"accountAge":13121087880}
[2025-10-28T21:42:55.312Z] [INFO   ] 2025-10-28T21:42:55.312Z [DEBUG] [Middleware] Username check: {"path":"/workflows/v2/api/flows/6c1232a4-6244-484a-b4cd-f970c22c0536/revisions","userId":"a3e3a51a-175c-4b59-ad03-227ba12a18b0","provider":"email","role":"free","username":"nstoddard17","hasUsername":true,"isBetaTester":false,"isNewBetaUser":false,"accountAge":13121087913}
[2025-10-28T21:42:55.848Z] [INFO   ]  [37m[1m○[22m[39m Compiling /workflows/v2/api/flows/[flowId]/revisions/[revisionId] ...
[2025-10-28T21:42:55.872Z] [INFO   ]  [32m[1m✓[22m[39m Compiled /workflows/v2/api/flows/[flowId]/revisions/[revisionId] in 551ms (4778 modules)
[2025-10-28T21:42:56.542Z] [INFO   ] 2025-10-28T21:42:56.542Z [DEBUG] [Middleware] Username check: {"path":"/workflows/v2/api/flows/6c1232a4-6244-484a-b4cd-f970c22c0536/revisions","userId":"a3e3a51a-175c-4b59-ad03-227ba12a18b0","provider":"email","role":"free","username":"nstoddard17","hasUsername":true,"isBetaTester":false,"isNewBetaUser":false,"accountAge":13121089143}
[2025-10-28T21:42:56.731Z] [INFO   ] 2025-10-28T21:42:56.731Z [DEBUG] [Middleware] Username check: {"path":"/workflows/v2/api/flows/6c1232a4-6244-484a-b4cd-f970c22c0536/revisions/99c64826-da17-41da-8f15-5786277e46a9","userId":"a3e3a51a-175c-4b59-ad03-227ba12a18b0","provider":"email","role":"free","username":"nstoddard17","hasUsername":true,"isBetaTester":false,"isNewBetaUser":false,"accountAge":13121089332}
[2025-10-28T21:42:57.334Z] [INFO   ] 2025-10-28T21:42:57.334Z [DEBUG] [Middleware] Username check: {"path":"/workflows/v2/api/flows/6c1232a4-6244-484a-b4cd-f970c22c0536/revisions/99c64826-da17-41da-8f15-5786277e46a9","userId":"a3e3a51a-175c-4b59-ad03-227ba12a18b0","provider":"email","role":"free","username":"nstoddard17","hasUsername":true,"isBetaTester":false,"isNewBetaUser":false,"accountAge":13121089935}
[2025-10-28T21:42:57.887Z] [INFO   ] 2025-10-28T21:42:57.887Z [DEBUG] [Middleware] Username check: {"path":"/workflows/v2/api/flows/6c1232a4-6244-484a-b4cd-f970c22c0536/edits","userId":"a3e3a51a-175c-4b59-ad03-227ba12a18b0","provider":"email","role":"free","username":"nstoddard17","hasUsername":true,"isBetaTester":false,"isNewBetaUser":false,"accountAge":13121090488}
[2025-10-28T21:42:58.359Z] [INFO   ]  [32m[1m✓[22m[39m Compiled /workflows/v2/api/flows/[flowId]/edits in 433ms (4781 modules)
[2025-10-28T21:44:41.183Z] [INFO   ] 2025-10-28T21:44:41.183Z [DEBUG] [Middleware] Username check: {"path":"/workflows/builder","userId":"a3e3a51a-175c-4b59-ad03-227ba12a18b0","provider":"email","role":"free","username":"nstoddard17","hasUsername":true,"isBetaTester":false,"isNewBetaUser":false,"accountAge":13121193784}
[2025-10-28T21:44:41.887Z] [INFO   ]  [37m[1m○[22m[39m Compiling /workflows/builder ...
[2025-10-28T21:44:42.855Z] [INFO   ]  [32m[1m✓[22m[39m Compiled /workflows/builder in 1584ms (4762 modules)
[2025-10-28T21:44:43.247Z] [INFO   ] 2025-10-28T21:44:43.247Z [DEBUG] 💧 [AUTH] Rehydrating auth state from storage {"hasState":true,"hasUser":false,"initialized":false,"timestamp":"2025-10-28T21:44:43.247Z"}
[2025-10-28T21:44:43.248Z] [INFO   ] 2025-10-28T21:44:43.248Z [DEBUG] 💧 [AUTH] State hydrated and reset {"hasUser":false,"initialized":false,"timestamp":"2025-10-28T21:44:43.248Z"}
[2025-10-28T21:44:43.248Z] [INFO   ] 2025-10-28T21:44:43.248Z [DEBUG] ⏭️ [AUTH] Skipping initialization {"hasState":true,"alreadyInitialized":false,"isClient":false,"timestamp":"2025-10-28T21:44:43.248Z"}
[2025-10-28T21:44:43.506Z] [INFO   ] 2025-10-28T21:44:43.505Z [DEBUG] [Username Check] {"userId":"a3e3a51a-175c-4b59-ad03-227ba12a18b0","hasEmail":true,"provider":"email","hasUsername":true,"isGoogleUser":false}
[2025-10-28T21:44:44.134Z] [INFO   ]  [32m[1m✓[22m[39m Compiled /api/presence/count in 322ms (3859 modules)
[2025-10-28T21:44:44.238Z] [INFO   ] 2025-10-28T21:44:44.238Z [DEBUG] [Middleware] Username check: {"path":"/workflows/builder/6c1232a4-6244-484a-b4cd-f970c22c0536","userId":"a3e3a51a-175c-4b59-ad03-227ba12a18b0","provider":"email","role":"free","username":"nstoddard17","hasUsername":true,"isBetaTester":false,"isNewBetaUser":false,"accountAge":13121196839}
[2025-10-28T21:44:44.385Z] [INFO   ]  [32m[1m✓[22m[39m Compiled in 0ms (3861 modules)
[2025-10-28T21:44:44.593Z] [INFO   ]  [32m[1m✓[22m[39m Compiled in 1ms (3861 modules)
[2025-10-28T21:44:44.830Z] [INFO   ]  [32m[1m✓[22m[39m Compiled in 0ms (3861 modules)
[2025-10-28T21:44:45.431Z] [INFO   ] 2025-10-28T21:44:45.431Z [DEBUG] 💧 [AUTH] Rehydrating auth state from storage {"hasState":true,"hasUser":false,"initialized":false,"timestamp":"2025-10-28T21:44:45.431Z"}
[2025-10-28T21:44:45.436Z] [INFO   ] 2025-10-28T21:44:45.436Z [DEBUG] 💧 [AUTH] State hydrated and reset {"hasUser":false,"initialized":false,"timestamp":"2025-10-28T21:44:45.436Z"}
[2025-10-28T21:44:45.436Z] [INFO   ] 2025-10-28T21:44:45.436Z [DEBUG] ⏭️ [AUTH] Skipping initialization {"hasState":true,"alreadyInitialized":false,"isClient":false,"timestamp":"2025-10-28T21:44:45.436Z"}
[2025-10-28T21:44:45.750Z] [INFO   ] 2025-10-28T21:44:45.750Z [DEBUG] [Username Check] {"userId":"a3e3a51a-175c-4b59-ad03-227ba12a18b0","hasEmail":true,"provider":"email","hasUsername":true,"isGoogleUser":false}
[2025-10-28T21:44:47.075Z] [INFO   ] 2025-10-28T21:44:47.075Z [DEBUG] [Middleware] Username check: {"path":"/workflows/v2/api/flows/6c1232a4-6244-484a-b4cd-f970c22c0536/revisions","userId":"a3e3a51a-175c-4b59-ad03-227ba12a18b0","provider":"email","role":"free","username":"nstoddard17","hasUsername":true,"isBetaTester":false,"isNewBetaUser":false,"accountAge":13121199676}
[2025-10-28T21:44:47.101Z] [INFO   ]  [32m[1m✓[22m[39m Compiled /api/integrations in 468ms (3863 modules)
[2025-10-28T21:44:47.412Z] [INFO   ]  [32m[1m✓[22m[39m Compiled /workflows/v2/api/flows/[flowId]/revisions in 298ms (3866 modules)
[2025-10-28T21:44:47.680Z] [INFO   ] 2025-10-28T21:44:47.679Z [DEBUG] 📍 [API /api/integrations] GET request received {"timestamp":"2025-10-28T21:44:47.679Z","headers":{"referer":"check-console"}}
[2025-10-28T21:44:47.813Z] [INFO   ] 2025-10-28T21:44:47.813Z [DEBUG] ✅ [API /api/integrations] User authenticated {"userId":"a3e3a51a-175c-4b59-ad03-227ba12a18b0"}
[2025-10-28T21:44:48.051Z] [INFO   ] 2025-10-28T21:44:48.050Z [DEBUG] 📊 [API /api/integrations] Query result {"count":14,"error":null,"firstFew":[{"provider":"notion","status":"connected"},{"provider":"mailchimp","status":"connected"}]}
[2025-10-28T21:44:48.220Z] [INFO   ] 2025-10-28T21:44:48.220Z [DEBUG] [Middleware] Username check: {"path":"/workflows/v2/api/flows/6c1232a4-6244-484a-b4cd-f970c22c0536/revisions","userId":"a3e3a51a-175c-4b59-ad03-227ba12a18b0","provider":"email","role":"free","username":"nstoddard17","hasUsername":true,"isBetaTester":false,"isNewBetaUser":false,"accountAge":13121200821}
[2025-10-28T21:44:48.246Z] [INFO   ] 2025-10-28T21:44:48.246Z [DEBUG] [Middleware] Username check: {"path":"/workflows/v2/api/flows/6c1232a4-6244-484a-b4cd-f970c22c0536/revisions/99c64826-da17-41da-8f15-5786277e46a9","userId":"a3e3a51a-175c-4b59-ad03-227ba12a18b0","provider":"email","role":"free","username":"nstoddard17","hasUsername":true,"isBetaTester":false,"isNewBetaUser":false,"accountAge":13121200847}
[2025-10-28T21:44:48.554Z] [INFO   ]  [32m[1m✓[22m[39m Compiled /workflows/v2/api/flows/[flowId]/revisions/[revisionId] in 258ms (3868 modules)
[2025-10-28T21:44:49.058Z] [INFO   ] 2025-10-28T21:44:49.058Z [DEBUG] [Middleware] Username check: {"path":"/workflows/v2/api/flows/6c1232a4-6244-484a-b4cd-f970c22c0536/revisions/99c64826-da17-41da-8f15-5786277e46a9","userId":"a3e3a51a-175c-4b59-ad03-227ba12a18b0","provider":"email","role":"free","username":"nstoddard17","hasUsername":true,"isBetaTester":false,"isNewBetaUser":false,"accountAge":13121201659}
[2025-10-28T21:49:48.122Z] [INFO   ]  [32m[1m✓[22m[39m Compiled in 626ms (925 modules)
[2025-10-28T21:49:48.397Z] [INFO   ] 2025-10-28T21:49:48.397Z [DEBUG] [Middleware] Username check: {"path":"/workflows/builder/6c1232a4-6244-484a-b4cd-f970c22c0536","userId":"a3e3a51a-175c-4b59-ad03-227ba12a18b0","provider":"email","role":"free","username":"nstoddard17","hasUsername":true,"isBetaTester":false,"isNewBetaUser":false,"accountAge":13121500998}
[2025-10-28T21:49:48.580Z] [INFO   ] 2025-10-28T21:49:48.580Z [DEBUG] [Username Check] {"userId":"a3e3a51a-175c-4b59-ad03-227ba12a18b0","hasEmail":true,"provider":"email","hasUsername":true,"isGoogleUser":false}
[2025-10-28T21:50:02.767Z] [INFO   ]  [32m[1m✓[22m[39m Compiled in 304ms (925 modules)
[2025-10-28T21:50:03.067Z] [INFO   ] 2025-10-28T21:50:03.067Z [DEBUG] [Middleware] Username check: {"path":"/workflows/builder/6c1232a4-6244-484a-b4cd-f970c22c0536","userId":"a3e3a51a-175c-4b59-ad03-227ba12a18b0","provider":"email","role":"free","username":"nstoddard17","hasUsername":true,"isBetaTester":false,"isNewBetaUser":false,"accountAge":13121515668}
[2025-10-28T21:50:03.175Z] [INFO   ] 2025-10-28T21:50:03.175Z [DEBUG] [Username Check] {"userId":"a3e3a51a-175c-4b59-ad03-227ba12a18b0","hasEmail":true,"provider":"email","hasUsername":true,"isGoogleUser":false}
[2025-10-28T21:50:13.104Z] [INFO   ]  [32m[1m✓[22m[39m Compiled in 272ms (925 modules)
[2025-10-28T21:50:13.345Z] [INFO   ] 2025-10-28T21:50:13.345Z [DEBUG] [Middleware] Username check: {"path":"/workflows/builder/6c1232a4-6244-484a-b4cd-f970c22c0536","userId":"a3e3a51a-175c-4b59-ad03-227ba12a18b0","provider":"email","role":"free","username":"nstoddard17","hasUsername":true,"isBetaTester":false,"isNewBetaUser":false,"accountAge":13121525946}
[2025-10-28T21:50:13.432Z] [INFO   ] 2025-10-28T21:50:13.432Z [DEBUG] [Username Check] {"userId":"a3e3a51a-175c-4b59-ad03-227ba12a18b0","hasEmail":true,"provider":"email","hasUsername":true,"isGoogleUser":false}
[2025-10-28T21:50:20.603Z] [INFO   ]  [32m[1m✓[22m[39m Compiled in 348ms (925 modules)
[2025-10-28T21:50:20.939Z] [INFO   ] 2025-10-28T21:50:20.939Z [DEBUG] [Middleware] Username check: {"path":"/workflows/builder/6c1232a4-6244-484a-b4cd-f970c22c0536","userId":"a3e3a51a-175c-4b59-ad03-227ba12a18b0","provider":"email","role":"free","username":"nstoddard17","hasUsername":true,"isBetaTester":false,"isNewBetaUser":false,"accountAge":13121533540}
[2025-10-28T21:50:21.040Z] [INFO   ] 2025-10-28T21:50:21.040Z [DEBUG] [Username Check] {"userId":"a3e3a51a-175c-4b59-ad03-227ba12a18b0","hasEmail":true,"provider":"email","hasUsername":true,"isGoogleUser":false}
[2025-10-28T21:50:26.679Z] [INFO   ]  [32m[1m✓[22m[39m Compiled in 273ms (925 modules)
[2025-10-28T21:50:26.935Z] [INFO   ] 2025-10-28T21:50:26.934Z [DEBUG] [Middleware] Username check: {"path":"/workflows/builder/6c1232a4-6244-484a-b4cd-f970c22c0536","userId":"a3e3a51a-175c-4b59-ad03-227ba12a18b0","provider":"email","role":"free","username":"nstoddard17","hasUsername":true,"isBetaTester":false,"isNewBetaUser":false,"accountAge":13121539535}
[2025-10-28T21:50:27.028Z] [INFO   ] 2025-10-28T21:50:27.028Z [DEBUG] [Username Check] {"userId":"a3e3a51a-175c-4b59-ad03-227ba12a18b0","hasEmail":true,"provider":"email","hasUsername":true,"isGoogleUser":false}
[2025-10-28T21:50:35.102Z] [INFO   ]  [32m[1m✓[22m[39m Compiled in 295ms (925 modules)
[2025-10-28T21:50:35.333Z] [INFO   ] 2025-10-28T21:50:35.333Z [DEBUG] [Middleware] Username check: {"path":"/workflows/builder/6c1232a4-6244-484a-b4cd-f970c22c0536","userId":"a3e3a51a-175c-4b59-ad03-227ba12a18b0","provider":"email","role":"free","username":"nstoddard17","hasUsername":true,"isBetaTester":false,"isNewBetaUser":false,"accountAge":13121547934}
[2025-10-28T21:50:35.426Z] [INFO   ] 2025-10-28T21:50:35.426Z [DEBUG] [Username Check] {"userId":"a3e3a51a-175c-4b59-ad03-227ba12a18b0","hasEmail":true,"provider":"email","hasUsername":true,"isGoogleUser":false}
[2025-10-28T21:50:42.472Z] [INFO   ]  [32m[1m✓[22m[39m Compiled in 265ms (925 modules)
[2025-10-28T21:50:42.741Z] [INFO   ] 2025-10-28T21:50:42.740Z [DEBUG] [Middleware] Username check: {"path":"/workflows/builder/6c1232a4-6244-484a-b4cd-f970c22c0536","userId":"a3e3a51a-175c-4b59-ad03-227ba12a18b0","provider":"email","role":"free","username":"nstoddard17","hasUsername":true,"isBetaTester":false,"isNewBetaUser":false,"accountAge":13121555341}
[2025-10-28T21:50:42.830Z] [INFO   ] 2025-10-28T21:50:42.830Z [DEBUG] [Username Check] {"userId":"a3e3a51a-175c-4b59-ad03-227ba12a18b0","hasEmail":true,"provider":"email","hasUsername":true,"isGoogleUser":false}
[2025-10-28T21:59:03.920Z] [INFO   ] 2025-10-28T21:59:03.920Z [DEBUG] [Middleware] Username check: {"path":"/workflows/builder/6c1232a4-6244-484a-b4cd-f970c22c0536","userId":"a3e3a51a-175c-4b59-ad03-227ba12a18b0","provider":"email","role":"free","username":"nstoddard17","hasUsername":true,"isBetaTester":false,"isNewBetaUser":false,"accountAge":13122056521}
[2025-10-28T21:59:04.303Z] [INFO   ] 2025-10-28T21:59:04.303Z [DEBUG] 💧 [AUTH] Rehydrating auth state from storage {"hasState":true,"hasUser":false,"initialized":false,"timestamp":"2025-10-28T21:59:04.303Z"}
[2025-10-28T21:59:04.310Z] [INFO   ] 2025-10-28T21:59:04.310Z [DEBUG] 💧 [AUTH] State hydrated and reset {"hasUser":false,"initialized":false,"timestamp":"2025-10-28T21:59:04.310Z"}
[2025-10-28T21:59:04.310Z] [INFO   ] 2025-10-28T21:59:04.310Z [DEBUG] ⏭️ [AUTH] Skipping initialization {"hasState":true,"alreadyInitialized":false,"isClient":false,"timestamp":"2025-10-28T21:59:04.310Z"}
[2025-10-28T21:59:04.609Z] [INFO   ] 2025-10-28T21:59:04.608Z [DEBUG] [Username Check] {"userId":"a3e3a51a-175c-4b59-ad03-227ba12a18b0","hasEmail":true,"provider":"email","hasUsername":true,"isGoogleUser":false}
[2025-10-28T21:59:06.092Z] [INFO   ]  [37m[1m○[22m[39m Compiling /icon.png ...
[2025-10-28T21:59:06.415Z] [INFO   ] 2025-10-28T21:59:06.415Z [DEBUG] [Middleware] Username check: {"path":"/workflows/v2/api/flows/6c1232a4-6244-484a-b4cd-f970c22c0536/revisions","userId":"a3e3a51a-175c-4b59-ad03-227ba12a18b0","provider":"email","role":"free","username":"nstoddard17","hasUsername":true,"isBetaTester":false,"isNewBetaUser":false,"accountAge":13122059016}
[2025-10-28T21:59:06.535Z] [INFO   ]  [32m[1m✓[22m[39m Compiled /workflows/v2/api/flows/[flowId]/revisions in 1107ms (3860 modules)
[2025-10-28T21:59:06.819Z] [INFO   ]  [32m[1m✓[22m[39m Compiled (3865 modules)
[2025-10-28T21:59:06.988Z] [INFO   ] 2025-10-28T21:59:06.987Z [DEBUG] 📍 [API /api/integrations] GET request received {"timestamp":"2025-10-28T21:59:06.987Z","headers":{"referer":"check-console"}}
[2025-10-28T21:59:07.123Z] [INFO   ] 2025-10-28T21:59:07.123Z [DEBUG] ✅ [API /api/integrations] User authenticated {"userId":"a3e3a51a-175c-4b59-ad03-227ba12a18b0"}
[2025-10-28T21:59:07.216Z] [INFO   ] 2025-10-28T21:59:07.216Z [DEBUG] 📊 [API /api/integrations] Query result {"count":14,"error":null,"firstFew":[{"provider":"notion","status":"connected"},{"provider":"mailchimp","status":"connected"}]}
[2025-10-28T21:59:07.463Z] [INFO   ] 2025-10-28T21:59:07.463Z [DEBUG] [Middleware] Username check: {"path":"/workflows/v2/api/flows/6c1232a4-6244-484a-b4cd-f970c22c0536/revisions","userId":"a3e3a51a-175c-4b59-ad03-227ba12a18b0","provider":"email","role":"free","username":"nstoddard17","hasUsername":true,"isBetaTester":false,"isNewBetaUser":false,"accountAge":13122060064}
[2025-10-28T21:59:07.527Z] [INFO   ] 2025-10-28T21:59:07.527Z [DEBUG] [Middleware] Username check: {"path":"/workflows/v2/api/flows/6c1232a4-6244-484a-b4cd-f970c22c0536/revisions/99c64826-da17-41da-8f15-5786277e46a9","userId":"a3e3a51a-175c-4b59-ad03-227ba12a18b0","provider":"email","role":"free","username":"nstoddard17","hasUsername":true,"isBetaTester":false,"isNewBetaUser":false,"accountAge":13122060128}
[2025-10-28T21:59:07.858Z] [INFO   ]  [32m[1m✓[22m[39m Compiled /workflows/v2/api/flows/[flowId]/revisions/[revisionId] in 307ms (3867 modules)
[2025-10-28T21:59:08.386Z] [INFO   ] 2025-10-28T21:59:08.386Z [DEBUG] [Middleware] Username check: {"path":"/workflows/v2/api/flows/6c1232a4-6244-484a-b4cd-f970c22c0536/revisions/99c64826-da17-41da-8f15-5786277e46a9","userId":"a3e3a51a-175c-4b59-ad03-227ba12a18b0","provider":"email","role":"free","username":"nstoddard17","hasUsername":true,"isBetaTester":false,"isNewBetaUser":false,"accountAge":13122060987}

=== Log Session Ended: 2025-10-28T21:59:20.374Z ===
