=== Log Session Started: 2025-10-28T03:44:13.339Z ===
Node Version: v23.7.0
Platform: darwin
Working Directory: /Users/nathanielstoddard/chainreact-app/chainreact-app-9e
================================================================================

[2025-10-28T03:44:13.340Z] [INFO   ] File logging initialized
[2025-10-28T03:44:13.340Z] [INFO   ] Log file: /Users/nathanielstoddard/chainreact-app/chainreact-app-9e/logs/workflow_2025-10-27_22-44-13.log
[2025-10-28T03:44:13.345Z] [INFO   ] Deleted old log file: workflow_2025-10-20_22-37-40.log
[2025-10-28T03:44:13.347Z] [INFO   ] Deleted old log file: workflow_2025-10-20_22-02-01.log
[2025-10-28T03:44:13.348Z] [INFO   ] Deleted old log file: workflow_2025-10-20_21-59-38.log
[2025-10-28T03:44:13.352Z] [INFO   ] Deleted old log file: workflow_2025-10-20_20-37-25.log
[2025-10-28T03:44:13.352Z] [INFO   ] ðŸ“ File logging enabled
[2025-10-28T03:44:13.352Z] [INFO   ] ðŸ“ Logs will be written to: /Users/nathanielstoddard/chainreact-app/chainreact-app-9e/logs/workflow_2025-10-27_22-44-13.log
[2025-10-28T03:44:13.352Z] [INFO   ] ðŸ’¡ To view logs in real-time: tail -f /Users/nathanielstoddard/chainreact-app/chainreact-app-9e/logs/workflow_2025-10-27_22-44-13.log
[2025-10-28T03:44:13.353Z] [INFO   ] ðŸ’¡ To view all logs: cat /Users/nathanielstoddard/chainreact-app/chainreact-app-9e/logs/workflow_2025-10-27_22-44-13.log
[2025-10-28T03:44:13.353Z] [INFO   ] ðŸ’¡ To share logs: Copy the file at /Users/nathanielstoddard/chainreact-app/chainreact-app-9e/logs/workflow_2025-10-27_22-44-13.log
[2025-10-28T03:44:13.353Z] [INFO   ] --------------------------------------------------------------------------------
[2025-10-28T03:44:13.353Z] [DEBUG  ] ðŸ“ File logging system initialized
[2025-10-28T03:44:13.377Z] [INFO   ]  [32m[1mâœ“[22m[39m Ready in 4.2s
[2025-10-28T03:44:14.495Z] [INFO   ] 2025-10-28T03:44:14.495Z [DEBUG] ðŸ¤– Discord bot configured, initializing gateway connection in background...
[2025-10-28T03:44:16.326Z] [INFO   ] 2025-10-28T03:44:16.326Z [DEBUG] Initializing Discord Gateway connection (singleton)...
[2025-10-28T03:44:16.326Z] [INFO   ] 2025-10-28T03:44:16.326Z [DEBUG] ðŸ”‘ Discord bot token loaded
[2025-10-28T03:44:16.777Z] [INFO   ] 2025-10-28T03:44:16.777Z [DEBUG] Discord Gateway initialization complete
[2025-10-28T03:44:16.778Z] [INFO   ] 2025-10-28T03:44:16.778Z [DEBUG] âœ… Discord bot gateway connection initialized
[2025-10-28T03:44:16.781Z] [INFO   ]  [32m[1mâœ“[22m[39m Compiled /middleware in 188ms (234 modules)
[2025-10-28T03:44:17.009Z] [INFO   ] 2025-10-28T03:44:17.009Z [DEBUG] Discord Gateway WebSocket connection established
[2025-10-28T03:44:17.009Z] [INFO   ] 2025-10-28T03:44:17.009Z [DEBUG] ðŸ”‘ Sending identify with intents: {"GUILDS":true,"GUILD_MEMBERS":true,"GUILD_INVITES":true,"GUILD_MESSAGES":true,"MESSAGE_CONTENT":true,"intentsValue":33347}
[2025-10-28T03:44:17.145Z] [INFO   ] 2025-10-28T03:44:17.145Z [DEBUG] ðŸŽ‰ Discord bot ready! {"sessionId":"b7fb64f23c94c7e4869c24ba93aadfff","username":"ChainReact-Bot","userId":"1378595955212812308","guildCount":2}
[2025-10-28T03:44:17.146Z] [INFO   ] 2025-10-28T03:44:17.146Z [DEBUG] ðŸ“‹ Initializing invite cache...
[2025-10-28T03:44:17.148Z] [INFO   ] 2025-10-28T03:44:17.148Z [DEBUG] ðŸ“¡ Discord event received: GUILD_CREATE
[2025-10-28T03:44:17.163Z] [INFO   ] 2025-10-28T03:44:17.163Z [DEBUG] ðŸ“¡ Discord event received: GUILD_CREATE
[2025-10-28T03:44:17.424Z] [INFO   ] 2025-10-28T03:44:17.424Z [DEBUG] âœ… Cached 3 invites for guild 1378950884045623406
[2025-10-28T03:44:17.952Z] [INFO   ] 2025-10-28T03:44:17.950Z [DEBUG] [Middleware] Username check: {"path":"/workflows/ai-agent","userId":"a3e3a51a-175c-4b59-ad03-227ba12a18b0","provider":"email","role":"free","username":"nstoddard17","hasUsername":true,"isBetaTester":false,"isNewBetaUser":false,"accountAge":13056370551}
[2025-10-28T03:44:18.504Z] [INFO   ]  [37m[1mâ—‹[22m[39m Compiling /workflows/ai-agent ...
[2025-10-28T03:44:22.005Z] [INFO   ]  [32m[1mâœ“[22m[39m Compiled /workflows/ai-agent in 4s (4049 modules)
[2025-10-28T03:44:22.379Z] [INFO   ] 2025-10-28T03:44:22.379Z [DEBUG] ðŸ’§ [AUTH] Rehydrating auth state from storage {"hasState":true,"hasUser":false,"initialized":false,"timestamp":"2025-10-28T03:44:22.379Z"}
[2025-10-28T03:44:22.382Z] [INFO   ] 2025-10-28T03:44:22.382Z [DEBUG] ðŸ’§ [AUTH] State hydrated and reset {"hasUser":false,"initialized":false,"timestamp":"2025-10-28T03:44:22.382Z"}
[2025-10-28T03:44:22.382Z] [INFO   ] 2025-10-28T03:44:22.382Z [DEBUG] â­ï¸ [AUTH] Skipping initialization {"hasState":true,"alreadyInitialized":false,"isClient":false,"timestamp":"2025-10-28T03:44:22.382Z"}
[2025-10-28T03:44:22.740Z] [INFO   ]  [32m[1mâœ“[22m[39m Compiled in 720ms (597 modules)
[2025-10-28T03:44:22.945Z] [INFO   ] 2025-10-28T03:44:22.945Z [DEBUG] [Username Check] {"userId":"a3e3a51a-175c-4b59-ad03-227ba12a18b0","hasEmail":true,"provider":"email","hasUsername":true,"isGoogleUser":false}
[2025-10-28T03:44:32.311Z] [INFO   ] 2025-10-28T03:44:32.311Z [DEBUG] [Middleware] Username check: {"path":"/workflows/ai-agent","userId":"a3e3a51a-175c-4b59-ad03-227ba12a18b0","provider":"email","role":"free","username":"nstoddard17","hasUsername":true,"isBetaTester":false,"isNewBetaUser":false,"accountAge":13056384911}
[2025-10-28T03:44:32.627Z] [INFO   ] 2025-10-28T03:44:32.627Z [DEBUG] [Username Check] {"userId":"a3e3a51a-175c-4b59-ad03-227ba12a18b0","hasEmail":true,"provider":"email","hasUsername":true,"isGoogleUser":false}
[2025-10-28T03:44:33.317Z] [INFO   ]  [37m[1mâ—‹[22m[39m Compiling /icon.png ...
[2025-10-28T03:44:33.820Z] [INFO   ]  [32m[1mâœ“[22m[39m Compiled /icon.png in 1011ms (4058 modules)
[2025-10-28T03:44:35.438Z] [INFO   ] 2025-10-28T03:44:35.438Z [DEBUG] [Middleware] Username check: {"path":"/workflows/v2/api/flows","userId":"a3e3a51a-175c-4b59-ad03-227ba12a18b0","provider":"email","role":"free","username":"nstoddard17","hasUsername":true,"isBetaTester":false,"isNewBetaUser":false,"accountAge":13056388038}
[2025-10-28T03:44:35.988Z] [INFO   ]  [37m[1mâ—‹[22m[39m Compiling /workflows/v2/api/flows ...
[2025-10-28T03:44:36.349Z] [INFO   ]  [32m[1mâœ“[22m[39m Compiled /workflows/v2/api/flows in 866ms (4114 modules)
[2025-10-28T03:44:37.159Z] [INFO   ] 2025-10-28T03:44:37.158Z [DEBUG] [Middleware] Username check: {"path":"/workflows/builder/2368aae7-79e8-4ba1-a8ed-32b7a69e575d","userId":"a3e3a51a-175c-4b59-ad03-227ba12a18b0","provider":"email","role":"free","username":"nstoddard17","hasUsername":true,"isBetaTester":false,"isNewBetaUser":false,"accountAge":13056389759}
[2025-10-28T03:44:37.699Z] [INFO   ]  [37m[1mâ—‹[22m[39m Compiling /api/integrations ...
[2025-10-28T03:44:39.807Z] [ERROR  ]  [31m[1mâ¨¯[22m[39m ./components/workflows/FlowV2Builder.module.css:243:1
[31m[1mSyntax error[22m[39m: /Users/nathanielstoddard/chainreact-app/chainreact-app-9e/components/workflows/FlowV2Builder.module.css Unknown word

 [90m 241 | [39m  border-bottom[33m:[39m none[33m;[39m
 [90m 242 | [39m[33m}[39m
[1m[31m>[39m[22m[90m 243 | [39m*** End of File
 [90m     | [39m[1m[31m^[39m[22m
 [90m 244 | [39m
[2025-10-28T03:44:40.354Z] [ERROR  ]  [31m[1mâ¨¯[22m[39m ./components/workflows/FlowV2Builder.module.css:243:1
[31m[1mSyntax error[22m[39m: /Users/nathanielstoddard/chainreact-app/chainreact-app-9e/components/workflows/FlowV2Builder.module.css Unknown word

 [90m 241 | [39m  border-bottom[33m:[39m none[33m;[39m
 [90m 242 | [39m[33m}[39m
[1m[31m>[39m[22m[90m 243 | [39m*** End of File
 [90m     | [39m[1m[31m^[39m[22m
 [90m 244 | [39m
[2025-10-28T03:44:45.426Z] [ERROR  ]  [31m[1mâ¨¯[22m[39m ./components/workflows/FlowV2Builder.module.css:243:1
[31m[1mSyntax error[22m[39m: /Users/nathanielstoddard/chainreact-app/chainreact-app-9e/components/workflows/FlowV2Builder.module.css Unknown word

 [90m 241 | [39m  border-bottom[33m:[39m none[33m;[39m
 [90m 242 | [39m[33m}[39m
[1m[31m>[39m[22m[90m 243 | [39m*** End of File
 [90m     | [39m[1m[31m^[39m[22m
 [90m 244 | [39m
[2025-10-28T03:44:45.822Z] [INFO   ] 2025-10-28T03:44:45.822Z [DEBUG] [Middleware] Username check: {"path":"/workflows/builder/2368aae7-79e8-4ba1-a8ed-32b7a69e575d","userId":"a3e3a51a-175c-4b59-ad03-227ba12a18b0","provider":"email","role":"free","username":"nstoddard17","hasUsername":true,"isBetaTester":false,"isNewBetaUser":false,"accountAge":13056398423}
[2025-10-28T03:44:46.068Z] [INFO   ] 2025-10-28T03:44:46.068Z [DEBUG] [Middleware] Username check: {"path":"/workflows/builder/2368aae7-79e8-4ba1-a8ed-32b7a69e575d","userId":"a3e3a51a-175c-4b59-ad03-227ba12a18b0","provider":"email","role":"free","username":"nstoddard17","hasUsername":true,"isBetaTester":false,"isNewBetaUser":false,"accountAge":13056398669}
[2025-10-28T03:44:46.361Z] [INFO   ] 2025-10-28T03:44:46.361Z [DEBUG] [Middleware] Username check: {"path":"/workflows/builder/2368aae7-79e8-4ba1-a8ed-32b7a69e575d","userId":"a3e3a51a-175c-4b59-ad03-227ba12a18b0","provider":"email","role":"free","username":"nstoddard17","hasUsername":true,"isBetaTester":false,"isNewBetaUser":false,"accountAge":13056398962}
[2025-10-28T03:45:03.852Z] [ERROR  ]  [31m[1mâ¨¯[22m[39m ./components/workflows/v2/styles/tokens.css:1:1
[31m[1mSyntax error[22m[39m: Selector ":root" is not pure (pure selectors must contain at least one local class or id)

[1m[31m>[39m[22m[90m 1 | [39m[33m:[39mroot [33m{[39m
 [90m   | [39m[1m[31m^[39m[22m
 [90m 2 | [39m  --flowv2-color-bg[33m:[39m [36mhsl[39m[36m([39m[36mvar[39m[36m(--background)[39m[36m)[39m[33m;[39m
 [90m 3 | [39m  --flowv2-color-card[33m:[39m [36mhsl[39m[36m([39m[36mvar[39m[36m(--card)[39m[36m)[39m[33m;[39m
[2025-10-28T03:46:00.210Z] [INFO   ] 2025-10-28T03:46:00.209Z [DEBUG] [Middleware] Username check: {"path":"/workflows/ai-agent","userId":"a3e3a51a-175c-4b59-ad03-227ba12a18b0","provider":"email","role":"free","username":"nstoddard17","hasUsername":true,"isBetaTester":false,"isNewBetaUser":false,"accountAge":13056472810}
[2025-10-28T03:46:06.109Z] [INFO   ] 2025-10-28T03:46:06.108Z [DEBUG] [Middleware] Username check: {"path":"/workflows/ai-agent","userId":"a3e3a51a-175c-4b59-ad03-227ba12a18b0","provider":"email","role":"free","username":"nstoddard17","hasUsername":true,"isBetaTester":false,"isNewBetaUser":false,"accountAge":13056478709}

=== Log Session Ended: 2025-10-28T03:46:09.236Z ===
