=== Log Session Started: 2025-11-09T23:47:09.341Z ===
Node Version: v23.7.0
Platform: darwin
Working Directory: /Users/nathanielstoddard/chainreact-app/chainreact-app-9e
================================================================================

[2025-11-09T23:47:09.342Z] [INFO   ] File logging initialized
[2025-11-09T23:47:09.342Z] [INFO   ] Log file: /Users/nathanielstoddard/chainreact-app/chainreact-app-9e/logs/workflow_2025-11-09_17-47-09.log
[2025-11-09T23:47:09.343Z] [INFO   ] 📁 File logging enabled
[2025-11-09T23:47:09.343Z] [INFO   ] 📝 Logs will be written to: /Users/nathanielstoddard/chainreact-app/chainreact-app-9e/logs/workflow_2025-11-09_17-47-09.log
[2025-11-09T23:47:09.343Z] [INFO   ] 💡 To view logs in real-time: tail -f /Users/nathanielstoddard/chainreact-app/chainreact-app-9e/logs/workflow_2025-11-09_17-47-09.log
[2025-11-09T23:47:09.343Z] [INFO   ] 💡 To view all logs: cat /Users/nathanielstoddard/chainreact-app/chainreact-app-9e/logs/workflow_2025-11-09_17-47-09.log
[2025-11-09T23:47:09.343Z] [INFO   ] 💡 To share logs: Copy the file at /Users/nathanielstoddard/chainreact-app/chainreact-app-9e/logs/workflow_2025-11-09_17-47-09.log
[2025-11-09T23:47:09.343Z] [INFO   ] --------------------------------------------------------------------------------
[2025-11-09T23:47:09.343Z] [DEBUG  ] 📁 File logging system initialized
[2025-11-09T23:47:09.366Z] [INFO   ]  [32m[1m✓[22m[39m Ready in 3.7s
[2025-11-09T23:47:10.370Z] [INFO   ] 2025-11-09T23:47:10.370Z [DEBUG] 🤖 Discord bot configured, initializing gateway connection in background...
[2025-11-09T23:47:12.392Z] [INFO   ] 2025-11-09T23:47:12.392Z [DEBUG] Initializing Discord Gateway connection (singleton)...
[2025-11-09T23:47:12.393Z] [INFO   ] 2025-11-09T23:47:12.393Z [DEBUG] 🔑 Discord bot token loaded
[2025-11-09T23:47:12.919Z] [INFO   ] 2025-11-09T23:47:12.919Z [DEBUG] Discord Gateway initialization complete
[2025-11-09T23:47:12.922Z] [INFO   ] 2025-11-09T23:47:12.921Z [DEBUG] ✅ Discord bot gateway connection initialized
[2025-11-09T23:47:13.151Z] [INFO   ] 2025-11-09T23:47:13.150Z [DEBUG] Discord Gateway WebSocket connection established
[2025-11-09T23:47:13.151Z] [INFO   ] 2025-11-09T23:47:13.151Z [DEBUG] 🔑 Sending identify with intents: {"GUILDS":true,"GUILD_MEMBERS":true,"GUILD_INVITES":true,"GUILD_MESSAGES":true,"MESSAGE_CONTENT":true,"intentsValue":33347}
[2025-11-09T23:47:13.267Z] [INFO   ]  [37m[1m○[22m[39m Compiling /test/nodes ...
[2025-11-09T23:47:13.524Z] [INFO   ] 2025-11-09T23:47:13.524Z [DEBUG] 🎉 Discord bot ready! {"sessionId":"cdfde9b8fd287df5c0166d9ec6d5bbbd","username":"ChainReact-Bot","userId":"1378595955212812308","guildCount":2}
[2025-11-09T23:47:13.524Z] [INFO   ] 2025-11-09T23:47:13.524Z [DEBUG] 📋 Initializing invite cache...
[2025-11-09T23:47:13.528Z] [INFO   ] 2025-11-09T23:47:13.528Z [DEBUG] 📡 Discord event received: GUILD_CREATE
[2025-11-09T23:47:13.551Z] [INFO   ] 2025-11-09T23:47:13.551Z [DEBUG] 📡 Discord event received: GUILD_CREATE
[2025-11-09T23:47:13.702Z] [INFO   ] 2025-11-09T23:47:13.702Z [DEBUG] ✅ Cached 3 invites for guild 1378950884045623406
[2025-11-09T23:47:19.743Z] [INFO   ]  [32m[1m✓[22m[39m Compiled /test/nodes in 7s (5182 modules)
[2025-11-09T23:47:20.393Z] [INFO   ] 2025-11-09T23:47:20.393Z [DEBUG] 💧 [AUTH] Rehydrating auth state from storage {"hasState":true,"hasUser":false,"initialized":false,"timestamp":"2025-11-09T23:47:20.393Z"}
[2025-11-09T23:47:20.405Z] [INFO   ] 2025-11-09T23:47:20.405Z [DEBUG] 💧 [AUTH] State hydrated and reset {"hasUser":false,"initialized":false,"timestamp":"2025-11-09T23:47:20.405Z"}
[2025-11-09T23:47:20.405Z] [INFO   ] 2025-11-09T23:47:20.405Z [DEBUG] ⏭️ [AUTH] Skipping initialization {"hasState":true,"alreadyInitialized":false,"isClient":false,"timestamp":"2025-11-09T23:47:20.405Z"}
[2025-11-09T23:47:21.070Z] [INFO   ]  [32m[1m✓[22m[39m Compiled in 1293ms (1134 modules)
[2025-11-09T23:47:21.988Z] [INFO   ]  [37m[1m○[22m[39m Compiling /api/presence/count ...
[2025-11-09T23:47:23.880Z] [INFO   ]  [32m[1m✓[22m[39m Compiled /api/presence/count in 2.4s (5531 modules)
[2025-11-09T23:47:24.778Z] [INFO   ]  [37m[1m○[22m[39m Compiling /api/integrations ...
[2025-11-09T23:47:24.784Z] [INFO   ]  [32m[1m✓[22m[39m Compiled /api/integrations in 543ms (5301 modules)
[2025-11-09T23:47:24.886Z] [INFO   ] 2025-11-09T23:47:24.886Z [DEBUG] 📍 [API /api/integrations] GET request received {"timestamp":"2025-11-09T23:47:24.886Z","url":"http://localhost:3000/api/integrations?workspace_type=personal"}
[2025-11-09T23:47:24.996Z] [INFO   ] 2025-11-09T23:47:24.996Z [DEBUG] ✅ [API /api/integrations] User authenticated {"userId":"a3e3a51a-175c-4b59-ad03-227ba12a18b0"}
[2025-11-09T23:47:24.996Z] [INFO   ] 2025-11-09T23:47:24.996Z [DEBUG] 🏠 [API /api/integrations] Workspace context {"workspaceType":"personal","workspaceId":null}
[2025-11-09T23:47:25.119Z] [INFO   ] 2025-11-09T23:47:25.119Z [DEBUG] 📊 [API /api/integrations] Parallel query results {"workspaceType":"personal","workspaceId":null,"integrationsCount":10,"permissionsCount":9,"integrationsError":null,"permissionsError":null}
[2025-11-09T23:47:25.119Z] [INFO   ] 2025-11-09T23:47:25.119Z [DEBUG] 📋 [API /api/integrations] Using explicit permission {"integrationId":"aed260e3-7d87-4ea0-ba04-1ab6c35bbda5","provider":"discord","permission":"admin"}
[2025-11-09T23:47:25.119Z] [INFO   ] 2025-11-09T23:47:25.119Z [DEBUG] 📋 [API /api/integrations] Using implicit permission {"integrationId":"7015bddc-01e2-46ad-89bb-fd2385c7dbfc","provider":"gumroad","permission":"admin","reason":"connected_by"}
[2025-11-09T23:47:25.119Z] [INFO   ] 2025-11-09T23:47:25.119Z [DEBUG] 📋 [API /api/integrations] Using explicit permission {"integrationId":"f7f6cf20-d078-40ef-a73c-bc7afd16ec14","provider":"hubspot","permission":"admin"}
[2025-11-09T23:47:25.119Z] [INFO   ] 2025-11-09T23:47:25.119Z [DEBUG] 📋 [API /api/integrations] Using explicit permission {"integrationId":"cdcb4dfa-0de9-4b0c-b493-28dc16aa47cf","provider":"github","permission":"admin"}
[2025-11-09T23:47:25.119Z] [INFO   ] 2025-11-09T23:47:25.119Z [DEBUG] 📋 [API /api/integrations] Using explicit permission {"integrationId":"1cf3129a-cbcb-4df8-b59b-876edd75d137","provider":"google-analytics","permission":"admin"}
[2025-11-09T23:47:25.119Z] [INFO   ] 2025-11-09T23:47:25.119Z [DEBUG] 📋 [API /api/integrations] Using explicit permission {"integrationId":"fa4bc43d-e909-4b30-83ab-901e5d284a72","provider":"google-docs","permission":"admin"}
[2025-11-09T23:47:25.119Z] [INFO   ] 2025-11-09T23:47:25.119Z [DEBUG] 📋 [API /api/integrations] Using explicit permission {"integrationId":"f240f5c0-cb91-462a-bab9-51dcbb116331","provider":"gmail","permission":"admin"}
[2025-11-09T23:47:25.119Z] [INFO   ] 2025-11-09T23:47:25.119Z [DEBUG] 📋 [API /api/integrations] Using explicit permission {"integrationId":"61424f3b-166f-4d60-bf1c-b63cb9155549","provider":"google-drive","permission":"admin"}
[2025-11-09T23:47:25.119Z] [INFO   ] 2025-11-09T23:47:25.119Z [DEBUG] 📋 [API /api/integrations] Using explicit permission {"integrationId":"72c8e3d3-ae7f-464a-b167-ad1e4b7bcc20","provider":"google-calendar","permission":"admin"}
[2025-11-09T23:47:25.119Z] [INFO   ] 2025-11-09T23:47:25.119Z [DEBUG] 📋 [API /api/integrations] Using explicit permission {"integrationId":"8640a243-994f-47b4-b456-26844f408359","provider":"google-sheets","permission":"admin"}
[2025-11-09T23:47:25.119Z] [INFO   ] 2025-11-09T23:47:25.119Z [DEBUG] ✅ [API /api/integrations] Returning integrations {"count":10,"workspaceType":"personal"}
[2025-11-09T23:47:29.220Z] [INFO   ]  [37m[1m○[22m[39m Compiling /api/integrations/google-drive/data ...
[2025-11-09T23:47:31.553Z] [INFO   ]  [32m[1m✓[22m[39m Compiled /api/integrations/google-drive/data in 2.8s (6327 modules)
[2025-11-09T23:47:33.763Z] [INFO   ] 2025-11-09T23:47:33.762Z [DEBUG] [Google Drive API] POST request received: {"integrationId":"61424f3b-166f-4d60-bf1c-b63cb9155549","dataType":"folders","hasOptions":true,"optionsKeys":[]}
[2025-11-09T23:47:34.500Z] [INFO   ] 2025-11-09T23:47:34.500Z [DEBUG] [Google Drive API] Successfully fetched 12 folders
[2025-11-09T23:47:42.342Z] [INFO   ] 2025-11-09T23:47:42.342Z [DEBUG] [Google Drive API] POST request received: {"integrationId":"61424f3b-166f-4d60-bf1c-b63cb9155549","dataType":"list-files-preview","hasOptions":true,"optionsKeys":["folderId","orderBy","includeSubfolders"]}
[2025-11-09T23:47:42.526Z] [INFO   ] 2025-11-09T23:47:42.526Z [DEBUG] [Google Drive API] List files preview query: trashed=false and '13e7lITMgakiQc56xqS7yKwH8Yl_VCb94' in parents
[2025-11-09T23:47:43.321Z] [INFO   ] 2025-11-09T23:47:43.321Z [DEBUG] [Google Drive API] List preview found 4 files
[2025-11-09T23:48:00.431Z] [INFO   ] 2025-11-09T23:48:00.431Z [DEBUG] [Google Drive API] POST request received: {"integrationId":"61424f3b-166f-4d60-bf1c-b63cb9155549","dataType":"list-files-preview","hasOptions":true,"optionsKeys":["folderId","orderBy","includeSubfolders"]}
[2025-11-09T23:48:00.636Z] [INFO   ] 2025-11-09T23:48:00.636Z [DEBUG] [Google Drive API] List files preview query: trashed=false and '1AQ-cT5rUq-IY85tJcUBOzBJZNkZUKGuW' in parents
[2025-11-09T23:48:01.180Z] [INFO   ] 2025-11-09T23:48:01.180Z [DEBUG] [Google Drive API] List preview found 15 files
[2025-11-09T23:49:12.307Z] [INFO   ]  [37m[1m○[22m[39m Compiling /api/integrations/fetch-user-data ...
[2025-11-09T23:49:12.471Z] [INFO   ]  [32m[1m✓[22m[39m Compiled /api/integrations/fetch-user-data in 3.3s (5276 modules)
[2025-11-09T23:49:12.668Z] [INFO   ] 2025-11-09T23:49:12.668Z [DEBUG] 🚀 [SERVER] fetch-user-data API route called
[2025-11-09T23:49:12.669Z] [INFO   ] 2025-11-09T23:49:12.669Z [DEBUG] 🔍 [SERVER] fetch-user-data request parsed: {"integrationId":"8640a243-994f-47b4-b456-26844f408359","dataType":"google-sheets_spreadsheets","options":{}}
[2025-11-09T23:49:13.051Z] [INFO   ] 2025-11-09T23:49:13.051Z [DEBUG] 🔄 [SERVER] Routing Google request to dedicated API: google-sheets_spreadsheets (provider: google-sheets)
[2025-11-09T23:49:13.623Z] [INFO   ]  [37m[1m○[22m[39m Compiling /api/integrations/google/data ...
[2025-11-09T23:49:14.460Z] [INFO   ]  [32m[1m✓[22m[39m Compiled /api/integrations/google/data in 1376ms (5312 modules)
[2025-11-09T23:49:14.593Z] [INFO   ] 2025-11-09T23:49:14.593Z [DEBUG] 🚀 [Google Data API] POST handler invoked
[2025-11-09T23:49:14.593Z] [INFO   ] 2025-11-09T23:49:14.593Z [DEBUG] 🔍 [Google Data API] Request received: {"integrationId":"8640a243-994f-47b4-b456-26844f408359","dataType":"google-sheets_spreadsheets","options":{},"fullRequestBody":{"integrationId":"8640a243-994f-47b4-b456-26844f408359","dataType":"google-sheets_spreadsheets","options":{}}}
[2025-11-09T23:49:14.704Z] [INFO   ] 2025-11-09T23:49:14.704Z [DEBUG] 📊 [Google API] Integration provider check: {"integrationId":"8640a243-994f-47b4-b456-26844f408359","actualProvider":"google-sheets","dataType":"google-sheets_spreadsheets","providerLowerCase":"google-sheets"}
[2025-11-09T23:49:14.704Z] [INFO   ] 2025-11-09T23:49:14.704Z [DEBUG] 🔍 [Google API] Processing request: {"integrationId":"8640a243-994f-47b4-b456-26844f408359","dataType":"google-sheets_spreadsheets","provider":"google-sheets","status":"connected","hasToken":true}
[2025-11-09T23:49:14.704Z] [INFO   ] 2025-11-09T23:49:14.704Z [DEBUG] 📊 [Google Sheets] Fetching spreadsheets
[2025-11-09T23:49:15.126Z] [INFO   ] 2025-11-09T23:49:15.126Z [DEBUG] ✅ [Google Sheets] Retrieved 21 spreadsheets
[2025-11-09T23:49:15.127Z] [INFO   ] 2025-11-09T23:49:15.127Z [DEBUG] ✅ [Google API] Successfully processed google-sheets_spreadsheets: {"integrationId":"8640a243-994f-47b4-b456-26844f408359","resultCount":21}
[2025-11-09T23:49:15.135Z] [INFO   ] 2025-11-09T23:49:15.135Z [DEBUG] ✅ [SERVER] Google API completed for google-sheets_spreadsheets, result length: 21
[2025-11-09T23:49:20.129Z] [INFO   ]  [32m[1m✓[22m[39m Compiled in 1272ms (5326 modules)
[2025-11-09T23:49:21.426Z] [INFO   ] 2025-11-09T23:49:21.426Z [DEBUG] 🚀 [SERVER] fetch-user-data API route called
[2025-11-09T23:49:21.427Z] [INFO   ] 2025-11-09T23:49:21.427Z [DEBUG] 🔍 [SERVER] fetch-user-data request parsed: {"integrationId":"8640a243-994f-47b4-b456-26844f408359","dataType":"google-sheets_sheets","options":{"spreadsheetId":"13dykQ7u8Ef2c1gC2Tbr7_TbMGsJ4R-WlBlLshiN5XBI"}}
[2025-11-09T23:49:21.570Z] [INFO   ] 2025-11-09T23:49:21.569Z [DEBUG] 🔄 [SERVER] Routing Google request to dedicated API: google-sheets_sheets (provider: google-sheets)
[2025-11-09T23:49:21.654Z] [INFO   ] 2025-11-09T23:49:21.654Z [DEBUG] 🚀 [Google Data API] POST handler invoked
[2025-11-09T23:49:21.655Z] [INFO   ] 2025-11-09T23:49:21.655Z [DEBUG] 🔍 [Google Data API] Request received: {"integrationId":"8640a243-994f-47b4-b456-26844f408359","dataType":"google-sheets_sheets","options":{"spreadsheetId":"13dykQ7u8Ef2c1gC2Tbr7_TbMGsJ4R-WlBlLshiN5XBI"},"fullRequestBody":{"integrationId":"8640a243-994f-47b4-b456-26844f408359","dataType":"google-sheets_sheets","options":{"spreadsheetId":"13dykQ7u8Ef2c1gC2Tbr7_TbMGsJ4R-WlBlLshiN5XBI"}}}
[2025-11-09T23:49:21.750Z] [INFO   ] 2025-11-09T23:49:21.750Z [DEBUG] 📊 [Google API] Integration provider check: {"integrationId":"8640a243-994f-47b4-b456-26844f408359","actualProvider":"google-sheets","dataType":"google-sheets_sheets","providerLowerCase":"google-sheets"}
[2025-11-09T23:49:21.751Z] [INFO   ] 2025-11-09T23:49:21.751Z [DEBUG] 🔍 [Google API] Processing request: {"integrationId":"8640a243-994f-47b4-b456-26844f408359","dataType":"google-sheets_sheets","provider":"google-sheets","status":"connected","hasToken":true}
[2025-11-09T23:49:21.751Z] [INFO   ] 2025-11-09T23:49:21.751Z [DEBUG] 📊 [Google Sheets] Fetching sheets for spreadsheet: 13dykQ7u8Ef2c1gC2Tbr7_TbMGsJ4R-WlBlLshiN5XBI
[2025-11-09T23:49:22.570Z] [INFO   ] 2025-11-09T23:49:22.570Z [DEBUG] ✅ [Google Sheets] Retrieved 4 sheets
[2025-11-09T23:49:22.570Z] [INFO   ] 2025-11-09T23:49:22.570Z [DEBUG] ✅ [Google API] Successfully processed google-sheets_sheets: {"integrationId":"8640a243-994f-47b4-b456-26844f408359","resultCount":4}
[2025-11-09T23:49:22.573Z] [INFO   ] 2025-11-09T23:49:22.573Z [DEBUG] ✅ [SERVER] Google API completed for google-sheets_sheets, result length: 4
[2025-11-09T23:49:24.446Z] [INFO   ] 2025-11-09T23:49:24.446Z [DEBUG] 🚀 [SERVER] fetch-user-data API route called
[2025-11-09T23:49:24.446Z] [INFO   ] 2025-11-09T23:49:24.446Z [DEBUG] 🔍 [SERVER] fetch-user-data request parsed: {"integrationId":"8640a243-994f-47b4-b456-26844f408359","dataType":"google-sheets_columns","options":{"sheetName":"Monthly Budget","spreadsheetId":"13dykQ7u8Ef2c1gC2Tbr7_TbMGsJ4R-WlBlLshiN5XBI"}}
[2025-11-09T23:49:24.532Z] [INFO   ] 2025-11-09T23:49:24.532Z [DEBUG] 🔄 [SERVER] Routing Google request to dedicated API: google-sheets_columns (provider: google-sheets)
[2025-11-09T23:49:24.605Z] [INFO   ] 2025-11-09T23:49:24.605Z [DEBUG] 🚀 [Google Data API] POST handler invoked
[2025-11-09T23:49:24.606Z] [INFO   ] 2025-11-09T23:49:24.606Z [DEBUG] 🔍 [Google Data API] Request received: {"integrationId":"8640a243-994f-47b4-b456-26844f408359","dataType":"google-sheets_columns","options":{"sheetName":"Monthly Budget","spreadsheetId":"13dykQ7u8Ef2c1gC2Tbr7_TbMGsJ4R-WlBlLshiN5XBI"},"fullRequestBody":{"integrationId":"8640a243-994f-47b4-b456-26844f408359","dataType":"google-sheets_columns","options":{"sheetName":"Monthly Budget","spreadsheetId":"13dykQ7u8Ef2c1gC2Tbr7_TbMGsJ4R-WlBlLshiN5XBI"}}}
[2025-11-09T23:49:24.693Z] [INFO   ] 2025-11-09T23:49:24.692Z [DEBUG] 📊 [Google API] Integration provider check: {"integrationId":"8640a243-994f-47b4-b456-26844f408359","actualProvider":"google-sheets","dataType":"google-sheets_columns","providerLowerCase":"google-sheets"}
[2025-11-09T23:49:24.693Z] [INFO   ] 2025-11-09T23:49:24.693Z [DEBUG] 🔍 [Google API] Processing request: {"integrationId":"8640a243-994f-47b4-b456-26844f408359","dataType":"google-sheets_columns","provider":"google-sheets","status":"connected","hasToken":true}
[2025-11-09T23:49:24.693Z] [INFO   ] 2025-11-09T23:49:24.693Z [DEBUG] 📊 [Google Sheets] Fetching columns for: 13dykQ7u8Ef2c1gC2Tbr7_TbMGsJ4R-WlBlLshiN5XBI/Monthly Budget
[2025-11-09T23:49:25.045Z] [INFO   ] 2025-11-09T23:49:25.045Z [DEBUG] ✅ [Google Sheets] Retrieved 26 columns
[2025-11-09T23:49:25.046Z] [INFO   ] 2025-11-09T23:49:25.046Z [DEBUG] ✅ [Google API] Successfully processed google-sheets_columns: {"integrationId":"8640a243-994f-47b4-b456-26844f408359","resultCount":26}
[2025-11-09T23:49:25.049Z] [INFO   ] 2025-11-09T23:49:25.049Z [DEBUG] ✅ [SERVER] Google API completed for google-sheets_columns, result length: 26
[2025-11-09T23:49:28.212Z] [INFO   ]  [32m[1m✓[22m[39m Compiled in 1218ms (5326 modules)
[2025-11-09T23:49:37.254Z] [INFO   ]  [37m[1m○[22m[39m Compiling /api/integrations/google-sheets/data ...
[2025-11-09T23:49:39.331Z] [INFO   ]  [32m[1m✓[22m[39m Compiled /api/integrations/google-sheets/data in 2.7s (6322 modules)
[2025-11-09T23:49:42.227Z] [INFO   ] 2025-11-09T23:49:42.227Z [DEBUG] 🔍 [Google Sheets API] Processing request: {"integrationId":"8640a243-994f-47b4-b456-26844f408359","dataType":"google-sheets_records","status":"connected","hasToken":true}
[2025-11-09T23:49:42.228Z] [INFO   ] 2025-11-09T23:49:42.228Z [DEBUG] 🔍 Google Sheets records fetcher called with: {"integrationId":"8640a243-994f-47b4-b456-26844f408359","spreadsheetId":"13dykQ7u8Ef2c1gC2Tbr7_TbMGsJ4R-WlBlLshiN5XBI","sheetName":"Monthly Budget","maxRows":100,"includeHeaders":true,"hasToken":true}
[2025-11-09T23:49:42.229Z] [INFO   ] 2025-11-09T23:49:42.229Z [DEBUG] 🔍 Fetching Google Sheets data...
[2025-11-09T23:49:42.370Z] [INFO   ]  [32m[1m✓[22m[39m Compiled in 495ms (1135 modules)
[2025-11-09T23:49:42.652Z] [INFO   ] 2025-11-09T23:49:42.652Z [DEBUG] 📊 Fetched 22 rows. First row: ["","1st Paycheck","Categories"]
[2025-11-09T23:49:42.655Z] [INFO   ] 2025-11-09T23:49:42.655Z [DEBUG] ✅ Converted to 21 records. Headers: ["Column A","1st Paycheck","Categories","15th Paycheck","Categories","Credit Cards","Payment","Due Date","Interest Rate"]
[2025-11-09T23:49:42.655Z] [INFO   ] 2025-11-09T23:49:42.655Z [DEBUG] 📋 First record: {"id":"row_2","rowNumber":2,"fields":{"Column A":"FEDVIP","1st Paycheck":"$15.43","Categories":"Military Star Card","15th Paycheck":"$28.08","Credit Cards":"$0.00","Payment":"$93.65","Due Date":"12Sep","Interest Rate":"15.49%"},"label":"FEDVIP","value":"row_2"}
[2025-11-09T23:49:42.655Z] [INFO   ] 2025-11-09T23:49:42.655Z [DEBUG] ✅ Google Sheets records fetched successfully: 21 records
[2025-11-09T23:49:42.656Z] [INFO   ] 2025-11-09T23:49:42.655Z [DEBUG] ✅ [Google Sheets API] Successfully processed google-sheets_records: {"integrationId":"8640a243-994f-47b4-b456-26844f408359","resultCount":21}
[2025-11-09T23:49:53.330Z] [INFO   ]  [32m[1m✓[22m[39m Compiled in 650ms (1135 modules)
[2025-11-09T23:50:06.836Z] [INFO   ]  [32m[1m✓[22m[39m Compiled in 912ms (6336 modules)
[2025-11-09T23:50:36.767Z] [INFO   ]  [32m[1m✓[22m[39m Compiled in 1872ms (6319 modules)
[2025-11-09T23:50:47.701Z] [INFO   ]  [32m[1m✓[22m[39m Compiled in 1455ms (5183 modules)
[2025-11-09T23:51:07.622Z] [INFO   ]  [32m[1m✓[22m[39m Compiled in 1586ms (5183 modules)
[2025-11-09T23:51:07.838Z] [WARN   ]  [33m[1m⚠[22m[39m Fast Refresh had to perform a full reload. Read more: https://nextjs.org/docs/messages/fast-refresh-reload
[2025-11-09T23:51:08.047Z] [INFO   ] 2025-11-09T23:51:08.047Z [DEBUG] 💧 [AUTH] Rehydrating auth state from storage {"hasState":true,"hasUser":false,"initialized":false,"timestamp":"2025-11-09T23:51:08.047Z"}
[2025-11-09T23:51:08.058Z] [INFO   ] 2025-11-09T23:51:08.058Z [DEBUG] 💧 [AUTH] State hydrated and reset {"hasUser":false,"initialized":false,"timestamp":"2025-11-09T23:51:08.058Z"}
[2025-11-09T23:51:08.058Z] [INFO   ] 2025-11-09T23:51:08.058Z [DEBUG] ⏭️ [AUTH] Skipping initialization {"hasState":true,"alreadyInitialized":false,"isClient":false,"timestamp":"2025-11-09T23:51:08.058Z"}
[2025-11-09T23:51:10.976Z] [INFO   ]  [37m[1m○[22m[39m Compiling /api/integrations ...
[2025-11-09T23:51:10.982Z] [INFO   ]  [32m[1m✓[22m[39m Compiled /api/integrations in 506ms (4064 modules)
[2025-11-09T23:51:12.473Z] [INFO   ]  [32m[1m✓[22m[39m Compiled (4180 modules)
[2025-11-09T23:51:12.640Z] [INFO   ] 2025-11-09T23:51:12.640Z [DEBUG] 📍 [API /api/integrations] GET request received {"timestamp":"2025-11-09T23:51:12.640Z","url":"http://localhost:3000/api/integrations?workspace_type=personal"}
[2025-11-09T23:51:12.928Z] [INFO   ] 2025-11-09T23:51:12.927Z [DEBUG] ✅ [API /api/integrations] User authenticated {"userId":"a3e3a51a-175c-4b59-ad03-227ba12a18b0"}
[2025-11-09T23:51:12.928Z] [INFO   ] 2025-11-09T23:51:12.928Z [DEBUG] 🏠 [API /api/integrations] Workspace context {"workspaceType":"personal","workspaceId":null}
[2025-11-09T23:51:13.099Z] [INFO   ] 2025-11-09T23:51:13.099Z [DEBUG] 📊 [API /api/integrations] Parallel query results {"workspaceType":"personal","workspaceId":null,"integrationsCount":10,"permissionsCount":9,"integrationsError":null,"permissionsError":null}
[2025-11-09T23:51:13.100Z] [INFO   ] 2025-11-09T23:51:13.100Z [DEBUG] 📋 [API /api/integrations] Using explicit permission {"integrationId":"aed260e3-7d87-4ea0-ba04-1ab6c35bbda5","provider":"discord","permission":"admin"}
[2025-11-09T23:51:13.100Z] [INFO   ] 2025-11-09T23:51:13.100Z [DEBUG] 📋 [API /api/integrations] Using implicit permission {"integrationId":"7015bddc-01e2-46ad-89bb-fd2385c7dbfc","provider":"gumroad","permission":"admin","reason":"connected_by"}
[2025-11-09T23:51:13.100Z] [INFO   ] 2025-11-09T23:51:13.100Z [DEBUG] 📋 [API /api/integrations] Using explicit permission {"integrationId":"f7f6cf20-d078-40ef-a73c-bc7afd16ec14","provider":"hubspot","permission":"admin"}
[2025-11-09T23:51:13.100Z] [INFO   ] 2025-11-09T23:51:13.100Z [DEBUG] 📋 [API /api/integrations] Using explicit permission {"integrationId":"cdcb4dfa-0de9-4b0c-b493-28dc16aa47cf","provider":"github","permission":"admin"}
[2025-11-09T23:51:13.100Z] [INFO   ] 2025-11-09T23:51:13.100Z [DEBUG] 📋 [API /api/integrations] Using explicit permission {"integrationId":"1cf3129a-cbcb-4df8-b59b-876edd75d137","provider":"google-analytics","permission":"admin"}
[2025-11-09T23:51:13.100Z] [INFO   ] 2025-11-09T23:51:13.100Z [DEBUG] 📋 [API /api/integrations] Using explicit permission {"integrationId":"fa4bc43d-e909-4b30-83ab-901e5d284a72","provider":"google-docs","permission":"admin"}
[2025-11-09T23:51:13.100Z] [INFO   ] 2025-11-09T23:51:13.100Z [DEBUG] 📋 [API /api/integrations] Using explicit permission {"integrationId":"f240f5c0-cb91-462a-bab9-51dcbb116331","provider":"gmail","permission":"admin"}
[2025-11-09T23:51:13.100Z] [INFO   ] 2025-11-09T23:51:13.100Z [DEBUG] 📋 [API /api/integrations] Using explicit permission {"integrationId":"61424f3b-166f-4d60-bf1c-b63cb9155549","provider":"google-drive","permission":"admin"}
[2025-11-09T23:51:13.100Z] [INFO   ] 2025-11-09T23:51:13.100Z [DEBUG] 📋 [API /api/integrations] Using explicit permission {"integrationId":"72c8e3d3-ae7f-464a-b167-ad1e4b7bcc20","provider":"google-calendar","permission":"admin"}
[2025-11-09T23:51:13.100Z] [INFO   ] 2025-11-09T23:51:13.100Z [DEBUG] 📋 [API /api/integrations] Using explicit permission {"integrationId":"8640a243-994f-47b4-b456-26844f408359","provider":"google-sheets","permission":"admin"}
[2025-11-09T23:51:13.100Z] [INFO   ] 2025-11-09T23:51:13.100Z [DEBUG] ✅ [API /api/integrations] Returning integrations {"count":10,"workspaceType":"personal"}
[2025-11-09T23:51:28.306Z] [WARN   ]  [33m[1m⚠[22m[39m Fast Refresh had to perform a full reload. Read more: https://nextjs.org/docs/messages/fast-refresh-reload
[2025-11-09T23:51:28.799Z] [INFO   ]  [32m[1m✓[22m[39m Compiled in 1242ms (5315 modules)
[2025-11-09T23:51:29.624Z] [INFO   ] 2025-11-09T23:51:29.624Z [DEBUG] 💧 [AUTH] Rehydrating auth state from storage {"hasState":true,"hasUser":false,"initialized":false,"timestamp":"2025-11-09T23:51:29.624Z"}
[2025-11-09T23:51:29.635Z] [INFO   ] 2025-11-09T23:51:29.635Z [DEBUG] 💧 [AUTH] State hydrated and reset {"hasUser":false,"initialized":false,"timestamp":"2025-11-09T23:51:29.635Z"}
[2025-11-09T23:51:29.635Z] [INFO   ] 2025-11-09T23:51:29.635Z [DEBUG] ⏭️ [AUTH] Skipping initialization {"hasState":true,"alreadyInitialized":false,"isClient":false,"timestamp":"2025-11-09T23:51:29.635Z"}
[2025-11-09T23:51:30.849Z] [INFO   ] 2025-11-09T23:51:30.849Z [DEBUG] 📍 [API /api/integrations] GET request received {"timestamp":"2025-11-09T23:51:30.849Z","url":"http://localhost:3000/api/integrations?workspace_type=personal"}
[2025-11-09T23:51:31.053Z] [INFO   ] 2025-11-09T23:51:31.053Z [DEBUG] ✅ [API /api/integrations] User authenticated {"userId":"a3e3a51a-175c-4b59-ad03-227ba12a18b0"}
[2025-11-09T23:51:31.054Z] [INFO   ] 2025-11-09T23:51:31.054Z [DEBUG] 🏠 [API /api/integrations] Workspace context {"workspaceType":"personal","workspaceId":null}
[2025-11-09T23:51:31.153Z] [INFO   ] 2025-11-09T23:51:31.153Z [DEBUG] 📊 [API /api/integrations] Parallel query results {"workspaceType":"personal","workspaceId":null,"integrationsCount":10,"permissionsCount":9,"integrationsError":null,"permissionsError":null}
[2025-11-09T23:51:31.153Z] [INFO   ] 2025-11-09T23:51:31.153Z [DEBUG] 📋 [API /api/integrations] Using explicit permission {"integrationId":"aed260e3-7d87-4ea0-ba04-1ab6c35bbda5","provider":"discord","permission":"admin"}
[2025-11-09T23:51:31.153Z] [INFO   ] 2025-11-09T23:51:31.153Z [DEBUG] 📋 [API /api/integrations] Using implicit permission {"integrationId":"7015bddc-01e2-46ad-89bb-fd2385c7dbfc","provider":"gumroad","permission":"admin","reason":"connected_by"}
[2025-11-09T23:51:31.153Z] [INFO   ] 2025-11-09T23:51:31.153Z [DEBUG] 📋 [API /api/integrations] Using explicit permission {"integrationId":"f7f6cf20-d078-40ef-a73c-bc7afd16ec14","provider":"hubspot","permission":"admin"}
[2025-11-09T23:51:31.153Z] [INFO   ] 2025-11-09T23:51:31.153Z [DEBUG] 📋 [API /api/integrations] Using explicit permission {"integrationId":"cdcb4dfa-0de9-4b0c-b493-28dc16aa47cf","provider":"github","permission":"admin"}
[2025-11-09T23:51:31.153Z] [INFO   ] 2025-11-09T23:51:31.153Z [DEBUG] 📋 [API /api/integrations] Using explicit permission {"integrationId":"1cf3129a-cbcb-4df8-b59b-876edd75d137","provider":"google-analytics","permission":"admin"}
[2025-11-09T23:51:31.153Z] [INFO   ] 2025-11-09T23:51:31.153Z [DEBUG] 📋 [API /api/integrations] Using explicit permission {"integrationId":"fa4bc43d-e909-4b30-83ab-901e5d284a72","provider":"google-docs","permission":"admin"}
[2025-11-09T23:51:31.153Z] [INFO   ] 2025-11-09T23:51:31.153Z [DEBUG] 📋 [API /api/integrations] Using explicit permission {"integrationId":"f240f5c0-cb91-462a-bab9-51dcbb116331","provider":"gmail","permission":"admin"}
[2025-11-09T23:51:31.153Z] [INFO   ] 2025-11-09T23:51:31.153Z [DEBUG] 📋 [API /api/integrations] Using explicit permission {"integrationId":"61424f3b-166f-4d60-bf1c-b63cb9155549","provider":"google-drive","permission":"admin"}
[2025-11-09T23:51:31.153Z] [INFO   ] 2025-11-09T23:51:31.153Z [DEBUG] 📋 [API /api/integrations] Using explicit permission {"integrationId":"72c8e3d3-ae7f-464a-b167-ad1e4b7bcc20","provider":"google-calendar","permission":"admin"}
[2025-11-09T23:51:31.154Z] [INFO   ] 2025-11-09T23:51:31.154Z [DEBUG] 📋 [API /api/integrations] Using explicit permission {"integrationId":"8640a243-994f-47b4-b456-26844f408359","provider":"google-sheets","permission":"admin"}
[2025-11-09T23:51:31.154Z] [INFO   ] 2025-11-09T23:51:31.154Z [DEBUG] ✅ [API /api/integrations] Returning integrations {"count":10,"workspaceType":"personal"}
[2025-11-09T23:51:41.539Z] [INFO   ]  [32m[1m✓[22m[39m Compiled in 1429ms (5315 modules)
[2025-11-09T23:51:41.620Z] [WARN   ]  [33m[1m⚠[22m[39m Fast Refresh had to perform a full reload. Read more: https://nextjs.org/docs/messages/fast-refresh-reload
[2025-11-09T23:51:42.484Z] [INFO   ] 2025-11-09T23:51:42.484Z [DEBUG] 💧 [AUTH] Rehydrating auth state from storage {"hasState":true,"hasUser":false,"initialized":false,"timestamp":"2025-11-09T23:51:42.484Z"}
[2025-11-09T23:51:42.504Z] [INFO   ] 2025-11-09T23:51:42.503Z [DEBUG] 💧 [AUTH] State hydrated and reset {"hasUser":false,"initialized":false,"timestamp":"2025-11-09T23:51:42.503Z"}
[2025-11-09T23:51:42.504Z] [INFO   ] 2025-11-09T23:51:42.504Z [DEBUG] ⏭️ [AUTH] Skipping initialization {"hasState":true,"alreadyInitialized":false,"isClient":false,"timestamp":"2025-11-09T23:51:42.504Z"}
[2025-11-09T23:51:44.552Z] [INFO   ] 2025-11-09T23:51:44.552Z [DEBUG] 📍 [API /api/integrations] GET request received {"timestamp":"2025-11-09T23:51:44.552Z","url":"http://localhost:3000/api/integrations?workspace_type=personal"}
[2025-11-09T23:51:44.725Z] [INFO   ] 2025-11-09T23:51:44.725Z [DEBUG] ✅ [API /api/integrations] User authenticated {"userId":"a3e3a51a-175c-4b59-ad03-227ba12a18b0"}
[2025-11-09T23:51:44.725Z] [INFO   ] 2025-11-09T23:51:44.725Z [DEBUG] 🏠 [API /api/integrations] Workspace context {"workspaceType":"personal","workspaceId":null}
[2025-11-09T23:51:44.845Z] [INFO   ] 2025-11-09T23:51:44.845Z [DEBUG] 📊 [API /api/integrations] Parallel query results {"workspaceType":"personal","workspaceId":null,"integrationsCount":10,"permissionsCount":9,"integrationsError":null,"permissionsError":null}
[2025-11-09T23:51:44.845Z] [INFO   ] 2025-11-09T23:51:44.845Z [DEBUG] 📋 [API /api/integrations] Using explicit permission {"integrationId":"aed260e3-7d87-4ea0-ba04-1ab6c35bbda5","provider":"discord","permission":"admin"}
[2025-11-09T23:51:44.845Z] [INFO   ] 2025-11-09T23:51:44.845Z [DEBUG] 📋 [API /api/integrations] Using implicit permission {"integrationId":"7015bddc-01e2-46ad-89bb-fd2385c7dbfc","provider":"gumroad","permission":"admin","reason":"connected_by"}
[2025-11-09T23:51:44.845Z] [INFO   ] 2025-11-09T23:51:44.845Z [DEBUG] 📋 [API /api/integrations] Using explicit permission {"integrationId":"f7f6cf20-d078-40ef-a73c-bc7afd16ec14","provider":"hubspot","permission":"admin"}
[2025-11-09T23:51:44.845Z] [INFO   ] 2025-11-09T23:51:44.845Z [DEBUG] 📋 [API /api/integrations] Using explicit permission {"integrationId":"cdcb4dfa-0de9-4b0c-b493-28dc16aa47cf","provider":"github","permission":"admin"}
[2025-11-09T23:51:44.845Z] [INFO   ] 2025-11-09T23:51:44.845Z [DEBUG] 📋 [API /api/integrations] Using explicit permission {"integrationId":"1cf3129a-cbcb-4df8-b59b-876edd75d137","provider":"google-analytics","permission":"admin"}
[2025-11-09T23:51:44.845Z] [INFO   ] 2025-11-09T23:51:44.845Z [DEBUG] 📋 [API /api/integrations] Using explicit permission {"integrationId":"fa4bc43d-e909-4b30-83ab-901e5d284a72","provider":"google-docs","permission":"admin"}
[2025-11-09T23:51:44.845Z] [INFO   ] 2025-11-09T23:51:44.845Z [DEBUG] 📋 [API /api/integrations] Using explicit permission {"integrationId":"f240f5c0-cb91-462a-bab9-51dcbb116331","provider":"gmail","permission":"admin"}
[2025-11-09T23:51:44.845Z] [INFO   ] 2025-11-09T23:51:44.845Z [DEBUG] 📋 [API /api/integrations] Using explicit permission {"integrationId":"61424f3b-166f-4d60-bf1c-b63cb9155549","provider":"google-drive","permission":"admin"}
[2025-11-09T23:51:44.845Z] [INFO   ] 2025-11-09T23:51:44.845Z [DEBUG] 📋 [API /api/integrations] Using explicit permission {"integrationId":"72c8e3d3-ae7f-464a-b167-ad1e4b7bcc20","provider":"google-calendar","permission":"admin"}
[2025-11-09T23:51:44.845Z] [INFO   ] 2025-11-09T23:51:44.845Z [DEBUG] 📋 [API /api/integrations] Using explicit permission {"integrationId":"8640a243-994f-47b4-b456-26844f408359","provider":"google-sheets","permission":"admin"}
[2025-11-09T23:51:44.845Z] [INFO   ] 2025-11-09T23:51:44.845Z [DEBUG] ✅ [API /api/integrations] Returning integrations {"count":10,"workspaceType":"personal"}
[2025-11-09T23:51:49.130Z] [INFO   ]  [37m[1m○[22m[39m Compiling /api/integrations/google-drive/data ...
[2025-11-09T23:51:50.225Z] [INFO   ]  [32m[1m✓[22m[39m Compiled /api/integrations/google-drive/data in 1594ms (5206 modules)
[2025-11-09T23:51:51.947Z] [INFO   ] 2025-11-09T23:51:51.947Z [DEBUG] [Google Drive API] POST request received: {"integrationId":"61424f3b-166f-4d60-bf1c-b63cb9155549","dataType":"folders","hasOptions":true,"optionsKeys":[]}
[2025-11-09T23:51:54.603Z] [INFO   ] 2025-11-09T23:51:54.603Z [DEBUG] [Google Drive API] Successfully fetched 12 folders
[2025-11-09T23:51:59.292Z] [INFO   ] 2025-11-09T23:51:59.291Z [DEBUG] [Google Drive API] POST request received: {"integrationId":"61424f3b-166f-4d60-bf1c-b63cb9155549","dataType":"list-files-preview","hasOptions":true,"optionsKeys":["folderId","orderBy","includeSubfolders","previewLimit"]}
[2025-11-09T23:51:59.430Z] [INFO   ] 2025-11-09T23:51:59.430Z [DEBUG] [Google Drive API] List files preview query: trashed=false and '1AQ-cT5rUq-IY85tJcUBOzBJZNkZUKGuW' in parents
[2025-11-09T23:52:00.090Z] [INFO   ] 2025-11-09T23:52:00.090Z [DEBUG] [Google Drive API] List preview found 15 files
[2025-11-09T23:53:07.751Z] [INFO   ]  [32m[1m✓[22m[39m Compiled in 2.1s (5183 modules)
[2025-11-09T23:53:29.377Z] [INFO   ]  [32m[1m✓[22m[39m Compiled in 1321ms (5183 modules)
[2025-11-09T23:53:36.795Z] [WARN   ]  [33m[1m⚠[22m[39m Fast Refresh had to perform a full reload. Read more: https://nextjs.org/docs/messages/fast-refresh-reload
[2025-11-09T23:53:37.579Z] [INFO   ]  [32m[1m✓[22m[39m Compiled in 1943ms (5183 modules)
[2025-11-09T23:53:38.142Z] [INFO   ] 2025-11-09T23:53:38.142Z [DEBUG] 💧 [AUTH] Rehydrating auth state from storage {"hasState":true,"hasUser":false,"initialized":false,"timestamp":"2025-11-09T23:53:38.142Z"}
[2025-11-09T23:53:38.153Z] [INFO   ] 2025-11-09T23:53:38.153Z [DEBUG] 💧 [AUTH] State hydrated and reset {"hasUser":false,"initialized":false,"timestamp":"2025-11-09T23:53:38.153Z"}
[2025-11-09T23:53:38.153Z] [INFO   ] 2025-11-09T23:53:38.153Z [DEBUG] ⏭️ [AUTH] Skipping initialization {"hasState":true,"alreadyInitialized":false,"isClient":false,"timestamp":"2025-11-09T23:53:38.153Z"}
[2025-11-09T23:53:39.683Z] [INFO   ]  [37m[1m○[22m[39m Compiling /_not-found ...
[2025-11-09T23:53:40.839Z] [INFO   ]  [32m[1m✓[22m[39m Compiled /_not-found in 2.5s (5188 modules)
[2025-11-09T23:53:41.985Z] [INFO   ]  [37m[1m○[22m[39m Compiling /api/auth/profile ...
[2025-11-09T23:53:42.726Z] [INFO   ]  [32m[1m✓[22m[39m Compiled /api/auth/profile in 1378ms (4065 modules)
[2025-11-09T23:53:43.459Z] [INFO   ]  [32m[1m✓[22m[39m Compiled (4176 modules)
[2025-11-09T23:53:43.904Z] [INFO   ] 2025-11-09T23:53:43.904Z [DEBUG] 💧 [AUTH] Rehydrating auth state from storage {"hasState":true,"hasUser":false,"initialized":false,"timestamp":"2025-11-09T23:53:43.904Z"}
[2025-11-09T23:53:43.917Z] [INFO   ] 2025-11-09T23:53:43.916Z [DEBUG] 💧 [AUTH] State hydrated and reset {"hasUser":false,"initialized":false,"timestamp":"2025-11-09T23:53:43.916Z"}
[2025-11-09T23:53:43.917Z] [INFO   ] 2025-11-09T23:53:43.917Z [DEBUG] ⏭️ [AUTH] Skipping initialization {"hasState":true,"alreadyInitialized":false,"isClient":false,"timestamp":"2025-11-09T23:53:43.917Z"}
[2025-11-09T23:53:46.463Z] [INFO   ]  [32m[1m✓[22m[39m Compiled /api/integrations in 335ms (4178 modules)
[2025-11-09T23:53:46.834Z] [INFO   ]  [32m[1m✓[22m[39m Compiled (4181 modules)
[2025-11-09T23:53:46.920Z] [INFO   ] 2025-11-09T23:53:46.920Z [DEBUG] 📍 [API /api/integrations] GET request received {"timestamp":"2025-11-09T23:53:46.920Z","url":"http://localhost:3000/api/integrations?workspace_type=personal"}
[2025-11-09T23:53:47.018Z] [INFO   ] 2025-11-09T23:53:47.018Z [DEBUG] ✅ [API /api/integrations] User authenticated {"userId":"a3e3a51a-175c-4b59-ad03-227ba12a18b0"}
[2025-11-09T23:53:47.018Z] [INFO   ] 2025-11-09T23:53:47.018Z [DEBUG] 🏠 [API /api/integrations] Workspace context {"workspaceType":"personal","workspaceId":null}
[2025-11-09T23:53:47.256Z] [INFO   ] 2025-11-09T23:53:47.256Z [DEBUG] 📊 [API /api/integrations] Parallel query results {"workspaceType":"personal","workspaceId":null,"integrationsCount":10,"permissionsCount":9,"integrationsError":null,"permissionsError":null}
[2025-11-09T23:53:47.256Z] [INFO   ] 2025-11-09T23:53:47.256Z [DEBUG] 📋 [API /api/integrations] Using explicit permission {"integrationId":"aed260e3-7d87-4ea0-ba04-1ab6c35bbda5","provider":"discord","permission":"admin"}
[2025-11-09T23:53:47.256Z] [INFO   ] 2025-11-09T23:53:47.256Z [DEBUG] 📋 [API /api/integrations] Using implicit permission {"integrationId":"7015bddc-01e2-46ad-89bb-fd2385c7dbfc","provider":"gumroad","permission":"admin","reason":"connected_by"}
[2025-11-09T23:53:47.256Z] [INFO   ] 2025-11-09T23:53:47.256Z [DEBUG] 📋 [API /api/integrations] Using explicit permission {"integrationId":"f7f6cf20-d078-40ef-a73c-bc7afd16ec14","provider":"hubspot","permission":"admin"}
[2025-11-09T23:53:47.256Z] [INFO   ] 2025-11-09T23:53:47.256Z [DEBUG] 📋 [API /api/integrations] Using explicit permission {"integrationId":"cdcb4dfa-0de9-4b0c-b493-28dc16aa47cf","provider":"github","permission":"admin"}
[2025-11-09T23:53:47.256Z] [INFO   ] 2025-11-09T23:53:47.256Z [DEBUG] 📋 [API /api/integrations] Using explicit permission {"integrationId":"1cf3129a-cbcb-4df8-b59b-876edd75d137","provider":"google-analytics","permission":"admin"}
[2025-11-09T23:53:47.257Z] [INFO   ] 2025-11-09T23:53:47.256Z [DEBUG] 📋 [API /api/integrations] Using explicit permission {"integrationId":"fa4bc43d-e909-4b30-83ab-901e5d284a72","provider":"google-docs","permission":"admin"}
[2025-11-09T23:53:47.257Z] [INFO   ] 2025-11-09T23:53:47.257Z [DEBUG] 📋 [API /api/integrations] Using explicit permission {"integrationId":"f240f5c0-cb91-462a-bab9-51dcbb116331","provider":"gmail","permission":"admin"}
[2025-11-09T23:53:47.257Z] [INFO   ] 2025-11-09T23:53:47.257Z [DEBUG] 📋 [API /api/integrations] Using explicit permission {"integrationId":"61424f3b-166f-4d60-bf1c-b63cb9155549","provider":"google-drive","permission":"admin"}
[2025-11-09T23:53:47.257Z] [INFO   ] 2025-11-09T23:53:47.257Z [DEBUG] 📋 [API /api/integrations] Using explicit permission {"integrationId":"72c8e3d3-ae7f-464a-b167-ad1e4b7bcc20","provider":"google-calendar","permission":"admin"}
[2025-11-09T23:53:47.257Z] [INFO   ] 2025-11-09T23:53:47.257Z [DEBUG] 📋 [API /api/integrations] Using explicit permission {"integrationId":"8640a243-994f-47b4-b456-26844f408359","provider":"google-sheets","permission":"admin"}
[2025-11-09T23:53:47.257Z] [INFO   ] 2025-11-09T23:53:47.257Z [DEBUG] ✅ [API /api/integrations] Returning integrations {"count":10,"workspaceType":"personal"}
[2025-11-09T23:56:34.882Z] [INFO   ]  [32m[1m✓[22m[39m Compiled in 2.8s (5183 modules)
[2025-11-09T23:56:35.250Z] [WARN   ]  [33m[1m⚠[22m[39m Fast Refresh had to perform a full reload. Read more: https://nextjs.org/docs/messages/fast-refresh-reload
[2025-11-09T23:56:35.512Z] [INFO   ] 2025-11-09T23:56:35.512Z [DEBUG] 💧 [AUTH] Rehydrating auth state from storage {"hasState":true,"hasUser":false,"initialized":false,"timestamp":"2025-11-09T23:56:35.512Z"}
[2025-11-09T23:56:35.523Z] [INFO   ] 2025-11-09T23:56:35.523Z [DEBUG] 💧 [AUTH] State hydrated and reset {"hasUser":false,"initialized":false,"timestamp":"2025-11-09T23:56:35.523Z"}
[2025-11-09T23:56:35.523Z] [INFO   ] 2025-11-09T23:56:35.523Z [DEBUG] ⏭️ [AUTH] Skipping initialization {"hasState":true,"alreadyInitialized":false,"isClient":false,"timestamp":"2025-11-09T23:56:35.523Z"}
[2025-11-09T23:56:36.856Z] [INFO   ]  [32m[1m✓[22m[39m Compiled /api/integrations in 285ms (4064 modules)
[2025-11-09T23:56:37.104Z] [INFO   ]  [32m[1m✓[22m[39m Compiled (4180 modules)
[2025-11-09T23:56:37.266Z] [INFO   ] 2025-11-09T23:56:37.266Z [DEBUG] 📍 [API /api/integrations] GET request received {"timestamp":"2025-11-09T23:56:37.266Z","url":"http://localhost:3000/api/integrations?workspace_type=personal"}
[2025-11-09T23:56:37.513Z] [INFO   ] 2025-11-09T23:56:37.513Z [DEBUG] ✅ [API /api/integrations] User authenticated {"userId":"a3e3a51a-175c-4b59-ad03-227ba12a18b0"}
[2025-11-09T23:56:37.513Z] [INFO   ] 2025-11-09T23:56:37.513Z [DEBUG] 🏠 [API /api/integrations] Workspace context {"workspaceType":"personal","workspaceId":null}
[2025-11-09T23:56:37.735Z] [INFO   ] 2025-11-09T23:56:37.735Z [DEBUG] 📊 [API /api/integrations] Parallel query results {"workspaceType":"personal","workspaceId":null,"integrationsCount":10,"permissionsCount":9,"integrationsError":null,"permissionsError":null}
[2025-11-09T23:56:37.736Z] [INFO   ] 2025-11-09T23:56:37.736Z [DEBUG] 📋 [API /api/integrations] Using explicit permission {"integrationId":"aed260e3-7d87-4ea0-ba04-1ab6c35bbda5","provider":"discord","permission":"admin"}
[2025-11-09T23:56:37.736Z] [INFO   ] 2025-11-09T23:56:37.736Z [DEBUG] 📋 [API /api/integrations] Using implicit permission {"integrationId":"7015bddc-01e2-46ad-89bb-fd2385c7dbfc","provider":"gumroad","permission":"admin","reason":"connected_by"}
[2025-11-09T23:56:37.736Z] [INFO   ] 2025-11-09T23:56:37.736Z [DEBUG] 📋 [API /api/integrations] Using explicit permission {"integrationId":"f7f6cf20-d078-40ef-a73c-bc7afd16ec14","provider":"hubspot","permission":"admin"}
[2025-11-09T23:56:37.736Z] [INFO   ] 2025-11-09T23:56:37.736Z [DEBUG] 📋 [API /api/integrations] Using explicit permission {"integrationId":"cdcb4dfa-0de9-4b0c-b493-28dc16aa47cf","provider":"github","permission":"admin"}
[2025-11-09T23:56:37.736Z] [INFO   ] 2025-11-09T23:56:37.736Z [DEBUG] 📋 [API /api/integrations] Using explicit permission {"integrationId":"1cf3129a-cbcb-4df8-b59b-876edd75d137","provider":"google-analytics","permission":"admin"}
[2025-11-09T23:56:37.736Z] [INFO   ] 2025-11-09T23:56:37.736Z [DEBUG] 📋 [API /api/integrations] Using explicit permission {"integrationId":"fa4bc43d-e909-4b30-83ab-901e5d284a72","provider":"google-docs","permission":"admin"}
[2025-11-09T23:56:37.736Z] [INFO   ] 2025-11-09T23:56:37.736Z [DEBUG] 📋 [API /api/integrations] Using explicit permission {"integrationId":"f240f5c0-cb91-462a-bab9-51dcbb116331","provider":"gmail","permission":"admin"}
[2025-11-09T23:56:37.736Z] [INFO   ] 2025-11-09T23:56:37.736Z [DEBUG] 📋 [API /api/integrations] Using explicit permission {"integrationId":"61424f3b-166f-4d60-bf1c-b63cb9155549","provider":"google-drive","permission":"admin"}
[2025-11-09T23:56:37.736Z] [INFO   ] 2025-11-09T23:56:37.736Z [DEBUG] 📋 [API /api/integrations] Using explicit permission {"integrationId":"72c8e3d3-ae7f-464a-b167-ad1e4b7bcc20","provider":"google-calendar","permission":"admin"}
[2025-11-09T23:56:37.736Z] [INFO   ] 2025-11-09T23:56:37.736Z [DEBUG] 📋 [API /api/integrations] Using explicit permission {"integrationId":"8640a243-994f-47b4-b456-26844f408359","provider":"google-sheets","permission":"admin"}
[2025-11-09T23:56:37.736Z] [INFO   ] 2025-11-09T23:56:37.736Z [DEBUG] ✅ [API /api/integrations] Returning integrations {"count":10,"workspaceType":"personal"}
[2025-11-09T23:58:08.150Z] [INFO   ]  [32m[1m✓[22m[39m Compiled in 2.5s (5183 modules)
[2025-11-09T23:58:08.771Z] [INFO   ]  [32m[1m✓[22m[39m Compiled /icon.png in 214ms (4064 modules)
[2025-11-09T23:58:16.985Z] [INFO   ]  [32m[1m✓[22m[39m Compiled in 555ms (5199 modules)
[2025-11-09T23:58:25.542Z] [INFO   ]  [32m[1m✓[22m[39m Compiled in 549ms (5198 modules)
[2025-11-09T23:58:31.774Z] [INFO   ]  [32m[1m✓[22m[39m Compiled in 670ms (5198 modules)
[2025-11-10T00:01:38.002Z] [INFO   ]  [37m[1m○[22m[39m Compiling /api/presence/count ...
[2025-11-10T00:01:38.013Z] [INFO   ]  [32m[1m✓[22m[39m Compiled /api/presence/count in 516ms (4170 modules)
[2025-11-10T00:08:46.560Z] [INFO   ] 2025-11-10T00:08:46.560Z [DEBUG] Discord Gateway closed, persistent reconnect disabled
[2025-11-10T00:56:54.789Z] [WARN   ]  [33m[1m⚠[22m[39m Fast Refresh had to perform a full reload. Read more: https://nextjs.org/docs/messages/fast-refresh-reload
[2025-11-10T00:56:55.472Z] [INFO   ]  [32m[1m✓[22m[39m Compiled in 2.3s (5305 modules)
[2025-11-10T00:56:56.255Z] [INFO   ] 2025-11-10T00:56:56.255Z [DEBUG] 💧 [AUTH] Rehydrating auth state from storage {"hasState":true,"hasUser":false,"initialized":false,"timestamp":"2025-11-10T00:56:56.254Z"}
[2025-11-10T00:56:56.273Z] [INFO   ] 2025-11-10T00:56:56.273Z [DEBUG] 💧 [AUTH] State hydrated and reset {"hasUser":false,"initialized":false,"timestamp":"2025-11-10T00:56:56.273Z"}
[2025-11-10T00:56:56.273Z] [INFO   ] 2025-11-10T00:56:56.273Z [DEBUG] ⏭️ [AUTH] Skipping initialization {"hasState":true,"alreadyInitialized":false,"isClient":false,"timestamp":"2025-11-10T00:56:56.273Z"}
[2025-11-10T00:56:57.575Z] [INFO   ]  [32m[1m✓[22m[39m Compiled /api/integrations in 355ms (4172 modules)
[2025-11-10T00:56:57.855Z] [INFO   ]  [32m[1m✓[22m[39m Compiled (4179 modules)
[2025-11-10T00:56:57.932Z] [INFO   ] 2025-11-10T00:56:57.932Z [DEBUG] 📍 [API /api/integrations] GET request received {"timestamp":"2025-11-10T00:56:57.932Z","url":"http://localhost:3000/api/integrations?workspace_type=personal"}
[2025-11-10T00:56:58.096Z] [INFO   ] 2025-11-10T00:56:58.096Z [DEBUG] ✅ [API /api/integrations] User authenticated {"userId":"a3e3a51a-175c-4b59-ad03-227ba12a18b0"}
[2025-11-10T00:56:58.096Z] [INFO   ] 2025-11-10T00:56:58.096Z [DEBUG] 🏠 [API /api/integrations] Workspace context {"workspaceType":"personal","workspaceId":null}
[2025-11-10T00:56:58.234Z] [INFO   ] 2025-11-10T00:56:58.234Z [DEBUG] 📊 [API /api/integrations] Parallel query results {"workspaceType":"personal","workspaceId":null,"integrationsCount":10,"permissionsCount":9,"integrationsError":null,"permissionsError":null}
[2025-11-10T00:56:58.335Z] [INFO   ] 2025-11-10T00:56:58.335Z [DEBUG] ⏰ [API /api/integrations] Updated 3 expired integrations
[2025-11-10T00:56:58.335Z] [INFO   ] 2025-11-10T00:56:58.335Z [DEBUG] 📋 [API /api/integrations] Using explicit permission {"integrationId":"aed260e3-7d87-4ea0-ba04-1ab6c35bbda5","provider":"discord","permission":"admin"}
[2025-11-10T00:56:58.336Z] [INFO   ] 2025-11-10T00:56:58.335Z [DEBUG] 📋 [API /api/integrations] Using explicit permission {"integrationId":"f7f6cf20-d078-40ef-a73c-bc7afd16ec14","provider":"hubspot","permission":"admin"}
[2025-11-10T00:56:58.336Z] [INFO   ] 2025-11-10T00:56:58.336Z [DEBUG] 📋 [API /api/integrations] Using implicit permission {"integrationId":"7015bddc-01e2-46ad-89bb-fd2385c7dbfc","provider":"gumroad","permission":"admin","reason":"connected_by"}
[2025-11-10T00:56:58.336Z] [INFO   ] 2025-11-10T00:56:58.336Z [DEBUG] 📋 [API /api/integrations] Using explicit permission {"integrationId":"cdcb4dfa-0de9-4b0c-b493-28dc16aa47cf","provider":"github","permission":"admin"}
[2025-11-10T00:56:58.336Z] [INFO   ] 2025-11-10T00:56:58.336Z [DEBUG] 📋 [API /api/integrations] Using explicit permission {"integrationId":"1cf3129a-cbcb-4df8-b59b-876edd75d137","provider":"google-analytics","permission":"admin"}
[2025-11-10T00:56:58.336Z] [INFO   ] 2025-11-10T00:56:58.336Z [DEBUG] 📋 [API /api/integrations] Using explicit permission {"integrationId":"fa4bc43d-e909-4b30-83ab-901e5d284a72","provider":"google-docs","permission":"admin"}
[2025-11-10T00:56:58.336Z] [INFO   ] 2025-11-10T00:56:58.336Z [DEBUG] 📋 [API /api/integrations] Using explicit permission {"integrationId":"f240f5c0-cb91-462a-bab9-51dcbb116331","provider":"gmail","permission":"admin"}
[2025-11-10T00:56:58.336Z] [INFO   ] 2025-11-10T00:56:58.336Z [DEBUG] 📋 [API /api/integrations] Using explicit permission {"integrationId":"61424f3b-166f-4d60-bf1c-b63cb9155549","provider":"google-drive","permission":"admin"}
[2025-11-10T00:56:58.336Z] [INFO   ] 2025-11-10T00:56:58.336Z [DEBUG] 📋 [API /api/integrations] Using explicit permission {"integrationId":"72c8e3d3-ae7f-464a-b167-ad1e4b7bcc20","provider":"google-calendar","permission":"admin"}
[2025-11-10T00:56:58.336Z] [INFO   ] 2025-11-10T00:56:58.336Z [DEBUG] 📋 [API /api/integrations] Using explicit permission {"integrationId":"8640a243-994f-47b4-b456-26844f408359","provider":"google-sheets","permission":"admin"}
[2025-11-10T00:56:58.336Z] [INFO   ] 2025-11-10T00:56:58.336Z [DEBUG] ✅ [API /api/integrations] Returning integrations {"count":10,"workspaceType":"personal"}
[2025-11-10T00:57:13.377Z] [INFO   ]  [37m[1m○[22m[39m Compiling /api/integrations/google-drive/data ...
[2025-11-10T00:57:17.794Z] [INFO   ]  [32m[1m✓[22m[39m Compiled /api/integrations/auth/generate-url in 5s (5205 modules)
[2025-11-10T00:57:18.465Z] [INFO   ]  [32m[1m✓[22m[39m Compiled in 427ms (1121 modules)
[2025-11-10T00:57:23.487Z] [INFO   ] 2025-11-10T00:57:23.487Z [DEBUG] [Google Drive API] POST request received: {"integrationId":"61424f3b-166f-4d60-bf1c-b63cb9155549","dataType":"folders","hasOptions":true,"optionsKeys":[]}
[2025-11-10T00:57:24.015Z] [INFO   ]  [37m[1m○[22m[39m Compiling /_not-found ...
[2025-11-10T00:57:24.257Z] [ERROR  ] 2025-11-10T00:57:24.257Z [ERROR] Error fetching file preview: {"config":{"url":"https://www.googleapis.com/drive/v3/files?q=mimeType%3D%27application%2Fvnd.google-apps.folder%27%20and%20trashed%3Dfalse&fields=files%28id%2Cname%2Cparents%2CmodifiedTime%29&pageSize=100&orderBy=name","method":"GET","apiVersion":"","userAgentDirectives":[{"product":"google-api-nodejs-client","version":"8.0.0","comment":"gzip"}],"headers":{},"params":{"q":"mimeType='application/vnd.google-apps.folder' and trashed=false","fields":"files(id,name,parents,modifiedTime)","pageSize":100,"orderBy":"name"},"retry":true,"responseType":"unknown","retryConfig":{"currentRetryAttempt":0,"retry":3,"httpMethodsToRetry":["GET","HEAD","PUT","OPTIONS","DELETE"],"noResponseRetries":2,"retryDelayMultiplier":2,"timeOfFirstRequest":1762736244256,"totalTimeout":9007199254740991,"maxRetryDelay":9007199254740991,"statusCodesToRetry":[[100,199],[408,408],[429,429],[500,599]]}},"response":{"size":0,"data":{"error":{"code":401,"message":"Request had invalid authentication credentials. Expected OAuth 2 access token, login cookie or other valid authentication credential. See https://developers.google.com/identity/sign-in/web/devconsole-project.","errors":[{"message":"Invalid Credentials","domain":"global","reason":"authError","location":"Authorization","locationType":"header"}],"status":"UNAUTHENTICATED"}},"config":{"url":"https://www.googleapis.com/drive/v3/files?q=mimeType%3D%27application%2Fvnd.google-apps.folder%27%20and%20trashed%3Dfalse&fields=files%28id%2Cname%2Cparents%2CmodifiedTime%29&pageSize=100&orderBy=name","method":"GET","apiVersion":"","userAgentDirectives":[{"product":"google-api-nodejs-client","version":"8.0.0","comment":"gzip"}],"headers":{},"params":{"q":"mimeType='application/vnd.google-apps.folder' and trashed=false","fields":"files(id,name,parents,modifiedTime)","pageSize":100,"orderBy":"name"},"retry":true,"responseType":"unknown"}},"code":401,"status":401}
[2025-11-10T00:57:24.600Z] [INFO   ]  [32m[1m✓[22m[39m Compiled /_not-found in 1107ms (6349 modules)
[2025-11-10T00:57:24.788Z] [INFO   ] 2025-11-10T00:57:24.788Z [DEBUG] 💧 [AUTH] Rehydrating auth state from storage {"hasState":true,"hasUser":false,"initialized":false,"timestamp":"2025-11-10T00:57:24.788Z"}
[2025-11-10T00:57:24.792Z] [INFO   ] 2025-11-10T00:57:24.792Z [DEBUG] 💧 [AUTH] State hydrated and reset {"hasUser":false,"initialized":false,"timestamp":"2025-11-10T00:57:24.792Z"}
[2025-11-10T00:57:24.792Z] [INFO   ] 2025-11-10T00:57:24.792Z [DEBUG] ⏭️ [AUTH] Skipping initialization {"hasState":true,"alreadyInitialized":false,"isClient":false,"timestamp":"2025-11-10T00:57:24.792Z"}
[2025-11-10T00:57:28.884Z] [INFO   ] 2025-11-10T00:57:28.884Z [DEBUG] 📍 [API /api/integrations] GET request received {"timestamp":"2025-11-10T00:57:28.884Z","url":"http://localhost:3000/api/integrations?workspace_type=personal"}

=== Log Session Ended: 2025-11-10T00:57:28.888Z ===
