=== Log Session Started: 2025-11-09T21:10:58.477Z ===
Node Version: v23.7.0
Platform: darwin
Working Directory: /Users/nathanielstoddard/chainreact-app/chainreact-app-9e
================================================================================

[2025-11-09T21:10:58.477Z] [INFO   ] File logging initialized
[2025-11-09T21:10:58.477Z] [INFO   ] Log file: /Users/nathanielstoddard/chainreact-app/chainreact-app-9e/logs/workflow_2025-11-09_15-10-58.log
[2025-11-09T21:10:58.478Z] [INFO   ] 📁 File logging enabled
[2025-11-09T21:10:58.478Z] [INFO   ] 📝 Logs will be written to: /Users/nathanielstoddard/chainreact-app/chainreact-app-9e/logs/workflow_2025-11-09_15-10-58.log
[2025-11-09T21:10:58.478Z] [INFO   ] 💡 To view logs in real-time: tail -f /Users/nathanielstoddard/chainreact-app/chainreact-app-9e/logs/workflow_2025-11-09_15-10-58.log
[2025-11-09T21:10:58.478Z] [INFO   ] 💡 To view all logs: cat /Users/nathanielstoddard/chainreact-app/chainreact-app-9e/logs/workflow_2025-11-09_15-10-58.log
[2025-11-09T21:10:58.478Z] [INFO   ] 💡 To share logs: Copy the file at /Users/nathanielstoddard/chainreact-app/chainreact-app-9e/logs/workflow_2025-11-09_15-10-58.log
[2025-11-09T21:10:58.478Z] [INFO   ] --------------------------------------------------------------------------------
[2025-11-09T21:10:58.478Z] [DEBUG  ] 📁 File logging system initialized
[2025-11-09T21:10:58.494Z] [INFO   ]  [32m[1m✓[22m[39m Ready in 3.7s
[2025-11-09T21:10:59.014Z] [INFO   ]  [37m[1m○[22m[39m Compiling /test/nodes ...
[2025-11-09T21:10:59.495Z] [INFO   ] 2025-11-09T21:10:59.495Z [DEBUG] 🤖 Discord bot configured, initializing gateway connection in background...
[2025-11-09T21:11:01.497Z] [INFO   ] 2025-11-09T21:11:01.497Z [DEBUG] Initializing Discord Gateway connection (singleton)...
[2025-11-09T21:11:01.497Z] [INFO   ] 2025-11-09T21:11:01.497Z [DEBUG] 🔑 Discord bot token loaded
[2025-11-09T21:11:01.798Z] [INFO   ] 2025-11-09T21:11:01.798Z [DEBUG] Discord Gateway initialization complete
[2025-11-09T21:11:01.799Z] [INFO   ] 2025-11-09T21:11:01.799Z [DEBUG] ✅ Discord bot gateway connection initialized
[2025-11-09T21:11:02.055Z] [INFO   ] 2025-11-09T21:11:02.054Z [DEBUG] Discord Gateway WebSocket connection established
[2025-11-09T21:11:02.059Z] [INFO   ] 2025-11-09T21:11:02.059Z [DEBUG] 🔑 Sending identify with intents: {"GUILDS":true,"GUILD_MEMBERS":true,"GUILD_INVITES":true,"GUILD_MESSAGES":true,"MESSAGE_CONTENT":true,"intentsValue":33347}
[2025-11-09T21:11:02.591Z] [INFO   ] 2025-11-09T21:11:02.591Z [DEBUG] 🎉 Discord bot ready! {"sessionId":"2cbb91174c0cbab0673644754f7c4b3c","username":"ChainReact-Bot","userId":"1378595955212812308","guildCount":2}
[2025-11-09T21:11:02.592Z] [INFO   ] 2025-11-09T21:11:02.592Z [DEBUG] 📋 Initializing invite cache...
[2025-11-09T21:11:02.593Z] [INFO   ] 2025-11-09T21:11:02.593Z [DEBUG] 📡 Discord event received: GUILD_CREATE
[2025-11-09T21:11:02.594Z] [INFO   ] 2025-11-09T21:11:02.594Z [DEBUG] 📡 Discord event received: GUILD_CREATE
[2025-11-09T21:11:02.859Z] [INFO   ] 2025-11-09T21:11:02.859Z [DEBUG] ✅ Cached 3 invites for guild 1378950884045623406
[2025-11-09T21:11:08.288Z] [INFO   ]  [32m[1m✓[22m[39m Compiled /test/nodes in 9.8s (5170 modules)
[2025-11-09T21:11:09.060Z] [INFO   ] 2025-11-09T21:11:09.059Z [DEBUG] 💧 [AUTH] Rehydrating auth state from storage {"hasState":true,"hasUser":false,"initialized":false,"timestamp":"2025-11-09T21:11:09.059Z"}
[2025-11-09T21:11:09.072Z] [INFO   ] 2025-11-09T21:11:09.072Z [DEBUG] 💧 [AUTH] State hydrated and reset {"hasUser":false,"initialized":false,"timestamp":"2025-11-09T21:11:09.072Z"}
[2025-11-09T21:11:09.072Z] [INFO   ] 2025-11-09T21:11:09.072Z [DEBUG] ⏭️ [AUTH] Skipping initialization {"hasState":true,"alreadyInitialized":false,"isClient":false,"timestamp":"2025-11-09T21:11:09.072Z"}
[2025-11-09T21:11:09.899Z] [INFO   ]  [32m[1m✓[22m[39m Compiled in 1606ms (1128 modules)
[2025-11-09T21:11:11.118Z] [INFO   ]  [37m[1m○[22m[39m Compiling /api/integrations ...
[2025-11-09T21:11:11.288Z] [INFO   ]  [32m[1m✓[22m[39m Compiled /api/integrations in 1303ms (5186 modules)
[2025-11-09T21:11:11.955Z] [INFO   ]  [37m[1m○[22m[39m Compiling /middleware ...
[2025-11-09T21:11:12.936Z] [INFO   ]  [32m[1m✓[22m[39m Compiled /middleware in 1518ms (5522 modules)
[2025-11-09T21:11:13.217Z] [INFO   ] 2025-11-09T21:11:13.217Z [DEBUG] 📍 [API /api/integrations] GET request received {"timestamp":"2025-11-09T21:11:13.217Z","url":"http://localhost:3000/api/integrations?workspace_type=personal"}
[2025-11-09T21:11:13.510Z] [INFO   ] 2025-11-09T21:11:13.510Z [DEBUG] ✅ [API /api/integrations] User authenticated {"userId":"a3e3a51a-175c-4b59-ad03-227ba12a18b0"}
[2025-11-09T21:11:13.510Z] [INFO   ] 2025-11-09T21:11:13.510Z [DEBUG] 🏠 [API /api/integrations] Workspace context {"workspaceType":"personal","workspaceId":null}
[2025-11-09T21:11:13.709Z] [INFO   ] 2025-11-09T21:11:13.709Z [DEBUG] 📊 [API /api/integrations] Parallel query results {"workspaceType":"personal","workspaceId":null,"integrationsCount":10,"permissionsCount":9,"integrationsError":null,"permissionsError":null}
[2025-11-09T21:11:13.710Z] [INFO   ] 2025-11-09T21:11:13.710Z [DEBUG] 📋 [API /api/integrations] Using explicit permission {"integrationId":"61424f3b-166f-4d60-bf1c-b63cb9155549","provider":"google-drive","permission":"admin"}
[2025-11-09T21:11:13.710Z] [INFO   ] 2025-11-09T21:11:13.710Z [DEBUG] 📋 [API /api/integrations] Using explicit permission {"integrationId":"aed260e3-7d87-4ea0-ba04-1ab6c35bbda5","provider":"discord","permission":"admin"}
[2025-11-09T21:11:13.710Z] [INFO   ] 2025-11-09T21:11:13.710Z [DEBUG] 📋 [API /api/integrations] Using implicit permission {"integrationId":"7015bddc-01e2-46ad-89bb-fd2385c7dbfc","provider":"gumroad","permission":"admin","reason":"connected_by"}
[2025-11-09T21:11:13.710Z] [INFO   ] 2025-11-09T21:11:13.710Z [DEBUG] 📋 [API /api/integrations] Using explicit permission {"integrationId":"f240f5c0-cb91-462a-bab9-51dcbb116331","provider":"gmail","permission":"admin"}
[2025-11-09T21:11:13.710Z] [INFO   ] 2025-11-09T21:11:13.710Z [DEBUG] 📋 [API /api/integrations] Using explicit permission {"integrationId":"f7f6cf20-d078-40ef-a73c-bc7afd16ec14","provider":"hubspot","permission":"admin"}
[2025-11-09T21:11:13.710Z] [INFO   ] 2025-11-09T21:11:13.710Z [DEBUG] 📋 [API /api/integrations] Using explicit permission {"integrationId":"cdcb4dfa-0de9-4b0c-b493-28dc16aa47cf","provider":"github","permission":"admin"}
[2025-11-09T21:11:13.710Z] [INFO   ] 2025-11-09T21:11:13.710Z [DEBUG] 📋 [API /api/integrations] Using explicit permission {"integrationId":"1cf3129a-cbcb-4df8-b59b-876edd75d137","provider":"google-analytics","permission":"admin"}
[2025-11-09T21:11:13.710Z] [INFO   ] 2025-11-09T21:11:13.710Z [DEBUG] 📋 [API /api/integrations] Using explicit permission {"integrationId":"fa4bc43d-e909-4b30-83ab-901e5d284a72","provider":"google-docs","permission":"admin"}
[2025-11-09T21:11:13.710Z] [INFO   ] 2025-11-09T21:11:13.710Z [DEBUG] 📋 [API /api/integrations] Using explicit permission {"integrationId":"72c8e3d3-ae7f-464a-b167-ad1e4b7bcc20","provider":"google-calendar","permission":"admin"}
[2025-11-09T21:11:13.710Z] [INFO   ] 2025-11-09T21:11:13.710Z [DEBUG] 📋 [API /api/integrations] Using explicit permission {"integrationId":"8640a243-994f-47b4-b456-26844f408359","provider":"google-sheets","permission":"admin"}
[2025-11-09T21:11:13.710Z] [INFO   ] 2025-11-09T21:11:13.710Z [DEBUG] ✅ [API /api/integrations] Returning integrations {"count":10,"workspaceType":"personal"}
[2025-11-09T21:11:17.244Z] [INFO   ]  [32m[1m✓[22m[39m Compiled in 887ms (5303 modules)
[2025-11-09T21:11:20.376Z] [INFO   ]  [32m[1m✓[22m[39m Compiled in 567ms (5303 modules)
[2025-11-09T21:12:06.957Z] [INFO   ]  [32m[1m✓[22m[39m Compiled in 910ms (5303 modules)
[2025-11-09T21:12:20.049Z] [INFO   ]  [32m[1m✓[22m[39m Compiled in 561ms (5171 modules)
[2025-11-09T21:12:26.314Z] [INFO   ]  [32m[1m✓[22m[39m Compiled in 755ms (5171 modules)
[2025-11-09T21:12:32.034Z] [INFO   ]  [32m[1m✓[22m[39m Compiled in 533ms (5171 modules)
[2025-11-09T21:12:41.469Z] [INFO   ]  [32m[1m✓[22m[39m Compiled in 523ms (5171 modules)
[2025-11-09T21:12:57.008Z] [INFO   ]  [37m[1m○[22m[39m Compiling /api/integrations/gmail/signatures ...
[2025-11-09T21:12:57.206Z] [INFO   ]  [32m[1m✓[22m[39m Compiled /api/integrations/gmail/signatures in 1352ms (5280 modules)
[2025-11-09T21:12:57.546Z] [INFO   ] 2025-11-09T21:12:57.546Z [DEBUG] 🔍 [GMAIL SIGNATURES] API endpoint called
[2025-11-09T21:12:57.546Z] [INFO   ] 2025-11-09T21:12:57.546Z [DEBUG] 🔍 [GMAIL SIGNATURES] Request params: {"requestedUserId":"a3e3a51a-175c-4b59-ad03-227ba12a18b0"}
[2025-11-09T21:12:57.900Z] [INFO   ] 2025-11-09T21:12:57.900Z [DEBUG] 🔍 [GMAIL SIGNATURES] Getting access token for user: a3e3a51a-175c-4b59-ad03-227ba12a18b0
[2025-11-09T21:12:58.000Z] [INFO   ] 2025-11-09T21:12:58.000Z [DEBUG] ✅ [GMAIL SIGNATURES] Access token retrieved successfully
[2025-11-09T21:12:58.001Z] [INFO   ] 2025-11-09T21:12:58.001Z [DEBUG] 🔍 [GMAIL SIGNATURES] Fetching Gmail sendAs settings...
[2025-11-09T21:12:58.299Z] [INFO   ] 2025-11-09T21:12:58.299Z [DEBUG] ✅ [GMAIL SIGNATURES] SendAs API response received: {
  "sendAs": [
    {
      "sendAsEmail": "stoddard.nathaniel900@gmail.com",
      "displayName": "",
      "replyToAddress": "",
      "signature": "Very Respectfully,\n\nSrA Nathaniel Stoddard, USAF",
      "isPrimary": true,
      "isDefault": true
    }
  ]
}
[2025-11-09T21:12:58.299Z] [INFO   ] 2025-11-09T21:12:58.299Z [DEBUG] 🔍 [GMAIL SIGNATURES] Found 1 sendAs settings
[2025-11-09T21:12:58.299Z] [INFO   ] 2025-11-09T21:12:58.299Z [DEBUG] 🔍 [GMAIL SIGNATURES] Processing sendAs 0: {"sendAsEmail":"stoddard.nathaniel900@gmail.com","displayName":"","hasSignature":true,"signaturePreview":"Very Respectfully,\n\nSrA Nathaniel Stoddard, USAF","isDefault":true}
[2025-11-09T21:12:58.299Z] [INFO   ] 2025-11-09T21:12:58.299Z [DEBUG] ✅ [GMAIL SIGNATURES] Found signature for: stoddard.nathaniel900@gmail.com
[2025-11-09T21:12:58.300Z] [INFO   ] 2025-11-09T21:12:58.300Z [DEBUG] ✅ [GMAIL SIGNATURES] Returning 1 signature(s): [{"id":"gmail-signature-0","name":"stoddard.nathaniel900@gmail.com","hasSignature":true}]
[2025-11-09T21:12:58.355Z] [INFO   ] 2025-11-09T21:12:58.355Z [DEBUG] 🔍 [GMAIL SIGNATURES] API endpoint called
[2025-11-09T21:12:58.355Z] [INFO   ] 2025-11-09T21:12:58.355Z [DEBUG] 🔍 [GMAIL SIGNATURES] Request params: {"requestedUserId":"a3e3a51a-175c-4b59-ad03-227ba12a18b0"}
[2025-11-09T21:12:58.450Z] [INFO   ] 2025-11-09T21:12:58.450Z [DEBUG] 🔍 [GMAIL SIGNATURES] Getting access token for user: a3e3a51a-175c-4b59-ad03-227ba12a18b0
[2025-11-09T21:12:58.531Z] [INFO   ] 2025-11-09T21:12:58.531Z [DEBUG] ✅ [GMAIL SIGNATURES] Access token retrieved successfully
[2025-11-09T21:12:58.532Z] [INFO   ] 2025-11-09T21:12:58.532Z [DEBUG] 🔍 [GMAIL SIGNATURES] Fetching Gmail sendAs settings...
[2025-11-09T21:12:58.734Z] [INFO   ] 2025-11-09T21:12:58.734Z [DEBUG] ✅ [GMAIL SIGNATURES] SendAs API response received: {
  "sendAs": [
    {
      "sendAsEmail": "stoddard.nathaniel900@gmail.com",
      "displayName": "",
      "replyToAddress": "",
      "signature": "Very Respectfully,\n\nSrA Nathaniel Stoddard, USAF",
      "isPrimary": true,
      "isDefault": true
    }
  ]
}
[2025-11-09T21:12:58.734Z] [INFO   ] 2025-11-09T21:12:58.734Z [DEBUG] 🔍 [GMAIL SIGNATURES] Found 1 sendAs settings
[2025-11-09T21:12:58.734Z] [INFO   ] 2025-11-09T21:12:58.734Z [DEBUG] 🔍 [GMAIL SIGNATURES] Processing sendAs 0: {"sendAsEmail":"stoddard.nathaniel900@gmail.com","displayName":"","hasSignature":true,"signaturePreview":"Very Respectfully,\n\nSrA Nathaniel Stoddard, USAF","isDefault":true}
[2025-11-09T21:12:58.734Z] [INFO   ] 2025-11-09T21:12:58.734Z [DEBUG] ✅ [GMAIL SIGNATURES] Found signature for: stoddard.nathaniel900@gmail.com
[2025-11-09T21:12:58.734Z] [INFO   ] 2025-11-09T21:12:58.734Z [DEBUG] ✅ [GMAIL SIGNATURES] Returning 1 signature(s): [{"id":"gmail-signature-0","name":"stoddard.nathaniel900@gmail.com","hasSignature":true}]
[2025-11-09T21:13:00.058Z] [INFO   ] 2025-11-09T21:13:00.058Z [DEBUG] 💧 [AUTH] Rehydrating auth state from storage {"hasState":true,"hasUser":false,"initialized":false,"timestamp":"2025-11-09T21:13:00.058Z"}
[2025-11-09T21:13:00.071Z] [INFO   ] 2025-11-09T21:13:00.071Z [DEBUG] 💧 [AUTH] State hydrated and reset {"hasUser":false,"initialized":false,"timestamp":"2025-11-09T21:13:00.071Z"}
[2025-11-09T21:13:00.071Z] [INFO   ] 2025-11-09T21:13:00.071Z [DEBUG] ⏭️ [AUTH] Skipping initialization {"hasState":true,"alreadyInitialized":false,"isClient":false,"timestamp":"2025-11-09T21:13:00.071Z"}
[2025-11-09T21:13:00.716Z] [INFO   ]  [32m[1m✓[22m[39m Compiled /icon.png in 251ms (4167 modules)

=== Log Session Ended: 2025-11-09T21:13:03.241Z ===
