=== Log Session Started: 2025-10-19T16:59:49.268Z ===
Node Version: v23.7.0
Platform: darwin
Working Directory: /Users/nathanielstoddard/chainreact-app/chainreact-app-9e
================================================================================

[2025-10-19T16:59:49.268Z] [INFO   ] File logging initialized
[2025-10-19T16:59:49.268Z] [INFO   ] Log file: /Users/nathanielstoddard/chainreact-app/chainreact-app-9e/logs/workflow_2025-10-19_11-59-49.log
[2025-10-19T16:59:49.270Z] [INFO   ] 📁 File logging enabled
[2025-10-19T16:59:49.270Z] [INFO   ] 📝 Logs will be written to: /Users/nathanielstoddard/chainreact-app/chainreact-app-9e/logs/workflow_2025-10-19_11-59-49.log
[2025-10-19T16:59:49.270Z] [INFO   ] 💡 To view logs in real-time: tail -f /Users/nathanielstoddard/chainreact-app/chainreact-app-9e/logs/workflow_2025-10-19_11-59-49.log
[2025-10-19T16:59:49.270Z] [INFO   ] 💡 To view all logs: cat /Users/nathanielstoddard/chainreact-app/chainreact-app-9e/logs/workflow_2025-10-19_11-59-49.log
[2025-10-19T16:59:49.271Z] [INFO   ] 💡 To share logs: Copy the file at /Users/nathanielstoddard/chainreact-app/chainreact-app-9e/logs/workflow_2025-10-19_11-59-49.log
[2025-10-19T16:59:49.271Z] [INFO   ] --------------------------------------------------------------------------------
[2025-10-19T16:59:49.271Z] [DEBUG  ] 📁 File logging system initialized
[2025-10-19T16:59:49.288Z] [INFO   ]  [32m[1m✓[22m[39m Ready in 3s
[2025-10-19T16:59:49.803Z] [INFO   ]  [37m[1m○[22m[39m Compiling /ai-assistant ...
[2025-10-19T16:59:50.271Z] [INFO   ] 2025-10-19T16:59:50.271Z [DEBUG] 🤖 Discord bot configured, initializing gateway connection in background...
[2025-10-19T16:59:52.007Z] [INFO   ] 2025-10-19T16:59:52.007Z [DEBUG] Initializing Discord Gateway connection (singleton)...
[2025-10-19T16:59:52.008Z] [INFO   ] 2025-10-19T16:59:52.008Z [DEBUG] 🔑 Discord bot token loaded
[2025-10-19T16:59:52.337Z] [INFO   ] 2025-10-19T16:59:52.337Z [DEBUG] Discord Gateway initialization complete
[2025-10-19T16:59:52.339Z] [INFO   ] 2025-10-19T16:59:52.339Z [DEBUG] ✅ Discord bot gateway connection initialized
[2025-10-19T16:59:52.572Z] [INFO   ] 2025-10-19T16:59:52.572Z [DEBUG] Discord Gateway WebSocket connection established
[2025-10-19T16:59:52.573Z] [INFO   ] 2025-10-19T16:59:52.573Z [DEBUG] 🔑 Sending identify with intents: {"GUILDS":true,"GUILD_MEMBERS":true,"GUILD_INVITES":true,"GUILD_MESSAGES":true,"MESSAGE_CONTENT":true,"intentsValue":33347}
[2025-10-19T16:59:53.358Z] [INFO   ] 2025-10-19T16:59:53.358Z [DEBUG] 🎉 Discord bot ready! {"sessionId":"61646bc53c6f6042e1b116371c8ba952","username":"ChainReact-Bot","userId":"1378595955212812308","guildCount":2}
[2025-10-19T16:59:53.359Z] [INFO   ] 2025-10-19T16:59:53.358Z [DEBUG] 📋 Initializing invite cache...
[2025-10-19T16:59:53.359Z] [INFO   ] 2025-10-19T16:59:53.359Z [DEBUG] 📡 Discord event received: GUILD_CREATE
[2025-10-19T16:59:53.359Z] [INFO   ] 2025-10-19T16:59:53.359Z [DEBUG] 📡 Discord event received: GUILD_CREATE
[2025-10-19T16:59:53.814Z] [INFO   ] 2025-10-19T16:59:53.814Z [DEBUG] ✅ Cached 3 invites for guild 1378950884045623406
[2025-10-19T16:59:54.567Z] [INFO   ]  [32m[1m✓[22m[39m Compiled /ai-assistant in 5.3s (3901 modules)
[2025-10-19T16:59:54.907Z] [INFO   ] 2025-10-19T16:59:54.907Z [DEBUG] 💧 [AUTH] Rehydrating auth state from storage {"hasState":true,"hasUser":false,"initialized":false,"timestamp":"2025-10-19T16:59:54.907Z"}
[2025-10-19T16:59:54.910Z] [INFO   ] 2025-10-19T16:59:54.910Z [DEBUG] 💧 [AUTH] State hydrated and reset {"hasUser":false,"initialized":false,"timestamp":"2025-10-19T16:59:54.910Z"}
[2025-10-19T16:59:54.910Z] [INFO   ] 2025-10-19T16:59:54.910Z [DEBUG] ⏭️ [AUTH] Skipping initialization {"hasState":true,"alreadyInitialized":false,"isClient":false,"timestamp":"2025-10-19T16:59:54.910Z"}
[2025-10-19T16:59:55.197Z] [INFO   ]  [32m[1m✓[22m[39m Compiled in 610ms (683 modules)
[2025-10-19T16:59:55.454Z] [INFO   ] 2025-10-19T16:59:55.454Z [DEBUG] [Username Check] {"userId":"a3e3a51a-175c-4b59-ad03-227ba12a18b0","hasEmail":true,"provider":"email","hasUsername":true,"isGoogleUser":false}
[2025-10-19T16:59:56.722Z] [INFO   ]  [37m[1m○[22m[39m Compiling /middleware ...
[2025-10-19T16:59:57.737Z] [INFO   ]  [32m[1m✓[22m[39m Compiled /middleware in 1699ms (4146 modules)
[2025-10-19T17:00:01.636Z] [INFO   ]  [32m[1m✓[22m[39m Compiled /api/integrations in 351ms (3915 modules)
[2025-10-19T17:00:01.784Z] [INFO   ] 2025-10-19T17:00:01.784Z [DEBUG] 📍 [API /api/integrations] GET request received {"timestamp":"2025-10-19T17:00:01.784Z","headers":{"referer":"check-console"}}
[2025-10-19T17:00:01.912Z] [INFO   ] 2025-10-19T17:00:01.912Z [DEBUG] ✅ [API /api/integrations] User authenticated {"userId":"a3e3a51a-175c-4b59-ad03-227ba12a18b0"}
[2025-10-19T17:00:02.053Z] [INFO   ] 2025-10-19T17:00:02.053Z [DEBUG] 📊 [API /api/integrations] Query result {"count":19,"error":null,"firstFew":[{"provider":"notion","status":"connected"},{"provider":"mailchimp","status":"connected"}]}
[2025-10-19T17:01:57.940Z] [INFO   ]  [32m[1m✓[22m[39m Compiled in 1085ms (3902 modules)
[2025-10-19T17:01:58.161Z] [INFO   ] 2025-10-19T17:01:58.161Z [DEBUG] [Username Check] {"userId":"a3e3a51a-175c-4b59-ad03-227ba12a18b0","hasEmail":true,"provider":"email","hasUsername":true,"isGoogleUser":false}
[2025-10-19T17:04:57.610Z] [INFO   ]  [37m[1m○[22m[39m Compiling /api/presence/count ...
[2025-10-19T17:04:57.896Z] [INFO   ]  [32m[1m✓[22m[39m Compiled /api/presence/count in 1700ms (3921 modules)
[2025-10-19T17:04:58.188Z] [INFO   ] 2025-10-19T17:04:58.188Z [DEBUG] [Username Check] {"userId":"a3e3a51a-175c-4b59-ad03-227ba12a18b0","hasEmail":true,"provider":"email","hasUsername":true,"isGoogleUser":false}
[2025-10-19T17:05:10.635Z] [INFO   ]  [32m[1m✓[22m[39m Compiled in 1368ms (3921 modules)
[2025-10-19T17:05:10.810Z] [INFO   ] 2025-10-19T17:05:10.810Z [DEBUG] [Username Check] {"userId":"a3e3a51a-175c-4b59-ad03-227ba12a18b0","hasEmail":true,"provider":"email","hasUsername":true,"isGoogleUser":false}
[2025-10-19T17:05:17.096Z] [INFO   ]  [32m[1m✓[22m[39m Compiled in 439ms (3921 modules)
[2025-10-19T17:05:17.230Z] [INFO   ] 2025-10-19T17:05:17.230Z [DEBUG] [Username Check] {"userId":"a3e3a51a-175c-4b59-ad03-227ba12a18b0","hasEmail":true,"provider":"email","hasUsername":true,"isGoogleUser":false}
[2025-10-19T17:06:09.951Z] [ERROR  ]  [31m[1m⨯[22m[39m Could not find the module "/Users/nathanielstoddard/chainreact-app/chainreact-app-9e/node_modules/next/dist/next-devtools/userspace/app/segment-explorer-node.js#SegmentViewNode" in the React Client Manifest. This is probably a bug in the React Server Components bundler.
Error: Could not find the module "/Users/nathanielstoddard/chainreact-app/chainreact-app-9e/node_modules/next/dist/next-devtools/userspace/app/segment-explorer-node.js#SegmentViewNode" in the React Client Manifest. This is probably a bug in the React Server Components bundler.
    at resolveClientReferenceMetadata (/Users/nathanielstoddard/chainreact-app/chainreact-app-9e/node_modules/next/dist/compiled/next-server/app-page.runtime.dev.js:23:66176)
    at serializeClientReference (/Users/nathanielstoddard/chainreact-app/chainreact-app-9e/node_modules/next/dist/compiled/next-server/app-page.runtime.dev.js:23:100999)
    at renderModelDestructive (/Users/nathanielstoddard/chainreact-app/chainreact-app-9e/node_modules/next/dist/compiled/next-server/app-page.runtime.dev.js:23:118836)
    at /Users/nathanielstoddard/chainreact-app/chainreact-app-9e/node_modules/next/dist/compiled/next-server/app-page.runtime.dev.js:23:98406
    at Array.toJSON (/Users/nathanielstoddard/chainreact-app/chainreact-app-9e/node_modules/next/dist/compiled/next-server/app-page.runtime.dev.js:23:99536)
    at stringify (<anonymous>)
    at emitChunk (/Users/nathanielstoddard/chainreact-app/chainreact-app-9e/node_modules/next/dist/compiled/next-server/app-page.runtime.dev.js:23:141249)
    at retryTask (/Users/nathanielstoddard/chainreact-app/chainreact-app-9e/node_modules/next/dist/compiled/next-server/app-page.runtime.dev.js:23:142352)
    at performWork (/Users/nathanielstoddard/chainreact-app/chainreact-app-9e/node_modules/next/dist/compiled/next-server/app-page.runtime.dev.js:23:143770)
    at AsyncLocalStorage.run (node:internal/async_local_storage/async_hooks:91:14)
    at /Users/nathanielstoddard/chainreact-app/chainreact-app-9e/node_modules/next/dist/compiled/next-server/app-page.runtime.dev.js:23:148010
    at node:internal/process/task_queues:151:7
    at AsyncResource.runInAsyncScope (node:async_hooks:211:14)
    at AsyncResource.runMicrotask (node:internal/process/task_queues:148:8)
[2025-10-19T17:06:10.063Z] [ERROR  ]  [31m[1m⨯[22m[39m Could not find the module "/Users/nathanielstoddard/chainreact-app/chainreact-app-9e/node_modules/next/dist/next-devtools/userspace/app/segment-explorer-node.js#SegmentViewNode" in the React Client Manifest. This is probably a bug in the React Server Components bundler.
Error: Could not find the module "/Users/nathanielstoddard/chainreact-app/chainreact-app-9e/node_modules/next/dist/next-devtools/userspace/app/segment-explorer-node.js#SegmentViewNode" in the React Client Manifest. This is probably a bug in the React Server Components bundler.
    at resolveClientReferenceMetadata (/Users/nathanielstoddard/chainreact-app/chainreact-app-9e/node_modules/next/dist/compiled/next-server/app-page.runtime.dev.js:23:66176)
    at serializeClientReference (/Users/nathanielstoddard/chainreact-app/chainreact-app-9e/node_modules/next/dist/compiled/next-server/app-page.runtime.dev.js:23:100999)
    at renderModelDestructive (/Users/nathanielstoddard/chainreact-app/chainreact-app-9e/node_modules/next/dist/compiled/next-server/app-page.runtime.dev.js:23:118836)
    at /Users/nathanielstoddard/chainreact-app/chainreact-app-9e/node_modules/next/dist/compiled/next-server/app-page.runtime.dev.js:23:98406
    at Array.toJSON (/Users/nathanielstoddard/chainreact-app/chainreact-app-9e/node_modules/next/dist/compiled/next-server/app-page.runtime.dev.js:23:99536)
    at stringify (<anonymous>)
    at emitChunk (/Users/nathanielstoddard/chainreact-app/chainreact-app-9e/node_modules/next/dist/compiled/next-server/app-page.runtime.dev.js:23:141249)
    at retryTask (/Users/nathanielstoddard/chainreact-app/chainreact-app-9e/node_modules/next/dist/compiled/next-server/app-page.runtime.dev.js:23:142352)
    at outlineTask (/Users/nathanielstoddard/chainreact-app/chainreact-app-9e/node_modules/next/dist/compiled/next-server/app-page.runtime.dev.js:23:93315)
    at renderFunctionComponent (/Users/nathanielstoddard/chainreact-app/chainreact-app-9e/node_modules/next/dist/compiled/next-server/app-page.runtime.dev.js:23:87241)
    at renderElement (/Users/nathanielstoddard/chainreact-app/chainreact-app-9e/node_modules/next/dist/compiled/next-server/app-page.runtime.dev.js:23:105170)
    at renderModelDestructive (/Users/nathanielstoddard/chainreact-app/chainreact-app-9e/node_modules/next/dist/compiled/next-server/app-page.runtime.dev.js:23:106790)
    at /Users/nathanielstoddard/chainreact-app/chainreact-app-9e/node_modules/next/dist/compiled/next-server/app-page.runtime.dev.js:23:98406
    at Array.toJSON (/Users/nathanielstoddard/chainreact-app/chainreact-app-9e/node_modules/next/dist/compiled/next-server/app-page.runtime.dev.js:23:99536)
    at stringify (<anonymous>)
    at emitChunk (/Users/nathanielstoddard/chainreact-app/chainreact-app-9e/node_modules/next/dist/compiled/next-server/app-page.runtime.dev.js:23:141249)
    at retryTask (/Users/nathanielstoddard/chainreact-app/chainreact-app-9e/node_modules/next/dist/compiled/next-server/app-page.runtime.dev.js:23:142352)
    at performWork (/Users/nathanielstoddard/chainreact-app/chainreact-app-9e/node_modules/next/dist/compiled/next-server/app-page.runtime.dev.js:23:143770)
    at AsyncLocalStorage.run (node:internal/async_local_storage/async_hooks:91:14)
    at /Users/nathanielstoddard/chainreact-app/chainreact-app-9e/node_modules/next/dist/compiled/next-server/app-page.runtime.dev.js:23:148010
    at node:internal/process/task_queues:151:7
    at AsyncResource.runInAsyncScope (node:async_hooks:211:14)
    at AsyncResource.runMicrotask (node:internal/process/task_queues:148:8)
[2025-10-19T17:06:10.063Z] [ERROR  ]  [31m[1m⨯[22m[39m Could not find the module "/Users/nathanielstoddard/chainreact-app/chainreact-app-9e/node_modules/next/dist/next-devtools/userspace/app/segment-explorer-node.js#SegmentViewNode" in the React Client Manifest. This is probably a bug in the React Server Components bundler.
Error: Could not find the module "/Users/nathanielstoddard/chainreact-app/chainreact-app-9e/node_modules/next/dist/next-devtools/userspace/app/segment-explorer-node.js#SegmentViewNode" in the React Client Manifest. This is probably a bug in the React Server Components bundler.
    at resolveClientReferenceMetadata (/Users/nathanielstoddard/chainreact-app/chainreact-app-9e/node_modules/next/dist/compiled/next-server/app-page.runtime.dev.js:23:66176)
    at serializeClientReference (/Users/nathanielstoddard/chainreact-app/chainreact-app-9e/node_modules/next/dist/compiled/next-server/app-page.runtime.dev.js:23:100999)
    at renderModelDestructive (/Users/nathanielstoddard/chainreact-app/chainreact-app-9e/node_modules/next/dist/compiled/next-server/app-page.runtime.dev.js:23:118836)
    at /Users/nathanielstoddard/chainreact-app/chainreact-app-9e/node_modules/next/dist/compiled/next-server/app-page.runtime.dev.js:23:98406
    at Array.toJSON (/Users/nathanielstoddard/chainreact-app/chainreact-app-9e/node_modules/next/dist/compiled/next-server/app-page.runtime.dev.js:23:99536)
    at stringify (<anonymous>)
    at emitChunk (/Users/nathanielstoddard/chainreact-app/chainreact-app-9e/node_modules/next/dist/compiled/next-server/app-page.runtime.dev.js:23:141249)
    at retryTask (/Users/nathanielstoddard/chainreact-app/chainreact-app-9e/node_modules/next/dist/compiled/next-server/app-page.runtime.dev.js:23:142352)
    at outlineTask (/Users/nathanielstoddard/chainreact-app/chainreact-app-9e/node_modules/next/dist/compiled/next-server/app-page.runtime.dev.js:23:93315)
    at renderFunctionComponent (/Users/nathanielstoddard/chainreact-app/chainreact-app-9e/node_modules/next/dist/compiled/next-server/app-page.runtime.dev.js:23:87241)
    at renderElement (/Users/nathanielstoddard/chainreact-app/chainreact-app-9e/node_modules/next/dist/compiled/next-server/app-page.runtime.dev.js:23:105170)
    at renderModelDestructive (/Users/nathanielstoddard/chainreact-app/chainreact-app-9e/node_modules/next/dist/compiled/next-server/app-page.runtime.dev.js:23:106790)
    at /Users/nathanielstoddard/chainreact-app/chainreact-app-9e/node_modules/next/dist/compiled/next-server/app-page.runtime.dev.js:23:98406
    at Array.toJSON (/Users/nathanielstoddard/chainreact-app/chainreact-app-9e/node_modules/next/dist/compiled/next-server/app-page.runtime.dev.js:23:99536)
    at stringify (<anonymous>)
    at emitChunk (/Users/nathanielstoddard/chainreact-app/chainreact-app-9e/node_modules/next/dist/compiled/next-server/app-page.runtime.dev.js:23:141249)
    at retryTask (/Users/nathanielstoddard/chainreact-app/chainreact-app-9e/node_modules/next/dist/compiled/next-server/app-page.runtime.dev.js:23:142352)
    at performWork (/Users/nathanielstoddard/chainreact-app/chainreact-app-9e/node_modules/next/dist/compiled/next-server/app-page.runtime.dev.js:23:143770)
    at AsyncLocalStorage.run (node:internal/async_local_storage/async_hooks:91:14)
    at /Users/nathanielstoddard/chainreact-app/chainreact-app-9e/node_modules/next/dist/compiled/next-server/app-page.runtime.dev.js:23:148010
    at node:internal/process/task_queues:151:7
    at AsyncResource.runInAsyncScope (node:async_hooks:211:14)
    at AsyncResource.runMicrotask (node:internal/process/task_queues:148:8)
[2025-10-19T17:06:10.063Z] [ERROR  ]  [31m[1m⨯[22m[39m Could not find the module "/Users/nathanielstoddard/chainreact-app/chainreact-app-9e/node_modules/next/dist/next-devtools/userspace/app/segment-explorer-node.js#SegmentViewNode" in the React Client Manifest. This is probably a bug in the React Server Components bundler.
Error: Could not find the module "/Users/nathanielstoddard/chainreact-app/chainreact-app-9e/node_modules/next/dist/next-devtools/userspace/app/segment-explorer-node.js#SegmentViewNode" in the React Client Manifest. This is probably a bug in the React Server Components bundler.
    at resolveClientReferenceMetadata (/Users/nathanielstoddard/chainreact-app/chainreact-app-9e/node_modules/next/dist/compiled/next-server/app-page.runtime.dev.js:23:66176)
    at serializeClientReference (/Users/nathanielstoddard/chainreact-app/chainreact-app-9e/node_modules/next/dist/compiled/next-server/app-page.runtime.dev.js:23:100999)
    at renderModelDestructive (/Users/nathanielstoddard/chainreact-app/chainreact-app-9e/node_modules/next/dist/compiled/next-server/app-page.runtime.dev.js:23:118836)
    at /Users/nathanielstoddard/chainreact-app/chainreact-app-9e/node_modules/next/dist/compiled/next-server/app-page.runtime.dev.js:23:98406
    at Array.toJSON (/Users/nathanielstoddard/chainreact-app/chainreact-app-9e/node_modules/next/dist/compiled/next-server/app-page.runtime.dev.js:23:99536)
    at stringify (<anonymous>)
    at emitChunk (/Users/nathanielstoddard/chainreact-app/chainreact-app-9e/node_modules/next/dist/compiled/next-server/app-page.runtime.dev.js:23:141249)
    at retryTask (/Users/nathanielstoddard/chainreact-app/chainreact-app-9e/node_modules/next/dist/compiled/next-server/app-page.runtime.dev.js:23:142352)
    at outlineTask (/Users/nathanielstoddard/chainreact-app/chainreact-app-9e/node_modules/next/dist/compiled/next-server/app-page.runtime.dev.js:23:93315)
    at renderFunctionComponent (/Users/nathanielstoddard/chainreact-app/chainreact-app-9e/node_modules/next/dist/compiled/next-server/app-page.runtime.dev.js:23:87241)
    at renderElement (/Users/nathanielstoddard/chainreact-app/chainreact-app-9e/node_modules/next/dist/compiled/next-server/app-page.runtime.dev.js:23:105170)
    at renderModelDestructive (/Users/nathanielstoddard/chainreact-app/chainreact-app-9e/node_modules/next/dist/compiled/next-server/app-page.runtime.dev.js:23:106790)
    at /Users/nathanielstoddard/chainreact-app/chainreact-app-9e/node_modules/next/dist/compiled/next-server/app-page.runtime.dev.js:23:98406
    at Array.toJSON (/Users/nathanielstoddard/chainreact-app/chainreact-app-9e/node_modules/next/dist/compiled/next-server/app-page.runtime.dev.js:23:99536)
    at stringify (<anonymous>)
    at emitChunk (/Users/nathanielstoddard/chainreact-app/chainreact-app-9e/node_modules/next/dist/compiled/next-server/app-page.runtime.dev.js:23:141249)
    at retryTask (/Users/nathanielstoddard/chainreact-app/chainreact-app-9e/node_modules/next/dist/compiled/next-server/app-page.runtime.dev.js:23:142352)
    at performWork (/Users/nathanielstoddard/chainreact-app/chainreact-app-9e/node_modules/next/dist/compiled/next-server/app-page.runtime.dev.js:23:143770)
    at AsyncLocalStorage.run (node:internal/async_local_storage/async_hooks:91:14)
    at /Users/nathanielstoddard/chainreact-app/chainreact-app-9e/node_modules/next/dist/compiled/next-server/app-page.runtime.dev.js:23:148010
    at node:internal/process/task_queues:151:7
    at AsyncResource.runInAsyncScope (node:async_hooks:211:14)
    at AsyncResource.runMicrotask (node:internal/process/task_queues:148:8)
[2025-10-19T17:06:10.063Z] [ERROR  ]  [31m[1m⨯[22m[39m Could not find the module "/Users/nathanielstoddard/chainreact-app/chainreact-app-9e/node_modules/next/dist/next-devtools/userspace/app/segment-explorer-node.js#SegmentViewNode" in the React Client Manifest. This is probably a bug in the React Server Components bundler.
Error: Could not find the module "/Users/nathanielstoddard/chainreact-app/chainreact-app-9e/node_modules/next/dist/next-devtools/userspace/app/segment-explorer-node.js#SegmentViewNode" in the React Client Manifest. This is probably a bug in the React Server Components bundler.
    at resolveClientReferenceMetadata (/Users/nathanielstoddard/chainreact-app/chainreact-app-9e/node_modules/next/dist/compiled/next-server/app-page.runtime.dev.js:23:66176)
    at serializeClientReference (/Users/nathanielstoddard/chainreact-app/chainreact-app-9e/node_modules/next/dist/compiled/next-server/app-page.runtime.dev.js:23:100999)
    at renderModelDestructive (/Users/nathanielstoddard/chainreact-app/chainreact-app-9e/node_modules/next/dist/compiled/next-server/app-page.runtime.dev.js:23:118836)
    at /Users/nathanielstoddard/chainreact-app/chainreact-app-9e/node_modules/next/dist/compiled/next-server/app-page.runtime.dev.js:23:98406
    at Array.toJSON (/Users/nathanielstoddard/chainreact-app/chainreact-app-9e/node_modules/next/dist/compiled/next-server/app-page.runtime.dev.js:23:99536)
    at stringify (<anonymous>)
    at emitChunk (/Users/nathanielstoddard/chainreact-app/chainreact-app-9e/node_modules/next/dist/compiled/next-server/app-page.runtime.dev.js:23:141249)
    at retryTask (/Users/nathanielstoddard/chainreact-app/chainreact-app-9e/node_modules/next/dist/compiled/next-server/app-page.runtime.dev.js:23:142352)
    at performWork (/Users/nathanielstoddard/chainreact-app/chainreact-app-9e/node_modules/next/dist/compiled/next-server/app-page.runtime.dev.js:23:143770)
    at AsyncLocalStorage.run (node:internal/async_local_storage/async_hooks:91:14)
    at /Users/nathanielstoddard/chainreact-app/chainreact-app-9e/node_modules/next/dist/compiled/next-server/app-page.runtime.dev.js:23:148010
    at node:internal/process/task_queues:151:7
    at AsyncResource.runInAsyncScope (node:async_hooks:211:14)
    at AsyncResource.runMicrotask (node:internal/process/task_queues:148:8)
[2025-10-19T17:06:10.063Z] [ERROR  ]  [31m[1m⨯[22m[39m Could not find the module "/Users/nathanielstoddard/chainreact-app/chainreact-app-9e/node_modules/next/dist/next-devtools/userspace/app/segment-explorer-node.js#SegmentViewNode" in the React Client Manifest. This is probably a bug in the React Server Components bundler.
Error: Could not find the module "/Users/nathanielstoddard/chainreact-app/chainreact-app-9e/node_modules/next/dist/next-devtools/userspace/app/segment-explorer-node.js#SegmentViewNode" in the React Client Manifest. This is probably a bug in the React Server Components bundler.
    at resolveClientReferenceMetadata (/Users/nathanielstoddard/chainreact-app/chainreact-app-9e/node_modules/next/dist/compiled/next-server/app-page.runtime.dev.js:23:66176)
    at serializeClientReference (/Users/nathanielstoddard/chainreact-app/chainreact-app-9e/node_modules/next/dist/compiled/next-server/app-page.runtime.dev.js:23:100999)
    at renderModelDestructive (/Users/nathanielstoddard/chainreact-app/chainreact-app-9e/node_modules/next/dist/compiled/next-server/app-page.runtime.dev.js:23:118836)
    at /Users/nathanielstoddard/chainreact-app/chainreact-app-9e/node_modules/next/dist/compiled/next-server/app-page.runtime.dev.js:23:98406
    at Array.toJSON (/Users/nathanielstoddard/chainreact-app/chainreact-app-9e/node_modules/next/dist/compiled/next-server/app-page.runtime.dev.js:23:99536)
    at stringify (<anonymous>)
    at emitChunk (/Users/nathanielstoddard/chainreact-app/chainreact-app-9e/node_modules/next/dist/compiled/next-server/app-page.runtime.dev.js:23:141249)
    at retryTask (/Users/nathanielstoddard/chainreact-app/chainreact-app-9e/node_modules/next/dist/compiled/next-server/app-page.runtime.dev.js:23:142352)
    at performWork (/Users/nathanielstoddard/chainreact-app/chainreact-app-9e/node_modules/next/dist/compiled/next-server/app-page.runtime.dev.js:23:143770)
    at AsyncLocalStorage.run (node:internal/async_local_storage/async_hooks:91:14)
    at /Users/nathanielstoddard/chainreact-app/chainreact-app-9e/node_modules/next/dist/compiled/next-server/app-page.runtime.dev.js:23:148010
    at node:internal/process/task_queues:151:7
    at AsyncResource.runInAsyncScope (node:async_hooks:211:14)
    at AsyncResource.runMicrotask (node:internal/process/task_queues:148:8)
[2025-10-19T17:06:10.171Z] [ERROR  ]  [31m[1m⨯[22m[39m Cannot read properties of undefined (reading 'call')
TypeError: Cannot read properties of undefined (reading 'call')
    at Object.__webpack_require__ [as require] (/Users/nathanielstoddard/chainreact-app/chainreact-app-9e/.next/server/webpack-runtime.js:25:43)
    at Object.require (/Users/nathanielstoddard/chainreact-app/chainreact-app-9e/node_modules/next/dist/compiled/next-server/app-page.runtime.dev.js:38:28541)
    at globalThis.__next_require__ (/Users/nathanielstoddard/chainreact-app/chainreact-app-9e/node_modules/next/dist/compiled/next-server/app-page.runtime.dev.js:38:29364)
    at requireModule (/Users/nathanielstoddard/chainreact-app/chainreact-app-9e/node_modules/next/dist/compiled/next-server/app-page.runtime.dev.js:2:318257)
    at initializeModuleChunk (/Users/nathanielstoddard/chainreact-app/chainreact-app-9e/node_modules/next/dist/compiled/next-server/app-page.runtime.dev.js:2:346827)
    at getOutlinedModel (/Users/nathanielstoddard/chainreact-app/chainreact-app-9e/node_modules/next/dist/compiled/next-server/app-page.runtime.dev.js:2:356069)
    at /Users/nathanielstoddard/chainreact-app/chainreact-app-9e/node_modules/next/dist/compiled/next-server/app-page.runtime.dev.js:2:363908
    at ResponseInstance._fromJSON (/Users/nathanielstoddard/chainreact-app/chainreact-app-9e/node_modules/next/dist/compiled/next-server/app-page.runtime.dev.js:2:363999)
    at JSON.parse (<anonymous>)
    at initializeModelChunk (/Users/nathanielstoddard/chainreact-app/chainreact-app-9e/node_modules/next/dist/compiled/next-server/app-page.runtime.dev.js:2:346268)
    at resolveModelChunk (/Users/nathanielstoddard/chainreact-app/chainreact-app-9e/node_modules/next/dist/compiled/next-server/app-page.runtime.dev.js:2:344574)
    at processFullStringRow (/Users/nathanielstoddard/chainreact-app/chainreact-app-9e/node_modules/next/dist/compiled/next-server/app-page.runtime.dev.js:2:382926)
    at /Users/nathanielstoddard/chainreact-app/chainreact-app-9e/node_modules/next/dist/compiled/next-server/app-page.runtime.dev.js:2:385329
    at processBinaryChunk (/Users/nathanielstoddard/chainreact-app/chainreact-app-9e/node_modules/next/dist/compiled/next-server/app-page.runtime.dev.js:2:385401)
    at progress (/Users/nathanielstoddard/chainreact-app/chainreact-app-9e/node_modules/next/dist/compiled/next-server/app-page.runtime.dev.js:2:386929)
[2025-10-19T17:06:10.174Z] [ERROR  ]  [31m[1m⨯[22m[39m Could not find the module "/Users/nathanielstoddard/chainreact-app/chainreact-app-9e/node_modules/next/dist/next-devtools/userspace/app/segment-explorer-node.js#SegmentViewNode" in the React Client Manifest. This is probably a bug in the React Server Components bundler.
Error: Could not find the module "/Users/nathanielstoddard/chainreact-app/chainreact-app-9e/node_modules/next/dist/next-devtools/userspace/app/segment-explorer-node.js#SegmentViewNode" in the React Client Manifest. This is probably a bug in the React Server Components bundler.
    at resolveClientReferenceMetadata (/Users/nathanielstoddard/chainreact-app/chainreact-app-9e/node_modules/next/dist/compiled/next-server/app-page.runtime.dev.js:23:66176)
    at serializeClientReference (/Users/nathanielstoddard/chainreact-app/chainreact-app-9e/node_modules/next/dist/compiled/next-server/app-page.runtime.dev.js:23:100999)
    at renderModelDestructive (/Users/nathanielstoddard/chainreact-app/chainreact-app-9e/node_modules/next/dist/compiled/next-server/app-page.runtime.dev.js:23:118836)
    at /Users/nathanielstoddard/chainreact-app/chainreact-app-9e/node_modules/next/dist/compiled/next-server/app-page.runtime.dev.js:23:98406
    at Array.toJSON (/Users/nathanielstoddard/chainreact-app/chainreact-app-9e/node_modules/next/dist/compiled/next-server/app-page.runtime.dev.js:23:99536)
    at stringify (<anonymous>)
    at emitChunk (/Users/nathanielstoddard/chainreact-app/chainreact-app-9e/node_modules/next/dist/compiled/next-server/app-page.runtime.dev.js:23:141249)
    at retryTask (/Users/nathanielstoddard/chainreact-app/chainreact-app-9e/node_modules/next/dist/compiled/next-server/app-page.runtime.dev.js:23:142352)
    at performWork (/Users/nathanielstoddard/chainreact-app/chainreact-app-9e/node_modules/next/dist/compiled/next-server/app-page.runtime.dev.js:23:143770)
    at AsyncLocalStorage.run (node:internal/async_local_storage/async_hooks:91:14)
    at /Users/nathanielstoddard/chainreact-app/chainreact-app-9e/node_modules/next/dist/compiled/next-server/app-page.runtime.dev.js:23:148010
    at node:internal/process/task_queues:151:7
    at AsyncResource.runInAsyncScope (node:async_hooks:211:14)
    at AsyncResource.runMicrotask (node:internal/process/task_queues:148:8)
[2025-10-19T17:06:10.274Z] [ERROR  ] Cannot read properties of undefined (reading 'call')
TypeError: Cannot read properties of undefined (reading 'call')
    at Object.__webpack_require__ [as require] (/Users/nathanielstoddard/chainreact-app/chainreact-app-9e/.next/server/webpack-runtime.js:25:43)
    at Object.require (/Users/nathanielstoddard/chainreact-app/chainreact-app-9e/node_modules/next/dist/compiled/next-server/app-page.runtime.dev.js:38:28541)
    at globalThis.__next_require__ (/Users/nathanielstoddard/chainreact-app/chainreact-app-9e/node_modules/next/dist/compiled/next-server/app-page.runtime.dev.js:38:29364)
    at requireModule (/Users/nathanielstoddard/chainreact-app/chainreact-app-9e/node_modules/next/dist/compiled/next-server/app-page.runtime.dev.js:2:318257)
    at initializeModuleChunk (/Users/nathanielstoddard/chainreact-app/chainreact-app-9e/node_modules/next/dist/compiled/next-server/app-page.runtime.dev.js:2:346827)
    at getOutlinedModel (/Users/nathanielstoddard/chainreact-app/chainreact-app-9e/node_modules/next/dist/compiled/next-server/app-page.runtime.dev.js:2:356069)
    at /Users/nathanielstoddard/chainreact-app/chainreact-app-9e/node_modules/next/dist/compiled/next-server/app-page.runtime.dev.js:2:363908
    at ResponseInstance._fromJSON (/Users/nathanielstoddard/chainreact-app/chainreact-app-9e/node_modules/next/dist/compiled/next-server/app-page.runtime.dev.js:2:363999)
    at JSON.parse (<anonymous>)
    at initializeModelChunk (/Users/nathanielstoddard/chainreact-app/chainreact-app-9e/node_modules/next/dist/compiled/next-server/app-page.runtime.dev.js:2:346268)
    at resolveModelChunk (/Users/nathanielstoddard/chainreact-app/chainreact-app-9e/node_modules/next/dist/compiled/next-server/app-page.runtime.dev.js:2:344574)
    at processFullStringRow (/Users/nathanielstoddard/chainreact-app/chainreact-app-9e/node_modules/next/dist/compiled/next-server/app-page.runtime.dev.js:2:382926)
    at /Users/nathanielstoddard/chainreact-app/chainreact-app-9e/node_modules/next/dist/compiled/next-server/app-page.runtime.dev.js:2:385329
    at processBinaryChunk (/Users/nathanielstoddard/chainreact-app/chainreact-app-9e/node_modules/next/dist/compiled/next-server/app-page.runtime.dev.js:2:385401)
    at progress (/Users/nathanielstoddard/chainreact-app/chainreact-app-9e/node_modules/next/dist/compiled/next-server/app-page.runtime.dev.js:2:386929)
[2025-10-19T17:06:10.379Z] [ERROR  ]  [31m[1m⨯[22m[39m Cannot read properties of undefined (reading 'call')
TypeError: Cannot read properties of undefined (reading 'call')
    at Object.__webpack_require__ [as require] (/Users/nathanielstoddard/chainreact-app/chainreact-app-9e/.next/server/webpack-runtime.js:25:43)
    at Object.require (/Users/nathanielstoddard/chainreact-app/chainreact-app-9e/node_modules/next/dist/compiled/next-server/app-page.runtime.dev.js:38:28541)
    at globalThis.__next_require__ (/Users/nathanielstoddard/chainreact-app/chainreact-app-9e/node_modules/next/dist/compiled/next-server/app-page.runtime.dev.js:38:29364)
    at requireModule (/Users/nathanielstoddard/chainreact-app/chainreact-app-9e/node_modules/next/dist/compiled/next-server/app-page.runtime.dev.js:2:318257)
    at initializeModuleChunk (/Users/nathanielstoddard/chainreact-app/chainreact-app-9e/node_modules/next/dist/compiled/next-server/app-page.runtime.dev.js:2:346827)
    at getOutlinedModel (/Users/nathanielstoddard/chainreact-app/chainreact-app-9e/node_modules/next/dist/compiled/next-server/app-page.runtime.dev.js:2:356069)
    at /Users/nathanielstoddard/chainreact-app/chainreact-app-9e/node_modules/next/dist/compiled/next-server/app-page.runtime.dev.js:2:363908
    at ResponseInstance._fromJSON (/Users/nathanielstoddard/chainreact-app/chainreact-app-9e/node_modules/next/dist/compiled/next-server/app-page.runtime.dev.js:2:363999)
    at JSON.parse (<anonymous>)
    at initializeModelChunk (/Users/nathanielstoddard/chainreact-app/chainreact-app-9e/node_modules/next/dist/compiled/next-server/app-page.runtime.dev.js:2:346268)
    at resolveModelChunk (/Users/nathanielstoddard/chainreact-app/chainreact-app-9e/node_modules/next/dist/compiled/next-server/app-page.runtime.dev.js:2:344574)
    at processFullStringRow (/Users/nathanielstoddard/chainreact-app/chainreact-app-9e/node_modules/next/dist/compiled/next-server/app-page.runtime.dev.js:2:382926)
    at /Users/nathanielstoddard/chainreact-app/chainreact-app-9e/node_modules/next/dist/compiled/next-server/app-page.runtime.dev.js:2:385329
    at processBinaryChunk (/Users/nathanielstoddard/chainreact-app/chainreact-app-9e/node_modules/next/dist/compiled/next-server/app-page.runtime.dev.js:2:385401)
    at progress (/Users/nathanielstoddard/chainreact-app/chainreact-app-9e/node_modules/next/dist/compiled/next-server/app-page.runtime.dev.js:2:386929)
[2025-10-19T17:06:10.481Z] [ERROR  ]  [31m[1m⨯[22m[39m Cannot read properties of undefined (reading 'call')
TypeError: Cannot read properties of undefined (reading 'call')
    at Object.__webpack_require__ [as require] (/Users/nathanielstoddard/chainreact-app/chainreact-app-9e/.next/server/webpack-runtime.js:25:43)
    at Object.require (/Users/nathanielstoddard/chainreact-app/chainreact-app-9e/node_modules/next/dist/compiled/next-server/app-page.runtime.dev.js:38:28541)
    at globalThis.__next_require__ (/Users/nathanielstoddard/chainreact-app/chainreact-app-9e/node_modules/next/dist/compiled/next-server/app-page.runtime.dev.js:38:29364)
    at requireModule (/Users/nathanielstoddard/chainreact-app/chainreact-app-9e/node_modules/next/dist/compiled/next-server/app-page.runtime.dev.js:2:318257)
    at initializeModuleChunk (/Users/nathanielstoddard/chainreact-app/chainreact-app-9e/node_modules/next/dist/compiled/next-server/app-page.runtime.dev.js:2:346827)
    at getOutlinedModel (/Users/nathanielstoddard/chainreact-app/chainreact-app-9e/node_modules/next/dist/compiled/next-server/app-page.runtime.dev.js:2:356069)
    at /Users/nathanielstoddard/chainreact-app/chainreact-app-9e/node_modules/next/dist/compiled/next-server/app-page.runtime.dev.js:2:363908
    at ResponseInstance._fromJSON (/Users/nathanielstoddard/chainreact-app/chainreact-app-9e/node_modules/next/dist/compiled/next-server/app-page.runtime.dev.js:2:363999)
    at JSON.parse (<anonymous>)
    at initializeModelChunk (/Users/nathanielstoddard/chainreact-app/chainreact-app-9e/node_modules/next/dist/compiled/next-server/app-page.runtime.dev.js:2:346268)
    at resolveModelChunk (/Users/nathanielstoddard/chainreact-app/chainreact-app-9e/node_modules/next/dist/compiled/next-server/app-page.runtime.dev.js:2:344574)
    at processFullStringRow (/Users/nathanielstoddard/chainreact-app/chainreact-app-9e/node_modules/next/dist/compiled/next-server/app-page.runtime.dev.js:2:382926)
    at /Users/nathanielstoddard/chainreact-app/chainreact-app-9e/node_modules/next/dist/compiled/next-server/app-page.runtime.dev.js:2:385329
    at processBinaryChunk (/Users/nathanielstoddard/chainreact-app/chainreact-app-9e/node_modules/next/dist/compiled/next-server/app-page.runtime.dev.js:2:385401)
    at progress (/Users/nathanielstoddard/chainreact-app/chainreact-app-9e/node_modules/next/dist/compiled/next-server/app-page.runtime.dev.js:2:386929)
[2025-10-19T17:06:10.884Z] [INFO   ] 2025-10-19T17:06:10.884Z [DEBUG] [Username Check] {"userId":"a3e3a51a-175c-4b59-ad03-227ba12a18b0","hasEmail":true,"provider":"email","hasUsername":true,"isGoogleUser":false}
[2025-10-19T17:06:11.044Z] [INFO   ]  [37m[1m○[22m[39m Compiling /_error ...
[2025-10-19T17:06:11.074Z] [INFO   ]  [32m[1m✓[22m[39m Compiled /_error in 586ms (4228 modules)
[2025-10-19T17:06:11.427Z] [INFO   ] 2025-10-19T17:06:11.426Z [DEBUG] [Username Check] {"userId":"a3e3a51a-175c-4b59-ad03-227ba12a18b0","hasEmail":true,"provider":"email","hasUsername":true,"isGoogleUser":false}
[2025-10-19T17:06:11.479Z] [INFO   ] 2025-10-19T17:06:11.479Z [DEBUG] [Username Check] {"userId":"a3e3a51a-175c-4b59-ad03-227ba12a18b0","hasEmail":true,"provider":"email","hasUsername":true,"isGoogleUser":false}

=== Log Session Ended: 2025-10-19T17:06:14.087Z ===
