=== Log Session Started: 2025-10-23T12:42:18.651Z ===
Node Version: v23.7.0
Platform: darwin
Working Directory: /Users/nathanielstoddard/chainreact-app/chainreact-app-9e
================================================================================

[2025-10-23T12:42:18.651Z] [INFO   ] File logging initialized
[2025-10-23T12:42:18.651Z] [INFO   ] Log file: /Users/nathanielstoddard/chainreact-app/chainreact-app-9e/logs/workflow_2025-10-23_07-42-18.log
[2025-10-23T12:42:18.654Z] [INFO   ] 📁 File logging enabled
[2025-10-23T12:42:18.654Z] [INFO   ] 📝 Logs will be written to: /Users/nathanielstoddard/chainreact-app/chainreact-app-9e/logs/workflow_2025-10-23_07-42-18.log
[2025-10-23T12:42:18.654Z] [INFO   ] 💡 To view logs in real-time: tail -f /Users/nathanielstoddard/chainreact-app/chainreact-app-9e/logs/workflow_2025-10-23_07-42-18.log
[2025-10-23T12:42:18.654Z] [INFO   ] 💡 To view all logs: cat /Users/nathanielstoddard/chainreact-app/chainreact-app-9e/logs/workflow_2025-10-23_07-42-18.log
[2025-10-23T12:42:18.654Z] [INFO   ] 💡 To share logs: Copy the file at /Users/nathanielstoddard/chainreact-app/chainreact-app-9e/logs/workflow_2025-10-23_07-42-18.log
[2025-10-23T12:42:18.654Z] [INFO   ] --------------------------------------------------------------------------------
[2025-10-23T12:42:18.654Z] [DEBUG  ] 📁 File logging system initialized
[2025-10-23T12:42:18.666Z] [INFO   ]  [32m[1m✓[22m[39m Ready in 2.9s
[2025-10-23T12:42:19.875Z] [INFO   ] 2025-10-23T12:42:19.875Z [DEBUG] 🤖 Discord bot configured, initializing gateway connection in background...
[2025-10-23T12:42:21.662Z] [INFO   ] 2025-10-23T12:42:21.662Z [DEBUG] Initializing Discord Gateway connection (singleton)...
[2025-10-23T12:42:21.663Z] [INFO   ] 2025-10-23T12:42:21.663Z [DEBUG] 🔑 Discord bot token loaded
[2025-10-23T12:42:21.941Z] [INFO   ] 2025-10-23T12:42:21.941Z [DEBUG] Discord Gateway initialization complete
[2025-10-23T12:42:21.943Z] [INFO   ] 2025-10-23T12:42:21.942Z [DEBUG] ✅ Discord bot gateway connection initialized
[2025-10-23T12:42:22.069Z] [INFO   ]  [32m[1m✓[22m[39m Compiled /middleware in 383ms (233 modules)
[2025-10-23T12:42:22.158Z] [INFO   ] 2025-10-23T12:42:22.158Z [DEBUG] Discord Gateway WebSocket connection established
[2025-10-23T12:42:22.158Z] [INFO   ] 2025-10-23T12:42:22.158Z [DEBUG] 🔑 Sending identify with intents: {"GUILDS":true,"GUILD_MEMBERS":true,"GUILD_INVITES":true,"GUILD_MESSAGES":true,"MESSAGE_CONTENT":true,"intentsValue":33347}
[2025-10-23T12:42:22.334Z] [INFO   ] 2025-10-23T12:42:22.334Z [DEBUG] 🎉 Discord bot ready! {"sessionId":"6ff0eb531dbabb89af79f3f065122f70","username":"ChainReact-Bot","userId":"1378595955212812308","guildCount":2}
[2025-10-23T12:42:22.335Z] [INFO   ] 2025-10-23T12:42:22.335Z [DEBUG] 📋 Initializing invite cache...
[2025-10-23T12:42:22.336Z] [INFO   ] 2025-10-23T12:42:22.336Z [DEBUG] 📡 Discord event received: GUILD_CREATE
[2025-10-23T12:42:22.348Z] [INFO   ] 2025-10-23T12:42:22.348Z [DEBUG] 📡 Discord event received: GUILD_CREATE
[2025-10-23T12:42:22.508Z] [INFO   ] 2025-10-23T12:42:22.507Z [DEBUG] ✅ Cached 3 invites for guild 1378950884045623406
[2025-10-23T12:42:23.248Z] [INFO   ] 2025-10-23T12:42:23.247Z [DEBUG] [Middleware] Username check: {"path":"/workflows","userId":"a3e3a51a-175c-4b59-ad03-227ba12a18b0","provider":"email","role":"admin","username":"nstoddard17","hasUsername":true,"isBetaTester":false,"isNewBetaUser":false,"accountAge":12656655848}
[2025-10-23T12:42:23.792Z] [INFO   ]  [37m[1m○[22m[39m Compiling /workflows ...
[2025-10-23T12:42:26.711Z] [INFO   ]  [32m[1m✓[22m[39m Compiled /workflows in 3.4s (4029 modules)
[2025-10-23T12:42:27.174Z] [INFO   ] 2025-10-23T12:42:27.173Z [DEBUG] 💧 [AUTH] Rehydrating auth state from storage {"hasState":true,"hasUser":false,"initialized":false,"timestamp":"2025-10-23T12:42:27.173Z"}
[2025-10-23T12:42:27.177Z] [INFO   ] 2025-10-23T12:42:27.177Z [DEBUG] 💧 [AUTH] State hydrated and reset {"hasUser":false,"initialized":false,"timestamp":"2025-10-23T12:42:27.177Z"}
[2025-10-23T12:42:27.177Z] [INFO   ] 2025-10-23T12:42:27.177Z [DEBUG] ⏭️ [AUTH] Skipping initialization {"hasState":true,"alreadyInitialized":false,"isClient":false,"timestamp":"2025-10-23T12:42:27.177Z"}
[2025-10-23T12:42:27.572Z] [INFO   ]  [32m[1m✓[22m[39m Compiled in 840ms (727 modules)
[2025-10-23T12:42:27.603Z] [INFO   ] 2025-10-23T12:42:27.602Z [DEBUG] [Username Check] {"userId":"a3e3a51a-175c-4b59-ad03-227ba12a18b0","hasEmail":true,"provider":"email","hasUsername":true,"isGoogleUser":false}
[2025-10-23T12:42:28.673Z] [INFO   ]  [37m[1m○[22m[39m Compiling /api/integrations ...
[2025-10-23T12:42:29.342Z] [INFO   ]  [32m[1m✓[22m[39m Compiled /api/integrations in 1169ms (4038 modules)
[2025-10-23T12:42:29.499Z] [INFO   ] 2025-10-23T12:42:29.499Z [DEBUG] 📍 [API /api/integrations] GET request received {"timestamp":"2025-10-23T12:42:29.498Z","headers":{"referer":"check-console"}}
[2025-10-23T12:42:29.730Z] [INFO   ] 2025-10-23T12:42:29.729Z [DEBUG] ✅ [API /api/integrations] User authenticated {"userId":"a3e3a51a-175c-4b59-ad03-227ba12a18b0"}
[2025-10-23T12:42:29.837Z] [INFO   ] 2025-10-23T12:42:29.837Z [DEBUG] 📊 [API /api/integrations] Query result {"count":14,"error":null,"firstFew":[{"provider":"notion","status":"connected"},{"provider":"mailchimp","status":"connected"}]}
[2025-10-23T12:42:31.864Z] [INFO   ]  [37m[1m○[22m[39m Compiling /api/analytics/workflow-stats ...
[2025-10-23T12:42:31.984Z] [INFO   ]  [32m[1m✓[22m[39m Compiled /api/analytics/workflow-stats in 665ms (4046 modules)
[2025-10-23T12:44:04.695Z] [INFO   ]  [32m[1m✓[22m[39m Compiled in 1252ms (4029 modules)
[2025-10-23T12:44:04.951Z] [INFO   ] 2025-10-23T12:44:04.951Z [DEBUG] [Middleware] Username check: {"path":"/workflows","userId":"a3e3a51a-175c-4b59-ad03-227ba12a18b0","provider":"email","role":"admin","username":"nstoddard17","hasUsername":true,"isBetaTester":false,"isNewBetaUser":false,"accountAge":12656757552}
[2025-10-23T12:44:05.202Z] [INFO   ] 2025-10-23T12:44:05.202Z [DEBUG] [Username Check] {"userId":"a3e3a51a-175c-4b59-ad03-227ba12a18b0","hasEmail":true,"provider":"email","hasUsername":true,"isGoogleUser":false}
[2025-10-23T12:44:13.664Z] [INFO   ]  [32m[1m✓[22m[39m Compiled in 501ms (4029 modules)
[2025-10-23T12:44:13.911Z] [INFO   ] 2025-10-23T12:44:13.910Z [DEBUG] [Middleware] Username check: {"path":"/workflows","userId":"a3e3a51a-175c-4b59-ad03-227ba12a18b0","provider":"email","role":"admin","username":"nstoddard17","hasUsername":true,"isBetaTester":false,"isNewBetaUser":false,"accountAge":12656766511}
[2025-10-23T12:44:14.082Z] [INFO   ] 2025-10-23T12:44:14.082Z [DEBUG] [Username Check] {"userId":"a3e3a51a-175c-4b59-ad03-227ba12a18b0","hasEmail":true,"provider":"email","hasUsername":true,"isGoogleUser":false}
[2025-10-23T12:44:22.634Z] [INFO   ]  [32m[1m✓[22m[39m Compiled in 581ms (4029 modules)
[2025-10-23T12:44:22.866Z] [INFO   ] 2025-10-23T12:44:22.866Z [DEBUG] [Middleware] Username check: {"path":"/workflows","userId":"a3e3a51a-175c-4b59-ad03-227ba12a18b0","provider":"email","role":"admin","username":"nstoddard17","hasUsername":true,"isBetaTester":false,"isNewBetaUser":false,"accountAge":12656775467}
[2025-10-23T12:44:23.025Z] [INFO   ] 2025-10-23T12:44:23.025Z [DEBUG] [Username Check] {"userId":"a3e3a51a-175c-4b59-ad03-227ba12a18b0","hasEmail":true,"provider":"email","hasUsername":true,"isGoogleUser":false}
[2025-10-23T12:44:47.490Z] [INFO   ] 2025-10-23T12:44:47.489Z [DEBUG] [Middleware] Username check: {"path":"/workflows","userId":"a3e3a51a-175c-4b59-ad03-227ba12a18b0","provider":"email","role":"admin","username":"nstoddard17","hasUsername":true,"isBetaTester":false,"isNewBetaUser":false,"accountAge":12656800090}
[2025-10-23T12:44:47.677Z] [INFO   ] 2025-10-23T12:44:47.676Z [DEBUG] 💧 [AUTH] Rehydrating auth state from storage {"hasState":true,"hasUser":false,"initialized":false,"timestamp":"2025-10-23T12:44:47.676Z"}
[2025-10-23T12:44:47.681Z] [INFO   ] 2025-10-23T12:44:47.681Z [DEBUG] 💧 [AUTH] State hydrated and reset {"hasUser":false,"initialized":false,"timestamp":"2025-10-23T12:44:47.681Z"}
[2025-10-23T12:44:47.681Z] [INFO   ] 2025-10-23T12:44:47.681Z [DEBUG] ⏭️ [AUTH] Skipping initialization {"hasState":true,"alreadyInitialized":false,"isClient":false,"timestamp":"2025-10-23T12:44:47.681Z"}
[2025-10-23T12:44:47.896Z] [INFO   ] 2025-10-23T12:44:47.895Z [DEBUG] [Username Check] {"userId":"a3e3a51a-175c-4b59-ad03-227ba12a18b0","hasEmail":true,"provider":"email","hasUsername":true,"isGoogleUser":false}
[2025-10-23T12:44:48.555Z] [INFO   ]  [32m[1m✓[22m[39m Compiled /api/integrations in 459ms (3321 modules)
[2025-10-23T12:44:48.738Z] [INFO   ]  [32m[1m✓[22m[39m Compiled (3325 modules)
[2025-10-23T12:44:48.860Z] [INFO   ] 2025-10-23T12:44:48.860Z [DEBUG] 📍 [API /api/integrations] GET request received {"timestamp":"2025-10-23T12:44:48.860Z","headers":{"referer":"check-console"}}
[2025-10-23T12:44:48.996Z] [INFO   ] 2025-10-23T12:44:48.996Z [DEBUG] ✅ [API /api/integrations] User authenticated {"userId":"a3e3a51a-175c-4b59-ad03-227ba12a18b0"}
[2025-10-23T12:44:49.085Z] [INFO   ] 2025-10-23T12:44:49.085Z [DEBUG] 📊 [API /api/integrations] Query result {"count":14,"error":null,"firstFew":[{"provider":"notion","status":"connected"},{"provider":"mailchimp","status":"connected"}]}
[2025-10-23T12:44:49.777Z] [INFO   ]  [32m[1m✓[22m[39m Compiled /api/workflows/folders in 232ms (3327 modules)
[2025-10-23T12:44:50.023Z] [INFO   ]  [32m[1m✓[22m[39m Compiled (3333 modules)
[2025-10-23T12:45:54.285Z] [INFO   ]  [32m[1m✓[22m[39m Compiled in 1571ms (4060 modules)
[2025-10-23T12:45:54.551Z] [INFO   ] 2025-10-23T12:45:54.550Z [DEBUG] [Middleware] Username check: {"path":"/workflows","userId":"a3e3a51a-175c-4b59-ad03-227ba12a18b0","provider":"email","role":"admin","username":"nstoddard17","hasUsername":true,"isBetaTester":false,"isNewBetaUser":false,"accountAge":12656867151}
[2025-10-23T12:45:54.773Z] [INFO   ] 2025-10-23T12:45:54.773Z [DEBUG] [Username Check] {"userId":"a3e3a51a-175c-4b59-ad03-227ba12a18b0","hasEmail":true,"provider":"email","hasUsername":true,"isGoogleUser":false}
[2025-10-23T12:46:04.115Z] [INFO   ]  [32m[1m✓[22m[39m Compiled in 496ms (4029 modules)
[2025-10-23T12:46:04.354Z] [INFO   ] 2025-10-23T12:46:04.354Z [DEBUG] [Middleware] Username check: {"path":"/workflows","userId":"a3e3a51a-175c-4b59-ad03-227ba12a18b0","provider":"email","role":"admin","username":"nstoddard17","hasUsername":true,"isBetaTester":false,"isNewBetaUser":false,"accountAge":12656876955}
[2025-10-23T12:46:04.574Z] [INFO   ] 2025-10-23T12:46:04.574Z [DEBUG] [Username Check] {"userId":"a3e3a51a-175c-4b59-ad03-227ba12a18b0","hasEmail":true,"provider":"email","hasUsername":true,"isGoogleUser":false}
[2025-10-23T12:46:12.268Z] [INFO   ]  [32m[1m✓[22m[39m Compiled in 550ms (4029 modules)
[2025-10-23T12:46:12.487Z] [INFO   ] 2025-10-23T12:46:12.487Z [DEBUG] [Middleware] Username check: {"path":"/workflows","userId":"a3e3a51a-175c-4b59-ad03-227ba12a18b0","provider":"email","role":"admin","username":"nstoddard17","hasUsername":true,"isBetaTester":false,"isNewBetaUser":false,"accountAge":12656885088}
[2025-10-23T12:46:12.653Z] [INFO   ] 2025-10-23T12:46:12.653Z [DEBUG] [Username Check] {"userId":"a3e3a51a-175c-4b59-ad03-227ba12a18b0","hasEmail":true,"provider":"email","hasUsername":true,"isGoogleUser":false}
[2025-10-23T12:46:38.389Z] [INFO   ] 2025-10-23T12:46:38.388Z [DEBUG] [Middleware] Username check: {"path":"/workflows","userId":"a3e3a51a-175c-4b59-ad03-227ba12a18b0","provider":"email","role":"admin","username":"nstoddard17","hasUsername":true,"isBetaTester":false,"isNewBetaUser":false,"accountAge":12656910989}
[2025-10-23T12:46:38.630Z] [INFO   ] 2025-10-23T12:46:38.630Z [DEBUG] 💧 [AUTH] Rehydrating auth state from storage {"hasState":true,"hasUser":false,"initialized":false,"timestamp":"2025-10-23T12:46:38.630Z"}
[2025-10-23T12:46:38.634Z] [INFO   ] 2025-10-23T12:46:38.634Z [DEBUG] 💧 [AUTH] State hydrated and reset {"hasUser":false,"initialized":false,"timestamp":"2025-10-23T12:46:38.634Z"}
[2025-10-23T12:46:38.634Z] [INFO   ] 2025-10-23T12:46:38.634Z [DEBUG] ⏭️ [AUTH] Skipping initialization {"hasState":true,"alreadyInitialized":false,"isClient":false,"timestamp":"2025-10-23T12:46:38.634Z"}
[2025-10-23T12:46:38.828Z] [INFO   ] 2025-10-23T12:46:38.828Z [DEBUG] [Username Check] {"userId":"a3e3a51a-175c-4b59-ad03-227ba12a18b0","hasEmail":true,"provider":"email","hasUsername":true,"isGoogleUser":false}
[2025-10-23T12:46:39.366Z] [INFO   ]  [32m[1m✓[22m[39m Compiled /api/integrations in 339ms (3321 modules)
[2025-10-23T12:46:39.574Z] [INFO   ]  [32m[1m✓[22m[39m Compiled (3325 modules)
[2025-10-23T12:46:39.754Z] [INFO   ] 2025-10-23T12:46:39.754Z [DEBUG] 📍 [API /api/integrations] GET request received {"timestamp":"2025-10-23T12:46:39.754Z","headers":{"referer":"check-console"}}
[2025-10-23T12:46:39.886Z] [INFO   ] 2025-10-23T12:46:39.886Z [DEBUG] ✅ [API /api/integrations] User authenticated {"userId":"a3e3a51a-175c-4b59-ad03-227ba12a18b0"}
[2025-10-23T12:46:39.982Z] [INFO   ] 2025-10-23T12:46:39.982Z [DEBUG] 📊 [API /api/integrations] Query result {"count":14,"error":null,"firstFew":[{"provider":"notion","status":"connected"},{"provider":"mailchimp","status":"connected"}]}
[2025-10-23T12:46:40.784Z] [INFO   ]  [32m[1m✓[22m[39m Compiled /api/analytics/workflow-stats in 368ms (3327 modules)
[2025-10-23T12:46:40.992Z] [INFO   ]  [32m[1m✓[22m[39m Compiled (3333 modules)
[2025-10-23T12:50:45.563Z] [INFO   ]  [32m[1m✓[22m[39m Compiled in 951ms (4029 modules)
[2025-10-23T12:50:45.606Z] [WARN   ]  [33m[1m⚠[22m[39m Fast Refresh had to perform a full reload. Read more: https://nextjs.org/docs/messages/fast-refresh-reload
[2025-10-23T12:50:45.855Z] [INFO   ] 2025-10-23T12:50:45.854Z [DEBUG] [Middleware] Username check: {"path":"/workflows","userId":"a3e3a51a-175c-4b59-ad03-227ba12a18b0","provider":"email","role":"admin","username":"nstoddard17","hasUsername":true,"isBetaTester":false,"isNewBetaUser":false,"accountAge":12657158455}
[2025-10-23T12:50:45.881Z] [INFO   ] 2025-10-23T12:50:45.881Z [DEBUG] [Middleware] Username check: {"path":"/workflows","userId":"a3e3a51a-175c-4b59-ad03-227ba12a18b0","provider":"email","role":"admin","username":"nstoddard17","hasUsername":true,"isBetaTester":false,"isNewBetaUser":false,"accountAge":12657158482}
[2025-10-23T12:50:46.202Z] [INFO   ] 2025-10-23T12:50:46.202Z [DEBUG] 💧 [AUTH] Rehydrating auth state from storage {"hasState":true,"hasUser":false,"initialized":false,"timestamp":"2025-10-23T12:50:46.202Z"}
[2025-10-23T12:50:46.205Z] [INFO   ] 2025-10-23T12:50:46.205Z [DEBUG] 💧 [AUTH] State hydrated and reset {"hasUser":false,"initialized":false,"timestamp":"2025-10-23T12:50:46.205Z"}
[2025-10-23T12:50:46.205Z] [INFO   ] 2025-10-23T12:50:46.205Z [DEBUG] ⏭️ [AUTH] Skipping initialization {"hasState":true,"alreadyInitialized":false,"isClient":false,"timestamp":"2025-10-23T12:50:46.205Z"}
[2025-10-23T12:50:46.251Z] [INFO   ] 2025-10-23T12:50:46.251Z [DEBUG] [Username Check] {"userId":"a3e3a51a-175c-4b59-ad03-227ba12a18b0","hasEmail":true,"provider":"email","hasUsername":true,"isGoogleUser":false}
[2025-10-23T12:50:46.407Z] [INFO   ] 2025-10-23T12:50:46.406Z [DEBUG] [Username Check] {"userId":"a3e3a51a-175c-4b59-ad03-227ba12a18b0","hasEmail":true,"provider":"email","hasUsername":true,"isGoogleUser":false}
[2025-10-23T12:50:47.548Z] [INFO   ]  [32m[1m✓[22m[39m Compiled /api/presence/count in 250ms (3321 modules)
[2025-10-23T12:50:47.705Z] [INFO   ]  [32m[1m✓[22m[39m Compiled (3325 modules)
[2025-10-23T12:50:47.820Z] [INFO   ] 2025-10-23T12:50:47.820Z [DEBUG] 📍 [API /api/integrations] GET request received {"timestamp":"2025-10-23T12:50:47.820Z","headers":{"referer":"check-console"}}
[2025-10-23T12:50:47.894Z] [INFO   ] 2025-10-23T12:50:47.894Z [DEBUG] ✅ [API /api/integrations] User authenticated {"userId":"a3e3a51a-175c-4b59-ad03-227ba12a18b0"}
[2025-10-23T12:50:47.977Z] [INFO   ] 2025-10-23T12:50:47.977Z [DEBUG] 📊 [API /api/integrations] Query result {"count":14,"error":null,"firstFew":[{"provider":"notion","status":"connected"},{"provider":"mailchimp","status":"connected"}]}
[2025-10-23T12:50:49.512Z] [INFO   ]  [32m[1m✓[22m[39m Compiled /api/workflows/folders in 193ms (3327 modules)
[2025-10-23T12:50:49.814Z] [INFO   ]  [32m[1m✓[22m[39m Compiled (3333 modules)
[2025-10-23T12:51:17.733Z] [INFO   ]  [32m[1m✓[22m[39m Compiled in 603ms (4060 modules)
[2025-10-23T12:51:17.756Z] [WARN   ]  [33m[1m⚠[22m[39m Fast Refresh had to perform a full reload. Read more: https://nextjs.org/docs/messages/fast-refresh-reload
[2025-10-23T12:51:17.962Z] [INFO   ] 2025-10-23T12:51:17.962Z [DEBUG] [Middleware] Username check: {"path":"/workflows","userId":"a3e3a51a-175c-4b59-ad03-227ba12a18b0","provider":"email","role":"admin","username":"nstoddard17","hasUsername":true,"isBetaTester":false,"isNewBetaUser":false,"accountAge":12657190563}
[2025-10-23T12:51:17.984Z] [INFO   ] 2025-10-23T12:51:17.984Z [DEBUG] [Middleware] Username check: {"path":"/workflows","userId":"a3e3a51a-175c-4b59-ad03-227ba12a18b0","provider":"email","role":"admin","username":"nstoddard17","hasUsername":true,"isBetaTester":false,"isNewBetaUser":false,"accountAge":12657190585}
[2025-10-23T12:51:18.111Z] [INFO   ] 2025-10-23T12:51:18.111Z [DEBUG] [Username Check] {"userId":"a3e3a51a-175c-4b59-ad03-227ba12a18b0","hasEmail":true,"provider":"email","hasUsername":true,"isGoogleUser":false}
[2025-10-23T12:51:18.191Z] [INFO   ] 2025-10-23T12:51:18.191Z [DEBUG] 💧 [AUTH] Rehydrating auth state from storage {"hasState":true,"hasUser":false,"initialized":false,"timestamp":"2025-10-23T12:51:18.191Z"}
[2025-10-23T12:51:18.194Z] [INFO   ] 2025-10-23T12:51:18.194Z [DEBUG] 💧 [AUTH] State hydrated and reset {"hasUser":false,"initialized":false,"timestamp":"2025-10-23T12:51:18.194Z"}
[2025-10-23T12:51:18.194Z] [INFO   ] 2025-10-23T12:51:18.194Z [DEBUG] ⏭️ [AUTH] Skipping initialization {"hasState":true,"alreadyInitialized":false,"isClient":false,"timestamp":"2025-10-23T12:51:18.194Z"}
[2025-10-23T12:51:18.491Z] [INFO   ] 2025-10-23T12:51:18.491Z [DEBUG] [Username Check] {"userId":"a3e3a51a-175c-4b59-ad03-227ba12a18b0","hasEmail":true,"provider":"email","hasUsername":true,"isGoogleUser":false}
[2025-10-23T12:51:19.260Z] [INFO   ] 2025-10-23T12:51:19.259Z [DEBUG] 📍 [API /api/integrations] GET request received {"timestamp":"2025-10-23T12:51:19.259Z","headers":{"referer":"check-console"}}
[2025-10-23T12:51:19.372Z] [INFO   ] 2025-10-23T12:51:19.372Z [DEBUG] ✅ [API /api/integrations] User authenticated {"userId":"a3e3a51a-175c-4b59-ad03-227ba12a18b0"}
[2025-10-23T12:51:19.465Z] [INFO   ] 2025-10-23T12:51:19.464Z [DEBUG] 📊 [API /api/integrations] Query result {"count":14,"error":null,"firstFew":[{"provider":"notion","status":"connected"},{"provider":"mailchimp","status":"connected"}]}
[2025-10-23T12:51:35.204Z] [INFO   ]  [32m[1m✓[22m[39m Compiled in 533ms (4060 modules)
[2025-10-23T12:51:35.226Z] [WARN   ]  [33m[1m⚠[22m[39m Fast Refresh had to perform a full reload. Read more: https://nextjs.org/docs/messages/fast-refresh-reload
[2025-10-23T12:51:35.428Z] [INFO   ] 2025-10-23T12:51:35.428Z [DEBUG] [Middleware] Username check: {"path":"/workflows","userId":"a3e3a51a-175c-4b59-ad03-227ba12a18b0","provider":"email","role":"admin","username":"nstoddard17","hasUsername":true,"isBetaTester":false,"isNewBetaUser":false,"accountAge":12657208029}
[2025-10-23T12:51:35.449Z] [INFO   ] 2025-10-23T12:51:35.449Z [DEBUG] [Middleware] Username check: {"path":"/workflows","userId":"a3e3a51a-175c-4b59-ad03-227ba12a18b0","provider":"email","role":"admin","username":"nstoddard17","hasUsername":true,"isBetaTester":false,"isNewBetaUser":false,"accountAge":12657208050}
[2025-10-23T12:51:35.587Z] [INFO   ] 2025-10-23T12:51:35.587Z [DEBUG] [Username Check] {"userId":"a3e3a51a-175c-4b59-ad03-227ba12a18b0","hasEmail":true,"provider":"email","hasUsername":true,"isGoogleUser":false}
[2025-10-23T12:51:35.686Z] [INFO   ] 2025-10-23T12:51:35.686Z [DEBUG] 💧 [AUTH] Rehydrating auth state from storage {"hasState":true,"hasUser":false,"initialized":false,"timestamp":"2025-10-23T12:51:35.686Z"}
[2025-10-23T12:51:35.690Z] [INFO   ] 2025-10-23T12:51:35.690Z [DEBUG] 💧 [AUTH] State hydrated and reset {"hasUser":false,"initialized":false,"timestamp":"2025-10-23T12:51:35.690Z"}
[2025-10-23T12:51:35.690Z] [INFO   ] 2025-10-23T12:51:35.690Z [DEBUG] ⏭️ [AUTH] Skipping initialization {"hasState":true,"alreadyInitialized":false,"isClient":false,"timestamp":"2025-10-23T12:51:35.690Z"}
[2025-10-23T12:51:35.892Z] [INFO   ] 2025-10-23T12:51:35.892Z [DEBUG] [Username Check] {"userId":"a3e3a51a-175c-4b59-ad03-227ba12a18b0","hasEmail":true,"provider":"email","hasUsername":true,"isGoogleUser":false}
[2025-10-23T12:51:36.248Z] [INFO   ] 2025-10-23T12:51:36.248Z [DEBUG] 📍 [API /api/integrations] GET request received {"timestamp":"2025-10-23T12:51:36.248Z","headers":{"referer":"check-console"}}
[2025-10-23T12:51:36.372Z] [INFO   ] 2025-10-23T12:51:36.372Z [DEBUG] ✅ [API /api/integrations] User authenticated {"userId":"a3e3a51a-175c-4b59-ad03-227ba12a18b0"}
[2025-10-23T12:51:36.448Z] [INFO   ] 2025-10-23T12:51:36.448Z [DEBUG] 📊 [API /api/integrations] Query result {"count":14,"error":null,"firstFew":[{"provider":"notion","status":"connected"},{"provider":"mailchimp","status":"connected"}]}
[2025-10-23T12:54:59.384Z] [INFO   ]  [32m[1m✓[22m[39m Compiled in 1261ms (4029 modules)
[2025-10-23T12:54:59.863Z] [INFO   ] 2025-10-23T12:54:59.863Z [DEBUG] [Middleware] Username check: {"path":"/workflows","userId":"a3e3a51a-175c-4b59-ad03-227ba12a18b0","provider":"email","role":"admin","username":"nstoddard17","hasUsername":true,"isBetaTester":false,"isNewBetaUser":false,"accountAge":12657412464}
[2025-10-23T12:55:00.128Z] [INFO   ] 2025-10-23T12:55:00.128Z [DEBUG] [Username Check] {"userId":"a3e3a51a-175c-4b59-ad03-227ba12a18b0","hasEmail":true,"provider":"email","hasUsername":true,"isGoogleUser":false}
[2025-10-23T12:55:13.209Z] [WARN   ]  [33m[1m⚠[22m[39m Fast Refresh had to perform a full reload. Read more: https://nextjs.org/docs/messages/fast-refresh-reload
[2025-10-23T12:55:13.487Z] [INFO   ]  [32m[1m✓[22m[39m Compiled in 609ms (4029 modules)
[2025-10-23T12:55:13.615Z] [INFO   ] 2025-10-23T12:55:13.615Z [DEBUG] [Middleware] Username check: {"path":"/workflows","userId":"a3e3a51a-175c-4b59-ad03-227ba12a18b0","provider":"email","role":"admin","username":"nstoddard17","hasUsername":true,"isBetaTester":false,"isNewBetaUser":false,"accountAge":12657426216}
[2025-10-23T12:55:13.841Z] [INFO   ] 2025-10-23T12:55:13.841Z [DEBUG] 💧 [AUTH] Rehydrating auth state from storage {"hasState":true,"hasUser":false,"initialized":false,"timestamp":"2025-10-23T12:55:13.841Z"}
[2025-10-23T12:55:13.844Z] [INFO   ] 2025-10-23T12:55:13.844Z [DEBUG] 💧 [AUTH] State hydrated and reset {"hasUser":false,"initialized":false,"timestamp":"2025-10-23T12:55:13.844Z"}
[2025-10-23T12:55:13.844Z] [INFO   ] 2025-10-23T12:55:13.844Z [DEBUG] ⏭️ [AUTH] Skipping initialization {"hasState":true,"alreadyInitialized":false,"isClient":false,"timestamp":"2025-10-23T12:55:13.844Z"}
[2025-10-23T12:55:13.894Z] [INFO   ] 2025-10-23T12:55:13.894Z [DEBUG] [Middleware] Username check: {"path":"/workflows","userId":"a3e3a51a-175c-4b59-ad03-227ba12a18b0","provider":"email","role":"admin","username":"nstoddard17","hasUsername":true,"isBetaTester":false,"isNewBetaUser":false,"accountAge":12657426495}
[2025-10-23T12:55:13.987Z] [INFO   ] 2025-10-23T12:55:13.987Z [DEBUG] [Username Check] {"userId":"a3e3a51a-175c-4b59-ad03-227ba12a18b0","hasEmail":true,"provider":"email","hasUsername":true,"isGoogleUser":false}
[2025-10-23T12:55:14.076Z] [INFO   ] 2025-10-23T12:55:14.076Z [DEBUG] [Username Check] {"userId":"a3e3a51a-175c-4b59-ad03-227ba12a18b0","hasEmail":true,"provider":"email","hasUsername":true,"isGoogleUser":false}
[2025-10-23T12:55:20.086Z] [INFO   ]  [32m[1m✓[22m[39m Compiled in 534ms (4029 modules)
[2025-10-23T12:55:50.674Z] [INFO   ]  [32m[1m✓[22m[39m Compiled in 523ms (4029 modules)
[2025-10-23T12:55:59.551Z] [INFO   ]  [32m[1m✓[22m[39m Compiled in 508ms (4029 modules)
[2025-10-23T12:56:19.345Z] [INFO   ]  [32m[1m✓[22m[39m Compiled in 452ms (4029 modules)
[2025-10-23T13:04:56.188Z] [INFO   ] 2025-10-23T13:04:56.187Z [DEBUG] [Middleware] Username check: {"path":"/workflows","userId":"a3e3a51a-175c-4b59-ad03-227ba12a18b0","provider":"email","role":"admin","username":"nstoddard17","hasUsername":true,"isBetaTester":false,"isNewBetaUser":false,"accountAge":12658008788}
[2025-10-23T13:04:56.436Z] [INFO   ] 2025-10-23T13:04:56.435Z [DEBUG] 💧 [AUTH] Rehydrating auth state from storage {"hasState":true,"hasUser":false,"initialized":false,"timestamp":"2025-10-23T13:04:56.435Z"}
[2025-10-23T13:04:56.439Z] [INFO   ] 2025-10-23T13:04:56.439Z [DEBUG] 💧 [AUTH] State hydrated and reset {"hasUser":false,"initialized":false,"timestamp":"2025-10-23T13:04:56.439Z"}
[2025-10-23T13:04:56.439Z] [INFO   ] 2025-10-23T13:04:56.439Z [DEBUG] ⏭️ [AUTH] Skipping initialization {"hasState":true,"alreadyInitialized":false,"isClient":false,"timestamp":"2025-10-23T13:04:56.439Z"}
[2025-10-23T13:04:56.644Z] [INFO   ] 2025-10-23T13:04:56.643Z [DEBUG] [Username Check] {"userId":"a3e3a51a-175c-4b59-ad03-227ba12a18b0","hasEmail":true,"provider":"email","hasUsername":true,"isGoogleUser":false}

=== Log Session Ended: 2025-10-23T13:04:59.158Z ===
