=== Log Session Started: 2025-10-23T13:54:31.880Z ===
Node Version: v23.7.0
Platform: darwin
Working Directory: /Users/nathanielstoddard/chainreact-app/chainreact-app-9e
================================================================================

[2025-10-23T13:54:31.880Z] [INFO   ] File logging initialized
[2025-10-23T13:54:31.880Z] [INFO   ] Log file: /Users/nathanielstoddard/chainreact-app/chainreact-app-9e/logs/workflow_2025-10-23_08-54-31.log
[2025-10-23T13:54:31.884Z] [INFO   ] Deleted old log file: workflow_2025-10-15_20-16-29.log
[2025-10-23T13:54:31.884Z] [INFO   ] Deleted old log file: workflow_2025-10-16_08-51-08.log
[2025-10-23T13:54:31.885Z] [INFO   ] Deleted old log file: workflow_2025-10-16_08-08-53.log
[2025-10-23T13:54:31.885Z] [INFO   ] 📁 File logging enabled
[2025-10-23T13:54:31.885Z] [INFO   ] 📝 Logs will be written to: /Users/nathanielstoddard/chainreact-app/chainreact-app-9e/logs/workflow_2025-10-23_08-54-31.log
[2025-10-23T13:54:31.885Z] [INFO   ] 💡 To view logs in real-time: tail -f /Users/nathanielstoddard/chainreact-app/chainreact-app-9e/logs/workflow_2025-10-23_08-54-31.log
[2025-10-23T13:54:31.885Z] [INFO   ] 💡 To view all logs: cat /Users/nathanielstoddard/chainreact-app/chainreact-app-9e/logs/workflow_2025-10-23_08-54-31.log
[2025-10-23T13:54:31.885Z] [INFO   ] 💡 To share logs: Copy the file at /Users/nathanielstoddard/chainreact-app/chainreact-app-9e/logs/workflow_2025-10-23_08-54-31.log
[2025-10-23T13:54:31.885Z] [INFO   ] --------------------------------------------------------------------------------
[2025-10-23T13:54:31.885Z] [DEBUG  ] 📁 File logging system initialized
[2025-10-23T13:54:31.898Z] [INFO   ]  ✓ Ready in 2.9s
[2025-10-23T13:54:32.917Z] [INFO   ] 2025-10-23T13:54:32.917Z [DEBUG] 🤖 Discord bot configured, initializing gateway connection in background...
[2025-10-23T13:54:34.577Z] [INFO   ] 2025-10-23T13:54:34.577Z [DEBUG] Initializing Discord Gateway connection (singleton)...
[2025-10-23T13:54:34.577Z] [INFO   ] 2025-10-23T13:54:34.577Z [DEBUG] 🔑 Discord bot token loaded
[2025-10-23T13:54:34.821Z] [INFO   ] 2025-10-23T13:54:34.821Z [DEBUG] Discord Gateway initialization complete
[2025-10-23T13:54:34.823Z] [INFO   ] 2025-10-23T13:54:34.822Z [DEBUG] ✅ Discord bot gateway connection initialized
[2025-10-23T13:54:35.052Z] [INFO   ] 2025-10-23T13:54:35.052Z [DEBUG] Discord Gateway WebSocket connection established
[2025-10-23T13:54:35.053Z] [INFO   ] 2025-10-23T13:54:35.053Z [DEBUG] 🔑 Sending identify with intents: {"GUILDS":true,"GUILD_MEMBERS":true,"GUILD_INVITES":true,"GUILD_MESSAGES":true,"MESSAGE_CONTENT":true,"intentsValue":33347}
[2025-10-23T13:54:35.420Z] [INFO   ] 2025-10-23T13:54:35.420Z [DEBUG] 🎉 Discord bot ready! {"sessionId":"87b5cb2e584042bc5c326001c4c9f0fe","username":"ChainReact-Bot","userId":"1378595955212812308","guildCount":2}
[2025-10-23T13:54:35.421Z] [INFO   ] 2025-10-23T13:54:35.421Z [DEBUG] 📋 Initializing invite cache...
[2025-10-23T13:54:35.423Z] [INFO   ] 2025-10-23T13:54:35.423Z [DEBUG] 📡 Discord event received: GUILD_CREATE
[2025-10-23T13:54:35.428Z] [INFO   ] 2025-10-23T13:54:35.428Z [DEBUG] 📡 Discord event received: GUILD_CREATE
[2025-10-23T13:54:35.789Z] [INFO   ] 2025-10-23T13:54:35.789Z [DEBUG] ✅ Cached 3 invites for guild 1378950884045623406
[2025-10-23T15:06:46.907Z] [INFO   ] 2025-10-23T15:06:46.905Z [DEBUG] Discord Gateway closed, persistent reconnect disabled
[2025-10-23T15:14:16.592Z] [INFO   ]  ✓ Compiled in 584ms (2287 modules)
[2025-10-23T15:55:47.008Z] [INFO   ]  ✓ Compiled in 899ms (2274 modules)
[2025-10-23T15:55:47.349Z] [INFO   ]  ✓ Compiled in 326ms (2274 modules)
[2025-10-23T16:08:04.865Z] [INFO   ]  ✓ Compiled in 457ms (2274 modules)
[2025-10-23T16:08:12.903Z] [INFO   ]  ✓ Compiled in 174ms (2274 modules)
[2025-10-23T16:08:20.860Z] [INFO   ]  ✓ Compiled in 157ms (2274 modules)
[2025-10-23T16:08:29.454Z] [INFO   ]  ✓ Compiled in 157ms (2274 modules)
[2025-10-23T16:08:37.216Z] [INFO   ]  ✓ Compiled in 168ms (2274 modules)
[2025-10-23T16:08:51.796Z] [INFO   ]  ✓ Compiled in 656ms (2274 modules)
[2025-10-23T16:21:28.578Z] [INFO   ]  ✓ Compiled in 181ms (2274 modules)
[2025-10-23T16:21:49.873Z] [INFO   ]  ✓ Compiled in 153ms (2274 modules)
[2025-10-23T16:22:12.592Z] [INFO   ]  ✓ Compiled in 139ms (2274 modules)
[2025-10-23T16:22:32.028Z] [INFO   ]  ✓ Compiled in 162ms (2274 modules)
[2025-10-23T16:23:00.062Z] [INFO   ]  ✓ Compiled in 117ms (2274 modules)
[2025-10-23T16:23:14.087Z] [INFO   ]  ✓ Compiled in 108ms (2274 modules)
[2025-10-23T16:23:26.939Z] [INFO   ]  ✓ Compiled in 113ms (2274 modules)
[2025-10-23T16:25:21.413Z] [INFO   ]  ✓ Compiled in 217ms (2274 modules)
[2025-10-23T16:25:29.900Z] [INFO   ]  ✓ Compiled in 117ms (2274 modules)
[2025-10-23T16:40:09.319Z] [INFO   ]  ✓ Compiled in 227ms (2274 modules)
[2025-10-23T16:40:18.223Z] [INFO   ]  ✓ Compiled in 143ms (2274 modules)
[2025-10-23T16:40:28.872Z] [INFO   ]  ✓ Compiled in 165ms (2274 modules)
[2025-10-23T16:40:41.630Z] [INFO   ]  ✓ Compiled in 119ms (2274 modules)
[2025-10-23T16:50:03.812Z] [INFO   ]  ✓ Compiled in 180ms (2274 modules)
[2025-10-23T16:50:10.723Z] [INFO   ]  ✓ Compiled in 101ms (2274 modules)
[2025-10-23T16:50:21.992Z] [INFO   ]  ✓ Compiled in 183ms (2274 modules)
[2025-10-23T16:50:32.957Z] [INFO   ]  ✓ Compiled in 110ms (2274 modules)
[2025-10-23T16:51:52.119Z] [INFO   ]  ✓ Compiled in 145ms (2274 modules)
[2025-10-23T16:52:05.479Z] [INFO   ]  ✓ Compiled in 108ms (2274 modules)
[2025-10-23T16:52:15.273Z] [INFO   ]  ✓ Compiled in 123ms (2274 modules)
[2025-10-23T16:52:21.629Z] [INFO   ]  ✓ Compiled in 107ms (2274 modules)
[2025-10-23T16:52:27.601Z] [INFO   ]  ✓ Compiled in 103ms (2274 modules)
[2025-10-23T16:53:01.712Z] [INFO   ]  ✓ Compiled in 119ms (2274 modules)
[2025-10-23T16:53:14.169Z] [INFO   ]  ✓ Compiled in 102ms (2274 modules)
[2025-10-23T16:53:23.525Z] [INFO   ]  ✓ Compiled in 105ms (2274 modules)
[2025-10-23T16:53:30.567Z] [INFO   ]  ✓ Compiled in 116ms (2274 modules)
[2025-10-23T17:24:32.830Z] [INFO   ]  ✓ Compiled in 213ms (2287 modules)
[2025-10-24T21:49:35.739Z] [WARN   ]  ⚠ Found a change in next.config.mjs. Restarting the server to apply the changes...
