=== Log Session Started: 2025-10-23T21:44:25.219Z ===
Node Version: v23.7.0
Platform: darwin
Working Directory: /Users/nathanielstoddard/chainreact-app/chainreact-app-9e
================================================================================

[2025-10-23T21:44:25.219Z] [INFO   ] File logging initialized
[2025-10-23T21:44:25.219Z] [INFO   ] Log file: /Users/nathanielstoddard/chainreact-app/chainreact-app-9e/logs/workflow_2025-10-23_16-44-25.log
[2025-10-23T21:44:25.222Z] [INFO   ] 📁 File logging enabled
[2025-10-23T21:44:25.222Z] [INFO   ] 📝 Logs will be written to: /Users/nathanielstoddard/chainreact-app/chainreact-app-9e/logs/workflow_2025-10-23_16-44-25.log
[2025-10-23T21:44:25.223Z] [INFO   ] 💡 To view logs in real-time: tail -f /Users/nathanielstoddard/chainreact-app/chainreact-app-9e/logs/workflow_2025-10-23_16-44-25.log
[2025-10-23T21:44:25.223Z] [INFO   ] 💡 To view all logs: cat /Users/nathanielstoddard/chainreact-app/chainreact-app-9e/logs/workflow_2025-10-23_16-44-25.log
[2025-10-23T21:44:25.223Z] [INFO   ] 💡 To share logs: Copy the file at /Users/nathanielstoddard/chainreact-app/chainreact-app-9e/logs/workflow_2025-10-23_16-44-25.log
[2025-10-23T21:44:25.223Z] [INFO   ] --------------------------------------------------------------------------------
[2025-10-23T21:44:25.223Z] [DEBUG  ] 📁 File logging system initialized
[2025-10-23T21:44:25.240Z] [INFO   ]  [32m[1m✓[22m[39m Ready in 3.2s
[2025-10-23T21:44:25.346Z] [INFO   ]  [32m[1m✓[22m[39m Compiled /middleware in 101ms (233 modules)
[2025-10-23T21:44:25.638Z] [INFO   ] 2025-10-23T21:44:25.637Z [DEBUG] [Middleware] Username check: {"path":"/workflows","userId":"a3e3a51a-175c-4b59-ad03-227ba12a18b0","provider":"email","role":"admin","username":"nstoddard17","hasUsername":true,"isBetaTester":false,"isNewBetaUser":false,"accountAge":12689178238}
[2025-10-23T21:44:26.152Z] [INFO   ]  [37m[1m○[22m[39m Compiling /workflows ...
[2025-10-23T21:44:26.223Z] [INFO   ] 2025-10-23T21:44:26.223Z [DEBUG] 🤖 Discord bot configured, initializing gateway connection in background...
[2025-10-23T21:44:28.110Z] [INFO   ] 2025-10-23T21:44:28.110Z [DEBUG] Initializing Discord Gateway connection (singleton)...
[2025-10-23T21:44:28.110Z] [INFO   ] 2025-10-23T21:44:28.110Z [DEBUG] 🔑 Discord bot token loaded
[2025-10-23T21:44:28.545Z] [INFO   ] 2025-10-23T21:44:28.545Z [DEBUG] Discord Gateway initialization complete
[2025-10-23T21:44:28.546Z] [INFO   ] 2025-10-23T21:44:28.546Z [DEBUG] ✅ Discord bot gateway connection initialized
[2025-10-23T21:44:28.774Z] [INFO   ] 2025-10-23T21:44:28.774Z [DEBUG] Discord Gateway WebSocket connection established
[2025-10-23T21:44:28.775Z] [INFO   ] 2025-10-23T21:44:28.775Z [DEBUG] 🔑 Sending identify with intents: {"GUILDS":true,"GUILD_MEMBERS":true,"GUILD_INVITES":true,"GUILD_MESSAGES":true,"MESSAGE_CONTENT":true,"intentsValue":33347}
[2025-10-23T21:44:29.141Z] [INFO   ] 2025-10-23T21:44:29.141Z [DEBUG] 🎉 Discord bot ready! {"sessionId":"7f928a81c3d282642b9ef864679969d6","username":"ChainReact-Bot","userId":"1378595955212812308","guildCount":2}
[2025-10-23T21:44:29.142Z] [INFO   ] 2025-10-23T21:44:29.142Z [DEBUG] 📋 Initializing invite cache...
[2025-10-23T21:44:29.142Z] [INFO   ] 2025-10-23T21:44:29.142Z [DEBUG] 📡 Discord event received: GUILD_CREATE
[2025-10-23T21:44:29.143Z] [INFO   ] 2025-10-23T21:44:29.143Z [DEBUG] 📡 Discord event received: GUILD_CREATE
[2025-10-23T21:44:29.845Z] [INFO   ] 2025-10-23T21:44:29.845Z [DEBUG] ✅ Cached 3 invites for guild 1378950884045623406
[2025-10-23T21:44:31.163Z] [INFO   ]  [32m[1m✓[22m[39m Compiled /workflows in 5.5s (4041 modules)
[2025-10-23T21:44:31.553Z] [INFO   ] 2025-10-23T21:44:31.553Z [DEBUG] 💧 [AUTH] Rehydrating auth state from storage {"hasState":true,"hasUser":false,"initialized":false,"timestamp":"2025-10-23T21:44:31.553Z"}
[2025-10-23T21:44:31.556Z] [INFO   ] 2025-10-23T21:44:31.556Z [DEBUG] 💧 [AUTH] State hydrated and reset {"hasUser":false,"initialized":false,"timestamp":"2025-10-23T21:44:31.556Z"}
[2025-10-23T21:44:31.556Z] [INFO   ] 2025-10-23T21:44:31.556Z [DEBUG] ⏭️ [AUTH] Skipping initialization {"hasState":true,"alreadyInitialized":false,"isClient":false,"timestamp":"2025-10-23T21:44:31.556Z"}
[2025-10-23T21:44:31.920Z] [INFO   ]  [32m[1m✓[22m[39m Compiled in 737ms (733 modules)
[2025-10-23T21:44:32.042Z] [INFO   ] 2025-10-23T21:44:32.042Z [DEBUG] [Username Check] {"userId":"a3e3a51a-175c-4b59-ad03-227ba12a18b0","hasEmail":true,"provider":"email","hasUsername":true,"isGoogleUser":false}
[2025-10-23T21:44:33.336Z] [INFO   ]  [37m[1m○[22m[39m Compiling /api/integrations ...
[2025-10-23T21:44:34.337Z] [INFO   ]  [32m[1m✓[22m[39m Compiled /api/integrations in 1696ms (4050 modules)
[2025-10-23T21:44:34.497Z] [INFO   ] 2025-10-23T21:44:34.497Z [DEBUG] 📍 [API /api/integrations] GET request received {"timestamp":"2025-10-23T21:44:34.497Z","headers":{"referer":"check-console"}}
[2025-10-23T21:44:34.641Z] [INFO   ] 2025-10-23T21:44:34.641Z [DEBUG] ✅ [API /api/integrations] User authenticated {"userId":"a3e3a51a-175c-4b59-ad03-227ba12a18b0"}
[2025-10-23T21:44:34.738Z] [INFO   ] 2025-10-23T21:44:34.738Z [DEBUG] 📊 [API /api/integrations] Query result {"count":14,"error":null,"firstFew":[{"provider":"notion","status":"connected"},{"provider":"mailchimp","status":"connected"}]}
[2025-10-23T21:44:35.982Z] [INFO   ]  [37m[1m○[22m[39m Compiling /api/analytics/workflow-stats ...
[2025-10-23T21:44:36.424Z] [INFO   ]  [32m[1m✓[22m[39m Compiled /api/analytics/workflow-stats in 956ms (4058 modules)
[2025-10-23T21:44:36.619Z] [INFO   ] 2025-10-23T21:44:36.619Z [DEBUG] [Middleware] Username check: {"path":"/workflows/ai-agent","userId":"a3e3a51a-175c-4b59-ad03-227ba12a18b0","provider":"email","role":"admin","username":"nstoddard17","hasUsername":true,"isBetaTester":false,"isNewBetaUser":false,"accountAge":12689189220}
[2025-10-23T21:44:37.153Z] [INFO   ]  [37m[1m○[22m[39m Compiling /workflows/ai-agent ...
[2025-10-23T21:44:37.942Z] [INFO   ]  [32m[1m✓[22m[39m Compiled /workflows/ai-agent in 1296ms (4084 modules)
[2025-10-23T21:44:38.359Z] [INFO   ] 2025-10-23T21:44:38.358Z [DEBUG] [Username Check] {"userId":"a3e3a51a-175c-4b59-ad03-227ba12a18b0","hasEmail":true,"provider":"email","hasUsername":true,"isGoogleUser":false}
[2025-10-23T21:44:53.839Z] [INFO   ] 2025-10-23T21:44:53.839Z [DEBUG] [Middleware] Username check: {"path":"/workflows/builder/9c3ee14d-a012-43fd-a1fd-56fa6feb08ac","userId":"a3e3a51a-175c-4b59-ad03-227ba12a18b0","provider":"email","role":"admin","username":"nstoddard17","hasUsername":true,"isBetaTester":false,"isNewBetaUser":false,"accountAge":12689206440}
[2025-10-23T21:44:54.450Z] [INFO   ]  [37m[1m○[22m[39m Compiling /workflows/builder/[id] ...
[2025-10-23T21:44:56.368Z] [INFO   ]  [32m[1m✓[22m[39m Compiled /workflows/builder/[id] in 2.4s (6007 modules)
[2025-10-23T21:44:57.254Z] [INFO   ] 2025-10-23T21:44:57.253Z [DEBUG] [Username Check] {"userId":"a3e3a51a-175c-4b59-ad03-227ba12a18b0","hasEmail":true,"provider":"email","hasUsername":true,"isGoogleUser":false}
[2025-10-23T21:44:58.613Z] [INFO   ] 2025-10-23T21:44:58.613Z [DEBUG] [Middleware] Username check: {"path":"/workflows/builder/9c3ee14d-a012-43fd-a1fd-56fa6feb08ac","userId":"a3e3a51a-175c-4b59-ad03-227ba12a18b0","provider":"email","role":"admin","username":"nstoddard17","hasUsername":true,"isBetaTester":false,"isNewBetaUser":false,"accountAge":12689211214}
[2025-10-23T21:44:58.802Z] [INFO   ] 2025-10-23T21:44:58.802Z [DEBUG] 💧 [AUTH] Rehydrating auth state from storage {"hasState":true,"hasUser":false,"initialized":false,"timestamp":"2025-10-23T21:44:58.802Z"}
[2025-10-23T21:44:58.815Z] [INFO   ] 2025-10-23T21:44:58.815Z [DEBUG] 💧 [AUTH] State hydrated and reset {"hasUser":false,"initialized":false,"timestamp":"2025-10-23T21:44:58.815Z"}
[2025-10-23T21:44:58.815Z] [INFO   ] 2025-10-23T21:44:58.815Z [DEBUG] ⏭️ [AUTH] Skipping initialization {"hasState":true,"alreadyInitialized":false,"isClient":false,"timestamp":"2025-10-23T21:44:58.815Z"}
[2025-10-23T21:44:59.102Z] [INFO   ] 2025-10-23T21:44:59.102Z [DEBUG] [Username Check] {"userId":"a3e3a51a-175c-4b59-ad03-227ba12a18b0","hasEmail":true,"provider":"email","hasUsername":true,"isGoogleUser":false}
[2025-10-23T21:44:59.564Z] [INFO   ] 2025-10-23T21:44:59.564Z [INFO] [NewWorkflowBuilderContent] URL params: {"aiChat":"true","hasInitialPrompt":true,"initialPrompt":"When I get an email send it to slack"}
[2025-10-23T21:44:59.570Z] [INFO   ] 2025-10-23T21:44:59.570Z [INFO] [NewWorkflowBuilderContent] Opening React Agent from URL param
[2025-10-23T21:45:00.692Z] [INFO   ] 2025-10-23T21:45:00.692Z [DEBUG] 📍 [API /api/integrations] GET request received {"timestamp":"2025-10-23T21:45:00.692Z","headers":{"referer":"check-console"}}
[2025-10-23T21:45:00.849Z] [INFO   ] 2025-10-23T21:45:00.849Z [DEBUG] ✅ [API /api/integrations] User authenticated {"userId":"a3e3a51a-175c-4b59-ad03-227ba12a18b0"}
[2025-10-23T21:45:01.016Z] [INFO   ] 2025-10-23T21:45:01.016Z [DEBUG] 📊 [API /api/integrations] Query result {"count":14,"error":null,"firstFew":[{"provider":"notion","status":"connected"},{"provider":"mailchimp","status":"connected"}]}
[2025-10-23T21:45:01.236Z] [INFO   ]  [37m[1m○[22m[39m Compiling /api/collaboration/join ...
[2025-10-23T21:45:01.384Z] [INFO   ]  [32m[1m✓[22m[39m Compiled /api/collaboration/join in 648ms (6010 modules)
[2025-10-23T21:45:32.347Z] [INFO   ]  [32m[1m✓[22m[39m Compiled /api/collaboration/collaborators in 443ms (6012 modules)
[2025-10-23T21:46:05.353Z] [INFO   ]  [32m[1m✓[22m[39m Compiled in 1228ms (6018 modules)
[2025-10-23T21:46:05.680Z] [INFO   ] 2025-10-23T21:46:05.680Z [DEBUG] [Middleware] Username check: {"path":"/workflows/builder/9c3ee14d-a012-43fd-a1fd-56fa6feb08ac","userId":"a3e3a51a-175c-4b59-ad03-227ba12a18b0","provider":"email","role":"admin","username":"nstoddard17","hasUsername":true,"isBetaTester":false,"isNewBetaUser":false,"accountAge":12689278281}
[2025-10-23T21:46:05.913Z] [INFO   ] 2025-10-23T21:46:05.913Z [DEBUG] [Username Check] {"userId":"a3e3a51a-175c-4b59-ad03-227ba12a18b0","hasEmail":true,"provider":"email","hasUsername":true,"isGoogleUser":false}
[2025-10-23T21:46:06.665Z] [INFO   ]  [37m[1m○[22m[39m Compiling /api/collaboration/leave ...
[2025-10-23T21:46:07.467Z] [INFO   ]  [32m[1m✓[22m[39m Compiled /api/collaboration/leave in 1303ms (5997 modules)
[2025-10-23T21:46:07.815Z] [WARN   ]  [33m[1m⚠[22m[39m Fast Refresh had to perform a full reload due to a runtime error.
[2025-10-23T21:46:08.325Z] [INFO   ]  [37m[1m○[22m[39m Compiling /api/ai/stream-workflow ...
[2025-10-23T21:46:09.024Z] [WARN   ]  [33m[1m⚠[22m[39m Fast Refresh had to perform a full reload due to a runtime error.
[2025-10-23T21:46:09.075Z] [INFO   ]  [32m[1m✓[22m[39m Compiled /api/ai/stream-workflow in 1251ms (2401 modules)
[2025-10-23T21:46:09.570Z] [INFO   ] 2025-10-23T21:46:09.570Z [DEBUG] [Middleware] Username check: {"path":"/workflows/builder/9c3ee14d-a012-43fd-a1fd-56fa6feb08ac","userId":"a3e3a51a-175c-4b59-ad03-227ba12a18b0","provider":"email","role":"admin","username":"nstoddard17","hasUsername":true,"isBetaTester":false,"isNewBetaUser":false,"accountAge":12689282171}
[2025-10-23T21:46:09.867Z] [INFO   ] 2025-10-23T21:46:09.866Z [DEBUG] 💧 [AUTH] Rehydrating auth state from storage {"hasState":true,"hasUser":false,"initialized":false,"timestamp":"2025-10-23T21:46:09.866Z"}
[2025-10-23T21:46:09.878Z] [INFO   ] 2025-10-23T21:46:09.878Z [DEBUG] 💧 [AUTH] State hydrated and reset {"hasUser":false,"initialized":false,"timestamp":"2025-10-23T21:46:09.878Z"}
[2025-10-23T21:46:09.878Z] [INFO   ] 2025-10-23T21:46:09.878Z [DEBUG] ⏭️ [AUTH] Skipping initialization {"hasState":true,"alreadyInitialized":false,"isClient":false,"timestamp":"2025-10-23T21:46:09.878Z"}
[2025-10-23T21:46:09.951Z] [ERROR  ] aborted
Error: aborted
    at abortIncoming (node:_http_server:809:17)
    at socketOnClose (node:_http_server:803:3)
    at Socket.emit (node:events:519:35)
    at TCP.<anonymous> (node:net:351:12)
    at TCP.callbackTrampoline (node:internal/async_hooks:130:17)
[2025-10-23T21:46:09.952Z] [ERROR  ]  [31m[1m⨯[22m[39m uncaughtException: aborted
Error: aborted
    at abortIncoming (node:_http_server:809:17)
    at socketOnClose (node:_http_server:803:3)
    at Socket.emit (node:events:519:35)
    at TCP.<anonymous> (node:net:351:12)
    at TCP.callbackTrampoline (node:internal/async_hooks:130:17)
[2025-10-23T21:46:09.952Z] [ERROR  ]  [31m[1m⨯[22m[39m uncaughtException:  aborted
Error: aborted
    at abortIncoming (node:_http_server:809:17)
    at socketOnClose (node:_http_server:803:3)
    at Socket.emit (node:events:519:35)
    at TCP.<anonymous> (node:net:351:12)
    at TCP.callbackTrampoline (node:internal/async_hooks:130:17)
[2025-10-23T21:46:09.953Z] [ERROR  ] aborted
Error: aborted
    at abortIncoming (node:_http_server:809:17)
    at socketOnClose (node:_http_server:803:3)
    at Socket.emit (node:events:519:35)
    at TCP.<anonymous> (node:net:351:12)
    at TCP.callbackTrampoline (node:internal/async_hooks:130:17)
[2025-10-23T21:46:09.954Z] [ERROR  ]  [31m[1m⨯[22m[39m uncaughtException: aborted
Error: aborted
    at abortIncoming (node:_http_server:809:17)
    at socketOnClose (node:_http_server:803:3)
    at Socket.emit (node:events:519:35)
    at TCP.<anonymous> (node:net:351:12)
    at TCP.callbackTrampoline (node:internal/async_hooks:130:17)
[2025-10-23T21:46:09.954Z] [ERROR  ]  [31m[1m⨯[22m[39m uncaughtException:  aborted
Error: aborted
    at abortIncoming (node:_http_server:809:17)
    at socketOnClose (node:_http_server:803:3)
    at Socket.emit (node:events:519:35)
    at TCP.<anonymous> (node:net:351:12)
    at TCP.callbackTrampoline (node:internal/async_hooks:130:17)
[2025-10-23T21:46:10.316Z] [INFO   ] 2025-10-23T21:46:10.315Z [DEBUG] [Username Check] {"userId":"a3e3a51a-175c-4b59-ad03-227ba12a18b0","hasEmail":true,"provider":"email","hasUsername":true,"isGoogleUser":false}
[2025-10-23T21:46:10.756Z] [INFO   ] 2025-10-23T21:46:10.756Z [INFO] [NewWorkflowBuilderContent] URL params: {"aiChat":"true","hasInitialPrompt":true,"initialPrompt":"When I get an email send it to slack"}
[2025-10-23T21:46:10.761Z] [INFO   ] 2025-10-23T21:46:10.761Z [INFO] [NewWorkflowBuilderContent] Opening React Agent from URL param
[2025-10-23T21:46:12.568Z] [INFO   ]  [37m[1m○[22m[39m Compiling /api/collaboration/join ...
[2025-10-23T21:46:13.546Z] [INFO   ]  [32m[1m✓[22m[39m Compiled /api/collaboration/join in 2s (6020 modules)
[2025-10-23T21:46:13.614Z] [INFO   ] 2025-10-23T21:46:13.614Z [DEBUG] 📍 [API /api/integrations] GET request received {"timestamp":"2025-10-23T21:46:13.614Z","headers":{"referer":"check-console"}}
[2025-10-23T21:46:13.719Z] [INFO   ] 2025-10-23T21:46:13.719Z [DEBUG] ✅ [API /api/integrations] User authenticated {"userId":"a3e3a51a-175c-4b59-ad03-227ba12a18b0"}
[2025-10-23T21:46:13.893Z] [INFO   ] 2025-10-23T21:46:13.893Z [DEBUG] 📊 [API /api/integrations] Query result {"count":14,"error":null,"firstFew":[{"provider":"notion","status":"connected"},{"provider":"mailchimp","status":"connected"}]}
[2025-10-23T21:46:13.982Z] [INFO   ] 2025-10-23T21:46:13.982Z [DEBUG] [Middleware] Username check: {"path":"/workflows/builder/9c3ee14d-a012-43fd-a1fd-56fa6feb08ac","userId":"a3e3a51a-175c-4b59-ad03-227ba12a18b0","provider":"email","role":"admin","username":"nstoddard17","hasUsername":true,"isBetaTester":false,"isNewBetaUser":false,"accountAge":12689286583}
[2025-10-23T21:46:14.231Z] [INFO   ] 2025-10-23T21:46:14.231Z [DEBUG] [Username Check] {"userId":"a3e3a51a-175c-4b59-ad03-227ba12a18b0","hasEmail":true,"provider":"email","hasUsername":true,"isGoogleUser":false}
[2025-10-23T21:46:14.753Z] [ERROR  ] 2025-10-23T21:46:14.753Z [ERROR] Stream workflow error: {"code":"ERR_INVALID_STATE"}
[2025-10-23T21:46:14.798Z] [ERROR  ] 2025-10-23T21:46:14.798Z [ERROR] Stream workflow error: {"code":"ERR_INVALID_STATE"}
[2025-10-23T21:49:35.820Z] [ERROR  ] 2025-10-23T21:49:35.819Z [ERROR] AI call failed: {}
[2025-10-23T21:50:09.010Z] [ERROR  ] 2025-10-23T21:50:09.010Z [ERROR] AI call failed: {}
[2025-10-23T22:04:58.914Z] [INFO   ] 2025-10-23T22:04:58.914Z [DEBUG] [Middleware] Username check: {"path":"/workflows","userId":"a3e3a51a-175c-4b59-ad03-227ba12a18b0","provider":"email","role":"admin","username":"nstoddard17","hasUsername":true,"isBetaTester":false,"isNewBetaUser":false,"accountAge":12690411515}
[2025-10-23T22:04:59.072Z] [ERROR  ]  [31m[1m⨯[22m[39m Cannot find module './95873.js'
Require stack:
- /Users/nathanielstoddard/chainreact-app/chainreact-app-9e/.next/server/webpack-runtime.js
- /Users/nathanielstoddard/chainreact-app/chainreact-app-9e/.next/server/app/api/integrations/route.js
- /Users/nathanielstoddard/chainreact-app/chainreact-app-9e/node_modules/next/dist/server/require.js
- /Users/nathanielstoddard/chainreact-app/chainreact-app-9e/node_modules/next/dist/server/load-components.js
- /Users/nathanielstoddard/chainreact-app/chainreact-app-9e/node_modules/next/dist/build/utils.js
- /Users/nathanielstoddard/chainreact-app/chainreact-app-9e/node_modules/next/dist/build/swc/options.js
- /Users/nathanielstoddard/chainreact-app/chainreact-app-9e/node_modules/next/dist/build/swc/index.js
- /Users/nathanielstoddard/chainreact-app/chainreact-app-9e/node_modules/next/dist/build/analysis/parse-module.js
- /Users/nathanielstoddard/chainreact-app/chainreact-app-9e/node_modules/next/dist/build/analysis/get-page-static-info.js
- /Users/nathanielstoddard/chainreact-app/chainreact-app-9e/node_modules/next/dist/server/lib/router-utils/setup-dev-bundler.js
- /Users/nathanielstoddard/chainreact-app/chainreact-app-9e/node_modules/next/dist/server/lib/router-server.js
- /Users/nathanielstoddard/chainreact-app/chainreact-app-9e/node_modules/next/dist/server/lib/start-server.js
Error: Cannot find module './95873.js'
Require stack:
- /Users/nathanielstoddard/chainreact-app/chainreact-app-9e/.next/server/webpack-runtime.js
- /Users/nathanielstoddard/chainreact-app/chainreact-app-9e/.next/server/app/api/integrations/route.js
- /Users/nathanielstoddard/chainreact-app/chainreact-app-9e/node_modules/next/dist/server/require.js
- /Users/nathanielstoddard/chainreact-app/chainreact-app-9e/node_modules/next/dist/server/load-components.js
- /Users/nathanielstoddard/chainreact-app/chainreact-app-9e/node_modules/next/dist/build/utils.js
- /Users/nathanielstoddard/chainreact-app/chainreact-app-9e/node_modules/next/dist/build/swc/options.js
- /Users/nathanielstoddard/chainreact-app/chainreact-app-9e/node_modules/next/dist/build/swc/index.js
- /Users/nathanielstoddard/chainreact-app/chainreact-app-9e/node_modules/next/dist/build/analysis/parse-module.js
- /Users/nathanielstoddard/chainreact-app/chainreact-app-9e/node_modules/next/dist/build/analysis/get-page-static-info.js
- /Users/nathanielstoddard/chainreact-app/chainreact-app-9e/node_modules/next/dist/server/lib/router-utils/setup-dev-bundler.js
- /Users/nathanielstoddard/chainreact-app/chainreact-app-9e/node_modules/next/dist/server/lib/router-server.js
- /Users/nathanielstoddard/chainreact-app/chainreact-app-9e/node_modules/next/dist/server/lib/start-server.js
    at Function.<anonymous> (node:internal/modules/cjs/loader:1394:15)
    at /Users/nathanielstoddard/chainreact-app/chainreact-app-9e/node_modules/next/dist/server/require-hook.js:57:36
    at defaultResolveImpl (node:internal/modules/cjs/loader:1050:19)
    at resolveForCJSWithHooks (node:internal/modules/cjs/loader:1055:22)
    at Function._load (node:internal/modules/cjs/loader:1204:37)
    at TracingChannel.traceSync (node:diagnostics_channel:322:14)
    at wrapModuleLoad (node:internal/modules/cjs/loader:234:24)
    at Module.<anonymous> (node:internal/modules/cjs/loader:1480:12)
    at mod.require (/Users/nathanielstoddard/chainreact-app/chainreact-app-9e/node_modules/next/dist/server/require-hook.js:68:28)
    at require (node:internal/modules/helpers:135:16)
    at __webpack_require__.f.require (/Users/nathanielstoddard/chainreact-app/chainreact-app-9e/.next/server/webpack-runtime.js:200:28)
    at /Users/nathanielstoddard/chainreact-app/chainreact-app-9e/.next/server/webpack-runtime.js:108:40
    at Array.reduce (<anonymous>)
    at __webpack_require__.e (/Users/nathanielstoddard/chainreact-app/chainreact-app-9e/.next/server/webpack-runtime.js:107:67)
    at Array.map (<anonymous>)
    at __webpack_require__.X (/Users/nathanielstoddard/chainreact-app/chainreact-app-9e/.next/server/webpack-runtime.js:159:22)
    at /Users/nathanielstoddard/chainreact-app/chainreact-app-9e/.next/server/app/workflows/page.js:2:10026
    at Object.<anonymous> (/Users/nathanielstoddard/chainreact-app/chainreact-app-9e/.next/server/app/workflows/page.js:2:10223)
    at Module._compile (node:internal/modules/cjs/loader:1723:14)
    at Object..js (node:internal/modules/cjs/loader:1888:10)
    at Module.load (node:internal/modules/cjs/loader:1458:32)
    at Function._load (node:internal/modules/cjs/loader:1275:12)
    at TracingChannel.traceSync (node:diagnostics_channel:322:14)
    at wrapModuleLoad (node:internal/modules/cjs/loader:234:24)
    at Module.<anonymous> (node:internal/modules/cjs/loader:1480:12)
    at mod.require (/Users/nathanielstoddard/chainreact-app/chainreact-app-9e/node_modules/next/dist/server/require-hook.js:68:28)
    at require (node:internal/modules/helpers:135:16)
    at requirePage (/Users/nathanielstoddard/chainreact-app/chainreact-app-9e/node_modules/next/dist/server/require.js:99:80)
    at loadComponentsImpl (/Users/nathanielstoddard/chainreact-app/chainreact-app-9e/node_modules/next/dist/server/load-components.js:132:57)
    at async DevServer.findPageComponentsImpl (/Users/nathanielstoddard/chainreact-app/chainreact-app-9e/node_modules/next/dist/server/next-server.js:899:36)
    at async DevServer.findPageComponents (/Users/nathanielstoddard/chainreact-app/chainreact-app-9e/node_modules/next/dist/server/dev/next-dev-server.js:705:16)
    at async DevServer.renderPageComponent (/Users/nathanielstoddard/chainreact-app/chainreact-app-9e/node_modules/next/dist/server/base-server.js:1460:24)
    at async DevServer.renderToResponseImpl (/Users/nathanielstoddard/chainreact-app/chainreact-app-9e/node_modules/next/dist/server/base-server.js:1514:32)
    at async DevServer.pipeImpl (/Users/nathanielstoddard/chainreact-app/chainreact-app-9e/node_modules/next/dist/server/base-server.js:1025:25)
    at async NextNodeServer.handleCatchallRenderRequest (/Users/nathanielstoddard/chainreact-app/chainreact-app-9e/node_modules/next/dist/server/next-server.js:393:17)
    at async DevServer.handleRequestImpl (/Users/nathanielstoddard/chainreact-app/chainreact-app-9e/node_modules/next/dist/server/base-server.js:916:17)
    at async /Users/nathanielstoddard/chainreact-app/chainreact-app-9e/node_modules/next/dist/server/dev/next-dev-server.js:399:20
    at async Span.traceAsyncFn (/Users/nathanielstoddard/chainreact-app/chainreact-app-9e/node_modules/next/dist/trace/trace.js:157:20)
    at async DevServer.handleRequest (/Users/nathanielstoddard/chainreact-app/chainreact-app-9e/node_modules/next/dist/server/dev/next-dev-server.js:395:24)
    at async invokeRender (/Users/nathanielstoddard/chainreact-app/chainreact-app-9e/node_modules/next/dist/server/lib/router-server.js:240:21)
    at async handleRequest (/Users/nathanielstoddard/chainreact-app/chainreact-app-9e/node_modules/next/dist/server/lib/router-server.js:437:24)
    at async requestHandlerImpl (/Users/nathanielstoddard/chainreact-app/chainreact-app-9e/node_modules/next/dist/server/lib/router-server.js:485:13)
    at async Server.requestListener (/Users/nathanielstoddard/chainreact-app/chainreact-app-9e/node_modules/next/dist/server/lib/start-server.js:226:13)
[2025-10-23T22:04:59.576Z] [INFO   ]  [37m[1m○[22m[39m Compiling /_error ...
[2025-10-23T22:05:00.372Z] [INFO   ] 2025-10-23T22:05:00.372Z [DEBUG] [Middleware] Username check: {"path":"/workflows/builder/9c3ee14d-a012-43fd-a1fd-56fa6feb08ac","userId":"a3e3a51a-175c-4b59-ad03-227ba12a18b0","provider":"email","role":"admin","username":"nstoddard17","hasUsername":true,"isBetaTester":false,"isNewBetaUser":false,"accountAge":12690412973}
[2025-10-23T22:05:00.557Z] [WARN   ]  [33m[1m⚠[22m[39m Fast Refresh had to perform a full reload due to a runtime error.
[2025-10-23T22:05:00.972Z] [INFO   ]  [32m[1m✓[22m[39m Compiled /_error in 1896ms (6316 modules)
[2025-10-23T22:05:02.057Z] [INFO   ] 2025-10-23T22:05:02.057Z [DEBUG] [Username Check] {"userId":"a3e3a51a-175c-4b59-ad03-227ba12a18b0","hasEmail":true,"provider":"email","hasUsername":true,"isGoogleUser":false}
[2025-10-23T22:05:02.259Z] [ERROR  ]  [31m[1m⨯[22m[39m Failed to generate static paths for /workflows/builder/[id]:
[2025-10-23T22:05:02.260Z] [ERROR  ] Cannot find module './vendor-chunks/@supabase.js'
Require stack:
- /Users/nathanielstoddard/chainreact-app/chainreact-app-9e/.next/server/webpack-runtime.js
- /Users/nathanielstoddard/chainreact-app/chainreact-app-9e/.next/server/app/workflows/builder/[id]/page.js
- /Users/nathanielstoddard/chainreact-app/chainreact-app-9e/node_modules/next/dist/server/require.js
- /Users/nathanielstoddard/chainreact-app/chainreact-app-9e/node_modules/next/dist/server/load-components.js
- /Users/nathanielstoddard/chainreact-app/chainreact-app-9e/node_modules/next/dist/build/utils.js
- /Users/nathanielstoddard/chainreact-app/chainreact-app-9e/node_modules/next/dist/server/dev/static-paths-worker.js
- /Users/nathanielstoddard/chainreact-app/chainreact-app-9e/node_modules/next/dist/compiled/jest-worker/processChild.js
Error: Cannot find module './vendor-chunks/@supabase.js'
Require stack:
- /Users/nathanielstoddard/chainreact-app/chainreact-app-9e/.next/server/webpack-runtime.js
- /Users/nathanielstoddard/chainreact-app/chainreact-app-9e/.next/server/app/workflows/builder/[id]/page.js
- /Users/nathanielstoddard/chainreact-app/chainreact-app-9e/node_modules/next/dist/server/require.js
- /Users/nathanielstoddard/chainreact-app/chainreact-app-9e/node_modules/next/dist/server/load-components.js
- /Users/nathanielstoddard/chainreact-app/chainreact-app-9e/node_modules/next/dist/build/utils.js
- /Users/nathanielstoddard/chainreact-app/chainreact-app-9e/node_modules/next/dist/server/dev/static-paths-worker.js
- /Users/nathanielstoddard/chainreact-app/chainreact-app-9e/node_modules/next/dist/compiled/jest-worker/processChild.js
    at Function.<anonymous> (node:internal/modules/cjs/loader:1394:15)
    at /Users/nathanielstoddard/chainreact-app/chainreact-app-9e/node_modules/next/dist/server/require-hook.js:57:36
    at defaultResolveImpl (node:internal/modules/cjs/loader:1050:19)
    at resolveForCJSWithHooks (node:internal/modules/cjs/loader:1055:22)
    at Function._load (node:internal/modules/cjs/loader:1204:37)
    at TracingChannel.traceSync (node:diagnostics_channel:322:14)
    at wrapModuleLoad (node:internal/modules/cjs/loader:234:24)
    at Module.<anonymous> (node:internal/modules/cjs/loader:1480:12)
    at mod.require (/Users/nathanielstoddard/chainreact-app/chainreact-app-9e/node_modules/next/dist/server/require-hook.js:68:28)
    at require (node:internal/modules/helpers:135:16)

=== Log Session Ended: 2025-10-23T22:05:03.183Z ===
