=== Log Session Started: 2025-10-21T03:37:40.471Z ===
Node Version: v23.7.0
Platform: darwin
Working Directory: /Users/nathanielstoddard/chainreact-app/chainreact-app-9e
================================================================================

[2025-10-21T03:37:40.471Z] [INFO   ] File logging initialized
[2025-10-21T03:37:40.471Z] [INFO   ] Log file: /Users/nathanielstoddard/chainreact-app/chainreact-app-9e/logs/workflow_2025-10-20_22-37-40.log
[2025-10-21T03:37:40.476Z] [INFO   ] Deleted old log file: workflow_2025-10-13_20-40-02.log
[2025-10-21T03:37:40.476Z] [INFO   ] 📁 File logging enabled
[2025-10-21T03:37:40.476Z] [INFO   ] 📝 Logs will be written to: /Users/nathanielstoddard/chainreact-app/chainreact-app-9e/logs/workflow_2025-10-20_22-37-40.log
[2025-10-21T03:37:40.476Z] [INFO   ] 💡 To view logs in real-time: tail -f /Users/nathanielstoddard/chainreact-app/chainreact-app-9e/logs/workflow_2025-10-20_22-37-40.log
[2025-10-21T03:37:40.476Z] [INFO   ] 💡 To view all logs: cat /Users/nathanielstoddard/chainreact-app/chainreact-app-9e/logs/workflow_2025-10-20_22-37-40.log
[2025-10-21T03:37:40.476Z] [INFO   ] 💡 To share logs: Copy the file at /Users/nathanielstoddard/chainreact-app/chainreact-app-9e/logs/workflow_2025-10-20_22-37-40.log
[2025-10-21T03:37:40.476Z] [INFO   ] --------------------------------------------------------------------------------
[2025-10-21T03:37:40.476Z] [DEBUG  ] 📁 File logging system initialized
[2025-10-21T03:37:40.488Z] [INFO   ]  [32m[1m✓[22m[39m Ready in 3s
[2025-10-21T03:37:41.007Z] [INFO   ]  [37m[1m○[22m[39m Compiling /ai-assistant ...
[2025-10-21T03:37:41.504Z] [INFO   ] 2025-10-21T03:37:41.504Z [DEBUG] 🤖 Discord bot configured, initializing gateway connection in background...
[2025-10-21T03:37:43.289Z] [INFO   ] 2025-10-21T03:37:43.289Z [DEBUG] Initializing Discord Gateway connection (singleton)...
[2025-10-21T03:37:43.289Z] [INFO   ] 2025-10-21T03:37:43.289Z [DEBUG] 🔑 Discord bot token loaded
[2025-10-21T03:37:43.767Z] [INFO   ] 2025-10-21T03:37:43.767Z [DEBUG] Discord Gateway initialization complete
[2025-10-21T03:37:43.768Z] [INFO   ] 2025-10-21T03:37:43.768Z [DEBUG] ✅ Discord bot gateway connection initialized
[2025-10-21T03:37:44.002Z] [INFO   ] 2025-10-21T03:37:44.002Z [DEBUG] Discord Gateway WebSocket connection established
[2025-10-21T03:37:44.003Z] [INFO   ] 2025-10-21T03:37:44.003Z [DEBUG] 🔑 Sending identify with intents: {"GUILDS":true,"GUILD_MEMBERS":true,"GUILD_INVITES":true,"GUILD_MESSAGES":true,"MESSAGE_CONTENT":true,"intentsValue":33347}
[2025-10-21T03:37:44.530Z] [INFO   ] 2025-10-21T03:37:44.530Z [DEBUG] 🎉 Discord bot ready! {"sessionId":"765f6a9cfacdd626c530ccdfe73bde07","username":"ChainReact-Bot","userId":"1378595955212812308","guildCount":2}
[2025-10-21T03:37:44.530Z] [INFO   ] 2025-10-21T03:37:44.530Z [DEBUG] 📋 Initializing invite cache...
[2025-10-21T03:37:44.531Z] [INFO   ] 2025-10-21T03:37:44.531Z [DEBUG] 📡 Discord event received: GUILD_CREATE
[2025-10-21T03:37:44.531Z] [INFO   ] 2025-10-21T03:37:44.531Z [DEBUG] 📡 Discord event received: GUILD_CREATE
[2025-10-21T03:37:45.427Z] [INFO   ] 2025-10-21T03:37:45.427Z [DEBUG] ✅ Cached 3 invites for guild 1378950884045623406
[2025-10-21T03:37:46.304Z] [INFO   ]  [32m[1m✓[22m[39m Compiled /ai-assistant in 5.8s (3934 modules)
[2025-10-21T03:37:46.674Z] [INFO   ] 2025-10-21T03:37:46.673Z [DEBUG] 💧 [AUTH] Rehydrating auth state from storage {"hasState":true,"hasUser":false,"initialized":false,"timestamp":"2025-10-21T03:37:46.673Z"}
[2025-10-21T03:37:46.677Z] [INFO   ] 2025-10-21T03:37:46.677Z [DEBUG] 💧 [AUTH] State hydrated and reset {"hasUser":false,"initialized":false,"timestamp":"2025-10-21T03:37:46.677Z"}
[2025-10-21T03:37:46.677Z] [INFO   ] 2025-10-21T03:37:46.677Z [DEBUG] ⏭️ [AUTH] Skipping initialization {"hasState":true,"alreadyInitialized":false,"isClient":false,"timestamp":"2025-10-21T03:37:46.677Z"}
[2025-10-21T03:37:46.982Z] [INFO   ]  [32m[1m✓[22m[39m Compiled in 661ms (697 modules)
[2025-10-21T03:37:47.626Z] [INFO   ] 2025-10-21T03:37:47.625Z [DEBUG] [Username Check] {"userId":"a3e3a51a-175c-4b59-ad03-227ba12a18b0","hasEmail":true,"provider":"email","hasUsername":true,"isGoogleUser":false}
[2025-10-21T03:37:48.882Z] [INFO   ]  [37m[1m○[22m[39m Compiling /middleware ...
[2025-10-21T03:37:49.685Z] [INFO   ]  [32m[1m✓[22m[39m Compiled /middleware in 1313ms (4179 modules)
[2025-10-21T03:37:49.852Z] [INFO   ] 2025-10-21T03:37:49.852Z [DEBUG] 📍 [API /api/integrations] GET request received {"timestamp":"2025-10-21T03:37:49.852Z","headers":{"referer":"check-console"}}
[2025-10-21T03:37:50.173Z] [INFO   ] 2025-10-21T03:37:50.172Z [DEBUG] ✅ [API /api/integrations] User authenticated {"userId":"a3e3a51a-175c-4b59-ad03-227ba12a18b0"}
[2025-10-21T03:37:50.314Z] [INFO   ] 2025-10-21T03:37:50.314Z [DEBUG] 📊 [API /api/integrations] Query result {"count":14,"error":null,"firstFew":[{"provider":"notion","status":"connected"},{"provider":"mailchimp","status":"connected"}]}
[2025-10-21T03:37:51.222Z] [INFO   ]  [37m[1m○[22m[39m Compiling /api/ai/conversations ...
[2025-10-21T03:37:51.325Z] [INFO   ]  [32m[1m✓[22m[39m Compiled /api/ai/conversations in 660ms (3950 modules)

=== Log Session Ended: 2025-10-21T03:38:04.121Z ===
