=== Log Session Started: 2025-10-23T19:18:02.565Z ===
Node Version: v23.7.0
Platform: darwin
Working Directory: /Users/nathanielstoddard/chainreact-app/chainreact-app-9e
================================================================================

[2025-10-23T19:18:02.565Z] [INFO   ] File logging initialized
[2025-10-23T19:18:02.565Z] [INFO   ] Log file: /Users/nathanielstoddard/chainreact-app/chainreact-app-9e/logs/workflow_2025-10-23_14-18-02.log
[2025-10-23T19:18:02.568Z] [INFO   ] 📁 File logging enabled
[2025-10-23T19:18:02.568Z] [INFO   ] 📝 Logs will be written to: /Users/nathanielstoddard/chainreact-app/chainreact-app-9e/logs/workflow_2025-10-23_14-18-02.log
[2025-10-23T19:18:02.568Z] [INFO   ] 💡 To view logs in real-time: tail -f /Users/nathanielstoddard/chainreact-app/chainreact-app-9e/logs/workflow_2025-10-23_14-18-02.log
[2025-10-23T19:18:02.568Z] [INFO   ] 💡 To view all logs: cat /Users/nathanielstoddard/chainreact-app/chainreact-app-9e/logs/workflow_2025-10-23_14-18-02.log
[2025-10-23T19:18:02.568Z] [INFO   ] 💡 To share logs: Copy the file at /Users/nathanielstoddard/chainreact-app/chainreact-app-9e/logs/workflow_2025-10-23_14-18-02.log
[2025-10-23T19:18:02.568Z] [INFO   ] --------------------------------------------------------------------------------
[2025-10-23T19:18:02.569Z] [DEBUG  ] 📁 File logging system initialized
[2025-10-23T19:18:02.574Z] [INFO   ]  [32m[1m✓[22m[39m Ready in 3.4s
[2025-10-23T19:18:03.603Z] [INFO   ] 2025-10-23T19:18:03.603Z [DEBUG] 🤖 Discord bot configured, initializing gateway connection in background...
[2025-10-23T19:18:05.258Z] [INFO   ] 2025-10-23T19:18:05.258Z [DEBUG] Initializing Discord Gateway connection (singleton)...
[2025-10-23T19:18:05.259Z] [INFO   ] 2025-10-23T19:18:05.259Z [DEBUG] 🔑 Discord bot token loaded
[2025-10-23T19:18:05.741Z] [INFO   ] 2025-10-23T19:18:05.741Z [DEBUG] Discord Gateway initialization complete
[2025-10-23T19:18:05.745Z] [INFO   ] 2025-10-23T19:18:05.745Z [DEBUG] ✅ Discord bot gateway connection initialized
[2025-10-23T19:18:06.279Z] [INFO   ] 2025-10-23T19:18:06.279Z [DEBUG] Discord Gateway WebSocket connection established
[2025-10-23T19:18:06.282Z] [INFO   ] 2025-10-23T19:18:06.282Z [DEBUG] 🔑 Sending identify with intents: {"GUILDS":true,"GUILD_MEMBERS":true,"GUILD_INVITES":true,"GUILD_MESSAGES":true,"MESSAGE_CONTENT":true,"intentsValue":33347}
[2025-10-23T19:18:06.788Z] [INFO   ] 2025-10-23T19:18:06.788Z [DEBUG] 🎉 Discord bot ready! {"sessionId":"f40f12b85f28a2ecf5596126880daae4","username":"ChainReact-Bot","userId":"1378595955212812308","guildCount":2}
[2025-10-23T19:18:06.789Z] [INFO   ] 2025-10-23T19:18:06.788Z [DEBUG] 📋 Initializing invite cache...
[2025-10-23T19:18:06.795Z] [INFO   ] 2025-10-23T19:18:06.795Z [DEBUG] 📡 Discord event received: GUILD_CREATE
[2025-10-23T19:18:06.797Z] [INFO   ] 2025-10-23T19:18:06.797Z [DEBUG] 📡 Discord event received: GUILD_CREATE
[2025-10-23T19:18:07.007Z] [INFO   ] 2025-10-23T19:18:07.007Z [DEBUG] ✅ Cached 3 invites for guild 1378950884045623406
[2025-10-23T19:18:08.309Z] [INFO   ]  [32m[1m✓[22m[39m Compiled /middleware in 148ms (233 modules)
[2025-10-23T19:18:08.962Z] [INFO   ] 2025-10-23T19:18:08.962Z [DEBUG] [Middleware] Username check: {"path":"/workflows","userId":"a3e3a51a-175c-4b59-ad03-227ba12a18b0","provider":"email","role":"admin","username":"nstoddard17","hasUsername":true,"isBetaTester":false,"isNewBetaUser":false,"accountAge":12680401563}
[2025-10-23T19:18:09.506Z] [INFO   ]  [37m[1m○[22m[39m Compiling /workflows ...
[2025-10-23T19:18:12.458Z] [INFO   ]  [32m[1m✓[22m[39m Compiled /workflows in 3.5s (4041 modules)
[2025-10-23T19:18:12.841Z] [INFO   ] 2025-10-23T19:18:12.840Z [DEBUG] 💧 [AUTH] Rehydrating auth state from storage {"hasState":true,"hasUser":false,"initialized":false,"timestamp":"2025-10-23T19:18:12.840Z"}
[2025-10-23T19:18:12.844Z] [INFO   ] 2025-10-23T19:18:12.844Z [DEBUG] 💧 [AUTH] State hydrated and reset {"hasUser":false,"initialized":false,"timestamp":"2025-10-23T19:18:12.844Z"}
[2025-10-23T19:18:12.844Z] [INFO   ] 2025-10-23T19:18:12.844Z [DEBUG] ⏭️ [AUTH] Skipping initialization {"hasState":true,"alreadyInitialized":false,"isClient":false,"timestamp":"2025-10-23T19:18:12.844Z"}
[2025-10-23T19:18:13.178Z] [INFO   ]  [32m[1m✓[22m[39m Compiled in 686ms (733 modules)
[2025-10-23T19:18:13.255Z] [INFO   ] 2025-10-23T19:18:13.254Z [DEBUG] [Username Check] {"userId":"a3e3a51a-175c-4b59-ad03-227ba12a18b0","hasEmail":true,"provider":"email","hasUsername":true,"isGoogleUser":false}
[2025-10-23T19:18:14.137Z] [INFO   ]  [37m[1m○[22m[39m Compiling /api/integrations ...
[2025-10-23T19:18:14.203Z] [INFO   ]  [32m[1m✓[22m[39m Compiled /api/integrations in 606ms (4050 modules)
[2025-10-23T19:18:14.332Z] [INFO   ] 2025-10-23T19:18:14.332Z [DEBUG] 📍 [API /api/integrations] GET request received {"timestamp":"2025-10-23T19:18:14.332Z","headers":{"referer":"check-console"}}
[2025-10-23T19:18:14.578Z] [INFO   ] 2025-10-23T19:18:14.578Z [DEBUG] ✅ [API /api/integrations] User authenticated {"userId":"a3e3a51a-175c-4b59-ad03-227ba12a18b0"}
[2025-10-23T19:18:14.745Z] [INFO   ] 2025-10-23T19:18:14.745Z [DEBUG] 📊 [API /api/integrations] Query result {"count":14,"error":null,"firstFew":[{"provider":"notion","status":"connected"},{"provider":"mailchimp","status":"connected"}]}
[2025-10-23T19:18:16.009Z] [INFO   ]  [37m[1m○[22m[39m Compiling /api/analytics/workflow-stats ...
[2025-10-23T19:18:16.086Z] [INFO   ]  [32m[1m✓[22m[39m Compiled /api/analytics/workflow-stats in 648ms (4058 modules)
[2025-10-23T19:19:25.767Z] [INFO   ] 2025-10-23T19:19:25.767Z [DEBUG] [Middleware] Username check: {"path":"/workflows/ai-agent","userId":"a3e3a51a-175c-4b59-ad03-227ba12a18b0","provider":"email","role":"admin","username":"nstoddard17","hasUsername":true,"isBetaTester":false,"isNewBetaUser":false,"accountAge":12680478367}
[2025-10-23T19:19:26.313Z] [INFO   ]  [37m[1m○[22m[39m Compiling /workflows/ai-agent ...
[2025-10-23T19:19:27.017Z] [INFO   ]  [32m[1m✓[22m[39m Compiled /workflows/ai-agent in 1204ms (4053 modules)
[2025-10-23T19:19:27.483Z] [INFO   ]  [32m[1m✓[22m[39m Compiled /api/user/avatar in 205ms (3339 modules)
[2025-10-23T19:19:27.501Z] [INFO   ] 2025-10-23T19:19:27.501Z [DEBUG] [Username Check] {"userId":"a3e3a51a-175c-4b59-ad03-227ba12a18b0","hasEmail":true,"provider":"email","hasUsername":true,"isGoogleUser":false}
[2025-10-23T19:19:52.051Z] [INFO   ]  [37m[1m○[22m[39m Compiling /api/ai/workflow-builder ...
[2025-10-23T19:19:52.270Z] [INFO   ]  [32m[1m✓[22m[39m Compiled /api/ai/workflow-builder in 719ms (4233 modules)
[2025-10-23T19:23:05.403Z] [INFO   ]  [32m[1m✓[22m[39m Compiled in 988ms (4067 modules)
[2025-10-23T19:23:06.030Z] [INFO   ] 2025-10-23T19:23:06.030Z [DEBUG] [Middleware] Username check: {"path":"/workflows/ai-agent","userId":"a3e3a51a-175c-4b59-ad03-227ba12a18b0","provider":"email","role":"admin","username":"nstoddard17","hasUsername":true,"isBetaTester":false,"isNewBetaUser":false,"accountAge":12680698631}
[2025-10-23T19:23:06.269Z] [INFO   ] 2025-10-23T19:23:06.269Z [DEBUG] [Username Check] {"userId":"a3e3a51a-175c-4b59-ad03-227ba12a18b0","hasEmail":true,"provider":"email","hasUsername":true,"isGoogleUser":false}
[2025-10-23T19:23:13.860Z] [INFO   ]  [32m[1m✓[22m[39m Compiled /api/presence/count in 256ms (3340 modules)
[2025-10-23T19:25:44.731Z] [INFO   ]  [32m[1m✓[22m[39m Compiled in 750ms (4067 modules)
[2025-10-23T19:25:46.008Z] [INFO   ] 2025-10-23T19:25:46.008Z [DEBUG] [Middleware] Username check: {"path":"/workflows/ai-agent","userId":"a3e3a51a-175c-4b59-ad03-227ba12a18b0","provider":"email","role":"admin","username":"nstoddard17","hasUsername":true,"isBetaTester":false,"isNewBetaUser":false,"accountAge":12680858609}
[2025-10-23T19:25:46.189Z] [INFO   ] 2025-10-23T19:25:46.189Z [DEBUG] [Username Check] {"userId":"a3e3a51a-175c-4b59-ad03-227ba12a18b0","hasEmail":true,"provider":"email","hasUsername":true,"isGoogleUser":false}
[2025-10-23T19:26:10.721Z] [INFO   ]  [32m[1m✓[22m[39m Compiled in 310ms (744 modules)
[2025-10-23T19:26:11.187Z] [INFO   ] 2025-10-23T19:26:11.187Z [DEBUG] [Middleware] Username check: {"path":"/workflows/ai-agent","userId":"a3e3a51a-175c-4b59-ad03-227ba12a18b0","provider":"email","role":"admin","username":"nstoddard17","hasUsername":true,"isBetaTester":false,"isNewBetaUser":false,"accountAge":12680883788}
[2025-10-23T19:26:11.258Z] [INFO   ] 2025-10-23T19:26:11.258Z [DEBUG] [Username Check] {"userId":"a3e3a51a-175c-4b59-ad03-227ba12a18b0","hasEmail":true,"provider":"email","hasUsername":true,"isGoogleUser":false}
[2025-10-23T19:26:16.651Z] [INFO   ]  [32m[1m✓[22m[39m Compiled in 260ms (744 modules)
[2025-10-23T19:26:17.038Z] [INFO   ] 2025-10-23T19:26:17.038Z [DEBUG] [Middleware] Username check: {"path":"/workflows/ai-agent","userId":"a3e3a51a-175c-4b59-ad03-227ba12a18b0","provider":"email","role":"admin","username":"nstoddard17","hasUsername":true,"isBetaTester":false,"isNewBetaUser":false,"accountAge":12680889639}
[2025-10-23T19:26:17.103Z] [INFO   ] 2025-10-23T19:26:17.103Z [DEBUG] [Username Check] {"userId":"a3e3a51a-175c-4b59-ad03-227ba12a18b0","hasEmail":true,"provider":"email","hasUsername":true,"isGoogleUser":false}
[2025-10-23T19:26:21.721Z] [INFO   ]  [32m[1m✓[22m[39m Compiled in 362ms (744 modules)
[2025-10-23T19:26:22.348Z] [INFO   ] 2025-10-23T19:26:22.348Z [DEBUG] [Middleware] Username check: {"path":"/workflows/ai-agent","userId":"a3e3a51a-175c-4b59-ad03-227ba12a18b0","provider":"email","role":"admin","username":"nstoddard17","hasUsername":true,"isBetaTester":false,"isNewBetaUser":false,"accountAge":12680894949}
[2025-10-23T19:26:22.426Z] [INFO   ] 2025-10-23T19:26:22.426Z [DEBUG] [Username Check] {"userId":"a3e3a51a-175c-4b59-ad03-227ba12a18b0","hasEmail":true,"provider":"email","hasUsername":true,"isGoogleUser":false}
[2025-10-23T19:26:35.738Z] [INFO   ]  [32m[1m✓[22m[39m Compiled in 339ms (744 modules)
[2025-10-23T19:26:36.214Z] [INFO   ] 2025-10-23T19:26:36.213Z [DEBUG] [Middleware] Username check: {"path":"/workflows/ai-agent","userId":"a3e3a51a-175c-4b59-ad03-227ba12a18b0","provider":"email","role":"admin","username":"nstoddard17","hasUsername":true,"isBetaTester":false,"isNewBetaUser":false,"accountAge":12680908814}
[2025-10-23T19:26:36.290Z] [INFO   ] 2025-10-23T19:26:36.290Z [DEBUG] [Username Check] {"userId":"a3e3a51a-175c-4b59-ad03-227ba12a18b0","hasEmail":true,"provider":"email","hasUsername":true,"isGoogleUser":false}
[2025-10-23T19:26:47.874Z] [INFO   ]  [32m[1m✓[22m[39m Compiled in 257ms (744 modules)
[2025-10-23T19:26:48.305Z] [INFO   ] 2025-10-23T19:26:48.305Z [DEBUG] [Middleware] Username check: {"path":"/workflows/ai-agent","userId":"a3e3a51a-175c-4b59-ad03-227ba12a18b0","provider":"email","role":"admin","username":"nstoddard17","hasUsername":true,"isBetaTester":false,"isNewBetaUser":false,"accountAge":12680920905}
[2025-10-23T19:26:48.385Z] [INFO   ] 2025-10-23T19:26:48.385Z [DEBUG] [Username Check] {"userId":"a3e3a51a-175c-4b59-ad03-227ba12a18b0","hasEmail":true,"provider":"email","hasUsername":true,"isGoogleUser":false}
[2025-10-23T19:26:51.829Z] [INFO   ]  [32m[1m✓[22m[39m Compiled in 238ms (744 modules)
[2025-10-23T19:26:52.261Z] [INFO   ] 2025-10-23T19:26:52.260Z [DEBUG] [Middleware] Username check: {"path":"/workflows/ai-agent","userId":"a3e3a51a-175c-4b59-ad03-227ba12a18b0","provider":"email","role":"admin","username":"nstoddard17","hasUsername":true,"isBetaTester":false,"isNewBetaUser":false,"accountAge":12680924861}
[2025-10-23T19:26:52.333Z] [INFO   ] 2025-10-23T19:26:52.333Z [DEBUG] [Username Check] {"userId":"a3e3a51a-175c-4b59-ad03-227ba12a18b0","hasEmail":true,"provider":"email","hasUsername":true,"isGoogleUser":false}
[2025-10-23T19:26:54.873Z] [INFO   ]  [32m[1m✓[22m[39m Compiled in 227ms (744 modules)
[2025-10-23T19:26:55.174Z] [INFO   ] 2025-10-23T19:26:55.174Z [DEBUG] [Middleware] Username check: {"path":"/workflows/ai-agent","userId":"a3e3a51a-175c-4b59-ad03-227ba12a18b0","provider":"email","role":"admin","username":"nstoddard17","hasUsername":true,"isBetaTester":false,"isNewBetaUser":false,"accountAge":12680927775}
[2025-10-23T19:26:55.241Z] [INFO   ] 2025-10-23T19:26:55.241Z [DEBUG] [Username Check] {"userId":"a3e3a51a-175c-4b59-ad03-227ba12a18b0","hasEmail":true,"provider":"email","hasUsername":true,"isGoogleUser":false}
[2025-10-23T19:26:58.022Z] [INFO   ]  [32m[1m✓[22m[39m Compiled in 301ms (744 modules)
[2025-10-23T19:26:58.322Z] [INFO   ] 2025-10-23T19:26:58.322Z [DEBUG] [Middleware] Username check: {"path":"/workflows/ai-agent","userId":"a3e3a51a-175c-4b59-ad03-227ba12a18b0","provider":"email","role":"admin","username":"nstoddard17","hasUsername":true,"isBetaTester":false,"isNewBetaUser":false,"accountAge":12680930923}
[2025-10-23T19:26:58.396Z] [INFO   ] 2025-10-23T19:26:58.395Z [DEBUG] [Username Check] {"userId":"a3e3a51a-175c-4b59-ad03-227ba12a18b0","hasEmail":true,"provider":"email","hasUsername":true,"isGoogleUser":false}
[2025-10-23T19:27:07.626Z] [INFO   ]  [32m[1m✓[22m[39m Compiled in 241ms (744 modules)
[2025-10-23T19:27:08.133Z] [INFO   ] 2025-10-23T19:27:08.133Z [DEBUG] [Middleware] Username check: {"path":"/workflows/ai-agent","userId":"a3e3a51a-175c-4b59-ad03-227ba12a18b0","provider":"email","role":"admin","username":"nstoddard17","hasUsername":true,"isBetaTester":false,"isNewBetaUser":false,"accountAge":12680940734}
[2025-10-23T19:27:08.208Z] [INFO   ] 2025-10-23T19:27:08.208Z [DEBUG] [Username Check] {"userId":"a3e3a51a-175c-4b59-ad03-227ba12a18b0","hasEmail":true,"provider":"email","hasUsername":true,"isGoogleUser":false}
[2025-10-23T19:27:26.076Z] [INFO   ]  [32m[1m✓[22m[39m Compiled in 254ms (744 modules)
[2025-10-23T19:27:26.742Z] [INFO   ] 2025-10-23T19:27:26.741Z [DEBUG] [Middleware] Username check: {"path":"/workflows/ai-agent","userId":"a3e3a51a-175c-4b59-ad03-227ba12a18b0","provider":"email","role":"admin","username":"nstoddard17","hasUsername":true,"isBetaTester":false,"isNewBetaUser":false,"accountAge":12680959342}
[2025-10-23T19:27:26.808Z] [INFO   ] 2025-10-23T19:27:26.808Z [DEBUG] [Username Check] {"userId":"a3e3a51a-175c-4b59-ad03-227ba12a18b0","hasEmail":true,"provider":"email","hasUsername":true,"isGoogleUser":false}
[2025-10-23T19:27:39.690Z] [INFO   ]  [32m[1m✓[22m[39m Compiled in 372ms (744 modules)
[2025-10-23T19:27:40.097Z] [INFO   ] 2025-10-23T19:27:40.097Z [DEBUG] [Middleware] Username check: {"path":"/workflows/ai-agent","userId":"a3e3a51a-175c-4b59-ad03-227ba12a18b0","provider":"email","role":"admin","username":"nstoddard17","hasUsername":true,"isBetaTester":false,"isNewBetaUser":false,"accountAge":12680972698}
[2025-10-23T19:27:40.153Z] [INFO   ] 2025-10-23T19:27:40.153Z [DEBUG] [Username Check] {"userId":"a3e3a51a-175c-4b59-ad03-227ba12a18b0","hasEmail":true,"provider":"email","hasUsername":true,"isGoogleUser":false}
[2025-10-23T19:27:59.953Z] [INFO   ]  [32m[1m✓[22m[39m Compiled in 454ms (744 modules)
[2025-10-23T19:28:00.372Z] [INFO   ] 2025-10-23T19:28:00.372Z [DEBUG] [Middleware] Username check: {"path":"/workflows/ai-agent","userId":"a3e3a51a-175c-4b59-ad03-227ba12a18b0","provider":"email","role":"admin","username":"nstoddard17","hasUsername":true,"isBetaTester":false,"isNewBetaUser":false,"accountAge":12680992973}
[2025-10-23T19:28:00.422Z] [INFO   ] 2025-10-23T19:28:00.422Z [DEBUG] [Username Check] {"userId":"a3e3a51a-175c-4b59-ad03-227ba12a18b0","hasEmail":true,"provider":"email","hasUsername":true,"isGoogleUser":false}
[2025-10-23T19:28:13.183Z] [INFO   ]  [32m[1m✓[22m[39m Compiled in 324ms (744 modules)
[2025-10-23T19:28:13.606Z] [INFO   ] 2025-10-23T19:28:13.606Z [DEBUG] [Middleware] Username check: {"path":"/workflows/ai-agent","userId":"a3e3a51a-175c-4b59-ad03-227ba12a18b0","provider":"email","role":"admin","username":"nstoddard17","hasUsername":true,"isBetaTester":false,"isNewBetaUser":false,"accountAge":12681006207}
[2025-10-23T19:28:14.003Z] [INFO   ]  [32m[1m✓[22m[39m Compiled /api/presence/count in 428ms (3340 modules)
[2025-10-23T19:28:14.382Z] [INFO   ] 2025-10-23T19:28:14.381Z [DEBUG] [Username Check] {"userId":"a3e3a51a-175c-4b59-ad03-227ba12a18b0","hasEmail":true,"provider":"email","hasUsername":true,"isGoogleUser":false}
[2025-10-23T19:28:20.941Z] [INFO   ]  [32m[1m✓[22m[39m Compiled in 242ms (744 modules)
[2025-10-23T19:28:21.402Z] [INFO   ] 2025-10-23T19:28:21.401Z [DEBUG] [Middleware] Username check: {"path":"/workflows/ai-agent","userId":"a3e3a51a-175c-4b59-ad03-227ba12a18b0","provider":"email","role":"admin","username":"nstoddard17","hasUsername":true,"isBetaTester":false,"isNewBetaUser":false,"accountAge":12681014002}
[2025-10-23T19:28:21.478Z] [INFO   ] 2025-10-23T19:28:21.477Z [DEBUG] [Username Check] {"userId":"a3e3a51a-175c-4b59-ad03-227ba12a18b0","hasEmail":true,"provider":"email","hasUsername":true,"isGoogleUser":false}
[2025-10-23T19:28:32.650Z] [INFO   ]  [32m[1m✓[22m[39m Compiled in 372ms (744 modules)
[2025-10-23T19:28:33.148Z] [INFO   ] 2025-10-23T19:28:33.148Z [DEBUG] [Middleware] Username check: {"path":"/workflows/ai-agent","userId":"a3e3a51a-175c-4b59-ad03-227ba12a18b0","provider":"email","role":"admin","username":"nstoddard17","hasUsername":true,"isBetaTester":false,"isNewBetaUser":false,"accountAge":12681025749}
[2025-10-23T19:28:33.200Z] [INFO   ] 2025-10-23T19:28:33.199Z [DEBUG] [Username Check] {"userId":"a3e3a51a-175c-4b59-ad03-227ba12a18b0","hasEmail":true,"provider":"email","hasUsername":true,"isGoogleUser":false}
[2025-10-23T19:28:45.630Z] [INFO   ]  [32m[1m✓[22m[39m Compiled in 288ms (744 modules)
[2025-10-23T19:28:46.466Z] [INFO   ] 2025-10-23T19:28:46.466Z [DEBUG] [Middleware] Username check: {"path":"/workflows/ai-agent","userId":"a3e3a51a-175c-4b59-ad03-227ba12a18b0","provider":"email","role":"admin","username":"nstoddard17","hasUsername":true,"isBetaTester":false,"isNewBetaUser":false,"accountAge":12681039067}
[2025-10-23T19:28:46.516Z] [INFO   ] 2025-10-23T19:28:46.516Z [DEBUG] [Username Check] {"userId":"a3e3a51a-175c-4b59-ad03-227ba12a18b0","hasEmail":true,"provider":"email","hasUsername":true,"isGoogleUser":false}
[2025-10-23T19:30:52.122Z] [INFO   ] 2025-10-23T19:30:52.122Z [DEBUG] Discord Gateway closed, persistent reconnect disabled
[2025-10-23T19:31:15.109Z] [INFO   ]  [32m[1m✓[22m[39m Compiled in 418ms (744 modules)
[2025-10-23T19:31:16.751Z] [INFO   ] 2025-10-23T19:31:16.751Z [DEBUG] [Middleware] Username check: {"path":"/workflows/ai-agent","userId":"a3e3a51a-175c-4b59-ad03-227ba12a18b0","provider":"email","role":"admin","username":"nstoddard17","hasUsername":true,"isBetaTester":false,"isNewBetaUser":false,"accountAge":12681189352}
[2025-10-23T19:31:16.814Z] [INFO   ] 2025-10-23T19:31:16.814Z [DEBUG] [Username Check] {"userId":"a3e3a51a-175c-4b59-ad03-227ba12a18b0","hasEmail":true,"provider":"email","hasUsername":true,"isGoogleUser":false}
[2025-10-23T20:22:45.747Z] [ERROR  ] fetch failed
TypeError: fetch failed
    at node:internal/deps/undici/undici:13502:13
    at process.processTicksAndRejections (node:internal/process/task_queues:105:5)
    at async _handleRequest (webpack-internal:///(rsc)/./node_modules/@supabase/auth-js/dist/module/lib/fetch.js:115:18)
    at async _request (webpack-internal:///(rsc)/./node_modules/@supabase/auth-js/dist/module/lib/fetch.js:105:18)
    at async eval (webpack-internal:///(rsc)/./node_modules/@supabase/auth-js/dist/module/GoTrueClient.js:1543:24)
    at async eval (webpack-internal:///(rsc)/./node_modules/@supabase/auth-js/dist/module/lib/helpers.js:204:36)
[2025-10-23T20:22:45.954Z] [ERROR  ] fetch failed
TypeError: fetch failed
    at node:internal/deps/undici/undici:13502:13
    at process.processTicksAndRejections (node:internal/process/task_queues:105:5)
    at async _handleRequest (webpack-internal:///(rsc)/./node_modules/@supabase/auth-js/dist/module/lib/fetch.js:115:18)
    at async _request (webpack-internal:///(rsc)/./node_modules/@supabase/auth-js/dist/module/lib/fetch.js:105:18)
    at async eval (webpack-internal:///(rsc)/./node_modules/@supabase/auth-js/dist/module/GoTrueClient.js:1543:24)
    at async eval (webpack-internal:///(rsc)/./node_modules/@supabase/auth-js/dist/module/lib/helpers.js:204:36)
[2025-10-23T20:22:46.362Z] [ERROR  ] fetch failed
TypeError: fetch failed
    at node:internal/deps/undici/undici:13502:13
    at process.processTicksAndRejections (node:internal/process/task_queues:105:5)
    at async _handleRequest (webpack-internal:///(rsc)/./node_modules/@supabase/auth-js/dist/module/lib/fetch.js:115:18)
    at async _request (webpack-internal:///(rsc)/./node_modules/@supabase/auth-js/dist/module/lib/fetch.js:105:18)
    at async eval (webpack-internal:///(rsc)/./node_modules/@supabase/auth-js/dist/module/GoTrueClient.js:1543:24)
    at async eval (webpack-internal:///(rsc)/./node_modules/@supabase/auth-js/dist/module/lib/helpers.js:204:36)
[2025-10-23T20:22:47.171Z] [ERROR  ] fetch failed
TypeError: fetch failed
    at node:internal/deps/undici/undici:13502:13
    at process.processTicksAndRejections (node:internal/process/task_queues:105:5)
    at async _handleRequest (webpack-internal:///(rsc)/./node_modules/@supabase/auth-js/dist/module/lib/fetch.js:115:18)
    at async _request (webpack-internal:///(rsc)/./node_modules/@supabase/auth-js/dist/module/lib/fetch.js:105:18)
    at async eval (webpack-internal:///(rsc)/./node_modules/@supabase/auth-js/dist/module/GoTrueClient.js:1543:24)
    at async eval (webpack-internal:///(rsc)/./node_modules/@supabase/auth-js/dist/module/lib/helpers.js:204:36)
[2025-10-23T20:22:48.778Z] [ERROR  ] fetch failed
TypeError: fetch failed
    at node:internal/deps/undici/undici:13502:13
    at process.processTicksAndRejections (node:internal/process/task_queues:105:5)
    at async _handleRequest (webpack-internal:///(rsc)/./node_modules/@supabase/auth-js/dist/module/lib/fetch.js:115:18)
    at async _request (webpack-internal:///(rsc)/./node_modules/@supabase/auth-js/dist/module/lib/fetch.js:105:18)
    at async eval (webpack-internal:///(rsc)/./node_modules/@supabase/auth-js/dist/module/GoTrueClient.js:1543:24)
    at async eval (webpack-internal:///(rsc)/./node_modules/@supabase/auth-js/dist/module/lib/helpers.js:204:36)
[2025-10-23T20:23:45.629Z] [ERROR  ] fetch failed
TypeError: fetch failed
    at node:internal/deps/undici/undici:13502:13
    at process.processTicksAndRejections (node:internal/process/task_queues:105:5)
    at async _handleRequest (webpack-internal:///(rsc)/./node_modules/@supabase/auth-js/dist/module/lib/fetch.js:115:18)
    at async _request (webpack-internal:///(rsc)/./node_modules/@supabase/auth-js/dist/module/lib/fetch.js:105:18)
    at async eval (webpack-internal:///(rsc)/./node_modules/@supabase/auth-js/dist/module/GoTrueClient.js:1543:24)
    at async eval (webpack-internal:///(rsc)/./node_modules/@supabase/auth-js/dist/module/lib/helpers.js:204:36)
[2025-10-23T20:23:45.633Z] [ERROR  ] fetch failed
AuthRetryableFetchError: fetch failed
    at _handleRequest (webpack-internal:///(rsc)/./node_modules/@supabase/auth-js/dist/module/lib/fetch.js:120:15)
    at process.processTicksAndRejections (node:internal/process/task_queues:105:5)
    at async _request (webpack-internal:///(rsc)/./node_modules/@supabase/auth-js/dist/module/lib/fetch.js:105:18)
    at async eval (webpack-internal:///(rsc)/./node_modules/@supabase/auth-js/dist/module/GoTrueClient.js:1543:24)
    at async eval (webpack-internal:///(rsc)/./node_modules/@supabase/auth-js/dist/module/lib/helpers.js:204:36)
[2025-10-23T20:23:45.634Z] [ERROR  ] fetch failed
AuthRetryableFetchError: fetch failed
    at _handleRequest (webpack-internal:///(rsc)/./node_modules/@supabase/auth-js/dist/module/lib/fetch.js:120:15)
    at process.processTicksAndRejections (node:internal/process/task_queues:105:5)
    at async _request (webpack-internal:///(rsc)/./node_modules/@supabase/auth-js/dist/module/lib/fetch.js:105:18)
    at async eval (webpack-internal:///(rsc)/./node_modules/@supabase/auth-js/dist/module/GoTrueClient.js:1543:24)
    at async eval (webpack-internal:///(rsc)/./node_modules/@supabase/auth-js/dist/module/lib/helpers.js:204:36)
[2025-10-23T20:23:45.646Z] [ERROR  ] fetch failed
TypeError: fetch failed
    at node:internal/deps/undici/undici:13502:13
    at process.processTicksAndRejections (node:internal/process/task_queues:105:5)
    at async _handleRequest (webpack-internal:///(rsc)/./node_modules/@supabase/auth-js/dist/module/lib/fetch.js:115:18)
    at async _request (webpack-internal:///(rsc)/./node_modules/@supabase/auth-js/dist/module/lib/fetch.js:105:18)
    at async eval (webpack-internal:///(rsc)/./node_modules/@supabase/auth-js/dist/module/GoTrueClient.js:1543:24)
    at async eval (webpack-internal:///(rsc)/./node_modules/@supabase/auth-js/dist/module/lib/helpers.js:204:36)
[2025-10-23T20:23:45.854Z] [ERROR  ] fetch failed
TypeError: fetch failed
    at node:internal/deps/undici/undici:13502:13
    at process.processTicksAndRejections (node:internal/process/task_queues:105:5)
    at async _handleRequest (webpack-internal:///(rsc)/./node_modules/@supabase/auth-js/dist/module/lib/fetch.js:115:18)
    at async _request (webpack-internal:///(rsc)/./node_modules/@supabase/auth-js/dist/module/lib/fetch.js:105:18)
    at async eval (webpack-internal:///(rsc)/./node_modules/@supabase/auth-js/dist/module/GoTrueClient.js:1543:24)
    at async eval (webpack-internal:///(rsc)/./node_modules/@supabase/auth-js/dist/module/lib/helpers.js:204:36)
[2025-10-23T20:23:46.263Z] [ERROR  ] fetch failed
TypeError: fetch failed
    at node:internal/deps/undici/undici:13502:13
    at process.processTicksAndRejections (node:internal/process/task_queues:105:5)
    at async _handleRequest (webpack-internal:///(rsc)/./node_modules/@supabase/auth-js/dist/module/lib/fetch.js:115:18)
    at async _request (webpack-internal:///(rsc)/./node_modules/@supabase/auth-js/dist/module/lib/fetch.js:105:18)
    at async eval (webpack-internal:///(rsc)/./node_modules/@supabase/auth-js/dist/module/GoTrueClient.js:1543:24)
    at async eval (webpack-internal:///(rsc)/./node_modules/@supabase/auth-js/dist/module/lib/helpers.js:204:36)
[2025-10-23T20:23:47.072Z] [ERROR  ] fetch failed
TypeError: fetch failed
    at node:internal/deps/undici/undici:13502:13
    at process.processTicksAndRejections (node:internal/process/task_queues:105:5)
    at async _handleRequest (webpack-internal:///(rsc)/./node_modules/@supabase/auth-js/dist/module/lib/fetch.js:115:18)
    at async _request (webpack-internal:///(rsc)/./node_modules/@supabase/auth-js/dist/module/lib/fetch.js:105:18)
    at async eval (webpack-internal:///(rsc)/./node_modules/@supabase/auth-js/dist/module/GoTrueClient.js:1543:24)
    at async eval (webpack-internal:///(rsc)/./node_modules/@supabase/auth-js/dist/module/lib/helpers.js:204:36)
[2025-10-23T20:23:48.681Z] [ERROR  ] fetch failed
TypeError: fetch failed
    at node:internal/deps/undici/undici:13502:13
    at process.processTicksAndRejections (node:internal/process/task_queues:105:5)
    at async _handleRequest (webpack-internal:///(rsc)/./node_modules/@supabase/auth-js/dist/module/lib/fetch.js:115:18)
    at async _request (webpack-internal:///(rsc)/./node_modules/@supabase/auth-js/dist/module/lib/fetch.js:105:18)
    at async eval (webpack-internal:///(rsc)/./node_modules/@supabase/auth-js/dist/module/GoTrueClient.js:1543:24)
    at async eval (webpack-internal:///(rsc)/./node_modules/@supabase/auth-js/dist/module/lib/helpers.js:204:36)
[2025-10-23T20:23:51.896Z] [ERROR  ] fetch failed
TypeError: fetch failed
    at node:internal/deps/undici/undici:13502:13
    at process.processTicksAndRejections (node:internal/process/task_queues:105:5)
    at async _handleRequest (webpack-internal:///(rsc)/./node_modules/@supabase/auth-js/dist/module/lib/fetch.js:115:18)
    at async _request (webpack-internal:///(rsc)/./node_modules/@supabase/auth-js/dist/module/lib/fetch.js:105:18)
    at async eval (webpack-internal:///(rsc)/./node_modules/@supabase/auth-js/dist/module/GoTrueClient.js:1543:24)
    at async eval (webpack-internal:///(rsc)/./node_modules/@supabase/auth-js/dist/module/lib/helpers.js:204:36)
[2025-10-23T20:24:41.418Z] [ERROR  ] fetch failed
TypeError: fetch failed
    at node:internal/deps/undici/undici:13502:13
    at process.processTicksAndRejections (node:internal/process/task_queues:105:5)
    at async _handleRequest (webpack-internal:///(rsc)/./node_modules/@supabase/auth-js/dist/module/lib/fetch.js:115:18)
    at async _request (webpack-internal:///(rsc)/./node_modules/@supabase/auth-js/dist/module/lib/fetch.js:105:18)
    at async eval (webpack-internal:///(rsc)/./node_modules/@supabase/auth-js/dist/module/GoTrueClient.js:1543:24)
    at async eval (webpack-internal:///(rsc)/./node_modules/@supabase/auth-js/dist/module/lib/helpers.js:204:36)
[2025-10-23T20:50:51.488Z] [ERROR  ] fetch failed
TypeError: fetch failed
    at node:internal/deps/undici/undici:13502:13
    at process.processTicksAndRejections (node:internal/process/task_queues:105:5)
    at async _handleRequest (webpack-internal:///(rsc)/./node_modules/@supabase/auth-js/dist/module/lib/fetch.js:115:18)
    at async _request (webpack-internal:///(rsc)/./node_modules/@supabase/auth-js/dist/module/lib/fetch.js:105:18)
    at async eval (webpack-internal:///(rsc)/./node_modules/@supabase/auth-js/dist/module/GoTrueClient.js:1543:24)
    at async eval (webpack-internal:///(rsc)/./node_modules/@supabase/auth-js/dist/module/lib/helpers.js:204:36)
[2025-10-23T20:50:51.697Z] [ERROR  ] fetch failed
TypeError: fetch failed
    at node:internal/deps/undici/undici:13502:13
    at process.processTicksAndRejections (node:internal/process/task_queues:105:5)
    at async _handleRequest (webpack-internal:///(rsc)/./node_modules/@supabase/auth-js/dist/module/lib/fetch.js:115:18)
    at async _request (webpack-internal:///(rsc)/./node_modules/@supabase/auth-js/dist/module/lib/fetch.js:105:18)
    at async eval (webpack-internal:///(rsc)/./node_modules/@supabase/auth-js/dist/module/GoTrueClient.js:1543:24)
    at async eval (webpack-internal:///(rsc)/./node_modules/@supabase/auth-js/dist/module/lib/helpers.js:204:36)
[2025-10-23T20:50:52.106Z] [ERROR  ] fetch failed
TypeError: fetch failed
    at node:internal/deps/undici/undici:13502:13
    at process.processTicksAndRejections (node:internal/process/task_queues:105:5)
    at async _handleRequest (webpack-internal:///(rsc)/./node_modules/@supabase/auth-js/dist/module/lib/fetch.js:115:18)
    at async _request (webpack-internal:///(rsc)/./node_modules/@supabase/auth-js/dist/module/lib/fetch.js:105:18)
    at async eval (webpack-internal:///(rsc)/./node_modules/@supabase/auth-js/dist/module/GoTrueClient.js:1543:24)
    at async eval (webpack-internal:///(rsc)/./node_modules/@supabase/auth-js/dist/module/lib/helpers.js:204:36)
[2025-10-23T20:50:52.916Z] [ERROR  ] fetch failed
TypeError: fetch failed
    at node:internal/deps/undici/undici:13502:13
    at process.processTicksAndRejections (node:internal/process/task_queues:105:5)
    at async _handleRequest (webpack-internal:///(rsc)/./node_modules/@supabase/auth-js/dist/module/lib/fetch.js:115:18)
    at async _request (webpack-internal:///(rsc)/./node_modules/@supabase/auth-js/dist/module/lib/fetch.js:105:18)
    at async eval (webpack-internal:///(rsc)/./node_modules/@supabase/auth-js/dist/module/GoTrueClient.js:1543:24)
    at async eval (webpack-internal:///(rsc)/./node_modules/@supabase/auth-js/dist/module/lib/helpers.js:204:36)
[2025-10-23T20:50:54.525Z] [ERROR  ] fetch failed
TypeError: fetch failed
    at node:internal/deps/undici/undici:13502:13
    at process.processTicksAndRejections (node:internal/process/task_queues:105:5)
    at async _handleRequest (webpack-internal:///(rsc)/./node_modules/@supabase/auth-js/dist/module/lib/fetch.js:115:18)
    at async _request (webpack-internal:///(rsc)/./node_modules/@supabase/auth-js/dist/module/lib/fetch.js:105:18)
    at async eval (webpack-internal:///(rsc)/./node_modules/@supabase/auth-js/dist/module/GoTrueClient.js:1543:24)
    at async eval (webpack-internal:///(rsc)/./node_modules/@supabase/auth-js/dist/module/lib/helpers.js:204:36)
[2025-10-23T20:51:54.382Z] [ERROR  ] fetch failed
TypeError: fetch failed
    at node:internal/deps/undici/undici:13502:13
    at process.processTicksAndRejections (node:internal/process/task_queues:105:5)
    at async _handleRequest (webpack-internal:///(rsc)/./node_modules/@supabase/auth-js/dist/module/lib/fetch.js:115:18)
    at async _request (webpack-internal:///(rsc)/./node_modules/@supabase/auth-js/dist/module/lib/fetch.js:105:18)
    at async eval (webpack-internal:///(rsc)/./node_modules/@supabase/auth-js/dist/module/GoTrueClient.js:1543:24)
    at async eval (webpack-internal:///(rsc)/./node_modules/@supabase/auth-js/dist/module/lib/helpers.js:204:36)
[2025-10-23T20:51:54.386Z] [ERROR  ] fetch failed
AuthRetryableFetchError: fetch failed
    at _handleRequest (webpack-internal:///(rsc)/./node_modules/@supabase/auth-js/dist/module/lib/fetch.js:120:15)
    at process.processTicksAndRejections (node:internal/process/task_queues:105:5)
    at async _request (webpack-internal:///(rsc)/./node_modules/@supabase/auth-js/dist/module/lib/fetch.js:105:18)
    at async eval (webpack-internal:///(rsc)/./node_modules/@supabase/auth-js/dist/module/GoTrueClient.js:1543:24)
    at async eval (webpack-internal:///(rsc)/./node_modules/@supabase/auth-js/dist/module/lib/helpers.js:204:36)
[2025-10-23T20:51:54.386Z] [ERROR  ] fetch failed
AuthRetryableFetchError: fetch failed
    at _handleRequest (webpack-internal:///(rsc)/./node_modules/@supabase/auth-js/dist/module/lib/fetch.js:120:15)
    at process.processTicksAndRejections (node:internal/process/task_queues:105:5)
    at async _request (webpack-internal:///(rsc)/./node_modules/@supabase/auth-js/dist/module/lib/fetch.js:105:18)
    at async eval (webpack-internal:///(rsc)/./node_modules/@supabase/auth-js/dist/module/GoTrueClient.js:1543:24)
    at async eval (webpack-internal:///(rsc)/./node_modules/@supabase/auth-js/dist/module/lib/helpers.js:204:36)
[2025-10-23T20:51:54.393Z] [ERROR  ] fetch failed
TypeError: fetch failed
    at node:internal/deps/undici/undici:13502:13
    at process.processTicksAndRejections (node:internal/process/task_queues:105:5)
    at async _handleRequest (webpack-internal:///(rsc)/./node_modules/@supabase/auth-js/dist/module/lib/fetch.js:115:18)
    at async _request (webpack-internal:///(rsc)/./node_modules/@supabase/auth-js/dist/module/lib/fetch.js:105:18)
    at async eval (webpack-internal:///(rsc)/./node_modules/@supabase/auth-js/dist/module/GoTrueClient.js:1543:24)
    at async eval (webpack-internal:///(rsc)/./node_modules/@supabase/auth-js/dist/module/lib/helpers.js:204:36)
[2025-10-23T20:51:54.604Z] [ERROR  ] fetch failed
TypeError: fetch failed
    at node:internal/deps/undici/undici:13502:13
    at process.processTicksAndRejections (node:internal/process/task_queues:105:5)
    at async _handleRequest (webpack-internal:///(rsc)/./node_modules/@supabase/auth-js/dist/module/lib/fetch.js:115:18)
    at async _request (webpack-internal:///(rsc)/./node_modules/@supabase/auth-js/dist/module/lib/fetch.js:105:18)
    at async eval (webpack-internal:///(rsc)/./node_modules/@supabase/auth-js/dist/module/GoTrueClient.js:1543:24)
    at async eval (webpack-internal:///(rsc)/./node_modules/@supabase/auth-js/dist/module/lib/helpers.js:204:36)
[2025-10-23T20:51:55.014Z] [ERROR  ] fetch failed
TypeError: fetch failed
    at node:internal/deps/undici/undici:13502:13
    at process.processTicksAndRejections (node:internal/process/task_queues:105:5)
    at async _handleRequest (webpack-internal:///(rsc)/./node_modules/@supabase/auth-js/dist/module/lib/fetch.js:115:18)
    at async _request (webpack-internal:///(rsc)/./node_modules/@supabase/auth-js/dist/module/lib/fetch.js:105:18)
    at async eval (webpack-internal:///(rsc)/./node_modules/@supabase/auth-js/dist/module/GoTrueClient.js:1543:24)
    at async eval (webpack-internal:///(rsc)/./node_modules/@supabase/auth-js/dist/module/lib/helpers.js:204:36)
[2025-10-23T20:51:55.825Z] [ERROR  ] fetch failed
TypeError: fetch failed
    at node:internal/deps/undici/undici:13502:13
    at process.processTicksAndRejections (node:internal/process/task_queues:105:5)
    at async _handleRequest (webpack-internal:///(rsc)/./node_modules/@supabase/auth-js/dist/module/lib/fetch.js:115:18)
    at async _request (webpack-internal:///(rsc)/./node_modules/@supabase/auth-js/dist/module/lib/fetch.js:105:18)
    at async eval (webpack-internal:///(rsc)/./node_modules/@supabase/auth-js/dist/module/GoTrueClient.js:1543:24)
    at async eval (webpack-internal:///(rsc)/./node_modules/@supabase/auth-js/dist/module/lib/helpers.js:204:36)
[2025-10-23T20:51:57.435Z] [ERROR  ] fetch failed
TypeError: fetch failed
    at node:internal/deps/undici/undici:13502:13
    at process.processTicksAndRejections (node:internal/process/task_queues:105:5)
    at async _handleRequest (webpack-internal:///(rsc)/./node_modules/@supabase/auth-js/dist/module/lib/fetch.js:115:18)
    at async _request (webpack-internal:///(rsc)/./node_modules/@supabase/auth-js/dist/module/lib/fetch.js:105:18)
    at async eval (webpack-internal:///(rsc)/./node_modules/@supabase/auth-js/dist/module/GoTrueClient.js:1543:24)
    at async eval (webpack-internal:///(rsc)/./node_modules/@supabase/auth-js/dist/module/lib/helpers.js:204:36)
[2025-10-23T20:52:46.906Z] [ERROR  ] fetch failed
TypeError: fetch failed
    at node:internal/deps/undici/undici:13502:13
    at process.processTicksAndRejections (node:internal/process/task_queues:105:5)
    at async _handleRequest (webpack-internal:///(rsc)/./node_modules/@supabase/auth-js/dist/module/lib/fetch.js:115:18)
    at async _request (webpack-internal:///(rsc)/./node_modules/@supabase/auth-js/dist/module/lib/fetch.js:105:18)
    at async eval (webpack-internal:///(rsc)/./node_modules/@supabase/auth-js/dist/module/GoTrueClient.js:1543:24)
    at async eval (webpack-internal:///(rsc)/./node_modules/@supabase/auth-js/dist/module/lib/helpers.js:204:36)
[2025-10-23T21:01:54.969Z] [INFO   ] 2025-10-23T21:01:54.969Z [DEBUG] [Middleware] Username check: {"path":"/workflows/ai-agent","userId":"a3e3a51a-175c-4b59-ad03-227ba12a18b0","provider":"email","role":"admin","username":"nstoddard17","hasUsername":true,"isBetaTester":false,"isNewBetaUser":false,"accountAge":12686627570}
[2025-10-23T21:01:55.233Z] [INFO   ] 2025-10-23T21:01:55.233Z [DEBUG] 💧 [AUTH] Rehydrating auth state from storage {"hasState":true,"hasUser":false,"initialized":false,"timestamp":"2025-10-23T21:01:55.233Z"}
[2025-10-23T21:01:55.242Z] [INFO   ] 2025-10-23T21:01:55.241Z [DEBUG] 💧 [AUTH] State hydrated and reset {"hasUser":false,"initialized":false,"timestamp":"2025-10-23T21:01:55.241Z"}
[2025-10-23T21:01:55.242Z] [INFO   ] 2025-10-23T21:01:55.242Z [DEBUG] ⏭️ [AUTH] Skipping initialization {"hasState":true,"alreadyInitialized":false,"isClient":false,"timestamp":"2025-10-23T21:01:55.242Z"}
[2025-10-23T21:01:55.589Z] [INFO   ] 2025-10-23T21:01:55.589Z [DEBUG] [Username Check] {"userId":"a3e3a51a-175c-4b59-ad03-227ba12a18b0","hasEmail":true,"provider":"email","hasUsername":true,"isGoogleUser":false}

=== Log Session Ended: 2025-10-23T21:01:57.004Z ===
