=== Log Session Started: 2025-10-24T21:49:45.742Z ===
Node Version: v23.7.0
Platform: darwin
Working Directory: /Users/nathanielstoddard/chainreact-app/chainreact-app-9e
================================================================================

[2025-10-24T21:49:45.742Z] [INFO   ] File logging initialized
[2025-10-24T21:49:45.743Z] [INFO   ] Log file: /Users/nathanielstoddard/chainreact-app/chainreact-app-9e/logs/workflow_2025-10-24_16-49-45.log
[2025-10-24T21:49:45.749Z] [INFO   ] Deleted old log file: workflow_2025-10-17_15-46-00.log
[2025-10-24T21:49:45.750Z] [INFO   ] 📁 File logging enabled
[2025-10-24T21:49:45.750Z] [INFO   ] 📝 Logs will be written to: /Users/nathanielstoddard/chainreact-app/chainreact-app-9e/logs/workflow_2025-10-24_16-49-45.log
[2025-10-24T21:49:45.750Z] [INFO   ] 💡 To view logs in real-time: tail -f /Users/nathanielstoddard/chainreact-app/chainreact-app-9e/logs/workflow_2025-10-24_16-49-45.log
[2025-10-24T21:49:45.750Z] [INFO   ] 💡 To view all logs: cat /Users/nathanielstoddard/chainreact-app/chainreact-app-9e/logs/workflow_2025-10-24_16-49-45.log
[2025-10-24T21:49:45.750Z] [INFO   ] 💡 To share logs: Copy the file at /Users/nathanielstoddard/chainreact-app/chainreact-app-9e/logs/workflow_2025-10-24_16-49-45.log
[2025-10-24T21:49:45.750Z] [INFO   ] --------------------------------------------------------------------------------
[2025-10-24T21:49:45.751Z] [DEBUG  ] 📁 File logging system initialized
=== Log Session Started: 2025-10-24T21:49:45.751Z ===
Node Version: v23.7.0
Platform: darwin
Working Directory: /Users/nathanielstoddard/chainreact-app/chainreact-app-9e
================================================================================

[2025-10-24T21:49:45.752Z] [INFO   ] File logging initialized
[2025-10-24T21:49:45.753Z] [INFO   ] Log file: /Users/nathanielstoddard/chainreact-app/chainreact-app-9e/logs/workflow_2025-10-24_16-49-45.log
[2025-10-24T21:49:45.761Z] [INFO   ] 📁 File logging enabled
[2025-10-24T21:49:45.762Z] [INFO   ] 📝 Logs will be written to: /Users/nathanielstoddard/chainreact-app/chainreact-app-9e/logs/workflow_2025-10-24_16-49-45.log
[2025-10-24T21:49:45.762Z] [INFO   ] 💡 To view logs in real-time: tail -f /Users/nathanielstoddard/chainreact-app/chainreact-app-9e/logs/workflow_2025-10-24_16-49-45.log
[2025-10-24T21:49:45.762Z] [INFO   ] 💡 To view all logs: cat /Users/nathanielstoddard/chainreact-app/chainreact-app-9e/logs/workflow_2025-10-24_16-49-45.log
[2025-10-24T21:49:45.762Z] [INFO   ] 💡 To share logs: Copy the file at /Users/nathanielstoddard/chainreact-app/chainreact-app-9e/logs/workflow_2025-10-24_16-49-45.log
[2025-10-24T21:49:45.762Z] [INFO   ] --------------------------------------------------------------------------------
[2025-10-24T21:49:45.762Z] [DEBUG  ] 📁 File logging system initialized
[2025-10-24T21:49:45.768Z] [INFO   ]  [32m[1m✓[22m[39m Ready in 9.5s
[2025-10-24T21:49:45.780Z] [INFO   ]  ✓ Ready in 9.6s
[2025-10-24T21:49:46.760Z] [INFO   ] 2025-10-24T21:49:46.760Z [DEBUG] 🤖 Discord bot configured, initializing gateway connection in background...
[2025-10-24T21:49:46.792Z] [INFO   ] 2025-10-24T21:49:46.792Z [DEBUG] 🤖 Discord bot configured, initializing gateway connection in background...
[2025-10-24T21:49:49.156Z] [INFO   ] 2025-10-24T21:49:49.155Z [DEBUG] Initializing Discord Gateway connection (singleton)...
[2025-10-24T21:49:49.156Z] [INFO   ] 2025-10-24T21:49:49.156Z [DEBUG] 🔑 Discord bot token loaded
[2025-10-24T21:49:49.160Z] [INFO   ] 2025-10-24T21:49:49.159Z [DEBUG] Initializing Discord Gateway connection (singleton)...
[2025-10-24T21:49:49.160Z] [INFO   ] 2025-10-24T21:49:49.160Z [DEBUG] 🔑 Discord bot token loaded
[2025-10-24T21:49:49.318Z] [INFO   ] 2025-10-24T21:49:49.317Z [DEBUG] Discord Gateway initialization complete
[2025-10-24T21:49:49.318Z] [INFO   ] 2025-10-24T21:49:49.318Z [DEBUG] ✅ Discord bot gateway connection initialized
[2025-10-24T21:49:50.714Z] [WARN   ] 2025-10-24T21:49:50.713Z [WARN] Discord Gateway rate limited. Waiting 4s before retrying.
[2025-10-24T21:49:50.804Z] [INFO   ] 2025-10-24T21:49:50.804Z [DEBUG] Discord Gateway WebSocket connection established
[2025-10-24T21:49:50.806Z] [INFO   ] 2025-10-24T21:49:50.805Z [DEBUG] 🔑 Sending identify with intents: {"GUILDS":true,"GUILD_MEMBERS":true,"GUILD_INVITES":true,"GUILD_MESSAGES":true,"MESSAGE_CONTENT":true,"intentsValue":33347}
[2025-10-24T21:49:51.032Z] [INFO   ] 2025-10-24T21:49:51.032Z [DEBUG] 🎉 Discord bot ready! {"sessionId":"67eebd23570090f274b549c8b463108b","username":"ChainReact-Bot","userId":"1378595955212812308","guildCount":2}
[2025-10-24T21:49:51.032Z] [INFO   ] 2025-10-24T21:49:51.032Z [DEBUG] 📋 Initializing invite cache...
[2025-10-24T21:49:51.033Z] [INFO   ] 2025-10-24T21:49:51.033Z [DEBUG] 📡 Discord event received: GUILD_CREATE
[2025-10-24T21:49:51.043Z] [INFO   ] 2025-10-24T21:49:51.043Z [DEBUG] 📡 Discord event received: GUILD_CREATE
[2025-10-24T21:49:51.212Z] [INFO   ] 2025-10-24T21:49:51.212Z [DEBUG] ✅ Cached 3 invites for guild 1378950884045623406
[2025-10-24T21:49:54.718Z] [INFO   ] 2025-10-24T21:49:54.718Z [DEBUG] Discord Gateway: Scheduling reconnection attempt 1 in 60s
[2025-10-24T21:49:54.719Z] [INFO   ] 2025-10-24T21:49:54.719Z [DEBUG] Discord Gateway initialization complete
[2025-10-24T21:49:54.720Z] [INFO   ] 2025-10-24T21:49:54.720Z [DEBUG] ✅ Discord bot gateway connection initialized
[2025-10-24T21:50:54.726Z] [INFO   ] 2025-10-24T21:50:54.725Z [DEBUG] 🔑 Discord bot token loaded
[2025-10-24T21:50:55.009Z] [INFO   ] 2025-10-24T21:50:55.009Z [DEBUG] Discord Gateway WebSocket connection established
[2025-10-24T21:50:55.011Z] [INFO   ] 2025-10-24T21:50:55.011Z [DEBUG] 🔑 Sending identify with intents: {"GUILDS":true,"GUILD_MEMBERS":true,"GUILD_INVITES":true,"GUILD_MESSAGES":true,"MESSAGE_CONTENT":true,"intentsValue":33347}
[2025-10-24T21:50:55.168Z] [INFO   ] 2025-10-24T21:50:55.168Z [DEBUG] 🎉 Discord bot ready! {"sessionId":"3e478a4da1726da5d8ea0448891c8e0f","username":"ChainReact-Bot","userId":"1378595955212812308","guildCount":2}
[2025-10-24T21:50:55.169Z] [INFO   ] 2025-10-24T21:50:55.168Z [DEBUG] 📋 Initializing invite cache...
[2025-10-24T21:50:55.171Z] [INFO   ] 2025-10-24T21:50:55.171Z [DEBUG] 📡 Discord event received: GUILD_CREATE
[2025-10-24T21:50:55.203Z] [INFO   ] 2025-10-24T21:50:55.203Z [DEBUG] 📡 Discord event received: GUILD_CREATE
[2025-10-24T21:50:55.340Z] [INFO   ] 2025-10-24T21:50:55.340Z [DEBUG] ✅ Cached 3 invites for guild 1378950884045623406
[2025-10-24T21:53:17.242Z] [INFO   ]  [37m[1m○[22m[39m Compiling /middleware ...
[2025-10-24T21:53:17.260Z] [INFO   ]  [32m[1m✓[22m[39m Compiled /middleware in 585ms (233 modules)
[2025-10-24T21:53:17.701Z] [INFO   ] 2025-10-24T21:53:17.697Z [DEBUG] [Middleware] Username check: {"path":"/workflows","userId":"a3e3a51a-175c-4b59-ad03-227ba12a18b0","provider":"email","role":"admin","username":"nstoddard17","hasUsername":true,"isBetaTester":false,"isNewBetaUser":false,"accountAge":12776110298}
[2025-10-24T21:53:18.240Z] [INFO   ]  [37m[1m○[22m[39m Compiling /workflows ...
[2025-10-24T21:53:24.754Z] [INFO   ]  [32m[1m✓[22m[39m Compiled /api/presence/count in 7s (4058 modules)
[2025-10-24T21:53:25.164Z] [INFO   ] 2025-10-24T21:53:25.164Z [DEBUG] 💧 [AUTH] Rehydrating auth state from storage {"hasState":true,"hasUser":false,"initialized":false,"timestamp":"2025-10-24T21:53:25.164Z"}
[2025-10-24T21:53:25.167Z] [INFO   ] 2025-10-24T21:53:25.167Z [DEBUG] 💧 [AUTH] State hydrated and reset {"hasUser":false,"initialized":false,"timestamp":"2025-10-24T21:53:25.167Z"}
[2025-10-24T21:53:25.167Z] [INFO   ] 2025-10-24T21:53:25.167Z [DEBUG] ⏭️ [AUTH] Skipping initialization {"hasState":true,"alreadyInitialized":false,"isClient":false,"timestamp":"2025-10-24T21:53:25.167Z"}
[2025-10-24T21:53:25.444Z] [INFO   ] 2025-10-24T21:53:25.443Z [DEBUG] [Username Check] {"userId":"a3e3a51a-175c-4b59-ad03-227ba12a18b0","hasEmail":true,"provider":"email","hasUsername":true,"isGoogleUser":false}
[2025-10-24T21:53:26.153Z] [INFO   ]  [37m[1m○[22m[39m Compiling /api/auth/profile ...
[2025-10-24T21:53:27.380Z] [INFO   ]  [32m[1m✓[22m[39m Compiled /api/integrations in 1740ms (4050 modules)
[2025-10-24T21:53:27.487Z] [INFO   ] 2025-10-24T21:53:27.487Z [DEBUG] 📍 [API /api/integrations] GET request received {"timestamp":"2025-10-24T21:53:27.487Z","headers":{"referer":"check-console"}}
[2025-10-24T21:53:27.584Z] [INFO   ] 2025-10-24T21:53:27.584Z [DEBUG] ✅ [API /api/integrations] User authenticated {"userId":"a3e3a51a-175c-4b59-ad03-227ba12a18b0"}
[2025-10-24T21:53:27.683Z] [INFO   ] 2025-10-24T21:53:27.683Z [DEBUG] 📊 [API /api/integrations] Query result {"count":14,"error":null,"firstFew":[{"provider":"notion","status":"connected"},{"provider":"mailchimp","status":"connected"}]}
[2025-10-24T21:53:28.870Z] [INFO   ]  [37m[1m○[22m[39m Compiling /api/analytics/workflow-stats ...
[2025-10-24T21:53:28.980Z] [INFO   ]  [32m[1m✓[22m[39m Compiled /api/analytics/workflow-stats in 663ms (4058 modules)
[2025-10-24T21:55:29.367Z] [INFO   ]  [37m[1m○[22m[39m Compiling /api/workflows/[id] ...
[2025-10-24T21:55:35.073Z] [INFO   ]  [32m[1m✓[22m[39m Compiled /api/workflows/[id] in 6.2s (6243 modules)
[2025-10-24T21:55:37.979Z] [INFO   ] 2025-10-24T21:55:37.979Z [DEBUG] 📝 Registered trigger provider: microsoft
[2025-10-24T21:55:37.980Z] [INFO   ] 2025-10-24T21:55:37.980Z [DEBUG] 📝 Registered trigger provider: microsoft-outlook
[2025-10-24T21:55:37.980Z] [INFO   ] 2025-10-24T21:55:37.980Z [DEBUG] 📝 Registered trigger provider: teams
[2025-10-24T21:55:37.980Z] [INFO   ] 2025-10-24T21:55:37.980Z [DEBUG] 📝 Registered trigger provider: microsoft-onenote
[2025-10-24T21:55:37.980Z] [INFO   ] 2025-10-24T21:55:37.980Z [DEBUG] 📝 Registered trigger provider: onedrive
[2025-10-24T21:55:37.980Z] [INFO   ] 2025-10-24T21:55:37.980Z [DEBUG] 📝 Registered trigger provider: airtable
[2025-10-24T21:55:37.980Z] [INFO   ] 2025-10-24T21:55:37.980Z [DEBUG] 📝 Registered trigger provider: discord
[2025-10-24T21:55:37.980Z] [INFO   ] 2025-10-24T21:55:37.980Z [DEBUG] 📝 Registered trigger provider: slack
[2025-10-24T21:55:37.981Z] [INFO   ] 2025-10-24T21:55:37.980Z [DEBUG] 📝 Registered trigger provider: gmail
[2025-10-24T21:55:37.981Z] [INFO   ] 2025-10-24T21:55:37.981Z [DEBUG] 📝 Registered trigger provider: google-calendar
[2025-10-24T21:55:37.981Z] [INFO   ] 2025-10-24T21:55:37.981Z [DEBUG] 📝 Registered trigger provider: google-drive
[2025-10-24T21:55:37.981Z] [INFO   ] 2025-10-24T21:55:37.981Z [DEBUG] 📝 Registered trigger provider: google-sheets
[2025-10-24T21:55:37.981Z] [INFO   ] 2025-10-24T21:55:37.981Z [DEBUG] 📝 Registered trigger provider: google-docs
[2025-10-24T21:55:37.981Z] [INFO   ] 2025-10-24T21:55:37.981Z [DEBUG] 📝 Registered trigger provider: stripe
[2025-10-24T21:55:37.981Z] [INFO   ] 2025-10-24T21:55:37.981Z [DEBUG] 📝 Registered trigger provider: shopify
[2025-10-24T21:55:37.981Z] [INFO   ] 2025-10-24T21:55:37.981Z [DEBUG] 📝 Registered trigger provider: notion
[2025-10-24T21:55:37.981Z] [INFO   ] 2025-10-24T21:55:37.981Z [DEBUG] 📝 Registered trigger provider: hubspot
[2025-10-24T21:55:37.981Z] [INFO   ] 2025-10-24T21:55:37.981Z [DEBUG] 📝 Registered trigger provider: utility
[2025-10-24T21:55:37.981Z] [INFO   ] 2025-10-24T21:55:37.981Z [DEBUG] ✅ Trigger lifecycle providers registered: ["microsoft","microsoft-outlook","teams","microsoft-onenote","onedrive","airtable","discord","slack","gmail","google-calendar","google-drive","google-sheets","google-docs","stripe","shopify","notion","hubspot","utility"]
[2025-10-24T21:55:38.065Z] [INFO   ] 2025-10-24T21:55:38.064Z [DEBUG] ℹ️ No trigger resources found for workflow 3826f31e-669e-455a-adf9-dbc59a0788bd
[2025-10-24T21:55:38.066Z] [INFO   ] 2025-10-24T21:55:38.066Z [DEBUG] ♻️ Deleted lifecycle-managed triggers before deleting workflow {"workflowId":"3826f31e-669e-455a-adf9-dbc59a0788bd"}
[2025-10-24T21:55:38.157Z] [INFO   ] 2025-10-24T21:55:38.157Z [DEBUG] 🔗 Unregistering all webhooks for workflow 3826f31e-669e-455a-adf9-dbc59a0788bd
[2025-10-24T21:55:38.163Z] [INFO   ] 2025-10-24T21:55:38.163Z [DEBUG] ℹ️ No trigger resources found for workflow ac82bff5-bac7-4dfd-8254-3083fb00de4f
[2025-10-24T21:55:38.163Z] [INFO   ] 2025-10-24T21:55:38.163Z [DEBUG] ♻️ Deleted lifecycle-managed triggers before deleting workflow {"workflowId":"ac82bff5-bac7-4dfd-8254-3083fb00de4f"}
[2025-10-24T21:55:38.163Z] [INFO   ] 2025-10-24T21:55:38.163Z [DEBUG] 🔗 Unregistering all webhooks for workflow ac82bff5-bac7-4dfd-8254-3083fb00de4f
[2025-10-24T21:55:38.164Z] [INFO   ] 2025-10-24T21:55:38.164Z [DEBUG] ℹ️ No trigger resources found for workflow cb284c19-840c-4bfc-ba62-5a18201c93fe
[2025-10-24T21:55:38.164Z] [INFO   ] 2025-10-24T21:55:38.164Z [DEBUG] ♻️ Deleted lifecycle-managed triggers before deleting workflow {"workflowId":"cb284c19-840c-4bfc-ba62-5a18201c93fe"}
[2025-10-24T21:55:38.164Z] [INFO   ] 2025-10-24T21:55:38.164Z [DEBUG] 🔗 Unregistering all webhooks for workflow cb284c19-840c-4bfc-ba62-5a18201c93fe
[2025-10-24T21:55:38.164Z] [INFO   ] 2025-10-24T21:55:38.164Z [DEBUG] ℹ️ No trigger resources found for workflow 15d7e5c6-8fa1-47f6-ba17-fbb5d00e8f64
[2025-10-24T21:55:38.164Z] [INFO   ] 2025-10-24T21:55:38.164Z [DEBUG] ♻️ Deleted lifecycle-managed triggers before deleting workflow {"workflowId":"15d7e5c6-8fa1-47f6-ba17-fbb5d00e8f64"}
[2025-10-24T21:55:38.165Z] [INFO   ] 2025-10-24T21:55:38.165Z [DEBUG] 🔗 Unregistering all webhooks for workflow 15d7e5c6-8fa1-47f6-ba17-fbb5d00e8f64
[2025-10-24T21:55:38.165Z] [INFO   ] 2025-10-24T21:55:38.165Z [DEBUG] ℹ️ No trigger resources found for workflow ace93348-69fa-47df-b15e-47aaca079de0
[2025-10-24T21:55:38.165Z] [INFO   ] 2025-10-24T21:55:38.165Z [DEBUG] ♻️ Deleted lifecycle-managed triggers before deleting workflow {"workflowId":"ace93348-69fa-47df-b15e-47aaca079de0"}
[2025-10-24T21:55:38.165Z] [INFO   ] 2025-10-24T21:55:38.165Z [DEBUG] 🔗 Unregistering all webhooks for workflow ace93348-69fa-47df-b15e-47aaca079de0
[2025-10-24T21:55:38.166Z] [INFO   ] 2025-10-24T21:55:38.166Z [DEBUG] ℹ️ No trigger resources found for workflow 5ea8115a-45ee-4c8a-a6e7-689e2fa92c9f
[2025-10-24T21:55:38.166Z] [INFO   ] 2025-10-24T21:55:38.166Z [DEBUG] ♻️ Deleted lifecycle-managed triggers before deleting workflow {"workflowId":"5ea8115a-45ee-4c8a-a6e7-689e2fa92c9f"}
[2025-10-24T21:55:38.166Z] [INFO   ] 2025-10-24T21:55:38.166Z [DEBUG] 🔗 Unregistering all webhooks for workflow 5ea8115a-45ee-4c8a-a6e7-689e2fa92c9f
[2025-10-24T21:55:38.239Z] [INFO   ] 2025-10-24T21:55:38.239Z [DEBUG] No webhooks found for this workflow
[2025-10-24T21:55:38.240Z] [INFO   ] 2025-10-24T21:55:38.240Z [DEBUG] ♻️ Unregistered legacy webhooks before deleting workflow {"workflowId":"3826f31e-669e-455a-adf9-dbc59a0788bd"}
[2025-10-24T21:55:38.242Z] [INFO   ] 2025-10-24T21:55:38.242Z [DEBUG] No webhooks found for this workflow
[2025-10-24T21:55:38.242Z] [INFO   ] 2025-10-24T21:55:38.242Z [DEBUG] ♻️ Unregistered legacy webhooks before deleting workflow {"workflowId":"15d7e5c6-8fa1-47f6-ba17-fbb5d00e8f64"}
[2025-10-24T21:55:38.243Z] [INFO   ] 2025-10-24T21:55:38.243Z [DEBUG] No webhooks found for this workflow
[2025-10-24T21:55:38.243Z] [INFO   ] 2025-10-24T21:55:38.243Z [DEBUG] ♻️ Unregistered legacy webhooks before deleting workflow {"workflowId":"cb284c19-840c-4bfc-ba62-5a18201c93fe"}
[2025-10-24T21:55:38.246Z] [INFO   ] 2025-10-24T21:55:38.246Z [DEBUG] No webhooks found for this workflow
[2025-10-24T21:55:38.247Z] [INFO   ] 2025-10-24T21:55:38.247Z [DEBUG] ♻️ Unregistered legacy webhooks before deleting workflow {"workflowId":"ac82bff5-bac7-4dfd-8254-3083fb00de4f"}
[2025-10-24T21:55:38.250Z] [INFO   ] 2025-10-24T21:55:38.250Z [DEBUG] No webhooks found for this workflow
[2025-10-24T21:55:38.250Z] [INFO   ] 2025-10-24T21:55:38.250Z [DEBUG] ♻️ Unregistered legacy webhooks before deleting workflow {"workflowId":"5ea8115a-45ee-4c8a-a6e7-689e2fa92c9f"}
[2025-10-24T21:55:38.272Z] [INFO   ] 2025-10-24T21:55:38.272Z [DEBUG] No webhooks found for this workflow
[2025-10-24T21:55:38.272Z] [INFO   ] 2025-10-24T21:55:38.272Z [DEBUG] ♻️ Unregistered legacy webhooks before deleting workflow {"workflowId":"ace93348-69fa-47df-b15e-47aaca079de0"}
[2025-10-24T21:55:38.818Z] [INFO   ] 2025-10-24T21:55:38.818Z [DEBUG] ℹ️ No trigger resources found for workflow 31583050-78aa-4896-bb7e-e08bb0c3c5c4
[2025-10-24T21:55:38.818Z] [INFO   ] 2025-10-24T21:55:38.818Z [DEBUG] ♻️ Deleted lifecycle-managed triggers before deleting workflow {"workflowId":"31583050-78aa-4896-bb7e-e08bb0c3c5c4"}
[2025-10-24T21:55:38.818Z] [INFO   ] 2025-10-24T21:55:38.818Z [DEBUG] 🔗 Unregistering all webhooks for workflow 31583050-78aa-4896-bb7e-e08bb0c3c5c4
[2025-10-24T21:55:38.825Z] [INFO   ] 2025-10-24T21:55:38.825Z [DEBUG] ℹ️ No trigger resources found for workflow b3edda9e-354a-4961-9205-de0461b4b820
[2025-10-24T21:55:38.825Z] [INFO   ] 2025-10-24T21:55:38.825Z [DEBUG] ♻️ Deleted lifecycle-managed triggers before deleting workflow {"workflowId":"b3edda9e-354a-4961-9205-de0461b4b820"}
[2025-10-24T21:55:38.826Z] [INFO   ] 2025-10-24T21:55:38.826Z [DEBUG] 🔗 Unregistering all webhooks for workflow b3edda9e-354a-4961-9205-de0461b4b820
[2025-10-24T21:55:38.835Z] [INFO   ] 2025-10-24T21:55:38.835Z [DEBUG] ℹ️ No trigger resources found for workflow 8e227291-bb76-4181-a5dc-fa42b83c9695
[2025-10-24T21:55:38.835Z] [INFO   ] 2025-10-24T21:55:38.835Z [DEBUG] ♻️ Deleted lifecycle-managed triggers before deleting workflow {"workflowId":"8e227291-bb76-4181-a5dc-fa42b83c9695"}
[2025-10-24T21:55:38.836Z] [INFO   ] 2025-10-24T21:55:38.835Z [DEBUG] 🔗 Unregistering all webhooks for workflow 8e227291-bb76-4181-a5dc-fa42b83c9695
[2025-10-24T21:55:38.836Z] [INFO   ] 2025-10-24T21:55:38.836Z [DEBUG] ℹ️ No trigger resources found for workflow 453f4b68-3867-4022-9ece-7b50ff90828f
[2025-10-24T21:55:38.836Z] [INFO   ] 2025-10-24T21:55:38.836Z [DEBUG] ♻️ Deleted lifecycle-managed triggers before deleting workflow {"workflowId":"453f4b68-3867-4022-9ece-7b50ff90828f"}
[2025-10-24T21:55:38.837Z] [INFO   ] 2025-10-24T21:55:38.836Z [DEBUG] 🔗 Unregistering all webhooks for workflow 453f4b68-3867-4022-9ece-7b50ff90828f
[2025-10-24T21:55:38.838Z] [INFO   ] 2025-10-24T21:55:38.838Z [DEBUG] ℹ️ No trigger resources found for workflow e369f1d8-8d06-4280-a5ff-ecff24232341
[2025-10-24T21:55:38.838Z] [INFO   ] 2025-10-24T21:55:38.838Z [DEBUG] ♻️ Deleted lifecycle-managed triggers before deleting workflow {"workflowId":"e369f1d8-8d06-4280-a5ff-ecff24232341"}
[2025-10-24T21:55:38.839Z] [INFO   ] 2025-10-24T21:55:38.839Z [DEBUG] 🔗 Unregistering all webhooks for workflow e369f1d8-8d06-4280-a5ff-ecff24232341
[2025-10-24T21:55:38.851Z] [INFO   ] 2025-10-24T21:55:38.851Z [DEBUG] ℹ️ No trigger resources found for workflow f0ba0604-00cc-4db3-9bf5-d507802c3e7d
[2025-10-24T21:55:38.851Z] [INFO   ] 2025-10-24T21:55:38.851Z [DEBUG] ♻️ Deleted lifecycle-managed triggers before deleting workflow {"workflowId":"f0ba0604-00cc-4db3-9bf5-d507802c3e7d"}
[2025-10-24T21:55:38.852Z] [INFO   ] 2025-10-24T21:55:38.852Z [DEBUG] 🔗 Unregistering all webhooks for workflow f0ba0604-00cc-4db3-9bf5-d507802c3e7d
[2025-10-24T21:55:38.904Z] [INFO   ] 2025-10-24T21:55:38.904Z [DEBUG] No webhooks found for this workflow
[2025-10-24T21:55:38.905Z] [INFO   ] 2025-10-24T21:55:38.905Z [DEBUG] ♻️ Unregistered legacy webhooks before deleting workflow {"workflowId":"31583050-78aa-4896-bb7e-e08bb0c3c5c4"}
[2025-10-24T21:55:38.917Z] [INFO   ] 2025-10-24T21:55:38.917Z [DEBUG] No webhooks found for this workflow
[2025-10-24T21:55:38.917Z] [INFO   ] 2025-10-24T21:55:38.917Z [DEBUG] ♻️ Unregistered legacy webhooks before deleting workflow {"workflowId":"8e227291-bb76-4181-a5dc-fa42b83c9695"}
[2025-10-24T21:55:38.921Z] [INFO   ] 2025-10-24T21:55:38.921Z [DEBUG] No webhooks found for this workflow
[2025-10-24T21:55:38.921Z] [INFO   ] 2025-10-24T21:55:38.921Z [DEBUG] ♻️ Unregistered legacy webhooks before deleting workflow {"workflowId":"b3edda9e-354a-4961-9205-de0461b4b820"}
[2025-10-24T21:55:38.934Z] [INFO   ] 2025-10-24T21:55:38.934Z [DEBUG] No webhooks found for this workflow
[2025-10-24T21:55:38.934Z] [INFO   ] 2025-10-24T21:55:38.934Z [DEBUG] ♻️ Unregistered legacy webhooks before deleting workflow {"workflowId":"e369f1d8-8d06-4280-a5ff-ecff24232341"}
[2025-10-24T21:55:38.936Z] [INFO   ] 2025-10-24T21:55:38.936Z [DEBUG] No webhooks found for this workflow
[2025-10-24T21:55:38.936Z] [INFO   ] 2025-10-24T21:55:38.936Z [DEBUG] ♻️ Unregistered legacy webhooks before deleting workflow {"workflowId":"453f4b68-3867-4022-9ece-7b50ff90828f"}
[2025-10-24T21:55:38.945Z] [INFO   ] 2025-10-24T21:55:38.945Z [DEBUG] No webhooks found for this workflow
[2025-10-24T21:55:38.945Z] [INFO   ] 2025-10-24T21:55:38.945Z [DEBUG] ♻️ Unregistered legacy webhooks before deleting workflow {"workflowId":"f0ba0604-00cc-4db3-9bf5-d507802c3e7d"}
[2025-10-24T21:55:39.176Z] [INFO   ] 2025-10-24T21:55:39.176Z [DEBUG] [Middleware] Username check: {"path":"/workflows/ai-agent","userId":"a3e3a51a-175c-4b59-ad03-227ba12a18b0","provider":"email","role":"admin","username":"nstoddard17","hasUsername":true,"isBetaTester":false,"isNewBetaUser":false,"accountAge":12776251777}
[2025-10-24T21:55:39.792Z] [INFO   ]  [37m[1m○[22m[39m Compiling /workflows/ai-agent ...
[2025-10-24T21:55:40.710Z] [INFO   ]  [32m[1m✓[22m[39m Compiled /workflows/ai-agent in 1496ms (6269 modules)
[2025-10-24T21:55:41.123Z] [INFO   ] 2025-10-24T21:55:41.123Z [DEBUG] [Username Check] {"userId":"a3e3a51a-175c-4b59-ad03-227ba12a18b0","hasEmail":true,"provider":"email","hasUsername":true,"isGoogleUser":false}
[2025-10-24T21:55:41.490Z] [INFO   ]  [32m[1m✓[22m[39m Compiled /api/user/avatar in 444ms (5541 modules)
[2025-10-24T21:56:22.550Z] [INFO   ] 2025-10-24T21:56:22.550Z [DEBUG] [Middleware] Username check: {"path":"/workflows/builder/bb8f75d6-7785-4d29-909c-56c7ea3a8d50","userId":"a3e3a51a-175c-4b59-ad03-227ba12a18b0","provider":"email","role":"admin","username":"nstoddard17","hasUsername":true,"isBetaTester":false,"isNewBetaUser":false,"accountAge":12776295151}
[2025-10-24T21:56:23.208Z] [INFO   ]  [37m[1m○[22m[39m Compiling /workflows/builder/[id] ...
[2025-10-24T21:56:27.748Z] [INFO   ]  [32m[1m✓[22m[39m Compiled /workflows/builder/[id] in 5.1s (8226 modules)
[2025-10-24T21:56:30.415Z] [INFO   ] 2025-10-24T21:56:30.415Z [DEBUG] [Username Check] {"userId":"a3e3a51a-175c-4b59-ad03-227ba12a18b0","hasEmail":true,"provider":"email","hasUsername":true,"isGoogleUser":false}
[2025-10-24T21:56:31.448Z] [INFO   ] 2025-10-24T21:56:31.447Z [DEBUG] [Middleware] Username check: {"path":"/workflows/builder/bb8f75d6-7785-4d29-909c-56c7ea3a8d50","userId":"a3e3a51a-175c-4b59-ad03-227ba12a18b0","provider":"email","role":"admin","username":"nstoddard17","hasUsername":true,"isBetaTester":false,"isNewBetaUser":false,"accountAge":12776304048}
[2025-10-24T21:56:31.647Z] [INFO   ] 2025-10-24T21:56:31.647Z [DEBUG] 💧 [AUTH] Rehydrating auth state from storage {"hasState":true,"hasUser":false,"initialized":false,"timestamp":"2025-10-24T21:56:31.647Z"}
[2025-10-24T21:56:31.677Z] [INFO   ] 2025-10-24T21:56:31.677Z [DEBUG] 💧 [AUTH] State hydrated and reset {"hasUser":false,"initialized":false,"timestamp":"2025-10-24T21:56:31.677Z"}
[2025-10-24T21:56:31.677Z] [INFO   ] 2025-10-24T21:56:31.677Z [DEBUG] ⏭️ [AUTH] Skipping initialization {"hasState":true,"alreadyInitialized":false,"isClient":false,"timestamp":"2025-10-24T21:56:31.677Z"}
[2025-10-24T21:56:31.942Z] [INFO   ] 2025-10-24T21:56:31.942Z [DEBUG] [Username Check] {"userId":"a3e3a51a-175c-4b59-ad03-227ba12a18b0","hasEmail":true,"provider":"email","hasUsername":true,"isGoogleUser":false}
[2025-10-24T21:56:32.462Z] [INFO   ] 2025-10-24T21:56:32.462Z [INFO] [NewWorkflowBuilderContent] URL params: {"aiChat":"true","hasInitialPrompt":true,"initialPrompt":"When I get an email send it to slack"}
[2025-10-24T21:56:33.235Z] [INFO   ]  [37m[1m○[22m[39m Compiling /api/integrations ...
[2025-10-24T21:56:37.045Z] [INFO   ]  [32m[1m✓[22m[39m Compiled /api/collaboration/join in 4.3s (6517 modules)
[2025-10-24T21:56:37.864Z] [INFO   ]  [32m[1m✓[22m[39m Compiled in 547ms (1697 modules)
[2025-10-24T21:56:37.973Z] [INFO   ] 2025-10-24T21:56:37.972Z [DEBUG] 📍 [API /api/integrations] GET request received {"timestamp":"2025-10-24T21:56:37.972Z","headers":{"referer":"check-console"}}
[2025-10-24T21:56:38.138Z] [INFO   ] 2025-10-24T21:56:38.138Z [DEBUG] ✅ [API /api/integrations] User authenticated {"userId":"a3e3a51a-175c-4b59-ad03-227ba12a18b0"}
[2025-10-24T21:56:38.263Z] [INFO   ] 2025-10-24T21:56:38.263Z [DEBUG] 📊 [API /api/integrations] Query result {"count":14,"error":null,"firstFew":[{"provider":"notion","status":"connected"},{"provider":"mailchimp","status":"connected"}]}
[2025-10-24T21:56:39.545Z] [INFO   ]  [37m[1m○[22m[39m Compiling /api/ai/stream-workflow ...
[2025-10-24T21:56:40.241Z] [INFO   ]  [32m[1m✓[22m[39m Compiled /api/ai/stream-workflow in 1196ms (2508 modules)
[2025-10-24T21:56:42.338Z] [INFO   ] [Prerequisite Check] Required apps: [ 'gmail', 'slack' ]
[2025-10-24T21:56:42.340Z] [INFO   ] [Prerequisite Check] Connected integrations: [
  'notion',
  'mailchimp',
  'gmail',
  'google-sheets',
  'google-drive',
  'facebook',
  'trello',
  'slack',
  'google-docs',
  'dropbox',
  'twitter',
  'google-calendar',
  'airtable',
  'google_calendar'
]
[2025-10-24T21:56:42.340Z] [INFO   ] [Prerequisite Check] Normalized connected: [
  'notion',
  'mailchimp',
  'gmail',
  'google-sheets',
  'google-drive',
  'facebook',
  'trello',
  'slack',
  'google-docs',
  'dropbox',
  'twitter',
  'google-calendar',
  'airtable',
  'google_calendar'
]
[2025-10-24T21:56:42.340Z] [INFO   ] [Prerequisite Check] Checking gmail (normalized: gmail): CONNECTED
[2025-10-24T21:56:42.340Z] [INFO   ] [Prerequisite Check] Checking slack (normalized: slack): CONNECTED
[2025-10-24T21:56:50.202Z] [INFO   ] [POSITION] Node 0 : {
  viewport: { width: 1558, height: 1211, zoom: 0.75, chatPanelWidth: 1000 },
  effectiveViewportWidth: 3410.6666666666665,
  visibleHeight: 1614.6666666666667,
  availableWidth: 3330.6666666666665,
  nodesPerRow: 6,
  row: 0,
  col: 0,
  position: { x: 40, y: 80 }
}
[2025-10-24T21:56:58.808Z] [INFO   ] [POSITION] Node 1 : {
  viewport: { width: 1558, height: 1211, zoom: 0.75, chatPanelWidth: 1000 },
  effectiveViewportWidth: 3410.6666666666665,
  visibleHeight: 1614.6666666666667,
  availableWidth: 3330.6666666666665,
  nodesPerRow: 6,
  row: 0,
  col: 1,
  position: { x: 590, y: 80 }
}
[2025-10-24T21:57:09.261Z] [INFO   ]  [37m[1m○[22m[39m Compiling /api/collaboration/collaborators ...
[2025-10-24T21:57:09.744Z] [INFO   ]  [32m[1m✓[22m[39m Compiled /api/collaboration/collaborators in 1065ms (6022 modules)
[2025-10-24T22:01:25.836Z] [ERROR  ] 2025-10-24T22:01:25.834Z [ERROR] AI call failed: {}
[2025-10-24T22:07:38.173Z] [INFO   ]  [32m[1m✓[22m[39m Compiled in 2.5s (6029 modules)
[2025-10-24T22:07:38.574Z] [INFO   ] 2025-10-24T22:07:38.573Z [DEBUG] [Middleware] Username check: {"path":"/workflows/builder/bb8f75d6-7785-4d29-909c-56c7ea3a8d50","userId":"a3e3a51a-175c-4b59-ad03-227ba12a18b0","provider":"email","role":"free","username":"nstoddard17","hasUsername":true,"isBetaTester":false,"isNewBetaUser":false,"accountAge":12776971174}
[2025-10-24T22:07:39.215Z] [INFO   ] 2025-10-24T22:07:39.214Z [DEBUG] [Username Check] {"userId":"a3e3a51a-175c-4b59-ad03-227ba12a18b0","hasEmail":true,"provider":"email","hasUsername":true,"isGoogleUser":false}
[2025-10-24T22:07:39.905Z] [INFO   ]  [37m[1m○[22m[39m Compiling /api/collaboration/leave ...
[2025-10-24T22:07:39.914Z] [INFO   ]  [32m[1m✓[22m[39m Compiled /api/collaboration/leave in 541ms (6015 modules)
[2025-10-24T22:07:40.425Z] [WARN   ]  [33m[1m⚠[22m[39m Fast Refresh had to perform a full reload due to a runtime error.
[2025-10-24T22:07:40.794Z] [INFO   ] 2025-10-24T22:07:40.794Z [DEBUG] [Middleware] Username check: {"path":"/workflows/builder/bb8f75d6-7785-4d29-909c-56c7ea3a8d50","userId":"a3e3a51a-175c-4b59-ad03-227ba12a18b0","provider":"email","role":"free","username":"nstoddard17","hasUsername":true,"isBetaTester":false,"isNewBetaUser":false,"accountAge":12776973395}
[2025-10-24T22:07:40.822Z] [INFO   ]  [32m[1m✓[22m[39m Compiled /api/integrations in 402ms (4320 modules)
[2025-10-24T22:07:40.900Z] [INFO   ] 2025-10-24T22:07:40.900Z [DEBUG] 📍 [API /api/integrations] GET request received {"timestamp":"2025-10-24T22:07:40.900Z","headers":{"referer":"check-console"}}
[2025-10-24T22:07:41.052Z] [INFO   ] 2025-10-24T22:07:41.052Z [DEBUG] 💧 [AUTH] Rehydrating auth state from storage {"hasState":true,"hasUser":false,"initialized":false,"timestamp":"2025-10-24T22:07:41.052Z"}
[2025-10-24T22:07:41.064Z] [INFO   ] 2025-10-24T22:07:41.064Z [DEBUG] 💧 [AUTH] State hydrated and reset {"hasUser":false,"initialized":false,"timestamp":"2025-10-24T22:07:41.064Z"}
[2025-10-24T22:07:41.064Z] [INFO   ] 2025-10-24T22:07:41.064Z [DEBUG] ⏭️ [AUTH] Skipping initialization {"hasState":true,"alreadyInitialized":false,"isClient":false,"timestamp":"2025-10-24T22:07:41.064Z"}
[2025-10-24T22:07:41.118Z] [INFO   ] 2025-10-24T22:07:41.118Z [DEBUG] ✅ [API /api/integrations] User authenticated {"userId":"a3e3a51a-175c-4b59-ad03-227ba12a18b0"}
[2025-10-24T22:07:41.237Z] [INFO   ] 2025-10-24T22:07:41.237Z [DEBUG] 📊 [API /api/integrations] Query result {"count":14,"error":null,"firstFew":[{"provider":"notion","status":"connected"},{"provider":"mailchimp","status":"connected"}]}
[2025-10-24T22:07:41.303Z] [INFO   ] 2025-10-24T22:07:41.303Z [DEBUG] [Username Check] {"userId":"a3e3a51a-175c-4b59-ad03-227ba12a18b0","hasEmail":true,"provider":"email","hasUsername":true,"isGoogleUser":false}
[2025-10-24T22:07:41.564Z] [INFO   ] 2025-10-24T22:07:41.564Z [INFO] [NewWorkflowBuilderContent] URL params: {"aiChat":"true","hasInitialPrompt":true,"initialPrompt":"When I get an email send it to slack"}
[2025-10-24T22:07:42.007Z] [INFO   ]  [32m[1m✓[22m[39m Compiled /api/presence/count in 389ms (4322 modules)
[2025-10-24T22:07:42.312Z] [INFO   ]  [32m[1m✓[22m[39m Compiled (4324 modules)
[2025-10-24T22:07:42.726Z] [INFO   ] 2025-10-24T22:07:42.726Z [DEBUG] 📍 [API /api/integrations] GET request received {"timestamp":"2025-10-24T22:07:42.726Z","headers":{"referer":"check-console"}}
[2025-10-24T22:07:43.086Z] [INFO   ] 2025-10-24T22:07:43.085Z [DEBUG] ✅ [API /api/integrations] User authenticated {"userId":"a3e3a51a-175c-4b59-ad03-227ba12a18b0"}
[2025-10-24T22:07:43.329Z] [INFO   ]  [37m[1m○[22m[39m Compiling /api/collaboration/join ...
[2025-10-24T22:07:43.348Z] [INFO   ] 2025-10-24T22:07:43.348Z [DEBUG] 📊 [API /api/integrations] Query result {"count":14,"error":null,"firstFew":[{"provider":"notion","status":"connected"},{"provider":"mailchimp","status":"connected"}]}
[2025-10-24T22:07:44.269Z] [INFO   ]  [32m[1m✓[22m[39m Compiled /api/collaboration/join in 1490ms (4327 modules)
[2025-10-24T22:07:45.751Z] [INFO   ] [Prerequisite Check] Required apps: [ 'gmail', 'slack' ]
[2025-10-24T22:07:45.753Z] [INFO   ] [Prerequisite Check] Connected integrations: [
  'notion',
  'mailchimp',
  'gmail',
  'google-sheets',
  'google-drive',
  'facebook',
  'trello',
  'slack',
  'google-docs',
  'twitter',
  'dropbox',
  'google-calendar',
  'airtable',
  'google_calendar'
]
[2025-10-24T22:07:45.753Z] [INFO   ] [Prerequisite Check] Normalized connected: [
  'notion',
  'mailchimp',
  'gmail',
  'google-sheets',
  'google-drive',
  'facebook',
  'trello',
  'slack',
  'google-docs',
  'twitter',
  'dropbox',
  'google-calendar',
  'airtable',
  'google_calendar'
]
[2025-10-24T22:07:45.753Z] [INFO   ] [Prerequisite Check] Checking gmail (normalized: gmail): CONNECTED
[2025-10-24T22:07:45.753Z] [INFO   ] [Prerequisite Check] Checking slack (normalized: slack): CONNECTED
[2025-10-24T22:07:48.747Z] [INFO   ]  [32m[1m✓[22m[39m Compiled in 2.1s (6038 modules)
[2025-10-24T22:07:49.024Z] [INFO   ] 2025-10-24T22:07:49.024Z [DEBUG] [Middleware] Username check: {"path":"/workflows/builder/bb8f75d6-7785-4d29-909c-56c7ea3a8d50","userId":"a3e3a51a-175c-4b59-ad03-227ba12a18b0","provider":"email","role":"free","username":"nstoddard17","hasUsername":true,"isBetaTester":false,"isNewBetaUser":false,"accountAge":12776981625}
[2025-10-24T22:07:49.273Z] [INFO   ] 2025-10-24T22:07:49.272Z [DEBUG] [Username Check] {"userId":"a3e3a51a-175c-4b59-ad03-227ba12a18b0","hasEmail":true,"provider":"email","hasUsername":true,"isGoogleUser":false}
[2025-10-24T22:08:13.089Z] [WARN   ]  [33m[1m⚠[22m[39m Fast Refresh had to perform a full reload due to a runtime error.
[2025-10-24T22:08:13.177Z] [INFO   ]  [32m[1m✓[22m[39m Compiled in 730ms (1944 modules)
[2025-10-24T22:08:13.543Z] [INFO   ] 2025-10-24T22:08:13.543Z [DEBUG] [Middleware] Username check: {"path":"/workflows/builder/bb8f75d6-7785-4d29-909c-56c7ea3a8d50","userId":"a3e3a51a-175c-4b59-ad03-227ba12a18b0","provider":"email","role":"free","username":"nstoddard17","hasUsername":true,"isBetaTester":false,"isNewBetaUser":false,"accountAge":12777006144}
[2025-10-24T22:08:13.700Z] [INFO   ] 2025-10-24T22:08:13.700Z [DEBUG] 💧 [AUTH] Rehydrating auth state from storage {"hasState":true,"hasUser":false,"initialized":false,"timestamp":"2025-10-24T22:08:13.700Z"}
[2025-10-24T22:08:13.711Z] [INFO   ] 2025-10-24T22:08:13.711Z [DEBUG] 💧 [AUTH] State hydrated and reset {"hasUser":false,"initialized":false,"timestamp":"2025-10-24T22:08:13.711Z"}
[2025-10-24T22:08:13.711Z] [INFO   ] 2025-10-24T22:08:13.711Z [DEBUG] ⏭️ [AUTH] Skipping initialization {"hasState":true,"alreadyInitialized":false,"isClient":false,"timestamp":"2025-10-24T22:08:13.711Z"}
[2025-10-24T22:08:13.925Z] [INFO   ] 2025-10-24T22:08:13.924Z [DEBUG] [Username Check] {"userId":"a3e3a51a-175c-4b59-ad03-227ba12a18b0","hasEmail":true,"provider":"email","hasUsername":true,"isGoogleUser":false}
[2025-10-24T22:08:14.237Z] [INFO   ] 2025-10-24T22:08:14.237Z [INFO] [NewWorkflowBuilderContent] URL params: {"aiChat":"true","hasInitialPrompt":true,"initialPrompt":"When I get an email send it to slack"}
[2025-10-24T22:08:14.857Z] [INFO   ] 2025-10-24T22:08:14.857Z [DEBUG] 📍 [API /api/integrations] GET request received {"timestamp":"2025-10-24T22:08:14.857Z","headers":{"referer":"check-console"}}
[2025-10-24T22:08:14.958Z] [INFO   ] 2025-10-24T22:08:14.958Z [DEBUG] ✅ [API /api/integrations] User authenticated {"userId":"a3e3a51a-175c-4b59-ad03-227ba12a18b0"}
[2025-10-24T22:08:15.058Z] [INFO   ] 2025-10-24T22:08:15.057Z [DEBUG] 📊 [API /api/integrations] Query result {"count":14,"error":null,"firstFew":[{"provider":"notion","status":"connected"},{"provider":"mailchimp","status":"connected"}]}
[2025-10-24T22:08:16.297Z] [ERROR  ]  [31m[1m⨯[22m[39m ./app/api/ai/stream-workflow/route.ts
Error:   [31m×[0m Expected a semicolon
     ╭─[[36;1;4m/Users/nathanielstoddard/chainreact-app/chainreact-app-9e/app/api/ai/stream-workflow/route.ts[0m:634:1]
 [2m631[0m │           // Close stream
 [2m632[0m │           controller.close()
 [2m633[0m │ 
 [2m634[0m │         } catch (error: any) {
     · [35;1m          ─────[0m
 [2m635[0m │           logger.error('Stream workflow error:', error)
 [2m636[0m │           sendEvent('error', {
 [2m637[0m │             message: error.message || 'An error occurred while building workflow',
     ╰────
  [31m×[0m Expected a semicolon
     ╭─[[36;1;4m/Users/nathanielstoddard/chainreact-app/chainreact-app-9e/app/api/ai/stream-workflow/route.ts[0m:643:1]
 [2m640[0m │           controller.close()
 [2m641[0m │         }
 [2m642[0m │       }
 [2m643[0m │     })
     · [35;1m    ▲[0m
 [2m644[0m │ 
 [2m645[0m │     return new Response(stream, {
 [2m646[0m │       headers: {
     ╰────
  [31m×[0m Expected ',', got ')'
     ╭─[[36;1;4m/Users/nathanielstoddard/chainreact-app/chainreact-app-9e/app/api/ai/stream-workflow/route.ts[0m:643:1]
 [2m640[0m │           controller.close()
 [2m641[0m │         }
 [2m642[0m │       }
 [2m643[0m │     })
     · [35;1m     ─[0m
 [2m644[0m │ 
 [2m645[0m │     return new Response(stream, {
 [2m646[0m │       headers: {
     ╰────

Caused by:
    Syntax Error

Import trace for requested module:
./app/api/ai/stream-workflow/route.ts
[2025-10-24T22:08:16.367Z] [INFO   ]  [37m[1m○[22m[39m Compiling /_not-found ...
[2025-10-24T22:08:16.904Z] [ERROR  ]  [31m[1m⨯[22m[39m ./app/api/ai/stream-workflow/route.ts
Error:   [31m×[0m Expected a semicolon
     ╭─[[36;1;4m/Users/nathanielstoddard/chainreact-app/chainreact-app-9e/app/api/ai/stream-workflow/route.ts[0m:634:1]
 [2m631[0m │           // Close stream
 [2m632[0m │           controller.close()
 [2m633[0m │ 
 [2m634[0m │         } catch (error: any) {
     · [35;1m          ─────[0m
 [2m635[0m │           logger.error('Stream workflow error:', error)
 [2m636[0m │           sendEvent('error', {
 [2m637[0m │             message: error.message || 'An error occurred while building workflow',
     ╰────
  [31m×[0m Expected a semicolon
     ╭─[[36;1;4m/Users/nathanielstoddard/chainreact-app/chainreact-app-9e/app/api/ai/stream-workflow/route.ts[0m:643:1]
 [2m640[0m │           controller.close()
 [2m641[0m │         }
 [2m642[0m │       }
 [2m643[0m │     })
     · [35;1m    ▲[0m
 [2m644[0m │ 
 [2m645[0m │     return new Response(stream, {
 [2m646[0m │       headers: {
     ╰────
  [31m×[0m Expected ',', got ')'
     ╭─[[36;1;4m/Users/nathanielstoddard/chainreact-app/chainreact-app-9e/app/api/ai/stream-workflow/route.ts[0m:643:1]
 [2m640[0m │           controller.close()
 [2m641[0m │         }
 [2m642[0m │       }
 [2m643[0m │     })
     · [35;1m     ─[0m
 [2m644[0m │ 
 [2m645[0m │     return new Response(stream, {
 [2m646[0m │       headers: {
     ╰────

Caused by:
    Syntax Error

Import trace for requested module:
./app/api/ai/stream-workflow/route.ts
[2025-10-24T22:08:19.966Z] [INFO   ] 2025-10-24T22:08:19.966Z [DEBUG] [Middleware] Username check: {"path":"/workflows/builder/bb8f75d6-7785-4d29-909c-56c7ea3a8d50","userId":"a3e3a51a-175c-4b59-ad03-227ba12a18b0","provider":"email","role":"free","username":"nstoddard17","hasUsername":true,"isBetaTester":false,"isNewBetaUser":false,"accountAge":12777012566}
[2025-10-24T22:08:20.089Z] [WARN   ]  [33m[1m⚠[22m[39m Fast Refresh had to perform a full reload when ?608e changed. Read more: https://nextjs.org/docs/messages/fast-refresh-reload
[2025-10-24T22:08:20.541Z] [INFO   ] 2025-10-24T22:08:20.541Z [DEBUG] [Middleware] Username check: {"path":"/workflows/builder/bb8f75d6-7785-4d29-909c-56c7ea3a8d50","userId":"a3e3a51a-175c-4b59-ad03-227ba12a18b0","provider":"email","role":"free","username":"nstoddard17","hasUsername":true,"isBetaTester":false,"isNewBetaUser":false,"accountAge":12777013142}
[2025-10-24T22:08:21.264Z] [ERROR  ]  [31m[1m⨯[22m[39m ./app/api/ai/stream-workflow/route.ts
Error:   [31m×[0m Expected a semicolon
     ╭─[[36;1;4m/Users/nathanielstoddard/chainreact-app/chainreact-app-9e/app/api/ai/stream-workflow/route.ts[0m:634:1]
 [2m631[0m │           // Close stream
 [2m632[0m │           controller.close()
 [2m633[0m │ 
 [2m634[0m │         } catch (error: any) {
     · [35;1m          ─────[0m
 [2m635[0m │           logger.error('Stream workflow error:', error)
 [2m636[0m │           sendEvent('error', {
 [2m637[0m │             message: error.message || 'An error occurred while building workflow',
     ╰────
  [31m×[0m Expected a semicolon
     ╭─[[36;1;4m/Users/nathanielstoddard/chainreact-app/chainreact-app-9e/app/api/ai/stream-workflow/route.ts[0m:643:1]
 [2m640[0m │           controller.close()
 [2m641[0m │         }
 [2m642[0m │       }
 [2m643[0m │     })
     · [35;1m    ▲[0m
 [2m644[0m │ 
 [2m645[0m │     return new Response(stream, {
 [2m646[0m │       headers: {
     ╰────
  [31m×[0m Expected ',', got ')'
     ╭─[[36;1;4m/Users/nathanielstoddard/chainreact-app/chainreact-app-9e/app/api/ai/stream-workflow/route.ts[0m:643:1]
 [2m640[0m │           controller.close()
 [2m641[0m │         }
 [2m642[0m │       }
 [2m643[0m │     })
     · [35;1m     ─[0m
 [2m644[0m │ 
 [2m645[0m │     return new Response(stream, {
 [2m646[0m │       headers: {
     ╰────

Caused by:
    Syntax Error

Import trace for requested module:
./app/api/ai/stream-workflow/route.ts
[2025-10-24T22:08:25.220Z] [WARN   ]  [33m[1m⚠[22m[39m Fast Refresh had to perform a full reload due to a runtime error.
[2025-10-24T22:08:25.678Z] [WARN   ]  [33m[1m⚠[22m[39m Fast Refresh had to perform a full reload due to a runtime error.
[2025-10-24T22:08:26.026Z] [ERROR  ]  [31m[1m⨯[22m[39m ./app/api/ai/stream-workflow/route.ts
Error:   [31m×[0m Expected a semicolon
     ╭─[[36;1;4m/Users/nathanielstoddard/chainreact-app/chainreact-app-9e/app/api/ai/stream-workflow/route.ts[0m:634:1]
 [2m631[0m │           // Close stream
 [2m632[0m │           controller.close()
 [2m633[0m │ 
 [2m634[0m │         } catch (error: any) {
     · [35;1m          ─────[0m
 [2m635[0m │           logger.error('Stream workflow error:', error)
 [2m636[0m │           sendEvent('error', {
 [2m637[0m │             message: error.message || 'An error occurred while building workflow',
     ╰────
  [31m×[0m Expected a semicolon
     ╭─[[36;1;4m/Users/nathanielstoddard/chainreact-app/chainreact-app-9e/app/api/ai/stream-workflow/route.ts[0m:643:1]
 [2m640[0m │           controller.close()
 [2m641[0m │         }
 [2m642[0m │       }
 [2m643[0m │     })
     · [35;1m    ▲[0m
 [2m644[0m │ 
 [2m645[0m │     return new Response(stream, {
 [2m646[0m │       headers: {
     ╰────
  [31m×[0m Expected ',', got ')'
     ╭─[[36;1;4m/Users/nathanielstoddard/chainreact-app/chainreact-app-9e/app/api/ai/stream-workflow/route.ts[0m:643:1]
 [2m640[0m │           controller.close()
 [2m641[0m │         }
 [2m642[0m │       }
 [2m643[0m │     })
     · [35;1m     ─[0m
 [2m644[0m │ 
 [2m645[0m │     return new Response(stream, {
 [2m646[0m │       headers: {
     ╰────

Caused by:
    Syntax Error

Import trace for requested module:
./app/api/ai/stream-workflow/route.ts
[2025-10-24T22:08:26.040Z] [INFO   ] 2025-10-24T22:08:26.039Z [DEBUG] [Middleware] Username check: {"path":"/workflows/builder/bb8f75d6-7785-4d29-909c-56c7ea3a8d50","userId":"a3e3a51a-175c-4b59-ad03-227ba12a18b0","provider":"email","role":"free","username":"nstoddard17","hasUsername":true,"isBetaTester":false,"isNewBetaUser":false,"accountAge":12777018640}
[2025-10-24T22:08:26.117Z] [INFO   ] 2025-10-24T22:08:26.116Z [DEBUG] [Middleware] Username check: {"path":"/workflows/builder/bb8f75d6-7785-4d29-909c-56c7ea3a8d50","userId":"a3e3a51a-175c-4b59-ad03-227ba12a18b0","provider":"email","role":"free","username":"nstoddard17","hasUsername":true,"isBetaTester":false,"isNewBetaUser":false,"accountAge":12777018717}
[2025-10-24T22:08:26.229Z] [INFO   ] 2025-10-24T22:08:26.229Z [DEBUG] [Middleware] Username check: {"path":"/workflows/builder/bb8f75d6-7785-4d29-909c-56c7ea3a8d50","userId":"a3e3a51a-175c-4b59-ad03-227ba12a18b0","provider":"email","role":"free","username":"nstoddard17","hasUsername":true,"isBetaTester":false,"isNewBetaUser":false,"accountAge":12777018830}
[2025-10-24T22:08:40.560Z] [WARN   ]  [33m[1m⚠[22m[39m Fast Refresh had to perform a full reload due to a runtime error.
[2025-10-24T22:08:41.149Z] [WARN   ]  [33m[1m⚠[22m[39m Fast Refresh had to perform a full reload due to a runtime error.
[2025-10-24T22:08:41.310Z] [INFO   ] 2025-10-24T22:08:41.310Z [DEBUG] [Middleware] Username check: {"path":"/workflows/builder/bb8f75d6-7785-4d29-909c-56c7ea3a8d50","userId":"a3e3a51a-175c-4b59-ad03-227ba12a18b0","provider":"email","role":"free","username":"nstoddard17","hasUsername":true,"isBetaTester":false,"isNewBetaUser":false,"accountAge":12777033911}
[2025-10-24T22:08:41.587Z] [INFO   ]  [32m[1m✓[22m[39m Compiled /_error in 1053ms (6383 modules)
[2025-10-24T22:08:41.640Z] [INFO   ] 2025-10-24T22:08:41.640Z [DEBUG] [Middleware] Username check: {"path":"/workflows/builder/bb8f75d6-7785-4d29-909c-56c7ea3a8d50","userId":"a3e3a51a-175c-4b59-ad03-227ba12a18b0","provider":"email","role":"free","username":"nstoddard17","hasUsername":true,"isBetaTester":false,"isNewBetaUser":false,"accountAge":12777034241}
[2025-10-24T22:08:41.787Z] [INFO   ] 2025-10-24T22:08:41.787Z [DEBUG] [Middleware] Username check: {"path":"/workflows/builder/bb8f75d6-7785-4d29-909c-56c7ea3a8d50","userId":"a3e3a51a-175c-4b59-ad03-227ba12a18b0","provider":"email","role":"free","username":"nstoddard17","hasUsername":true,"isBetaTester":false,"isNewBetaUser":false,"accountAge":12777034388}
[2025-10-24T22:08:42.198Z] [INFO   ] 2025-10-24T22:08:42.198Z [DEBUG] 💧 [AUTH] Rehydrating auth state from storage {"hasState":true,"hasUser":false,"initialized":false,"timestamp":"2025-10-24T22:08:42.198Z"}
[2025-10-24T22:08:42.210Z] [INFO   ] 2025-10-24T22:08:42.210Z [DEBUG] 💧 [AUTH] State hydrated and reset {"hasUser":false,"initialized":false,"timestamp":"2025-10-24T22:08:42.210Z"}
[2025-10-24T22:08:42.210Z] [INFO   ] 2025-10-24T22:08:42.210Z [DEBUG] ⏭️ [AUTH] Skipping initialization {"hasState":true,"alreadyInitialized":false,"isClient":false,"timestamp":"2025-10-24T22:08:42.210Z"}
[2025-10-24T22:08:42.441Z] [INFO   ] 2025-10-24T22:08:42.440Z [DEBUG] [Username Check] {"userId":"a3e3a51a-175c-4b59-ad03-227ba12a18b0","hasEmail":true,"provider":"email","hasUsername":true,"isGoogleUser":false}
[2025-10-24T22:08:42.737Z] [INFO   ] 2025-10-24T22:08:42.737Z [INFO] [NewWorkflowBuilderContent] URL params: {"aiChat":"true","hasInitialPrompt":true,"initialPrompt":"When I get an email send it to slack"}
[2025-10-24T22:08:43.569Z] [INFO   ] 2025-10-24T22:08:43.569Z [DEBUG] 📍 [API /api/integrations] GET request received {"timestamp":"2025-10-24T22:08:43.569Z","headers":{"referer":"check-console"}}
[2025-10-24T22:08:43.705Z] [INFO   ] 2025-10-24T22:08:43.705Z [DEBUG] ✅ [API /api/integrations] User authenticated {"userId":"a3e3a51a-175c-4b59-ad03-227ba12a18b0"}
[2025-10-24T22:08:43.808Z] [INFO   ] 2025-10-24T22:08:43.808Z [DEBUG] 📊 [API /api/integrations] Query result {"count":14,"error":null,"firstFew":[{"provider":"notion","status":"connected"},{"provider":"mailchimp","status":"connected"}]}
[2025-10-24T22:08:44.693Z] [INFO   ]  [32m[1m✓[22m[39m Compiled /api/ai/stream-workflow in 185ms (811 modules)
[2025-10-24T22:08:45.161Z] [INFO   ] 2025-10-24T22:08:45.161Z [DEBUG] [Middleware] Username check: {"path":"/workflows/builder/bb8f75d6-7785-4d29-909c-56c7ea3a8d50","userId":"a3e3a51a-175c-4b59-ad03-227ba12a18b0","provider":"email","role":"free","username":"nstoddard17","hasUsername":true,"isBetaTester":false,"isNewBetaUser":false,"accountAge":12777037762}
[2025-10-24T22:08:45.295Z] [INFO   ] 2025-10-24T22:08:45.295Z [DEBUG] [Username Check] {"userId":"a3e3a51a-175c-4b59-ad03-227ba12a18b0","hasEmail":true,"provider":"email","hasUsername":true,"isGoogleUser":false}
[2025-10-24T22:08:46.645Z] [INFO   ] [Prerequisite Check] Required apps: [ 'gmail', 'slack' ]
[2025-10-24T22:08:46.645Z] [INFO   ] [Prerequisite Check] Connected integrations: [
  'notion',
  'mailchimp',
  'gmail',
  'google-sheets',
  'google-drive',
  'facebook',
  'trello',
  'slack',
  'google-docs',
  'twitter',
  'dropbox',
  'google-calendar',
  'airtable',
  'google_calendar'
]
[2025-10-24T22:08:46.646Z] [INFO   ] [Prerequisite Check] Normalized connected: [
  'notion',
  'mailchimp',
  'gmail',
  'google-sheets',
  'google-drive',
  'facebook',
  'trello',
  'slack',
  'google-docs',
  'twitter',
  'dropbox',
  'google-calendar',
  'airtable',
  'google_calendar'
]
[2025-10-24T22:08:46.646Z] [INFO   ] [Prerequisite Check] Checking gmail (normalized: gmail): CONNECTED
[2025-10-24T22:08:46.646Z] [INFO   ] [Prerequisite Check] Checking slack (normalized: slack): CONNECTED
[2025-10-24T22:09:10.088Z] [INFO   ]  [32m[1m✓[22m[39m Compiled in 2.6s (6381 modules)
[2025-10-24T22:09:10.184Z] [WARN   ]  [33m[1m⚠[22m[39m Fast Refresh had to perform a full reload due to a runtime error.
[2025-10-24T22:09:10.382Z] [INFO   ] 2025-10-24T22:09:10.382Z [DEBUG] [Middleware] Username check: {"path":"/workflows/builder/bb8f75d6-7785-4d29-909c-56c7ea3a8d50","userId":"a3e3a51a-175c-4b59-ad03-227ba12a18b0","provider":"email","role":"free","username":"nstoddard17","hasUsername":true,"isBetaTester":false,"isNewBetaUser":false,"accountAge":12777062983}
[2025-10-24T22:09:10.695Z] [INFO   ] 2025-10-24T22:09:10.695Z [DEBUG] 💧 [AUTH] Rehydrating auth state from storage {"hasState":true,"hasUser":false,"initialized":false,"timestamp":"2025-10-24T22:09:10.695Z"}
[2025-10-24T22:09:10.706Z] [INFO   ] 2025-10-24T22:09:10.706Z [DEBUG] 💧 [AUTH] State hydrated and reset {"hasUser":false,"initialized":false,"timestamp":"2025-10-24T22:09:10.706Z"}
[2025-10-24T22:09:10.707Z] [INFO   ] 2025-10-24T22:09:10.707Z [DEBUG] ⏭️ [AUTH] Skipping initialization {"hasState":true,"alreadyInitialized":false,"isClient":false,"timestamp":"2025-10-24T22:09:10.707Z"}
[2025-10-24T22:09:10.923Z] [INFO   ] 2025-10-24T22:09:10.922Z [DEBUG] [Username Check] {"userId":"a3e3a51a-175c-4b59-ad03-227ba12a18b0","hasEmail":true,"provider":"email","hasUsername":true,"isGoogleUser":false}
[2025-10-24T22:09:11.167Z] [INFO   ] 2025-10-24T22:09:11.166Z [INFO] [NewWorkflowBuilderContent] URL params: {"aiChat":"true","hasInitialPrompt":true,"initialPrompt":"When I get an email send it to slack"}
[2025-10-24T22:09:11.727Z] [INFO   ] 2025-10-24T22:09:11.727Z [DEBUG] 📍 [API /api/integrations] GET request received {"timestamp":"2025-10-24T22:09:11.727Z","headers":{"referer":"check-console"}}
[2025-10-24T22:09:11.903Z] [INFO   ] 2025-10-24T22:09:11.903Z [DEBUG] ✅ [API /api/integrations] User authenticated {"userId":"a3e3a51a-175c-4b59-ad03-227ba12a18b0"}
[2025-10-24T22:09:11.986Z] [INFO   ] 2025-10-24T22:09:11.986Z [DEBUG] 📊 [API /api/integrations] Query result {"count":14,"error":null,"firstFew":[{"provider":"notion","status":"connected"},{"provider":"mailchimp","status":"connected"}]}
[2025-10-24T22:09:14.323Z] [INFO   ] [Prerequisite Check] Required apps: [ 'gmail', 'slack' ]
[2025-10-24T22:09:14.324Z] [INFO   ] [Prerequisite Check] Connected integrations: [
  'notion',
  'mailchimp',
  'gmail',
  'google-sheets',
  'google-drive',
  'facebook',
  'trello',
  'slack',
  'google-docs',
  'twitter',
  'dropbox',
  'google-calendar',
  'airtable',
  'google_calendar'
]
[2025-10-24T22:09:14.324Z] [INFO   ] [Prerequisite Check] Normalized connected: [
  'notion',
  'mailchimp',
  'gmail',
  'google-sheets',
  'google-drive',
  'facebook',
  'trello',
  'slack',
  'google-docs',
  'twitter',
  'dropbox',
  'google-calendar',
  'airtable',
  'google_calendar'
]
[2025-10-24T22:09:14.324Z] [INFO   ] [Prerequisite Check] Checking gmail (normalized: gmail): CONNECTED
[2025-10-24T22:09:14.324Z] [INFO   ] [Prerequisite Check] Checking slack (normalized: slack): CONNECTED
[2025-10-24T22:09:42.881Z] [INFO   ]  [37m[1m○[22m[39m Compiling /api/collaboration/collaborators ...
[2025-10-24T22:09:42.955Z] [INFO   ]  [32m[1m✓[22m[39m Compiled /api/collaboration/collaborators in 574ms (4516 modules)
[2025-10-24T22:10:08.838Z] [INFO   ]  [32m[1m✓[22m[39m Compiled in 558ms (1862 modules)
[2025-10-24T22:10:09.224Z] [INFO   ] 2025-10-24T22:10:09.224Z [DEBUG] [Middleware] Username check: {"path":"/workflows/builder/bb8f75d6-7785-4d29-909c-56c7ea3a8d50","userId":"a3e3a51a-175c-4b59-ad03-227ba12a18b0","provider":"email","role":"free","username":"nstoddard17","hasUsername":true,"isBetaTester":false,"isNewBetaUser":false,"accountAge":12777121825}
[2025-10-24T22:10:09.492Z] [INFO   ] 2025-10-24T22:10:09.491Z [DEBUG] [Username Check] {"userId":"a3e3a51a-175c-4b59-ad03-227ba12a18b0","hasEmail":true,"provider":"email","hasUsername":true,"isGoogleUser":false}
[2025-10-24T22:10:52.762Z] [WARN   ]  [33m[1m⚠[22m[39m Fast Refresh had to perform a full reload due to a runtime error.
[2025-10-24T22:10:53.135Z] [INFO   ]  [32m[1m✓[22m[39m Compiled in 1072ms (2095 modules)
[2025-10-24T22:10:53.529Z] [INFO   ] 2025-10-24T22:10:53.529Z [DEBUG] [Middleware] Username check: {"path":"/workflows/builder/bb8f75d6-7785-4d29-909c-56c7ea3a8d50","userId":"a3e3a51a-175c-4b59-ad03-227ba12a18b0","provider":"email","role":"free","username":"nstoddard17","hasUsername":true,"isBetaTester":false,"isNewBetaUser":false,"accountAge":12777166130}
[2025-10-24T22:10:53.698Z] [INFO   ] 2025-10-24T22:10:53.698Z [DEBUG] 💧 [AUTH] Rehydrating auth state from storage {"hasState":true,"hasUser":false,"initialized":false,"timestamp":"2025-10-24T22:10:53.697Z"}
[2025-10-24T22:10:53.714Z] [INFO   ] 2025-10-24T22:10:53.714Z [DEBUG] 💧 [AUTH] State hydrated and reset {"hasUser":false,"initialized":false,"timestamp":"2025-10-24T22:10:53.714Z"}
[2025-10-24T22:10:53.714Z] [INFO   ] 2025-10-24T22:10:53.714Z [DEBUG] ⏭️ [AUTH] Skipping initialization {"hasState":true,"alreadyInitialized":false,"isClient":false,"timestamp":"2025-10-24T22:10:53.714Z"}
[2025-10-24T22:10:53.957Z] [INFO   ] 2025-10-24T22:10:53.957Z [DEBUG] [Username Check] {"userId":"a3e3a51a-175c-4b59-ad03-227ba12a18b0","hasEmail":true,"provider":"email","hasUsername":true,"isGoogleUser":false}
[2025-10-24T22:10:54.223Z] [INFO   ] 2025-10-24T22:10:54.222Z [INFO] [NewWorkflowBuilderContent] URL params: {"aiChat":"true","hasInitialPrompt":true,"initialPrompt":"When I get an email send it to slack"}
[2025-10-24T22:10:54.755Z] [INFO   ] 2025-10-24T22:10:54.755Z [DEBUG] 📍 [API /api/integrations] GET request received {"timestamp":"2025-10-24T22:10:54.755Z","headers":{"referer":"check-console"}}
[2025-10-24T22:10:54.904Z] [INFO   ] 2025-10-24T22:10:54.904Z [DEBUG] ✅ [API /api/integrations] User authenticated {"userId":"a3e3a51a-175c-4b59-ad03-227ba12a18b0"}
[2025-10-24T22:10:55.005Z] [INFO   ] 2025-10-24T22:10:55.005Z [DEBUG] 📊 [API /api/integrations] Query result {"count":14,"error":null,"firstFew":[{"provider":"notion","status":"connected"},{"provider":"mailchimp","status":"connected"}]}
[2025-10-24T22:10:55.870Z] [INFO   ]  [32m[1m✓[22m[39m Compiled /api/ai/stream-workflow in 164ms (812 modules)
[2025-10-24T22:10:56.288Z] [INFO   ] 2025-10-24T22:10:56.288Z [DEBUG] [Middleware] Username check: {"path":"/workflows/builder/bb8f75d6-7785-4d29-909c-56c7ea3a8d50","userId":"a3e3a51a-175c-4b59-ad03-227ba12a18b0","provider":"email","role":"free","username":"nstoddard17","hasUsername":true,"isBetaTester":false,"isNewBetaUser":false,"accountAge":12777168889}
[2025-10-24T22:10:56.427Z] [INFO   ] 2025-10-24T22:10:56.426Z [DEBUG] [Username Check] {"userId":"a3e3a51a-175c-4b59-ad03-227ba12a18b0","hasEmail":true,"provider":"email","hasUsername":true,"isGoogleUser":false}
[2025-10-24T22:10:57.791Z] [INFO   ] [Prerequisite Check] Required apps: [ 'gmail', 'slack' ]
[2025-10-24T22:10:57.792Z] [INFO   ] [Prerequisite Check] Connected integrations: [
  'notion',
  'mailchimp',
  'gmail',
  'google-sheets',
  'google-drive',
  'facebook',
  'trello',
  'slack',
  'google-docs',
  'twitter',
  'dropbox',
  'google-calendar',
  'airtable',
  'google_calendar'
]
[2025-10-24T22:10:57.792Z] [INFO   ] [Prerequisite Check] Normalized connected: [
  'notion',
  'mailchimp',
  'gmail',
  'google-sheets',
  'google-drive',
  'facebook',
  'trello',
  'slack',
  'google-docs',
  'twitter',
  'dropbox',
  'google-calendar',
  'airtable',
  'google_calendar'
]
[2025-10-24T22:10:57.793Z] [INFO   ] [Prerequisite Check] Checking gmail (normalized: gmail): CONNECTED
[2025-10-24T22:10:57.793Z] [INFO   ] [Prerequisite Check] Checking slack (normalized: slack): CONNECTED
[2025-10-24T22:11:16.670Z] [WARN   ]  [33m[1m⚠[22m[39m Fast Refresh had to perform a full reload due to a runtime error.
[2025-10-24T22:11:16.828Z] [INFO   ]  [32m[1m✓[22m[39m Compiled in 965ms (2674 modules)
[2025-10-24T22:11:17.188Z] [INFO   ] 2025-10-24T22:11:17.188Z [DEBUG] [Middleware] Username check: {"path":"/workflows/builder/bb8f75d6-7785-4d29-909c-56c7ea3a8d50","userId":"a3e3a51a-175c-4b59-ad03-227ba12a18b0","provider":"email","role":"free","username":"nstoddard17","hasUsername":true,"isBetaTester":false,"isNewBetaUser":false,"accountAge":12777189789}
[2025-10-24T22:11:17.531Z] [INFO   ] 2025-10-24T22:11:17.531Z [DEBUG] [Username Check] {"userId":"a3e3a51a-175c-4b59-ad03-227ba12a18b0","hasEmail":true,"provider":"email","hasUsername":true,"isGoogleUser":false}
[2025-10-24T22:11:17.537Z] [INFO   ] 2025-10-24T22:11:17.537Z [INFO] [NewWorkflowBuilderContent] URL params: {"aiChat":"true","hasInitialPrompt":true,"initialPrompt":"When I get an email send it to slack"}
[2025-10-24T22:11:18.153Z] [INFO   ] 2025-10-24T22:11:18.153Z [DEBUG] 📍 [API /api/integrations] GET request received {"timestamp":"2025-10-24T22:11:18.153Z","headers":{"referer":"check-console"}}
[2025-10-24T22:11:18.360Z] [INFO   ] 2025-10-24T22:11:18.360Z [DEBUG] ✅ [API /api/integrations] User authenticated {"userId":"a3e3a51a-175c-4b59-ad03-227ba12a18b0"}
[2025-10-24T22:11:18.456Z] [INFO   ] 2025-10-24T22:11:18.456Z [DEBUG] 📊 [API /api/integrations] Query result {"count":14,"error":null,"firstFew":[{"provider":"notion","status":"connected"},{"provider":"mailchimp","status":"connected"}]}
[2025-10-24T22:11:20.931Z] [INFO   ] [Prerequisite Check] Required apps: [ 'gmail', 'slack' ]
[2025-10-24T22:11:20.933Z] [INFO   ] [Prerequisite Check] Connected integrations: [
  'notion',
  'mailchimp',
  'gmail',
  'google-sheets',
  'google-drive',
  'facebook',
  'trello',
  'slack',
  'google-docs',
  'twitter',
  'dropbox',
  'google-calendar',
  'airtable',
  'google_calendar'
]
[2025-10-24T22:11:20.933Z] [INFO   ] [Prerequisite Check] Normalized connected: [
  'notion',
  'mailchimp',
  'gmail',
  'google-sheets',
  'google-drive',
  'facebook',
  'trello',
  'slack',
  'google-docs',
  'twitter',
  'dropbox',
  'google-calendar',
  'airtable',
  'google_calendar'
]
[2025-10-24T22:11:20.934Z] [INFO   ] [Prerequisite Check] Checking gmail (normalized: gmail): CONNECTED
[2025-10-24T22:11:20.934Z] [INFO   ] [Prerequisite Check] Checking slack (normalized: slack): CONNECTED
[2025-10-24T22:11:27.377Z] [INFO   ]  [32m[1m✓[22m[39m Compiled in 631ms (2674 modules)
[2025-10-24T22:11:27.643Z] [INFO   ] 2025-10-24T22:11:27.643Z [DEBUG] [Middleware] Username check: {"path":"/workflows/builder/bb8f75d6-7785-4d29-909c-56c7ea3a8d50","userId":"a3e3a51a-175c-4b59-ad03-227ba12a18b0","provider":"email","role":"free","username":"nstoddard17","hasUsername":true,"isBetaTester":false,"isNewBetaUser":false,"accountAge":12777200244}
[2025-10-24T22:11:28.621Z] [INFO   ] 2025-10-24T22:11:28.620Z [DEBUG] [Username Check] {"userId":"a3e3a51a-175c-4b59-ad03-227ba12a18b0","hasEmail":true,"provider":"email","hasUsername":true,"isGoogleUser":false}
[2025-10-24T22:11:33.675Z] [WARN   ]  [33m[1m⚠[22m[39m Fast Refresh had to perform a full reload due to a runtime error.
[2025-10-24T22:11:33.783Z] [INFO   ]  [32m[1m✓[22m[39m Compiled in 668ms (2674 modules)
[2025-10-24T22:11:34.068Z] [INFO   ] 2025-10-24T22:11:34.068Z [DEBUG] [Middleware] Username check: {"path":"/workflows/builder/bb8f75d6-7785-4d29-909c-56c7ea3a8d50","userId":"a3e3a51a-175c-4b59-ad03-227ba12a18b0","provider":"email","role":"free","username":"nstoddard17","hasUsername":true,"isBetaTester":false,"isNewBetaUser":false,"accountAge":12777206669}
[2025-10-24T22:11:34.398Z] [INFO   ] 2025-10-24T22:11:34.398Z [DEBUG] [Username Check] {"userId":"a3e3a51a-175c-4b59-ad03-227ba12a18b0","hasEmail":true,"provider":"email","hasUsername":true,"isGoogleUser":false}
[2025-10-24T22:11:34.404Z] [INFO   ] 2025-10-24T22:11:34.404Z [INFO] [NewWorkflowBuilderContent] URL params: {"aiChat":"true","hasInitialPrompt":true,"initialPrompt":"When I get an email send it to slack"}
[2025-10-24T22:11:35.007Z] [INFO   ] 2025-10-24T22:11:35.007Z [DEBUG] 📍 [API /api/integrations] GET request received {"timestamp":"2025-10-24T22:11:35.007Z","headers":{"referer":"check-console"}}
[2025-10-24T22:11:35.203Z] [INFO   ] 2025-10-24T22:11:35.203Z [DEBUG] ✅ [API /api/integrations] User authenticated {"userId":"a3e3a51a-175c-4b59-ad03-227ba12a18b0"}
[2025-10-24T22:11:35.278Z] [INFO   ] 2025-10-24T22:11:35.278Z [DEBUG] 📊 [API /api/integrations] Query result {"count":14,"error":null,"firstFew":[{"provider":"notion","status":"connected"},{"provider":"mailchimp","status":"connected"}]}
[2025-10-24T22:11:37.674Z] [INFO   ] [Prerequisite Check] Required apps: [ 'gmail', 'slack' ]
[2025-10-24T22:11:37.675Z] [INFO   ] [Prerequisite Check] Connected integrations: [
  'notion',
  'mailchimp',
  'gmail',
  'google-sheets',
  'google-drive',
  'facebook',
  'trello',
  'slack',
  'google-docs',
  'twitter',
  'dropbox',
  'google-calendar',
  'airtable',
  'google_calendar'
]
[2025-10-24T22:11:37.675Z] [INFO   ] [Prerequisite Check] Normalized connected: [
  'notion',
  'mailchimp',
  'gmail',
  'google-sheets',
  'google-drive',
  'facebook',
  'trello',
  'slack',
  'google-docs',
  'twitter',
  'dropbox',
  'google-calendar',
  'airtable',
  'google_calendar'
]
[2025-10-24T22:11:37.675Z] [INFO   ] [Prerequisite Check] Checking gmail (normalized: gmail): CONNECTED
[2025-10-24T22:11:37.675Z] [INFO   ] [Prerequisite Check] Checking slack (normalized: slack): CONNECTED
[2025-10-24T22:12:06.083Z] [ERROR  ]  [31m[1m⨯[22m[39m ENOENT: no such file or directory, open '/Users/nathanielstoddard/chainreact-app/chainreact-app-9e/.next/server/app-paths-manifest.json'
Error: ENOENT: no such file or directory, open '/Users/nathanielstoddard/chainreact-app/chainreact-app-9e/.next/server/app-paths-manifest.json'
    at readFileSync (node:fs:443:20)
    at loadManifest (/Users/nathanielstoddard/chainreact-app/chainreact-app-9e/node_modules/next/dist/server/load-manifest.external.js:41:41)
    at getMaybePagePath (/Users/nathanielstoddard/chainreact-app/chainreact-app-9e/node_modules/next/dist/server/require.js:51:67)
    at getPagePath (/Users/nathanielstoddard/chainreact-app/chainreact-app-9e/node_modules/next/dist/server/require.js:86:22)
    at requirePage (/Users/nathanielstoddard/chainreact-app/chainreact-app-9e/node_modules/next/dist/server/require.js:93:22)
    at loadComponentsImpl (/Users/nathanielstoddard/chainreact-app/chainreact-app-9e/node_modules/next/dist/server/load-components.js:132:57)
    at async DevServer.findPageComponentsImpl (/Users/nathanielstoddard/chainreact-app/chainreact-app-9e/node_modules/next/dist/server/next-server.js:899:36)
    at async DevServer.findPageComponents (/Users/nathanielstoddard/chainreact-app/chainreact-app-9e/node_modules/next/dist/server/dev/next-dev-server.js:705:16)
    at async DevServer.renderPageComponent (/Users/nathanielstoddard/chainreact-app/chainreact-app-9e/node_modules/next/dist/server/base-server.js:1460:24)
    at async DevServer.renderToResponseImpl (/Users/nathanielstoddard/chainreact-app/chainreact-app-9e/node_modules/next/dist/server/base-server.js:1514:32)
    at async DevServer.pipeImpl (/Users/nathanielstoddard/chainreact-app/chainreact-app-9e/node_modules/next/dist/server/base-server.js:1025:25)
    at async NextNodeServer.handleCatchallRenderRequest (/Users/nathanielstoddard/chainreact-app/chainreact-app-9e/node_modules/next/dist/server/next-server.js:393:17)
    at async DevServer.handleRequestImpl (/Users/nathanielstoddard/chainreact-app/chainreact-app-9e/node_modules/next/dist/server/base-server.js:916:17)
    at async /Users/nathanielstoddard/chainreact-app/chainreact-app-9e/node_modules/next/dist/server/dev/next-dev-server.js:399:20
    at async Span.traceAsyncFn (/Users/nathanielstoddard/chainreact-app/chainreact-app-9e/node_modules/next/dist/trace/trace.js:157:20)
    at async DevServer.handleRequest (/Users/nathanielstoddard/chainreact-app/chainreact-app-9e/node_modules/next/dist/server/dev/next-dev-server.js:395:24)
    at async invokeRender (/Users/nathanielstoddard/chainreact-app/chainreact-app-9e/node_modules/next/dist/server/lib/router-server.js:240:21)
    at async handleRequest (/Users/nathanielstoddard/chainreact-app/chainreact-app-9e/node_modules/next/dist/server/lib/router-server.js:437:24)
    at async requestHandlerImpl (/Users/nathanielstoddard/chainreact-app/chainreact-app-9e/node_modules/next/dist/server/lib/router-server.js:485:13)
    at async Server.requestListener (/Users/nathanielstoddard/chainreact-app/chainreact-app-9e/node_modules/next/dist/server/lib/start-server.js:226:13)
[2025-10-24T22:12:06.104Z] [ERROR  ]  [31m[1m⨯[22m[39m ENOENT: no such file or directory, open '/Users/nathanielstoddard/chainreact-app/chainreact-app-9e/.next/server/pages-manifest.json'
Error: ENOENT: no such file or directory, open '/Users/nathanielstoddard/chainreact-app/chainreact-app-9e/.next/server/pages-manifest.json'
    at readFileSync (node:fs:443:20)
    at loadManifest (/Users/nathanielstoddard/chainreact-app/chainreact-app-9e/node_modules/next/dist/server/load-manifest.external.js:41:41)
    at getMaybePagePath (/Users/nathanielstoddard/chainreact-app/chainreact-app-9e/node_modules/next/dist/server/require.js:53:66)
    at getPagePath (/Users/nathanielstoddard/chainreact-app/chainreact-app-9e/node_modules/next/dist/server/require.js:86:22)
    at requirePage (/Users/nathanielstoddard/chainreact-app/chainreact-app-9e/node_modules/next/dist/server/require.js:93:22)
    at loadComponentsImpl (/Users/nathanielstoddard/chainreact-app/chainreact-app-9e/node_modules/next/dist/server/load-components.js:86:38)
    at DevServer.findPageComponentsImpl (/Users/nathanielstoddard/chainreact-app/chainreact-app-9e/node_modules/next/dist/server/next-server.js:899:77)
    at /Users/nathanielstoddard/chainreact-app/chainreact-app-9e/node_modules/next/dist/server/next-server.js:877:21
    at /Users/nathanielstoddard/chainreact-app/chainreact-app-9e/node_modules/next/dist/server/lib/trace/tracer.js:170:36
    at NoopContextManager.with (/Users/nathanielstoddard/chainreact-app/chainreact-app-9e/node_modules/@opentelemetry/api/build/src/context/NoopContextManager.js:25:19)
    at ContextAPI.with (/Users/nathanielstoddard/chainreact-app/chainreact-app-9e/node_modules/@opentelemetry/api/build/src/api/context.js:60:46)
    at NoopTracer.startActiveSpan (/Users/nathanielstoddard/chainreact-app/chainreact-app-9e/node_modules/@opentelemetry/api/build/src/trace/NoopTracer.js:65:31)
    at ProxyTracer.startActiveSpan (/Users/nathanielstoddard/chainreact-app/chainreact-app-9e/node_modules/@opentelemetry/api/build/src/trace/ProxyTracer.js:36:24)
    at tracer.startActiveSpan (/Users/nathanielstoddard/chainreact-app/chainreact-app-9e/node_modules/next/dist/server/lib/router-utils/instrumentation-node-extensions.js:65:48)
    at /Users/nathanielstoddard/chainreact-app/chainreact-app-9e/node_modules/next/dist/server/lib/trace/tracer.js:152:103
    at NoopContextManager.with (/Users/nathanielstoddard/chainreact-app/chainreact-app-9e/node_modules/@opentelemetry/api/build/src/context/NoopContextManager.js:25:19)
    at ContextAPI.with (/Users/nathanielstoddard/chainreact-app/chainreact-app-9e/node_modules/@opentelemetry/api/build/src/api/context.js:60:46)
    at NextTracerImpl.trace (/Users/nathanielstoddard/chainreact-app/chainreact-app-9e/node_modules/next/dist/server/lib/trace/tracer.js:152:28)
    at DevServer.findPageComponents (/Users/nathanielstoddard/chainreact-app/chainreact-app-9e/node_modules/next/dist/server/next-server.js:872:41)
    at DevServer.findPageComponents (/Users/nathanielstoddard/chainreact-app/chainreact-app-9e/node_modules/next/dist/server/dev/next-dev-server.js:705:28)
    at async DevServer.renderErrorToResponseImpl (/Users/nathanielstoddard/chainreact-app/chainreact-app-9e/node_modules/next/dist/server/base-server.js:1687:26)
    at async pipe.req.req (/Users/nathanielstoddard/chainreact-app/chainreact-app-9e/node_modules/next/dist/server/base-server.js:1610:30)
    at async DevServer.pipeImpl (/Users/nathanielstoddard/chainreact-app/chainreact-app-9e/node_modules/next/dist/server/base-server.js:1025:25)
    at async NextNodeServer.handleCatchallRenderRequest (/Users/nathanielstoddard/chainreact-app/chainreact-app-9e/node_modules/next/dist/server/next-server.js:408:21)
    at async DevServer.handleRequestImpl (/Users/nathanielstoddard/chainreact-app/chainreact-app-9e/node_modules/next/dist/server/base-server.js:916:17)
    at async /Users/nathanielstoddard/chainreact-app/chainreact-app-9e/node_modules/next/dist/server/dev/next-dev-server.js:399:20
    at async Span.traceAsyncFn (/Users/nathanielstoddard/chainreact-app/chainreact-app-9e/node_modules/next/dist/trace/trace.js:157:20)
    at async DevServer.handleRequest (/Users/nathanielstoddard/chainreact-app/chainreact-app-9e/node_modules/next/dist/server/dev/next-dev-server.js:395:24)
    at async invokeRender (/Users/nathanielstoddard/chainreact-app/chainreact-app-9e/node_modules/next/dist/server/lib/router-server.js:240:21)
    at async handleRequest (/Users/nathanielstoddard/chainreact-app/chainreact-app-9e/node_modules/next/dist/server/lib/router-server.js:437:24)
    at async requestHandlerImpl (/Users/nathanielstoddard/chainreact-app/chainreact-app-9e/node_modules/next/dist/server/lib/router-server.js:485:13)
    at async Server.requestListener (/Users/nathanielstoddard/chainreact-app/chainreact-app-9e/node_modules/next/dist/server/lib/start-server.js:226:13)
[2025-10-24T22:12:06.126Z] [ERROR  ] ENOENT: no such file or directory, open '/Users/nathanielstoddard/chainreact-app/chainreact-app-9e/.next/server/app-paths-manifest.json'
Error: ENOENT: no such file or directory, open '/Users/nathanielstoddard/chainreact-app/chainreact-app-9e/.next/server/app-paths-manifest.json'
    at readFileSync (node:fs:443:20)
    at loadManifest (/Users/nathanielstoddard/chainreact-app/chainreact-app-9e/node_modules/next/dist/server/load-manifest.external.js:41:41)
    at getMaybePagePath (/Users/nathanielstoddard/chainreact-app/chainreact-app-9e/node_modules/next/dist/server/require.js:51:67)
    at getPagePath (/Users/nathanielstoddard/chainreact-app/chainreact-app-9e/node_modules/next/dist/server/require.js:86:22)
    at requirePage (/Users/nathanielstoddard/chainreact-app/chainreact-app-9e/node_modules/next/dist/server/require.js:93:22)
    at loadComponentsImpl (/Users/nathanielstoddard/chainreact-app/chainreact-app-9e/node_modules/next/dist/server/load-components.js:132:57)
    at async DevServer.findPageComponentsImpl (/Users/nathanielstoddard/chainreact-app/chainreact-app-9e/node_modules/next/dist/server/next-server.js:899:36)
    at async DevServer.findPageComponents (/Users/nathanielstoddard/chainreact-app/chainreact-app-9e/node_modules/next/dist/server/dev/next-dev-server.js:705:16)
    at async DevServer.renderPageComponent (/Users/nathanielstoddard/chainreact-app/chainreact-app-9e/node_modules/next/dist/server/base-server.js:1460:24)
    at async DevServer.renderToResponseImpl (/Users/nathanielstoddard/chainreact-app/chainreact-app-9e/node_modules/next/dist/server/base-server.js:1514:32)
    at async DevServer.pipeImpl (/Users/nathanielstoddard/chainreact-app/chainreact-app-9e/node_modules/next/dist/server/base-server.js:1025:25)
    at async NextNodeServer.handleCatchallRenderRequest (/Users/nathanielstoddard/chainreact-app/chainreact-app-9e/node_modules/next/dist/server/next-server.js:393:17)
    at async DevServer.handleRequestImpl (/Users/nathanielstoddard/chainreact-app/chainreact-app-9e/node_modules/next/dist/server/base-server.js:916:17)
    at async /Users/nathanielstoddard/chainreact-app/chainreact-app-9e/node_modules/next/dist/server/dev/next-dev-server.js:399:20
    at async Span.traceAsyncFn (/Users/nathanielstoddard/chainreact-app/chainreact-app-9e/node_modules/next/dist/trace/trace.js:157:20)
    at async DevServer.handleRequest (/Users/nathanielstoddard/chainreact-app/chainreact-app-9e/node_modules/next/dist/server/dev/next-dev-server.js:395:24)
    at async invokeRender (/Users/nathanielstoddard/chainreact-app/chainreact-app-9e/node_modules/next/dist/server/lib/router-server.js:240:21)
    at async handleRequest (/Users/nathanielstoddard/chainreact-app/chainreact-app-9e/node_modules/next/dist/server/lib/router-server.js:437:24)
    at async requestHandlerImpl (/Users/nathanielstoddard/chainreact-app/chainreact-app-9e/node_modules/next/dist/server/lib/router-server.js:485:13)
    at async Server.requestListener (/Users/nathanielstoddard/chainreact-app/chainreact-app-9e/node_modules/next/dist/server/lib/start-server.js:226:13)
[2025-10-24T22:12:06.132Z] [ERROR  ]  [31m[1m⨯[22m[39m ENOENT: no such file or directory, open '/Users/nathanielstoddard/chainreact-app/chainreact-app-9e/.next/server/pages-manifest.json'
Error: ENOENT: no such file or directory, open '/Users/nathanielstoddard/chainreact-app/chainreact-app-9e/.next/server/pages-manifest.json'
    at readFileSync (node:fs:443:20)
    at loadManifest (/Users/nathanielstoddard/chainreact-app/chainreact-app-9e/node_modules/next/dist/server/load-manifest.external.js:41:41)
    at getMaybePagePath (/Users/nathanielstoddard/chainreact-app/chainreact-app-9e/node_modules/next/dist/server/require.js:53:66)
    at getPagePath (/Users/nathanielstoddard/chainreact-app/chainreact-app-9e/node_modules/next/dist/server/require.js:86:22)
    at requirePage (/Users/nathanielstoddard/chainreact-app/chainreact-app-9e/node_modules/next/dist/server/require.js:93:22)
    at loadComponentsImpl (/Users/nathanielstoddard/chainreact-app/chainreact-app-9e/node_modules/next/dist/server/load-components.js:86:38)
    at DevServer.findPageComponentsImpl (/Users/nathanielstoddard/chainreact-app/chainreact-app-9e/node_modules/next/dist/server/next-server.js:899:77)
    at /Users/nathanielstoddard/chainreact-app/chainreact-app-9e/node_modules/next/dist/server/next-server.js:877:21
    at /Users/nathanielstoddard/chainreact-app/chainreact-app-9e/node_modules/next/dist/server/lib/trace/tracer.js:170:36
    at NoopContextManager.with (/Users/nathanielstoddard/chainreact-app/chainreact-app-9e/node_modules/@opentelemetry/api/build/src/context/NoopContextManager.js:25:19)
    at ContextAPI.with (/Users/nathanielstoddard/chainreact-app/chainreact-app-9e/node_modules/@opentelemetry/api/build/src/api/context.js:60:46)
    at NoopTracer.startActiveSpan (/Users/nathanielstoddard/chainreact-app/chainreact-app-9e/node_modules/@opentelemetry/api/build/src/trace/NoopTracer.js:65:31)
    at ProxyTracer.startActiveSpan (/Users/nathanielstoddard/chainreact-app/chainreact-app-9e/node_modules/@opentelemetry/api/build/src/trace/ProxyTracer.js:36:24)
    at tracer.startActiveSpan (/Users/nathanielstoddard/chainreact-app/chainreact-app-9e/node_modules/next/dist/server/lib/router-utils/instrumentation-node-extensions.js:65:48)
    at /Users/nathanielstoddard/chainreact-app/chainreact-app-9e/node_modules/next/dist/server/lib/trace/tracer.js:152:103
    at NoopContextManager.with (/Users/nathanielstoddard/chainreact-app/chainreact-app-9e/node_modules/@opentelemetry/api/build/src/context/NoopContextManager.js:25:19)
    at ContextAPI.with (/Users/nathanielstoddard/chainreact-app/chainreact-app-9e/node_modules/@opentelemetry/api/build/src/api/context.js:60:46)
    at NextTracerImpl.trace (/Users/nathanielstoddard/chainreact-app/chainreact-app-9e/node_modules/next/dist/server/lib/trace/tracer.js:152:28)
    at DevServer.findPageComponents (/Users/nathanielstoddard/chainreact-app/chainreact-app-9e/node_modules/next/dist/server/next-server.js:872:41)
    at DevServer.findPageComponents (/Users/nathanielstoddard/chainreact-app/chainreact-app-9e/node_modules/next/dist/server/dev/next-dev-server.js:705:28)
    at async DevServer.renderErrorToResponseImpl (/Users/nathanielstoddard/chainreact-app/chainreact-app-9e/node_modules/next/dist/server/base-server.js:1687:26)
    at async pipe.req.req (/Users/nathanielstoddard/chainreact-app/chainreact-app-9e/node_modules/next/dist/server/base-server.js:1610:30)
    at async DevServer.pipeImpl (/Users/nathanielstoddard/chainreact-app/chainreact-app-9e/node_modules/next/dist/server/base-server.js:1025:25)
    at async /Users/nathanielstoddard/chainreact-app/chainreact-app-9e/node_modules/next/dist/server/dev/next-dev-server.js:399:20
    at async Span.traceAsyncFn (/Users/nathanielstoddard/chainreact-app/chainreact-app-9e/node_modules/next/dist/trace/trace.js:157:20)
    at async DevServer.handleRequest (/Users/nathanielstoddard/chainreact-app/chainreact-app-9e/node_modules/next/dist/server/dev/next-dev-server.js:395:24)
    at async invokeRender (/Users/nathanielstoddard/chainreact-app/chainreact-app-9e/node_modules/next/dist/server/lib/router-server.js:240:21)
    at async requestHandlerImpl (/Users/nathanielstoddard/chainreact-app/chainreact-app-9e/node_modules/next/dist/server/lib/router-server.js:497:24)
    at async Server.requestListener (/Users/nathanielstoddard/chainreact-app/chainreact-app-9e/node_modules/next/dist/server/lib/start-server.js:226:13)
[2025-10-24T22:12:06.167Z] [ERROR  ] ENOENT: no such file or directory, open '/Users/nathanielstoddard/chainreact-app/chainreact-app-9e/.next/routes-manifest.json'
Error: ENOENT: no such file or directory, open '/Users/nathanielstoddard/chainreact-app/chainreact-app-9e/.next/routes-manifest.json'
    at readFileSync (node:fs:443:20)
    at loadManifest (/Users/nathanielstoddard/chainreact-app/chainreact-app-9e/node_modules/next/dist/server/load-manifest.external.js:41:41)
    at loadManifestFromRelativePath (/Users/nathanielstoddard/chainreact-app/chainreact-app-9e/node_modules/next/dist/server/load-manifest.external.js:84:16)
    at PagesRouteModule.loadManifests (/Users/nathanielstoddard/chainreact-app/chainreact-app-9e/node_modules/next/dist/server/route-modules/route-module.js:115:17)
    at PagesRouteModule.prepare (/Users/nathanielstoddard/chainreact-app/chainreact-app-9e/node_modules/next/dist/server/route-modules/route-module.js:285:38)
    at async handler (/Users/nathanielstoddard/chainreact-app/chainreact-app-9e/node_modules/next/dist/server/route-modules/pages/pages-handler.js:52:31)
    at async DevServer.renderToResponseWithComponentsImpl (/Users/nathanielstoddard/chainreact-app/chainreact-app-9e/node_modules/next/dist/server/base-server.js:1422:9)
    at async pipe.req.req (/Users/nathanielstoddard/chainreact-app/chainreact-app-9e/node_modules/next/dist/server/base-server.js:1610:30)
    at async DevServer.pipeImpl (/Users/nathanielstoddard/chainreact-app/chainreact-app-9e/node_modules/next/dist/server/base-server.js:1025:25)
    at async /Users/nathanielstoddard/chainreact-app/chainreact-app-9e/node_modules/next/dist/server/dev/next-dev-server.js:399:20
    at async Span.traceAsyncFn (/Users/nathanielstoddard/chainreact-app/chainreact-app-9e/node_modules/next/dist/trace/trace.js:157:20)
    at async DevServer.handleRequest (/Users/nathanielstoddard/chainreact-app/chainreact-app-9e/node_modules/next/dist/server/dev/next-dev-server.js:395:24)
    at async invokeRender (/Users/nathanielstoddard/chainreact-app/chainreact-app-9e/node_modules/next/dist/server/lib/router-server.js:240:21)
    at async requestHandlerImpl (/Users/nathanielstoddard/chainreact-app/chainreact-app-9e/node_modules/next/dist/server/lib/router-server.js:497:24)
    at async Server.requestListener (/Users/nathanielstoddard/chainreact-app/chainreact-app-9e/node_modules/next/dist/server/lib/start-server.js:226:13)
[2025-10-24T22:12:38.861Z] [ERROR  ]  [31m[1m⨯[22m[39m ENOENT: no such file or directory, open '/Users/nathanielstoddard/chainreact-app/chainreact-app-9e/.next/prerender-manifest.json'
Error: ENOENT: no such file or directory, open '/Users/nathanielstoddard/chainreact-app/chainreact-app-9e/.next/prerender-manifest.json'
    at readFileSync (node:fs:443:20)
    at loadManifest (/Users/nathanielstoddard/chainreact-app/chainreact-app-9e/node_modules/next/dist/server/load-manifest.external.js:41:41)
    at loadManifestFromRelativePath (/Users/nathanielstoddard/chainreact-app/chainreact-app-9e/node_modules/next/dist/server/load-manifest.external.js:84:16)
    at AppRouteRouteModule.loadManifests (/Users/nathanielstoddard/chainreact-app/chainreact-app-9e/node_modules/next/dist/compiled/next-server/app-route.runtime.dev.js:1:156067)
    at AppRouteRouteModule.prepare (/Users/nathanielstoddard/chainreact-app/chainreact-app-9e/node_modules/next/dist/compiled/next-server/app-route.runtime.dev.js:1:164236)
    at async handler (webpack-internal:///(rsc)/./node_modules/next/dist/build/webpack/loaders/next-app-loader/index.js?name=app%2Fapi%2Fcollaboration%2Fcollaborators%2Froute&page=%2Fapi%2Fcollaboration%2Fcollaborators%2Froute&appPaths=&pagePath=private-next-app-dir%2Fapi%2Fcollaboration%2Fcollaborators%2Froute.ts&appDir=%2FUsers%2Fnathanielstoddard%2Fchainreact-app%2Fchainreact-app-9e%2Fapp&pageExtensions=tsx&pageExtensions=ts&pageExtensions=jsx&pageExtensions=js&rootDir=%2FUsers%2Fnathanielstoddard%2Fchainreact-app%2Fchainreact-app-9e&isDev=true&tsconfigPath=tsconfig.json&basePath=&assetPrefix=&nextConfigOutput=&preferredRegion=&middlewareConfig=e30%3D&isGlobalNotFoundEnabled=!:95:27)
    at async DevServer.renderToResponseWithComponentsImpl (/Users/nathanielstoddard/chainreact-app/chainreact-app-9e/node_modules/next/dist/server/base-server.js:1422:9)
    at async DevServer.renderPageComponent (/Users/nathanielstoddard/chainreact-app/chainreact-app-9e/node_modules/next/dist/server/base-server.js:1474:24)
    at async DevServer.renderToResponseImpl (/Users/nathanielstoddard/chainreact-app/chainreact-app-9e/node_modules/next/dist/server/base-server.js:1514:32)
    at async DevServer.pipeImpl (/Users/nathanielstoddard/chainreact-app/chainreact-app-9e/node_modules/next/dist/server/base-server.js:1025:25)
    at async NextNodeServer.handleCatchallRenderRequest (/Users/nathanielstoddard/chainreact-app/chainreact-app-9e/node_modules/next/dist/server/next-server.js:393:17)
    at async DevServer.handleRequestImpl (/Users/nathanielstoddard/chainreact-app/chainreact-app-9e/node_modules/next/dist/server/base-server.js:916:17)
    at async /Users/nathanielstoddard/chainreact-app/chainreact-app-9e/node_modules/next/dist/server/dev/next-dev-server.js:399:20
    at async Span.traceAsyncFn (/Users/nathanielstoddard/chainreact-app/chainreact-app-9e/node_modules/next/dist/trace/trace.js:157:20)
    at async DevServer.handleRequest (/Users/nathanielstoddard/chainreact-app/chainreact-app-9e/node_modules/next/dist/server/dev/next-dev-server.js:395:24)
    at async invokeRender (/Users/nathanielstoddard/chainreact-app/chainreact-app-9e/node_modules/next/dist/server/lib/router-server.js:240:21)
    at async handleRequest (/Users/nathanielstoddard/chainreact-app/chainreact-app-9e/node_modules/next/dist/server/lib/router-server.js:437:24)
    at async requestHandlerImpl (/Users/nathanielstoddard/chainreact-app/chainreact-app-9e/node_modules/next/dist/server/lib/router-server.js:485:13)
    at async Server.requestListener (/Users/nathanielstoddard/chainreact-app/chainreact-app-9e/node_modules/next/dist/server/lib/start-server.js:226:13)
[2025-10-24T22:13:57.950Z] [INFO   ]  [32m[1m✓[22m[39m Compiled in 1061ms (1862 modules)
[2025-10-24T22:13:58.347Z] [INFO   ]  [32m[1m✓[22m[39m Compiled in 393ms (1862 modules)
[2025-10-24T22:13:58.609Z] [INFO   ] 2025-10-24T22:13:58.608Z [DEBUG] [Middleware] Username check: {"path":"/workflows/builder/bb8f75d6-7785-4d29-909c-56c7ea3a8d50","userId":"a3e3a51a-175c-4b59-ad03-227ba12a18b0","provider":"email","role":"free","username":"nstoddard17","hasUsername":true,"isBetaTester":false,"isNewBetaUser":false,"accountAge":12777351209}
[2025-10-24T22:13:58.808Z] [INFO   ] 2025-10-24T22:13:58.808Z [DEBUG] [Username Check] {"userId":"a3e3a51a-175c-4b59-ad03-227ba12a18b0","hasEmail":true,"provider":"email","hasUsername":true,"isGoogleUser":false}
[2025-10-24T22:13:59.100Z] [INFO   ] 2025-10-24T22:13:59.100Z [DEBUG] [Middleware] Username check: {"path":"/workflows/builder/bb8f75d6-7785-4d29-909c-56c7ea3a8d50","userId":"a3e3a51a-175c-4b59-ad03-227ba12a18b0","provider":"email","role":"free","username":"nstoddard17","hasUsername":true,"isBetaTester":false,"isNewBetaUser":false,"accountAge":12777351701}
[2025-10-24T22:13:59.203Z] [INFO   ] 2025-10-24T22:13:59.203Z [DEBUG] [Username Check] {"userId":"a3e3a51a-175c-4b59-ad03-227ba12a18b0","hasEmail":true,"provider":"email","hasUsername":true,"isGoogleUser":false}
[2025-10-24T22:14:00.676Z] [INFO   ] 2025-10-24T22:14:00.676Z [DEBUG] 📍 [API /api/integrations] GET request received {"timestamp":"2025-10-24T22:14:00.676Z","headers":{"referer":"check-console"}}
[2025-10-24T22:14:00.782Z] [INFO   ] 2025-10-24T22:14:00.782Z [DEBUG] ✅ [API /api/integrations] User authenticated {"userId":"a3e3a51a-175c-4b59-ad03-227ba12a18b0"}
[2025-10-24T22:14:00.897Z] [INFO   ] 2025-10-24T22:14:00.897Z [DEBUG] 📊 [API /api/integrations] Query result {"count":14,"error":null,"firstFew":[{"provider":"notion","status":"connected"},{"provider":"mailchimp","status":"connected"}]}
[2025-10-24T22:16:50.842Z] [INFO   ] 2025-10-24T22:16:50.841Z [DEBUG] Discord Gateway closed, persistent reconnect disabled
[2025-10-24T22:26:02.519Z] [INFO   ] 2025-10-24T22:26:02.518Z [DEBUG] [Middleware] Username check: {"path":"/workflows/ai-agent","userId":"a3e3a51a-175c-4b59-ad03-227ba12a18b0","provider":"email","role":"free","username":"nstoddard17","hasUsername":true,"isBetaTester":false,"isNewBetaUser":false,"accountAge":12778075119}
[2025-10-24T22:26:02.940Z] [ERROR  ]  [31m[1m⨯[22m[39m Cannot read properties of undefined (reading 'call')
TypeError: Cannot read properties of undefined (reading 'call')
    at Object.c [as require] (/Users/nathanielstoddard/chainreact-app/chainreact-app-9e/.next/server/webpack-runtime.js:1:143)
    at Object.require (/Users/nathanielstoddard/chainreact-app/chainreact-app-9e/node_modules/next/dist/compiled/next-server/app-page.runtime.prod.js:20:17460)
    at globalThis.__next_require__ (/Users/nathanielstoddard/chainreact-app/chainreact-app-9e/node_modules/next/dist/compiled/next-server/app-page.runtime.prod.js:20:18029)
    at c (/Users/nathanielstoddard/chainreact-app/chainreact-app-9e/node_modules/next/dist/compiled/next-server/app-page.runtime.prod.js:2:135502)
    at H (/Users/nathanielstoddard/chainreact-app/chainreact-app-9e/node_modules/next/dist/compiled/next-server/app-page.runtime.prod.js:2:146036)
    at K (/Users/nathanielstoddard/chainreact-app/chainreact-app-9e/node_modules/next/dist/compiled/next-server/app-page.runtime.prod.js:2:149356)
    at Array._fromJSON (/Users/nathanielstoddard/chainreact-app/chainreact-app-9e/node_modules/next/dist/compiled/next-server/app-page.runtime.prod.js:2:152042)
    at JSON.parse (<anonymous>)
    at U (/Users/nathanielstoddard/chainreact-app/chainreact-app-9e/node_modules/next/dist/compiled/next-server/app-page.runtime.prod.js:2:145769)
    at $ (/Users/nathanielstoddard/chainreact-app/chainreact-app-9e/node_modules/next/dist/compiled/next-server/app-page.runtime.prod.js:2:144975)
    at eh (/Users/nathanielstoddard/chainreact-app/chainreact-app-9e/node_modules/next/dist/compiled/next-server/app-page.runtime.prod.js:2:157105)
    at /Users/nathanielstoddard/chainreact-app/chainreact-app-9e/node_modules/next/dist/compiled/next-server/app-page.runtime.prod.js:2:158357
    at ep (/Users/nathanielstoddard/chainreact-app/chainreact-app-9e/node_modules/next/dist/compiled/next-server/app-page.runtime.prod.js:2:158383)
    at t (/Users/nathanielstoddard/chainreact-app/chainreact-app-9e/node_modules/next/dist/compiled/next-server/app-page.runtime.prod.js:2:159226)
[2025-10-24T22:26:03.017Z] [ERROR  ] Cannot read properties of undefined (reading 'call')
TypeError: Cannot read properties of undefined (reading 'call')
    at Object.c [as require] (/Users/nathanielstoddard/chainreact-app/chainreact-app-9e/.next/server/webpack-runtime.js:1:143)
    at Object.require (/Users/nathanielstoddard/chainreact-app/chainreact-app-9e/node_modules/next/dist/compiled/next-server/app-page.runtime.prod.js:20:17460)
    at globalThis.__next_require__ (/Users/nathanielstoddard/chainreact-app/chainreact-app-9e/node_modules/next/dist/compiled/next-server/app-page.runtime.prod.js:20:18029)
    at c (/Users/nathanielstoddard/chainreact-app/chainreact-app-9e/node_modules/next/dist/compiled/next-server/app-page.runtime.prod.js:2:135502)
    at H (/Users/nathanielstoddard/chainreact-app/chainreact-app-9e/node_modules/next/dist/compiled/next-server/app-page.runtime.prod.js:2:146036)
    at K (/Users/nathanielstoddard/chainreact-app/chainreact-app-9e/node_modules/next/dist/compiled/next-server/app-page.runtime.prod.js:2:149356)
    at Array._fromJSON (/Users/nathanielstoddard/chainreact-app/chainreact-app-9e/node_modules/next/dist/compiled/next-server/app-page.runtime.prod.js:2:152042)
    at JSON.parse (<anonymous>)
    at U (/Users/nathanielstoddard/chainreact-app/chainreact-app-9e/node_modules/next/dist/compiled/next-server/app-page.runtime.prod.js:2:145769)
    at $ (/Users/nathanielstoddard/chainreact-app/chainreact-app-9e/node_modules/next/dist/compiled/next-server/app-page.runtime.prod.js:2:144975)
    at eh (/Users/nathanielstoddard/chainreact-app/chainreact-app-9e/node_modules/next/dist/compiled/next-server/app-page.runtime.prod.js:2:157105)
    at /Users/nathanielstoddard/chainreact-app/chainreact-app-9e/node_modules/next/dist/compiled/next-server/app-page.runtime.prod.js:2:158357
    at ep (/Users/nathanielstoddard/chainreact-app/chainreact-app-9e/node_modules/next/dist/compiled/next-server/app-page.runtime.prod.js:2:158383)
    at t (/Users/nathanielstoddard/chainreact-app/chainreact-app-9e/node_modules/next/dist/compiled/next-server/app-page.runtime.prod.js:2:159226)
[2025-10-24T22:26:03.117Z] [ERROR  ]  [31m[1m⨯[22m[39m Cannot read properties of undefined (reading 'call')
TypeError: Cannot read properties of undefined (reading 'call')
    at Object.c [as require] (/Users/nathanielstoddard/chainreact-app/chainreact-app-9e/.next/server/webpack-runtime.js:1:143)
    at Object.require (/Users/nathanielstoddard/chainreact-app/chainreact-app-9e/node_modules/next/dist/compiled/next-server/app-page.runtime.prod.js:20:17460)
    at globalThis.__next_require__ (/Users/nathanielstoddard/chainreact-app/chainreact-app-9e/node_modules/next/dist/compiled/next-server/app-page.runtime.prod.js:20:18029)
    at c (/Users/nathanielstoddard/chainreact-app/chainreact-app-9e/node_modules/next/dist/compiled/next-server/app-page.runtime.prod.js:2:135502)
    at H (/Users/nathanielstoddard/chainreact-app/chainreact-app-9e/node_modules/next/dist/compiled/next-server/app-page.runtime.prod.js:2:146036)
    at K (/Users/nathanielstoddard/chainreact-app/chainreact-app-9e/node_modules/next/dist/compiled/next-server/app-page.runtime.prod.js:2:149356)
    at Array._fromJSON (/Users/nathanielstoddard/chainreact-app/chainreact-app-9e/node_modules/next/dist/compiled/next-server/app-page.runtime.prod.js:2:152042)
    at JSON.parse (<anonymous>)
    at U (/Users/nathanielstoddard/chainreact-app/chainreact-app-9e/node_modules/next/dist/compiled/next-server/app-page.runtime.prod.js:2:145769)
    at $ (/Users/nathanielstoddard/chainreact-app/chainreact-app-9e/node_modules/next/dist/compiled/next-server/app-page.runtime.prod.js:2:144975)
    at eh (/Users/nathanielstoddard/chainreact-app/chainreact-app-9e/node_modules/next/dist/compiled/next-server/app-page.runtime.prod.js:2:157105)
    at /Users/nathanielstoddard/chainreact-app/chainreact-app-9e/node_modules/next/dist/compiled/next-server/app-page.runtime.prod.js:2:158357
    at ep (/Users/nathanielstoddard/chainreact-app/chainreact-app-9e/node_modules/next/dist/compiled/next-server/app-page.runtime.prod.js:2:158383)
    at t (/Users/nathanielstoddard/chainreact-app/chainreact-app-9e/node_modules/next/dist/compiled/next-server/app-page.runtime.prod.js:2:159226)
[2025-10-24T22:26:03.207Z] [ERROR  ]  [31m[1m⨯[22m[39m Cannot read properties of undefined (reading 'call')
TypeError: Cannot read properties of undefined (reading 'call')
    at Object.c [as require] (/Users/nathanielstoddard/chainreact-app/chainreact-app-9e/.next/server/webpack-runtime.js:1:143)
    at Object.require (/Users/nathanielstoddard/chainreact-app/chainreact-app-9e/node_modules/next/dist/compiled/next-server/app-page.runtime.prod.js:20:17460)
    at globalThis.__next_require__ (/Users/nathanielstoddard/chainreact-app/chainreact-app-9e/node_modules/next/dist/compiled/next-server/app-page.runtime.prod.js:20:18029)
    at c (/Users/nathanielstoddard/chainreact-app/chainreact-app-9e/node_modules/next/dist/compiled/next-server/app-page.runtime.prod.js:2:135502)
    at H (/Users/nathanielstoddard/chainreact-app/chainreact-app-9e/node_modules/next/dist/compiled/next-server/app-page.runtime.prod.js:2:146036)
    at K (/Users/nathanielstoddard/chainreact-app/chainreact-app-9e/node_modules/next/dist/compiled/next-server/app-page.runtime.prod.js:2:149356)
    at Array._fromJSON (/Users/nathanielstoddard/chainreact-app/chainreact-app-9e/node_modules/next/dist/compiled/next-server/app-page.runtime.prod.js:2:152042)
    at JSON.parse (<anonymous>)
    at U (/Users/nathanielstoddard/chainreact-app/chainreact-app-9e/node_modules/next/dist/compiled/next-server/app-page.runtime.prod.js:2:145769)
    at $ (/Users/nathanielstoddard/chainreact-app/chainreact-app-9e/node_modules/next/dist/compiled/next-server/app-page.runtime.prod.js:2:144975)
    at eh (/Users/nathanielstoddard/chainreact-app/chainreact-app-9e/node_modules/next/dist/compiled/next-server/app-page.runtime.prod.js:2:157105)
    at /Users/nathanielstoddard/chainreact-app/chainreact-app-9e/node_modules/next/dist/compiled/next-server/app-page.runtime.prod.js:2:158357
    at ep (/Users/nathanielstoddard/chainreact-app/chainreact-app-9e/node_modules/next/dist/compiled/next-server/app-page.runtime.prod.js:2:158383)
    at t (/Users/nathanielstoddard/chainreact-app/chainreact-app-9e/node_modules/next/dist/compiled/next-server/app-page.runtime.prod.js:2:159226)
[2025-10-24T22:26:03.330Z] [INFO   ] 2025-10-24T22:26:03.330Z [DEBUG] [Username Check] {"userId":"a3e3a51a-175c-4b59-ad03-227ba12a18b0","hasEmail":true,"provider":"email","hasUsername":true,"isGoogleUser":false}

=== Log Session Ended: 2025-10-24T22:26:10.925Z ===

=== Log Session Ended: 2025-10-24T22:28:13.060Z ===
