=== Log Session Started: 2025-10-21T18:32:24.312Z ===
Node Version: v23.7.0
Platform: darwin
Working Directory: /Users/nathanielstoddard/chainreact-app/chainreact-app-9e
================================================================================

[2025-10-21T18:32:24.312Z] [INFO   ] File logging initialized
[2025-10-21T18:32:24.312Z] [INFO   ] Log file: /Users/nathanielstoddard/chainreact-app/chainreact-app-9e/logs/workflow_2025-10-21_13-32-24.log
[2025-10-21T18:32:24.315Z] [INFO   ] 📁 File logging enabled
[2025-10-21T18:32:24.315Z] [INFO   ] 📝 Logs will be written to: /Users/nathanielstoddard/chainreact-app/chainreact-app-9e/logs/workflow_2025-10-21_13-32-24.log
[2025-10-21T18:32:24.315Z] [INFO   ] 💡 To view logs in real-time: tail -f /Users/nathanielstoddard/chainreact-app/chainreact-app-9e/logs/workflow_2025-10-21_13-32-24.log
[2025-10-21T18:32:24.315Z] [INFO   ] 💡 To view all logs: cat /Users/nathanielstoddard/chainreact-app/chainreact-app-9e/logs/workflow_2025-10-21_13-32-24.log
[2025-10-21T18:32:24.315Z] [INFO   ] 💡 To share logs: Copy the file at /Users/nathanielstoddard/chainreact-app/chainreact-app-9e/logs/workflow_2025-10-21_13-32-24.log
[2025-10-21T18:32:24.315Z] [INFO   ] --------------------------------------------------------------------------------
[2025-10-21T18:32:24.315Z] [DEBUG  ] 📁 File logging system initialized
[2025-10-21T18:32:24.325Z] [INFO   ]  [32m[1m✓[22m[39m Ready in 3.2s
[2025-10-21T18:32:25.339Z] [INFO   ] 2025-10-21T18:32:25.339Z [DEBUG] 🤖 Discord bot configured, initializing gateway connection in background...
[2025-10-21T18:32:27.085Z] [INFO   ] 2025-10-21T18:32:27.084Z [DEBUG] Initializing Discord Gateway connection (singleton)...
[2025-10-21T18:32:27.085Z] [INFO   ] 2025-10-21T18:32:27.085Z [DEBUG] 🔑 Discord bot token loaded
[2025-10-21T18:32:27.474Z] [INFO   ] 2025-10-21T18:32:27.473Z [DEBUG] Discord Gateway initialization complete
[2025-10-21T18:32:27.475Z] [INFO   ] 2025-10-21T18:32:27.475Z [DEBUG] ✅ Discord bot gateway connection initialized
[2025-10-21T18:32:27.687Z] [INFO   ] 2025-10-21T18:32:27.687Z [DEBUG] Discord Gateway WebSocket connection established
[2025-10-21T18:32:27.687Z] [INFO   ] 2025-10-21T18:32:27.687Z [DEBUG] 🔑 Sending identify with intents: {"GUILDS":true,"GUILD_MEMBERS":true,"GUILD_INVITES":true,"GUILD_MESSAGES":true,"MESSAGE_CONTENT":true,"intentsValue":33347}
[2025-10-21T18:32:27.895Z] [INFO   ] 2025-10-21T18:32:27.895Z [DEBUG] 🎉 Discord bot ready! {"sessionId":"0c3129ed5ea3951fcdd0cfd74fc7c4f0","username":"ChainReact-Bot","userId":"1378595955212812308","guildCount":2}
[2025-10-21T18:32:27.895Z] [INFO   ] 2025-10-21T18:32:27.895Z [DEBUG] 📋 Initializing invite cache...
[2025-10-21T18:32:27.895Z] [INFO   ] 2025-10-21T18:32:27.895Z [DEBUG] 📡 Discord event received: GUILD_CREATE
[2025-10-21T18:32:27.908Z] [INFO   ] 2025-10-21T18:32:27.908Z [DEBUG] 📡 Discord event received: GUILD_CREATE
[2025-10-21T18:32:28.103Z] [INFO   ] 2025-10-21T18:32:28.103Z [DEBUG] ✅ Cached 3 invites for guild 1378950884045623406
[2025-10-21T18:32:33.681Z] [INFO   ]  [32m[1m✓[22m[39m Compiled /middleware in 180ms (233 modules)
[2025-10-21T18:32:34.095Z] [INFO   ] 2025-10-21T18:32:34.095Z [DEBUG] [Middleware] Username check: {"path":"/settings","userId":"a3e3a51a-175c-4b59-ad03-227ba12a18b0","provider":"email","role":"admin","username":"nstoddard17","hasUsername":true,"isBetaTester":false,"isNewBetaUser":false,"accountAge":12504866696}
[2025-10-21T18:32:34.659Z] [INFO   ]  [37m[1m○[22m[39m Compiling /settings ...
[2025-10-21T18:32:38.358Z] [INFO   ]  [32m[1m✓[22m[39m Compiled /settings in 4.2s (3819 modules)
[2025-10-21T18:32:38.730Z] [INFO   ] 2025-10-21T18:32:38.730Z [DEBUG] 💧 [AUTH] Rehydrating auth state from storage {"hasState":true,"hasUser":false,"initialized":false,"timestamp":"2025-10-21T18:32:38.730Z"}
[2025-10-21T18:32:38.733Z] [INFO   ] 2025-10-21T18:32:38.733Z [DEBUG] 💧 [AUTH] State hydrated and reset {"hasUser":false,"initialized":false,"timestamp":"2025-10-21T18:32:38.733Z"}
[2025-10-21T18:32:38.733Z] [INFO   ] 2025-10-21T18:32:38.733Z [DEBUG] ⏭️ [AUTH] Skipping initialization {"hasState":true,"alreadyInitialized":false,"isClient":false,"timestamp":"2025-10-21T18:32:38.733Z"}
[2025-10-21T18:32:39.020Z] [INFO   ]  [32m[1m✓[22m[39m Compiled in 647ms (642 modules)
[2025-10-21T18:32:39.214Z] [INFO   ] 2025-10-21T18:32:39.214Z [DEBUG] [Username Check] {"userId":"a3e3a51a-175c-4b59-ad03-227ba12a18b0","hasEmail":true,"provider":"email","hasUsername":true,"isGoogleUser":false}
[2025-10-21T18:32:40.622Z] [INFO   ]  [37m[1m○[22m[39m Compiling /api/presence/count ...
[2025-10-21T18:32:41.461Z] [INFO   ]  [32m[1m✓[22m[39m Compiled /api/presence/count in 1470ms (3833 modules)
[2025-10-21T18:32:45.267Z] [INFO   ]  [32m[1m✓[22m[39m Compiled /api/integrations in 306ms (3835 modules)
[2025-10-21T18:32:45.447Z] [INFO   ] 2025-10-21T18:32:45.447Z [DEBUG] 📍 [API /api/integrations] GET request received {"timestamp":"2025-10-21T18:32:45.447Z","headers":{"referer":"check-console"}}
[2025-10-21T18:32:45.570Z] [INFO   ] 2025-10-21T18:32:45.570Z [DEBUG] ✅ [API /api/integrations] User authenticated {"userId":"a3e3a51a-175c-4b59-ad03-227ba12a18b0"}
[2025-10-21T18:32:45.668Z] [INFO   ] 2025-10-21T18:32:45.668Z [DEBUG] 📊 [API /api/integrations] Query result {"count":14,"error":null,"firstFew":[{"provider":"notion","status":"connected"},{"provider":"mailchimp","status":"connected"}]}
[2025-10-21T18:34:11.680Z] [INFO   ]  [32m[1m✓[22m[39m Compiled in 1418ms (3820 modules)
[2025-10-21T18:34:11.947Z] [INFO   ]  [32m[1m✓[22m[39m Compiled /api/auth/2fa/status in 194ms (3196 modules)
[2025-10-21T18:34:12.322Z] [INFO   ] 2025-10-21T18:34:12.321Z [DEBUG] [Middleware] Username check: {"path":"/settings","userId":"a3e3a51a-175c-4b59-ad03-227ba12a18b0","provider":"email","role":"admin","username":"nstoddard17","hasUsername":true,"isBetaTester":false,"isNewBetaUser":false,"accountAge":12504964922}
[2025-10-21T18:34:12.449Z] [INFO   ] 2025-10-21T18:34:12.449Z [DEBUG] [Username Check] {"userId":"a3e3a51a-175c-4b59-ad03-227ba12a18b0","hasEmail":true,"provider":"email","hasUsername":true,"isGoogleUser":false}
[2025-10-21T18:34:20.069Z] [INFO   ]  [32m[1m✓[22m[39m Compiled in 529ms (3839 modules)
[2025-10-21T18:34:20.583Z] [INFO   ] 2025-10-21T18:34:20.583Z [DEBUG] [Middleware] Username check: {"path":"/settings","userId":"a3e3a51a-175c-4b59-ad03-227ba12a18b0","provider":"email","role":"admin","username":"nstoddard17","hasUsername":true,"isBetaTester":false,"isNewBetaUser":false,"accountAge":12504973184}
[2025-10-21T18:34:20.748Z] [INFO   ] 2025-10-21T18:34:20.748Z [DEBUG] [Username Check] {"userId":"a3e3a51a-175c-4b59-ad03-227ba12a18b0","hasEmail":true,"provider":"email","hasUsername":true,"isGoogleUser":false}
[2025-10-21T18:34:30.289Z] [INFO   ]  [32m[1m✓[22m[39m Compiled in 521ms (3839 modules)
[2025-10-21T18:34:30.625Z] [INFO   ] 2025-10-21T18:34:30.625Z [DEBUG] [Middleware] Username check: {"path":"/settings","userId":"a3e3a51a-175c-4b59-ad03-227ba12a18b0","provider":"email","role":"admin","username":"nstoddard17","hasUsername":true,"isBetaTester":false,"isNewBetaUser":false,"accountAge":12504983226}
[2025-10-21T18:34:30.762Z] [INFO   ] 2025-10-21T18:34:30.762Z [DEBUG] [Username Check] {"userId":"a3e3a51a-175c-4b59-ad03-227ba12a18b0","hasEmail":true,"provider":"email","hasUsername":true,"isGoogleUser":false}
[2025-10-21T18:34:39.953Z] [INFO   ]  [32m[1m✓[22m[39m Compiled in 999ms (3839 modules)
[2025-10-21T18:34:40.261Z] [INFO   ] 2025-10-21T18:34:40.261Z [DEBUG] [Middleware] Username check: {"path":"/settings","userId":"a3e3a51a-175c-4b59-ad03-227ba12a18b0","provider":"email","role":"admin","username":"nstoddard17","hasUsername":true,"isBetaTester":false,"isNewBetaUser":false,"accountAge":12504992862}
[2025-10-21T18:34:40.453Z] [INFO   ] 2025-10-21T18:34:40.453Z [DEBUG] [Username Check] {"userId":"a3e3a51a-175c-4b59-ad03-227ba12a18b0","hasEmail":true,"provider":"email","hasUsername":true,"isGoogleUser":false}
[2025-10-21T18:34:48.195Z] [INFO   ]  [32m[1m✓[22m[39m Compiled in 580ms (3839 modules)
[2025-10-21T18:34:48.518Z] [INFO   ] 2025-10-21T18:34:48.518Z [DEBUG] [Middleware] Username check: {"path":"/settings","userId":"a3e3a51a-175c-4b59-ad03-227ba12a18b0","provider":"email","role":"admin","username":"nstoddard17","hasUsername":true,"isBetaTester":false,"isNewBetaUser":false,"accountAge":12505001119}
[2025-10-21T18:34:48.637Z] [INFO   ] 2025-10-21T18:34:48.636Z [DEBUG] [Username Check] {"userId":"a3e3a51a-175c-4b59-ad03-227ba12a18b0","hasEmail":true,"provider":"email","hasUsername":true,"isGoogleUser":false}
[2025-10-21T18:34:56.835Z] [INFO   ] 2025-10-21T18:34:56.835Z [DEBUG] [Middleware] Username check: {"path":"/workflows/ai-agent","userId":"a3e3a51a-175c-4b59-ad03-227ba12a18b0","provider":"email","role":"admin","username":"nstoddard17","hasUsername":true,"isBetaTester":false,"isNewBetaUser":false,"accountAge":12505009436}
[2025-10-21T18:34:57.388Z] [INFO   ]  [37m[1m○[22m[39m Compiling /workflows/ai-agent ...
[2025-10-21T18:34:58.617Z] [INFO   ]  [32m[1m✓[22m[39m Compiled /workflows/ai-agent in 1729ms (3851 modules)
[2025-10-21T18:34:58.947Z] [INFO   ] 2025-10-21T18:34:58.947Z [DEBUG] 💧 [AUTH] Rehydrating auth state from storage {"hasState":true,"hasUser":false,"initialized":false,"timestamp":"2025-10-21T18:34:58.947Z"}
[2025-10-21T18:34:58.949Z] [INFO   ] 2025-10-21T18:34:58.949Z [DEBUG] 💧 [AUTH] State hydrated and reset {"hasUser":false,"initialized":false,"timestamp":"2025-10-21T18:34:58.949Z"}
[2025-10-21T18:34:58.949Z] [INFO   ] 2025-10-21T18:34:58.949Z [DEBUG] ⏭️ [AUTH] Skipping initialization {"hasState":true,"alreadyInitialized":false,"isClient":false,"timestamp":"2025-10-21T18:34:58.949Z"}
[2025-10-21T18:34:59.210Z] [INFO   ] 2025-10-21T18:34:59.209Z [DEBUG] [Username Check] {"userId":"a3e3a51a-175c-4b59-ad03-227ba12a18b0","hasEmail":true,"provider":"email","hasUsername":true,"isGoogleUser":false}
[2025-10-21T18:35:00.149Z] [INFO   ]  [32m[1m✓[22m[39m Compiled /api/organizations in 484ms (3218 modules)
[2025-10-21T18:35:00.405Z] [INFO   ]  [32m[1m✓[22m[39m Compiled (3222 modules)
[2025-10-21T18:35:04.201Z] [INFO   ]  [32m[1m✓[22m[39m Compiled /api/integrations in 253ms (3224 modules)
[2025-10-21T18:35:04.295Z] [INFO   ] 2025-10-21T18:35:04.295Z [DEBUG] 📍 [API /api/integrations] GET request received {"timestamp":"2025-10-21T18:35:04.295Z","headers":{"referer":"check-console"}}
[2025-10-21T18:35:04.430Z] [INFO   ] 2025-10-21T18:35:04.430Z [DEBUG] ✅ [API /api/integrations] User authenticated {"userId":"a3e3a51a-175c-4b59-ad03-227ba12a18b0"}
[2025-10-21T18:35:04.531Z] [INFO   ] 2025-10-21T18:35:04.531Z [DEBUG] 📊 [API /api/integrations] Query result {"count":14,"error":null,"firstFew":[{"provider":"notion","status":"connected"},{"provider":"mailchimp","status":"connected"}]}
[2025-10-21T18:36:55.639Z] [INFO   ]  [32m[1m✓[22m[39m Compiled in 1408ms (3848 modules)
[2025-10-21T18:36:55.949Z] [INFO   ] 2025-10-21T18:36:55.949Z [DEBUG] [Middleware] Username check: {"path":"/workflows/ai-agent","userId":"a3e3a51a-175c-4b59-ad03-227ba12a18b0","provider":"email","role":"admin","username":"nstoddard17","hasUsername":true,"isBetaTester":false,"isNewBetaUser":false,"accountAge":12505128550}
[2025-10-21T18:36:55.974Z] [INFO   ] 2025-10-21T18:36:55.974Z [DEBUG] [Middleware] Username check: {"path":"/settings","userId":"a3e3a51a-175c-4b59-ad03-227ba12a18b0","provider":"email","role":"admin","username":"nstoddard17","hasUsername":true,"isBetaTester":false,"isNewBetaUser":false,"accountAge":12505128575}
[2025-10-21T18:36:56.246Z] [INFO   ] 2025-10-21T18:36:56.246Z [DEBUG] [Username Check] {"userId":"a3e3a51a-175c-4b59-ad03-227ba12a18b0","hasEmail":true,"provider":"email","hasUsername":true,"isGoogleUser":false}
[2025-10-21T18:36:56.290Z] [INFO   ] 2025-10-21T18:36:56.290Z [DEBUG] [Username Check] {"userId":"a3e3a51a-175c-4b59-ad03-227ba12a18b0","hasEmail":true,"provider":"email","hasUsername":true,"isGoogleUser":false}
[2025-10-21T18:37:40.566Z] [INFO   ]  [32m[1m✓[22m[39m Compiled /api/presence/count in 324ms (3214 modules)
[2025-10-21T18:40:34.952Z] [INFO   ]  [32m[1m✓[22m[39m Compiled in 2s (3865 modules)
[2025-10-21T18:40:35.274Z] [INFO   ] 2025-10-21T18:40:35.274Z [DEBUG] [Middleware] Username check: {"path":"/settings","userId":"a3e3a51a-175c-4b59-ad03-227ba12a18b0","provider":"email","role":"admin","username":"nstoddard17","hasUsername":true,"isBetaTester":false,"isNewBetaUser":false,"accountAge":12505347875}
[2025-10-21T18:40:35.463Z] [INFO   ] 2025-10-21T18:40:35.462Z [DEBUG] [Username Check] {"userId":"a3e3a51a-175c-4b59-ad03-227ba12a18b0","hasEmail":true,"provider":"email","hasUsername":true,"isGoogleUser":false}
[2025-10-21T18:40:35.464Z] [INFO   ] 2025-10-21T18:40:35.464Z [DEBUG] [Middleware] Username check: {"path":"/workflows/ai-agent","userId":"a3e3a51a-175c-4b59-ad03-227ba12a18b0","provider":"email","role":"admin","username":"nstoddard17","hasUsername":true,"isBetaTester":false,"isNewBetaUser":false,"accountAge":12505348065}
[2025-10-21T18:40:35.556Z] [INFO   ] 2025-10-21T18:40:35.556Z [DEBUG] [Username Check] {"userId":"a3e3a51a-175c-4b59-ad03-227ba12a18b0","hasEmail":true,"provider":"email","hasUsername":true,"isGoogleUser":false}
[2025-10-21T18:42:27.620Z] [INFO   ]  [32m[1m✓[22m[39m Compiled in 1010ms (3848 modules)
[2025-10-21T18:42:27.961Z] [INFO   ] 2025-10-21T18:42:27.961Z [DEBUG] [Middleware] Username check: {"path":"/settings","userId":"a3e3a51a-175c-4b59-ad03-227ba12a18b0","provider":"email","role":"admin","username":"nstoddard17","hasUsername":true,"isBetaTester":false,"isNewBetaUser":false,"accountAge":12505460562}
[2025-10-21T18:42:27.988Z] [INFO   ] 2025-10-21T18:42:27.988Z [DEBUG] [Middleware] Username check: {"path":"/workflows/ai-agent","userId":"a3e3a51a-175c-4b59-ad03-227ba12a18b0","provider":"email","role":"admin","username":"nstoddard17","hasUsername":true,"isBetaTester":false,"isNewBetaUser":false,"accountAge":12505460589}
[2025-10-21T18:42:28.206Z] [INFO   ] 2025-10-21T18:42:28.206Z [DEBUG] [Username Check] {"userId":"a3e3a51a-175c-4b59-ad03-227ba12a18b0","hasEmail":true,"provider":"email","hasUsername":true,"isGoogleUser":false}
[2025-10-21T18:42:28.288Z] [INFO   ] 2025-10-21T18:42:28.288Z [DEBUG] [Username Check] {"userId":"a3e3a51a-175c-4b59-ad03-227ba12a18b0","hasEmail":true,"provider":"email","hasUsername":true,"isGoogleUser":false}
[2025-10-21T18:42:34.604Z] [INFO   ]  [32m[1m✓[22m[39m Compiled in 429ms (3848 modules)
[2025-10-21T18:42:34.928Z] [INFO   ] 2025-10-21T18:42:34.928Z [DEBUG] [Middleware] Username check: {"path":"/settings","userId":"a3e3a51a-175c-4b59-ad03-227ba12a18b0","provider":"email","role":"admin","username":"nstoddard17","hasUsername":true,"isBetaTester":false,"isNewBetaUser":false,"accountAge":12505467529}
[2025-10-21T18:42:34.957Z] [INFO   ] 2025-10-21T18:42:34.957Z [DEBUG] [Middleware] Username check: {"path":"/workflows/ai-agent","userId":"a3e3a51a-175c-4b59-ad03-227ba12a18b0","provider":"email","role":"admin","username":"nstoddard17","hasUsername":true,"isBetaTester":false,"isNewBetaUser":false,"accountAge":12505467558}
[2025-10-21T18:42:35.123Z] [INFO   ] 2025-10-21T18:42:35.122Z [DEBUG] [Username Check] {"userId":"a3e3a51a-175c-4b59-ad03-227ba12a18b0","hasEmail":true,"provider":"email","hasUsername":true,"isGoogleUser":false}
[2025-10-21T18:42:35.165Z] [INFO   ] 2025-10-21T18:42:35.165Z [DEBUG] [Username Check] {"userId":"a3e3a51a-175c-4b59-ad03-227ba12a18b0","hasEmail":true,"provider":"email","hasUsername":true,"isGoogleUser":false}
[2025-10-21T18:42:40.438Z] [INFO   ]  [32m[1m✓[22m[39m Compiled /api/presence/count in 244ms (3214 modules)
[2025-10-21T18:42:41.981Z] [INFO   ]  [32m[1m✓[22m[39m Compiled in 515ms (3865 modules)
[2025-10-21T18:42:42.325Z] [INFO   ] 2025-10-21T18:42:42.325Z [DEBUG] [Middleware] Username check: {"path":"/settings","userId":"a3e3a51a-175c-4b59-ad03-227ba12a18b0","provider":"email","role":"admin","username":"nstoddard17","hasUsername":true,"isBetaTester":false,"isNewBetaUser":false,"accountAge":12505474926}
[2025-10-21T18:42:42.460Z] [INFO   ] 2025-10-21T18:42:42.460Z [DEBUG] [Username Check] {"userId":"a3e3a51a-175c-4b59-ad03-227ba12a18b0","hasEmail":true,"provider":"email","hasUsername":true,"isGoogleUser":false}
[2025-10-21T18:42:42.461Z] [INFO   ] 2025-10-21T18:42:42.461Z [DEBUG] [Middleware] Username check: {"path":"/workflows/ai-agent","userId":"a3e3a51a-175c-4b59-ad03-227ba12a18b0","provider":"email","role":"admin","username":"nstoddard17","hasUsername":true,"isBetaTester":false,"isNewBetaUser":false,"accountAge":12505475062}
[2025-10-21T18:42:42.536Z] [INFO   ] 2025-10-21T18:42:42.536Z [DEBUG] [Username Check] {"userId":"a3e3a51a-175c-4b59-ad03-227ba12a18b0","hasEmail":true,"provider":"email","hasUsername":true,"isGoogleUser":false}
[2025-10-21T18:42:53.494Z] [INFO   ]  [32m[1m✓[22m[39m Compiled in 2.1s (3871 modules)
[2025-10-21T18:42:53.827Z] [INFO   ] 2025-10-21T18:42:53.827Z [DEBUG] [Middleware] Username check: {"path":"/settings","userId":"a3e3a51a-175c-4b59-ad03-227ba12a18b0","provider":"email","role":"admin","username":"nstoddard17","hasUsername":true,"isBetaTester":false,"isNewBetaUser":false,"accountAge":12505486428}
[2025-10-21T18:42:53.851Z] [INFO   ] 2025-10-21T18:42:53.851Z [DEBUG] [Middleware] Username check: {"path":"/workflows/ai-agent","userId":"a3e3a51a-175c-4b59-ad03-227ba12a18b0","provider":"email","role":"admin","username":"nstoddard17","hasUsername":true,"isBetaTester":false,"isNewBetaUser":false,"accountAge":12505486452}
[2025-10-21T18:42:54.048Z] [INFO   ] 2025-10-21T18:42:54.048Z [DEBUG] [Username Check] {"userId":"a3e3a51a-175c-4b59-ad03-227ba12a18b0","hasEmail":true,"provider":"email","hasUsername":true,"isGoogleUser":false}
[2025-10-21T18:42:54.117Z] [INFO   ] 2025-10-21T18:42:54.117Z [DEBUG] [Username Check] {"userId":"a3e3a51a-175c-4b59-ad03-227ba12a18b0","hasEmail":true,"provider":"email","hasUsername":true,"isGoogleUser":false}
[2025-10-21T18:43:16.490Z] [INFO   ]  [32m[1m✓[22m[39m Compiled in 876ms (3871 modules)
[2025-10-21T18:43:16.848Z] [INFO   ] 2025-10-21T18:43:16.847Z [DEBUG] [Middleware] Username check: {"path":"/settings","userId":"a3e3a51a-175c-4b59-ad03-227ba12a18b0","provider":"email","role":"admin","username":"nstoddard17","hasUsername":true,"isBetaTester":false,"isNewBetaUser":false,"accountAge":12505509448}
[2025-10-21T18:43:16.872Z] [INFO   ] 2025-10-21T18:43:16.872Z [DEBUG] [Middleware] Username check: {"path":"/workflows/ai-agent","userId":"a3e3a51a-175c-4b59-ad03-227ba12a18b0","provider":"email","role":"admin","username":"nstoddard17","hasUsername":true,"isBetaTester":false,"isNewBetaUser":false,"accountAge":12505509473}
[2025-10-21T18:43:17.019Z] [INFO   ] 2025-10-21T18:43:17.018Z [DEBUG] [Username Check] {"userId":"a3e3a51a-175c-4b59-ad03-227ba12a18b0","hasEmail":true,"provider":"email","hasUsername":true,"isGoogleUser":false}
[2025-10-21T18:43:17.100Z] [INFO   ] 2025-10-21T18:43:17.100Z [DEBUG] [Username Check] {"userId":"a3e3a51a-175c-4b59-ad03-227ba12a18b0","hasEmail":true,"provider":"email","hasUsername":true,"isGoogleUser":false}
[2025-10-21T18:43:28.028Z] [INFO   ]  [32m[1m✓[22m[39m Compiled in 774ms (3871 modules)
[2025-10-21T18:43:28.365Z] [INFO   ] 2025-10-21T18:43:28.365Z [DEBUG] [Middleware] Username check: {"path":"/settings","userId":"a3e3a51a-175c-4b59-ad03-227ba12a18b0","provider":"email","role":"admin","username":"nstoddard17","hasUsername":true,"isBetaTester":false,"isNewBetaUser":false,"accountAge":12505520966}
[2025-10-21T18:43:28.490Z] [INFO   ] 2025-10-21T18:43:28.490Z [DEBUG] [Username Check] {"userId":"a3e3a51a-175c-4b59-ad03-227ba12a18b0","hasEmail":true,"provider":"email","hasUsername":true,"isGoogleUser":false}
[2025-10-21T18:43:28.494Z] [INFO   ] 2025-10-21T18:43:28.493Z [DEBUG] [Middleware] Username check: {"path":"/workflows/ai-agent","userId":"a3e3a51a-175c-4b59-ad03-227ba12a18b0","provider":"email","role":"admin","username":"nstoddard17","hasUsername":true,"isBetaTester":false,"isNewBetaUser":false,"accountAge":12505521094}
[2025-10-21T18:43:28.620Z] [INFO   ] 2025-10-21T18:43:28.620Z [DEBUG] [Username Check] {"userId":"a3e3a51a-175c-4b59-ad03-227ba12a18b0","hasEmail":true,"provider":"email","hasUsername":true,"isGoogleUser":false}
[2025-10-21T18:43:43.341Z] [INFO   ]  [32m[1m✓[22m[39m Compiled in 624ms (3854 modules)
[2025-10-21T18:43:43.625Z] [INFO   ] 2025-10-21T18:43:43.625Z [DEBUG] [Middleware] Username check: {"path":"/settings","userId":"a3e3a51a-175c-4b59-ad03-227ba12a18b0","provider":"email","role":"admin","username":"nstoddard17","hasUsername":true,"isBetaTester":false,"isNewBetaUser":false,"accountAge":12505536226}
[2025-10-21T18:43:43.814Z] [INFO   ] 2025-10-21T18:43:43.814Z [DEBUG] [Username Check] {"userId":"a3e3a51a-175c-4b59-ad03-227ba12a18b0","hasEmail":true,"provider":"email","hasUsername":true,"isGoogleUser":false}
[2025-10-21T18:43:43.816Z] [INFO   ] 2025-10-21T18:43:43.816Z [DEBUG] [Middleware] Username check: {"path":"/workflows/ai-agent","userId":"a3e3a51a-175c-4b59-ad03-227ba12a18b0","provider":"email","role":"admin","username":"nstoddard17","hasUsername":true,"isBetaTester":false,"isNewBetaUser":false,"accountAge":12505536417}
[2025-10-21T18:43:43.915Z] [INFO   ] 2025-10-21T18:43:43.915Z [DEBUG] [Username Check] {"userId":"a3e3a51a-175c-4b59-ad03-227ba12a18b0","hasEmail":true,"provider":"email","hasUsername":true,"isGoogleUser":false}
[2025-10-21T18:44:19.197Z] [INFO   ]  [32m[1m✓[22m[39m Compiled in 506ms (654 modules)
[2025-10-21T18:44:19.473Z] [INFO   ] 2025-10-21T18:44:19.473Z [DEBUG] [Middleware] Username check: {"path":"/workflows/ai-agent","userId":"a3e3a51a-175c-4b59-ad03-227ba12a18b0","provider":"email","role":"admin","username":"nstoddard17","hasUsername":true,"isBetaTester":false,"isNewBetaUser":false,"accountAge":12505572074}
[2025-10-21T18:44:19.531Z] [INFO   ] 2025-10-21T18:44:19.531Z [DEBUG] [Username Check] {"userId":"a3e3a51a-175c-4b59-ad03-227ba12a18b0","hasEmail":true,"provider":"email","hasUsername":true,"isGoogleUser":false}
[2025-10-21T18:44:19.562Z] [INFO   ] 2025-10-21T18:44:19.562Z [DEBUG] [Middleware] Username check: {"path":"/settings","userId":"a3e3a51a-175c-4b59-ad03-227ba12a18b0","provider":"email","role":"admin","username":"nstoddard17","hasUsername":true,"isBetaTester":false,"isNewBetaUser":false,"accountAge":12505572163}
[2025-10-21T18:44:19.623Z] [INFO   ] 2025-10-21T18:44:19.623Z [DEBUG] [Username Check] {"userId":"a3e3a51a-175c-4b59-ad03-227ba12a18b0","hasEmail":true,"provider":"email","hasUsername":true,"isGoogleUser":false}
[2025-10-21T18:44:48.984Z] [INFO   ]  [32m[1m✓[22m[39m Compiled in 293ms (654 modules)
[2025-10-21T18:44:49.257Z] [INFO   ] 2025-10-21T18:44:49.257Z [DEBUG] [Middleware] Username check: {"path":"/workflows/ai-agent","userId":"a3e3a51a-175c-4b59-ad03-227ba12a18b0","provider":"email","role":"admin","username":"nstoddard17","hasUsername":true,"isBetaTester":false,"isNewBetaUser":false,"accountAge":12505601858}
[2025-10-21T18:44:49.329Z] [INFO   ] 2025-10-21T18:44:49.329Z [DEBUG] [Username Check] {"userId":"a3e3a51a-175c-4b59-ad03-227ba12a18b0","hasEmail":true,"provider":"email","hasUsername":true,"isGoogleUser":false}
[2025-10-21T18:44:49.334Z] [INFO   ] 2025-10-21T18:44:49.334Z [DEBUG] [Middleware] Username check: {"path":"/settings","userId":"a3e3a51a-175c-4b59-ad03-227ba12a18b0","provider":"email","role":"admin","username":"nstoddard17","hasUsername":true,"isBetaTester":false,"isNewBetaUser":false,"accountAge":12505601935}
[2025-10-21T18:44:49.381Z] [INFO   ] 2025-10-21T18:44:49.381Z [DEBUG] [Username Check] {"userId":"a3e3a51a-175c-4b59-ad03-227ba12a18b0","hasEmail":true,"provider":"email","hasUsername":true,"isGoogleUser":false}
[2025-10-21T18:45:00.796Z] [INFO   ]  [37m[1m○[22m[39m Compiling /api/presence/count ...
[2025-10-21T18:45:00.821Z] [INFO   ]  [32m[1m✓[22m[39m Compiled /api/presence/count in 609ms (3217 modules)
[2025-10-21T18:45:12.522Z] [INFO   ]  [32m[1m✓[22m[39m Compiled in 272ms (654 modules)
[2025-10-21T18:45:12.796Z] [INFO   ] 2025-10-21T18:45:12.796Z [DEBUG] [Middleware] Username check: {"path":"/settings","userId":"a3e3a51a-175c-4b59-ad03-227ba12a18b0","provider":"email","role":"admin","username":"nstoddard17","hasUsername":true,"isBetaTester":false,"isNewBetaUser":false,"accountAge":12505625397}
[2025-10-21T18:45:12.903Z] [INFO   ] 2025-10-21T18:45:12.902Z [DEBUG] [Username Check] {"userId":"a3e3a51a-175c-4b59-ad03-227ba12a18b0","hasEmail":true,"provider":"email","hasUsername":true,"isGoogleUser":false}
[2025-10-21T18:45:12.904Z] [INFO   ] 2025-10-21T18:45:12.904Z [DEBUG] [Middleware] Username check: {"path":"/workflows/ai-agent","userId":"a3e3a51a-175c-4b59-ad03-227ba12a18b0","provider":"email","role":"admin","username":"nstoddard17","hasUsername":true,"isBetaTester":false,"isNewBetaUser":false,"accountAge":12505625505}
[2025-10-21T18:45:13.008Z] [INFO   ] 2025-10-21T18:45:13.007Z [DEBUG] [Username Check] {"userId":"a3e3a51a-175c-4b59-ad03-227ba12a18b0","hasEmail":true,"provider":"email","hasUsername":true,"isGoogleUser":false}
[2025-10-21T18:46:08.751Z] [INFO   ]  [32m[1m✓[22m[39m Compiled in 2.2s (3854 modules)
[2025-10-21T18:46:08.888Z] [WARN   ]  [33m[1m⚠[22m[39m Fast Refresh had to perform a full reload. Read more: https://nextjs.org/docs/messages/fast-refresh-reload
[2025-10-21T18:46:08.889Z] [WARN   ]  [33m[1m⚠[22m[39m Fast Refresh had to perform a full reload. Read more: https://nextjs.org/docs/messages/fast-refresh-reload
[2025-10-21T18:46:09.135Z] [INFO   ] 2025-10-21T18:46:09.135Z [DEBUG] [Middleware] Username check: {"path":"/settings","userId":"a3e3a51a-175c-4b59-ad03-227ba12a18b0","provider":"email","role":"admin","username":"nstoddard17","hasUsername":true,"isBetaTester":false,"isNewBetaUser":false,"accountAge":12505681736}
[2025-10-21T18:46:09.331Z] [INFO   ] 2025-10-21T18:46:09.331Z [DEBUG] [Username Check] {"userId":"a3e3a51a-175c-4b59-ad03-227ba12a18b0","hasEmail":true,"provider":"email","hasUsername":true,"isGoogleUser":false}
[2025-10-21T18:46:09.333Z] [INFO   ] 2025-10-21T18:46:09.333Z [DEBUG] [Middleware] Username check: {"path":"/workflows/ai-agent","userId":"a3e3a51a-175c-4b59-ad03-227ba12a18b0","provider":"email","role":"admin","username":"nstoddard17","hasUsername":true,"isBetaTester":false,"isNewBetaUser":false,"accountAge":12505681934}
[2025-10-21T18:46:09.412Z] [INFO   ] 2025-10-21T18:46:09.411Z [DEBUG] [Username Check] {"userId":"a3e3a51a-175c-4b59-ad03-227ba12a18b0","hasEmail":true,"provider":"email","hasUsername":true,"isGoogleUser":false}
[2025-10-21T18:46:09.428Z] [INFO   ] 2025-10-21T18:46:09.428Z [DEBUG] [Middleware] Username check: {"path":"/settings","userId":"a3e3a51a-175c-4b59-ad03-227ba12a18b0","provider":"email","role":"admin","username":"nstoddard17","hasUsername":true,"isBetaTester":false,"isNewBetaUser":false,"accountAge":12505682029}
[2025-10-21T18:46:09.446Z] [INFO   ] 2025-10-21T18:46:09.446Z [DEBUG] [Middleware] Username check: {"path":"/workflows/ai-agent","userId":"a3e3a51a-175c-4b59-ad03-227ba12a18b0","provider":"email","role":"admin","username":"nstoddard17","hasUsername":true,"isBetaTester":false,"isNewBetaUser":false,"accountAge":12505682047}
[2025-10-21T18:46:09.580Z] [INFO   ] 2025-10-21T18:46:09.580Z [DEBUG] 💧 [AUTH] Rehydrating auth state from storage {"hasState":true,"hasUser":false,"initialized":false,"timestamp":"2025-10-21T18:46:09.580Z"}
[2025-10-21T18:46:09.583Z] [INFO   ] 2025-10-21T18:46:09.583Z [DEBUG] 💧 [AUTH] State hydrated and reset {"hasUser":false,"initialized":false,"timestamp":"2025-10-21T18:46:09.582Z"}
[2025-10-21T18:46:09.583Z] [INFO   ] 2025-10-21T18:46:09.583Z [DEBUG] ⏭️ [AUTH] Skipping initialization {"hasState":true,"alreadyInitialized":false,"isClient":false,"timestamp":"2025-10-21T18:46:09.583Z"}
[2025-10-21T18:46:09.885Z] [INFO   ] 2025-10-21T18:46:09.885Z [DEBUG] [Username Check] {"userId":"a3e3a51a-175c-4b59-ad03-227ba12a18b0","hasEmail":true,"provider":"email","hasUsername":true,"isGoogleUser":false}
[2025-10-21T18:46:09.961Z] [INFO   ] 2025-10-21T18:46:09.961Z [DEBUG] [Username Check] {"userId":"a3e3a51a-175c-4b59-ad03-227ba12a18b0","hasEmail":true,"provider":"email","hasUsername":true,"isGoogleUser":false}
[2025-10-21T18:46:10.590Z] [INFO   ]  [37m[1m○[22m[39m Compiling /api/organizations ...
[2025-10-21T18:46:10.599Z] [INFO   ]  [32m[1m✓[22m[39m Compiled /api/organizations in 511ms (3217 modules)
[2025-10-21T18:46:11.651Z] [INFO   ]  [32m[1m✓[22m[39m Compiled /api/presence/count in 498ms (3219 modules)
[2025-10-21T18:46:11.848Z] [INFO   ]  [32m[1m✓[22m[39m Compiled (3225 modules)
[2025-10-21T18:46:16.663Z] [INFO   ]  [32m[1m✓[22m[39m Compiled /api/integrations in 330ms (3227 modules)
[2025-10-21T18:46:16.728Z] [INFO   ] 2025-10-21T18:46:16.728Z [DEBUG] 📍 [API /api/integrations] GET request received {"timestamp":"2025-10-21T18:46:16.728Z","headers":{"referer":"check-console"}}
[2025-10-21T18:46:16.855Z] [INFO   ] 2025-10-21T18:46:16.855Z [DEBUG] ✅ [API /api/integrations] User authenticated {"userId":"a3e3a51a-175c-4b59-ad03-227ba12a18b0"}
[2025-10-21T18:46:16.983Z] [INFO   ] 2025-10-21T18:46:16.983Z [DEBUG] 📊 [API /api/integrations] Query result {"count":14,"error":null,"firstFew":[{"provider":"notion","status":"connected"},{"provider":"mailchimp","status":"connected"}]}
[2025-10-21T18:46:17.046Z] [INFO   ] 2025-10-21T18:46:17.046Z [DEBUG] 📍 [API /api/integrations] GET request received {"timestamp":"2025-10-21T18:46:17.046Z","headers":{"referer":"check-console"}}
[2025-10-21T18:46:17.128Z] [INFO   ] 2025-10-21T18:46:17.128Z [DEBUG] ✅ [API /api/integrations] User authenticated {"userId":"a3e3a51a-175c-4b59-ad03-227ba12a18b0"}
[2025-10-21T18:46:17.233Z] [INFO   ] 2025-10-21T18:46:17.233Z [DEBUG] 📊 [API /api/integrations] Query result {"count":14,"error":null,"firstFew":[{"provider":"notion","status":"connected"},{"provider":"mailchimp","status":"connected"}]}
[2025-10-21T19:02:51.191Z] [INFO   ] 2025-10-21T19:02:51.191Z [DEBUG] [Middleware] Username check: {"path":"/workflows/ai-agent","userId":"a3e3a51a-175c-4b59-ad03-227ba12a18b0","provider":"email","role":"admin","username":"nstoddard17","hasUsername":true,"isBetaTester":false,"isNewBetaUser":false,"accountAge":12506683792}
[2025-10-21T19:02:51.605Z] [INFO   ] 2025-10-21T19:02:51.605Z [DEBUG] 💧 [AUTH] Rehydrating auth state from storage {"hasState":true,"hasUser":false,"initialized":false,"timestamp":"2025-10-21T19:02:51.605Z"}
[2025-10-21T19:02:51.608Z] [INFO   ] 2025-10-21T19:02:51.608Z [DEBUG] 💧 [AUTH] State hydrated and reset {"hasUser":false,"initialized":false,"timestamp":"2025-10-21T19:02:51.608Z"}
[2025-10-21T19:02:51.608Z] [INFO   ] 2025-10-21T19:02:51.608Z [DEBUG] ⏭️ [AUTH] Skipping initialization {"hasState":true,"alreadyInitialized":false,"isClient":false,"timestamp":"2025-10-21T19:02:51.608Z"}
[2025-10-21T19:02:51.910Z] [INFO   ] 2025-10-21T19:02:51.910Z [DEBUG] [Username Check] {"userId":"a3e3a51a-175c-4b59-ad03-227ba12a18b0","hasEmail":true,"provider":"email","hasUsername":true,"isGoogleUser":false}
[2025-10-21T19:02:55.578Z] [INFO   ] 2025-10-21T19:02:55.578Z [DEBUG] 📍 [API /api/integrations] GET request received {"timestamp":"2025-10-21T19:02:55.578Z","headers":{"referer":"check-console"}}
[2025-10-21T19:02:55.743Z] [INFO   ] 2025-10-21T19:02:55.743Z [DEBUG] ✅ [API /api/integrations] User authenticated {"userId":"a3e3a51a-175c-4b59-ad03-227ba12a18b0"}
[2025-10-21T19:02:56.049Z] [INFO   ] 2025-10-21T19:02:56.047Z [DEBUG] 📊 [API /api/integrations] Query result {"count":14,"error":null,"firstFew":[{"provider":"notion","status":"connected"},{"provider":"mailchimp","status":"connected"}]}
[2025-10-21T19:03:17.963Z] [INFO   ] 2025-10-21T19:03:17.962Z [DEBUG] [Middleware] Username check: {"path":"/workflows/builder","userId":"a3e3a51a-175c-4b59-ad03-227ba12a18b0","provider":"email","role":"admin","username":"nstoddard17","hasUsername":true,"isBetaTester":false,"isNewBetaUser":false,"accountAge":12506710563}
[2025-10-21T19:03:18.877Z] [INFO   ]  [37m[1m○[22m[39m Compiling /workflows/builder ...
[2025-10-21T19:03:22.865Z] [INFO   ]  [32m[1m✓[22m[39m Compiled /workflows/builder in 4.8s (5769 modules)
[2025-10-21T19:03:23.610Z] [INFO   ] 2025-10-21T19:03:23.609Z [DEBUG] [Username Check] {"userId":"a3e3a51a-175c-4b59-ad03-227ba12a18b0","hasEmail":true,"provider":"email","hasUsername":true,"isGoogleUser":false}
[2025-10-21T19:03:36.031Z] [INFO   ]  [32m[1m✓[22m[39m Compiled in 1324ms (5783 modules)
[2025-10-21T19:03:36.299Z] [INFO   ] 2025-10-21T19:03:36.299Z [DEBUG] [Middleware] Username check: {"path":"/settings","userId":"a3e3a51a-175c-4b59-ad03-227ba12a18b0","provider":"email","role":"admin","username":"nstoddard17","hasUsername":true,"isBetaTester":false,"isNewBetaUser":false,"accountAge":12506728900}
[2025-10-21T19:03:36.497Z] [INFO   ] 2025-10-21T19:03:36.497Z [DEBUG] [Username Check] {"userId":"a3e3a51a-175c-4b59-ad03-227ba12a18b0","hasEmail":true,"provider":"email","hasUsername":true,"isGoogleUser":false}
[2025-10-21T19:03:36.501Z] [INFO   ] 2025-10-21T19:03:36.501Z [DEBUG] [Middleware] Username check: {"path":"/workflows/builder","userId":"a3e3a51a-175c-4b59-ad03-227ba12a18b0","provider":"email","role":"admin","username":"nstoddard17","hasUsername":true,"isBetaTester":false,"isNewBetaUser":false,"accountAge":12506729102}
[2025-10-21T19:03:36.644Z] [INFO   ] 2025-10-21T19:03:36.644Z [DEBUG] [Username Check] {"userId":"a3e3a51a-175c-4b59-ad03-227ba12a18b0","hasEmail":true,"provider":"email","hasUsername":true,"isGoogleUser":false}
[2025-10-21T19:03:44.495Z] [INFO   ] 2025-10-21T19:03:44.494Z [DEBUG] [Middleware] Username check: {"path":"/settings","userId":"a3e3a51a-175c-4b59-ad03-227ba12a18b0","provider":"email","role":"admin","username":"nstoddard17","hasUsername":true,"isBetaTester":false,"isNewBetaUser":false,"accountAge":12506737095}
[2025-10-21T19:03:44.785Z] [INFO   ] 2025-10-21T19:03:44.785Z [DEBUG] 💧 [AUTH] Rehydrating auth state from storage {"hasState":true,"hasUser":false,"initialized":false,"timestamp":"2025-10-21T19:03:44.785Z"}
[2025-10-21T19:03:44.798Z] [INFO   ] 2025-10-21T19:03:44.798Z [DEBUG] 💧 [AUTH] State hydrated and reset {"hasUser":false,"initialized":false,"timestamp":"2025-10-21T19:03:44.798Z"}
[2025-10-21T19:03:44.798Z] [INFO   ] 2025-10-21T19:03:44.798Z [DEBUG] ⏭️ [AUTH] Skipping initialization {"hasState":true,"alreadyInitialized":false,"isClient":false,"timestamp":"2025-10-21T19:03:44.798Z"}
[2025-10-21T19:03:45.084Z] [INFO   ] 2025-10-21T19:03:45.083Z [DEBUG] [Username Check] {"userId":"a3e3a51a-175c-4b59-ad03-227ba12a18b0","hasEmail":true,"provider":"email","hasUsername":true,"isGoogleUser":false}
[2025-10-21T19:03:46.708Z] [INFO   ]  [37m[1m○[22m[39m Compiling /api/auth/2fa/status ...
[2025-10-21T19:03:46.755Z] [INFO   ]  [32m[1m✓[22m[39m Compiled /api/auth/2fa/status in 944ms (4182 modules)

=== Log Session Ended: 2025-10-21T19:06:14.440Z ===
