=== Log Session Started: 2025-10-28T01:28:37.643Z ===
Node Version: v23.7.0
Platform: darwin
Working Directory: /Users/nathanielstoddard/chainreact-app/chainreact-app-9e
================================================================================

[2025-10-28T01:28:37.643Z] [INFO   ] File logging initialized
[2025-10-28T01:28:37.643Z] [INFO   ] Log file: /Users/nathanielstoddard/chainreact-app/chainreact-app-9e/logs/workflow_2025-10-27_20-28-37.log
[2025-10-28T01:28:37.648Z] [INFO   ] 📁 File logging enabled
[2025-10-28T01:28:37.648Z] [INFO   ] 📝 Logs will be written to: /Users/nathanielstoddard/chainreact-app/chainreact-app-9e/logs/workflow_2025-10-27_20-28-37.log
[2025-10-28T01:28:37.648Z] [INFO   ] 💡 To view logs in real-time: tail -f /Users/nathanielstoddard/chainreact-app/chainreact-app-9e/logs/workflow_2025-10-27_20-28-37.log
[2025-10-28T01:28:37.648Z] [INFO   ] 💡 To view all logs: cat /Users/nathanielstoddard/chainreact-app/chainreact-app-9e/logs/workflow_2025-10-27_20-28-37.log
[2025-10-28T01:28:37.648Z] [INFO   ] 💡 To share logs: Copy the file at /Users/nathanielstoddard/chainreact-app/chainreact-app-9e/logs/workflow_2025-10-27_20-28-37.log
[2025-10-28T01:28:37.648Z] [INFO   ] --------------------------------------------------------------------------------
[2025-10-28T01:28:37.648Z] [DEBUG  ] 📁 File logging system initialized
[2025-10-28T01:28:37.667Z] [INFO   ]  [32m[1m✓[22m[39m Ready in 3.8s
[2025-10-28T01:28:38.050Z] [INFO   ]  [32m[1m✓[22m[39m Compiled /middleware in 135ms (234 modules)
[2025-10-28T01:28:38.386Z] [INFO   ] 2025-10-28T01:28:38.386Z [DEBUG] [Middleware] Username check: {"path":"/workflows","userId":"a3e3a51a-175c-4b59-ad03-227ba12a18b0","provider":"email","role":"free","username":"nstoddard17","hasUsername":true,"isBetaTester":false,"isNewBetaUser":false,"accountAge":13048230987}
[2025-10-28T01:28:38.651Z] [INFO   ] 2025-10-28T01:28:38.651Z [DEBUG] 🤖 Discord bot configured, initializing gateway connection in background...
[2025-10-28T01:28:40.737Z] [INFO   ] 2025-10-28T01:28:40.737Z [DEBUG] Initializing Discord Gateway connection (singleton)...
[2025-10-28T01:28:40.737Z] [INFO   ] 2025-10-28T01:28:40.737Z [DEBUG] 🔑 Discord bot token loaded
[2025-10-28T01:28:40.740Z] [INFO   ]  [37m[1m○[22m[39m Compiling /workflows ...
[2025-10-28T01:28:40.996Z] [INFO   ] 2025-10-28T01:28:40.996Z [DEBUG] Discord Gateway initialization complete
[2025-10-28T01:28:40.997Z] [INFO   ] 2025-10-28T01:28:40.997Z [DEBUG] ✅ Discord bot gateway connection initialized
[2025-10-28T01:28:41.156Z] [INFO   ] 2025-10-28T01:28:41.156Z [DEBUG] Discord Gateway WebSocket connection established
[2025-10-28T01:28:41.158Z] [INFO   ] 2025-10-28T01:28:41.158Z [DEBUG] 🔑 Sending identify with intents: {"GUILDS":true,"GUILD_MEMBERS":true,"GUILD_INVITES":true,"GUILD_MESSAGES":true,"MESSAGE_CONTENT":true,"intentsValue":33347}
[2025-10-28T01:28:41.882Z] [INFO   ] 2025-10-28T01:28:41.882Z [DEBUG] 🎉 Discord bot ready! {"sessionId":"c760a8f22b65ecfa92af1136d252b6d8","username":"ChainReact-Bot","userId":"1378595955212812308","guildCount":2}
[2025-10-28T01:28:41.882Z] [INFO   ] 2025-10-28T01:28:41.882Z [DEBUG] 📋 Initializing invite cache...
[2025-10-28T01:28:41.884Z] [INFO   ] 2025-10-28T01:28:41.884Z [DEBUG] 📡 Discord event received: GUILD_CREATE
[2025-10-28T01:28:41.884Z] [INFO   ] 2025-10-28T01:28:41.884Z [DEBUG] 📡 Discord event received: GUILD_CREATE
[2025-10-28T01:28:42.148Z] [INFO   ] 2025-10-28T01:28:42.148Z [DEBUG] ✅ Cached 3 invites for guild 1378950884045623406
[2025-10-28T01:28:45.334Z] [INFO   ]  [32m[1m✓[22m[39m Compiled /workflows in 6.9s (4368 modules)
[2025-10-28T01:28:45.767Z] [INFO   ] 2025-10-28T01:28:45.767Z [DEBUG] 💧 [AUTH] Rehydrating auth state from storage {"hasState":true,"hasUser":false,"initialized":false,"timestamp":"2025-10-28T01:28:45.767Z"}
[2025-10-28T01:28:45.770Z] [INFO   ] 2025-10-28T01:28:45.770Z [DEBUG] 💧 [AUTH] State hydrated and reset {"hasUser":false,"initialized":false,"timestamp":"2025-10-28T01:28:45.770Z"}
[2025-10-28T01:28:45.770Z] [INFO   ] 2025-10-28T01:28:45.770Z [DEBUG] ⏭️ [AUTH] Skipping initialization {"hasState":true,"alreadyInitialized":false,"isClient":false,"timestamp":"2025-10-28T01:28:45.770Z"}
[2025-10-28T01:28:46.142Z] [INFO   ]  [32m[1m✓[22m[39m Compiled in 785ms (735 modules)
[2025-10-28T01:28:46.373Z] [INFO   ] 2025-10-28T01:28:46.372Z [DEBUG] [Username Check] {"userId":"a3e3a51a-175c-4b59-ad03-227ba12a18b0","hasEmail":true,"provider":"email","hasUsername":true,"isGoogleUser":false}
[2025-10-28T01:28:47.039Z] [INFO   ]  [37m[1m○[22m[39m Compiling /api/integrations ...
[2025-10-28T01:28:48.950Z] [INFO   ]  [32m[1m✓[22m[39m Compiled /api/integrations in 2.4s (4379 modules)
[2025-10-28T01:28:49.131Z] [INFO   ] 2025-10-28T01:28:49.130Z [DEBUG] 📍 [API /api/integrations] GET request received {"timestamp":"2025-10-28T01:28:49.130Z","headers":{"referer":"check-console"}}
[2025-10-28T01:28:49.297Z] [INFO   ] 2025-10-28T01:28:49.297Z [DEBUG] ✅ [API /api/integrations] User authenticated {"userId":"a3e3a51a-175c-4b59-ad03-227ba12a18b0"}
[2025-10-28T01:28:49.441Z] [INFO   ] 2025-10-28T01:28:49.441Z [DEBUG] 📊 [API /api/integrations] Query result {"count":14,"error":null,"firstFew":[{"provider":"notion","status":"connected"},{"provider":"mailchimp","status":"connected"}]}
[2025-10-28T01:28:50.590Z] [INFO   ]  [37m[1m○[22m[39m Compiling /api/analytics/workflow-stats ...
[2025-10-28T01:28:51.013Z] [INFO   ]  [32m[1m✓[22m[39m Compiled /api/analytics/workflow-stats in 926ms (4387 modules)
[2025-10-28T01:28:51.812Z] [INFO   ]  [37m[1m○[22m[39m Compiling /api/workflows/folders ...
[2025-10-28T01:28:51.821Z] [INFO   ]  [32m[1m✓[22m[39m Compiled /api/workflows/folders in 532ms (4389 modules)
[2025-10-28T01:29:23.685Z] [INFO   ] 2025-10-28T01:29:23.684Z [DEBUG] [Middleware] Username check: {"path":"/workflows/ai-agent","userId":"a3e3a51a-175c-4b59-ad03-227ba12a18b0","provider":"email","role":"free","username":"nstoddard17","hasUsername":true,"isBetaTester":false,"isNewBetaUser":false,"accountAge":13048276285}
[2025-10-28T01:29:24.251Z] [INFO   ]  [37m[1m○[22m[39m Compiling /workflows/ai-agent ...
[2025-10-28T01:29:24.700Z] [INFO   ]  [32m[1m✓[22m[39m Compiled /workflows/ai-agent in 949ms (4418 modules)
[2025-10-28T01:29:25.131Z] [INFO   ] 2025-10-28T01:29:25.131Z [DEBUG] [Username Check] {"userId":"a3e3a51a-175c-4b59-ad03-227ba12a18b0","hasEmail":true,"provider":"email","hasUsername":true,"isGoogleUser":false}
[2025-10-28T01:29:31.719Z] [INFO   ] 2025-10-28T01:29:31.719Z [DEBUG] [Middleware] Username check: {"path":"/workflows/v2/api/flows","userId":"a3e3a51a-175c-4b59-ad03-227ba12a18b0","provider":"email","role":"free","username":"nstoddard17","hasUsername":true,"isBetaTester":false,"isNewBetaUser":false,"accountAge":13048284319}
[2025-10-28T01:29:32.267Z] [INFO   ]  [37m[1m○[22m[39m Compiling /workflows/v2/api/flows ...
[2025-10-28T01:29:33.070Z] [INFO   ]  [32m[1m✓[22m[39m Compiled /workflows/v2/api/flows in 1302ms (4474 modules)
[2025-10-28T01:29:33.826Z] [INFO   ] 2025-10-28T01:29:33.826Z [DEBUG] [Middleware] Username check: {"path":"/workflows/v2/a1becaa3-5a30-4f35-97b6-8ed34d2a4c21","userId":"a3e3a51a-175c-4b59-ad03-227ba12a18b0","provider":"email","role":"free","username":"nstoddard17","hasUsername":true,"isBetaTester":false,"isNewBetaUser":false,"accountAge":13048286427}
[2025-10-28T01:29:34.402Z] [INFO   ]  [37m[1m○[22m[39m Compiling /workflows/v2/[flowId] ...
[2025-10-28T01:29:35.837Z] [INFO   ]  [32m[1m✓[22m[39m Compiled /workflows/v2/[flowId] in 1976ms (4954 modules)
[2025-10-28T01:29:36.919Z] [INFO   ] 2025-10-28T01:29:36.918Z [DEBUG] [Middleware] Username check: {"path":"/workflows/v2/a1becaa3-5a30-4f35-97b6-8ed34d2a4c21","userId":"a3e3a51a-175c-4b59-ad03-227ba12a18b0","provider":"email","role":"free","username":"nstoddard17","hasUsername":true,"isBetaTester":false,"isNewBetaUser":false,"accountAge":13048289519}
[2025-10-28T01:29:38.311Z] [INFO   ] 2025-10-28T01:29:38.311Z [DEBUG] [Middleware] Username check: {"path":"/workflows/v2/a1becaa3-5a30-4f35-97b6-8ed34d2a4c21","userId":"a3e3a51a-175c-4b59-ad03-227ba12a18b0","provider":"email","role":"free","username":"nstoddard17","hasUsername":true,"isBetaTester":false,"isNewBetaUser":false,"accountAge":13048290912}
[2025-10-28T01:29:38.527Z] [INFO   ] 2025-10-28T01:29:38.526Z [DEBUG] 💧 [AUTH] Rehydrating auth state from storage {"hasState":true,"hasUser":false,"initialized":false,"timestamp":"2025-10-28T01:29:38.526Z"}
[2025-10-28T01:29:38.528Z] [INFO   ] 2025-10-28T01:29:38.528Z [DEBUG] 💧 [AUTH] State hydrated and reset {"hasUser":false,"initialized":false,"timestamp":"2025-10-28T01:29:38.528Z"}
[2025-10-28T01:29:38.528Z] [INFO   ] 2025-10-28T01:29:38.528Z [DEBUG] ⏭️ [AUTH] Skipping initialization {"hasState":true,"alreadyInitialized":false,"isClient":false,"timestamp":"2025-10-28T01:29:38.528Z"}
[2025-10-28T01:29:39.489Z] [INFO   ] 2025-10-28T01:29:39.489Z [DEBUG] [Middleware] Username check: {"path":"/workflows/v2/api/flows/a1becaa3-5a30-4f35-97b6-8ed34d2a4c21/estimate","userId":"a3e3a51a-175c-4b59-ad03-227ba12a18b0","provider":"email","role":"free","username":"nstoddard17","hasUsername":true,"isBetaTester":false,"isNewBetaUser":false,"accountAge":13048292090}
[2025-10-28T01:29:39.523Z] [INFO   ] 2025-10-28T01:29:39.523Z [DEBUG] [Middleware] Username check: {"path":"/workflows/v2/api/flows/a1becaa3-5a30-4f35-97b6-8ed34d2a4c21/prereqs","userId":"a3e3a51a-175c-4b59-ad03-227ba12a18b0","provider":"email","role":"free","username":"nstoddard17","hasUsername":true,"isBetaTester":false,"isNewBetaUser":false,"accountAge":13048292124}
[2025-10-28T01:29:39.524Z] [INFO   ] 2025-10-28T01:29:39.524Z [DEBUG] [Middleware] Username check: {"path":"/workflows/v2/api/secrets","userId":"a3e3a51a-175c-4b59-ad03-227ba12a18b0","provider":"email","role":"free","username":"nstoddard17","hasUsername":true,"isBetaTester":false,"isNewBetaUser":false,"accountAge":13048292125}
[2025-10-28T01:29:40.037Z] [INFO   ]  [37m[1m○[22m[39m Compiling /workflows/v2/api/flows/[flowId]/prereqs ...
[2025-10-28T01:29:40.368Z] [INFO   ]  [32m[1m✓[22m[39m Compiled /workflows/v2/api/flows/[flowId]/prereqs in 831ms (4961 modules)
[2025-10-28T01:29:40.848Z] [INFO   ] 2025-10-28T01:29:40.848Z [DEBUG] [Middleware] Username check: {"path":"/workflows/v2/api/secrets","userId":"a3e3a51a-175c-4b59-ad03-227ba12a18b0","provider":"email","role":"free","username":"nstoddard17","hasUsername":true,"isBetaTester":false,"isNewBetaUser":false,"accountAge":13048293449}
[2025-10-28T01:29:41.209Z] [INFO   ] 2025-10-28T01:29:41.209Z [DEBUG] [Middleware] Username check: {"path":"/workflows/v2/api/flows/a1becaa3-5a30-4f35-97b6-8ed34d2a4c21/estimate","userId":"a3e3a51a-175c-4b59-ad03-227ba12a18b0","provider":"email","role":"free","username":"nstoddard17","hasUsername":true,"isBetaTester":false,"isNewBetaUser":false,"accountAge":13048293810}
[2025-10-28T01:29:41.261Z] [INFO   ] 2025-10-28T01:29:41.261Z [DEBUG] [Middleware] Username check: {"path":"/workflows/v2/api/flows/a1becaa3-5a30-4f35-97b6-8ed34d2a4c21/prereqs","userId":"a3e3a51a-175c-4b59-ad03-227ba12a18b0","provider":"email","role":"free","username":"nstoddard17","hasUsername":true,"isBetaTester":false,"isNewBetaUser":false,"accountAge":13048293862}
[2025-10-28T01:29:42.391Z] [INFO   ] 2025-10-28T01:29:42.391Z [DEBUG] 📍 [API /api/integrations] GET request received {"timestamp":"2025-10-28T01:29:42.391Z","headers":{"referer":"check-console"}}
[2025-10-28T01:29:42.518Z] [INFO   ] 2025-10-28T01:29:42.517Z [DEBUG] ✅ [API /api/integrations] User authenticated {"userId":"a3e3a51a-175c-4b59-ad03-227ba12a18b0"}
[2025-10-28T01:29:42.618Z] [INFO   ] 2025-10-28T01:29:42.618Z [DEBUG] 📊 [API /api/integrations] Query result {"count":14,"error":null,"firstFew":[{"provider":"notion","status":"connected"},{"provider":"mailchimp","status":"connected"}]}
[2025-10-28T01:30:09.535Z] [INFO   ] 2025-10-28T01:30:09.535Z [DEBUG] [Middleware] Username check: {"path":"/workflows/v2/api/flows/a1becaa3-5a30-4f35-97b6-8ed34d2a4c21/estimate","userId":"a3e3a51a-175c-4b59-ad03-227ba12a18b0","provider":"email","role":"free","username":"nstoddard17","hasUsername":true,"isBetaTester":false,"isNewBetaUser":false,"accountAge":13048322136}
[2025-10-28T01:30:39.477Z] [INFO   ] 2025-10-28T01:30:39.477Z [DEBUG] [Middleware] Username check: {"path":"/workflows/v2/api/flows/a1becaa3-5a30-4f35-97b6-8ed34d2a4c21/estimate","userId":"a3e3a51a-175c-4b59-ad03-227ba12a18b0","provider":"email","role":"free","username":"nstoddard17","hasUsername":true,"isBetaTester":false,"isNewBetaUser":false,"accountAge":13048352078}
[2025-10-28T01:30:58.019Z] [INFO   ]  [32m[1m✓[22m[39m Compiled in 1728ms (4946 modules)
[2025-10-28T01:30:58.280Z] [INFO   ] 2025-10-28T01:30:58.279Z [DEBUG] [Middleware] Username check: {"path":"/workflows/v2/a1becaa3-5a30-4f35-97b6-8ed34d2a4c21","userId":"a3e3a51a-175c-4b59-ad03-227ba12a18b0","provider":"email","role":"free","username":"nstoddard17","hasUsername":true,"isBetaTester":false,"isNewBetaUser":false,"accountAge":13048370880}
[2025-10-28T01:31:09.501Z] [INFO   ] 2025-10-28T01:31:09.500Z [DEBUG] [Middleware] Username check: {"path":"/workflows/v2/api/flows/a1becaa3-5a30-4f35-97b6-8ed34d2a4c21/estimate","userId":"a3e3a51a-175c-4b59-ad03-227ba12a18b0","provider":"email","role":"free","username":"nstoddard17","hasUsername":true,"isBetaTester":false,"isNewBetaUser":false,"accountAge":13048382101}
[2025-10-28T01:31:39.497Z] [INFO   ] 2025-10-28T01:31:39.497Z [DEBUG] [Middleware] Username check: {"path":"/workflows/v2/api/flows/a1becaa3-5a30-4f35-97b6-8ed34d2a4c21/estimate","userId":"a3e3a51a-175c-4b59-ad03-227ba12a18b0","provider":"email","role":"free","username":"nstoddard17","hasUsername":true,"isBetaTester":false,"isNewBetaUser":false,"accountAge":13048412098}
[2025-10-28T01:31:48.474Z] [INFO   ] 2025-10-28T01:31:48.473Z [DEBUG] [Middleware] Username check: {"path":"/workflows/ai-agent","userId":"a3e3a51a-175c-4b59-ad03-227ba12a18b0","provider":"email","role":"free","username":"nstoddard17","hasUsername":true,"isBetaTester":false,"isNewBetaUser":false,"accountAge":13048421074}
[2025-10-28T01:31:48.691Z] [INFO   ] 2025-10-28T01:31:48.691Z [DEBUG] 💧 [AUTH] Rehydrating auth state from storage {"hasState":true,"hasUser":false,"initialized":false,"timestamp":"2025-10-28T01:31:48.691Z"}
[2025-10-28T01:31:48.693Z] [INFO   ] 2025-10-28T01:31:48.693Z [DEBUG] 💧 [AUTH] State hydrated and reset {"hasUser":false,"initialized":false,"timestamp":"2025-10-28T01:31:48.693Z"}
[2025-10-28T01:31:48.693Z] [INFO   ] 2025-10-28T01:31:48.693Z [DEBUG] ⏭️ [AUTH] Skipping initialization {"hasState":true,"alreadyInitialized":false,"isClient":false,"timestamp":"2025-10-28T01:31:48.693Z"}
[2025-10-28T01:31:49.024Z] [INFO   ] 2025-10-28T01:31:49.023Z [DEBUG] [Username Check] {"userId":"a3e3a51a-175c-4b59-ad03-227ba12a18b0","hasEmail":true,"provider":"email","hasUsername":true,"isGoogleUser":false}
[2025-10-28T01:31:49.602Z] [INFO   ]  [32m[1m✓[22m[39m Compiled /api/presence/count in 439ms (3953 modules)
[2025-10-28T01:31:49.841Z] [INFO   ]  [32m[1m✓[22m[39m Compiled (3955 modules)
[2025-10-28T01:31:53.746Z] [INFO   ]  [32m[1m✓[22m[39m Compiled /api/integrations in 352ms (3957 modules)
[2025-10-28T01:31:53.823Z] [INFO   ] 2025-10-28T01:31:53.823Z [DEBUG] 📍 [API /api/integrations] GET request received {"timestamp":"2025-10-28T01:31:53.823Z","headers":{"referer":"check-console"}}
[2025-10-28T01:31:53.984Z] [INFO   ] 2025-10-28T01:31:53.984Z [DEBUG] ✅ [API /api/integrations] User authenticated {"userId":"a3e3a51a-175c-4b59-ad03-227ba12a18b0"}
[2025-10-28T01:31:54.194Z] [INFO   ] 2025-10-28T01:31:54.194Z [DEBUG] 📊 [API /api/integrations] Query result {"count":14,"error":null,"firstFew":[{"provider":"notion","status":"connected"},{"provider":"mailchimp","status":"connected"}]}
[2025-10-28T01:32:09.093Z] [INFO   ] 2025-10-28T01:32:09.093Z [DEBUG] [Middleware] Username check: {"path":"/workflows/v2/api/flows","userId":"a3e3a51a-175c-4b59-ad03-227ba12a18b0","provider":"email","role":"free","username":"nstoddard17","hasUsername":true,"isBetaTester":false,"isNewBetaUser":false,"accountAge":13048441694}
[2025-10-28T01:32:09.650Z] [INFO   ]  [37m[1m○[22m[39m Compiling /workflows/v2/api/flows ...
[2025-10-28T01:32:09.925Z] [INFO   ]  [32m[1m✓[22m[39m Compiled /workflows/v2/api/flows in 775ms (3960 modules)
[2025-10-28T01:32:10.782Z] [INFO   ] 2025-10-28T01:32:10.782Z [DEBUG] [Middleware] Username check: {"path":"/workflows/builder/ad42b027-6bd2-4d81-906d-9d7e92cfb404","userId":"a3e3a51a-175c-4b59-ad03-227ba12a18b0","provider":"email","role":"free","username":"nstoddard17","hasUsername":true,"isBetaTester":false,"isNewBetaUser":false,"accountAge":13048443383}
[2025-10-28T01:32:11.320Z] [INFO   ]  [37m[1m○[22m[39m Compiling /workflows/builder/[id] ...
[2025-10-28T01:32:12.561Z] [INFO   ]  [32m[1m✓[22m[39m Compiled /workflows/builder/[id] in 1746ms (5054 modules)
[2025-10-28T01:32:13.495Z] [INFO   ] 2025-10-28T01:32:13.494Z [DEBUG] [Username Check] {"userId":"a3e3a51a-175c-4b59-ad03-227ba12a18b0","hasEmail":true,"provider":"email","hasUsername":true,"isGoogleUser":false}
[2025-10-28T01:32:13.819Z] [INFO   ] 2025-10-28T01:32:13.819Z [DEBUG] [Middleware] Username check: {"path":"/workflows/v2/api/flows/ad42b027-6bd2-4d81-906d-9d7e92cfb404/revisions","userId":"a3e3a51a-175c-4b59-ad03-227ba12a18b0","provider":"email","role":"free","username":"nstoddard17","hasUsername":true,"isBetaTester":false,"isNewBetaUser":false,"accountAge":13048446420}
[2025-10-28T01:32:14.365Z] [INFO   ]  [37m[1m○[22m[39m Compiling /workflows/v2/api/flows/[flowId]/revisions ...
[2025-10-28T01:32:14.455Z] [INFO   ]  [32m[1m✓[22m[39m Compiled /workflows/v2/api/flows/[flowId]/revisions in 590ms (5056 modules)
[2025-10-28T01:32:14.628Z] [INFO   ] 2025-10-28T01:32:14.628Z [DEBUG] [Middleware] Username check: {"path":"/workflows","userId":"a3e3a51a-175c-4b59-ad03-227ba12a18b0","provider":"email","role":"free","username":"nstoddard17","hasUsername":true,"isBetaTester":false,"isNewBetaUser":false,"accountAge":13048447229}
[2025-10-28T01:32:15.029Z] [INFO   ] 2025-10-28T01:32:15.029Z [DEBUG] [Username Check] {"userId":"a3e3a51a-175c-4b59-ad03-227ba12a18b0","hasEmail":true,"provider":"email","hasUsername":true,"isGoogleUser":false}
[2025-10-28T01:32:15.708Z] [INFO   ]  [32m[1m✓[22m[39m Compiled /api/organizations in 358ms (4023 modules)
[2025-10-28T01:32:16.148Z] [INFO   ] 2025-10-28T01:32:16.148Z [DEBUG] [Middleware] Username check: {"path":"/workflows/v2/api/flows/ad42b027-6bd2-4d81-906d-9d7e92cfb404/revisions","userId":"a3e3a51a-175c-4b59-ad03-227ba12a18b0","provider":"email","role":"free","username":"nstoddard17","hasUsername":true,"isBetaTester":false,"isNewBetaUser":false,"accountAge":13048448749}
[2025-10-28T01:32:16.265Z] [INFO   ]  [32m[1m✓[22m[39m Compiled in 1ms (4029 modules)
[2025-10-28T01:32:16.635Z] [INFO   ]  [32m[1m✓[22m[39m Compiled in 0ms (4029 modules)
[2025-10-28T01:32:16.987Z] [INFO   ]  [32m[1m✓[22m[39m Compiled in 1ms (4029 modules)
[2025-10-28T01:32:17.605Z] [INFO   ] 2025-10-28T01:32:17.605Z [DEBUG] [Middleware] Username check: {"path":"/workflows/v2/api/flows/ad42b027-6bd2-4d81-906d-9d7e92cfb404/revisions/90d23fe7-9d23-4dbc-9b77-83ee0740419a","userId":"a3e3a51a-175c-4b59-ad03-227ba12a18b0","provider":"email","role":"free","username":"nstoddard17","hasUsername":true,"isBetaTester":false,"isNewBetaUser":false,"accountAge":13048450206}
[2025-10-28T01:32:18.132Z] [INFO   ]  [37m[1m○[22m[39m Compiling /api/workflows/folders ...
[2025-10-28T01:32:18.360Z] [INFO   ] 2025-10-28T01:32:18.360Z [DEBUG] [Middleware] Username check: {"path":"/workflows/v2/api/flows/ad42b027-6bd2-4d81-906d-9d7e92cfb404/revisions","userId":"a3e3a51a-175c-4b59-ad03-227ba12a18b0","provider":"email","role":"free","username":"nstoddard17","hasUsername":true,"isBetaTester":false,"isNewBetaUser":false,"accountAge":13048450961}
[2025-10-28T01:32:18.568Z] [INFO   ]  [32m[1m✓[22m[39m Compiled /api/workflows/folders in 936ms (5068 modules)
[2025-10-28T01:32:18.943Z] [INFO   ]  [32m[1m✓[22m[39m Compiled in 0ms (4033 modules)
[2025-10-28T01:32:19.315Z] [INFO   ]  [32m[1m✓[22m[39m Compiled in 0ms (4033 modules)
[2025-10-28T01:32:19.718Z] [INFO   ]  [32m[1m✓[22m[39m Compiled in 0ms (4033 modules)
[2025-10-28T01:32:20.445Z] [INFO   ]  [32m[1m✓[22m[39m Compiled in 0ms (4033 modules)
[2025-10-28T01:32:21.084Z] [INFO   ] 2025-10-28T01:32:21.083Z [DEBUG] [Middleware] Username check: {"path":"/workflows/v2/api/flows/ad42b027-6bd2-4d81-906d-9d7e92cfb404/revisions/90d23fe7-9d23-4dbc-9b77-83ee0740419a","userId":"a3e3a51a-175c-4b59-ad03-227ba12a18b0","provider":"email","role":"free","username":"nstoddard17","hasUsername":true,"isBetaTester":false,"isNewBetaUser":false,"accountAge":13048453684}
[2025-10-28T01:32:21.713Z] [INFO   ] 2025-10-28T01:32:21.713Z [DEBUG] [Middleware] Username check: {"path":"/workflows/v2/api/flows/ad42b027-6bd2-4d81-906d-9d7e92cfb404/edits","userId":"a3e3a51a-175c-4b59-ad03-227ba12a18b0","provider":"email","role":"free","username":"nstoddard17","hasUsername":true,"isBetaTester":false,"isNewBetaUser":false,"accountAge":13048454314}
[2025-10-28T01:32:21.742Z] [INFO   ] 2025-10-28T01:32:21.742Z [DEBUG] [Middleware] Username check: {"path":"/workflows/v2/api/flows/ad42b027-6bd2-4d81-906d-9d7e92cfb404/revisions/90d23fe7-9d23-4dbc-9b77-83ee0740419a","userId":"a3e3a51a-175c-4b59-ad03-227ba12a18b0","provider":"email","role":"free","username":"nstoddard17","hasUsername":true,"isBetaTester":false,"isNewBetaUser":false,"accountAge":13048454343}
[2025-10-28T01:32:22.256Z] [INFO   ]  [37m[1m○[22m[39m Compiling /workflows/v2/api/flows/[flowId]/edits ...
[2025-10-28T01:32:23.472Z] [INFO   ]  [32m[1m✓[22m[39m Compiled /workflows/v2/api/flows/[flowId]/edits in 1719ms (5071 modules)
[2025-10-28T01:32:24.475Z] [INFO   ] 2025-10-28T01:32:24.475Z [DEBUG] [Middleware] Username check: {"path":"/workflows","userId":"a3e3a51a-175c-4b59-ad03-227ba12a18b0","provider":"email","role":"free","username":"nstoddard17","hasUsername":true,"isBetaTester":false,"isNewBetaUser":false,"accountAge":13048457076}
[2025-10-28T01:32:24.657Z] [INFO   ] 2025-10-28T01:32:24.657Z [DEBUG] 💧 [AUTH] Rehydrating auth state from storage {"hasState":true,"hasUser":false,"initialized":false,"timestamp":"2025-10-28T01:32:24.657Z"}
[2025-10-28T01:32:24.661Z] [INFO   ] 2025-10-28T01:32:24.661Z [DEBUG] 💧 [AUTH] State hydrated and reset {"hasUser":false,"initialized":false,"timestamp":"2025-10-28T01:32:24.661Z"}
[2025-10-28T01:32:24.661Z] [INFO   ] 2025-10-28T01:32:24.661Z [DEBUG] ⏭️ [AUTH] Skipping initialization {"hasState":true,"alreadyInitialized":false,"isClient":false,"timestamp":"2025-10-28T01:32:24.661Z"}
[2025-10-28T01:32:24.930Z] [INFO   ] 2025-10-28T01:32:24.930Z [DEBUG] [Username Check] {"userId":"a3e3a51a-175c-4b59-ad03-227ba12a18b0","hasEmail":true,"provider":"email","hasUsername":true,"isGoogleUser":false}
[2025-10-28T01:32:28.767Z] [INFO   ] 2025-10-28T01:32:28.767Z [DEBUG] 📍 [API /api/integrations] GET request received {"timestamp":"2025-10-28T01:32:28.767Z","headers":{"referer":"check-console"}}
[2025-10-28T01:32:28.922Z] [INFO   ] 2025-10-28T01:32:28.922Z [DEBUG] ✅ [API /api/integrations] User authenticated {"userId":"a3e3a51a-175c-4b59-ad03-227ba12a18b0"}
[2025-10-28T01:32:29.051Z] [INFO   ] 2025-10-28T01:32:29.051Z [DEBUG] 📊 [API /api/integrations] Query result {"count":14,"error":null,"firstFew":[{"provider":"notion","status":"connected"},{"provider":"mailchimp","status":"connected"}]}
[2025-10-28T01:32:30.175Z] [INFO   ] 2025-10-28T01:32:30.175Z [DEBUG] [Middleware] Username check: {"path":"/workflows","userId":"a3e3a51a-175c-4b59-ad03-227ba12a18b0","provider":"email","role":"free","username":"nstoddard17","hasUsername":true,"isBetaTester":false,"isNewBetaUser":false,"accountAge":13048462776}
[2025-10-28T01:32:30.523Z] [INFO   ] 2025-10-28T01:32:30.523Z [DEBUG] [Username Check] {"userId":"a3e3a51a-175c-4b59-ad03-227ba12a18b0","hasEmail":true,"provider":"email","hasUsername":true,"isGoogleUser":false}
[2025-10-28T01:32:31.638Z] [INFO   ]  [37m[1m○[22m[39m Compiling /icon.png ...
[2025-10-28T01:32:32.078Z] [INFO   ]  [32m[1m✓[22m[39m Compiled /icon.png in 1007ms (4038 modules)
[2025-10-28T01:32:32.609Z] [INFO   ] 2025-10-28T01:32:32.609Z [DEBUG] 📍 [API /api/integrations] GET request received {"timestamp":"2025-10-28T01:32:32.609Z","headers":{"referer":"check-console"}}
[2025-10-28T01:32:32.728Z] [INFO   ] 2025-10-28T01:32:32.728Z [DEBUG] ✅ [API /api/integrations] User authenticated {"userId":"a3e3a51a-175c-4b59-ad03-227ba12a18b0"}
[2025-10-28T01:32:32.831Z] [INFO   ] 2025-10-28T01:32:32.831Z [DEBUG] 📊 [API /api/integrations] Query result {"count":14,"error":null,"firstFew":[{"provider":"notion","status":"connected"},{"provider":"mailchimp","status":"connected"}]}
[2025-10-28T01:32:35.313Z] [INFO   ] 2025-10-28T01:32:35.313Z [DEBUG] [Middleware] Username check: {"path":"/workflows/ai-agent","userId":"a3e3a51a-175c-4b59-ad03-227ba12a18b0","provider":"email","role":"free","username":"nstoddard17","hasUsername":true,"isBetaTester":false,"isNewBetaUser":false,"accountAge":13048467914}
[2025-10-28T01:32:35.783Z] [INFO   ] 2025-10-28T01:32:35.782Z [DEBUG] [Username Check] {"userId":"a3e3a51a-175c-4b59-ad03-227ba12a18b0","hasEmail":true,"provider":"email","hasUsername":true,"isGoogleUser":false}
[2025-10-28T01:32:42.281Z] [INFO   ] 2025-10-28T01:32:42.281Z [DEBUG] [Middleware] Username check: {"path":"/workflows/v2/api/flows","userId":"a3e3a51a-175c-4b59-ad03-227ba12a18b0","provider":"email","role":"free","username":"nstoddard17","hasUsername":true,"isBetaTester":false,"isNewBetaUser":false,"accountAge":13048474882}
[2025-10-28T01:32:43.312Z] [INFO   ] 2025-10-28T01:32:43.312Z [DEBUG] [Middleware] Username check: {"path":"/workflows/builder/5d4c3bd5-7e41-46c6-80c6-625786ab43a7","userId":"a3e3a51a-175c-4b59-ad03-227ba12a18b0","provider":"email","role":"free","username":"nstoddard17","hasUsername":true,"isBetaTester":false,"isNewBetaUser":false,"accountAge":13048475913}
[2025-10-28T01:32:43.866Z] [INFO   ] 2025-10-28T01:32:43.866Z [DEBUG] [Username Check] {"userId":"a3e3a51a-175c-4b59-ad03-227ba12a18b0","hasEmail":true,"provider":"email","hasUsername":true,"isGoogleUser":false}
[2025-10-28T01:32:44.235Z] [INFO   ] 2025-10-28T01:32:44.235Z [DEBUG] [Middleware] Username check: {"path":"/workflows/v2/api/flows/5d4c3bd5-7e41-46c6-80c6-625786ab43a7/revisions","userId":"a3e3a51a-175c-4b59-ad03-227ba12a18b0","provider":"email","role":"free","username":"nstoddard17","hasUsername":true,"isBetaTester":false,"isNewBetaUser":false,"accountAge":13048476836}
[2025-10-28T01:32:44.436Z] [INFO   ] 2025-10-28T01:32:44.436Z [DEBUG] [Middleware] Username check: {"path":"/workflows","userId":"a3e3a51a-175c-4b59-ad03-227ba12a18b0","provider":"email","role":"free","username":"nstoddard17","hasUsername":true,"isBetaTester":false,"isNewBetaUser":false,"accountAge":13048477037}
[2025-10-28T01:32:44.733Z] [INFO   ] 2025-10-28T01:32:44.733Z [DEBUG] [Username Check] {"userId":"a3e3a51a-175c-4b59-ad03-227ba12a18b0","hasEmail":true,"provider":"email","hasUsername":true,"isGoogleUser":false}
[2025-10-28T01:32:44.930Z] [INFO   ] 2025-10-28T01:32:44.930Z [DEBUG] [Middleware] Username check: {"path":"/workflows/v2/api/flows/5d4c3bd5-7e41-46c6-80c6-625786ab43a7/revisions/b36d69d9-a954-46d9-af02-0a410606be2d","userId":"a3e3a51a-175c-4b59-ad03-227ba12a18b0","provider":"email","role":"free","username":"nstoddard17","hasUsername":true,"isBetaTester":false,"isNewBetaUser":false,"accountAge":13048477531}
[2025-10-28T01:32:44.972Z] [INFO   ] 2025-10-28T01:32:44.971Z [DEBUG] [Middleware] Username check: {"path":"/workflows/v2/api/flows/5d4c3bd5-7e41-46c6-80c6-625786ab43a7/revisions","userId":"a3e3a51a-175c-4b59-ad03-227ba12a18b0","provider":"email","role":"free","username":"nstoddard17","hasUsername":true,"isBetaTester":false,"isNewBetaUser":false,"accountAge":13048477572}
[2025-10-28T01:32:45.776Z] [INFO   ] 2025-10-28T01:32:45.776Z [DEBUG] [Middleware] Username check: {"path":"/workflows/v2/api/flows/5d4c3bd5-7e41-46c6-80c6-625786ab43a7/revisions","userId":"a3e3a51a-175c-4b59-ad03-227ba12a18b0","provider":"email","role":"free","username":"nstoddard17","hasUsername":true,"isBetaTester":false,"isNewBetaUser":false,"accountAge":13048478377}
[2025-10-28T01:32:45.870Z] [INFO   ] 2025-10-28T01:32:45.870Z [DEBUG] [Middleware] Username check: {"path":"/workflows/v2/api/flows/5d4c3bd5-7e41-46c6-80c6-625786ab43a7/revisions/b36d69d9-a954-46d9-af02-0a410606be2d","userId":"a3e3a51a-175c-4b59-ad03-227ba12a18b0","provider":"email","role":"free","username":"nstoddard17","hasUsername":true,"isBetaTester":false,"isNewBetaUser":false,"accountAge":13048478471}
[2025-10-28T01:32:46.452Z] [INFO   ] 2025-10-28T01:32:46.452Z [DEBUG] [Middleware] Username check: {"path":"/workflows/v2/api/flows/5d4c3bd5-7e41-46c6-80c6-625786ab43a7/edits","userId":"a3e3a51a-175c-4b59-ad03-227ba12a18b0","provider":"email","role":"free","username":"nstoddard17","hasUsername":true,"isBetaTester":false,"isNewBetaUser":false,"accountAge":13048479053}
[2025-10-28T01:32:46.455Z] [INFO   ] 2025-10-28T01:32:46.455Z [DEBUG] [Middleware] Username check: {"path":"/workflows/v2/api/flows/5d4c3bd5-7e41-46c6-80c6-625786ab43a7/revisions/b36d69d9-a954-46d9-af02-0a410606be2d","userId":"a3e3a51a-175c-4b59-ad03-227ba12a18b0","provider":"email","role":"free","username":"nstoddard17","hasUsername":true,"isBetaTester":false,"isNewBetaUser":false,"accountAge":13048479056}
[2025-10-28T01:34:36.349Z] [INFO   ]  [32m[1m✓[22m[39m Compiled in 2.6s (4991 modules)
[2025-10-28T01:34:36.679Z] [INFO   ] 2025-10-28T01:34:36.679Z [DEBUG] [Middleware] Username check: {"path":"/workflows","userId":"a3e3a51a-175c-4b59-ad03-227ba12a18b0","provider":"email","role":"free","username":"nstoddard17","hasUsername":true,"isBetaTester":false,"isNewBetaUser":false,"accountAge":13048589280}
[2025-10-28T01:34:36.978Z] [INFO   ] 2025-10-28T01:34:36.977Z [DEBUG] [Username Check] {"userId":"a3e3a51a-175c-4b59-ad03-227ba12a18b0","hasEmail":true,"provider":"email","hasUsername":true,"isGoogleUser":false}
[2025-10-28T01:34:43.018Z] [INFO   ]  [32m[1m✓[22m[39m Compiled in 627ms (1050 modules)
[2025-10-28T01:34:43.290Z] [INFO   ] 2025-10-28T01:34:43.290Z [DEBUG] [Middleware] Username check: {"path":"/workflows","userId":"a3e3a51a-175c-4b59-ad03-227ba12a18b0","provider":"email","role":"free","username":"nstoddard17","hasUsername":true,"isBetaTester":false,"isNewBetaUser":false,"accountAge":13048595891}
[2025-10-28T01:34:43.380Z] [INFO   ] 2025-10-28T01:34:43.380Z [DEBUG] [Username Check] {"userId":"a3e3a51a-175c-4b59-ad03-227ba12a18b0","hasEmail":true,"provider":"email","hasUsername":true,"isGoogleUser":false}
[2025-10-28T01:35:14.463Z] [INFO   ] 2025-10-28T01:35:14.463Z [DEBUG] [Middleware] Username check: {"path":"/workflows/ai-agent","userId":"a3e3a51a-175c-4b59-ad03-227ba12a18b0","provider":"email","role":"free","username":"nstoddard17","hasUsername":true,"isBetaTester":false,"isNewBetaUser":false,"accountAge":13048627064}
[2025-10-28T01:35:14.921Z] [INFO   ] 2025-10-28T01:35:14.920Z [DEBUG] [Username Check] {"userId":"a3e3a51a-175c-4b59-ad03-227ba12a18b0","hasEmail":true,"provider":"email","hasUsername":true,"isGoogleUser":false}
[2025-10-28T01:35:25.517Z] [INFO   ] 2025-10-28T01:35:25.516Z [DEBUG] [Middleware] Username check: {"path":"/workflows/v2/api/flows","userId":"a3e3a51a-175c-4b59-ad03-227ba12a18b0","provider":"email","role":"free","username":"nstoddard17","hasUsername":true,"isBetaTester":false,"isNewBetaUser":false,"accountAge":13048638117}
[2025-10-28T01:35:26.046Z] [INFO   ]  [32m[1m✓[22m[39m Compiled /workflows/v2/api/flows in 455ms (3949 modules)
[2025-10-28T01:35:26.786Z] [INFO   ] 2025-10-28T01:35:26.786Z [DEBUG] [Middleware] Username check: {"path":"/workflows/builder/2d0b98b8-3c18-48e5-a21c-eb113b019ad8","userId":"a3e3a51a-175c-4b59-ad03-227ba12a18b0","provider":"email","role":"free","username":"nstoddard17","hasUsername":true,"isBetaTester":false,"isNewBetaUser":false,"accountAge":13048639387}
[2025-10-28T01:35:27.322Z] [INFO   ]  [37m[1m○[22m[39m Compiling /workflows/builder/[id] ...
[2025-10-28T01:35:27.806Z] [INFO   ]  [32m[1m✓[22m[39m Compiled /workflows/builder/[id] in 984ms (4009 modules)
[2025-10-28T01:35:28.217Z] [INFO   ] 2025-10-28T01:35:28.217Z [DEBUG] [Username Check] {"userId":"a3e3a51a-175c-4b59-ad03-227ba12a18b0","hasEmail":true,"provider":"email","hasUsername":true,"isGoogleUser":false}
[2025-10-28T01:35:28.554Z] [INFO   ] 2025-10-28T01:35:28.554Z [DEBUG] [Middleware] Username check: {"path":"/workflows/v2/api/flows/2d0b98b8-3c18-48e5-a21c-eb113b019ad8/revisions","userId":"a3e3a51a-175c-4b59-ad03-227ba12a18b0","provider":"email","role":"free","username":"nstoddard17","hasUsername":true,"isBetaTester":false,"isNewBetaUser":false,"accountAge":13048641155}
[2025-10-28T01:35:28.829Z] [INFO   ]  [32m[1m✓[22m[39m Compiled /workflows/v2/api/flows/[flowId]/revisions in 250ms (4011 modules)
[2025-10-28T01:35:29.482Z] [INFO   ] 2025-10-28T01:35:29.482Z [DEBUG] [Middleware] Username check: {"path":"/workflows/v2/api/flows/2d0b98b8-3c18-48e5-a21c-eb113b019ad8/revisions","userId":"a3e3a51a-175c-4b59-ad03-227ba12a18b0","provider":"email","role":"free","username":"nstoddard17","hasUsername":true,"isBetaTester":false,"isNewBetaUser":false,"accountAge":13048642083}
[2025-10-28T01:35:29.561Z] [INFO   ] 2025-10-28T01:35:29.561Z [DEBUG] [Middleware] Username check: {"path":"/workflows/v2/api/flows/2d0b98b8-3c18-48e5-a21c-eb113b019ad8/revisions/f9880cfa-2dba-45e1-b388-c26ff32f5510","userId":"a3e3a51a-175c-4b59-ad03-227ba12a18b0","provider":"email","role":"free","username":"nstoddard17","hasUsername":true,"isBetaTester":false,"isNewBetaUser":false,"accountAge":13048642162}
[2025-10-28T01:35:30.014Z] [INFO   ]  [32m[1m✓[22m[39m Compiled /workflows/v2/api/flows/[flowId]/revisions/[revisionId] in 434ms (4013 modules)
[2025-10-28T01:35:30.265Z] [INFO   ] 2025-10-28T01:35:30.265Z [DEBUG] [Middleware] Username check: {"path":"/workflows/v2/api/flows/2d0b98b8-3c18-48e5-a21c-eb113b019ad8/revisions","userId":"a3e3a51a-175c-4b59-ad03-227ba12a18b0","provider":"email","role":"free","username":"nstoddard17","hasUsername":true,"isBetaTester":false,"isNewBetaUser":false,"accountAge":13048642866}
[2025-10-28T01:35:30.553Z] [INFO   ] 2025-10-28T01:35:30.553Z [DEBUG] [Middleware] Username check: {"path":"/workflows/v2/api/flows/2d0b98b8-3c18-48e5-a21c-eb113b019ad8/revisions/f9880cfa-2dba-45e1-b388-c26ff32f5510","userId":"a3e3a51a-175c-4b59-ad03-227ba12a18b0","provider":"email","role":"free","username":"nstoddard17","hasUsername":true,"isBetaTester":false,"isNewBetaUser":false,"accountAge":13048643154}
[2025-10-28T01:35:31.068Z] [INFO   ] 2025-10-28T01:35:31.068Z [DEBUG] [Middleware] Username check: {"path":"/workflows/v2/api/flows/2d0b98b8-3c18-48e5-a21c-eb113b019ad8/revisions/f9880cfa-2dba-45e1-b388-c26ff32f5510","userId":"a3e3a51a-175c-4b59-ad03-227ba12a18b0","provider":"email","role":"free","username":"nstoddard17","hasUsername":true,"isBetaTester":false,"isNewBetaUser":false,"accountAge":13048643669}
[2025-10-28T01:35:31.120Z] [INFO   ] 2025-10-28T01:35:31.120Z [DEBUG] [Middleware] Username check: {"path":"/workflows/v2/api/flows/2d0b98b8-3c18-48e5-a21c-eb113b019ad8/edits","userId":"a3e3a51a-175c-4b59-ad03-227ba12a18b0","provider":"email","role":"free","username":"nstoddard17","hasUsername":true,"isBetaTester":false,"isNewBetaUser":false,"accountAge":13048643721}
[2025-10-28T01:35:31.491Z] [INFO   ]  [32m[1m✓[22m[39m Compiled /workflows/v2/api/flows/[flowId]/edits in 345ms (4016 modules)
[2025-10-28T01:36:49.313Z] [INFO   ] 2025-10-28T01:36:49.313Z [DEBUG] [Middleware] Username check: {"path":"/workflows/builder","userId":"a3e3a51a-175c-4b59-ad03-227ba12a18b0","provider":"email","role":"free","username":"nstoddard17","hasUsername":true,"isBetaTester":false,"isNewBetaUser":false,"accountAge":13048721913}
[2025-10-28T01:36:50.424Z] [INFO   ]  [37m[1m○[22m[39m Compiling /workflows/builder ...
[2025-10-28T01:36:51.256Z] [INFO   ]  [32m[1m✓[22m[39m Compiled /workflows/builder in 1770ms (5040 modules)
[2025-10-28T01:36:51.580Z] [INFO   ] 2025-10-28T01:36:51.579Z [DEBUG] 💧 [AUTH] Rehydrating auth state from storage {"hasState":true,"hasUser":false,"initialized":false,"timestamp":"2025-10-28T01:36:51.579Z"}
[2025-10-28T01:36:51.581Z] [INFO   ] 2025-10-28T01:36:51.581Z [DEBUG] 💧 [AUTH] State hydrated and reset {"hasUser":false,"initialized":false,"timestamp":"2025-10-28T01:36:51.581Z"}
[2025-10-28T01:36:51.581Z] [INFO   ] 2025-10-28T01:36:51.581Z [DEBUG] ⏭️ [AUTH] Skipping initialization {"hasState":true,"alreadyInitialized":false,"isClient":false,"timestamp":"2025-10-28T01:36:51.581Z"}
[2025-10-28T01:36:51.979Z] [INFO   ] 2025-10-28T01:36:51.979Z [DEBUG] [Username Check] {"userId":"a3e3a51a-175c-4b59-ad03-227ba12a18b0","hasEmail":true,"provider":"email","hasUsername":true,"isGoogleUser":false}
[2025-10-28T01:36:52.343Z] [INFO   ] 2025-10-28T01:36:52.343Z [DEBUG] [Middleware] Username check: {"path":"/workflows/v2","userId":"a3e3a51a-175c-4b59-ad03-227ba12a18b0","provider":"email","role":"free","username":"nstoddard17","hasUsername":true,"isBetaTester":false,"isNewBetaUser":false,"accountAge":13048724944}
[2025-10-28T01:36:52.580Z] [INFO   ]  [37m[1m○[22m[39m Compiling /workflows/v2 ...
[2025-10-28T01:36:52.887Z] [INFO   ]  [32m[1m✓[22m[39m Compiled /workflows/v2 in 806ms (4012 modules)
[2025-10-28T01:36:54.144Z] [INFO   ]  [32m[1m✓[22m[39m Compiled in 411ms (1037 modules)
[2025-10-28T01:36:54.467Z] [INFO   ] 2025-10-28T01:36:54.467Z [DEBUG] 💧 [AUTH] Rehydrating auth state from storage {"hasState":true,"hasUser":false,"initialized":false,"timestamp":"2025-10-28T01:36:54.467Z"}
[2025-10-28T01:36:54.468Z] [INFO   ] 2025-10-28T01:36:54.468Z [DEBUG] 💧 [AUTH] State hydrated and reset {"hasUser":false,"initialized":false,"timestamp":"2025-10-28T01:36:54.468Z"}
[2025-10-28T01:36:54.468Z] [INFO   ] 2025-10-28T01:36:54.468Z [DEBUG] ⏭️ [AUTH] Skipping initialization {"hasState":true,"alreadyInitialized":false,"isClient":false,"timestamp":"2025-10-28T01:36:54.468Z"}
[2025-10-28T01:36:58.571Z] [INFO   ]  [32m[1m✓[22m[39m Compiled /api/integrations in 479ms (4029 modules)
[2025-10-28T01:36:58.651Z] [INFO   ] 2025-10-28T01:36:58.651Z [DEBUG] 📍 [API /api/integrations] GET request received {"timestamp":"2025-10-28T01:36:58.651Z","headers":{"referer":"check-console"}}
[2025-10-28T01:36:58.755Z] [INFO   ] 2025-10-28T01:36:58.754Z [DEBUG] ✅ [API /api/integrations] User authenticated {"userId":"a3e3a51a-175c-4b59-ad03-227ba12a18b0"}
[2025-10-28T01:36:58.864Z] [INFO   ] 2025-10-28T01:36:58.864Z [DEBUG] 📊 [API /api/integrations] Query result {"count":14,"error":null,"firstFew":[{"provider":"notion","status":"connected"},{"provider":"mailchimp","status":"connected"}]}
[2025-10-28T01:37:01.514Z] [INFO   ] 2025-10-28T01:37:01.514Z [DEBUG] [Middleware] Username check: {"path":"/workflows/builder","userId":"a3e3a51a-175c-4b59-ad03-227ba12a18b0","provider":"email","role":"free","username":"nstoddard17","hasUsername":true,"isBetaTester":false,"isNewBetaUser":false,"accountAge":13048734115}
[2025-10-28T01:37:01.708Z] [INFO   ] 2025-10-28T01:37:01.708Z [DEBUG] 💧 [AUTH] Rehydrating auth state from storage {"hasState":true,"hasUser":false,"initialized":false,"timestamp":"2025-10-28T01:37:01.708Z"}
[2025-10-28T01:37:01.709Z] [INFO   ] 2025-10-28T01:37:01.709Z [DEBUG] 💧 [AUTH] State hydrated and reset {"hasUser":false,"initialized":false,"timestamp":"2025-10-28T01:37:01.709Z"}
[2025-10-28T01:37:01.709Z] [INFO   ] 2025-10-28T01:37:01.709Z [DEBUG] ⏭️ [AUTH] Skipping initialization {"hasState":true,"alreadyInitialized":false,"isClient":false,"timestamp":"2025-10-28T01:37:01.709Z"}
[2025-10-28T01:37:01.925Z] [INFO   ] 2025-10-28T01:37:01.925Z [DEBUG] [Username Check] {"userId":"a3e3a51a-175c-4b59-ad03-227ba12a18b0","hasEmail":true,"provider":"email","hasUsername":true,"isGoogleUser":false}
[2025-10-28T01:37:02.293Z] [INFO   ] 2025-10-28T01:37:02.293Z [DEBUG] [Middleware] Username check: {"path":"/workflows/v2","userId":"a3e3a51a-175c-4b59-ad03-227ba12a18b0","provider":"email","role":"free","username":"nstoddard17","hasUsername":true,"isBetaTester":false,"isNewBetaUser":false,"accountAge":13048734894}
[2025-10-28T01:37:04.281Z] [INFO   ] 2025-10-28T01:37:04.280Z [DEBUG] [Middleware] Username check: {"path":"/workflows/v2","userId":"a3e3a51a-175c-4b59-ad03-227ba12a18b0","provider":"email","role":"free","username":"nstoddard17","hasUsername":true,"isBetaTester":false,"isNewBetaUser":false,"accountAge":13048736881}
[2025-10-28T01:37:05.083Z] [INFO   ] 2025-10-28T01:37:05.083Z [DEBUG] [Middleware] Username check: {"path":"/workflows/v2/4fa292fe-bbcc-4995-8077-1734a735e5ce","userId":"a3e3a51a-175c-4b59-ad03-227ba12a18b0","provider":"email","role":"free","username":"nstoddard17","hasUsername":true,"isBetaTester":false,"isNewBetaUser":false,"accountAge":13048737684}
[2025-10-28T01:37:05.795Z] [INFO   ] 2025-10-28T01:37:05.795Z [DEBUG] [Middleware] Username check: {"path":"/workflows/v2/api/secrets","userId":"a3e3a51a-175c-4b59-ad03-227ba12a18b0","provider":"email","role":"free","username":"nstoddard17","hasUsername":true,"isBetaTester":false,"isNewBetaUser":false,"accountAge":13048738396}
[2025-10-28T01:37:05.852Z] [INFO   ] 2025-10-28T01:37:05.852Z [DEBUG] [Middleware] Username check: {"path":"/workflows/v2/api/flows/4fa292fe-bbcc-4995-8077-1734a735e5ce/prereqs","userId":"a3e3a51a-175c-4b59-ad03-227ba12a18b0","provider":"email","role":"free","username":"nstoddard17","hasUsername":true,"isBetaTester":false,"isNewBetaUser":false,"accountAge":13048738453}
[2025-10-28T01:37:05.924Z] [INFO   ] 2025-10-28T01:37:05.924Z [DEBUG] [Middleware] Username check: {"path":"/workflows/v2/api/flows/4fa292fe-bbcc-4995-8077-1734a735e5ce/estimate","userId":"a3e3a51a-175c-4b59-ad03-227ba12a18b0","provider":"email","role":"free","username":"nstoddard17","hasUsername":true,"isBetaTester":false,"isNewBetaUser":false,"accountAge":13048738525}
[2025-10-28T01:37:06.502Z] [INFO   ]  [37m[1m○[22m[39m Compiling /workflows/v2/api/flows/[flowId]/estimate ...
[2025-10-28T01:37:06.977Z] [INFO   ]  [32m[1m✓[22m[39m Compiled /workflows/v2/api/flows/[flowId]/estimate in 1152ms (4032 modules)
[2025-10-28T01:37:07.276Z] [INFO   ]  [32m[1m✓[22m[39m Compiled (4037 modules)
[2025-10-28T01:37:07.355Z] [INFO   ] 2025-10-28T01:37:07.355Z [DEBUG] 📍 [API /api/integrations] GET request received {"timestamp":"2025-10-28T01:37:07.355Z","headers":{"referer":"check-console"}}
[2025-10-28T01:37:07.484Z] [INFO   ] 2025-10-28T01:37:07.484Z [DEBUG] ✅ [API /api/integrations] User authenticated {"userId":"a3e3a51a-175c-4b59-ad03-227ba12a18b0"}
[2025-10-28T01:37:07.571Z] [INFO   ] 2025-10-28T01:37:07.571Z [DEBUG] 📊 [API /api/integrations] Query result {"count":14,"error":null,"firstFew":[{"provider":"notion","status":"connected"},{"provider":"mailchimp","status":"connected"}]}
[2025-10-28T01:37:07.783Z] [INFO   ] 2025-10-28T01:37:07.783Z [DEBUG] [Middleware] Username check: {"path":"/workflows/v2/api/secrets","userId":"a3e3a51a-175c-4b59-ad03-227ba12a18b0","provider":"email","role":"free","username":"nstoddard17","hasUsername":true,"isBetaTester":false,"isNewBetaUser":false,"accountAge":13048740384}
[2025-10-28T01:37:07.819Z] [INFO   ] 2025-10-28T01:37:07.819Z [DEBUG] [Middleware] Username check: {"path":"/workflows/v2/api/flows/4fa292fe-bbcc-4995-8077-1734a735e5ce/estimate","userId":"a3e3a51a-175c-4b59-ad03-227ba12a18b0","provider":"email","role":"free","username":"nstoddard17","hasUsername":true,"isBetaTester":false,"isNewBetaUser":false,"accountAge":13048740420}
[2025-10-28T01:37:07.954Z] [INFO   ] 2025-10-28T01:37:07.954Z [DEBUG] [Middleware] Username check: {"path":"/workflows/v2/api/flows/4fa292fe-bbcc-4995-8077-1734a735e5ce/prereqs","userId":"a3e3a51a-175c-4b59-ad03-227ba12a18b0","provider":"email","role":"free","username":"nstoddard17","hasUsername":true,"isBetaTester":false,"isNewBetaUser":false,"accountAge":13048740555}
[2025-10-28T01:37:35.886Z] [INFO   ] 2025-10-28T01:37:35.885Z [DEBUG] [Middleware] Username check: {"path":"/workflows/v2/api/flows/4fa292fe-bbcc-4995-8077-1734a735e5ce/estimate","userId":"a3e3a51a-175c-4b59-ad03-227ba12a18b0","provider":"email","role":"free","username":"nstoddard17","hasUsername":true,"isBetaTester":false,"isNewBetaUser":false,"accountAge":13048768486}
[2025-10-28T01:38:05.870Z] [INFO   ] 2025-10-28T01:38:05.870Z [DEBUG] [Middleware] Username check: {"path":"/workflows/v2/api/flows/4fa292fe-bbcc-4995-8077-1734a735e5ce/estimate","userId":"a3e3a51a-175c-4b59-ad03-227ba12a18b0","provider":"email","role":"free","username":"nstoddard17","hasUsername":true,"isBetaTester":false,"isNewBetaUser":false,"accountAge":13048798471}
[2025-10-28T01:38:23.430Z] [INFO   ] 2025-10-28T01:38:23.430Z [DEBUG] [Middleware] Username check: {"path":"/workflows/v2/4fa292fe-bbcc-4995-8077-1734a735e5ce","userId":"a3e3a51a-175c-4b59-ad03-227ba12a18b0","provider":"email","role":"free","username":"nstoddard17","hasUsername":true,"isBetaTester":false,"isNewBetaUser":false,"accountAge":13048816031}
[2025-10-28T01:38:25.673Z] [INFO   ]  [32m[1m✓[22m[39m Compiled in 4.2s (5292 modules)
[2025-10-28T01:38:26.157Z] [INFO   ] 2025-10-28T01:38:26.156Z [DEBUG] [Middleware] Username check: {"path":"/workflows/v2/4fa292fe-bbcc-4995-8077-1734a735e5ce","userId":"a3e3a51a-175c-4b59-ad03-227ba12a18b0","provider":"email","role":"free","username":"nstoddard17","hasUsername":true,"isBetaTester":false,"isNewBetaUser":false,"accountAge":13048818757}
[2025-10-28T01:38:32.408Z] [INFO   ] 2025-10-28T01:38:32.408Z [DEBUG] [Middleware] Username check: {"path":"/workflows/v2/4fa292fe-bbcc-4995-8077-1734a735e5ce","userId":"a3e3a51a-175c-4b59-ad03-227ba12a18b0","provider":"email","role":"free","username":"nstoddard17","hasUsername":true,"isBetaTester":false,"isNewBetaUser":false,"accountAge":13048825009}
[2025-10-28T01:38:33.542Z] [INFO   ]  [32m[1m✓[22m[39m Compiled in 2.3s (5292 modules)
[2025-10-28T01:38:34.076Z] [INFO   ] 2025-10-28T01:38:34.076Z [DEBUG] [Middleware] Username check: {"path":"/workflows/v2/4fa292fe-bbcc-4995-8077-1734a735e5ce","userId":"a3e3a51a-175c-4b59-ad03-227ba12a18b0","provider":"email","role":"free","username":"nstoddard17","hasUsername":true,"isBetaTester":false,"isNewBetaUser":false,"accountAge":13048826677}
[2025-10-28T01:38:35.818Z] [INFO   ] 2025-10-28T01:38:35.818Z [DEBUG] [Middleware] Username check: {"path":"/workflows/v2/api/flows/4fa292fe-bbcc-4995-8077-1734a735e5ce/estimate","userId":"a3e3a51a-175c-4b59-ad03-227ba12a18b0","provider":"email","role":"free","username":"nstoddard17","hasUsername":true,"isBetaTester":false,"isNewBetaUser":false,"accountAge":13048828419}
[2025-10-28T01:39:04.250Z] [INFO   ] 2025-10-28T01:39:04.249Z [DEBUG] [Middleware] Username check: {"path":"/workflows/builder","userId":"a3e3a51a-175c-4b59-ad03-227ba12a18b0","provider":"email","role":"free","username":"nstoddard17","hasUsername":true,"isBetaTester":false,"isNewBetaUser":false,"accountAge":13048856850}
[2025-10-28T01:39:04.839Z] [INFO   ]  [37m[1m○[22m[39m Compiling /workflows/builder ...
[2025-10-28T01:39:05.754Z] [INFO   ]  [32m[1m✓[22m[39m Compiled /workflows/builder in 1437ms (5061 modules)
[2025-10-28T01:39:05.943Z] [INFO   ] 2025-10-28T01:39:05.943Z [DEBUG] 💧 [AUTH] Rehydrating auth state from storage {"hasState":true,"hasUser":false,"initialized":false,"timestamp":"2025-10-28T01:39:05.943Z"}
[2025-10-28T01:39:05.944Z] [INFO   ] 2025-10-28T01:39:05.944Z [DEBUG] 💧 [AUTH] State hydrated and reset {"hasUser":false,"initialized":false,"timestamp":"2025-10-28T01:39:05.944Z"}
[2025-10-28T01:39:05.944Z] [INFO   ] 2025-10-28T01:39:05.944Z [DEBUG] ⏭️ [AUTH] Skipping initialization {"hasState":true,"alreadyInitialized":false,"isClient":false,"timestamp":"2025-10-28T01:39:05.944Z"}
[2025-10-28T01:39:06.020Z] [INFO   ] 2025-10-28T01:39:06.020Z [DEBUG] [Middleware] Username check: {"path":"/workflows/v2/api/flows/4fa292fe-bbcc-4995-8077-1734a735e5ce/estimate","userId":"a3e3a51a-175c-4b59-ad03-227ba12a18b0","provider":"email","role":"free","username":"nstoddard17","hasUsername":true,"isBetaTester":false,"isNewBetaUser":false,"accountAge":13048858621}
[2025-10-28T01:39:06.028Z] [WARN   ]  [33m[1m⚠[22m[39m Fast Refresh had to perform a full reload when eact-app-9e/node_modules/next/dist/client/app-dir/link.js","ids":["__esModule","default"]} changed. Read more: https://nextjs.org/docs/messages/fast-refresh-reload
[2025-10-28T01:39:06.235Z] [INFO   ] 2025-10-28T01:39:06.235Z [DEBUG] [Middleware] Username check: {"path":"/workflows/v2/4fa292fe-bbcc-4995-8077-1734a735e5ce","userId":"a3e3a51a-175c-4b59-ad03-227ba12a18b0","provider":"email","role":"free","username":"nstoddard17","hasUsername":true,"isBetaTester":false,"isNewBetaUser":false,"accountAge":13048858836}
[2025-10-28T01:39:06.272Z] [INFO   ] 2025-10-28T01:39:06.272Z [DEBUG] [Username Check] {"userId":"a3e3a51a-175c-4b59-ad03-227ba12a18b0","hasEmail":true,"provider":"email","hasUsername":true,"isGoogleUser":false}
[2025-10-28T01:39:06.902Z] [INFO   ]  [37m[1m○[22m[39m Compiling /api/presence/count ...
[2025-10-28T01:39:07.136Z] [INFO   ]  [32m[1m✓[22m[39m Compiled /api/presence/count in 735ms (4029 modules)
[2025-10-28T01:39:07.661Z] [INFO   ]  [32m[1m✓[22m[39m Compiled (4031 modules)
[2025-10-28T01:39:11.465Z] [INFO   ]  [37m[1m○[22m[39m Compiling /api/integrations ...
[2025-10-28T01:39:11.694Z] [INFO   ]  [32m[1m✓[22m[39m Compiled /api/integrations in 740ms (4033 modules)
[2025-10-28T01:39:11.747Z] [INFO   ] 2025-10-28T01:39:11.747Z [DEBUG] 📍 [API /api/integrations] GET request received {"timestamp":"2025-10-28T01:39:11.747Z","headers":{"referer":"check-console"}}
[2025-10-28T01:39:11.903Z] [INFO   ] 2025-10-28T01:39:11.903Z [DEBUG] ✅ [API /api/integrations] User authenticated {"userId":"a3e3a51a-175c-4b59-ad03-227ba12a18b0"}
[2025-10-28T01:39:12.011Z] [INFO   ] 2025-10-28T01:39:12.010Z [DEBUG] 📊 [API /api/integrations] Query result {"count":14,"error":null,"firstFew":[{"provider":"notion","status":"connected"},{"provider":"mailchimp","status":"connected"}]}
[2025-10-28T01:40:33.313Z] [INFO   ] 2025-10-28T01:40:33.313Z [DEBUG] [Middleware] Username check: {"path":"/workflows/builder-legacy","userId":"a3e3a51a-175c-4b59-ad03-227ba12a18b0","provider":"email","role":"free","username":"nstoddard17","hasUsername":true,"isBetaTester":false,"isNewBetaUser":false,"accountAge":13048945914}
[2025-10-28T01:40:34.010Z] [INFO   ]  [37m[1m○[22m[39m Compiling /_not-found ...
[2025-10-28T01:40:35.322Z] [INFO   ]  [32m[1m✓[22m[39m Compiled /_not-found in 1982ms (4938 modules)
[2025-10-28T01:40:35.552Z] [INFO   ] 2025-10-28T01:40:35.552Z [DEBUG] 💧 [AUTH] Rehydrating auth state from storage {"hasState":true,"hasUser":false,"initialized":false,"timestamp":"2025-10-28T01:40:35.552Z"}
[2025-10-28T01:40:35.553Z] [INFO   ] 2025-10-28T01:40:35.553Z [DEBUG] 💧 [AUTH] State hydrated and reset {"hasUser":false,"initialized":false,"timestamp":"2025-10-28T01:40:35.553Z"}
[2025-10-28T01:40:35.553Z] [INFO   ] 2025-10-28T01:40:35.553Z [DEBUG] ⏭️ [AUTH] Skipping initialization {"hasState":true,"alreadyInitialized":false,"isClient":false,"timestamp":"2025-10-28T01:40:35.553Z"}
[2025-10-28T01:40:36.243Z] [INFO   ]  [32m[1m✓[22m[39m Compiled /api/presence/count in 341ms (3905 modules)
[2025-10-28T01:40:36.510Z] [INFO   ]  [32m[1m✓[22m[39m Compiled (3907 modules)
[2025-10-28T01:40:40.419Z] [INFO   ]  [37m[1m○[22m[39m Compiling /api/integrations ...
[2025-10-28T01:40:40.439Z] [INFO   ]  [32m[1m✓[22m[39m Compiled /api/integrations in 526ms (3909 modules)
[2025-10-28T01:40:41.024Z] [INFO   ] 2025-10-28T01:40:41.023Z [DEBUG] 📍 [API /api/integrations] GET request received {"timestamp":"2025-10-28T01:40:41.023Z","headers":{"referer":"check-console"}}
[2025-10-28T01:40:41.222Z] [INFO   ] 2025-10-28T01:40:41.222Z [DEBUG] ✅ [API /api/integrations] User authenticated {"userId":"a3e3a51a-175c-4b59-ad03-227ba12a18b0"}
[2025-10-28T01:40:41.328Z] [INFO   ] 2025-10-28T01:40:41.327Z [DEBUG] 📊 [API /api/integrations] Query result {"count":14,"error":null,"firstFew":[{"provider":"notion","status":"connected"},{"provider":"mailchimp","status":"connected"}]}
[2025-10-28T01:41:04.588Z] [INFO   ] 2025-10-28T01:41:04.588Z [DEBUG] [Middleware] Username check: {"path":"/workflows/builder-legacy","userId":"a3e3a51a-175c-4b59-ad03-227ba12a18b0","provider":"email","role":"free","username":"nstoddard17","hasUsername":true,"isBetaTester":false,"isNewBetaUser":false,"accountAge":13048977189}
[2025-10-28T01:41:05.450Z] [INFO   ]  [37m[1m○[22m[39m Compiling /workflows/builder-legacy ...
[2025-10-28T01:41:09.845Z] [INFO   ]  [32m[1m✓[22m[39m Compiled /workflows/builder-legacy in 6.6s (6750 modules)
[2025-10-28T01:41:10.257Z] [INFO   ] 2025-10-28T01:41:10.257Z [DEBUG] [Username Check] {"userId":"a3e3a51a-175c-4b59-ad03-227ba12a18b0","hasEmail":true,"provider":"email","hasUsername":true,"isGoogleUser":false}
[2025-10-28T01:41:10.627Z] [INFO   ] 2025-10-28T01:41:10.627Z [DEBUG] [Middleware] Username check: {"path":"/workflows/builder-legacy","userId":"a3e3a51a-175c-4b59-ad03-227ba12a18b0","provider":"email","role":"free","username":"nstoddard17","hasUsername":true,"isBetaTester":false,"isNewBetaUser":false,"accountAge":13048983228}
[2025-10-28T01:41:10.704Z] [INFO   ] 2025-10-28T01:41:10.703Z [DEBUG] [Username Check] {"userId":"a3e3a51a-175c-4b59-ad03-227ba12a18b0","hasEmail":true,"provider":"email","hasUsername":true,"isGoogleUser":false}
[2025-10-28T01:41:11.937Z] [INFO   ] 2025-10-28T01:41:11.937Z [DEBUG] [Middleware] Username check: {"path":"/workflows/builder-legacy","userId":"a3e3a51a-175c-4b59-ad03-227ba12a18b0","provider":"email","role":"free","username":"nstoddard17","hasUsername":true,"isBetaTester":false,"isNewBetaUser":false,"accountAge":13048984538}
[2025-10-28T01:41:12.066Z] [INFO   ] 2025-10-28T01:41:12.066Z [DEBUG] 💧 [AUTH] Rehydrating auth state from storage {"hasState":true,"hasUser":false,"initialized":false,"timestamp":"2025-10-28T01:41:12.066Z"}
[2025-10-28T01:41:12.077Z] [INFO   ] 2025-10-28T01:41:12.077Z [DEBUG] 💧 [AUTH] State hydrated and reset {"hasUser":false,"initialized":false,"timestamp":"2025-10-28T01:41:12.077Z"}
[2025-10-28T01:41:12.077Z] [INFO   ] 2025-10-28T01:41:12.077Z [DEBUG] ⏭️ [AUTH] Skipping initialization {"hasState":true,"alreadyInitialized":false,"isClient":false,"timestamp":"2025-10-28T01:41:12.077Z"}
[2025-10-28T01:41:12.350Z] [INFO   ] 2025-10-28T01:41:12.349Z [DEBUG] [Username Check] {"userId":"a3e3a51a-175c-4b59-ad03-227ba12a18b0","hasEmail":true,"provider":"email","hasUsername":true,"isGoogleUser":false}
[2025-10-28T01:41:12.592Z] [INFO   ] 2025-10-28T01:41:12.592Z [INFO] [NewWorkflowBuilderContent] URL params: {"aiChat":null,"hasInitialPrompt":false,"initialPrompt":null}
[2025-10-28T01:41:14.060Z] [INFO   ]  [37m[1m○[22m[39m Compiling /icon.png ...
[2025-10-28T01:41:14.657Z] [INFO   ]  [32m[1m✓[22m[39m Compiled /icon.png in 1171ms (4734 modules)
[2025-10-28T01:41:15.295Z] [INFO   ] 2025-10-28T01:41:15.295Z [DEBUG] 📍 [API /api/integrations] GET request received {"timestamp":"2025-10-28T01:41:15.295Z","headers":{"referer":"check-console"}}
[2025-10-28T01:41:15.466Z] [INFO   ] 2025-10-28T01:41:15.466Z [DEBUG] ✅ [API /api/integrations] User authenticated {"userId":"a3e3a51a-175c-4b59-ad03-227ba12a18b0"}
[2025-10-28T01:41:15.588Z] [INFO   ] 2025-10-28T01:41:15.588Z [DEBUG] 📊 [API /api/integrations] Query result {"count":14,"error":null,"firstFew":[{"provider":"notion","status":"connected"},{"provider":"mailchimp","status":"connected"}]}
[2025-10-28T01:48:01.336Z] [INFO   ]  [32m[1m✓[22m[39m Compiled in 3.4s (6503 modules)
[2025-10-28T01:48:01.680Z] [INFO   ] 2025-10-28T01:48:01.680Z [DEBUG] [Middleware] Username check: {"path":"/workflows/builder-legacy","userId":"a3e3a51a-175c-4b59-ad03-227ba12a18b0","provider":"email","role":"free","username":"nstoddard17","hasUsername":true,"isBetaTester":false,"isNewBetaUser":false,"accountAge":13049394281}
[2025-10-28T01:48:02.037Z] [INFO   ] 2025-10-28T01:48:02.037Z [DEBUG] [Username Check] {"userId":"a3e3a51a-175c-4b59-ad03-227ba12a18b0","hasEmail":true,"provider":"email","hasUsername":true,"isGoogleUser":false}
[2025-10-28T01:48:02.786Z] [INFO   ]  [32m[1m✓[22m[39m Compiled /api/integrations in 449ms (4715 modules)
[2025-10-28T01:48:02.973Z] [INFO   ] 2025-10-28T01:48:02.973Z [DEBUG] 📍 [API /api/integrations] GET request received {"timestamp":"2025-10-28T01:48:02.973Z","headers":{"referer":"check-console"}}
[2025-10-28T01:48:03.093Z] [INFO   ] 2025-10-28T01:48:03.093Z [DEBUG] ✅ [API /api/integrations] User authenticated {"userId":"a3e3a51a-175c-4b59-ad03-227ba12a18b0"}
[2025-10-28T01:48:03.213Z] [INFO   ] 2025-10-28T01:48:03.213Z [DEBUG] 📊 [API /api/integrations] Query result {"count":14,"error":null,"firstFew":[{"provider":"notion","status":"connected"},{"provider":"mailchimp","status":"connected"}]}
[2025-10-28T01:48:08.869Z] [INFO   ]  [32m[1m✓[22m[39m Compiled in 1362ms (6509 modules)
[2025-10-28T01:48:09.150Z] [INFO   ] 2025-10-28T01:48:09.150Z [DEBUG] [Middleware] Username check: {"path":"/workflows/builder-legacy","userId":"a3e3a51a-175c-4b59-ad03-227ba12a18b0","provider":"email","role":"free","username":"nstoddard17","hasUsername":true,"isBetaTester":false,"isNewBetaUser":false,"accountAge":13049401751}
[2025-10-28T01:48:09.436Z] [INFO   ] 2025-10-28T01:48:09.435Z [DEBUG] [Username Check] {"userId":"a3e3a51a-175c-4b59-ad03-227ba12a18b0","hasEmail":true,"provider":"email","hasUsername":true,"isGoogleUser":false}
[2025-10-28T01:48:14.899Z] [INFO   ]  [32m[1m✓[22m[39m Compiled in 960ms (6509 modules)
[2025-10-28T01:48:15.170Z] [INFO   ] 2025-10-28T01:48:15.170Z [DEBUG] [Middleware] Username check: {"path":"/workflows/builder-legacy","userId":"a3e3a51a-175c-4b59-ad03-227ba12a18b0","provider":"email","role":"free","username":"nstoddard17","hasUsername":true,"isBetaTester":false,"isNewBetaUser":false,"accountAge":13049407771}
[2025-10-28T01:48:15.353Z] [INFO   ] 2025-10-28T01:48:15.353Z [DEBUG] [Username Check] {"userId":"a3e3a51a-175c-4b59-ad03-227ba12a18b0","hasEmail":true,"provider":"email","hasUsername":true,"isGoogleUser":false}
[2025-10-28T01:49:22.508Z] [ERROR  ]  [31m[1m⨯[22m[39m ./components/workflows/FlowV2BuilderContent.tsx
Error: 

Caused by:
    0: Failed to read source code from /Users/nathanielstoddard/chainreact-app/chainreact-app-9e/components/workflows/FlowV2BuilderContent.tsx
    1: No such file or directory (os error 2)

Import trace for requested module:
./components/workflows/FlowV2BuilderContent.tsx
./components/workflows/FlowV2BuilderClient.tsx
[2025-10-28T01:49:51.714Z] [INFO   ]  [32m[1m✓[22m[39m Compiled in 3.4s (6505 modules)
[2025-10-28T01:49:52.047Z] [INFO   ] 2025-10-28T01:49:52.047Z [DEBUG] [Middleware] Username check: {"path":"/workflows/builder-legacy","userId":"a3e3a51a-175c-4b59-ad03-227ba12a18b0","provider":"email","role":"free","username":"nstoddard17","hasUsername":true,"isBetaTester":false,"isNewBetaUser":false,"accountAge":13049504648}
[2025-10-28T01:49:52.468Z] [INFO   ] 2025-10-28T01:49:52.468Z [DEBUG] [Username Check] {"userId":"a3e3a51a-175c-4b59-ad03-227ba12a18b0","hasEmail":true,"provider":"email","hasUsername":true,"isGoogleUser":false}
[2025-10-28T01:49:53.302Z] [INFO   ]  [32m[1m✓[22m[39m Compiled /api/integrations in 484ms (4716 modules)
[2025-10-28T01:49:53.524Z] [INFO   ] 2025-10-28T01:49:53.524Z [DEBUG] 📍 [API /api/integrations] GET request received {"timestamp":"2025-10-28T01:49:53.524Z","headers":{"referer":"check-console"}}
[2025-10-28T01:49:53.635Z] [INFO   ] 2025-10-28T01:49:53.635Z [DEBUG] ✅ [API /api/integrations] User authenticated {"userId":"a3e3a51a-175c-4b59-ad03-227ba12a18b0"}
[2025-10-28T01:49:53.734Z] [INFO   ] 2025-10-28T01:49:53.734Z [DEBUG] 📊 [API /api/integrations] Query result {"count":14,"error":null,"firstFew":[{"provider":"notion","status":"connected"},{"provider":"mailchimp","status":"connected"}]}
[2025-10-28T01:50:05.710Z] [INFO   ]  [32m[1m✓[22m[39m Compiled in 1064ms (6511 modules)
[2025-10-28T01:50:05.983Z] [INFO   ] 2025-10-28T01:50:05.983Z [DEBUG] [Middleware] Username check: {"path":"/workflows/builder-legacy","userId":"a3e3a51a-175c-4b59-ad03-227ba12a18b0","provider":"email","role":"free","username":"nstoddard17","hasUsername":true,"isBetaTester":false,"isNewBetaUser":false,"accountAge":13049518584}
[2025-10-28T01:50:06.213Z] [INFO   ] 2025-10-28T01:50:06.213Z [DEBUG] [Username Check] {"userId":"a3e3a51a-175c-4b59-ad03-227ba12a18b0","hasEmail":true,"provider":"email","hasUsername":true,"isGoogleUser":false}
[2025-10-28T01:51:13.805Z] [INFO   ]  [37m[1m○[22m[39m Compiling /api/presence/count ...
[2025-10-28T01:51:14.407Z] [INFO   ]  [32m[1m✓[22m[39m Compiled /api/presence/count in 1309ms (4716 modules)
[2025-10-28T01:52:19.760Z] [INFO   ] 2025-10-28T01:52:19.759Z [DEBUG] [Middleware] Username check: {"path":"/workflows","userId":"a3e3a51a-175c-4b59-ad03-227ba12a18b0","provider":"email","role":"free","username":"nstoddard17","hasUsername":true,"isBetaTester":false,"isNewBetaUser":false,"accountAge":13049652360}
[2025-10-28T01:52:20.965Z] [INFO   ]  [37m[1m○[22m[39m Compiling /workflows ...
[2025-10-28T01:52:22.289Z] [INFO   ]  [32m[1m✓[22m[39m Compiled /workflows in 2.4s (4762 modules)
[2025-10-28T01:52:22.513Z] [INFO   ] 2025-10-28T01:52:22.513Z [DEBUG] 💧 [AUTH] Rehydrating auth state from storage {"hasState":true,"hasUser":false,"initialized":false,"timestamp":"2025-10-28T01:52:22.513Z"}
[2025-10-28T01:52:22.517Z] [INFO   ] 2025-10-28T01:52:22.517Z [DEBUG] 💧 [AUTH] State hydrated and reset {"hasUser":false,"initialized":false,"timestamp":"2025-10-28T01:52:22.517Z"}
[2025-10-28T01:52:22.517Z] [INFO   ] 2025-10-28T01:52:22.517Z [DEBUG] ⏭️ [AUTH] Skipping initialization {"hasState":true,"alreadyInitialized":false,"isClient":false,"timestamp":"2025-10-28T01:52:22.517Z"}
[2025-10-28T01:52:22.764Z] [INFO   ] 2025-10-28T01:52:22.764Z [DEBUG] [Username Check] {"userId":"a3e3a51a-175c-4b59-ad03-227ba12a18b0","hasEmail":true,"provider":"email","hasUsername":true,"isGoogleUser":false}
[2025-10-28T01:52:24.021Z] [INFO   ]  [37m[1m○[22m[39m Compiling /api/integrations ...
[2025-10-28T01:52:24.687Z] [INFO   ]  [32m[1m✓[22m[39m Compiled /api/integrations in 1331ms (4766 modules)
[2025-10-28T01:52:25.071Z] [INFO   ]  [32m[1m✓[22m[39m Compiled (4768 modules)
[2025-10-28T01:52:25.219Z] [INFO   ] 2025-10-28T01:52:25.219Z [DEBUG] 📍 [API /api/integrations] GET request received {"timestamp":"2025-10-28T01:52:25.219Z","headers":{"referer":"check-console"}}
[2025-10-28T01:52:25.390Z] [INFO   ] 2025-10-28T01:52:25.390Z [DEBUG] ✅ [API /api/integrations] User authenticated {"userId":"a3e3a51a-175c-4b59-ad03-227ba12a18b0"}
[2025-10-28T01:52:25.567Z] [INFO   ] 2025-10-28T01:52:25.567Z [DEBUG] 📊 [API /api/integrations] Query result {"count":14,"error":null,"firstFew":[{"provider":"notion","status":"connected"},{"provider":"mailchimp","status":"connected"}]}
[2025-10-28T01:52:26.942Z] [INFO   ]  [37m[1m○[22m[39m Compiling /api/analytics/workflow-stats ...
[2025-10-28T01:52:27.054Z] [INFO   ]  [32m[1m✓[22m[39m Compiled /api/analytics/workflow-stats in 758ms (4718 modules)
[2025-10-28T01:52:27.240Z] [INFO   ] 2025-10-28T01:52:27.240Z [DEBUG] [Middleware] Username check: {"path":"/workflows","userId":"a3e3a51a-175c-4b59-ad03-227ba12a18b0","provider":"email","role":"free","username":"nstoddard17","hasUsername":true,"isBetaTester":false,"isNewBetaUser":false,"accountAge":13049659841}
[2025-10-28T01:52:27.899Z] [INFO   ]  [32m[1m✓[22m[39m Compiled in 0ms (4724 modules)
[2025-10-28T01:52:28.310Z] [INFO   ]  [32m[1m✓[22m[39m Compiled in 0ms (4724 modules)
[2025-10-28T01:52:28.722Z] [INFO   ]  [32m[1m✓[22m[39m Compiled in 0ms (4724 modules)
[2025-10-28T01:52:29.374Z] [INFO   ] 2025-10-28T01:52:29.374Z [DEBUG] [Username Check] {"userId":"a3e3a51a-175c-4b59-ad03-227ba12a18b0","hasEmail":true,"provider":"email","hasUsername":true,"isGoogleUser":false}
[2025-10-28T01:52:30.024Z] [INFO   ]  [32m[1m✓[22m[39m Compiled /api/workflows/folders in 440ms (4726 modules)
[2025-10-28T01:52:33.306Z] [INFO   ] 2025-10-28T01:52:33.306Z [DEBUG] [Middleware] Username check: {"path":"/workflows/ai-agent","userId":"a3e3a51a-175c-4b59-ad03-227ba12a18b0","provider":"email","role":"free","username":"nstoddard17","hasUsername":true,"isBetaTester":false,"isNewBetaUser":false,"accountAge":13049665907}
[2025-10-28T01:52:33.901Z] [INFO   ]  [37m[1m○[22m[39m Compiling /workflows/ai-agent ...
[2025-10-28T01:52:34.884Z] [INFO   ]  [32m[1m✓[22m[39m Compiled /workflows/ai-agent in 1511ms (4736 modules)
[2025-10-28T01:52:35.061Z] [INFO   ] 2025-10-28T01:52:35.061Z [DEBUG] 💧 [AUTH] Rehydrating auth state from storage {"hasState":true,"hasUser":false,"initialized":false,"timestamp":"2025-10-28T01:52:35.061Z"}
[2025-10-28T01:52:35.064Z] [INFO   ] 2025-10-28T01:52:35.064Z [DEBUG] 💧 [AUTH] State hydrated and reset {"hasUser":false,"initialized":false,"timestamp":"2025-10-28T01:52:35.064Z"}
[2025-10-28T01:52:35.064Z] [INFO   ] 2025-10-28T01:52:35.064Z [DEBUG] ⏭️ [AUTH] Skipping initialization {"hasState":true,"alreadyInitialized":false,"isClient":false,"timestamp":"2025-10-28T01:52:35.064Z"}
[2025-10-28T01:52:35.356Z] [INFO   ] 2025-10-28T01:52:35.356Z [DEBUG] [Username Check] {"userId":"a3e3a51a-175c-4b59-ad03-227ba12a18b0","hasEmail":true,"provider":"email","hasUsername":true,"isGoogleUser":false}

=== Log Session Ended: 2025-10-28T01:52:38.187Z ===
