=== Log Session Started: 2025-10-19T04:56:16.641Z ===
Node Version: v23.7.0
Platform: darwin
Working Directory: /Users/nathanielstoddard/chainreact-app/chainreact-app-9e
================================================================================

[2025-10-19T04:56:16.641Z] [INFO   ] File logging initialized
[2025-10-19T04:56:16.641Z] [INFO   ] Log file: /Users/nathanielstoddard/chainreact-app/chainreact-app-9e/logs/workflow_2025-10-18_23-56-16.log
[2025-10-19T04:56:16.643Z] [INFO   ] 📁 File logging enabled
[2025-10-19T04:56:16.643Z] [INFO   ] 📝 Logs will be written to: /Users/nathanielstoddard/chainreact-app/chainreact-app-9e/logs/workflow_2025-10-18_23-56-16.log
[2025-10-19T04:56:16.643Z] [INFO   ] 💡 To view logs in real-time: tail -f /Users/nathanielstoddard/chainreact-app/chainreact-app-9e/logs/workflow_2025-10-18_23-56-16.log
[2025-10-19T04:56:16.643Z] [INFO   ] 💡 To view all logs: cat /Users/nathanielstoddard/chainreact-app/chainreact-app-9e/logs/workflow_2025-10-18_23-56-16.log
[2025-10-19T04:56:16.643Z] [INFO   ] 💡 To share logs: Copy the file at /Users/nathanielstoddard/chainreact-app/chainreact-app-9e/logs/workflow_2025-10-18_23-56-16.log
[2025-10-19T04:56:16.643Z] [INFO   ] --------------------------------------------------------------------------------
[2025-10-19T04:56:16.643Z] [DEBUG  ] 📁 File logging system initialized
[2025-10-19T04:56:16.654Z] [INFO   ]  [32m[1m✓[22m[39m Ready in 2.9s
[2025-10-19T04:56:16.786Z] [INFO   ]  [32m[1m✓[22m[39m Compiled /middleware in 128ms (233 modules)
[2025-10-19T04:56:17.053Z] [INFO   ] 2025-10-19T04:56:17.053Z [DEBUG] [Middleware] Username check: {"path":"/workflows/builder/8340b576-0b3d-4af6-8e9b-8769b61147d1","userId":"a3e3a51a-175c-4b59-ad03-227ba12a18b0","provider":"email","role":"admin","username":"nstoddard17","hasUsername":true,"isBetaTester":false,"isNewBetaUser":false,"accountAge":12283089654}
[2025-10-19T04:56:17.611Z] [INFO   ]  [37m[1m○[22m[39m Compiling /workflows/builder/[id] ...
[2025-10-19T04:56:17.647Z] [INFO   ] 2025-10-19T04:56:17.646Z [DEBUG] 🤖 Discord bot configured, initializing gateway connection in background...
[2025-10-19T04:56:19.552Z] [INFO   ] 2025-10-19T04:56:19.552Z [DEBUG] Initializing Discord Gateway connection (singleton)...
[2025-10-19T04:56:19.552Z] [INFO   ] 2025-10-19T04:56:19.552Z [DEBUG] 🔑 Discord bot token loaded
[2025-10-19T04:56:19.768Z] [INFO   ] 2025-10-19T04:56:19.767Z [DEBUG] Discord Gateway initialization complete
[2025-10-19T04:56:19.769Z] [INFO   ] 2025-10-19T04:56:19.769Z [DEBUG] ✅ Discord bot gateway connection initialized
[2025-10-19T04:56:19.971Z] [INFO   ] 2025-10-19T04:56:19.971Z [DEBUG] Discord Gateway WebSocket connection established
[2025-10-19T04:56:19.972Z] [INFO   ] 2025-10-19T04:56:19.972Z [DEBUG] 🔑 Sending identify with intents: {"GUILDS":true,"GUILD_MEMBERS":true,"GUILD_INVITES":true,"GUILD_MESSAGES":true,"MESSAGE_CONTENT":true,"intentsValue":33347}
[2025-10-19T04:56:20.132Z] [INFO   ] 2025-10-19T04:56:20.132Z [DEBUG] 🎉 Discord bot ready! {"sessionId":"124aa603e82e4c61d552c0b8071cb85c","username":"ChainReact-Bot","userId":"1378595955212812308","guildCount":2}
[2025-10-19T04:56:20.132Z] [INFO   ] 2025-10-19T04:56:20.132Z [DEBUG] 📋 Initializing invite cache...
[2025-10-19T04:56:20.133Z] [INFO   ] 2025-10-19T04:56:20.133Z [DEBUG] 📡 Discord event received: GUILD_CREATE
[2025-10-19T04:56:20.155Z] [INFO   ] 2025-10-19T04:56:20.155Z [DEBUG] 📡 Discord event received: GUILD_CREATE
[2025-10-19T04:56:20.314Z] [INFO   ] 2025-10-19T04:56:20.314Z [DEBUG] ✅ Cached 4 invites for guild 1378950884045623406
[2025-10-19T04:56:24.028Z] [INFO   ]  [32m[1m✓[22m[39m Compiled /workflows/builder/[id] in 7s (5660 modules)
[2025-10-19T04:56:24.571Z] [INFO   ]  [32m[1m✓[22m[39m Compiled in 523ms (1558 modules)
[2025-10-19T04:56:24.878Z] [INFO   ] 2025-10-19T04:56:24.878Z [DEBUG] 💧 [AUTH] Rehydrating auth state from storage {"hasState":true,"hasUser":false,"initialized":false,"timestamp":"2025-10-19T04:56:24.878Z"}
[2025-10-19T04:56:24.889Z] [INFO   ] 2025-10-19T04:56:24.889Z [DEBUG] 💧 [AUTH] State hydrated and reset {"hasUser":false,"initialized":false,"timestamp":"2025-10-19T04:56:24.889Z"}
[2025-10-19T04:56:24.889Z] [INFO   ] 2025-10-19T04:56:24.889Z [DEBUG] ⏭️ [AUTH] Skipping initialization {"hasState":true,"alreadyInitialized":false,"isClient":false,"timestamp":"2025-10-19T04:56:24.889Z"}
[2025-10-19T04:56:25.163Z] [INFO   ] 2025-10-19T04:56:25.162Z [DEBUG] [Username Check] {"userId":"a3e3a51a-175c-4b59-ad03-227ba12a18b0","hasEmail":true,"provider":"email","hasUsername":true,"isGoogleUser":false}
[2025-10-19T04:56:26.436Z] [INFO   ]  [37m[1m○[22m[39m Compiling /api/presence/count ...
[2025-10-19T04:56:28.827Z] [INFO   ]  [32m[1m✓[22m[39m Compiled /api/collaboration/join in 2.9s (5672 modules)
[2025-10-19T04:56:28.983Z] [INFO   ] 2025-10-19T04:56:28.983Z [DEBUG] 📍 [API /api/integrations] GET request received {"timestamp":"2025-10-19T04:56:28.983Z","headers":{"referer":"check-console"}}
[2025-10-19T04:56:29.141Z] [INFO   ] 2025-10-19T04:56:29.141Z [DEBUG] ✅ [API /api/integrations] User authenticated {"userId":"a3e3a51a-175c-4b59-ad03-227ba12a18b0"}
[2025-10-19T04:56:29.249Z] [INFO   ] 2025-10-19T04:56:29.249Z [DEBUG] 📊 [API /api/integrations] Query result {"count":19,"error":null,"firstFew":[{"provider":"notion","status":"connected"},{"provider":"mailchimp","status":"connected"}]}
[2025-10-19T04:57:01.477Z] [INFO   ]  [37m[1m○[22m[39m Compiling /api/collaboration/collaborators ...
[2025-10-19T04:57:01.656Z] [INFO   ]  [32m[1m✓[22m[39m Compiled /api/collaboration/collaborators in 710ms (5674 modules)
[2025-10-19T04:57:47.463Z] [INFO   ]  [32m[1m✓[22m[39m Compiled in 833ms (5679 modules)
[2025-10-19T04:57:47.711Z] [INFO   ] 2025-10-19T04:57:47.711Z [DEBUG] [Middleware] Username check: {"path":"/workflows/builder/8340b576-0b3d-4af6-8e9b-8769b61147d1","userId":"a3e3a51a-175c-4b59-ad03-227ba12a18b0","provider":"email","role":"admin","username":"nstoddard17","hasUsername":true,"isBetaTester":false,"isNewBetaUser":false,"accountAge":12283180312}
[2025-10-19T04:57:47.929Z] [INFO   ] 2025-10-19T04:57:47.928Z [DEBUG] [Username Check] {"userId":"a3e3a51a-175c-4b59-ad03-227ba12a18b0","hasEmail":true,"provider":"email","hasUsername":true,"isGoogleUser":false}
[2025-10-19T04:57:48.513Z] [INFO   ]  [37m[1m○[22m[39m Compiling /api/collaboration/leave ...
[2025-10-19T04:57:48.584Z] [INFO   ]  [32m[1m✓[22m[39m Compiled /api/collaboration/leave in 572ms (5667 modules)
[2025-10-19T04:57:48.760Z] [WARN   ]  [33m[1m⚠[22m[39m Fast Refresh had to perform a full reload due to a runtime error.
[2025-10-19T04:57:48.971Z] [INFO   ] 2025-10-19T04:57:48.971Z [DEBUG] [Middleware] Username check: {"path":"/workflows/builder/8340b576-0b3d-4af6-8e9b-8769b61147d1","userId":"a3e3a51a-175c-4b59-ad03-227ba12a18b0","provider":"email","role":"admin","username":"nstoddard17","hasUsername":true,"isBetaTester":false,"isNewBetaUser":false,"accountAge":12283181572}
[2025-10-19T04:57:49.246Z] [INFO   ] 2025-10-19T04:57:49.246Z [DEBUG] 💧 [AUTH] Rehydrating auth state from storage {"hasState":true,"hasUser":false,"initialized":false,"timestamp":"2025-10-19T04:57:49.246Z"}
[2025-10-19T04:57:49.256Z] [INFO   ] 2025-10-19T04:57:49.256Z [DEBUG] 💧 [AUTH] State hydrated and reset {"hasUser":false,"initialized":false,"timestamp":"2025-10-19T04:57:49.256Z"}
[2025-10-19T04:57:49.256Z] [INFO   ] 2025-10-19T04:57:49.256Z [DEBUG] ⏭️ [AUTH] Skipping initialization {"hasState":true,"alreadyInitialized":false,"isClient":false,"timestamp":"2025-10-19T04:57:49.256Z"}
[2025-10-19T04:57:49.467Z] [INFO   ] 2025-10-19T04:57:49.467Z [DEBUG] [Username Check] {"userId":"a3e3a51a-175c-4b59-ad03-227ba12a18b0","hasEmail":true,"provider":"email","hasUsername":true,"isGoogleUser":false}
[2025-10-19T04:57:50.371Z] [INFO   ]  [32m[1m✓[22m[39m Compiled /api/presence/count in 300ms (4125 modules)
[2025-10-19T04:57:50.608Z] [INFO   ]  [32m[1m✓[22m[39m Compiled (4127 modules)
[2025-10-19T04:57:51.295Z] [INFO   ]  [32m[1m✓[22m[39m Compiled /api/collaboration/join in 284ms (4129 modules)
[2025-10-19T04:57:51.513Z] [INFO   ]  [32m[1m✓[22m[39m Compiled (4132 modules)
[2025-10-19T04:57:51.592Z] [INFO   ] 2025-10-19T04:57:51.592Z [DEBUG] 📍 [API /api/integrations] GET request received {"timestamp":"2025-10-19T04:57:51.592Z","headers":{"referer":"check-console"}}
[2025-10-19T04:57:51.669Z] [INFO   ] 2025-10-19T04:57:51.669Z [DEBUG] ✅ [API /api/integrations] User authenticated {"userId":"a3e3a51a-175c-4b59-ad03-227ba12a18b0"}
[2025-10-19T04:57:51.788Z] [INFO   ] 2025-10-19T04:57:51.788Z [DEBUG] 📊 [API /api/integrations] Query result {"count":19,"error":null,"firstFew":[{"provider":"notion","status":"connected"},{"provider":"mailchimp","status":"connected"}]}
[2025-10-19T04:58:09.063Z] [INFO   ]  [32m[1m✓[22m[39m Compiled in 786ms (5690 modules)
[2025-10-19T04:58:09.283Z] [INFO   ] 2025-10-19T04:58:09.283Z [DEBUG] [Middleware] Username check: {"path":"/workflows/builder/8340b576-0b3d-4af6-8e9b-8769b61147d1","userId":"a3e3a51a-175c-4b59-ad03-227ba12a18b0","provider":"email","role":"admin","username":"nstoddard17","hasUsername":true,"isBetaTester":false,"isNewBetaUser":false,"accountAge":12283201884}
[2025-10-19T04:58:09.488Z] [INFO   ] 2025-10-19T04:58:09.488Z [DEBUG] [Username Check] {"userId":"a3e3a51a-175c-4b59-ad03-227ba12a18b0","hasEmail":true,"provider":"email","hasUsername":true,"isGoogleUser":false}
[2025-10-19T04:58:21.971Z] [INFO   ]  [32m[1m✓[22m[39m Compiled in 347ms (1558 modules)
[2025-10-19T04:58:21.999Z] [WARN   ]  [33m[1m⚠[22m[39m Fast Refresh had to perform a full reload due to a runtime error.
[2025-10-19T04:58:22.210Z] [INFO   ] 2025-10-19T04:58:22.210Z [DEBUG] [Middleware] Username check: {"path":"/workflows/builder/8340b576-0b3d-4af6-8e9b-8769b61147d1","userId":"a3e3a51a-175c-4b59-ad03-227ba12a18b0","provider":"email","role":"admin","username":"nstoddard17","hasUsername":true,"isBetaTester":false,"isNewBetaUser":false,"accountAge":12283214811}
[2025-10-19T04:58:22.380Z] [INFO   ] 2025-10-19T04:58:22.380Z [DEBUG] 💧 [AUTH] Rehydrating auth state from storage {"hasState":true,"hasUser":false,"initialized":false,"timestamp":"2025-10-19T04:58:22.380Z"}
[2025-10-19T04:58:22.391Z] [INFO   ] 2025-10-19T04:58:22.391Z [DEBUG] 💧 [AUTH] State hydrated and reset {"hasUser":false,"initialized":false,"timestamp":"2025-10-19T04:58:22.391Z"}
[2025-10-19T04:58:22.391Z] [INFO   ] 2025-10-19T04:58:22.391Z [DEBUG] ⏭️ [AUTH] Skipping initialization {"hasState":true,"alreadyInitialized":false,"isClient":false,"timestamp":"2025-10-19T04:58:22.391Z"}
[2025-10-19T04:58:22.617Z] [INFO   ] 2025-10-19T04:58:22.617Z [DEBUG] [Username Check] {"userId":"a3e3a51a-175c-4b59-ad03-227ba12a18b0","hasEmail":true,"provider":"email","hasUsername":true,"isGoogleUser":false}
[2025-10-19T04:58:23.625Z] [INFO   ] 2025-10-19T04:58:23.625Z [DEBUG] 📍 [API /api/integrations] GET request received {"timestamp":"2025-10-19T04:58:23.625Z","headers":{"referer":"check-console"}}
[2025-10-19T04:58:23.722Z] [INFO   ] 2025-10-19T04:58:23.722Z [DEBUG] ✅ [API /api/integrations] User authenticated {"userId":"a3e3a51a-175c-4b59-ad03-227ba12a18b0"}
[2025-10-19T04:58:23.826Z] [INFO   ] 2025-10-19T04:58:23.826Z [DEBUG] 📊 [API /api/integrations] Query result {"count":19,"error":null,"firstFew":[{"provider":"notion","status":"connected"},{"provider":"mailchimp","status":"connected"}]}
[2025-10-19T04:58:31.606Z] [INFO   ]  [32m[1m✓[22m[39m Compiled in 420ms (1558 modules)
[2025-10-19T04:58:31.813Z] [INFO   ] 2025-10-19T04:58:31.813Z [DEBUG] [Middleware] Username check: {"path":"/workflows/builder/8340b576-0b3d-4af6-8e9b-8769b61147d1","userId":"a3e3a51a-175c-4b59-ad03-227ba12a18b0","provider":"email","role":"admin","username":"nstoddard17","hasUsername":true,"isBetaTester":false,"isNewBetaUser":false,"accountAge":12283224414}
[2025-10-19T04:58:31.885Z] [INFO   ] 2025-10-19T04:58:31.885Z [DEBUG] [Username Check] {"userId":"a3e3a51a-175c-4b59-ad03-227ba12a18b0","hasEmail":true,"provider":"email","hasUsername":true,"isGoogleUser":false}
[2025-10-19T04:58:59.741Z] [INFO   ] 2025-10-19T04:58:59.741Z [DEBUG] [Middleware] Username check: {"path":"/workflows/builder/8340b576-0b3d-4af6-8e9b-8769b61147d1","userId":"a3e3a51a-175c-4b59-ad03-227ba12a18b0","provider":"email","role":"admin","username":"nstoddard17","hasUsername":true,"isBetaTester":false,"isNewBetaUser":false,"accountAge":12283252342}
[2025-10-19T04:59:00.083Z] [INFO   ] 2025-10-19T04:59:00.083Z [DEBUG] [Username Check] {"userId":"a3e3a51a-175c-4b59-ad03-227ba12a18b0","hasEmail":true,"provider":"email","hasUsername":true,"isGoogleUser":false}
[2025-10-19T04:59:00.482Z] [INFO   ] 2025-10-19T04:59:00.482Z [DEBUG] 📍 [API /api/integrations] GET request received {"timestamp":"2025-10-19T04:59:00.482Z","headers":{"referer":"check-console"}}
[2025-10-19T04:59:00.609Z] [INFO   ] 2025-10-19T04:59:00.609Z [DEBUG] ✅ [API /api/integrations] User authenticated {"userId":"a3e3a51a-175c-4b59-ad03-227ba12a18b0"}
[2025-10-19T04:59:00.732Z] [INFO   ] 2025-10-19T04:59:00.732Z [DEBUG] 📊 [API /api/integrations] Query result {"count":19,"error":null,"firstFew":[{"provider":"notion","status":"connected"},{"provider":"mailchimp","status":"connected"}]}
[2025-10-19T04:59:33.193Z] [INFO   ]  [32m[1m✓[22m[39m Compiled in 1689ms (5690 modules)
[2025-10-19T04:59:33.279Z] [WARN   ]  [33m[1m⚠[22m[39m Fast Refresh had to perform a full reload due to a runtime error.
[2025-10-19T04:59:33.433Z] [INFO   ] 2025-10-19T04:59:33.433Z [DEBUG] [Middleware] Username check: {"path":"/workflows/builder/8340b576-0b3d-4af6-8e9b-8769b61147d1","userId":"a3e3a51a-175c-4b59-ad03-227ba12a18b0","provider":"email","role":"admin","username":"nstoddard17","hasUsername":true,"isBetaTester":false,"isNewBetaUser":false,"accountAge":12283286034}
[2025-10-19T04:59:33.606Z] [INFO   ] 2025-10-19T04:59:33.605Z [DEBUG] [Username Check] {"userId":"a3e3a51a-175c-4b59-ad03-227ba12a18b0","hasEmail":true,"provider":"email","hasUsername":true,"isGoogleUser":false}
[2025-10-19T04:59:33.788Z] [INFO   ] 2025-10-19T04:59:33.788Z [DEBUG] [Middleware] Username check: {"path":"/workflows/builder/8340b576-0b3d-4af6-8e9b-8769b61147d1","userId":"a3e3a51a-175c-4b59-ad03-227ba12a18b0","provider":"email","role":"admin","username":"nstoddard17","hasUsername":true,"isBetaTester":false,"isNewBetaUser":false,"accountAge":12283286389}
[2025-10-19T04:59:33.927Z] [INFO   ] 2025-10-19T04:59:33.927Z [DEBUG] 💧 [AUTH] Rehydrating auth state from storage {"hasState":true,"hasUser":false,"initialized":false,"timestamp":"2025-10-19T04:59:33.927Z"}
[2025-10-19T04:59:33.937Z] [INFO   ] 2025-10-19T04:59:33.937Z [DEBUG] 💧 [AUTH] State hydrated and reset {"hasUser":false,"initialized":false,"timestamp":"2025-10-19T04:59:33.937Z"}
[2025-10-19T04:59:33.937Z] [INFO   ] 2025-10-19T04:59:33.937Z [DEBUG] ⏭️ [AUTH] Skipping initialization {"hasState":true,"alreadyInitialized":false,"isClient":false,"timestamp":"2025-10-19T04:59:33.937Z"}
[2025-10-19T04:59:34.163Z] [INFO   ] 2025-10-19T04:59:34.163Z [DEBUG] [Username Check] {"userId":"a3e3a51a-175c-4b59-ad03-227ba12a18b0","hasEmail":true,"provider":"email","hasUsername":true,"isGoogleUser":false}
[2025-10-19T04:59:35.827Z] [INFO   ] 2025-10-19T04:59:35.827Z [DEBUG] 📍 [API /api/integrations] GET request received {"timestamp":"2025-10-19T04:59:35.827Z","headers":{"referer":"check-console"}}
[2025-10-19T04:59:35.896Z] [INFO   ] 2025-10-19T04:59:35.896Z [DEBUG] ✅ [API /api/integrations] User authenticated {"userId":"a3e3a51a-175c-4b59-ad03-227ba12a18b0"}
[2025-10-19T04:59:35.979Z] [INFO   ] 2025-10-19T04:59:35.979Z [DEBUG] 📊 [API /api/integrations] Query result {"count":19,"error":null,"firstFew":[{"provider":"notion","status":"connected"},{"provider":"mailchimp","status":"connected"}]}
[2025-10-19T04:59:52.851Z] [INFO   ]  [32m[1m✓[22m[39m Compiled in 331ms (1558 modules)
[2025-10-19T04:59:53.073Z] [INFO   ] 2025-10-19T04:59:53.073Z [DEBUG] [Middleware] Username check: {"path":"/workflows/builder/8340b576-0b3d-4af6-8e9b-8769b61147d1","userId":"a3e3a51a-175c-4b59-ad03-227ba12a18b0","provider":"email","role":"admin","username":"nstoddard17","hasUsername":true,"isBetaTester":false,"isNewBetaUser":false,"accountAge":12283305674}
[2025-10-19T04:59:53.165Z] [INFO   ] 2025-10-19T04:59:53.165Z [DEBUG] [Username Check] {"userId":"a3e3a51a-175c-4b59-ad03-227ba12a18b0","hasEmail":true,"provider":"email","hasUsername":true,"isGoogleUser":false}
[2025-10-19T05:10:40.525Z] [INFO   ] 2025-10-19T05:10:40.524Z [DEBUG] [Middleware] Username check: {"path":"/workflows/builder/8340b576-0b3d-4af6-8e9b-8769b61147d1","userId":"a3e3a51a-175c-4b59-ad03-227ba12a18b0","provider":"email","role":"admin","username":"nstoddard17","hasUsername":true,"isBetaTester":false,"isNewBetaUser":false,"accountAge":12283953125}
[2025-10-19T05:10:40.950Z] [INFO   ] 2025-10-19T05:10:40.950Z [DEBUG] [Username Check] {"userId":"a3e3a51a-175c-4b59-ad03-227ba12a18b0","hasEmail":true,"provider":"email","hasUsername":true,"isGoogleUser":false}
[2025-10-19T05:10:42.088Z] [INFO   ] 2025-10-19T05:10:42.088Z [DEBUG] 📍 [API /api/integrations] GET request received {"timestamp":"2025-10-19T05:10:42.088Z","headers":{"referer":"check-console"}}
[2025-10-19T05:10:42.218Z] [INFO   ] 2025-10-19T05:10:42.218Z [DEBUG] ✅ [API /api/integrations] User authenticated {"userId":"a3e3a51a-175c-4b59-ad03-227ba12a18b0"}
[2025-10-19T05:10:42.349Z] [INFO   ] 2025-10-19T05:10:42.349Z [DEBUG] 📊 [API /api/integrations] Query result {"count":19,"error":null,"firstFew":[{"provider":"notion","status":"connected"},{"provider":"mailchimp","status":"connected"}]}
[2025-10-19T05:11:35.587Z] [INFO   ]  [32m[1m✓[22m[39m Compiled in 2.4s (5688 modules)
[2025-10-19T05:11:35.709Z] [WARN   ]  [33m[1m⚠[22m[39m Fast Refresh had to perform a full reload due to a runtime error.
[2025-10-19T05:11:35.977Z] [INFO   ]  [32m[1m✓[22m[39m Compiled /api/collaboration/leave in 243ms (4132 modules)
[2025-10-19T05:11:36.221Z] [INFO   ] 2025-10-19T05:11:36.221Z [DEBUG] [Middleware] Username check: {"path":"/workflows/builder/8340b576-0b3d-4af6-8e9b-8769b61147d1","userId":"a3e3a51a-175c-4b59-ad03-227ba12a18b0","provider":"email","role":"admin","username":"nstoddard17","hasUsername":true,"isBetaTester":false,"isNewBetaUser":false,"accountAge":12284008822}
[2025-10-19T05:11:36.387Z] [INFO   ] 2025-10-19T05:11:36.387Z [DEBUG] [Username Check] {"userId":"a3e3a51a-175c-4b59-ad03-227ba12a18b0","hasEmail":true,"provider":"email","hasUsername":true,"isGoogleUser":false}
[2025-10-19T05:11:36.395Z] [INFO   ] 2025-10-19T05:11:36.395Z [DEBUG] [Middleware] Username check: {"path":"/workflows/builder/8340b576-0b3d-4af6-8e9b-8769b61147d1","userId":"a3e3a51a-175c-4b59-ad03-227ba12a18b0","provider":"email","role":"admin","username":"nstoddard17","hasUsername":true,"isBetaTester":false,"isNewBetaUser":false,"accountAge":12284008996}
[2025-10-19T05:11:36.505Z] [INFO   ] 2025-10-19T05:11:36.505Z [DEBUG] 💧 [AUTH] Rehydrating auth state from storage {"hasState":true,"hasUser":false,"initialized":false,"timestamp":"2025-10-19T05:11:36.505Z"}
[2025-10-19T05:11:36.515Z] [INFO   ] 2025-10-19T05:11:36.515Z [DEBUG] 💧 [AUTH] State hydrated and reset {"hasUser":false,"initialized":false,"timestamp":"2025-10-19T05:11:36.515Z"}
[2025-10-19T05:11:36.515Z] [INFO   ] 2025-10-19T05:11:36.515Z [DEBUG] ⏭️ [AUTH] Skipping initialization {"hasState":true,"alreadyInitialized":false,"isClient":false,"timestamp":"2025-10-19T05:11:36.515Z"}
[2025-10-19T05:11:36.890Z] [INFO   ] 2025-10-19T05:11:36.890Z [DEBUG] [Username Check] {"userId":"a3e3a51a-175c-4b59-ad03-227ba12a18b0","hasEmail":true,"provider":"email","hasUsername":true,"isGoogleUser":false}
[2025-10-19T05:11:41.513Z] [INFO   ] 2025-10-19T05:11:41.513Z [DEBUG] 📍 [API /api/integrations] GET request received {"timestamp":"2025-10-19T05:11:41.513Z","headers":{"referer":"check-console"}}
[2025-10-19T05:11:41.610Z] [INFO   ] 2025-10-19T05:11:41.610Z [DEBUG] ✅ [API /api/integrations] User authenticated {"userId":"a3e3a51a-175c-4b59-ad03-227ba12a18b0"}
[2025-10-19T05:11:41.753Z] [INFO   ] 2025-10-19T05:11:41.753Z [DEBUG] 📊 [API /api/integrations] Query result {"count":19,"error":null,"firstFew":[{"provider":"notion","status":"connected"},{"provider":"mailchimp","status":"connected"}]}
[2025-10-19T05:19:34.100Z] [INFO   ] 2025-10-19T05:19:34.100Z [DEBUG] [Middleware] Username check: {"path":"/workflows/builder/8340b576-0b3d-4af6-8e9b-8769b61147d1","userId":"a3e3a51a-175c-4b59-ad03-227ba12a18b0","provider":"email","role":"admin","username":"nstoddard17","hasUsername":true,"isBetaTester":false,"isNewBetaUser":false,"accountAge":12284486701}
[2025-10-19T05:19:34.477Z] [INFO   ] 2025-10-19T05:19:34.476Z [DEBUG] [Username Check] {"userId":"a3e3a51a-175c-4b59-ad03-227ba12a18b0","hasEmail":true,"provider":"email","hasUsername":true,"isGoogleUser":false}
[2025-10-19T05:19:35.643Z] [INFO   ] 2025-10-19T05:19:35.643Z [DEBUG] 📍 [API /api/integrations] GET request received {"timestamp":"2025-10-19T05:19:35.643Z","headers":{"referer":"check-console"}}
[2025-10-19T05:19:35.773Z] [INFO   ] 2025-10-19T05:19:35.773Z [DEBUG] ✅ [API /api/integrations] User authenticated {"userId":"a3e3a51a-175c-4b59-ad03-227ba12a18b0"}
[2025-10-19T05:19:35.922Z] [INFO   ] 2025-10-19T05:19:35.922Z [DEBUG] 📊 [API /api/integrations] Query result {"count":19,"error":null,"firstFew":[{"provider":"notion","status":"connected"},{"provider":"mailchimp","status":"connected"}]}
[2025-10-19T05:20:17.767Z] [INFO   ]  [32m[1m✓[22m[39m Compiled in 1303ms (5688 modules)
[2025-10-19T05:20:17.989Z] [INFO   ] 2025-10-19T05:20:17.989Z [DEBUG] [Middleware] Username check: {"path":"/workflows/builder/8340b576-0b3d-4af6-8e9b-8769b61147d1","userId":"a3e3a51a-175c-4b59-ad03-227ba12a18b0","provider":"email","role":"admin","username":"nstoddard17","hasUsername":true,"isBetaTester":false,"isNewBetaUser":false,"accountAge":12284530590}
[2025-10-19T05:20:18.203Z] [INFO   ] 2025-10-19T05:20:18.203Z [DEBUG] [Username Check] {"userId":"a3e3a51a-175c-4b59-ad03-227ba12a18b0","hasEmail":true,"provider":"email","hasUsername":true,"isGoogleUser":false}
[2025-10-19T05:20:18.598Z] [INFO   ]  [32m[1m✓[22m[39m Compiled /api/collaboration/leave in 275ms (4132 modules)
[2025-10-19T05:20:21.470Z] [INFO   ]  [32m[1m✓[22m[39m Compiled in 574ms (5690 modules)
[2025-10-19T05:20:21.647Z] [INFO   ] 2025-10-19T05:20:21.647Z [DEBUG] [Middleware] Username check: {"path":"/workflows/builder/8340b576-0b3d-4af6-8e9b-8769b61147d1","userId":"a3e3a51a-175c-4b59-ad03-227ba12a18b0","provider":"email","role":"admin","username":"nstoddard17","hasUsername":true,"isBetaTester":false,"isNewBetaUser":false,"accountAge":12284534248}
[2025-10-19T05:20:21.922Z] [INFO   ] 2025-10-19T05:20:21.922Z [DEBUG] 💧 [AUTH] Rehydrating auth state from storage {"hasState":true,"hasUser":false,"initialized":false,"timestamp":"2025-10-19T05:20:21.922Z"}
[2025-10-19T05:20:21.932Z] [INFO   ] 2025-10-19T05:20:21.932Z [DEBUG] 💧 [AUTH] State hydrated and reset {"hasUser":false,"initialized":false,"timestamp":"2025-10-19T05:20:21.932Z"}
[2025-10-19T05:20:21.932Z] [INFO   ] 2025-10-19T05:20:21.932Z [DEBUG] ⏭️ [AUTH] Skipping initialization {"hasState":true,"alreadyInitialized":false,"isClient":false,"timestamp":"2025-10-19T05:20:21.932Z"}
[2025-10-19T05:20:22.186Z] [INFO   ] 2025-10-19T05:20:22.186Z [DEBUG] [Username Check] {"userId":"a3e3a51a-175c-4b59-ad03-227ba12a18b0","hasEmail":true,"provider":"email","hasUsername":true,"isGoogleUser":false}
[2025-10-19T05:20:22.970Z] [WARN   ]  [33m[1m⚠[22m[39m Fast Refresh had to perform a full reload due to a runtime error.
[2025-10-19T05:20:28.437Z] [INFO   ]  [32m[1m✓[22m[39m Compiled in 959ms (5690 modules)
[2025-10-19T05:20:28.489Z] [INFO   ] 2025-10-19T05:20:28.489Z [DEBUG] 📍 [API /api/integrations] GET request received {"timestamp":"2025-10-19T05:20:28.489Z","headers":{"referer":"check-console"}}
[2025-10-19T05:20:28.602Z] [INFO   ] 2025-10-19T05:20:28.602Z [DEBUG] ✅ [API /api/integrations] User authenticated {"userId":"a3e3a51a-175c-4b59-ad03-227ba12a18b0"}
[2025-10-19T05:20:28.703Z] [INFO   ] 2025-10-19T05:20:28.702Z [DEBUG] [Middleware] Username check: {"path":"/workflows/builder/8340b576-0b3d-4af6-8e9b-8769b61147d1","userId":"a3e3a51a-175c-4b59-ad03-227ba12a18b0","provider":"email","role":"admin","username":"nstoddard17","hasUsername":true,"isBetaTester":false,"isNewBetaUser":false,"accountAge":12284541303}
[2025-10-19T05:20:28.759Z] [INFO   ] 2025-10-19T05:20:28.759Z [DEBUG] 📊 [API /api/integrations] Query result {"count":19,"error":null,"firstFew":[{"provider":"notion","status":"connected"},{"provider":"mailchimp","status":"connected"}]}
[2025-10-19T05:20:28.867Z] [INFO   ] 2025-10-19T05:20:28.867Z [DEBUG] [Username Check] {"userId":"a3e3a51a-175c-4b59-ad03-227ba12a18b0","hasEmail":true,"provider":"email","hasUsername":true,"isGoogleUser":false}
[2025-10-19T05:20:44.425Z] [INFO   ]  [32m[1m✓[22m[39m Compiled in 643ms (5690 modules)
[2025-10-19T05:20:44.648Z] [INFO   ] 2025-10-19T05:20:44.648Z [DEBUG] [Middleware] Username check: {"path":"/workflows/builder/8340b576-0b3d-4af6-8e9b-8769b61147d1","userId":"a3e3a51a-175c-4b59-ad03-227ba12a18b0","provider":"email","role":"admin","username":"nstoddard17","hasUsername":true,"isBetaTester":false,"isNewBetaUser":false,"accountAge":12284557249}
[2025-10-19T05:20:44.807Z] [INFO   ] 2025-10-19T05:20:44.806Z [DEBUG] [Username Check] {"userId":"a3e3a51a-175c-4b59-ad03-227ba12a18b0","hasEmail":true,"provider":"email","hasUsername":true,"isGoogleUser":false}
