=== Log Session Started: 2025-10-19T16:38:36.363Z ===
Node Version: v23.7.0
Platform: darwin
Working Directory: /Users/nathanielstoddard/chainreact-app/chainreact-app-9e
================================================================================

[2025-10-19T16:38:36.364Z] [INFO   ] File logging initialized
[2025-10-19T16:38:36.364Z] [INFO   ] Log file: /Users/nathanielstoddard/chainreact-app/chainreact-app-9e/logs/workflow_2025-10-19_11-38-36.log
[2025-10-19T16:38:36.366Z] [INFO   ] 📁 File logging enabled
[2025-10-19T16:38:36.366Z] [INFO   ] 📝 Logs will be written to: /Users/nathanielstoddard/chainreact-app/chainreact-app-9e/logs/workflow_2025-10-19_11-38-36.log
[2025-10-19T16:38:36.366Z] [INFO   ] 💡 To view logs in real-time: tail -f /Users/nathanielstoddard/chainreact-app/chainreact-app-9e/logs/workflow_2025-10-19_11-38-36.log
[2025-10-19T16:38:36.366Z] [INFO   ] 💡 To view all logs: cat /Users/nathanielstoddard/chainreact-app/chainreact-app-9e/logs/workflow_2025-10-19_11-38-36.log
[2025-10-19T16:38:36.366Z] [INFO   ] 💡 To share logs: Copy the file at /Users/nathanielstoddard/chainreact-app/chainreact-app-9e/logs/workflow_2025-10-19_11-38-36.log
[2025-10-19T16:38:36.366Z] [INFO   ] --------------------------------------------------------------------------------
[2025-10-19T16:38:36.367Z] [DEBUG  ] 📁 File logging system initialized
[2025-10-19T16:38:36.380Z] [INFO   ]  [32m[1m✓[22m[39m Ready in 2.9s
[2025-10-19T16:38:37.411Z] [INFO   ] 2025-10-19T16:38:37.411Z [DEBUG] 🤖 Discord bot configured, initializing gateway connection in background...
[2025-10-19T16:38:39.473Z] [INFO   ] 2025-10-19T16:38:39.473Z [DEBUG] Initializing Discord Gateway connection (singleton)...
[2025-10-19T16:38:39.473Z] [INFO   ] 2025-10-19T16:38:39.473Z [DEBUG] 🔑 Discord bot token loaded
[2025-10-19T16:38:39.705Z] [INFO   ] 2025-10-19T16:38:39.705Z [DEBUG] Discord Gateway initialization complete
[2025-10-19T16:38:39.707Z] [INFO   ] 2025-10-19T16:38:39.707Z [DEBUG] ✅ Discord bot gateway connection initialized
[2025-10-19T16:38:39.889Z] [INFO   ] 2025-10-19T16:38:39.889Z [DEBUG] Discord Gateway WebSocket connection established
[2025-10-19T16:38:39.890Z] [INFO   ] 2025-10-19T16:38:39.890Z [DEBUG] 🔑 Sending identify with intents: {"GUILDS":true,"GUILD_MEMBERS":true,"GUILD_INVITES":true,"GUILD_MESSAGES":true,"MESSAGE_CONTENT":true,"intentsValue":33347}
[2025-10-19T16:38:40.064Z] [INFO   ] 2025-10-19T16:38:40.064Z [DEBUG] 🎉 Discord bot ready! {"sessionId":"a3b5c0fee7b9491609d19afbbbc2f5a0","username":"ChainReact-Bot","userId":"1378595955212812308","guildCount":2}
[2025-10-19T16:38:40.064Z] [INFO   ] 2025-10-19T16:38:40.064Z [DEBUG] 📋 Initializing invite cache...
[2025-10-19T16:38:40.067Z] [INFO   ] 2025-10-19T16:38:40.066Z [DEBUG] 📡 Discord event received: GUILD_CREATE
[2025-10-19T16:38:40.069Z] [INFO   ] 2025-10-19T16:38:40.069Z [DEBUG] 📡 Discord event received: GUILD_CREATE
[2025-10-19T16:38:40.431Z] [INFO   ] 2025-10-19T16:38:40.431Z [DEBUG] ✅ Cached 3 invites for guild 1378950884045623406
[2025-10-19T16:43:31.596Z] [INFO   ]  [37m[1m○[22m[39m Compiling /ai-assistant ...
[2025-10-19T16:43:34.883Z] [INFO   ]  [32m[1m✓[22m[39m Compiled /ai-assistant in 4s (3968 modules)
[2025-10-19T16:43:35.246Z] [INFO   ] 2025-10-19T16:43:35.245Z [DEBUG] 💧 [AUTH] Rehydrating auth state from storage {"hasState":true,"hasUser":false,"initialized":false,"timestamp":"2025-10-19T16:43:35.245Z"}
[2025-10-19T16:43:35.249Z] [INFO   ] 2025-10-19T16:43:35.249Z [DEBUG] 💧 [AUTH] State hydrated and reset {"hasUser":false,"initialized":false,"timestamp":"2025-10-19T16:43:35.249Z"}
[2025-10-19T16:43:35.249Z] [INFO   ] 2025-10-19T16:43:35.249Z [DEBUG] ⏭️ [AUTH] Skipping initialization {"hasState":true,"alreadyInitialized":false,"isClient":false,"timestamp":"2025-10-19T16:43:35.249Z"}
[2025-10-19T16:43:35.511Z] [INFO   ]  [32m[1m✓[22m[39m Compiled in 615ms (716 modules)
[2025-10-19T16:43:36.065Z] [INFO   ] 2025-10-19T16:43:36.065Z [DEBUG] [Username Check] {"userId":"a3e3a51a-175c-4b59-ad03-227ba12a18b0","hasEmail":true,"provider":"email","hasUsername":true,"isGoogleUser":false}
[2025-10-19T16:43:37.236Z] [INFO   ]  [37m[1m○[22m[39m Compiling /api/presence/count ...
[2025-10-19T16:43:38.246Z] [INFO   ]  [32m[1m✓[22m[39m Compiled /api/presence/count in 1516ms (4213 modules)
[2025-10-19T16:43:42.032Z] [INFO   ]  [32m[1m✓[22m[39m Compiled /api/integrations in 307ms (3982 modules)
[2025-10-19T16:43:42.189Z] [INFO   ] 2025-10-19T16:43:42.189Z [DEBUG] 📍 [API /api/integrations] GET request received {"timestamp":"2025-10-19T16:43:42.189Z","headers":{"referer":"check-console"}}
[2025-10-19T16:43:42.322Z] [INFO   ] 2025-10-19T16:43:42.322Z [DEBUG] ✅ [API /api/integrations] User authenticated {"userId":"a3e3a51a-175c-4b59-ad03-227ba12a18b0"}
[2025-10-19T16:43:42.513Z] [INFO   ] 2025-10-19T16:43:42.513Z [DEBUG] 📊 [API /api/integrations] Query result {"count":19,"error":null,"firstFew":[{"provider":"notion","status":"connected"},{"provider":"mailchimp","status":"connected"}]}
[2025-10-19T16:43:58.730Z] [INFO   ]  [32m[1m✓[22m[39m Compiled in 354ms (717 modules)
[2025-10-19T16:43:58.914Z] [INFO   ] 2025-10-19T16:43:58.914Z [DEBUG] [Username Check] {"userId":"a3e3a51a-175c-4b59-ad03-227ba12a18b0","hasEmail":true,"provider":"email","hasUsername":true,"isGoogleUser":false}
[2025-10-19T16:44:16.076Z] [INFO   ] 2025-10-19T16:44:16.075Z [DEBUG] [Middleware] Username check: {"path":"/workflows","userId":"a3e3a51a-175c-4b59-ad03-227ba12a18b0","provider":"email","role":"admin","username":"nstoddard17","hasUsername":true,"isBetaTester":false,"isNewBetaUser":false,"accountAge":12325568676}
[2025-10-19T16:44:16.615Z] [INFO   ]  [37m[1m○[22m[39m Compiling /workflows ...
[2025-10-19T16:44:16.967Z] [INFO   ]  [32m[1m✓[22m[39m Compiled /workflows in 852ms (4143 modules)
[2025-10-19T16:44:17.260Z] [INFO   ] 2025-10-19T16:44:17.260Z [DEBUG] 💧 [AUTH] Rehydrating auth state from storage {"hasState":true,"hasUser":false,"initialized":false,"timestamp":"2025-10-19T16:44:17.260Z"}
[2025-10-19T16:44:17.263Z] [INFO   ] 2025-10-19T16:44:17.263Z [DEBUG] 💧 [AUTH] State hydrated and reset {"hasUser":false,"initialized":false,"timestamp":"2025-10-19T16:44:17.263Z"}
[2025-10-19T16:44:17.263Z] [INFO   ] 2025-10-19T16:44:17.263Z [DEBUG] ⏭️ [AUTH] Skipping initialization {"hasState":true,"alreadyInitialized":false,"isClient":false,"timestamp":"2025-10-19T16:44:17.263Z"}
[2025-10-19T16:44:17.495Z] [INFO   ] 2025-10-19T16:44:17.494Z [DEBUG] [Username Check] {"userId":"a3e3a51a-175c-4b59-ad03-227ba12a18b0","hasEmail":true,"provider":"email","hasUsername":true,"isGoogleUser":false}
[2025-10-19T16:44:18.541Z] [INFO   ]  [37m[1m○[22m[39m Compiling /api/analytics/workflow-stats ...
[2025-10-19T16:44:19.011Z] [INFO   ]  [32m[1m✓[22m[39m Compiled /api/analytics/workflow-stats in 979ms (4149 modules)
[2025-10-19T16:44:19.475Z] [INFO   ] 2025-10-19T16:44:19.475Z [DEBUG] 💧 [AUTH] Rehydrating auth state from storage {"hasState":true,"hasUser":false,"initialized":false,"timestamp":"2025-10-19T16:44:19.475Z"}
[2025-10-19T16:44:19.479Z] [INFO   ] 2025-10-19T16:44:19.479Z [DEBUG] 💧 [AUTH] State hydrated and reset {"hasUser":false,"initialized":false,"timestamp":"2025-10-19T16:44:19.479Z"}
[2025-10-19T16:44:19.479Z] [INFO   ] 2025-10-19T16:44:19.479Z [DEBUG] ⏭️ [AUTH] Skipping initialization {"hasState":true,"alreadyInitialized":false,"isClient":false,"timestamp":"2025-10-19T16:44:19.479Z"}
[2025-10-19T16:44:19.782Z] [INFO   ] 2025-10-19T16:44:19.782Z [DEBUG] [Username Check] {"userId":"a3e3a51a-175c-4b59-ad03-227ba12a18b0","hasEmail":true,"provider":"email","hasUsername":true,"isGoogleUser":false}
[2025-10-19T16:44:23.711Z] [INFO   ] 2025-10-19T16:44:23.711Z [DEBUG] 📍 [API /api/integrations] GET request received {"timestamp":"2025-10-19T16:44:23.711Z","headers":{"referer":"check-console"}}
[2025-10-19T16:44:23.789Z] [INFO   ] 2025-10-19T16:44:23.789Z [DEBUG] ✅ [API /api/integrations] User authenticated {"userId":"a3e3a51a-175c-4b59-ad03-227ba12a18b0"}
[2025-10-19T16:44:23.914Z] [INFO   ] 2025-10-19T16:44:23.914Z [DEBUG] 📊 [API /api/integrations] Query result {"count":19,"error":null,"firstFew":[{"provider":"notion","status":"connected"},{"provider":"mailchimp","status":"connected"}]}
[2025-10-19T16:44:39.486Z] [INFO   ]  [32m[1m✓[22m[39m Compiled in 789ms (4037 modules)
[2025-10-19T16:44:39.718Z] [INFO   ] 2025-10-19T16:44:39.718Z [DEBUG] [Username Check] {"userId":"a3e3a51a-175c-4b59-ad03-227ba12a18b0","hasEmail":true,"provider":"email","hasUsername":true,"isGoogleUser":false}
[2025-10-19T16:44:57.041Z] [INFO   ]  [32m[1m✓[22m[39m Compiled in 992ms (4037 modules)
[2025-10-19T16:44:57.214Z] [INFO   ] 2025-10-19T16:44:57.214Z [DEBUG] [Username Check] {"userId":"a3e3a51a-175c-4b59-ad03-227ba12a18b0","hasEmail":true,"provider":"email","hasUsername":true,"isGoogleUser":false}
[2025-10-19T16:49:20.868Z] [ERROR  ]  [31m[1m⨯[22m[39m Cannot find module './95873.js'
Require stack:
- /Users/nathanielstoddard/chainreact-app/chainreact-app-9e/.next/server/webpack-runtime.js
- /Users/nathanielstoddard/chainreact-app/chainreact-app-9e/.next/server/app/ai-assistant/page.js
- /Users/nathanielstoddard/chainreact-app/chainreact-app-9e/node_modules/next/dist/server/require.js
- /Users/nathanielstoddard/chainreact-app/chainreact-app-9e/node_modules/next/dist/server/load-components.js
- /Users/nathanielstoddard/chainreact-app/chainreact-app-9e/node_modules/next/dist/build/utils.js
- /Users/nathanielstoddard/chainreact-app/chainreact-app-9e/node_modules/next/dist/build/swc/options.js
- /Users/nathanielstoddard/chainreact-app/chainreact-app-9e/node_modules/next/dist/build/swc/index.js
- /Users/nathanielstoddard/chainreact-app/chainreact-app-9e/node_modules/next/dist/build/analysis/parse-module.js
- /Users/nathanielstoddard/chainreact-app/chainreact-app-9e/node_modules/next/dist/build/analysis/get-page-static-info.js
- /Users/nathanielstoddard/chainreact-app/chainreact-app-9e/node_modules/next/dist/server/lib/router-utils/setup-dev-bundler.js
- /Users/nathanielstoddard/chainreact-app/chainreact-app-9e/node_modules/next/dist/server/lib/router-server.js
- /Users/nathanielstoddard/chainreact-app/chainreact-app-9e/node_modules/next/dist/server/lib/start-server.js
Error: Cannot find module './95873.js'
Require stack:
- /Users/nathanielstoddard/chainreact-app/chainreact-app-9e/.next/server/webpack-runtime.js
- /Users/nathanielstoddard/chainreact-app/chainreact-app-9e/.next/server/app/ai-assistant/page.js
- /Users/nathanielstoddard/chainreact-app/chainreact-app-9e/node_modules/next/dist/server/require.js
- /Users/nathanielstoddard/chainreact-app/chainreact-app-9e/node_modules/next/dist/server/load-components.js
- /Users/nathanielstoddard/chainreact-app/chainreact-app-9e/node_modules/next/dist/build/utils.js
- /Users/nathanielstoddard/chainreact-app/chainreact-app-9e/node_modules/next/dist/build/swc/options.js
- /Users/nathanielstoddard/chainreact-app/chainreact-app-9e/node_modules/next/dist/build/swc/index.js
- /Users/nathanielstoddard/chainreact-app/chainreact-app-9e/node_modules/next/dist/build/analysis/parse-module.js
- /Users/nathanielstoddard/chainreact-app/chainreact-app-9e/node_modules/next/dist/build/analysis/get-page-static-info.js
- /Users/nathanielstoddard/chainreact-app/chainreact-app-9e/node_modules/next/dist/server/lib/router-utils/setup-dev-bundler.js
- /Users/nathanielstoddard/chainreact-app/chainreact-app-9e/node_modules/next/dist/server/lib/router-server.js
- /Users/nathanielstoddard/chainreact-app/chainreact-app-9e/node_modules/next/dist/server/lib/start-server.js
    at Function.<anonymous> (node:internal/modules/cjs/loader:1394:15)
    at /Users/nathanielstoddard/chainreact-app/chainreact-app-9e/node_modules/next/dist/server/require-hook.js:57:36
    at defaultResolveImpl (node:internal/modules/cjs/loader:1050:19)
    at resolveForCJSWithHooks (node:internal/modules/cjs/loader:1055:22)
    at Function._load (node:internal/modules/cjs/loader:1204:37)
    at TracingChannel.traceSync (node:diagnostics_channel:322:14)
    at wrapModuleLoad (node:internal/modules/cjs/loader:234:24)
    at Module.<anonymous> (node:internal/modules/cjs/loader:1480:12)
    at mod.require (/Users/nathanielstoddard/chainreact-app/chainreact-app-9e/node_modules/next/dist/server/require-hook.js:68:28)
    at require (node:internal/modules/helpers:135:16)
    at __webpack_require__.f.require (/Users/nathanielstoddard/chainreact-app/chainreact-app-9e/.next/server/webpack-runtime.js:200:28)
    at /Users/nathanielstoddard/chainreact-app/chainreact-app-9e/.next/server/webpack-runtime.js:108:40
    at Array.reduce (<anonymous>)
    at __webpack_require__.e (/Users/nathanielstoddard/chainreact-app/chainreact-app-9e/.next/server/webpack-runtime.js:107:67)
    at Array.map (<anonymous>)
    at __webpack_require__.X (/Users/nathanielstoddard/chainreact-app/chainreact-app-9e/.next/server/webpack-runtime.js:159:22)
    at /Users/nathanielstoddard/chainreact-app/chainreact-app-9e/.next/server/app/api/presence/count/route.js:1:10928
    at Object.<anonymous> (/Users/nathanielstoddard/chainreact-app/chainreact-app-9e/.next/server/app/api/presence/count/route.js:1:11006)
    at Module._compile (node:internal/modules/cjs/loader:1723:14)
    at Object..js (node:internal/modules/cjs/loader:1888:10)
    at Module.load (node:internal/modules/cjs/loader:1458:32)
    at Function._load (node:internal/modules/cjs/loader:1275:12)
    at TracingChannel.traceSync (node:diagnostics_channel:322:14)
    at wrapModuleLoad (node:internal/modules/cjs/loader:234:24)
    at Module.<anonymous> (node:internal/modules/cjs/loader:1480:12)
    at mod.require (/Users/nathanielstoddard/chainreact-app/chainreact-app-9e/node_modules/next/dist/server/require-hook.js:68:28)
    at require (node:internal/modules/helpers:135:16)
    at requirePage (/Users/nathanielstoddard/chainreact-app/chainreact-app-9e/node_modules/next/dist/server/require.js:99:80)
    at loadComponentsImpl (/Users/nathanielstoddard/chainreact-app/chainreact-app-9e/node_modules/next/dist/server/load-components.js:132:57)
    at async DevServer.findPageComponentsImpl (/Users/nathanielstoddard/chainreact-app/chainreact-app-9e/node_modules/next/dist/server/next-server.js:899:36)
    at async DevServer.findPageComponents (/Users/nathanielstoddard/chainreact-app/chainreact-app-9e/node_modules/next/dist/server/dev/next-dev-server.js:705:16)
    at async DevServer.renderPageComponent (/Users/nathanielstoddard/chainreact-app/chainreact-app-9e/node_modules/next/dist/server/base-server.js:1460:24)
    at async DevServer.renderToResponseImpl (/Users/nathanielstoddard/chainreact-app/chainreact-app-9e/node_modules/next/dist/server/base-server.js:1514:32)
    at async DevServer.pipeImpl (/Users/nathanielstoddard/chainreact-app/chainreact-app-9e/node_modules/next/dist/server/base-server.js:1025:25)
    at async NextNodeServer.handleCatchallRenderRequest (/Users/nathanielstoddard/chainreact-app/chainreact-app-9e/node_modules/next/dist/server/next-server.js:393:17)
    at async DevServer.handleRequestImpl (/Users/nathanielstoddard/chainreact-app/chainreact-app-9e/node_modules/next/dist/server/base-server.js:916:17)
    at async /Users/nathanielstoddard/chainreact-app/chainreact-app-9e/node_modules/next/dist/server/dev/next-dev-server.js:399:20
    at async Span.traceAsyncFn (/Users/nathanielstoddard/chainreact-app/chainreact-app-9e/node_modules/next/dist/trace/trace.js:157:20)
    at async DevServer.handleRequest (/Users/nathanielstoddard/chainreact-app/chainreact-app-9e/node_modules/next/dist/server/dev/next-dev-server.js:395:24)
    at async invokeRender (/Users/nathanielstoddard/chainreact-app/chainreact-app-9e/node_modules/next/dist/server/lib/router-server.js:240:21)
    at async handleRequest (/Users/nathanielstoddard/chainreact-app/chainreact-app-9e/node_modules/next/dist/server/lib/router-server.js:437:24)
    at async requestHandlerImpl (/Users/nathanielstoddard/chainreact-app/chainreact-app-9e/node_modules/next/dist/server/lib/router-server.js:485:13)
    at async Server.requestListener (/Users/nathanielstoddard/chainreact-app/chainreact-app-9e/node_modules/next/dist/server/lib/start-server.js:226:13)
[2025-10-19T16:49:21.477Z] [INFO   ]  [37m[1m○[22m[39m Compiling /_error ...
[2025-10-19T16:49:21.861Z] [INFO   ]  [32m[1m✓[22m[39m Compiled /_error in 990ms (4292 modules)
[2025-10-19T16:49:22.321Z] [INFO   ] 2025-10-19T16:49:22.321Z [DEBUG] [Username Check] {"userId":"a3e3a51a-175c-4b59-ad03-227ba12a18b0","hasEmail":true,"provider":"email","hasUsername":true,"isGoogleUser":false}
[2025-10-19T16:49:22.378Z] [INFO   ] 2025-10-19T16:49:22.378Z [DEBUG] [Username Check] {"userId":"a3e3a51a-175c-4b59-ad03-227ba12a18b0","hasEmail":true,"provider":"email","hasUsername":true,"isGoogleUser":false}
[2025-10-19T16:49:49.976Z] [INFO   ] 2025-10-19T16:49:49.976Z [DEBUG] 💧 [AUTH] Rehydrating auth state from storage {"hasState":true,"hasUser":false,"initialized":false,"timestamp":"2025-10-19T16:49:49.976Z"}
[2025-10-19T16:49:49.980Z] [INFO   ] 2025-10-19T16:49:49.980Z [DEBUG] 💧 [AUTH] State hydrated and reset {"hasUser":false,"initialized":false,"timestamp":"2025-10-19T16:49:49.980Z"}
[2025-10-19T16:49:49.980Z] [INFO   ] 2025-10-19T16:49:49.980Z [DEBUG] ⏭️ [AUTH] Skipping initialization {"hasState":true,"alreadyInitialized":false,"isClient":false,"timestamp":"2025-10-19T16:49:49.980Z"}
[2025-10-19T16:49:50.295Z] [INFO   ] 2025-10-19T16:49:50.295Z [DEBUG] [Username Check] {"userId":"a3e3a51a-175c-4b59-ad03-227ba12a18b0","hasEmail":true,"provider":"email","hasUsername":true,"isGoogleUser":false}

=== Log Session Ended: 2025-10-19T16:49:54.865Z ===
