=== Log Session Started: 2025-10-25T18:38:52.523Z ===
Node Version: v23.7.0
Platform: darwin
Working Directory: /Users/nathanielstoddard/chainreact-app/chainreact-app-9e
================================================================================

[2025-10-25T18:38:52.523Z] [INFO   ] File logging initialized
[2025-10-25T18:38:52.523Z] [INFO   ] Log file: /Users/nathanielstoddard/chainreact-app/chainreact-app-9e/logs/workflow_2025-10-25_13-38-52.log
[2025-10-25T18:38:52.530Z] [INFO   ] Deleted old log file: workflow_2025-10-17_22-00-35.log
[2025-10-25T18:38:52.530Z] [INFO   ] Deleted old log file: workflow_2025-10-18_08-10-47.log
[2025-10-25T18:38:52.531Z] [INFO   ] Deleted old log file: workflow_2025-10-18_11-03-48.log
[2025-10-25T18:38:52.531Z] [INFO   ] 📁 File logging enabled
[2025-10-25T18:38:52.531Z] [INFO   ] 📝 Logs will be written to: /Users/nathanielstoddard/chainreact-app/chainreact-app-9e/logs/workflow_2025-10-25_13-38-52.log
[2025-10-25T18:38:52.531Z] [INFO   ] 💡 To view logs in real-time: tail -f /Users/nathanielstoddard/chainreact-app/chainreact-app-9e/logs/workflow_2025-10-25_13-38-52.log
[2025-10-25T18:38:52.531Z] [INFO   ] 💡 To view all logs: cat /Users/nathanielstoddard/chainreact-app/chainreact-app-9e/logs/workflow_2025-10-25_13-38-52.log
[2025-10-25T18:38:52.531Z] [INFO   ] 💡 To share logs: Copy the file at /Users/nathanielstoddard/chainreact-app/chainreact-app-9e/logs/workflow_2025-10-25_13-38-52.log
[2025-10-25T18:38:52.531Z] [INFO   ] --------------------------------------------------------------------------------
[2025-10-25T18:38:52.531Z] [DEBUG  ] 📁 File logging system initialized
[2025-10-25T18:38:52.546Z] [INFO   ]  [32m[1m✓[22m[39m Ready in 2.9s
[2025-10-25T18:38:53.567Z] [INFO   ] 2025-10-25T18:38:53.567Z [DEBUG] 🤖 Discord bot configured, initializing gateway connection in background...
[2025-10-25T18:38:55.304Z] [INFO   ] 2025-10-25T18:38:55.304Z [DEBUG] Initializing Discord Gateway connection (singleton)...
[2025-10-25T18:38:55.305Z] [INFO   ] 2025-10-25T18:38:55.305Z [DEBUG] 🔑 Discord bot token loaded
[2025-10-25T18:38:55.530Z] [INFO   ] 2025-10-25T18:38:55.530Z [DEBUG] Discord Gateway initialization complete
[2025-10-25T18:38:55.532Z] [INFO   ] 2025-10-25T18:38:55.532Z [DEBUG] ✅ Discord bot gateway connection initialized
[2025-10-25T18:38:55.704Z] [INFO   ] 2025-10-25T18:38:55.703Z [DEBUG] Discord Gateway WebSocket connection established
[2025-10-25T18:38:55.704Z] [INFO   ] 2025-10-25T18:38:55.704Z [DEBUG] 🔑 Sending identify with intents: {"GUILDS":true,"GUILD_MEMBERS":true,"GUILD_INVITES":true,"GUILD_MESSAGES":true,"MESSAGE_CONTENT":true,"intentsValue":33347}
[2025-10-25T18:38:55.878Z] [INFO   ] 2025-10-25T18:38:55.878Z [DEBUG] 🎉 Discord bot ready! {"sessionId":"832ecd9441a065802e82297b143377f8","username":"ChainReact-Bot","userId":"1378595955212812308","guildCount":2}
[2025-10-25T18:38:55.879Z] [INFO   ] 2025-10-25T18:38:55.878Z [DEBUG] 📋 Initializing invite cache...
[2025-10-25T18:38:55.880Z] [INFO   ] 2025-10-25T18:38:55.880Z [DEBUG] 📡 Discord event received: GUILD_CREATE
[2025-10-25T18:38:55.890Z] [INFO   ] 2025-10-25T18:38:55.890Z [DEBUG] 📡 Discord event received: GUILD_CREATE
[2025-10-25T18:38:56.064Z] [INFO   ] 2025-10-25T18:38:56.064Z [DEBUG] ✅ Cached 3 invites for guild 1378950884045623406
[2025-10-25T18:38:58.000Z] [INFO   ]  [32m[1m✓[22m[39m Compiled /middleware in 197ms (233 modules)
[2025-10-25T18:38:58.330Z] [INFO   ] 2025-10-25T18:38:58.330Z [DEBUG] [Middleware] Username check: {"path":"/workflows/ai-agent","userId":"a3e3a51a-175c-4b59-ad03-227ba12a18b0","provider":"email","role":"free","username":"nstoddard17","hasUsername":true,"isBetaTester":false,"isNewBetaUser":false,"accountAge":12850850931}
[2025-10-25T18:38:58.868Z] [INFO   ]  [37m[1m○[22m[39m Compiling /workflows/ai-agent ...
[2025-10-25T18:39:01.948Z] [INFO   ]  [32m[1m✓[22m[39m Compiled /workflows/ai-agent in 3.6s (3725 modules)
[2025-10-25T18:39:02.336Z] [INFO   ] 2025-10-25T18:39:02.336Z [DEBUG] 💧 [AUTH] Rehydrating auth state from storage {"hasState":true,"hasUser":false,"initialized":false,"timestamp":"2025-10-25T18:39:02.336Z"}
[2025-10-25T18:39:02.338Z] [INFO   ] 2025-10-25T18:39:02.338Z [DEBUG] 💧 [AUTH] State hydrated and reset {"hasUser":false,"initialized":false,"timestamp":"2025-10-25T18:39:02.338Z"}
[2025-10-25T18:39:02.339Z] [INFO   ] 2025-10-25T18:39:02.338Z [DEBUG] ⏭️ [AUTH] Skipping initialization {"hasState":true,"alreadyInitialized":false,"isClient":false,"timestamp":"2025-10-25T18:39:02.338Z"}
[2025-10-25T18:39:03.118Z] [INFO   ]  [32m[1m✓[22m[39m Compiled in 1155ms (597 modules)
[2025-10-25T18:39:03.145Z] [INFO   ] 2025-10-25T18:39:03.145Z [DEBUG] [Username Check] {"userId":"a3e3a51a-175c-4b59-ad03-227ba12a18b0","hasEmail":true,"provider":"email","hasUsername":true,"isGoogleUser":false}
[2025-10-25T18:39:04.038Z] [INFO   ]  [37m[1m○[22m[39m Compiling /api/presence/count ...
[2025-10-25T18:39:04.250Z] [INFO   ]  [32m[1m✓[22m[39m Compiled /api/presence/count in 718ms (3732 modules)
[2025-10-25T18:39:08.069Z] [INFO   ] 2025-10-25T18:39:08.069Z [DEBUG] [Middleware] Username check: {"path":"/workflows/builder/06828b5b-e7a1-47f8-b629-59259fc45a2c","userId":"a3e3a51a-175c-4b59-ad03-227ba12a18b0","provider":"email","role":"free","username":"nstoddard17","hasUsername":true,"isBetaTester":false,"isNewBetaUser":false,"accountAge":12850860670}
[2025-10-25T18:39:08.127Z] [INFO   ]  [32m[1m✓[22m[39m Compiled /api/integrations in 473ms (3734 modules)
[2025-10-25T18:39:08.220Z] [INFO   ] 2025-10-25T18:39:08.220Z [DEBUG] 📍 [API /api/integrations] GET request received {"timestamp":"2025-10-25T18:39:08.220Z","headers":{"referer":"check-console"}}
[2025-10-25T18:39:08.310Z] [INFO   ] 2025-10-25T18:39:08.310Z [DEBUG] ✅ [API /api/integrations] User authenticated {"userId":"a3e3a51a-175c-4b59-ad03-227ba12a18b0"}
[2025-10-25T18:39:08.424Z] [INFO   ] 2025-10-25T18:39:08.424Z [DEBUG] 📊 [API /api/integrations] Query result {"count":14,"error":null,"firstFew":[{"provider":"notion","status":"connected"},{"provider":"mailchimp","status":"connected"}]}
[2025-10-25T18:39:08.650Z] [INFO   ]  [37m[1m○[22m[39m Compiling /workflows/builder/[id] ...
[2025-10-25T18:39:10.585Z] [INFO   ]  [32m[1m✓[22m[39m Compiled /workflows/builder/[id] in 2.4s (5921 modules)
[2025-10-25T18:39:11.540Z] [INFO   ] 2025-10-25T18:39:11.540Z [DEBUG] [Username Check] {"userId":"a3e3a51a-175c-4b59-ad03-227ba12a18b0","hasEmail":true,"provider":"email","hasUsername":true,"isGoogleUser":false}
[2025-10-25T18:39:12.920Z] [INFO   ] 2025-10-25T18:39:12.920Z [DEBUG] [Middleware] Username check: {"path":"/workflows/builder/06828b5b-e7a1-47f8-b629-59259fc45a2c","userId":"a3e3a51a-175c-4b59-ad03-227ba12a18b0","provider":"email","role":"free","username":"nstoddard17","hasUsername":true,"isBetaTester":false,"isNewBetaUser":false,"accountAge":12850865521}
[2025-10-25T18:39:13.158Z] [INFO   ] 2025-10-25T18:39:13.158Z [DEBUG] 💧 [AUTH] Rehydrating auth state from storage {"hasState":true,"hasUser":false,"initialized":false,"timestamp":"2025-10-25T18:39:13.158Z"}
[2025-10-25T18:39:13.171Z] [INFO   ] 2025-10-25T18:39:13.171Z [DEBUG] 💧 [AUTH] State hydrated and reset {"hasUser":false,"initialized":false,"timestamp":"2025-10-25T18:39:13.171Z"}
[2025-10-25T18:39:13.171Z] [INFO   ] 2025-10-25T18:39:13.171Z [DEBUG] ⏭️ [AUTH] Skipping initialization {"hasState":true,"alreadyInitialized":false,"isClient":false,"timestamp":"2025-10-25T18:39:13.171Z"}
[2025-10-25T18:39:13.409Z] [INFO   ] 2025-10-25T18:39:13.408Z [DEBUG] [Username Check] {"userId":"a3e3a51a-175c-4b59-ad03-227ba12a18b0","hasEmail":true,"provider":"email","hasUsername":true,"isGoogleUser":false}
[2025-10-25T18:39:13.944Z] [INFO   ] 2025-10-25T18:39:13.944Z [INFO] [NewWorkflowBuilderContent] URL params: {"aiChat":"true","hasInitialPrompt":true,"initialPrompt":"when I get an email send it to slack"}
[2025-10-25T18:39:14.531Z] [INFO   ] 2025-10-25T18:39:14.531Z [DEBUG] 📍 [API /api/integrations] GET request received {"timestamp":"2025-10-25T18:39:14.531Z","headers":{"referer":"check-console"}}
[2025-10-25T18:39:14.690Z] [INFO   ] 2025-10-25T18:39:14.690Z [DEBUG] ✅ [API /api/integrations] User authenticated {"userId":"a3e3a51a-175c-4b59-ad03-227ba12a18b0"}
[2025-10-25T18:39:14.779Z] [INFO   ] 2025-10-25T18:39:14.779Z [DEBUG] 📊 [API /api/integrations] Query result {"count":14,"error":null,"firstFew":[{"provider":"notion","status":"connected"},{"provider":"mailchimp","status":"connected"}]}
[2025-10-25T18:39:15.428Z] [INFO   ]  [37m[1m○[22m[39m Compiling /api/collaboration/join ...
[2025-10-25T18:39:15.454Z] [INFO   ]  [32m[1m✓[22m[39m Compiled /api/collaboration/join in 829ms (5924 modules)
[2025-10-25T18:39:16.034Z] [INFO   ]  [32m[1m✓[22m[39m Compiled /api/ai/stream-workflow in 413ms (2463 modules)
[2025-10-25T18:39:18.474Z] [INFO   ] [Prerequisite Check] Required apps: [ 'gmail', 'slack' ]
[2025-10-25T18:39:18.476Z] [INFO   ] [Prerequisite Check] Connected integrations: [
  'notion',
  'mailchimp',
  'gmail',
  'google-sheets',
  'facebook',
  'trello',
  'slack',
  'google-docs',
  'google-drive',
  'twitter',
  'dropbox',
  'google-calendar',
  'airtable',
  'google_calendar'
]
[2025-10-25T18:39:18.476Z] [INFO   ] [Prerequisite Check] Normalized connected: [
  'notion',
  'mailchimp',
  'gmail',
  'google-sheets',
  'facebook',
  'trello',
  'slack',
  'google-docs',
  'google-drive',
  'twitter',
  'dropbox',
  'google-calendar',
  'airtable',
  'google_calendar'
]
[2025-10-25T18:39:18.476Z] [INFO   ] [Prerequisite Check] Checking gmail (normalized: gmail): CONNECTED
[2025-10-25T18:39:18.476Z] [INFO   ] [Prerequisite Check] Checking slack (normalized: slack): CONNECTED
[2025-10-25T18:39:46.606Z] [INFO   ] [STREAM] Phase 2: Starting node creation, plan: {
  understanding: 'The user wants to automatically send any new email they receive to a Slack channel.',
  nodes: [
  {
  type: 'gmail_trigger_new_email',
  title: 'Trigger on New Email',
  description: 'This node triggers the workflow whenever a new email is received in the user\'s Gmail account.',
  reasoning: 'This is the starting point of the workflow, as it detects incoming emails.'
},
  {
  type: 'slack_action_send_message',
  title: 'Send Message to Slack',
  description: 'This node sends a message to a specified Slack channel with the content of the email.',
  reasoning: 'This action is necessary to relay the email content to Slack, fulfilling the user\'s request.'
}
],
  connections: 'The workflow starts with the Gmail trigger for new emails, which then connects directly to the Slack action to send the email content.'
}
[2025-10-25T18:39:46.607Z] [INFO   ] [STREAM] Plan nodes: [
  {
  type: 'gmail_trigger_new_email',
  title: 'Trigger on New Email',
  description: 'This node triggers the workflow whenever a new email is received in the user\'s Gmail account.',
  reasoning: 'This is the starting point of the workflow, as it detects incoming emails.'
},
  {
  type: 'slack_action_send_message',
  title: 'Send Message to Slack',
  description: 'This node sends a message to a specified Slack channel with the content of the email.',
  reasoning: 'This action is necessary to relay the email content to Slack, fulfilling the user\'s request.'
}
]
[2025-10-25T18:39:46.607Z] [INFO   ] [POSITION] Node 0 : {
  viewport: { width: 920, height: 852, zoom: 0.75, chatPanelWidth: 1000 },
  effectiveViewportWidth: 2560,
  builderViewportWidth: 1226.6666666666667,
  visibleHeight: 1136,
  availableWidth: 1146.6666666666667,
  nodesPerRow: 2,
  row: 0,
  col: 0,
  position: { x: 388.33333333333337, y: 80 }
}
[2025-10-25T18:39:46.610Z] [INFO   ]  [37m[1m○[22m[39m Compiling /api/collaboration/collaborators ...
[2025-10-25T18:39:46.819Z] [INFO   ]  [32m[1m✓[22m[39m Compiled /api/collaboration/collaborators in 710ms (5926 modules)
[2025-10-25T18:41:21.159Z] [ERROR  ] 2025-10-25T18:41:21.158Z [ERROR] Error fetching collaboration sessions: {"message":"TypeError: fetch failed","details":"TypeError: fetch failed\n    at node:internal/deps/undici/undici:13502:13\n    at process.processTicksAndRejections (node:internal/process/task_queues:105:5)\n    at async GET (webpack-internal:///(rsc)/./app/api/collaboration/collaborators/route.ts:20:58)\n    at async AppRouteRouteModule.do (/Users/nathanielstoddard/chainreact-app/chainreact-app-9e/node_modules/next/dist/compiled/next-server/app-route.runtime.dev.js:5:38696)\n    at async AppRouteRouteModule.handle (/Users/nathanielstoddard/chainreact-app/chainreact-app-9e/node_modules/next/dist/compiled/next-server/app-route.runtime.dev.js:5:45978)\n    at async responseGenerator (webpack-internal:///(rsc)/./node_modules/next/dist/build/webpack/loaders/next-app-loader/index.js?name=app%2Fapi%2Fcollaboration%2Fcollaborators%2Froute&page=%2Fapi%2Fcollaboration%2Fcollaborators%2Froute&appPaths=&pagePath=private-next-app-dir%2Fapi%2Fcollaboration%2Fcollaborators%2Froute.ts&appDir=%2FUsers%2Fnathanielstoddard%2Fchainreact-app%2Fchainreact-app-9e%2Fapp&pageExtensions=tsx&pageExtensions=ts&pageExtensions=jsx&pageExtensions=js&rootDir=%2FUsers%2Fnathanielstoddard%2Fchainreact-app%2Fchainreact-app-9e&isDev=true&tsconfigPath=tsconfig.json&basePath=&assetPrefix=&nextConfigOutput=&preferredRegion=&middlewareConfig=e30%3D&isGlobalNotFoundEnabled=!:203:38)\n    at async AppRouteRouteModule.handleResponse (/Users/nathanielstoddard/chainreact-app/chainreact-app-9e/node_modules/next/dist/compiled/next-server/app-route.runtime.dev.js:1:187565)\n    at async handleResponse (webpack-internal:///(rsc)/./node_modules/next/dist/build/webpack/loaders/next-app-loader/index.js?name=app%2Fapi%2Fcollaboration%2Fcollaborators%2Froute&page=%2Fapi%2Fcollaboration%2Fcollaborators%2Froute&appPaths=&pagePath=private-next-app-dir%2Fapi%2Fcollaboration%2Fcollaborators%2Froute.ts&appDir=%2FUsers%2Fnathanielstoddard%2Fchainreact-app%2Fchainreact-app-9e%2Fapp&pageExtensions=tsx&pageExtensions=ts&pageExtensions=jsx&pageExtensions=js&rootDir=%2FUsers%2Fnathanielstoddard%2Fchainreact-app%2Fchainreact-app-9e&isDev=true&tsconfigPath=tsconfig.json&basePath=&assetPrefix=&nextConfigOutput=&preferredRegion=&middlewareConfig=e30%3D&isGlobalNotFoundEnabled=!:265:32)\n    at async handler (webpack-internal:///(rsc)/./node_modules/next/dist/build/webpack/loaders/next-app-loader/index.js?name=app%2Fapi%2Fcollaboration%2Fcollaborators%2Froute&page=%2Fapi%2Fcollaboration%2Fcollaborators%2Froute&appPaths=&pagePath=private-next-app-dir%2Fapi%2Fcollaboration%2Fcollaborators%2Froute.ts&appDir=%2FUsers%2Fnathanielstoddard%2Fchainreact-app%2Fchainreact-app-9e%2Fapp&pageExtensions=tsx&pageExtensions=ts&pageExtensions=jsx&pageExtensions=js&rootDir=%2FUsers%2Fnathanielstoddard%2Fchainreact-app%2Fchainreact-app-9e&isDev=true&tsconfigPath=tsconfig.json&basePath=&assetPrefix=&nextConfigOutput=&preferredRegion=&middlewareConfig=e30%3D&isGlobalNotFoundEnabled=!:317:13)\n    at async DevServer.renderToResponseWithComponentsImpl (/Users/nathanielstoddard/chainreact-app/chainreact-app-9e/node_modules/next/dist/server/base-server.js:1422:9)\n    at async DevServer.renderPageComponent (/Users/nathanielstoddard/chainreact-app/chainreact-app-9e/node_modules/next/dist/server/base-server.js:1474:24)\n    at async DevServer.renderToResponseImpl (/Users/nathanielstoddard/chainreact-app/chainreact-app-9e/node_modules/next/dist/server/base-server.js:1514:32)\n    at async DevServer.pipeImpl (/Users/nathanielstoddard/chainreact-app/chainreact-app-9e/node_modules/next/dist/server/base-server.js:1025:25)\n    at async NextNodeServer.handleCatchallRenderRequest (/Users/nathanielstoddard/chainreact-app/chainreact-app-9e/node_modules/next/dist/server/next-server.js:393:17)\n    at async DevServer.handleRequestImpl (/Users/nathanielstoddard/chainreact-app/chainreact-app-9e/node_modules/next/dist/server/base-server.js:916:17)\n    at async /Users/nathanielstoddard/chainreact-app/chainreact-app-9e/node_modules/next/dist/server/dev/next-dev-server.js:399:20\n    at async Span.traceAsyncFn (/Users/nathanielstoddard/chainreact-app/chainreact-app-9e/node_modules/next/dist/trace/trace.js:157:20)\n    at async DevServer.handleRequest (/Users/nathanielstoddard/chainreact-app/chainreact-app-9e/node_modules/next/dist/server/dev/next-dev-server.js:395:24)\n    at async invokeRender (/Users/nathanielstoddard/chainreact-app/chainreact-app-9e/node_modules/next/dist/server/lib/router-server.js:240:21)\n    at async handleRequest (/Users/nathanielstoddard/chainreact-app/chainreact-app-9e/node_modules/next/dist/server/lib/router-server.js:437:24)\n    at async requestHandlerImpl (/Users/nathanielstoddard/chainreact-app/chainreact-app-9e/node_modules/next/dist/server/lib/router-server.js:485:13)\n    at async Server.requestListener (/Users/nathanielstoddard/chainreact-app/chainreact-app-9e/node_modules/next/dist/server/lib/start-server.js:226:13)","hint":"","code":""}
[2025-10-25T18:41:21.161Z] [ERROR  ] 2025-10-25T18:41:21.160Z [ERROR] Failed to get collaborators: {"message":"TypeError: fetch failed","details":"TypeError: fetch failed\n    at node:internal/deps/undici/undici:13502:13\n    at process.processTicksAndRejections (node:internal/process/task_queues:105:5)\n    at async GET (webpack-internal:///(rsc)/./app/api/collaboration/collaborators/route.ts:20:58)\n    at async AppRouteRouteModule.do (/Users/nathanielstoddard/chainreact-app/chainreact-app-9e/node_modules/next/dist/compiled/next-server/app-route.runtime.dev.js:5:38696)\n    at async AppRouteRouteModule.handle (/Users/nathanielstoddard/chainreact-app/chainreact-app-9e/node_modules/next/dist/compiled/next-server/app-route.runtime.dev.js:5:45978)\n    at async responseGenerator (webpack-internal:///(rsc)/./node_modules/next/dist/build/webpack/loaders/next-app-loader/index.js?name=app%2Fapi%2Fcollaboration%2Fcollaborators%2Froute&page=%2Fapi%2Fcollaboration%2Fcollaborators%2Froute&appPaths=&pagePath=private-next-app-dir%2Fapi%2Fcollaboration%2Fcollaborators%2Froute.ts&appDir=%2FUsers%2Fnathanielstoddard%2Fchainreact-app%2Fchainreact-app-9e%2Fapp&pageExtensions=tsx&pageExtensions=ts&pageExtensions=jsx&pageExtensions=js&rootDir=%2FUsers%2Fnathanielstoddard%2Fchainreact-app%2Fchainreact-app-9e&isDev=true&tsconfigPath=tsconfig.json&basePath=&assetPrefix=&nextConfigOutput=&preferredRegion=&middlewareConfig=e30%3D&isGlobalNotFoundEnabled=!:203:38)\n    at async AppRouteRouteModule.handleResponse (/Users/nathanielstoddard/chainreact-app/chainreact-app-9e/node_modules/next/dist/compiled/next-server/app-route.runtime.dev.js:1:187565)\n    at async handleResponse (webpack-internal:///(rsc)/./node_modules/next/dist/build/webpack/loaders/next-app-loader/index.js?name=app%2Fapi%2Fcollaboration%2Fcollaborators%2Froute&page=%2Fapi%2Fcollaboration%2Fcollaborators%2Froute&appPaths=&pagePath=private-next-app-dir%2Fapi%2Fcollaboration%2Fcollaborators%2Froute.ts&appDir=%2FUsers%2Fnathanielstoddard%2Fchainreact-app%2Fchainreact-app-9e%2Fapp&pageExtensions=tsx&pageExtensions=ts&pageExtensions=jsx&pageExtensions=js&rootDir=%2FUsers%2Fnathanielstoddard%2Fchainreact-app%2Fchainreact-app-9e&isDev=true&tsconfigPath=tsconfig.json&basePath=&assetPrefix=&nextConfigOutput=&preferredRegion=&middlewareConfig=e30%3D&isGlobalNotFoundEnabled=!:265:32)\n    at async handler (webpack-internal:///(rsc)/./node_modules/next/dist/build/webpack/loaders/next-app-loader/index.js?name=app%2Fapi%2Fcollaboration%2Fcollaborators%2Froute&page=%2Fapi%2Fcollaboration%2Fcollaborators%2Froute&appPaths=&pagePath=private-next-app-dir%2Fapi%2Fcollaboration%2Fcollaborators%2Froute.ts&appDir=%2FUsers%2Fnathanielstoddard%2Fchainreact-app%2Fchainreact-app-9e%2Fapp&pageExtensions=tsx&pageExtensions=ts&pageExtensions=jsx&pageExtensions=js&rootDir=%2FUsers%2Fnathanielstoddard%2Fchainreact-app%2Fchainreact-app-9e&isDev=true&tsconfigPath=tsconfig.json&basePath=&assetPrefix=&nextConfigOutput=&preferredRegion=&middlewareConfig=e30%3D&isGlobalNotFoundEnabled=!:317:13)\n    at async DevServer.renderToResponseWithComponentsImpl (/Users/nathanielstoddard/chainreact-app/chainreact-app-9e/node_modules/next/dist/server/base-server.js:1422:9)\n    at async DevServer.renderPageComponent (/Users/nathanielstoddard/chainreact-app/chainreact-app-9e/node_modules/next/dist/server/base-server.js:1474:24)\n    at async DevServer.renderToResponseImpl (/Users/nathanielstoddard/chainreact-app/chainreact-app-9e/node_modules/next/dist/server/base-server.js:1514:32)\n    at async DevServer.pipeImpl (/Users/nathanielstoddard/chainreact-app/chainreact-app-9e/node_modules/next/dist/server/base-server.js:1025:25)\n    at async NextNodeServer.handleCatchallRenderRequest (/Users/nathanielstoddard/chainreact-app/chainreact-app-9e/node_modules/next/dist/server/next-server.js:393:17)\n    at async DevServer.handleRequestImpl (/Users/nathanielstoddard/chainreact-app/chainreact-app-9e/node_modules/next/dist/server/base-server.js:916:17)\n    at async /Users/nathanielstoddard/chainreact-app/chainreact-app-9e/node_modules/next/dist/server/dev/next-dev-server.js:399:20\n    at async Span.traceAsyncFn (/Users/nathanielstoddard/chainreact-app/chainreact-app-9e/node_modules/next/dist/trace/trace.js:157:20)\n    at async DevServer.handleRequest (/Users/nathanielstoddard/chainreact-app/chainreact-app-9e/node_modules/next/dist/server/dev/next-dev-server.js:395:24)\n    at async invokeRender (/Users/nathanielstoddard/chainreact-app/chainreact-app-9e/node_modules/next/dist/server/lib/router-server.js:240:21)\n    at async handleRequest (/Users/nathanielstoddard/chainreact-app/chainreact-app-9e/node_modules/next/dist/server/lib/router-server.js:437:24)\n    at async requestHandlerImpl (/Users/nathanielstoddard/chainreact-app/chainreact-app-9e/node_modules/next/dist/server/lib/router-server.js:485:13)\n    at async Server.requestListener (/Users/nathanielstoddard/chainreact-app/chainreact-app-9e/node_modules/next/dist/server/lib/start-server.js:226:13)","hint":"","code":""}
[2025-10-25T18:41:46.128Z] [ERROR  ] 2025-10-25T18:41:46.128Z [ERROR] Error fetching collaboration sessions: {"message":"TypeError: fetch failed","details":"TypeError: fetch failed\n    at node:internal/deps/undici/undici:13502:13\n    at process.processTicksAndRejections (node:internal/process/task_queues:105:5)\n    at async GET (webpack-internal:///(rsc)/./app/api/collaboration/collaborators/route.ts:20:58)\n    at async AppRouteRouteModule.do (/Users/nathanielstoddard/chainreact-app/chainreact-app-9e/node_modules/next/dist/compiled/next-server/app-route.runtime.dev.js:5:38696)\n    at async AppRouteRouteModule.handle (/Users/nathanielstoddard/chainreact-app/chainreact-app-9e/node_modules/next/dist/compiled/next-server/app-route.runtime.dev.js:5:45978)\n    at async responseGenerator (webpack-internal:///(rsc)/./node_modules/next/dist/build/webpack/loaders/next-app-loader/index.js?name=app%2Fapi%2Fcollaboration%2Fcollaborators%2Froute&page=%2Fapi%2Fcollaboration%2Fcollaborators%2Froute&appPaths=&pagePath=private-next-app-dir%2Fapi%2Fcollaboration%2Fcollaborators%2Froute.ts&appDir=%2FUsers%2Fnathanielstoddard%2Fchainreact-app%2Fchainreact-app-9e%2Fapp&pageExtensions=tsx&pageExtensions=ts&pageExtensions=jsx&pageExtensions=js&rootDir=%2FUsers%2Fnathanielstoddard%2Fchainreact-app%2Fchainreact-app-9e&isDev=true&tsconfigPath=tsconfig.json&basePath=&assetPrefix=&nextConfigOutput=&preferredRegion=&middlewareConfig=e30%3D&isGlobalNotFoundEnabled=!:203:38)\n    at async AppRouteRouteModule.handleResponse (/Users/nathanielstoddard/chainreact-app/chainreact-app-9e/node_modules/next/dist/compiled/next-server/app-route.runtime.dev.js:1:187565)\n    at async handleResponse (webpack-internal:///(rsc)/./node_modules/next/dist/build/webpack/loaders/next-app-loader/index.js?name=app%2Fapi%2Fcollaboration%2Fcollaborators%2Froute&page=%2Fapi%2Fcollaboration%2Fcollaborators%2Froute&appPaths=&pagePath=private-next-app-dir%2Fapi%2Fcollaboration%2Fcollaborators%2Froute.ts&appDir=%2FUsers%2Fnathanielstoddard%2Fchainreact-app%2Fchainreact-app-9e%2Fapp&pageExtensions=tsx&pageExtensions=ts&pageExtensions=jsx&pageExtensions=js&rootDir=%2FUsers%2Fnathanielstoddard%2Fchainreact-app%2Fchainreact-app-9e&isDev=true&tsconfigPath=tsconfig.json&basePath=&assetPrefix=&nextConfigOutput=&preferredRegion=&middlewareConfig=e30%3D&isGlobalNotFoundEnabled=!:265:32)\n    at async handler (webpack-internal:///(rsc)/./node_modules/next/dist/build/webpack/loaders/next-app-loader/index.js?name=app%2Fapi%2Fcollaboration%2Fcollaborators%2Froute&page=%2Fapi%2Fcollaboration%2Fcollaborators%2Froute&appPaths=&pagePath=private-next-app-dir%2Fapi%2Fcollaboration%2Fcollaborators%2Froute.ts&appDir=%2FUsers%2Fnathanielstoddard%2Fchainreact-app%2Fchainreact-app-9e%2Fapp&pageExtensions=tsx&pageExtensions=ts&pageExtensions=jsx&pageExtensions=js&rootDir=%2FUsers%2Fnathanielstoddard%2Fchainreact-app%2Fchainreact-app-9e&isDev=true&tsconfigPath=tsconfig.json&basePath=&assetPrefix=&nextConfigOutput=&preferredRegion=&middlewareConfig=e30%3D&isGlobalNotFoundEnabled=!:317:13)\n    at async DevServer.renderToResponseWithComponentsImpl (/Users/nathanielstoddard/chainreact-app/chainreact-app-9e/node_modules/next/dist/server/base-server.js:1422:9)\n    at async DevServer.renderPageComponent (/Users/nathanielstoddard/chainreact-app/chainreact-app-9e/node_modules/next/dist/server/base-server.js:1474:24)\n    at async DevServer.renderToResponseImpl (/Users/nathanielstoddard/chainreact-app/chainreact-app-9e/node_modules/next/dist/server/base-server.js:1514:32)\n    at async DevServer.pipeImpl (/Users/nathanielstoddard/chainreact-app/chainreact-app-9e/node_modules/next/dist/server/base-server.js:1025:25)\n    at async NextNodeServer.handleCatchallRenderRequest (/Users/nathanielstoddard/chainreact-app/chainreact-app-9e/node_modules/next/dist/server/next-server.js:393:17)\n    at async DevServer.handleRequestImpl (/Users/nathanielstoddard/chainreact-app/chainreact-app-9e/node_modules/next/dist/server/base-server.js:916:17)\n    at async /Users/nathanielstoddard/chainreact-app/chainreact-app-9e/node_modules/next/dist/server/dev/next-dev-server.js:399:20\n    at async Span.traceAsyncFn (/Users/nathanielstoddard/chainreact-app/chainreact-app-9e/node_modules/next/dist/trace/trace.js:157:20)\n    at async DevServer.handleRequest (/Users/nathanielstoddard/chainreact-app/chainreact-app-9e/node_modules/next/dist/server/dev/next-dev-server.js:395:24)\n    at async invokeRender (/Users/nathanielstoddard/chainreact-app/chainreact-app-9e/node_modules/next/dist/server/lib/router-server.js:240:21)\n    at async handleRequest (/Users/nathanielstoddard/chainreact-app/chainreact-app-9e/node_modules/next/dist/server/lib/router-server.js:437:24)\n    at async requestHandlerImpl (/Users/nathanielstoddard/chainreact-app/chainreact-app-9e/node_modules/next/dist/server/lib/router-server.js:485:13)\n    at async Server.requestListener (/Users/nathanielstoddard/chainreact-app/chainreact-app-9e/node_modules/next/dist/server/lib/start-server.js:226:13)","hint":"","code":""}
[2025-10-25T18:41:46.129Z] [ERROR  ] 2025-10-25T18:41:46.129Z [ERROR] Failed to get collaborators: {"message":"TypeError: fetch failed","details":"TypeError: fetch failed\n    at node:internal/deps/undici/undici:13502:13\n    at process.processTicksAndRejections (node:internal/process/task_queues:105:5)\n    at async GET (webpack-internal:///(rsc)/./app/api/collaboration/collaborators/route.ts:20:58)\n    at async AppRouteRouteModule.do (/Users/nathanielstoddard/chainreact-app/chainreact-app-9e/node_modules/next/dist/compiled/next-server/app-route.runtime.dev.js:5:38696)\n    at async AppRouteRouteModule.handle (/Users/nathanielstoddard/chainreact-app/chainreact-app-9e/node_modules/next/dist/compiled/next-server/app-route.runtime.dev.js:5:45978)\n    at async responseGenerator (webpack-internal:///(rsc)/./node_modules/next/dist/build/webpack/loaders/next-app-loader/index.js?name=app%2Fapi%2Fcollaboration%2Fcollaborators%2Froute&page=%2Fapi%2Fcollaboration%2Fcollaborators%2Froute&appPaths=&pagePath=private-next-app-dir%2Fapi%2Fcollaboration%2Fcollaborators%2Froute.ts&appDir=%2FUsers%2Fnathanielstoddard%2Fchainreact-app%2Fchainreact-app-9e%2Fapp&pageExtensions=tsx&pageExtensions=ts&pageExtensions=jsx&pageExtensions=js&rootDir=%2FUsers%2Fnathanielstoddard%2Fchainreact-app%2Fchainreact-app-9e&isDev=true&tsconfigPath=tsconfig.json&basePath=&assetPrefix=&nextConfigOutput=&preferredRegion=&middlewareConfig=e30%3D&isGlobalNotFoundEnabled=!:203:38)\n    at async AppRouteRouteModule.handleResponse (/Users/nathanielstoddard/chainreact-app/chainreact-app-9e/node_modules/next/dist/compiled/next-server/app-route.runtime.dev.js:1:187565)\n    at async handleResponse (webpack-internal:///(rsc)/./node_modules/next/dist/build/webpack/loaders/next-app-loader/index.js?name=app%2Fapi%2Fcollaboration%2Fcollaborators%2Froute&page=%2Fapi%2Fcollaboration%2Fcollaborators%2Froute&appPaths=&pagePath=private-next-app-dir%2Fapi%2Fcollaboration%2Fcollaborators%2Froute.ts&appDir=%2FUsers%2Fnathanielstoddard%2Fchainreact-app%2Fchainreact-app-9e%2Fapp&pageExtensions=tsx&pageExtensions=ts&pageExtensions=jsx&pageExtensions=js&rootDir=%2FUsers%2Fnathanielstoddard%2Fchainreact-app%2Fchainreact-app-9e&isDev=true&tsconfigPath=tsconfig.json&basePath=&assetPrefix=&nextConfigOutput=&preferredRegion=&middlewareConfig=e30%3D&isGlobalNotFoundEnabled=!:265:32)\n    at async handler (webpack-internal:///(rsc)/./node_modules/next/dist/build/webpack/loaders/next-app-loader/index.js?name=app%2Fapi%2Fcollaboration%2Fcollaborators%2Froute&page=%2Fapi%2Fcollaboration%2Fcollaborators%2Froute&appPaths=&pagePath=private-next-app-dir%2Fapi%2Fcollaboration%2Fcollaborators%2Froute.ts&appDir=%2FUsers%2Fnathanielstoddard%2Fchainreact-app%2Fchainreact-app-9e%2Fapp&pageExtensions=tsx&pageExtensions=ts&pageExtensions=jsx&pageExtensions=js&rootDir=%2FUsers%2Fnathanielstoddard%2Fchainreact-app%2Fchainreact-app-9e&isDev=true&tsconfigPath=tsconfig.json&basePath=&assetPrefix=&nextConfigOutput=&preferredRegion=&middlewareConfig=e30%3D&isGlobalNotFoundEnabled=!:317:13)\n    at async DevServer.renderToResponseWithComponentsImpl (/Users/nathanielstoddard/chainreact-app/chainreact-app-9e/node_modules/next/dist/server/base-server.js:1422:9)\n    at async DevServer.renderPageComponent (/Users/nathanielstoddard/chainreact-app/chainreact-app-9e/node_modules/next/dist/server/base-server.js:1474:24)\n    at async DevServer.renderToResponseImpl (/Users/nathanielstoddard/chainreact-app/chainreact-app-9e/node_modules/next/dist/server/base-server.js:1514:32)\n    at async DevServer.pipeImpl (/Users/nathanielstoddard/chainreact-app/chainreact-app-9e/node_modules/next/dist/server/base-server.js:1025:25)\n    at async NextNodeServer.handleCatchallRenderRequest (/Users/nathanielstoddard/chainreact-app/chainreact-app-9e/node_modules/next/dist/server/next-server.js:393:17)\n    at async DevServer.handleRequestImpl (/Users/nathanielstoddard/chainreact-app/chainreact-app-9e/node_modules/next/dist/server/base-server.js:916:17)\n    at async /Users/nathanielstoddard/chainreact-app/chainreact-app-9e/node_modules/next/dist/server/dev/next-dev-server.js:399:20\n    at async Span.traceAsyncFn (/Users/nathanielstoddard/chainreact-app/chainreact-app-9e/node_modules/next/dist/trace/trace.js:157:20)\n    at async DevServer.handleRequest (/Users/nathanielstoddard/chainreact-app/chainreact-app-9e/node_modules/next/dist/server/dev/next-dev-server.js:395:24)\n    at async invokeRender (/Users/nathanielstoddard/chainreact-app/chainreact-app-9e/node_modules/next/dist/server/lib/router-server.js:240:21)\n    at async handleRequest (/Users/nathanielstoddard/chainreact-app/chainreact-app-9e/node_modules/next/dist/server/lib/router-server.js:437:24)\n    at async requestHandlerImpl (/Users/nathanielstoddard/chainreact-app/chainreact-app-9e/node_modules/next/dist/server/lib/router-server.js:485:13)\n    at async Server.requestListener (/Users/nathanielstoddard/chainreact-app/chainreact-app-9e/node_modules/next/dist/server/lib/start-server.js:226:13)","hint":"","code":""}
[2025-10-25T18:42:16.117Z] [ERROR  ] 2025-10-25T18:42:16.116Z [ERROR] Error fetching collaboration sessions: {"message":"TypeError: fetch failed","details":"TypeError: fetch failed\n    at node:internal/deps/undici/undici:13502:13\n    at process.processTicksAndRejections (node:internal/process/task_queues:105:5)\n    at async GET (webpack-internal:///(rsc)/./app/api/collaboration/collaborators/route.ts:20:58)\n    at async AppRouteRouteModule.do (/Users/nathanielstoddard/chainreact-app/chainreact-app-9e/node_modules/next/dist/compiled/next-server/app-route.runtime.dev.js:5:38696)\n    at async AppRouteRouteModule.handle (/Users/nathanielstoddard/chainreact-app/chainreact-app-9e/node_modules/next/dist/compiled/next-server/app-route.runtime.dev.js:5:45978)\n    at async responseGenerator (webpack-internal:///(rsc)/./node_modules/next/dist/build/webpack/loaders/next-app-loader/index.js?name=app%2Fapi%2Fcollaboration%2Fcollaborators%2Froute&page=%2Fapi%2Fcollaboration%2Fcollaborators%2Froute&appPaths=&pagePath=private-next-app-dir%2Fapi%2Fcollaboration%2Fcollaborators%2Froute.ts&appDir=%2FUsers%2Fnathanielstoddard%2Fchainreact-app%2Fchainreact-app-9e%2Fapp&pageExtensions=tsx&pageExtensions=ts&pageExtensions=jsx&pageExtensions=js&rootDir=%2FUsers%2Fnathanielstoddard%2Fchainreact-app%2Fchainreact-app-9e&isDev=true&tsconfigPath=tsconfig.json&basePath=&assetPrefix=&nextConfigOutput=&preferredRegion=&middlewareConfig=e30%3D&isGlobalNotFoundEnabled=!:203:38)\n    at async AppRouteRouteModule.handleResponse (/Users/nathanielstoddard/chainreact-app/chainreact-app-9e/node_modules/next/dist/compiled/next-server/app-route.runtime.dev.js:1:187565)\n    at async handleResponse (webpack-internal:///(rsc)/./node_modules/next/dist/build/webpack/loaders/next-app-loader/index.js?name=app%2Fapi%2Fcollaboration%2Fcollaborators%2Froute&page=%2Fapi%2Fcollaboration%2Fcollaborators%2Froute&appPaths=&pagePath=private-next-app-dir%2Fapi%2Fcollaboration%2Fcollaborators%2Froute.ts&appDir=%2FUsers%2Fnathanielstoddard%2Fchainreact-app%2Fchainreact-app-9e%2Fapp&pageExtensions=tsx&pageExtensions=ts&pageExtensions=jsx&pageExtensions=js&rootDir=%2FUsers%2Fnathanielstoddard%2Fchainreact-app%2Fchainreact-app-9e&isDev=true&tsconfigPath=tsconfig.json&basePath=&assetPrefix=&nextConfigOutput=&preferredRegion=&middlewareConfig=e30%3D&isGlobalNotFoundEnabled=!:265:32)\n    at async handler (webpack-internal:///(rsc)/./node_modules/next/dist/build/webpack/loaders/next-app-loader/index.js?name=app%2Fapi%2Fcollaboration%2Fcollaborators%2Froute&page=%2Fapi%2Fcollaboration%2Fcollaborators%2Froute&appPaths=&pagePath=private-next-app-dir%2Fapi%2Fcollaboration%2Fcollaborators%2Froute.ts&appDir=%2FUsers%2Fnathanielstoddard%2Fchainreact-app%2Fchainreact-app-9e%2Fapp&pageExtensions=tsx&pageExtensions=ts&pageExtensions=jsx&pageExtensions=js&rootDir=%2FUsers%2Fnathanielstoddard%2Fchainreact-app%2Fchainreact-app-9e&isDev=true&tsconfigPath=tsconfig.json&basePath=&assetPrefix=&nextConfigOutput=&preferredRegion=&middlewareConfig=e30%3D&isGlobalNotFoundEnabled=!:317:13)\n    at async DevServer.renderToResponseWithComponentsImpl (/Users/nathanielstoddard/chainreact-app/chainreact-app-9e/node_modules/next/dist/server/base-server.js:1422:9)\n    at async DevServer.renderPageComponent (/Users/nathanielstoddard/chainreact-app/chainreact-app-9e/node_modules/next/dist/server/base-server.js:1474:24)\n    at async DevServer.renderToResponseImpl (/Users/nathanielstoddard/chainreact-app/chainreact-app-9e/node_modules/next/dist/server/base-server.js:1514:32)\n    at async DevServer.pipeImpl (/Users/nathanielstoddard/chainreact-app/chainreact-app-9e/node_modules/next/dist/server/base-server.js:1025:25)\n    at async NextNodeServer.handleCatchallRenderRequest (/Users/nathanielstoddard/chainreact-app/chainreact-app-9e/node_modules/next/dist/server/next-server.js:393:17)\n    at async DevServer.handleRequestImpl (/Users/nathanielstoddard/chainreact-app/chainreact-app-9e/node_modules/next/dist/server/base-server.js:916:17)\n    at async /Users/nathanielstoddard/chainreact-app/chainreact-app-9e/node_modules/next/dist/server/dev/next-dev-server.js:399:20\n    at async Span.traceAsyncFn (/Users/nathanielstoddard/chainreact-app/chainreact-app-9e/node_modules/next/dist/trace/trace.js:157:20)\n    at async DevServer.handleRequest (/Users/nathanielstoddard/chainreact-app/chainreact-app-9e/node_modules/next/dist/server/dev/next-dev-server.js:395:24)\n    at async invokeRender (/Users/nathanielstoddard/chainreact-app/chainreact-app-9e/node_modules/next/dist/server/lib/router-server.js:240:21)\n    at async handleRequest (/Users/nathanielstoddard/chainreact-app/chainreact-app-9e/node_modules/next/dist/server/lib/router-server.js:437:24)\n    at async requestHandlerImpl (/Users/nathanielstoddard/chainreact-app/chainreact-app-9e/node_modules/next/dist/server/lib/router-server.js:485:13)\n    at async Server.requestListener (/Users/nathanielstoddard/chainreact-app/chainreact-app-9e/node_modules/next/dist/server/lib/start-server.js:226:13)","hint":"","code":""}
[2025-10-25T18:42:16.117Z] [ERROR  ] 2025-10-25T18:42:16.117Z [ERROR] Failed to get collaborators: {"message":"TypeError: fetch failed","details":"TypeError: fetch failed\n    at node:internal/deps/undici/undici:13502:13\n    at process.processTicksAndRejections (node:internal/process/task_queues:105:5)\n    at async GET (webpack-internal:///(rsc)/./app/api/collaboration/collaborators/route.ts:20:58)\n    at async AppRouteRouteModule.do (/Users/nathanielstoddard/chainreact-app/chainreact-app-9e/node_modules/next/dist/compiled/next-server/app-route.runtime.dev.js:5:38696)\n    at async AppRouteRouteModule.handle (/Users/nathanielstoddard/chainreact-app/chainreact-app-9e/node_modules/next/dist/compiled/next-server/app-route.runtime.dev.js:5:45978)\n    at async responseGenerator (webpack-internal:///(rsc)/./node_modules/next/dist/build/webpack/loaders/next-app-loader/index.js?name=app%2Fapi%2Fcollaboration%2Fcollaborators%2Froute&page=%2Fapi%2Fcollaboration%2Fcollaborators%2Froute&appPaths=&pagePath=private-next-app-dir%2Fapi%2Fcollaboration%2Fcollaborators%2Froute.ts&appDir=%2FUsers%2Fnathanielstoddard%2Fchainreact-app%2Fchainreact-app-9e%2Fapp&pageExtensions=tsx&pageExtensions=ts&pageExtensions=jsx&pageExtensions=js&rootDir=%2FUsers%2Fnathanielstoddard%2Fchainreact-app%2Fchainreact-app-9e&isDev=true&tsconfigPath=tsconfig.json&basePath=&assetPrefix=&nextConfigOutput=&preferredRegion=&middlewareConfig=e30%3D&isGlobalNotFoundEnabled=!:203:38)\n    at async AppRouteRouteModule.handleResponse (/Users/nathanielstoddard/chainreact-app/chainreact-app-9e/node_modules/next/dist/compiled/next-server/app-route.runtime.dev.js:1:187565)\n    at async handleResponse (webpack-internal:///(rsc)/./node_modules/next/dist/build/webpack/loaders/next-app-loader/index.js?name=app%2Fapi%2Fcollaboration%2Fcollaborators%2Froute&page=%2Fapi%2Fcollaboration%2Fcollaborators%2Froute&appPaths=&pagePath=private-next-app-dir%2Fapi%2Fcollaboration%2Fcollaborators%2Froute.ts&appDir=%2FUsers%2Fnathanielstoddard%2Fchainreact-app%2Fchainreact-app-9e%2Fapp&pageExtensions=tsx&pageExtensions=ts&pageExtensions=jsx&pageExtensions=js&rootDir=%2FUsers%2Fnathanielstoddard%2Fchainreact-app%2Fchainreact-app-9e&isDev=true&tsconfigPath=tsconfig.json&basePath=&assetPrefix=&nextConfigOutput=&preferredRegion=&middlewareConfig=e30%3D&isGlobalNotFoundEnabled=!:265:32)\n    at async handler (webpack-internal:///(rsc)/./node_modules/next/dist/build/webpack/loaders/next-app-loader/index.js?name=app%2Fapi%2Fcollaboration%2Fcollaborators%2Froute&page=%2Fapi%2Fcollaboration%2Fcollaborators%2Froute&appPaths=&pagePath=private-next-app-dir%2Fapi%2Fcollaboration%2Fcollaborators%2Froute.ts&appDir=%2FUsers%2Fnathanielstoddard%2Fchainreact-app%2Fchainreact-app-9e%2Fapp&pageExtensions=tsx&pageExtensions=ts&pageExtensions=jsx&pageExtensions=js&rootDir=%2FUsers%2Fnathanielstoddard%2Fchainreact-app%2Fchainreact-app-9e&isDev=true&tsconfigPath=tsconfig.json&basePath=&assetPrefix=&nextConfigOutput=&preferredRegion=&middlewareConfig=e30%3D&isGlobalNotFoundEnabled=!:317:13)\n    at async DevServer.renderToResponseWithComponentsImpl (/Users/nathanielstoddard/chainreact-app/chainreact-app-9e/node_modules/next/dist/server/base-server.js:1422:9)\n    at async DevServer.renderPageComponent (/Users/nathanielstoddard/chainreact-app/chainreact-app-9e/node_modules/next/dist/server/base-server.js:1474:24)\n    at async DevServer.renderToResponseImpl (/Users/nathanielstoddard/chainreact-app/chainreact-app-9e/node_modules/next/dist/server/base-server.js:1514:32)\n    at async DevServer.pipeImpl (/Users/nathanielstoddard/chainreact-app/chainreact-app-9e/node_modules/next/dist/server/base-server.js:1025:25)\n    at async NextNodeServer.handleCatchallRenderRequest (/Users/nathanielstoddard/chainreact-app/chainreact-app-9e/node_modules/next/dist/server/next-server.js:393:17)\n    at async DevServer.handleRequestImpl (/Users/nathanielstoddard/chainreact-app/chainreact-app-9e/node_modules/next/dist/server/base-server.js:916:17)\n    at async /Users/nathanielstoddard/chainreact-app/chainreact-app-9e/node_modules/next/dist/server/dev/next-dev-server.js:399:20\n    at async Span.traceAsyncFn (/Users/nathanielstoddard/chainreact-app/chainreact-app-9e/node_modules/next/dist/trace/trace.js:157:20)\n    at async DevServer.handleRequest (/Users/nathanielstoddard/chainreact-app/chainreact-app-9e/node_modules/next/dist/server/dev/next-dev-server.js:395:24)\n    at async invokeRender (/Users/nathanielstoddard/chainreact-app/chainreact-app-9e/node_modules/next/dist/server/lib/router-server.js:240:21)\n    at async handleRequest (/Users/nathanielstoddard/chainreact-app/chainreact-app-9e/node_modules/next/dist/server/lib/router-server.js:437:24)\n    at async requestHandlerImpl (/Users/nathanielstoddard/chainreact-app/chainreact-app-9e/node_modules/next/dist/server/lib/router-server.js:485:13)\n    at async Server.requestListener (/Users/nathanielstoddard/chainreact-app/chainreact-app-9e/node_modules/next/dist/server/lib/start-server.js:226:13)","hint":"","code":""}

=== Log Session Ended: 2025-10-25T18:51:12.470Z ===
