=== Log Session Started: 2025-11-15T01:07:17.264Z ===
Node Version: v23.7.0
Platform: darwin
Working Directory: /Users/nathanielstoddard/chainreact-app/chainreact-app-9e
================================================================================

[2025-11-15T01:07:17.265Z] [INFO   ] File logging initialized
[2025-11-15T01:07:17.265Z] [INFO   ] Log file: /Users/nathanielstoddard/chainreact-app/chainreact-app-9e/logs/workflow_2025-11-14_19-07-17.log
[2025-11-15T01:07:17.268Z] [INFO   ] 📁 File logging enabled
[2025-11-15T01:07:17.268Z] [INFO   ] 📝 Logs will be written to: /Users/nathanielstoddard/chainreact-app/chainreact-app-9e/logs/workflow_2025-11-14_19-07-17.log
[2025-11-15T01:07:17.268Z] [INFO   ] 💡 To view logs in real-time: tail -f /Users/nathanielstoddard/chainreact-app/chainreact-app-9e/logs/workflow_2025-11-14_19-07-17.log
[2025-11-15T01:07:17.268Z] [INFO   ] 💡 To view all logs: cat /Users/nathanielstoddard/chainreact-app/chainreact-app-9e/logs/workflow_2025-11-14_19-07-17.log
[2025-11-15T01:07:17.268Z] [INFO   ] 💡 To share logs: Copy the file at /Users/nathanielstoddard/chainreact-app/chainreact-app-9e/logs/workflow_2025-11-14_19-07-17.log
[2025-11-15T01:07:17.268Z] [INFO   ] --------------------------------------------------------------------------------
[2025-11-15T01:07:17.268Z] [DEBUG  ] 📁 File logging system initialized
[2025-11-15T01:07:17.285Z] [INFO   ]  ✓ Ready in 4.1s
[2025-11-15T01:07:18.314Z] [INFO   ] 2025-11-15T01:07:18.314Z [DEBUG] 🤖 Discord bot configured, initializing gateway connection in background...
[2025-11-15T01:07:20.852Z] [INFO   ] 2025-11-15T01:07:20.851Z [DEBUG] Initializing Discord Gateway connection (singleton)...
[2025-11-15T01:07:20.852Z] [INFO   ] 2025-11-15T01:07:20.852Z [DEBUG] 🔑 Discord bot token loaded
[2025-11-15T01:07:21.148Z] [INFO   ] 2025-11-15T01:07:21.148Z [DEBUG] Discord Gateway initialization complete
[2025-11-15T01:07:21.150Z] [INFO   ] 2025-11-15T01:07:21.150Z [DEBUG] ✅ Discord bot gateway connection initialized
[2025-11-15T01:07:21.334Z] [INFO   ] 2025-11-15T01:07:21.333Z [DEBUG] Discord Gateway WebSocket connection established
[2025-11-15T01:07:21.334Z] [INFO   ] 2025-11-15T01:07:21.334Z [DEBUG] 🔑 Sending identify with intents: {"GUILDS":true,"GUILD_MEMBERS":true,"GUILD_INVITES":true,"GUILD_MESSAGES":true,"MESSAGE_CONTENT":true,"intentsValue":33347}
